test2.
Service Registrar: 052cc499-efa3-4995-a9c4-d29ebfc01764
Java Space found.
TransactionManager found.
-------------------------last log tuples start--------------------------------
Time [clock=1382, time=2013-06-11 11:55:34.129]
Time [clock=1511, time=2013-06-11 11:55:34.518]
Time [clock=1383, time=2013-06-11 11:55:35.13]
Time [clock=1512, time=2013-06-11 11:55:35.523]
Time [clock=1384, time=2013-06-11 11:55:36.131]
Position [agent=a1, id=null, cell=Cell [x=3, y=4], time=2013-06-11 11:55:40.459, clock=1516]
Time [clock=1513, time=2013-06-11 11:55:36.544]
Time [clock=1, time=2013-06-11 11:55:36.778]
Time [clock=1385, time=2013-06-11 11:55:37.132]
Time [clock=2, time=2013-06-11 11:55:37.376]
Time [clock=1514, time=2013-06-11 11:55:37.523]
Position [agent=t1, id=null, cell=Cell [x=18, y=19], time=2013-06-11 11:55:41.517, clock=1389]
Time [clock=1386, time=2013-06-11 11:55:38.173]
Time [clock=3, time=2013-06-11 11:55:38.378]
Time [clock=1515, time=2013-06-11 11:55:38.524]
Time [clock=1387, time=2013-06-11 11:55:39.135]
Time [clock=4, time=2013-06-11 11:55:39.386]
Time [clock=1516, time=2013-06-11 11:55:39.53]
Time [clock=1388, time=2013-06-11 11:55:40.137]
Time [clock=5, time=2013-06-11 11:55:40.398]
Time [clock=1517, time=2013-06-11 11:55:40.551]
Position [agent=t1, id=null, cell=Cell [x=17, y=19], time=2013-06-11 11:55:42.197, clock=1518]
Time [clock=1389, time=2013-06-11 11:55:41.144]
Time [clock=6, time=2013-06-11 11:55:41.4]
Time [clock=1518, time=2013-06-11 11:55:41.556]
Time [clock=1390, time=2013-06-11 11:55:42.154]
Position [agent=a1, id=null, cell=Cell [x=3, y=5], time=2013-06-11 11:55:42.624, clock=1390]
Time [clock=7, time=2013-06-11 11:55:42.399]
Time [clock=1519, time=2013-06-11 11:55:42.591]
Time [clock=1391, time=2013-06-11 11:55:43.15]
Time [clock=8, time=2013-06-11 11:55:43.398]
Time [clock=1520, time=2013-06-11 11:55:43.552]
Position [agent=t1, id=null, cell=Cell [x=16, y=19], time=2013-06-11 11:55:43.187, clock=1519]
Time [clock=1392, time=2013-06-11 11:55:44.152]
Time [clock=9, time=2013-06-11 11:55:44.399]
Time [clock=1521, time=2013-06-11 11:55:44.564]
Time [clock=1393, time=2013-06-11 11:55:45.154]
Time [clock=10, time=2013-06-11 11:55:45.402]
Time [clock=1522, time=2013-06-11 11:55:45.554]
Time [clock=1394, time=2013-06-11 11:55:46.157]
Time [clock=11, time=2013-06-11 11:55:46.403]
Time [clock=1523, time=2013-06-11 11:55:46.563]
Time [clock=1395, time=2013-06-11 11:55:47.177]
Time [clock=12, time=2013-06-11 11:55:47.41]
Position [agent=a1, id=null, cell=Cell [x=4, y=5], time=2013-06-11 11:55:44.026, clock=1520]
Time [clock=1524, time=2013-06-11 11:55:47.555]
Time [clock=1396, time=2013-06-11 11:55:48.177]
Time [clock=13, time=2013-06-11 11:55:48.407]
Time [clock=1525, time=2013-06-11 11:55:48.555]
Position [agent=t1, id=null, cell=Cell [x=15, y=19], time=2013-06-11 11:55:44.407, clock=1520]
Time [clock=1397, time=2013-06-11 11:55:49.156]
Time [clock=14, time=2013-06-11 11:55:49.41]
Position [agent=t1, id=null, cell=Cell [x=14, y=19], time=2013-06-11 11:55:45.714, clock=1393]
Time [clock=1526, time=2013-06-11 11:55:49.598]
Time [clock=1398, time=2013-06-11 11:55:50.156]
Time [clock=15, time=2013-06-11 11:55:50.405]
Time [clock=1527, time=2013-06-11 11:55:50.558]
Time [clock=1399, time=2013-06-11 11:55:51.158]
Time [clock=16, time=2013-06-11 11:55:51.413]
Time [clock=1528, time=2013-06-11 11:55:51.559]
Time [clock=1400, time=2013-06-11 11:55:52.157]
Time [clock=17, time=2013-06-11 11:55:52.407]
Time [clock=1529, time=2013-06-11 11:55:52.559]
Time [clock=1401, time=2013-06-11 11:55:53.159]
Time [clock=18, time=2013-06-11 11:55:53.409]
Time [clock=1530, time=2013-06-11 11:55:53.577]
Time [clock=1402, time=2013-06-11 11:55:54.173]
Time [clock=19, time=2013-06-11 11:55:54.411]
Time [clock=1531, time=2013-06-11 11:55:54.56]
Time [clock=1403, time=2013-06-11 11:55:55.159]
Time [clock=20, time=2013-06-11 11:55:55.409]
Time [clock=1532, time=2013-06-11 11:55:55.561]
Time [clock=1404, time=2013-06-11 11:55:56.175]
Time [clock=21, time=2013-06-11 11:55:56.41]
Position [agent=a1, id=null, cell=Cell [x=5, y=6], time=2013-06-11 11:55:46.61, clock=1522]
Time [clock=1533, time=2013-06-11 11:55:56.563]
Time [clock=1405, time=2013-06-11 11:55:57.172]
Position [agent=t1, id=null, cell=Cell [x=13, y=19], time=2013-06-11 11:55:47.274, clock=1523]
Time [clock=22, time=2013-06-11 11:55:57.411]
Time [clock=1534, time=2013-06-11 11:55:57.562]
Time [clock=1406, time=2013-06-11 11:55:58.173]
Position [agent=a1, id=null, cell=Cell [x=6, y=6], time=2013-06-11 11:55:48.164, clock=1524]
Time [clock=23, time=2013-06-11 11:55:58.417]
Time [clock=1535, time=2013-06-11 11:55:58.563]
Time [clock=1407, time=2013-06-11 11:55:59.173]
Time [clock=24, time=2013-06-11 11:55:59.412]
Time [clock=1536, time=2013-06-11 11:55:59.564]
Time [clock=1408, time=2013-06-11 11:56:00.215]
Time [clock=25, time=2013-06-11 11:56:00.41]
Time [clock=1537, time=2013-06-11 11:56:00.563]
Time [clock=1409, time=2013-06-11 11:56:01.175]
Time [clock=26, time=2013-06-11 11:56:01.412]
Position [agent=t1, id=null, cell=Cell [x=12, y=19], time=2013-06-11 11:55:48.471, clock=1524]
Time [clock=1538, time=2013-06-11 11:56:01.565]
Time [clock=1410, time=2013-06-11 11:56:02.177]
Time [clock=27, time=2013-06-11 11:56:02.412]
Time [clock=1539, time=2013-06-11 11:56:02.566]
Time [clock=1411, time=2013-06-11 11:56:03.177]
Time [clock=28, time=2013-06-11 11:56:03.414]
Time [clock=1540, time=2013-06-11 11:56:03.566]
Time [clock=1412, time=2013-06-11 11:56:04.179]
Time [clock=29, time=2013-06-11 11:56:04.413]
Time [clock=1541, time=2013-06-11 11:56:04.565]
Time [clock=1413, time=2013-06-11 11:56:05.179]
Position [agent=t1, id=null, cell=Cell [x=11, y=19], time=2013-06-11 11:55:49.15, clock=1525]
Time [clock=30, time=2013-06-11 11:56:05.415]
Position [agent=a1, id=null, cell=Cell [x=7, y=6], time=2013-06-11 11:55:49.703, clock=1397]
Time [clock=1542, time=2013-06-11 11:56:05.607]
Time [clock=1414, time=2013-06-11 11:56:06.179]
Time [clock=31, time=2013-06-11 11:56:06.413]
Time [clock=1543, time=2013-06-11 11:56:06.566]
Time [clock=1415, time=2013-06-11 11:56:07.18]
Time [clock=32, time=2013-06-11 11:56:07.416]
Time [clock=1544, time=2013-06-11 11:56:07.567]
Time [clock=1416, time=2013-06-11 11:56:08.181]
Time [clock=33, time=2013-06-11 11:56:08.416]
Position [agent=t1, id=null, cell=Cell [x=10, y=19], time=2013-06-11 11:55:50.202, clock=1526]
Time [clock=1545, time=2013-06-11 11:56:08.568]
Time [clock=1417, time=2013-06-11 11:56:09.182]
Time [clock=34, time=2013-06-11 11:56:09.416]
Time [clock=1546, time=2013-06-11 11:56:09.569]
Time [clock=1418, time=2013-06-11 11:56:10.184]
Time [clock=35, time=2013-06-11 11:56:10.417]
Time [clock=1547, time=2013-06-11 11:56:10.57]
Time [clock=1419, time=2013-06-11 11:56:11.184]
Position [agent=a1, id=null, cell=Cell [x=8, y=6], time=2013-06-11 11:55:51.271, clock=1527]
Position [agent=t1, id=null, cell=Cell [x=9, y=19], time=2013-06-11 11:55:51.928, clock=1528]
Time [clock=36, time=2013-06-11 11:56:11.46]
Time [clock=1548, time=2013-06-11 11:56:11.572]
Time [clock=1420, time=2013-06-11 11:56:12.185]
Time [clock=37, time=2013-06-11 11:56:12.419]
Time [clock=1549, time=2013-06-11 11:56:12.572]
Time [clock=1421, time=2013-06-11 11:56:13.186]
Time [clock=38, time=2013-06-11 11:56:13.42]
Time [clock=1550, time=2013-06-11 11:56:13.572]
Time [clock=1422, time=2013-06-11 11:56:14.187]
Time [clock=39, time=2013-06-11 11:56:14.422]
Position [agent=a1, id=null, cell=Cell [x=9, y=6], time=2013-06-11 11:55:52.409, clock=1528]
Time [clock=1551, time=2013-06-11 11:56:14.572]
Time [clock=1423, time=2013-06-11 11:56:15.187]
Time [clock=40, time=2013-06-11 11:56:15.423]
Time [clock=1552, time=2013-06-11 11:56:15.574]
Time [clock=1424, time=2013-06-11 11:56:16.189]
Time [clock=41, time=2013-06-11 11:56:16.423]
Time [clock=1553, time=2013-06-11 11:56:16.574]
Time [clock=1425, time=2013-06-11 11:56:17.231]
Time [clock=1554, time=2013-06-11 11:56:17.576]
Time [clock=1426, time=2013-06-11 11:56:18.19]
Time [clock=1555, time=2013-06-11 11:56:18.576]
Time [clock=1427, time=2013-06-11 11:56:19.192]
Time [clock=1556, time=2013-06-11 11:56:19.576]
Time [clock=1428, time=2013-06-11 11:56:20.193]
Time [clock=1557, time=2013-06-11 11:56:20.578]
Time [clock=1429, time=2013-06-11 11:56:21.193]
Time [clock=1558, time=2013-06-11 11:56:21.578]
Time [clock=1430, time=2013-06-11 11:56:22.194]
Time [clock=1559, time=2013-06-11 11:56:22.579]
Time [clock=1431, time=2013-06-11 11:56:23.196]
Time [clock=1560, time=2013-06-11 11:56:23.579]
Time [clock=1432, time=2013-06-11 11:56:24.196]
Time [clock=1561, time=2013-06-11 11:56:24.581]
Time [clock=1433, time=2013-06-11 11:56:25.197]
Time [clock=1562, time=2013-06-11 11:56:25.624]
Time [clock=1434, time=2013-06-11 11:56:26.199]
Time [clock=1563, time=2013-06-11 11:56:26.584]
Time [clock=1435, time=2013-06-11 11:56:27.2]
Time [clock=1564, time=2013-06-11 11:56:27.584]
Time [clock=1436, time=2013-06-11 11:56:28.201]
Time [clock=1565, time=2013-06-11 11:56:28.585]
Time [clock=1437, time=2013-06-11 11:56:29.202]
Time [clock=1566, time=2013-06-11 11:56:29.586]
Position [agent=t1, id=null, cell=Cell [x=8, y=19], time=2013-06-11 11:55:52.877, clock=1529]
Time [clock=1438, time=2013-06-11 11:56:30.202]
Time [clock=1567, time=2013-06-11 11:56:30.586]
Time [clock=1439, time=2013-06-11 11:56:31.202]
Position [agent=a1, id=null, cell=Cell [x=10, y=6], time=2013-06-11 11:55:53.322, clock=1529]
Time [clock=1568, time=2013-06-11 11:56:31.587]
Time [clock=1440, time=2013-06-11 11:56:32.202]
Time [clock=1569, time=2013-06-11 11:56:32.589]
Time [clock=1441, time=2013-06-11 11:56:33.202]
Time [clock=1570, time=2013-06-11 11:56:33.591]
Time [clock=1442, time=2013-06-11 11:56:34.244]
Time [clock=1571, time=2013-06-11 11:56:34.592]
Time [clock=1443, time=2013-06-11 11:56:35.205]
Time [clock=1572, time=2013-06-11 11:56:35.592]
Time [clock=1444, time=2013-06-11 11:56:36.206]
Time [clock=1573, time=2013-06-11 11:56:36.592]
Time [clock=1445, time=2013-06-11 11:56:37.205]
Time [clock=1574, time=2013-06-11 11:56:37.593]
Time [clock=1446, time=2013-06-11 11:56:38.206]
Time [clock=1575, time=2013-06-11 11:56:38.595]
Time [clock=1447, time=2013-06-11 11:56:39.207]
Time [clock=1576, time=2013-06-11 11:56:39.595]
Time [clock=1448, time=2013-06-11 11:56:40.207]
Time [clock=1577, time=2013-06-11 11:56:40.597]
Position [agent=t1, id=null, cell=Cell [x=7, y=19], time=2013-06-11 11:55:53.915, clock=1530]
Time [clock=1449, time=2013-06-11 11:56:41.208]
Position [agent=a1, id=null, cell=Cell [x=11, y=6], time=2013-06-11 11:55:54.49, clock=1530]
Time [clock=1578, time=2013-06-11 11:56:41.597]
Time [clock=1450, time=2013-06-11 11:56:42.208]
Time [clock=1579, time=2013-06-11 11:56:42.64]
Time [clock=1451, time=2013-06-11 11:56:43.21]
Time [clock=1580, time=2013-06-11 11:56:43.6]
Time [clock=1452, time=2013-06-11 11:56:44.21]
Time [clock=1581, time=2013-06-11 11:56:44.6]
Time [clock=1453, time=2013-06-11 11:56:45.211]
Time [clock=1582, time=2013-06-11 11:56:45.602]
Position [agent=t1, id=null, cell=Cell [x=6, y=19], time=2013-06-11 11:55:54.894, clock=1531]
Time [clock=1454, time=2013-06-11 11:56:46.212]
Time [clock=1583, time=2013-06-11 11:56:46.603]
Time [clock=1455, time=2013-06-11 11:56:47.213]
Time [clock=1584, time=2013-06-11 11:56:47.603]
Time [clock=1456, time=2013-06-11 11:56:48.214]
Position [agent=a1, id=null, cell=Cell [x=12, y=6], time=2013-06-11 11:55:55.303, clock=1531]
Time [clock=1585, time=2013-06-11 11:56:48.605]
Time [clock=1457, time=2013-06-11 11:56:49.216]
Time [clock=1586, time=2013-06-11 11:56:49.605]
Time [clock=1458, time=2013-06-11 11:56:50.217]
Time [clock=1587, time=2013-06-11 11:56:50.607]
Position [agent=t1, id=null, cell=Cell [x=5, y=19], time=2013-06-11 11:55:55.898, clock=1532]
Time [clock=1459, time=2013-06-11 11:56:51.259]
Time [clock=1588, time=2013-06-11 11:56:51.609]
Time [clock=1460, time=2013-06-11 11:56:52.219]
Time [clock=1589, time=2013-06-11 11:56:52.607]
Time [clock=1461, time=2013-06-11 11:56:53.22]
Time [clock=1590, time=2013-06-11 11:56:53.608]
Time [clock=1462, time=2013-06-11 11:56:54.221]
Time [clock=1591, time=2013-06-11 11:56:54.609]
Time [clock=1463, time=2013-06-11 11:56:55.222]
Time [clock=1592, time=2013-06-11 11:56:55.61]
Time [clock=1464, time=2013-06-11 11:56:56.223]
Time [clock=1593, time=2013-06-11 11:56:56.608]
Time [clock=1465, time=2013-06-11 11:56:57.223]
Time [clock=1594, time=2013-06-11 11:56:57.61]
Time [clock=1466, time=2013-06-11 11:56:58.227]
Time [clock=1595, time=2013-06-11 11:56:58.61]
Time [clock=1467, time=2013-06-11 11:56:59.226]
Time [clock=1596, time=2013-06-11 11:56:59.652]
Time [clock=1468, time=2013-06-11 11:57:00.226]
Time [clock=1597, time=2013-06-11 11:57:00.612]
Time [clock=1469, time=2013-06-11 11:57:01.227]
Time [clock=1598, time=2013-06-11 11:57:01.613]
Time [clock=1470, time=2013-06-11 11:57:02.229]
Time [clock=1599, time=2013-06-11 11:57:02.613]
Time [clock=1471, time=2013-06-11 11:57:03.23]
Position [agent=a1, id=null, cell=Cell [x=13, y=6], time=2013-06-11 11:55:56.489, clock=1532]
Time [clock=1600, time=2013-06-11 11:57:03.614]
Time [clock=1472, time=2013-06-11 11:57:04.231]
Time [clock=1601, time=2013-06-11 11:57:04.616]
Time [clock=1473, time=2013-06-11 11:57:05.231]
Time [clock=1602, time=2013-06-11 11:57:05.617]
Time [clock=1474, time=2013-06-11 11:57:06.233]
Time [clock=1603, time=2013-06-11 11:57:06.618]
Position [agent=t1, id=null, cell=Cell [x=4, y=19], time=2013-06-11 11:55:56.889, clock=1533]
Time [clock=1475, time=2013-06-11 11:57:07.234]
Time [clock=1604, time=2013-06-11 11:57:07.618]
Time [clock=1476, time=2013-06-11 11:57:08.275]
Time [clock=1605, time=2013-06-11 11:57:08.622]
Time [clock=1477, time=2013-06-11 11:57:09.235]
Time [clock=1606, time=2013-06-11 11:57:09.621]
Time [clock=1478, time=2013-06-11 11:57:10.237]
Time [clock=1607, time=2013-06-11 11:57:10.62]
Time [clock=1479, time=2013-06-11 11:57:11.236]
Position [agent=a1, id=null, cell=Cell [x=14, y=6], time=2013-06-11 11:55:57.296, clock=1533]
Time [clock=1608, time=2013-06-11 11:57:11.622]
Time [clock=1480, time=2013-06-11 11:57:12.238]
Time [clock=1609, time=2013-06-11 11:57:12.624]
Position [agent=t1, id=null, cell=Cell [x=3, y=19], time=2013-06-11 11:55:57.883, clock=1534]
Time [clock=1481, time=2013-06-11 11:57:13.238]
Time [clock=1610, time=2013-06-11 11:57:13.624]
Time [clock=1482, time=2013-06-11 11:57:14.24]
Time [clock=1611, time=2013-06-11 11:57:14.625]
Time [clock=1483, time=2013-06-11 11:57:15.24]
Time [clock=1612, time=2013-06-11 11:57:15.627]
Time [clock=1484, time=2013-06-11 11:57:16.241]
Time [clock=1613, time=2013-06-11 11:57:16.668]
Time [clock=1485, time=2013-06-11 11:57:17.243]
Time [clock=1614, time=2013-06-11 11:57:17.628]
Time [clock=1486, time=2013-06-11 11:57:18.242]
Time [clock=1615, time=2013-06-11 11:57:18.629]
Time [clock=1487, time=2013-06-11 11:57:19.242]
Time [clock=1616, time=2013-06-11 11:57:19.63]
Time [clock=1488, time=2013-06-11 11:57:20.244]
Time [clock=1617, time=2013-06-11 11:57:20.63]
Time [clock=1618, time=2013-06-11 11:57:21.63]
Time [clock=1619, time=2013-06-11 11:57:22.63]
ActionRequest [id=null, agent=a2, type=reading, cell=Cell [x=8, y=19], clock=null, time=2013-06-11 11:55:39.202]
Prohibition [agent=t1, prohibition=[at(5, 5, t1)], sanction=[reduce_300(t1)], clock=0, time=2013-06-11 11:55:48.731]
Prohibition [agent=t1, prohibition=[at(5, 6, t1)], sanction=[reduce_300(t1)], clock=0, time=2013-06-11 11:55:48.735]
Obligation [agent=a1, obligation=[makeReading(8, 6)], sanction=[reduce_400(a1)], deadline=1568, time=2013-06-11 11:55:44.268, clock=0]
ActionRequest [id=null, agent=a3, type=reading, cell=Cell [x=11, y=1], clock=null, time=2013-06-11 11:55:39.202]
Prohibition [agent=t1, prohibition=[at(6, 5, t1)], sanction=[reduce_300(t1)], clock=0, time=2013-06-11 11:55:48.737]
Obligation [agent=a1, obligation=[makeReading(16, 6)], sanction=[reduce_400(a1)], deadline=1568, time=2013-06-11 11:55:44.494, clock=0]
Prohibition [agent=t1, prohibition=[at(6, 6, t1)], sanction=[reduce_300(t1)], clock=0, time=2013-06-11 11:55:48.739]
Prohibition [agent=c1, prohibition=[coin(5, 5, a1)], sanction=[reduce_300(c1)], clock=0, time=2013-06-11 11:55:50.022]
Prohibition [agent=c1, prohibition=[coin(5, 6, a1)], sanction=[reduce_300(c1)], clock=0, time=2013-06-11 11:55:50.025]
Prohibition [agent=c1, prohibition=[coin(6, 5, a1)], sanction=[reduce_300(c1)], clock=0, time=2013-06-11 11:55:50.028]
Obligation [agent=a1, obligation=[makeReading(3, 9)], sanction=[reduce_400(a1)], deadline=1568, time=2013-06-11 11:55:45.566, clock=0]
Cargo [id=null, cell=Cell [x=19, y=19], time=2013-06-11 11:55:41.404, clock=1388]
Prohibition [agent=c1, prohibition=[coin(6, 6, a1)], sanction=[reduce_300(c1)], clock=0, time=2013-06-11 11:55:50.03]
Prohibition [agent=c1, prohibition=[coin(5, 5, a2)], sanction=[reduce_300(c1)], clock=0, time=2013-06-11 11:55:50.032]
Prohibition [agent=c1, prohibition=[coin(5, 6, a2)], sanction=[reduce_300(c1)], clock=0, time=2013-06-11 11:55:50.034]
Obligation [agent=a2, obligation=[makeReading(8, 6)], sanction=[reduce_400(a2)], deadline=1568, time=2013-06-11 11:55:45.783, clock=0]
Prohibition [agent=c1, prohibition=[coin(6, 5, a2)], sanction=[reduce_300(c1)], clock=0, time=2013-06-11 11:55:50.036]
Obligation [agent=a2, obligation=[makeReading(16, 6)], sanction=[reduce_400(a2)], deadline=1568, time=2013-06-11 11:55:46.989, clock=0]
Obligation [agent=a2, obligation=[makeReading(3, 9)], sanction=[reduce_400(a2)], deadline=1568, time=2013-06-11 11:55:47.207, clock=0]
Prohibition [agent=c1, prohibition=[coin(6, 6, a2)], sanction=[reduce_300(c1)], clock=0, time=2013-06-11 11:55:50.039]
Obligation [agent=a3, obligation=[makeReading(8, 6)], sanction=[reduce_400(a3)], deadline=1568, time=2013-06-11 11:55:48.309, clock=0]
Prohibition [agent=c1, prohibition=[coin(5, 5, a3)], sanction=[reduce_300(c1)], clock=0, time=2013-06-11 11:55:50.041]
Prohibition [agent=c1, prohibition=[coin(5, 6, a3)], sanction=[reduce_300(c1)], clock=0, time=2013-06-11 11:55:50.043]
Prohibition [agent=c1, prohibition=[coin(6, 5, a3)], sanction=[reduce_300(c1)], clock=0, time=2013-06-11 11:55:50.05]
Obligation [agent=a3, obligation=[makeReading(16, 6)], sanction=[reduce_400(a3)], deadline=1568, time=2013-06-11 11:55:48.518, clock=0]
Obligation [agent=a3, obligation=[makeReading(3, 9)], sanction=[reduce_400(a3)], deadline=1568, time=2013-06-11 11:55:48.729, clock=0]
Obligation [agent=a1, obligation=[makeReading(8, 6)], sanction=[reduce_400(a1)], deadline=1604, time=2013-06-11 11:56:18.446, clock=0]
Prohibition [agent=c1, prohibition=[coin(6, 6, a3)], sanction=[reduce_300(c1)], clock=0, time=2013-06-11 11:55:50.056]
Obligation [agent=a1, obligation=[makeReading(16, 6)], sanction=[reduce_400(a1)], deadline=1604, time=2013-06-11 11:56:18.654, clock=0]
Obligation [agent=a1, obligation=[makeReading(3, 9)], sanction=[reduce_400(a1)], deadline=1604, time=2013-06-11 11:56:18.861, clock=0]
Prohibition [agent=a1, prohibition=[at(5, 5, a1)], sanction=[reduce_300(a1)], clock=0, time=2013-06-11 11:55:51.018]
Obligation [agent=a2, obligation=[makeReading(8, 6)], sanction=[reduce_400(a2)], deadline=1604, time=2013-06-11 11:56:19.069, clock=0]
Prohibition [agent=a1, prohibition=[at(5, 6, a1)], sanction=[reduce_300(a1)], clock=0, time=2013-06-11 11:55:51.021]
Prohibition [agent=a1, prohibition=[at(6, 5, a1)], sanction=[reduce_300(a1)], clock=0, time=2013-06-11 11:55:51.024]
Prohibition [agent=a1, prohibition=[at(6, 6, a1)], sanction=[reduce_300(a1)], clock=0, time=2013-06-11 11:55:51.025]
Obligation [agent=a2, obligation=[makeReading(16, 6)], sanction=[reduce_400(a2)], deadline=1604, time=2013-06-11 11:56:19.277, clock=0]
Prohibition [agent=a2, prohibition=[at(5, 5, a2)], sanction=[reduce_300(a2)], clock=0, time=2013-06-11 11:55:51.028]
Prohibition [agent=a2, prohibition=[at(5, 6, a2)], sanction=[reduce_300(a2)], clock=0, time=2013-06-11 11:55:51.033]
Prohibition [agent=a2, prohibition=[at(6, 5, a2)], sanction=[reduce_300(a2)], clock=0, time=2013-06-11 11:55:51.038]
Obligation [agent=a2, obligation=[makeReading(3, 9)], sanction=[reduce_400(a2)], deadline=1604, time=2013-06-11 11:56:19.485, clock=0]
Obligation [agent=a3, obligation=[makeReading(8, 6)], sanction=[reduce_400(a3)], deadline=1604, time=2013-06-11 11:56:19.692, clock=0]
Obligation [agent=a3, obligation=[makeReading(16, 6)], sanction=[reduce_400(a3)], deadline=1604, time=2013-06-11 11:56:19.901, clock=0]
Obligation [agent=a3, obligation=[makeReading(3, 9)], sanction=[reduce_400(a3)], deadline=1604, time=2013-06-11 11:56:20.109, clock=0]
Prohibition [agent=a2, prohibition=[at(6, 6, a2)], sanction=[reduce_300(a2)], clock=0, time=2013-06-11 11:55:51.047]
Prohibition [agent=a3, prohibition=[at(5, 5, a3)], sanction=[reduce_300(a3)], clock=0, time=2013-06-11 11:55:51.053]
Prohibition [agent=a3, prohibition=[at(5, 6, a3)], sanction=[reduce_300(a3)], clock=0, time=2013-06-11 11:55:51.063]
Prohibition [agent=a3, prohibition=[at(6, 5, a3)], sanction=[reduce_300(a3)], clock=0, time=2013-06-11 11:55:51.069]
Prohibition [agent=a3, prohibition=[at(6, 6, a3)], sanction=[reduce_300(a3)], clock=0, time=2013-06-11 11:55:51.13]
-------------------------last log tuples end----------------------------------
register a1
register a2
register a3
register c1
register t1
from/for agent a3  readingRequest(position(11, 1))
from/for agent a2  readingRequest(position(8, 19))
from/for agent a3  reading(position(11, 1))
from/for agent a2  reading(position(8, 19))
org coin notification
Organization notifies agent (write): Obligation [agent=a1, obligation=[makeReading(8, 6)], sanction=[reduce_400(a1)], deadline=58, time=2013-06-11 11:58:01.367, clock=0]
agent obligation notification a1 number 1
Organization notifies agent (write): Obligation [agent=a1, obligation=[makeReading(16, 6)], sanction=[reduce_400(a1)], deadline=58, time=2013-06-11 11:58:01.578, clock=0]
Obligation [agent=a1, obligation=null, sanction=null, deadline=null, time=null, clock=null] 1970-01-01 01:00:00.0 - 2013-06-11 11:58:01.372
Event sent to agent      a1 obligation(makeReading(8, 6), 58, reduce_400(a1))
agent obligation notification a1 number 2
Organization notifies agent (write): Obligation [agent=a1, obligation=[makeReading(3, 9)], sanction=[reduce_400(a1)], deadline=58, time=2013-06-11 11:58:01.797, clock=0]
Obligation [agent=a1, obligation=null, sanction=null, deadline=null, time=null, clock=null] 2013-06-11 11:58:01.372 - 2013-06-11 11:58:01.586
Event sent to agent      a1 obligation(makeReading(16, 6), 58, reduce_400(a1))
agent obligation notification a1 number 3
Obligation [agent=a1, obligation=null, sanction=null, deadline=null, time=null, clock=null] 2013-06-11 11:58:01.586 - 2013-06-11 11:58:01.805
Event sent to agent      a1 obligation(makeReading(3, 9), 58, reduce_400(a1))
Event processed adoptObligation(makeReading(8, 6), 58, reduce_400(a1))
Event processed adoptObligation(makeReading(16, 6), 58, reduce_400(a1))
Event processed adoptObligation(makeReading(3, 9), 58, reduce_400(a1))
Organization notifies agent (write): Obligation [agent=a2, obligation=[makeReading(8, 6)], sanction=[reduce_400(a2)], deadline=58, time=2013-06-11 11:58:02.835, clock=0]
agent obligation notification a2 number 1
Organization notifies agent (write): Obligation [agent=a2, obligation=[makeReading(16, 6)], sanction=[reduce_400(a2)], deadline=58, time=2013-06-11 11:58:03.049, clock=0]
Obligation [agent=a2, obligation=null, sanction=null, deadline=null, time=null, clock=null] 1970-01-01 01:00:00.0 - 2013-06-11 11:58:02.843
Event sent to agent      a2 obligation(makeReading(8, 6), 58, reduce_400(a2))
agent obligation notification a2 number 2
Organization notifies agent (write): Obligation [agent=a2, obligation=[makeReading(3, 9)], sanction=[reduce_400(a2)], deadline=58, time=2013-06-11 11:58:03.263, clock=0]
Obligation [agent=a2, obligation=null, sanction=null, deadline=null, time=null, clock=null] 2013-06-11 11:58:02.843 - 2013-06-11 11:58:03.257
Event sent to agent      a2 obligation(makeReading(16, 6), 58, reduce_400(a2))
agent obligation notification a2 number 3
Organization notifies agent (write): Obligation [agent=a3, obligation=[makeReading(8, 6)], sanction=[reduce_400(a3)], deadline=58, time=2013-06-11 11:58:03.94, clock=0]
agent obligation notification a3 number 1
Obligation [agent=a2, obligation=null, sanction=null, deadline=null, time=null, clock=null] 2013-06-11 11:58:03.257 - 2013-06-11 11:58:03.89
Event sent to agent      a2 obligation(makeReading(3, 9), 58, reduce_400(a2))
Organization notifies agent (write): Obligation [agent=a3, obligation=[makeReading(16, 6)], sanction=[reduce_400(a3)], deadline=58, time=2013-06-11 11:58:04.164, clock=0]
Obligation [agent=a3, obligation=null, sanction=null, deadline=null, time=null, clock=null] 1970-01-01 01:00:00.0 - 2013-06-11 11:58:03.958
Event sent to agent      a3 obligation(makeReading(8, 6), 58, reduce_400(a3))
agent obligation notification a3 number 2
Organization notifies agent (write): Obligation [agent=a3, obligation=[makeReading(3, 9)], sanction=[reduce_400(a3)], deadline=58, time=2013-06-11 11:58:04.382, clock=0]
Organization notifies agent (write): Prohibition [agent=t1, prohibition=[at(5, 5, t1)], sanction=[reduce_300(t1)], clock=0, time=2013-06-11 11:58:04.384]
Organization notifies agent (write): Prohibition [agent=t1, prohibition=[at(5, 6, t1)], sanction=[reduce_300(t1)], clock=0, time=2013-06-11 11:58:04.386]
Organization notifies agent (write): Prohibition [agent=t1, prohibition=[at(6, 5, t1)], sanction=[reduce_300(t1)], clock=0, time=2013-06-11 11:58:04.389]
Organization notifies agent (write): Prohibition [agent=t1, prohibition=[at(6, 6, t1)], sanction=[reduce_300(t1)], clock=0, time=2013-06-11 11:58:04.392]
agent prohibition notification t1 number 4
Obligation [agent=a3, obligation=null, sanction=null, deadline=null, time=null, clock=null] 2013-06-11 11:58:03.958 - 2013-06-11 11:58:04.377
Event sent to agent      a3 obligation(makeReading(16, 6), 58, reduce_400(a3))
agent obligation notification a3 number 3
Prohibition [agent=t1, prohibition=null, sanction=null, clock=null, time=null] 1970-01-01 01:00:00.0 - 2013-06-11 11:58:04.399
Event sent to agent      t1 prohibition(at(5, 5, t1), reduce_300(t1))
Event sent to agent      t1 prohibition(at(5, 6, t1), reduce_300(t1))
Event sent to agent      t1 prohibition(at(6, 5, t1), reduce_300(t1))
Event sent to agent      t1 prohibition(at(6, 6, t1), reduce_300(t1))
Obligation [agent=a3, obligation=null, sanction=null, deadline=null, time=null, clock=null] 2013-06-11 11:58:04.377 - 2013-06-11 11:58:04.595
Event sent to agent      a3 obligation(makeReading(3, 9), 58, reduce_400(a3))
Event processed aprohibition(at(5, 5, t1), reduce_300(t1))
Event processed aprohibition(at(5, 6, t1), reduce_300(t1))
Event processed aprohibition(at(6, 5, t1), reduce_300(t1))
Event processed aprohibition(at(6, 6, t1), reduce_300(t1))
Organization notifies agent (write): Prohibition [agent=c1, prohibition=[coin(5, 5, a1)], sanction=[reduce_300(c1)], clock=0, time=2013-06-11 11:58:05.086]
Organization notifies agent (write): Prohibition [agent=c1, prohibition=[coin(5, 6, a1)], sanction=[reduce_300(c1)], clock=0, time=2013-06-11 11:58:05.089]
Organization notifies agent (write): Prohibition [agent=c1, prohibition=[coin(6, 5, a1)], sanction=[reduce_300(c1)], clock=0, time=2013-06-11 11:58:05.091]
agent prohibition notification c1 number 2
Organization notifies agent (write): Prohibition [agent=c1, prohibition=[coin(6, 6, a1)], sanction=[reduce_300(c1)], clock=0, time=2013-06-11 11:58:05.096]
Organization notifies agent (write): Prohibition [agent=c1, prohibition=[coin(5, 5, a2)], sanction=[reduce_300(c1)], clock=0, time=2013-06-11 11:58:05.104]
Organization notifies agent (write): Prohibition [agent=c1, prohibition=[coin(5, 6, a2)], sanction=[reduce_300(c1)], clock=0, time=2013-06-11 11:58:05.106]
Organization notifies agent (write): Prohibition [agent=c1, prohibition=[coin(6, 5, a2)], sanction=[reduce_300(c1)], clock=0, time=2013-06-11 11:58:05.108]
Organization notifies agent (write): Prohibition [agent=c1, prohibition=[coin(6, 6, a2)], sanction=[reduce_300(c1)], clock=0, time=2013-06-11 11:58:05.11]
Organization notifies agent (write): Prohibition [agent=c1, prohibition=[coin(5, 5, a3)], sanction=[reduce_300(c1)], clock=0, time=2013-06-11 11:58:05.114]
Organization notifies agent (write): Prohibition [agent=c1, prohibition=[coin(5, 6, a3)], sanction=[reduce_300(c1)], clock=0, time=2013-06-11 11:58:05.12]
Organization notifies agent (write): Prohibition [agent=c1, prohibition=[coin(6, 5, a3)], sanction=[reduce_300(c1)], clock=0, time=2013-06-11 11:58:05.124]
Organization notifies agent (write): Prohibition [agent=c1, prohibition=[coin(6, 6, a3)], sanction=[reduce_300(c1)], clock=0, time=2013-06-11 11:58:05.151]
Prohibition [agent=c1, prohibition=null, sanction=null, clock=null, time=null] 1970-01-01 01:00:00.0 - 2013-06-11 11:58:05.096
Event sent to agent      c1 prohibition(coin(5, 5, a1), reduce_300(c1))
Event sent to agent      c1 prohibition(coin(5, 6, a1), reduce_300(c1))
Event sent to agent      c1 prohibition(coin(6, 5, a1), reduce_300(c1))
agent prohibition notification c1 number 12
Event processed aprohibition(coin(5, 5, a1), reduce_300(c1))
Event processed aprohibition(coin(5, 6, a1), reduce_300(c1))
Event processed aprohibition(coin(6, 5, a1), reduce_300(c1))
Prohibition [agent=c1, prohibition=null, sanction=null, clock=null, time=null] 2013-06-11 11:58:05.096 - 2013-06-11 11:58:05.404
Event sent to agent      c1 prohibition(coin(5, 5, a2), reduce_300(c1))
Event sent to agent      c1 prohibition(coin(5, 6, a2), reduce_300(c1))
Event sent to agent      c1 prohibition(coin(6, 5, a2), reduce_300(c1))
Event sent to agent      c1 prohibition(coin(6, 6, a2), reduce_300(c1))
Event sent to agent      c1 prohibition(coin(5, 5, a3), reduce_300(c1))
Event sent to agent      c1 prohibition(coin(5, 6, a3), reduce_300(c1))
Event sent to agent      c1 prohibition(coin(6, 5, a3), reduce_300(c1))
Event sent to agent      c1 prohibition(coin(6, 6, a3), reduce_300(c1))
Event processed aprohibition(coin(5, 5, a2), reduce_300(c1))
Event processed aprohibition(coin(5, 6, a2), reduce_300(c1))
Event processed aprohibition(coin(6, 5, a2), reduce_300(c1))
Event processed aprohibition(coin(6, 6, a2), reduce_300(c1))
Event processed aprohibition(coin(5, 5, a3), reduce_300(c1))
Event processed aprohibition(coin(5, 6, a3), reduce_300(c1))
Event processed aprohibition(coin(6, 5, a3), reduce_300(c1))
Event processed aprohibition(coin(6, 6, a3), reduce_300(c1))
Organization notifies agent (write): Prohibition [agent=a1, prohibition=[at(5, 5, a1)], sanction=[reduce_300(a1)], clock=0, time=2013-06-11 11:58:05.814]
Organization notifies agent (write): Prohibition [agent=a1, prohibition=[at(5, 6, a1)], sanction=[reduce_300(a1)], clock=0, time=2013-06-11 11:58:05.817]
Organization notifies agent (write): Prohibition [agent=a1, prohibition=[at(6, 5, a1)], sanction=[reduce_300(a1)], clock=0, time=2013-06-11 11:58:05.824]
Organization notifies agent (write): Prohibition [agent=a1, prohibition=[at(6, 6, a1)], sanction=[reduce_300(a1)], clock=0, time=2013-06-11 11:58:05.837]
Organization notifies agent (write): Prohibition [agent=a2, prohibition=[at(5, 5, a2)], sanction=[reduce_300(a2)], clock=0, time=2013-06-11 11:58:05.839]
Organization notifies agent (write): Prohibition [agent=a2, prohibition=[at(5, 6, a2)], sanction=[reduce_300(a2)], clock=0, time=2013-06-11 11:58:05.841]
Organization notifies agent (write): Prohibition [agent=a2, prohibition=[at(6, 5, a2)], sanction=[reduce_300(a2)], clock=0, time=2013-06-11 11:58:05.845]
Organization notifies agent (write): Prohibition [agent=a2, prohibition=[at(6, 6, a2)], sanction=[reduce_300(a2)], clock=0, time=2013-06-11 11:58:05.852]
Organization notifies agent (write): Prohibition [agent=a3, prohibition=[at(5, 5, a3)], sanction=[reduce_300(a3)], clock=0, time=2013-06-11 11:58:05.854]
Organization notifies agent (write): Prohibition [agent=a3, prohibition=[at(5, 6, a3)], sanction=[reduce_300(a3)], clock=0, time=2013-06-11 11:58:05.857]
Organization notifies agent (write): Prohibition [agent=a3, prohibition=[at(6, 5, a3)], sanction=[reduce_300(a3)], clock=0, time=2013-06-11 11:58:05.862]
Organization notifies agent (write): Prohibition [agent=a3, prohibition=[at(6, 6, a3)], sanction=[reduce_300(a3)], clock=0, time=2013-06-11 11:58:05.876]
agent prohibition notification a1 number 4
agent prohibition notification a2 number 4
Prohibition [agent=a1, prohibition=null, sanction=null, clock=null, time=null] 1970-01-01 01:00:00.0 - 2013-06-11 11:58:06.921
Event sent to agent      a1 prohibition(at(5, 5, a1), reduce_300(a1))
Event sent to agent      a1 prohibition(at(5, 6, a1), reduce_300(a1))
Event sent to agent      a1 prohibition(at(6, 5, a1), reduce_300(a1))
Event sent to agent      a1 prohibition(at(6, 6, a1), reduce_300(a1))
agent prohibition notification a3 number 4
Event processed aprohibition(at(5, 5, a1), reduce_300(a1))
Event processed aprohibition(at(5, 6, a1), reduce_300(a1))
Event processed aprohibition(at(6, 5, a1), reduce_300(a1))
Prohibition [agent=a2, prohibition=null, sanction=null, clock=null, time=null] 1970-01-01 01:00:00.0 - 2013-06-11 11:58:06.97
Event sent to agent      a2 prohibition(at(5, 5, a2), reduce_300(a2))
Event sent to agent      a2 prohibition(at(5, 6, a2), reduce_300(a2))
Event processed aprohibition(at(6, 6, a1), reduce_300(a1))
Event sent to agent      a2 prohibition(at(6, 5, a2), reduce_300(a2))
Event sent to agent      a2 prohibition(at(6, 6, a2), reduce_300(a2))
Prohibition [agent=a3, prohibition=null, sanction=null, clock=null, time=null] 1970-01-01 01:00:00.0 - 2013-06-11 11:58:07.178
Event sent to agent      a3 prohibition(at(5, 5, a3), reduce_300(a3))
Event sent to agent      a3 prohibition(at(5, 6, a3), reduce_300(a3))
Event sent to agent      a3 prohibition(at(6, 5, a3), reduce_300(a3))
Event sent to agent      a3 prohibition(at(6, 6, a3), reduce_300(a3))
from/for agent a1  readingRequest(position(3, 9))
from/for agent a1  reading(position(3, 9))
org position notification
Organization notifies agent (write): Obligation [agent=a1, obligation=[makeReading(8, 6)], sanction=[reduce_400(a1)], deadline=91, time=2013-06-11 11:58:34.383, clock=0]
agent obligation notification a1 number 4
Organization notifies agent (write): Obligation [agent=a1, obligation=[makeReading(16, 6)], sanction=[reduce_400(a1)], deadline=91, time=2013-06-11 11:58:34.592, clock=0]
Obligation [agent=a1, obligation=null, sanction=null, deadline=null, time=null, clock=null] 2013-06-11 11:58:01.805 - 2013-06-11 11:58:34.387
Event sent to agent      a1 obligation(makeReading(8, 6), 91, reduce_400(a1))
agent obligation notification a1 number 5
Organization notifies agent (write): Obligation [agent=a1, obligation=[makeReading(3, 9)], sanction=[reduce_400(a1)], deadline=91, time=2013-06-11 11:58:34.802, clock=0]
Organization notifies agent (write): Obligation [agent=a2, obligation=[makeReading(8, 6)], sanction=[reduce_400(a2)], deadline=91, time=2013-06-11 11:58:35.013, clock=0]
Obligation [agent=a1, obligation=null, sanction=null, deadline=null, time=null, clock=null] 2013-06-11 11:58:34.387 - 2013-06-11 11:58:34.8
Event sent to agent      a1 obligation(makeReading(16, 6), 91, reduce_400(a1))
agent obligation notification a1 number 6
agent obligation notification a2 number 4
Organization notifies agent (write): Obligation [agent=a2, obligation=[makeReading(16, 6)], sanction=[reduce_400(a2)], deadline=91, time=2013-06-11 11:58:35.235, clock=0]
Obligation [agent=a1, obligation=null, sanction=null, deadline=null, time=null, clock=null] 2013-06-11 11:58:34.8 - 2013-06-11 11:58:35.023
Event sent to agent      a1 obligation(makeReading(3, 9), 91, reduce_400(a1))
Obligation [agent=a2, obligation=null, sanction=null, deadline=null, time=null, clock=null] 2013-06-11 11:58:03.89 - 2013-06-11 11:58:35.029
Event sent to agent      a2 obligation(makeReading(8, 6), 91, reduce_400(a2))
agent obligation notification a2 number 5
Organization notifies agent (write): Obligation [agent=a2, obligation=[makeReading(3, 9)], sanction=[reduce_400(a2)], deadline=91, time=2013-06-11 11:58:35.441, clock=0]
Organization notifies agent (write): Obligation [agent=a3, obligation=[makeReading(8, 6)], sanction=[reduce_400(a3)], deadline=91, time=2013-06-11 11:58:35.65, clock=0]
agent obligation notification a3 number 4
Obligation [agent=a2, obligation=null, sanction=null, deadline=null, time=null, clock=null] 2013-06-11 11:58:35.029 - 2013-06-11 11:58:35.44
Event sent to agent      a2 obligation(makeReading(16, 6), 91, reduce_400(a2))
agent obligation notification a2 number 6
Organization notifies agent (write): Obligation [agent=a3, obligation=[makeReading(16, 6)], sanction=[reduce_400(a3)], deadline=91, time=2013-06-11 11:58:35.857, clock=0]
Obligation [agent=a2, obligation=null, sanction=null, deadline=null, time=null, clock=null] 2013-06-11 11:58:35.44 - 2013-06-11 11:58:35.656
Event sent to agent      a2 obligation(makeReading(3, 9), 91, reduce_400(a2))
Obligation [agent=a3, obligation=null, sanction=null, deadline=null, time=null, clock=null] 2013-06-11 11:58:04.595 - 2013-06-11 11:58:35.653
Event sent to agent      a3 obligation(makeReading(8, 6), 91, reduce_400(a3))
agent obligation notification a3 number 5
Organization notifies agent (write): Obligation [agent=a3, obligation=[makeReading(3, 9)], sanction=[reduce_400(a3)], deadline=91, time=2013-06-11 11:58:36.065, clock=0]
Obligation [agent=a3, obligation=null, sanction=null, deadline=null, time=null, clock=null] 2013-06-11 11:58:35.653 - 2013-06-11 11:58:36.062
Event sent to agent      a3 obligation(makeReading(16, 6), 91, reduce_400(a3))
agent obligation notification a3 number 6
Obligation [agent=a3, obligation=null, sanction=null, deadline=null, time=null, clock=null] 2013-06-11 11:58:36.062 - 2013-06-11 11:58:36.823
Event sent to agent      a3 obligation(makeReading(3, 9), 91, reduce_400(a3))
