Service Registrar: da7bf327-e2cd-45de-b3b5-fe10b555c1a9
Java Space found.
TransactionManager found.
org notified 
org notified 
org notified 
to be compared: [Time [clock=1, time=Tue Jan 08 12:41:01 GMT 2013], Time [clock=10, time=Tue Jan 08 12:41:09 GMT 2013], Time [clock=14, time=Tue Jan 08 12:41:13 GMT 2013], Time [clock=19, time=Tue Jan 08 12:41:18 GMT 2013], Time [clock=23, time=Tue Jan 08 12:41:22 GMT 2013], Time [clock=27, time=Tue Jan 08 12:41:26 GMT 2013], Time [clock=5, time=Tue Jan 08 12:46:14 GMT 2013], Time [clock=9, time=Tue Jan 08 12:46:18 GMT 2013], Time [clock=12, time=Tue Jan 08 12:46:21 GMT 2013], Time [clock=17, time=Tue Jan 08 12:46:26 GMT 2013], Time [clock=21, time=Tue Jan 08 12:46:30 GMT 2013], Time [clock=25, time=Tue Jan 08 12:46:34 GMT 2013], Time [clock=4, time=Tue Jan 08 12:50:50 GMT 2013], Time [clock=10, time=Tue Jan 08 12:50:56 GMT 2013], Time [clock=15, time=Tue Jan 08 12:51:01 GMT 2013], Time [clock=20, time=Tue Jan 08 12:51:06 GMT 2013], Time [clock=26, time=Tue Jan 08 12:51:12 GMT 2013], Time [clock=29, time=Tue Jan 08 12:51:15 GMT 2013]]
java.lang.NullPointerException
	at envJavaSpace.SpaceTest$1.compare(SpaceTest.java:1094)
	at java.util.Arrays.mergeSort(Arrays.java:1270)
	at java.util.Arrays.mergeSort(Arrays.java:1281)
	at java.util.Arrays.mergeSort(Arrays.java:1281)
	at java.util.Arrays.sort(Arrays.java:1210)
	at java.util.Collections.sort(Collections.java:157)
	at envJavaSpace.SpaceTest.getLatest(SpaceTest.java:1090)
	at envJavaSpace.SpaceTest.getLast(SpaceTest.java:1066)
	at envJavaSpace.SpaceTest.updateClock(SpaceTest.java:193)
	at envJavaSpace.SpaceTest.handleCall(SpaceTest.java:312)
	at aplprolog.prolog.builtins.ExternalActions.call(ExternalActions.java:29)
	at aplprolog.prolog.BuiltIn.execute(BuiltIn.java:118)
	at aplprolog.prolog.Prolog.findNextRule(Prolog.java:234)
	at aplprolog.prolog.Prolog.prove(Prolog.java:186)
	at aplprolog.prolog.Prolog.query(Prolog.java:120)
	at oopl.DistributedOOPL.handleEvent(DistributedOOPL.java:59)
	at envJavaSpace.SpaceTest.notifyOrg(SpaceTest.java:1114)
	at envJavaSpace.OrgHandler.notify(OrgHandler.java:46)
	at sun.reflect.NativeMethodAccessorImpl.invoke0(Native Method)
	at sun.reflect.NativeMethodAccessorImpl.invoke(NativeMethodAccessorImpl.java:39)
	at sun.reflect.DelegatingMethodAccessorImpl.invoke(DelegatingMethodAccessorImpl.java:25)
	at java.lang.reflect.Method.invoke(Method.java:597)
	at sun.rmi.server.UnicastServerRef.dispatch(UnicastServerRef.java:303)
	at sun.rmi.transport.Transport$1.run(Transport.java:159)
	at java.security.AccessController.doPrivileged(Native Method)
	at sun.rmi.transport.Transport.serviceCall(Transport.java:155)
	at sun.rmi.transport.tcp.TCPTransport.handleMessages(TCPTransport.java:535)
	at sun.rmi.transport.tcp.TCPTransport$ConnectionHandler.run0(TCPTransport.java:790)
	at sun.rmi.transport.tcp.TCPTransport$ConnectionHandler.run(TCPTransport.java:649)
	at java.util.concurrent.ThreadPoolExecutor$Worker.runTask(ThreadPoolExecutor.java:886)
	at java.util.concurrent.ThreadPoolExecutor$Worker.run(ThreadPoolExecutor.java:908)
	at java.lang.Thread.run(Thread.java:680)
org notified 
to be compared: [Time [clock=2, time=Tue Jan 08 12:41:01 GMT 2013], Time [clock=3, time=Tue Jan 08 12:41:02 GMT 2013], Time [clock=4, time=Tue Jan 08 12:41:03 GMT 2013], Time [clock=5, time=Tue Jan 08 12:41:04 GMT 2013], Time [clock=6, time=Tue Jan 08 12:41:05 GMT 2013], Time [clock=7, time=Tue Jan 08 12:41:06 GMT 2013], Time [clock=8, time=Tue Jan 08 12:41:07 GMT 2013], Time [clock=9, time=Tue Jan 08 12:41:08 GMT 2013], Time [clock=11, time=Tue Jan 08 12:41:10 GMT 2013], Time [clock=12, time=Tue Jan 08 12:41:11 GMT 2013], Time [clock=13, time=Tue Jan 08 12:41:12 GMT 2013], Time [clock=15, time=Tue Jan 08 12:41:14 GMT 2013], Time [clock=16, time=Tue Jan 08 12:41:15 GMT 2013], Time [clock=17, time=Tue Jan 08 12:41:16 GMT 2013], Time [clock=18, time=Tue Jan 08 12:41:17 GMT 2013], Time [clock=20, time=Tue Jan 08 12:41:19 GMT 2013], Time [clock=21, time=Tue Jan 08 12:41:20 GMT 2013], Time [clock=22, time=Tue Jan 08 12:41:21 GMT 2013], Time [clock=24, time=Tue Jan 08 12:41:23 GMT 2013], Time [clock=25, time=Tue Jan 08 12:41:24 GMT 2013], Time [clock=26, time=Tue Jan 08 12:41:25 GMT 2013], Time [clock=1, time=Tue Jan 08 12:46:10 GMT 2013], Time [clock=2, time=Tue Jan 08 12:46:11 GMT 2013], Time [clock=3, time=Tue Jan 08 12:46:12 GMT 2013], Time [clock=4, time=Tue Jan 08 12:46:13 GMT 2013], Time [clock=6, time=Tue Jan 08 12:46:15 GMT 2013], Time [clock=7, time=Tue Jan 08 12:46:16 GMT 2013], Time [clock=8, time=Tue Jan 08 12:46:17 GMT 2013], Time [clock=10, time=Tue Jan 08 12:46:19 GMT 2013], Time [clock=11, time=Tue Jan 08 12:46:20 GMT 2013], Time [clock=13, time=Tue Jan 08 12:46:22 GMT 2013], Time [clock=14, time=Tue Jan 08 12:46:23 GMT 2013], Time [clock=15, time=Tue Jan 08 12:46:24 GMT 2013], Time [clock=16, time=Tue Jan 08 12:46:25 GMT 2013], Time [clock=18, time=Tue Jan 08 12:46:27 GMT 2013], Time [clock=19, time=Tue Jan 08 12:46:28 GMT 2013], Time [clock=20, time=Tue Jan 08 12:46:29 GMT 2013], Time [clock=22, time=Tue Jan 08 12:46:31 GMT 2013], Time [clock=23, time=Tue Jan 08 12:46:32 GMT 2013], Time [clock=24, time=Tue Jan 08 12:46:33 GMT 2013], Time [clock=1, time=Tue Jan 08 12:50:47 GMT 2013], Time [clock=2, time=Tue Jan 08 12:50:48 GMT 2013], Time [clock=3, time=Tue Jan 08 12:50:49 GMT 2013], Time [clock=5, time=Tue Jan 08 12:50:51 GMT 2013], Time [clock=6, time=Tue Jan 08 12:50:52 GMT 2013], Time [clock=7, time=Tue Jan 08 12:50:53 GMT 2013], Time [clock=8, time=Tue Jan 08 12:50:54 GMT 2013], Time [clock=9, time=Tue Jan 08 12:50:55 GMT 2013], Time [clock=11, time=Tue Jan 08 12:50:57 GMT 2013], Time [clock=12, time=Tue Jan 08 12:50:58 GMT 2013], Time [clock=13, time=Tue Jan 08 12:50:59 GMT 2013], Time [clock=14, time=Tue Jan 08 12:51:00 GMT 2013], Time [clock=16, time=Tue Jan 08 12:51:02 GMT 2013], Time [clock=17, time=Tue Jan 08 12:51:03 GMT 2013], Time [clock=18, time=Tue Jan 08 12:51:04 GMT 2013], Time [clock=19, time=Tue Jan 08 12:51:05 GMT 2013], Time [clock=21, time=Tue Jan 08 12:51:07 GMT 2013], Time [clock=22, time=Tue Jan 08 12:51:08 GMT 2013], Time [clock=23, time=Tue Jan 08 12:51:09 GMT 2013], Time [clock=24, time=Tue Jan 08 12:51:10 GMT 2013], Time [clock=25, time=Tue Jan 08 12:51:11 GMT 2013], Time [clock=27, time=Tue Jan 08 12:51:13 GMT 2013], Time [clock=28, time=Tue Jan 08 12:51:14 GMT 2013], Time [clock=30, time=Tue Jan 08 12:51:16 GMT 2013], Time [clock=31, time=Tue Jan 08 12:51:17 GMT 2013]]
java.lang.NullPointerException
	at envJavaSpace.SpaceTest$1.compare(SpaceTest.java:1094)
	at java.util.Arrays.mergeSort(Arrays.java:1270)
	at java.util.Arrays.mergeSort(Arrays.java:1281)
	at java.util.Arrays.mergeSort(Arrays.java:1281)
	at java.util.Arrays.mergeSort(Arrays.java:1281)
	at java.util.Arrays.mergeSort(Arrays.java:1281)
	at java.util.Arrays.sort(Arrays.java:1210)
	at java.util.Collections.sort(Collections.java:157)
	at envJavaSpace.SpaceTest.getLatest(SpaceTest.java:1090)
	at envJavaSpace.SpaceTest.getLast(SpaceTest.java:1066)
	at envJavaSpace.SpaceTest.updateClock(SpaceTest.java:193)
	at envJavaSpace.SpaceTest.handleCall(SpaceTest.java:312)
	at aplprolog.prolog.builtins.ExternalActions.call(ExternalActions.java:29)
	at aplprolog.prolog.BuiltIn.execute(BuiltIn.java:118)
	at aplprolog.prolog.Prolog.findNextRule(Prolog.java:234)
	at aplprolog.prolog.Prolog.prove(Prolog.java:186)
	at aplprolog.prolog.Prolog.query(Prolog.java:120)
	at oopl.DistributedOOPL.handleEvent(DistributedOOPL.java:59)
	at envJavaSpace.SpaceTest.notifyOrg(SpaceTest.java:1114)
	at envJavaSpace.OrgHandler.notify(OrgHandler.java:38)
	at sun.reflect.NativeMethodAccessorImpl.invoke0(Native Method)
	at sun.reflect.NativeMethodAccessorImpl.invoke(NativeMethodAccessorImpl.java:39)
	at sun.reflect.DelegatingMethodAccessorImpl.invoke(DelegatingMethodAccessorImpl.java:25)
	at java.lang.reflect.Method.invoke(Method.java:597)
	at sun.rmi.server.UnicastServerRef.dispatch(UnicastServerRef.java:303)
	at sun.rmi.transport.Transport$1.run(Transport.java:159)
	at java.security.AccessController.doPrivileged(Native Method)
	at sun.rmi.transport.Transport.serviceCall(Transport.java:155)
	at sun.rmi.transport.tcp.TCPTransport.handleMessages(TCPTransport.java:535)
	at sun.rmi.transport.tcp.TCPTransport$ConnectionHandler.run0(TCPTransport.java:790)
	at sun.rmi.transport.tcp.TCPTransport$ConnectionHandler.run(TCPTransport.java:649)
	at java.util.concurrent.ThreadPoolExecutor$Worker.runTask(ThreadPoolExecutor.java:886)
	at java.util.concurrent.ThreadPoolExecutor$Worker.run(ThreadPoolExecutor.java:908)
	at java.lang.Thread.run(Thread.java:680)
to be compared: [Cargo [id=5, cell=Cell [x=10, y=10], time=Tue Jan 08 12:51:04 GMT 2013, clock=1], Cargo [id=null, cell=Cell [x=19, y=19], time=Tue Jan 08 12:51:11 GMT 2013, clock=24], Cargo [id=5, cell=Cell [x=10, y=10], time=Tue Jan 08 12:59:21 GMT 2013, clock=1]]
to be compared: [Coin [id=10, cell=Cell [x=15, y=15], agent=a1, time=Tue Jan 08 12:51:04 GMT 2013, clock=1], Coin [id=null, cell=Cell [x=8, y=6], agent=null, time=Tue Jan 08 12:51:11 GMT 2013, clock=23], Coin [id=30, cell=Cell [x=15, y=1], agent=a3, time=Tue Jan 08 12:59:21 GMT 2013, clock=1]]
to be compared: [Coin [id=20, cell=Cell [x=1, y=15], agent=a2, time=Tue Jan 08 12:59:21 GMT 2013, clock=1]]
to be compared: [Coin [id=30, cell=Cell [x=15, y=1], agent=a3, time=Tue Jan 08 12:51:04 GMT 2013, clock=1]]
to be compared: [Coin [id=20, cell=Cell [x=1, y=15], agent=a2, time=Tue Jan 08 12:51:04 GMT 2013, clock=1], Coin [id=30, cell=Cell [x=15, y=1], agent=a3, time=Tue Jan 08 12:51:04 GMT 2013, clock=1], Coin [id=10, cell=Cell [x=15, y=15], agent=a1, time=Tue Jan 08 12:59:21 GMT 2013, clock=1], Coin [id=20, cell=Cell [x=1, y=15], agent=a2, time=Tue Jan 08 12:59:21 GMT 2013, clock=1]]
from agent t1  prohibition([at(5, 5, t1)], [reduce_300(t1)])
from agent t1  prohibition([at(5, 6, t1)], [reduce_300(t1)])
from agent t1  prohibition([at(6, 5, t1)], [reduce_300(t1)])
from agent t1  prohibition([at(6, 6, t1)], [reduce_300(t1)])
from agent c1  prohibition([coin(5, 5, _, a1)], [reduce_300(c1)])
from agent c1  prohibition([coin(5, 6, _, a1)], [reduce_300(c1)])
from agent c1  prohibition([coin(6, 5, _, a1)], [reduce_300(c1)])
from agent c1  prohibition([coin(6, 6, _, a1)], [reduce_300(c1)])
from agent c1  prohibition([coin(5, 5, _, a2)], [reduce_300(c1)])
from agent c1  prohibition([coin(5, 6, _, a2)], [reduce_300(c1)])
from agent c1  prohibition([coin(6, 5, _, a2)], [reduce_300(c1)])
from agent c1  prohibition([coin(6, 6, _, a2)], [reduce_300(c1)])
from agent c1  prohibition([coin(5, 5, _, a3)], [reduce_300(c1)])
from agent c1  prohibition([coin(5, 6, _, a3)], [reduce_300(c1)])
from agent c1  prohibition([coin(6, 5, _, a3)], [reduce_300(c1)])
from agent c1  prohibition([coin(6, 6, _, a3)], [reduce_300(c1)])
to be compared: [Prohibition [agent=c1, prohibition=[coin(6, 6, _, a1)], sanction=[reduce_300(c1)], clock=1, time=Tue Jan 08 12:36:44 GMT 2013], Prohibition [agent=c1, prohibition=[coin(6, 6, _, a2)], sanction=[reduce_300(c1)], clock=1, time=Tue Jan 08 12:36:44 GMT 2013], Prohibition [agent=a3, prohibition=[at(5, 5, a3)], sanction=[reduce_300(a3)], clock=1, time=Tue Jan 08 12:36:46 GMT 2013], Prohibition [agent=a3, prohibition=[at(6, 6, a3)], sanction=[reduce_300(a3)], clock=1, time=Tue Jan 08 12:36:46 GMT 2013], Prohibition [agent=t1, prohibition=[at(6, 5, t1)], sanction=[reduce_300(t1)], clock=1, time=Tue Jan 08 12:41:08 GMT 2013], Prohibition [agent=c1, prohibition=[coin(6, 5, _, a1)], sanction=[reduce_300(c1)], clock=1, time=Tue Jan 08 12:41:10 GMT 2013], Prohibition [agent=c1, prohibition=[coin(6, 5, _, a2)], sanction=[reduce_300(c1)], clock=1, time=Tue Jan 08 12:41:10 GMT 2013], Prohibition [agent=c1, prohibition=[coin(6, 5, _, a3)], sanction=[reduce_300(c1)], clock=1, time=Tue Jan 08 12:41:10 GMT 2013], Prohibition [agent=a2, prohibition=[at(5, 6, a2)], sanction=[reduce_300(a2)], clock=1, time=Tue Jan 08 12:41:12 GMT 2013], Prohibition [agent=a3, prohibition=[at(5, 6, a3)], sanction=[reduce_300(a3)], clock=1, time=Tue Jan 08 12:41:12 GMT 2013], Prohibition [agent=t1, prohibition=[at(5, 6, t1)], sanction=[reduce_300(t1)], clock=1, time=Tue Jan 08 12:46:15 GMT 2013], Prohibition [agent=c1, prohibition=[coin(5, 6, _, a1)], sanction=[reduce_300(c1)], clock=1, time=Tue Jan 08 12:46:16 GMT 2013], Prohibition [agent=c1, prohibition=[coin(6, 6, _, a2)], sanction=[reduce_300(c1)], clock=1, time=Tue Jan 08 12:46:16 GMT 2013], Prohibition [agent=a1, prohibition=[at(6, 5, a1)], sanction=[reduce_300(a1)], clock=1, time=Tue Jan 08 12:46:18 GMT 2013], Prohibition [agent=a2, prohibition=[at(5, 5, a2)], sanction=[reduce_300(a2)], clock=1, time=Tue Jan 08 12:46:18 GMT 2013], Prohibition [agent=a3, prohibition=[at(6, 5, a3)], sanction=[reduce_300(a3)], clock=1, time=Tue Jan 08 12:46:18 GMT 2013], Prohibition [agent=t1, prohibition=[cargo(_, _, 7)], sanction=[reduce_100(t1)], clock=1, time=Tue Jan 08 12:46:24 GMT 2013], Prohibition [agent=t1, prohibition=[cargo(_, _, 2)], sanction=[reduce_100(t1)], clock=1, time=Tue Jan 08 12:51:06 GMT 2013], Prohibition [agent=t1, prohibition=[at(6, 5, t1)], sanction=[reduce_300(t1)], clock=1, time=Tue Jan 08 12:51:06 GMT 2013], Prohibition [agent=c1, prohibition=[coin(6, 5, _, a1)], sanction=[reduce_300(c1)], clock=1, time=Tue Jan 08 12:51:07 GMT 2013], Prohibition [agent=c1, prohibition=[coin(5, 5, _, a3)], sanction=[reduce_300(c1)], clock=1, time=Tue Jan 08 12:51:07 GMT 2013], Prohibition [agent=a1, prohibition=[at(6, 6, a1)], sanction=[reduce_300(a1)], clock=1, time=Tue Jan 08 12:51:09 GMT 2013], Prohibition [agent=a3, prohibition=[at(5, 6, a3)], sanction=[reduce_300(a3)], clock=1, time=Tue Jan 08 12:51:09 GMT 2013], Prohibition [agent=c1, prohibition=[coin(5, 5, _, a1)], sanction=[reduce_300(c1)], clock=1, time=Tue Jan 08 12:59:25 GMT 2013], Prohibition [agent=c1, prohibition=[coin(5, 5, _, a2)], sanction=[reduce_300(c1)], clock=1, time=Tue Jan 08 12:59:25 GMT 2013], Prohibition [agent=c1, prohibition=[coin(5, 5, _, a3)], sanction=[reduce_300(c1)], clock=1, time=Tue Jan 08 12:59:25 GMT 2013]]
java.lang.NullPointerException
	at envJavaSpace.SpaceTest$1.compare(SpaceTest.java:1094)
	at java.util.Arrays.mergeSort(Arrays.java:1270)
	at java.util.Arrays.mergeSort(Arrays.java:1281)
	at java.util.Arrays.mergeSort(Arrays.java:1281)
	at java.util.Arrays.sort(Arrays.java:1210)
	at java.util.Collections.sort(Collections.java:157)
	at envJavaSpace.SpaceTest.getLatest(SpaceTest.java:1090)
	at envJavaSpace.SpaceTest.getAll(SpaceTest.java:1034)
	at envJavaSpace.SpaceTest.readProhibition(SpaceTest.java:987)
	at envJavaSpace.AgentHandler.notify(AgentHandler.java:57)
	at sun.reflect.NativeMethodAccessorImpl.invoke0(Native Method)
	at sun.reflect.NativeMethodAccessorImpl.invoke(NativeMethodAccessorImpl.java:39)
	at sun.reflect.DelegatingMethodAccessorImpl.invoke(DelegatingMethodAccessorImpl.java:25)
	at java.lang.reflect.Method.invoke(Method.java:597)
	at sun.rmi.server.UnicastServerRef.dispatch(UnicastServerRef.java:303)
	at sun.rmi.transport.Transport$1.run(Transport.java:159)
	at java.security.AccessController.doPrivileged(Native Method)
	at sun.rmi.transport.Transport.serviceCall(Transport.java:155)
	at sun.rmi.transport.tcp.TCPTransport.handleMessages(TCPTransport.java:535)
	at sun.rmi.transport.tcp.TCPTransport$ConnectionHandler.run0(TCPTransport.java:790)
	at sun.rmi.transport.tcp.TCPTransport$ConnectionHandler.run(TCPTransport.java:649)
	at java.util.concurrent.ThreadPoolExecutor$Worker.runTask(ThreadPoolExecutor.java:886)
	at java.util.concurrent.ThreadPoolExecutor$Worker.run(ThreadPoolExecutor.java:908)
	at java.lang.Thread.run(Thread.java:680)
to be compared: [Prohibition [agent=c1, prohibition=[coin(5, 5, _, a3)], sanction=[reduce_300(c1)], clock=1, time=Tue Jan 08 12:36:44 GMT 2013], Prohibition [agent=c1, prohibition=[coin(6, 6, _, a3)], sanction=[reduce_300(c1)], clock=1, time=Tue Jan 08 12:36:44 GMT 2013], Prohibition [agent=a2, prohibition=[at(5, 5, a2)], sanction=[reduce_300(a2)], clock=1, time=Tue Jan 08 12:36:46 GMT 2013], Prohibition [agent=a3, prohibition=[at(6, 5, a3)], sanction=[reduce_300(a3)], clock=1, time=Tue Jan 08 12:36:46 GMT 2013], Prohibition [agent=t1, prohibition=[at(5, 6, t1)], sanction=[reduce_300(t1)], clock=1, time=Tue Jan 08 12:41:08 GMT 2013], Prohibition [agent=c1, prohibition=[coin(5, 6, _, a1)], sanction=[reduce_300(c1)], clock=1, time=Tue Jan 08 12:41:10 GMT 2013], Prohibition [agent=c1, prohibition=[coin(6, 6, _, a2)], sanction=[reduce_300(c1)], clock=1, time=Tue Jan 08 12:41:10 GMT 2013], Prohibition [agent=c1, prohibition=[coin(6, 6, _, a3)], sanction=[reduce_300(c1)], clock=1, time=Tue Jan 08 12:41:10 GMT 2013], Prohibition [agent=a1, prohibition=[at(5, 6, a1)], sanction=[reduce_300(a1)], clock=1, time=Tue Jan 08 12:41:12 GMT 2013], Prohibition [agent=a3, prohibition=[at(6, 5, a3)], sanction=[reduce_300(a3)], clock=1, time=Tue Jan 08 12:41:12 GMT 2013], Prohibition [agent=t1, prohibition=[cargo(_, _, 2)], sanction=[reduce_100(t1)], clock=1, time=Tue Jan 08 12:46:15 GMT 2013], Prohibition [agent=c1, prohibition=[coin(5, 5, _, a1)], sanction=[reduce_300(c1)], clock=1, time=Tue Jan 08 12:46:16 GMT 2013], Prohibition [agent=c1, prohibition=[coin(6, 6, _, a1)], sanction=[reduce_300(c1)], clock=1, time=Tue Jan 08 12:46:16 GMT 2013], Prohibition [agent=c1, prohibition=[coin(6, 5, _, a2)], sanction=[reduce_300(c1)], clock=1, time=Tue Jan 08 12:46:16 GMT 2013], Prohibition [agent=c1, prohibition=[coin(6, 6, _, a3)], sanction=[reduce_300(c1)], clock=1, time=Tue Jan 08 12:46:16 GMT 2013], Prohibition [agent=a2, prohibition=[at(6, 5, a2)], sanction=[reduce_300(a2)], clock=1, time=Tue Jan 08 12:46:18 GMT 2013], Prohibition [agent=a3, prohibition=[at(5, 6, a3)], sanction=[reduce_300(a3)], clock=1, time=Tue Jan 08 12:46:18 GMT 2013], Prohibition [agent=t1, prohibition=[cargo(_, _, 1)], sanction=[reduce_100(t1)], clock=1, time=Tue Jan 08 12:47:23 GMT 2013], Prohibition [agent=t1, prohibition=[at(6, 6, t1)], sanction=[reduce_300(t1)], clock=1, time=Tue Jan 08 12:51:06 GMT 2013], Prohibition [agent=c1, prohibition=[coin(5, 6, _, a2)], sanction=[reduce_300(c1)], clock=1, time=Tue Jan 08 12:51:07 GMT 2013], Prohibition [agent=c1, prohibition=[coin(6, 5, _, a3)], sanction=[reduce_300(c1)], clock=1, time=Tue Jan 08 12:51:07 GMT 2013], Prohibition [agent=a1, prohibition=[at(5, 6, a1)], sanction=[reduce_300(a1)], clock=1, time=Tue Jan 08 12:51:09 GMT 2013], Prohibition [agent=a2, prohibition=[at(6, 6, a2)], sanction=[reduce_300(a2)], clock=1, time=Tue Jan 08 12:51:09 GMT 2013], Prohibition [agent=t1, prohibition=[cargo(_, _, 25)], sanction=[reduce_100(t1)], clock=1, time=Tue Jan 08 12:51:15 GMT 2013], Prohibition [agent=t1, prohibition=[at(6, 6, t1)], sanction=[reduce_300(t1)], clock=1, time=Tue Jan 08 12:59:24 GMT 2013], Prohibition [agent=c1, prohibition=[coin(6, 5, _, a1)], sanction=[reduce_300(c1)], clock=1, time=Tue Jan 08 12:59:25 GMT 2013], Prohibition [agent=c1, prohibition=[coin(6, 5, _, a2)], sanction=[reduce_300(c1)], clock=1, time=Tue Jan 08 12:59:25 GMT 2013], Prohibition [agent=c1, prohibition=[coin(6, 5, _, a3)], sanction=[reduce_300(c1)], clock=1, time=Tue Jan 08 12:59:25 GMT 2013]]
java.lang.NullPointerException
	at envJavaSpace.SpaceTest$1.compare(SpaceTest.java:1094)
	at java.util.Arrays.mergeSort(Arrays.java:1270)
	at java.util.Arrays.mergeSort(Arrays.java:1281)
	at java.util.Arrays.mergeSort(Arrays.java:1281)
	at java.util.Arrays.mergeSort(Arrays.java:1281)
	at java.util.Arrays.sort(Arrays.java:1210)
	at java.util.Collections.sort(Collections.java:157)
	at envJavaSpace.SpaceTest.getLatest(SpaceTest.java:1090)
	at envJavaSpace.SpaceTest.getAll(SpaceTest.java:1034)
	at envJavaSpace.SpaceTest.readProhibition(SpaceTest.java:987)
	at envJavaSpace.AgentHandler.notify(AgentHandler.java:57)
	at sun.reflect.NativeMethodAccessorImpl.invoke0(Native Method)
	at sun.reflect.NativeMethodAccessorImpl.invoke(NativeMethodAccessorImpl.java:39)
	at sun.reflect.DelegatingMethodAccessorImpl.invoke(DelegatingMethodAccessorImpl.java:25)
	at java.lang.reflect.Method.invoke(Method.java:597)
	at sun.rmi.server.UnicastServerRef.dispatch(UnicastServerRef.java:303)
	at sun.rmi.transport.Transport$1.run(Transport.java:159)
	at java.security.AccessController.doPrivileged(Native Method)
	at sun.rmi.transport.Transport.serviceCall(Transport.java:155)
	at sun.rmi.transport.tcp.TCPTransport.handleMessages(TCPTransport.java:535)
	at sun.rmi.transport.tcp.TCPTransport$ConnectionHandler.run0(TCPTransport.java:790)
	at sun.rmi.transport.tcp.TCPTransport$ConnectionHandler.run(TCPTransport.java:649)
	at java.util.concurrent.ThreadPoolExecutor$Worker.runTask(ThreadPoolExecutor.java:886)
	at java.util.concurrent.ThreadPoolExecutor$Worker.run(ThreadPoolExecutor.java:908)
	at java.lang.Thread.run(Thread.java:680)
to be compared: [Prohibition [agent=c1, prohibition=[coin(5, 5, _, a2)], sanction=[reduce_300(c1)], clock=1, time=Tue Jan 08 12:36:44 GMT 2013], Prohibition [agent=a1, prohibition=[at(5, 5, a1)], sanction=[reduce_300(a1)], clock=1, time=Tue Jan 08 12:36:46 GMT 2013], Prohibition [agent=a1, prohibition=[at(6, 6, a1)], sanction=[reduce_300(a1)], clock=1, time=Tue Jan 08 12:36:46 GMT 2013], Prohibition [agent=a3, prohibition=[at(5, 6, a3)], sanction=[reduce_300(a3)], clock=1, time=Tue Jan 08 12:36:46 GMT 2013], Prohibition [agent=c1, prohibition=[coin(6, 6, _, a1)], sanction=[reduce_300(c1)], clock=1, time=Tue Jan 08 12:41:10 GMT 2013], Prohibition [agent=a2, prohibition=[at(6, 5, a2)], sanction=[reduce_300(a2)], clock=1, time=Tue Jan 08 12:41:12 GMT 2013], Prohibition [agent=t1, prohibition=[at(5, 5, t1)], sanction=[reduce_300(t1)], clock=1, time=Tue Jan 08 12:46:15 GMT 2013], Prohibition [agent=a1, prohibition=[at(5, 5, a1)], sanction=[reduce_300(a1)], clock=1, time=Tue Jan 08 12:46:18 GMT 2013], Prohibition [agent=c1, prohibition=[coin(6, 6, _, a1)], sanction=[reduce_300(c1)], clock=1, time=Tue Jan 08 12:51:07 GMT 2013], Prohibition [agent=c1, prohibition=[coin(6, 6, _, a3)], sanction=[reduce_300(c1)], clock=1, time=Tue Jan 08 12:51:07 GMT 2013], Prohibition [agent=c1, prohibition=[coin(5, 5, _, a3)], sanction=[reduce_300(c1)], clock=1, time=Tue Jan 08 12:41:10 GMT 2013], Prohibition [agent=a2, prohibition=[at(5, 6, a2)], sanction=[reduce_300(a2)], clock=1, time=Tue Jan 08 12:46:18 GMT 2013], Prohibition [agent=c1, prohibition=[coin(6, 6, _, a2)], sanction=[reduce_300(c1)], clock=1, time=Tue Jan 08 12:51:07 GMT 2013], Prohibition [agent=c1, prohibition=[coin(5, 6, _, a1)], sanction=[reduce_300(c1)], clock=1, time=Tue Jan 08 12:59:25 GMT 2013]]
to be compared: [Prohibition [agent=c1, prohibition=[coin(5, 5, _, a1)], sanction=[reduce_300(c1)], clock=1, time=Tue Jan 08 12:36:44 GMT 2013], Prohibition [agent=c1, prohibition=[coin(5, 6, _, a3)], sanction=[reduce_300(c1)], clock=1, time=Tue Jan 08 12:36:44 GMT 2013], Prohibition [agent=a2, prohibition=[at(5, 6, a2)], sanction=[reduce_300(a2)], clock=1, time=Tue Jan 08 12:36:46 GMT 2013], Prohibition [agent=t1, prohibition=[at(5, 5, t1)], sanction=[reduce_300(t1)], clock=1, time=Tue Jan 08 12:41:08 GMT 2013], Prohibition [agent=c1, prohibition=[coin(5, 6, _, a2)], sanction=[reduce_300(c1)], clock=1, time=Tue Jan 08 12:41:10 GMT 2013], Prohibition [agent=a2, prohibition=[at(5, 5, a2)], sanction=[reduce_300(a2)], clock=1, time=Tue Jan 08 12:41:12 GMT 2013], Prohibition [agent=t1, prohibition=[at(6, 5, t1)], sanction=[reduce_300(t1)], clock=1, time=Tue Jan 08 12:46:15 GMT 2013], Prohibition [agent=a1, prohibition=[at(6, 6, a1)], sanction=[reduce_300(a1)], clock=1, time=Tue Jan 08 12:46:18 GMT 2013], Prohibition [agent=c1, prohibition=[coin(5, 6, _, a1)], sanction=[reduce_300(c1)], clock=1, time=Tue Jan 08 12:51:07 GMT 2013], Prohibition [agent=a1, prohibition=[at(5, 5, a1)], sanction=[reduce_300(a1)], clock=1, time=Tue Jan 08 12:51:09 GMT 2013], Prohibition [agent=a1, prohibition=[at(6, 6, a1)], sanction=[reduce_300(a1)], clock=1, time=Tue Jan 08 12:41:12 GMT 2013], Prohibition [agent=c1, prohibition=[coin(5, 6, _, a2)], sanction=[reduce_300(c1)], clock=1, time=Tue Jan 08 12:46:16 GMT 2013], Prohibition [agent=a2, prohibition=[at(5, 6, a2)], sanction=[reduce_300(a2)], clock=1, time=Tue Jan 08 12:51:09 GMT 2013], Prohibition [agent=c1, prohibition=[coin(5, 6, _, a2)], sanction=[reduce_300(c1)], clock=1, time=Tue Jan 08 12:59:25 GMT 2013]]
java.lang.NullPointerException
	at envJavaSpace.SpaceTest$1.compare(SpaceTest.java:1094)
	at java.util.Arrays.mergeSort(Arrays.java:1270)
	at java.util.Arrays.mergeSort(Arrays.java:1281)
	at java.util.Arrays.mergeSort(Arrays.java:1281)
	at java.util.Arrays.sort(Arrays.java:1210)
	at java.util.Collections.sort(Collections.java:157)
	at envJavaSpace.SpaceTest.getLatest(SpaceTest.java:1090)
	at envJavaSpace.SpaceTest.getAll(SpaceTest.java:1034)
	at envJavaSpace.SpaceTest.readProhibition(SpaceTest.java:987)
	at envJavaSpace.AgentHandler.notify(AgentHandler.java:57)
	at sun.reflect.NativeMethodAccessorImpl.invoke0(Native Method)
	at sun.reflect.NativeMethodAccessorImpl.invoke(NativeMethodAccessorImpl.java:39)
	at sun.reflect.DelegatingMethodAccessorImpl.invoke(DelegatingMethodAccessorImpl.java:25)
	at java.lang.reflect.Method.invoke(Method.java:597)
	at sun.rmi.server.UnicastServerRef.dispatch(UnicastServerRef.java:303)
	at sun.rmi.transport.Transport$1.run(Transport.java:159)
	at java.security.AccessController.doPrivileged(Native Method)
	at sun.rmi.transport.Transport.serviceCall(Transport.java:155)
	at sun.rmi.transport.tcp.TCPTransport.handleMessages(TCPTransport.java:535)
	at sun.rmi.transport.tcp.TCPTransport$ConnectionHandler.run0(TCPTransport.java:790)
	at sun.rmi.transport.tcp.TCPTransport$ConnectionHandler.run(TCPTransport.java:649)
	at java.util.concurrent.ThreadPoolExecutor$Worker.runTask(ThreadPoolExecutor.java:886)
	at java.util.concurrent.ThreadPoolExecutor$Worker.run(ThreadPoolExecutor.java:908)
	at java.lang.Thread.run(Thread.java:680)
to be compared: [Prohibition [agent=t1, prohibition=[at(5, 6, t1)], sanction=[reduce_300(t1)], clock=1, time=Tue Jan 08 12:36:43 GMT 2013], Prohibition [agent=t1, prohibition=[at(6, 5, t1)], sanction=[reduce_300(t1)], clock=1, time=Tue Jan 08 12:36:43 GMT 2013], Prohibition [agent=c1, prohibition=[coin(6, 5, _, a1)], sanction=[reduce_300(c1)], clock=1, time=Tue Jan 08 12:36:44 GMT 2013], Prohibition [agent=c1, prohibition=[coin(6, 5, _, a2)], sanction=[reduce_300(c1)], clock=1, time=Tue Jan 08 12:36:44 GMT 2013], Prohibition [agent=c1, prohibition=[coin(6, 5, _, a3)], sanction=[reduce_300(c1)], clock=1, time=Tue Jan 08 12:36:44 GMT 2013], Prohibition [agent=a1, prohibition=[at(5, 6, a1)], sanction=[reduce_300(a1)], clock=1, time=Tue Jan 08 12:36:46 GMT 2013], Prohibition [agent=a2, prohibition=[at(6, 6, a2)], sanction=[reduce_300(a2)], clock=1, time=Tue Jan 08 12:36:46 GMT 2013], Prohibition [agent=t1, prohibition=[cargo(_, _, 2)], sanction=[reduce_100(t1)], clock=1, time=Tue Jan 08 12:41:08 GMT 2013], Prohibition [agent=t1, prohibition=[at(6, 6, t1)], sanction=[reduce_300(t1)], clock=1, time=Tue Jan 08 12:41:08 GMT 2013], Prohibition [agent=c1, prohibition=[coin(5, 5, _, a2)], sanction=[reduce_300(c1)], clock=1, time=Tue Jan 08 12:41:10 GMT 2013], Prohibition [agent=c1, prohibition=[coin(5, 6, _, a3)], sanction=[reduce_300(c1)], clock=1, time=Tue Jan 08 12:41:10 GMT 2013], Prohibition [agent=a1, prohibition=[at(6, 5, a1)], sanction=[reduce_300(a1)], clock=1, time=Tue Jan 08 12:41:12 GMT 2013], Prohibition [agent=a2, prohibition=[at(6, 6, a2)], sanction=[reduce_300(a2)], clock=1, time=Tue Jan 08 12:41:12 GMT 2013], Prohibition [agent=a3, prohibition=[at(6, 6, a3)], sanction=[reduce_300(a3)], clock=1, time=Tue Jan 08 12:41:12 GMT 2013], Prohibition [agent=t1, prohibition=[at(6, 6, t1)], sanction=[reduce_300(t1)], clock=1, time=Tue Jan 08 12:46:15 GMT 2013], Prohibition [agent=c1, prohibition=[coin(6, 5, _, a1)], sanction=[reduce_300(c1)], clock=1, time=Tue Jan 08 12:46:16 GMT 2013], Prohibition [agent=c1, prohibition=[coin(5, 5, _, a2)], sanction=[reduce_300(c1)], clock=1, time=Tue Jan 08 12:46:16 GMT 2013], Prohibition [agent=c1, prohibition=[coin(5, 5, _, a3)], sanction=[reduce_300(c1)], clock=1, time=Tue Jan 08 12:46:16 GMT 2013], Prohibition [agent=a1, prohibition=[at(5, 6, a1)], sanction=[reduce_300(a1)], clock=1, time=Tue Jan 08 12:46:18 GMT 2013], Prohibition [agent=a2, prohibition=[at(6, 6, a2)], sanction=[reduce_300(a2)], clock=1, time=Tue Jan 08 12:46:18 GMT 2013], Prohibition [agent=a3, prohibition=[at(6, 6, a3)], sanction=[reduce_300(a3)], clock=1, time=Tue Jan 08 12:46:18 GMT 2013], Prohibition [agent=t1, prohibition=[cargo(_, _, 7)], sanction=[reduce_100(t1)], clock=1, time=Tue Jan 08 12:46:24 GMT 2013], Prohibition [agent=t1, prohibition=[at(5, 5, t1)], sanction=[reduce_300(t1)], clock=1, time=Tue Jan 08 12:51:06 GMT 2013], Prohibition [agent=c1, prohibition=[coin(5, 5, _, a1)], sanction=[reduce_300(c1)], clock=1, time=Tue Jan 08 12:51:07 GMT 2013], Prohibition [agent=c1, prohibition=[coin(5, 5, _, a2)], sanction=[reduce_300(c1)], clock=1, time=Tue Jan 08 12:51:07 GMT 2013], Prohibition [agent=c1, prohibition=[coin(5, 6, _, a3)], sanction=[reduce_300(c1)], clock=1, time=Tue Jan 08 12:51:07 GMT 2013], Prohibition [agent=a1, prohibition=[at(6, 5, a1)], sanction=[reduce_300(a1)], clock=1, time=Tue Jan 08 12:51:09 GMT 2013], Prohibition [agent=a3, prohibition=[at(5, 5, a3)], sanction=[reduce_300(a3)], clock=1, time=Tue Jan 08 12:51:09 GMT 2013], Prohibition [agent=t1, prohibition=[at(5, 5, t1)], sanction=[reduce_300(t1)], clock=1, time=Tue Jan 08 12:59:24 GMT 2013], Prohibition [agent=t1, prohibition=[at(6, 5, t1)], sanction=[reduce_300(t1)], clock=1, time=Tue Jan 08 12:59:24 GMT 2013], Prohibition [agent=c1, prohibition=[coin(6, 6, _, a1)], sanction=[reduce_300(c1)], clock=1, time=Tue Jan 08 12:59:25 GMT 2013], Prohibition [agent=c1, prohibition=[coin(6, 6, _, a2)], sanction=[reduce_300(c1)], clock=1, time=Tue Jan 08 12:59:25 GMT 2013], Prohibition [agent=c1, prohibition=[coin(6, 6, _, a3)], sanction=[reduce_300(c1)], clock=1, time=Tue Jan 08 12:59:25 GMT 2013], Prohibition [agent=t1, prohibition=[cargo(_, _, 2)], sanction=[reduce_100(t1)], clock=1, time=Tue Jan 08 12:36:43 GMT 2013], Prohibition [agent=t1, prohibition=[at(5, 5, t1)], sanction=[reduce_300(t1)], clock=1, time=Tue Jan 08 12:36:43 GMT 2013], Prohibition [agent=t1, prohibition=[at(6, 6, t1)], sanction=[reduce_300(t1)], clock=1, time=Tue Jan 08 12:36:43 GMT 2013], Prohibition [agent=c1, prohibition=[coin(5, 6, _, a1)], sanction=[reduce_300(c1)], clock=1, time=Tue Jan 08 12:36:44 GMT 2013], Prohibition [agent=c1, prohibition=[coin(5, 6, _, a2)], sanction=[reduce_300(c1)], clock=1, time=Tue Jan 08 12:36:44 GMT 2013], Prohibition [agent=a1, prohibition=[at(6, 5, a1)], sanction=[reduce_300(a1)], clock=1, time=Tue Jan 08 12:36:46 GMT 2013], Prohibition [agent=a2, prohibition=[at(6, 5, a2)], sanction=[reduce_300(a2)], clock=1, time=Tue Jan 08 12:36:46 GMT 2013], Prohibition [agent=c1, prohibition=[coin(5, 5, _, a1)], sanction=[reduce_300(c1)], clock=1, time=Tue Jan 08 12:41:10 GMT 2013], Prohibition [agent=a1, prohibition=[at(5, 5, a1)], sanction=[reduce_300(a1)], clock=1, time=Tue Jan 08 12:41:12 GMT 2013], Prohibition [agent=a3, prohibition=[at(5, 5, a3)], sanction=[reduce_300(a3)], clock=1, time=Tue Jan 08 12:41:12 GMT 2013], Prohibition [agent=c1, prohibition=[coin(6, 5, _, a3)], sanction=[reduce_300(c1)], clock=1, time=Tue Jan 08 12:46:16 GMT 2013], Prohibition [agent=t1, prohibition=[at(5, 6, t1)], sanction=[reduce_300(t1)], clock=1, time=Tue Jan 08 12:51:06 GMT 2013], Prohibition [agent=a2, prohibition=[at(5, 5, a2)], sanction=[reduce_300(a2)], clock=1, time=Tue Jan 08 12:51:09 GMT 2013], Prohibition [agent=t1, prohibition=[cargo(_, _, 12)], sanction=[reduce_100(t1)], clock=1, time=Tue Jan 08 12:41:18 GMT 2013], Prohibition [agent=c1, prohibition=[coin(5, 6, _, a3)], sanction=[reduce_300(c1)], clock=1, time=Tue Jan 08 12:46:16 GMT 2013], Prohibition [agent=a2, prohibition=[at(6, 5, a2)], sanction=[reduce_300(a2)], clock=1, time=Tue Jan 08 12:51:09 GMT 2013], Prohibition [agent=t1, prohibition=[at(5, 6, t1)], sanction=[reduce_300(t1)], clock=1, time=Tue Jan 08 12:59:24 GMT 2013]]
java.lang.NullPointerException
	at envJavaSpace.SpaceTest$1.compare(SpaceTest.java:1094)
	at java.util.Arrays.mergeSort(Arrays.java:1270)
	at java.util.Arrays.mergeSort(Arrays.java:1281)
	at java.util.Arrays.mergeSort(Arrays.java:1281)
	at java.util.Arrays.sort(Arrays.java:1210)
	at java.util.Collections.sort(Collections.java:157)
	at envJavaSpace.SpaceTest.getLatest(SpaceTest.java:1090)
	at envJavaSpace.SpaceTest.getAll(SpaceTest.java:1034)
	at envJavaSpace.SpaceTest.readProhibition(SpaceTest.java:987)
	at envJavaSpace.AgentHandler.notify(AgentHandler.java:57)
	at sun.reflect.NativeMethodAccessorImpl.invoke0(Native Method)
	at sun.reflect.NativeMethodAccessorImpl.invoke(NativeMethodAccessorImpl.java:39)
	at sun.reflect.DelegatingMethodAccessorImpl.invoke(DelegatingMethodAccessorImpl.java:25)
	at java.lang.reflect.Method.invoke(Method.java:597)
	at sun.rmi.server.UnicastServerRef.dispatch(UnicastServerRef.java:303)
	at sun.rmi.transport.Transport$1.run(Transport.java:159)
	at java.security.AccessController.doPrivileged(Native Method)
	at sun.rmi.transport.Transport.serviceCall(Transport.java:155)
	at sun.rmi.transport.tcp.TCPTransport.handleMessages(TCPTransport.java:535)
	at sun.rmi.transport.tcp.TCPTransport$ConnectionHandler.run0(TCPTransport.java:790)
	at sun.rmi.transport.tcp.TCPTransport$ConnectionHandler.run(TCPTransport.java:649)
	at java.util.concurrent.ThreadPoolExecutor$Worker.runTask(ThreadPoolExecutor.java:886)
	at java.util.concurrent.ThreadPoolExecutor$Worker.run(ThreadPoolExecutor.java:908)
	at java.lang.Thread.run(Thread.java:680)
java.lang.NullPointerException
	at envJavaSpace.SpaceTest$1.compare(SpaceTest.java:1094)
	at java.util.Arrays.mergeSort(Arrays.java:1270)
	at java.util.Arrays.mergeSort(Arrays.java:1281)
	at java.util.Arrays.mergeSort(Arrays.java:1281)
	at java.util.Arrays.mergeSort(Arrays.java:1281)
	at java.util.Arrays.sort(Arrays.java:1210)
	at java.util.Collections.sort(Collections.java:157)
	at envJavaSpace.SpaceTest.getLatest(SpaceTest.java:1090)
	at envJavaSpace.SpaceTest.getAll(SpaceTest.java:1034)
	at envJavaSpace.SpaceTest.readProhibition(SpaceTest.java:987)
	at envJavaSpace.AgentHandler.notify(AgentHandler.java:57)
	at sun.reflect.NativeMethodAccessorImpl.invoke0(Native Method)
	at sun.reflect.NativeMethodAccessorImpl.invoke(NativeMethodAccessorImpl.java:39)
	at sun.reflect.DelegatingMethodAccessorImpl.invoke(DelegatingMethodAccessorImpl.java:25)
	at java.lang.reflect.Method.invoke(Method.java:597)
	at sun.rmi.server.UnicastServerRef.dispatch(UnicastServerRef.java:303)
	at sun.rmi.transport.Transport$1.run(Transport.java:159)
	at java.security.AccessController.doPrivileged(Native Method)
	at sun.rmi.transport.Transport.serviceCall(Transport.java:155)
	at sun.rmi.transport.tcp.TCPTransport.handleMessages(TCPTransport.java:535)
	at sun.rmi.transport.tcp.TCPTransport$ConnectionHandler.run0(TCPTransport.java:790)
	at sun.rmi.transport.tcp.TCPTransport$ConnectionHandler.run(TCPTransport.java:649)
	at java.util.concurrent.ThreadPoolExecutor$Worker.runTask(ThreadPoolExecutor.java:886)
	at java.util.concurrent.ThreadPoolExecutor$Worker.run(ThreadPoolExecutor.java:908)
	at java.lang.Thread.run(Thread.java:680)
[null]
java.lang.ClassCastException: apapl.data.APLIdent cannot be cast to apapl.data.APLFunction
	at envJavaSpace.SpaceTest.notifyAgent(SpaceTest.java:1108)
	at envJavaSpace.AgentHandler.notify(AgentHandler.java:58)
	at sun.reflect.NativeMethodAccessorImpl.invoke0(Native Method)
	at sun.reflect.NativeMethodAccessorImpl.invoke(NativeMethodAccessorImpl.java:39)
	at sun.reflect.DelegatingMethodAccessorImpl.invoke(DelegatingMethodAccessorImpl.java:25)
	at java.lang.reflect.Method.invoke(Method.java:597)
	at sun.rmi.server.UnicastServerRef.dispatch(UnicastServerRef.java:303)
	at sun.rmi.transport.Transport$1.run(Transport.java:159)
	at java.security.AccessController.doPrivileged(Native Method)
	at sun.rmi.transport.Transport.serviceCall(Transport.java:155)
	at sun.rmi.transport.tcp.TCPTransport.handleMessages(TCPTransport.java:535)
	at sun.rmi.transport.tcp.TCPTransport$ConnectionHandler.run0(TCPTransport.java:790)
	at sun.rmi.transport.tcp.TCPTransport$ConnectionHandler.run(TCPTransport.java:649)
	at java.util.concurrent.ThreadPoolExecutor$Worker.runTask(ThreadPoolExecutor.java:886)
	at java.util.concurrent.ThreadPoolExecutor$Worker.run(ThreadPoolExecutor.java:908)
	at java.lang.Thread.run(Thread.java:680)
[null]
java.lang.ClassCastException: apapl.data.APLIdent cannot be cast to apapl.data.APLFunction
	at envJavaSpace.SpaceTest.notifyAgent(SpaceTest.java:1108)
	at envJavaSpace.AgentHandler.notify(AgentHandler.java:58)
	at sun.reflect.NativeMethodAccessorImpl.invoke0(Native Method)
	at sun.reflect.NativeMethodAccessorImpl.invoke(NativeMethodAccessorImpl.java:39)
	at sun.reflect.DelegatingMethodAccessorImpl.invoke(DelegatingMethodAccessorImpl.java:25)
	at java.lang.reflect.Method.invoke(Method.java:597)
	at sun.rmi.server.UnicastServerRef.dispatch(UnicastServerRef.java:303)
	at sun.rmi.transport.Transport$1.run(Transport.java:159)
	at java.security.AccessController.doPrivileged(Native Method)
	at sun.rmi.transport.Transport.serviceCall(Transport.java:155)
	at sun.rmi.transport.tcp.TCPTransport.handleMessages(TCPTransport.java:535)
	at sun.rmi.transport.tcp.TCPTransport$ConnectionHandler.run0(TCPTransport.java:790)
	at sun.rmi.transport.tcp.TCPTransport$ConnectionHandler.run(TCPTransport.java:649)
	at java.util.concurrent.ThreadPoolExecutor$Worker.runTask(ThreadPoolExecutor.java:886)
	at java.util.concurrent.ThreadPoolExecutor$Worker.run(ThreadPoolExecutor.java:908)
	at java.lang.Thread.run(Thread.java:680)
[null]
java.lang.ClassCastException: apapl.data.APLIdent cannot be cast to apapl.data.APLFunction
	at envJavaSpace.SpaceTest.notifyAgent(SpaceTest.java:1108)
	at envJavaSpace.AgentHandler.notify(AgentHandler.java:58)
	at sun.reflect.NativeMethodAccessorImpl.invoke0(Native Method)
	at sun.reflect.NativeMethodAccessorImpl.invoke(NativeMethodAccessorImpl.java:39)
	at sun.reflect.DelegatingMethodAccessorImpl.invoke(DelegatingMethodAccessorImpl.java:25)
	at java.lang.reflect.Method.invoke(Method.java:597)
	at sun.rmi.server.UnicastServerRef.dispatch(UnicastServerRef.java:303)
	at sun.rmi.transport.Transport$1.run(Transport.java:159)
	at java.security.AccessController.doPrivileged(Native Method)
	at sun.rmi.transport.Transport.serviceCall(Transport.java:155)
	at sun.rmi.transport.tcp.TCPTransport.handleMessages(TCPTransport.java:535)
	at sun.rmi.transport.tcp.TCPTransport$ConnectionHandler.run0(TCPTransport.java:790)
	at sun.rmi.transport.tcp.TCPTransport$ConnectionHandler.run(TCPTransport.java:649)
	at java.util.concurrent.ThreadPoolExecutor$Worker.runTask(ThreadPoolExecutor.java:886)
	at java.util.concurrent.ThreadPoolExecutor$Worker.run(ThreadPoolExecutor.java:908)
	at java.lang.Thread.run(Thread.java:680)
from agent a1  prohibition([at(5, 5, a1)], [reduce_300(a1)])
from agent a1  prohibition([at(5, 6, a1)], [reduce_300(a1)])
from agent a1  prohibition([at(6, 5, a1)], [reduce_300(a1)])
from agent a1  prohibition([at(6, 6, a1)], [reduce_300(a1)])
from agent a2  prohibition([at(5, 5, a2)], [reduce_300(a2)])
from agent a2  prohibition([at(5, 6, a2)], [reduce_300(a2)])
from agent a2  prohibition([at(6, 5, a2)], [reduce_300(a2)])
from agent a2  prohibition([at(6, 6, a2)], [reduce_300(a2)])
from agent a3  prohibition([at(5, 5, a3)], [reduce_300(a3)])
from agent a3  prohibition([at(5, 6, a3)], [reduce_300(a3)])
from agent a3  prohibition([at(6, 5, a3)], [reduce_300(a3)])
from agent a3  prohibition([at(6, 6, a3)], [reduce_300(a3)])
to be compared: [Prohibition [agent=a2, prohibition=[at(6, 6, a2)], sanction=[reduce_300(a2)], clock=1, time=Tue Jan 08 12:59:27 GMT 2013]]
[Prohibition [agent=a2, prohibition=[at(6, 6, a2)], sanction=[reduce_300(a2)], clock=1, time=Tue Jan 08 12:59:27 GMT 2013]]
prohibition(at(6, 6, a2), reduce_300(a2))
to be compared: [Prohibition [agent=a3, prohibition=[at(5, 5, a3)], sanction=[reduce_300(a3)], clock=1, time=Tue Jan 08 12:46:18 GMT 2013], Prohibition [agent=a3, prohibition=[at(6, 6, a3)], sanction=[reduce_300(a3)], clock=1, time=Tue Jan 08 12:51:09 GMT 2013], Prohibition [agent=a1, prohibition=[at(5, 5, a1)], sanction=[reduce_300(a1)], clock=1, time=Tue Jan 08 12:59:27 GMT 2013], Prohibition [agent=a1, prohibition=[at(6, 6, a1)], sanction=[reduce_300(a1)], clock=1, time=Tue Jan 08 12:59:27 GMT 2013], Prohibition [agent=a2, prohibition=[at(6, 5, a2)], sanction=[reduce_300(a2)], clock=1, time=Tue Jan 08 12:59:27 GMT 2013], Prohibition [agent=a3, prohibition=[at(6, 5, a3)], sanction=[reduce_300(a3)], clock=1, time=Tue Jan 08 12:59:27 GMT 2013]]
java.lang.NullPointerException
	at envJavaSpace.SpaceTest$1.compare(SpaceTest.java:1094)
	at java.util.Arrays.mergeSort(Arrays.java:1270)
	at java.util.Arrays.sort(Arrays.java:1210)
	at java.util.Collections.sort(Collections.java:157)
	at envJavaSpace.SpaceTest.getLatest(SpaceTest.java:1090)
	at envJavaSpace.SpaceTest.getAll(SpaceTest.java:1034)
	at envJavaSpace.SpaceTest.readProhibition(SpaceTest.java:987)
	at envJavaSpace.AgentHandler.notify(AgentHandler.java:57)
	at sun.reflect.NativeMethodAccessorImpl.invoke0(Native Method)
	at sun.reflect.NativeMethodAccessorImpl.invoke(NativeMethodAccessorImpl.java:39)
	at sun.reflect.DelegatingMethodAccessorImpl.invoke(DelegatingMethodAccessorImpl.java:25)
	at java.lang.reflect.Method.invoke(Method.java:597)
	at sun.rmi.server.UnicastServerRef.dispatch(UnicastServerRef.java:303)
	at sun.rmi.transport.Transport$1.run(Transport.java:159)
	at java.security.AccessController.doPrivileged(Native Method)
	at sun.rmi.transport.Transport.serviceCall(Transport.java:155)
	at sun.rmi.transport.tcp.TCPTransport.handleMessages(TCPTransport.java:535)
	at sun.rmi.transport.tcp.TCPTransport$ConnectionHandler.run0(TCPTransport.java:790)
	at sun.rmi.transport.tcp.TCPTransport$ConnectionHandler.run(TCPTransport.java:649)
	at java.util.concurrent.ThreadPoolExecutor$Worker.runTask(ThreadPoolExecutor.java:886)
	at java.util.concurrent.ThreadPoolExecutor$Worker.run(ThreadPoolExecutor.java:908)
	at java.lang.Thread.run(Thread.java:680)
to be compared: [Prohibition [agent=a3, prohibition=[at(6, 5, a3)], sanction=[reduce_300(a3)], clock=1, time=Tue Jan 08 12:51:09 GMT 2013], Prohibition [agent=a1, prohibition=[at(5, 6, a1)], sanction=[reduce_300(a1)], clock=1, time=Tue Jan 08 12:59:27 GMT 2013], Prohibition [agent=a2, prohibition=[at(5, 5, a2)], sanction=[reduce_300(a2)], clock=1, time=Tue Jan 08 12:59:27 GMT 2013], Prohibition [agent=a3, prohibition=[at(5, 5, a3)], sanction=[reduce_300(a3)], clock=1, time=Tue Jan 08 12:59:27 GMT 2013], Prohibition [agent=a3, prohibition=[at(6, 6, a3)], sanction=[reduce_300(a3)], clock=1, time=Tue Jan 08 12:59:27 GMT 2013]]
java.lang.NullPointerException
	at envJavaSpace.SpaceTest$1.compare(SpaceTest.java:1094)
	at java.util.Arrays.mergeSort(Arrays.java:1270)
	at java.util.Arrays.sort(Arrays.java:1210)
	at java.util.Collections.sort(Collections.java:157)
	at envJavaSpace.SpaceTest.getLatest(SpaceTest.java:1090)
	at envJavaSpace.SpaceTest.getAll(SpaceTest.java:1034)
	at envJavaSpace.SpaceTest.readProhibition(SpaceTest.java:987)
	at envJavaSpace.AgentHandler.notify(AgentHandler.java:57)
	at sun.reflect.NativeMethodAccessorImpl.invoke0(Native Method)
	at sun.reflect.NativeMethodAccessorImpl.invoke(NativeMethodAccessorImpl.java:39)
	at sun.reflect.DelegatingMethodAccessorImpl.invoke(DelegatingMethodAccessorImpl.java:25)
	at java.lang.reflect.Method.invoke(Method.java:597)
	at sun.rmi.server.UnicastServerRef.dispatch(UnicastServerRef.java:303)
	at sun.rmi.transport.Transport$1.run(Transport.java:159)
	at java.security.AccessController.doPrivileged(Native Method)
	at sun.rmi.transport.Transport.serviceCall(Transport.java:155)
	at sun.rmi.transport.tcp.TCPTransport.handleMessages(TCPTransport.java:535)
	at sun.rmi.transport.tcp.TCPTransport$ConnectionHandler.run0(TCPTransport.java:790)
	at sun.rmi.transport.tcp.TCPTransport$ConnectionHandler.run(TCPTransport.java:649)
	at java.util.concurrent.ThreadPoolExecutor$Worker.runTask(ThreadPoolExecutor.java:886)
	at java.util.concurrent.ThreadPoolExecutor$Worker.run(ThreadPoolExecutor.java:908)
	at java.lang.Thread.run(Thread.java:680)
to be compared: [Prohibition [agent=c1, prohibition=[coin(6, 5, _, a2)], sanction=[reduce_300(c1)], clock=1, time=Tue Jan 08 12:51:07 GMT 2013], Prohibition [agent=c1, prohibition=[coin(5, 6, _, a3)], sanction=[reduce_300(c1)], clock=1, time=Tue Jan 08 12:59:25 GMT 2013], Prohibition [agent=a1, prohibition=[at(6, 5, a1)], sanction=[reduce_300(a1)], clock=1, time=Tue Jan 08 12:59:27 GMT 2013], Prohibition [agent=a2, prohibition=[at(5, 6, a2)], sanction=[reduce_300(a2)], clock=1, time=Tue Jan 08 12:59:27 GMT 2013], Prohibition [agent=a3, prohibition=[at(5, 6, a3)], sanction=[reduce_300(a3)], clock=1, time=Tue Jan 08 12:59:27 GMT 2013], Prohibition [agent=a2, prohibition=[at(6, 6, a2)], sanction=[reduce_300(a2)], clock=1, time=Tue Jan 08 12:59:27 GMT 2013]]
java.lang.NullPointerException
	at envJavaSpace.SpaceTest$1.compare(SpaceTest.java:1094)
	at java.util.Arrays.mergeSort(Arrays.java:1270)
	at java.util.Arrays.sort(Arrays.java:1210)
	at java.util.Collections.sort(Collections.java:157)
	at envJavaSpace.SpaceTest.getLatest(SpaceTest.java:1090)
	at envJavaSpace.SpaceTest.getAll(SpaceTest.java:1034)
	at envJavaSpace.SpaceTest.readProhibition(SpaceTest.java:987)
	at envJavaSpace.AgentHandler.notify(AgentHandler.java:57)
	at sun.reflect.NativeMethodAccessorImpl.invoke0(Native Method)
	at sun.reflect.NativeMethodAccessorImpl.invoke(NativeMethodAccessorImpl.java:39)
	at sun.reflect.DelegatingMethodAccessorImpl.invoke(DelegatingMethodAccessorImpl.java:25)
	at java.lang.reflect.Method.invoke(Method.java:597)
	at sun.rmi.server.UnicastServerRef.dispatch(UnicastServerRef.java:303)
	at sun.rmi.transport.Transport$1.run(Transport.java:159)
	at java.security.AccessController.doPrivileged(Native Method)
	at sun.rmi.transport.Transport.serviceCall(Transport.java:155)
	at sun.rmi.transport.tcp.TCPTransport.handleMessages(TCPTransport.java:535)
	at sun.rmi.transport.tcp.TCPTransport$ConnectionHandler.run0(TCPTransport.java:790)
	at sun.rmi.transport.tcp.TCPTransport$ConnectionHandler.run(TCPTransport.java:649)
	at java.util.concurrent.ThreadPoolExecutor$Worker.runTask(ThreadPoolExecutor.java:886)
	at java.util.concurrent.ThreadPoolExecutor$Worker.run(ThreadPoolExecutor.java:908)
	at java.lang.Thread.run(Thread.java:680)
[null]
java.lang.ClassCastException: apapl.data.APLIdent cannot be cast to apapl.data.APLFunction
	at envJavaSpace.SpaceTest.notifyAgent(SpaceTest.java:1108)
	at envJavaSpace.AgentHandler.notify(AgentHandler.java:58)
	at sun.reflect.GeneratedMethodAccessor32.invoke(Unknown Source)
	at sun.reflect.DelegatingMethodAccessorImpl.invoke(DelegatingMethodAccessorImpl.java:25)
	at java.lang.reflect.Method.invoke(Method.java:597)
	at sun.rmi.server.UnicastServerRef.dispatch(UnicastServerRef.java:303)
	at sun.rmi.transport.Transport$1.run(Transport.java:159)
	at java.security.AccessController.doPrivileged(Native Method)
	at sun.rmi.transport.Transport.serviceCall(Transport.java:155)
	at sun.rmi.transport.tcp.TCPTransport.handleMessages(TCPTransport.java:535)
	at sun.rmi.transport.tcp.TCPTransport$ConnectionHandler.run0(TCPTransport.java:790)
	at sun.rmi.transport.tcp.TCPTransport$ConnectionHandler.run(TCPTransport.java:649)
	at java.util.concurrent.ThreadPoolExecutor$Worker.runTask(ThreadPoolExecutor.java:886)
	at java.util.concurrent.ThreadPoolExecutor$Worker.run(ThreadPoolExecutor.java:908)
	at java.lang.Thread.run(Thread.java:680)
org notified 
