test2.
Service Registrar: cd3a4044-12fc-4239-a9d9-b6afeec3f53d
Java Space found.
TransactionManager found.
PAction created:   position(X, Y) -> reduce_100, priority 0
PAction created:   position(X, Y) -> reduce_200, priority 0
PAction created:   position(X, Y) -> reduce_300, priority 0
PAction created:   position(X, Y) -> reduce_400, priority 0
PAction created:   position(X, Y) -> reduce_500, priority 0
PAction created:   coin(X, Y, A) -> reduce_100, priority 0
PAction created:   coin(X, Y, A) -> reduce_200, priority 0
PAction created:   coin(X, Y, A) -> reduce_300, priority 0
PAction created:   coin(X, Y, A) -> reduce_400, priority 0
PAction created:   coin(X, Y, A) -> reduce_500, priority 0
PAction created:   coin(_, _, _) -> reduce_100, priority 0
PAction created:   coin(_, _, _) -> reduce_200, priority 0
PAction created:   coin(_, _, _) -> reduce_300, priority 0
PAction created:   coin(_, _, _) -> reduce_400, priority 0
PAction created:   coin(_, _, _) -> reduce_500, priority 0
PAction created:   cargo(X, Y) -> reduce_100, priority 0
PAction created:   cargo(X, Y) -> reduce_200, priority 0
PAction created:   cargo(X, Y) -> reduce_300, priority 0
PAction created:   cargo(X, Y) -> reduce_400, priority 0
PAction created:   cargo(X, Y) -> reduce_500, priority 0
PAction created:   cargo(A, _) -> reduce_100, priority 0
PAction created:   cargo(A, _) -> reduce_200, priority 0
PAction created:   cargo(A, _) -> reduce_300, priority 0
PAction created:   cargo(A, _) -> reduce_400, priority 0
PAction created:   cargo(A, _) -> reduce_500, priority 0
PAction created:   reading(X, Y) -> reduce_100, priority 0
PAction created:   reading(X, Y) -> reduce_200, priority 0
PAction created:   reading(X, Y) -> reduce_300, priority 0
PAction created:   reading(X, Y) -> reduce_400, priority 0
PAction created:   reading(X, Y) -> reduce_500, priority 0
PAction created:   investigate(X, Y) -> reduce_100, priority 0
PAction created:   investigate(X, Y) -> reduce_200, priority 0
PAction created:   investigate(X, Y) -> reduce_300, priority 0
PAction created:   investigate(X, Y) -> reduce_400, priority 0
PAction created:   investigate(X, Y) -> reduce_500, priority 0
PAction created:   position(X, Y) -> reduce_100, priority 0
PAction created:   position(X, Y) -> reduce_200, priority 0
PAction created:   position(X, Y) -> reduce_300, priority 0
PAction created:   position(X, Y) -> reduce_400, priority 0
PAction created:   position(X, Y) -> reduce_500, priority 0
PAction created:   coin(X, Y, A) -> reduce_100, priority 0
PAction created:   coin(X, Y, A) -> reduce_200, priority 0
PAction created:   coin(X, Y, A) -> reduce_300, priority 0
PAction created:   coin(X, Y, A) -> reduce_400, priority 0
PAction created:   coin(X, Y, A) -> reduce_500, priority 0
PAction created:   coin(_, _, _) -> reduce_100, priority 0
PAction created:   coin(_, _, _) -> reduce_200, priority 0
PAction created:   coin(_, _, _) -> reduce_300, priority 0
PAction created:   coin(_, _, _) -> reduce_400, priority 0
PAction created:   coin(_, _, _) -> reduce_500, priority 0
PAction created:   cargo(X, Y) -> reduce_100, priority 0
PAction created:   cargo(X, Y) -> reduce_200, priority 0
PAction created:   cargo(X, Y) -> reduce_300, priority 0
PAction created:   cargo(X, Y) -> reduce_400, priority 0
PAction created:   cargo(X, Y) -> reduce_500, priority 0
PAction created:   cargo(A, _) -> reduce_100, priority 0
PAction created:   cargo(A, _) -> reduce_200, priority 0
PAction created:   cargo(A, _) -> reduce_300, priority 0
PAction created:   cargo(A, _) -> reduce_400, priority 0
PAction created:   cargo(A, _) -> reduce_500, priority 0
PAction created:   reading(X, Y) -> reduce_100, priority 0
PAction created:   reading(X, Y) -> reduce_200, priority 0
PAction created:   reading(X, Y) -> reduce_300, priority 0
PAction created:   reading(X, Y) -> reduce_400, priority 0
PAction created:   reading(X, Y) -> reduce_500, priority 0
PAction created:   investigate(X, Y) -> reduce_100, priority 0
PAction created:   investigate(X, Y) -> reduce_200, priority 0
PAction created:   investigate(X, Y) -> reduce_300, priority 0
PAction created:   investigate(X, Y) -> reduce_400, priority 0
PAction created:   investigate(X, Y) -> reduce_500, priority 0
PAction created:   position(X, Y) -> reduce_100, priority 0
PAction created:   position(X, Y) -> reduce_200, priority 0
PAction created:   position(X, Y) -> reduce_300, priority 0
PAction created:   position(X, Y) -> reduce_400, priority 0
PAction created:   position(X, Y) -> reduce_500, priority 0
PAction created:   coin(X, Y, A) -> reduce_100, priority 0
PAction created:   coin(X, Y, A) -> reduce_200, priority 0
PAction created:   coin(X, Y, A) -> reduce_300, priority 0
PAction created:   coin(X, Y, A) -> reduce_400, priority 0
PAction created:   coin(X, Y, A) -> reduce_500, priority 0
PAction created:   coin(_, _, _) -> reduce_100, priority 0
PAction created:   coin(_, _, _) -> reduce_200, priority 0
PAction created:   coin(_, _, _) -> reduce_300, priority 0
PAction created:   coin(_, _, _) -> reduce_400, priority 0
PAction created:   coin(_, _, _) -> reduce_500, priority 0
PAction created:   cargo(X, Y) -> reduce_100, priority 0
PAction created:   cargo(X, Y) -> reduce_200, priority 0
PAction created:   cargo(X, Y) -> reduce_300, priority 0
PAction created:   cargo(X, Y) -> reduce_400, priority 0
PAction created:   cargo(X, Y) -> reduce_500, priority 0
PAction created:   cargo(A, _) -> reduce_100, priority 0
PAction created:   cargo(A, _) -> reduce_200, priority 0
PAction created:   cargo(A, _) -> reduce_300, priority 0
PAction created:   cargo(A, _) -> reduce_400, priority 0
PAction created:   cargo(A, _) -> reduce_500, priority 0
PAction created:   reading(X, Y) -> reduce_100, priority 0
PAction created:   reading(X, Y) -> reduce_200, priority 0
PAction created:   reading(X, Y) -> reduce_300, priority 0
PAction created:   reading(X, Y) -> reduce_400, priority 0
PAction created:   reading(X, Y) -> reduce_500, priority 0
PAction created:   investigate(X, Y) -> reduce_100, priority 0
PAction created:   investigate(X, Y) -> reduce_200, priority 0
PAction created:   investigate(X, Y) -> reduce_300, priority 0
PAction created:   investigate(X, Y) -> reduce_400, priority 0
PAction created:   investigate(X, Y) -> reduce_500, priority 0
PAction created:   position(X, Y) -> reduce_100, priority 0
PAction created:   position(X, Y) -> reduce_200, priority 0
PAction created:   position(X, Y) -> reduce_300, priority 0
PAction created:   position(X, Y) -> reduce_400, priority 0
PAction created:   position(X, Y) -> reduce_500, priority 0
PAction created:   coin(X, Y, A) -> reduce_100, priority 0
PAction created:   coin(X, Y, A) -> reduce_200, priority 0
PAction created:   coin(X, Y, A) -> reduce_300, priority 0
PAction created:   coin(X, Y, A) -> reduce_400, priority 0
PAction created:   coin(X, Y, A) -> reduce_500, priority 0
PAction created:   coin(_, _, _) -> reduce_100, priority 0
PAction created:   coin(_, _, _) -> reduce_200, priority 0
PAction created:   coin(_, _, _) -> reduce_300, priority 0
PAction created:   coin(_, _, _) -> reduce_400, priority 0
PAction created:   coin(_, _, _) -> reduce_500, priority 0
PAction created:   cargo(X, Y) -> reduce_100, priority 0
PAction created:   cargo(X, Y) -> reduce_200, priority 0
PAction created:   cargo(X, Y) -> reduce_300, priority 0
PAction created:   cargo(X, Y) -> reduce_400, priority 0
PAction created:   cargo(X, Y) -> reduce_500, priority 0
PAction created:   cargo(A, _) -> reduce_100, priority 0
PAction created:   cargo(A, _) -> reduce_200, priority 0
PAction created:   cargo(A, _) -> reduce_300, priority 0
PAction created:   cargo(A, _) -> reduce_400, priority 0
PAction created:   cargo(A, _) -> reduce_500, priority 0
PAction created:   reading(X, Y) -> reduce_100, priority 0
PAction created:   reading(X, Y) -> reduce_200, priority 0
PAction created:   reading(X, Y) -> reduce_300, priority 0
PAction created:   reading(X, Y) -> reduce_400, priority 0
PAction created:   reading(X, Y) -> reduce_500, priority 0
PAction created:   investigate(X, Y) -> reduce_100, priority 0
PAction created:   investigate(X, Y) -> reduce_200, priority 0
PAction created:   investigate(X, Y) -> reduce_300, priority 0
PAction created:   investigate(X, Y) -> reduce_400, priority 0
PAction created:   investigate(X, Y) -> reduce_500, priority 0
PAction created:   position(X, Y) -> reduce_100, priority 0
PAction created:   position(X, Y) -> reduce_200, priority 0
PAction created:   position(X, Y) -> reduce_300, priority 0
PAction created:   position(X, Y) -> reduce_400, priority 0
PAction created:   position(X, Y) -> reduce_500, priority 0
PAction created:   coin(X, Y, A) -> reduce_100, priority 0
PAction created:   coin(X, Y, A) -> reduce_200, priority 0
PAction created:   coin(X, Y, A) -> reduce_300, priority 0
PAction created:   coin(X, Y, A) -> reduce_400, priority 0
PAction created:   coin(X, Y, A) -> reduce_500, priority 0
PAction created:   coin(_, _, _) -> reduce_100, priority 0
PAction created:   coin(_, _, _) -> reduce_200, priority 0
PAction created:   coin(_, _, _) -> reduce_300, priority 0
PAction created:   coin(_, _, _) -> reduce_400, priority 0
PAction created:   coin(_, _, _) -> reduce_500, priority 0
PAction created:   cargo(X, Y) -> reduce_100, priority 0
PAction created:   cargo(X, Y) -> reduce_200, priority 0
PAction created:   cargo(X, Y) -> reduce_300, priority 0
PAction created:   cargo(X, Y) -> reduce_400, priority 0
PAction created:   cargo(X, Y) -> reduce_500, priority 0
PAction created:   cargo(A, _) -> reduce_100, priority 0
PAction created:   cargo(A, _) -> reduce_200, priority 0
PAction created:   cargo(A, _) -> reduce_300, priority 0
PAction created:   cargo(A, _) -> reduce_400, priority 0
PAction created:   cargo(A, _) -> reduce_500, priority 0
PAction created:   reading(X, Y) -> reduce_100, priority 0
PAction created:   reading(X, Y) -> reduce_200, priority 0
PAction created:   reading(X, Y) -> reduce_300, priority 0
PAction created:   reading(X, Y) -> reduce_400, priority 0
PAction created:   reading(X, Y) -> reduce_500, priority 0
PAction created:   investigate(X, Y) -> reduce_100, priority 0
PAction created:   investigate(X, Y) -> reduce_200, priority 0
PAction created:   investigate(X, Y) -> reduce_300, priority 0
PAction created:   investigate(X, Y) -> reduce_400, priority 0
PAction created:   investigate(X, Y) -> reduce_500, priority 0
register a1
register a2
register a3
register c1
register t1
from/for agent t1  cargo(position(19, 19), 0)
Agent writes: Cargo [id=null, cell=Cell [x=19, y=19], time=Tue Jun 04 14:26:01 BST 2013, clock=0]
org cargo notification
Cargo [id=null, cell=null, time=null, clock=null]
from/for agent c1  coin(position(8, 6), 0, a1)
Agent writes: Coin [id=null, cell=Cell [x=8, y=6], agent=a1, time=Tue Jun 04 14:26:01 BST 2013, clock=0]
Coin [id=null, cell=null, agent=a1, time=null, clock=null]
from/for agent t1  status(position(18, 19), 0)
Agent writes: Position [agent=t1, id=null, cell=Cell [x=18, y=19], time=Tue Jun 04 14:26:01 BST 2013, clock=0]
from/for agent c1  coin(position(16, 6), 0, a2)
Agent writes: Coin [id=null, cell=Cell [x=16, y=6], agent=a2, time=Tue Jun 04 14:26:01 BST 2013, clock=0]
from/for agent a1  status(position(3, 4), 0)
Agent writes: Position [agent=a1, id=null, cell=Cell [x=3, y=4], time=Tue Jun 04 14:26:01 BST 2013, clock=0]
from/for agent a2  status(position(7, 19), 0)
Agent writes: Position [agent=a2, id=null, cell=Cell [x=7, y=19], time=Tue Jun 04 14:26:01 BST 2013, clock=0]
from/for agent a3  status(position(11, 2), 0)
Agent writes: Position [agent=a3, id=null, cell=Cell [x=11, y=2], time=Tue Jun 04 14:26:01 BST 2013, clock=0]
from/for agent a1  status(position(3, 4), 0)
Agent writes: Position [agent=a1, id=null, cell=Cell [x=3, y=4], time=Tue Jun 04 14:26:01 BST 2013, clock=0]
from/for agent a1  obligation([makeReading(8, 6)], 50, [reduce_400(a1)])
Organization notifies agent (write): Obligation [agent=a1, obligation=[makeReading(8, 6)], sanction=[reduce_400(a1)], deadline=50, time=Tue Jun 04 14:26:01 BST 2013, clock=0]
Coin [id=null, cell=null, agent=a2, time=null, clock=null]
Got event for a1
agent obligation notification
from/for agent c1  coin(position(3, 9), 0, a3)
Agent writes: Coin [id=null, cell=Cell [x=3, y=9], agent=a3, time=Tue Jun 04 14:26:02 BST 2013, clock=0]
from/for agent a1  obligation([makeReading(16, 6)], 50, [reduce_400(a1)])
Organization notifies agent (write): Obligation [agent=a1, obligation=[makeReading(16, 6)], sanction=[reduce_400(a1)], deadline=50, time=Tue Jun 04 14:26:02 BST 2013, clock=0]
Event sent to agent      a1 obligation(makeReading(8, 6), 50, reduce_400(a1))
Coin [id=null, cell=null, agent=a3, time=null, clock=null]
Got event for a1
agent obligation notification
Event processed adoptObligation(makeReading(8, 6), 50, reduce_400(a1))
PAction created:   position(X, Y) -> reduce_100, priority 0
PAction created:   position(X, Y) -> reduce_200, priority 0
PAction created:   position(X, Y) -> reduce_300, priority 0
PAction created:   position(X, Y) -> reduce_400, priority 0
PAction created:   position(X, Y) -> reduce_500, priority 0
PAction created:   coin(X, Y, A) -> reduce_100, priority 0
PAction created:   coin(X, Y, A) -> reduce_200, priority 0
PAction created:   coin(X, Y, A) -> reduce_300, priority 0
PAction created:   coin(X, Y, A) -> reduce_400, priority 0
PAction created:   coin(X, Y, A) -> reduce_500, priority 0
PAction created:   coin(_, _, _) -> reduce_100, priority 0
PAction created:   coin(_, _, _) -> reduce_200, priority 0
PAction created:   coin(_, _, _) -> reduce_300, priority 0
PAction created:   coin(_, _, _) -> reduce_400, priority 0
PAction created:   coin(_, _, _) -> reduce_500, priority 0
PAction created:   cargo(X, Y) -> reduce_100, priority 0
PAction created:   cargo(X, Y) -> reduce_200, priority 0
PAction created:   cargo(X, Y) -> reduce_300, priority 0
PAction created:   cargo(X, Y) -> reduce_400, priority 0
PAction created:   cargo(X, Y) -> reduce_500, priority 0
PAction created:   cargo(A, _) -> reduce_100, priority 0
PAction created:   cargo(A, _) -> reduce_200, priority 0
PAction created:   cargo(A, _) -> reduce_300, priority 0
PAction created:   cargo(A, _) -> reduce_400, priority 0
PAction created:   cargo(A, _) -> reduce_500, priority 0
PAction created:   reading(X, Y) -> reduce_100, priority 0
PAction created:   reading(X, Y) -> reduce_200, priority 0
PAction created:   reading(X, Y) -> reduce_300, priority 0
PAction created:   reading(X, Y) -> reduce_400, priority 0
PAction created:   reading(X, Y) -> reduce_500, priority 0
Event sent to agent      a1 obligation(makeReading(16, 6), 50, reduce_400(a1))
from/for agent t1  status(position(17, 19), 0)
Agent writes: Position [agent=t1, id=null, cell=Cell [x=17, y=19], time=Tue Jun 04 14:26:03 BST 2013, clock=0]
from/for agent a2  status(position(6, 19), 0)
Agent writes: Position [agent=a2, id=null, cell=Cell [x=6, y=19], time=Tue Jun 04 14:26:03 BST 2013, clock=0]
from/for agent a3  status(position(11, 3), 0)
Agent writes: Position [agent=a3, id=null, cell=Cell [x=11, y=3], time=Tue Jun 04 14:26:03 BST 2013, clock=0]
from/for agent a1  obligation([makeReading(3, 9)], 50, [reduce_400(a1)])
Organization notifies agent (write): Obligation [agent=a1, obligation=[makeReading(3, 9)], sanction=[reduce_400(a1)], deadline=50, time=Tue Jun 04 14:26:04 BST 2013, clock=0]
Coin [id=null, cell=null, agent=a1, time=null, clock=null]
Got event for a1
agent obligation notification
Event processed adoptObligation(makeReading(16, 6), 50, reduce_400(a1))
PAction created:   position(X, Y) -> reduce_100, priority 0
PAction created:   position(X, Y) -> reduce_200, priority 0
PAction created:   position(X, Y) -> reduce_300, priority 0
PAction created:   position(X, Y) -> reduce_400, priority 0
PAction created:   position(X, Y) -> reduce_500, priority 0
PAction created:   coin(X, Y, A) -> reduce_100, priority 0
PAction created:   coin(X, Y, A) -> reduce_200, priority 0
PAction created:   coin(X, Y, A) -> reduce_300, priority 0
PAction created:   coin(X, Y, A) -> reduce_400, priority 0
PAction created:   coin(X, Y, A) -> reduce_500, priority 0
PAction created:   coin(_, _, _) -> reduce_100, priority 0
PAction created:   coin(_, _, _) -> reduce_200, priority 0
PAction created:   coin(_, _, _) -> reduce_300, priority 0
PAction created:   coin(_, _, _) -> reduce_400, priority 0
PAction created:   coin(_, _, _) -> reduce_500, priority 0
PAction created:   cargo(X, Y) -> reduce_100, priority 0
PAction created:   cargo(X, Y) -> reduce_200, priority 0
PAction created:   cargo(X, Y) -> reduce_300, priority 0
PAction created:   cargo(X, Y) -> reduce_400, priority 0
PAction created:   cargo(X, Y) -> reduce_500, priority 0
PAction created:   cargo(A, _) -> reduce_100, priority 0
PAction created:   cargo(A, _) -> reduce_200, priority 0
PAction created:   cargo(A, _) -> reduce_300, priority 0
PAction created:   cargo(A, _) -> reduce_400, priority 0
PAction created:   cargo(A, _) -> reduce_500, priority 0
PAction created:   reading(X, Y) -> reduce_100, priority 0
PAction created:   reading(X, Y) -> reduce_200, priority 0
PAction created:   reading(X, Y) -> reduce_300, priority 0
PAction created:   reading(X, Y) -> reduce_400, priority 0
PAction created:   reading(X, Y) -> reduce_500, priority 0
Event sent to agent      a1 obligation(makeReading(3, 9), 50, reduce_400(a1))
from/for agent t1  status(position(16, 19), 0)
Agent writes: Position [agent=t1, id=null, cell=Cell [x=16, y=19], time=Tue Jun 04 14:26:05 BST 2013, clock=0]
from/for agent a2  status(position(5, 19), 0)
Agent writes: Position [agent=a2, id=null, cell=Cell [x=5, y=19], time=Tue Jun 04 14:26:05 BST 2013, clock=0]
from/for agent a3  status(position(11, 4), 0)
Agent writes: Position [agent=a3, id=null, cell=Cell [x=11, y=4], time=Tue Jun 04 14:26:05 BST 2013, clock=0]
from/for agent a1  status(position(3, 5), 0)
Agent writes: Position [agent=a1, id=null, cell=Cell [x=3, y=5], time=Tue Jun 04 14:26:05 BST 2013, clock=0]
from/for agent a2  obligation([makeReading(8, 6)], 50, [reduce_400(a2)])
Organization notifies agent (write): Obligation [agent=a2, obligation=[makeReading(8, 6)], sanction=[reduce_400(a2)], deadline=50, time=Tue Jun 04 14:26:05 BST 2013, clock=0]
from/for agent a1  status(position(3, 5), 0)
Agent writes: Position [agent=a1, id=null, cell=Cell [x=3, y=5], time=Tue Jun 04 14:26:05 BST 2013, clock=0]
Coin [id=null, cell=null, agent=a2, time=null, clock=null]
Got event for a2
agent obligation notification
Event processed adoptObligation(makeReading(3, 9), 50, reduce_400(a1))
PAction created:   position(X, Y) -> reduce_100, priority 0
PAction created:   position(X, Y) -> reduce_200, priority 0
PAction created:   position(X, Y) -> reduce_300, priority 0
PAction created:   position(X, Y) -> reduce_400, priority 0
PAction created:   position(X, Y) -> reduce_500, priority 0
PAction created:   coin(X, Y, A) -> reduce_100, priority 0
PAction created:   coin(X, Y, A) -> reduce_200, priority 0
PAction created:   coin(X, Y, A) -> reduce_300, priority 0
PAction created:   coin(X, Y, A) -> reduce_400, priority 0
PAction created:   coin(X, Y, A) -> reduce_500, priority 0
PAction created:   coin(_, _, _) -> reduce_100, priority 0
PAction created:   coin(_, _, _) -> reduce_200, priority 0
PAction created:   coin(_, _, _) -> reduce_300, priority 0
PAction created:   coin(_, _, _) -> reduce_400, priority 0
PAction created:   coin(_, _, _) -> reduce_500, priority 0
PAction created:   cargo(X, Y) -> reduce_100, priority 0
PAction created:   cargo(X, Y) -> reduce_200, priority 0
PAction created:   cargo(X, Y) -> reduce_300, priority 0
PAction created:   cargo(X, Y) -> reduce_400, priority 0
PAction created:   cargo(X, Y) -> reduce_500, priority 0
PAction created:   cargo(A, _) -> reduce_100, priority 0
PAction created:   cargo(A, _) -> reduce_200, priority 0
PAction created:   cargo(A, _) -> reduce_300, priority 0
PAction created:   cargo(A, _) -> reduce_400, priority 0
PAction created:   cargo(A, _) -> reduce_500, priority 0
PAction created:   reading(X, Y) -> reduce_100, priority 0
PAction created:   reading(X, Y) -> reduce_200, priority 0
PAction created:   reading(X, Y) -> reduce_300, priority 0
PAction created:   reading(X, Y) -> reduce_400, priority 0
PAction created:   reading(X, Y) -> reduce_500, priority 0
Event sent to agent      a2 obligation(makeReading(8, 6), 50, reduce_400(a2))
Event processed adoptObligation(makeReading(8, 6), 50, reduce_400(a2))
PAction created:   position(X, Y) -> reduce_100, priority 0
PAction created:   position(X, Y) -> reduce_200, priority 0
PAction created:   position(X, Y) -> reduce_300, priority 0
PAction created:   position(X, Y) -> reduce_400, priority 0
PAction created:   position(X, Y) -> reduce_500, priority 0
PAction created:   coin(X, Y, A) -> reduce_100, priority 0
PAction created:   coin(X, Y, A) -> reduce_200, priority 0
PAction created:   coin(X, Y, A) -> reduce_300, priority 0
PAction created:   coin(X, Y, A) -> reduce_400, priority 0
PAction created:   coin(X, Y, A) -> reduce_500, priority 0
PAction created:   coin(_, _, _) -> reduce_100, priority 0
PAction created:   coin(_, _, _) -> reduce_200, priority 0
PAction created:   coin(_, _, _) -> reduce_300, priority 0
PAction created:   coin(_, _, _) -> reduce_400, priority 0
PAction created:   coin(_, _, _) -> reduce_500, priority 0
PAction created:   cargo(X, Y) -> reduce_100, priority 0
PAction created:   cargo(X, Y) -> reduce_200, priority 0
PAction created:   cargo(X, Y) -> reduce_300, priority 0
PAction created:   cargo(X, Y) -> reduce_400, priority 0
PAction created:   cargo(X, Y) -> reduce_500, priority 0
PAction created:   cargo(A, _) -> reduce_100, priority 0
PAction created:   cargo(A, _) -> reduce_200, priority 0
PAction created:   cargo(A, _) -> reduce_300, priority 0
PAction created:   cargo(A, _) -> reduce_400, priority 0
PAction created:   cargo(A, _) -> reduce_500, priority 0
PAction created:   reading(X, Y) -> reduce_100, priority 0
PAction created:   reading(X, Y) -> reduce_200, priority 0
PAction created:   reading(X, Y) -> reduce_300, priority 0
PAction created:   reading(X, Y) -> reduce_400, priority 0
PAction created:   reading(X, Y) -> reduce_500, priority 0
from/for agent a2  obligation([makeReading(16, 6)], 50, [reduce_400(a2)])
Organization notifies agent (write): Obligation [agent=a2, obligation=[makeReading(16, 6)], sanction=[reduce_400(a2)], deadline=50, time=Tue Jun 04 14:26:06 BST 2013, clock=0]
from/for agent a2  status(position(4, 19), 0)
Agent writes: Position [agent=a2, id=null, cell=Cell [x=4, y=19], time=Tue Jun 04 14:26:06 BST 2013, clock=0]
from/for agent a3  status(position(11, 5), 0)
Agent writes: Position [agent=a3, id=null, cell=Cell [x=11, y=5], time=Tue Jun 04 14:26:06 BST 2013, clock=0]
Got event for a2
agent obligation notification
Event sent to agent      a2 obligation(makeReading(16, 6), 50, reduce_400(a2))
Coin [id=null, cell=null, agent=a3, time=null, clock=null]
Event processed adoptObligation(makeReading(16, 6), 50, reduce_400(a2))
PAction created:   position(X, Y) -> reduce_100, priority 0
PAction created:   position(X, Y) -> reduce_200, priority 0
PAction created:   position(X, Y) -> reduce_300, priority 0
PAction created:   position(X, Y) -> reduce_400, priority 0
PAction created:   position(X, Y) -> reduce_500, priority 0
PAction created:   coin(X, Y, A) -> reduce_100, priority 0
PAction created:   coin(X, Y, A) -> reduce_200, priority 0
PAction created:   coin(X, Y, A) -> reduce_300, priority 0
PAction created:   coin(X, Y, A) -> reduce_400, priority 0
PAction created:   coin(X, Y, A) -> reduce_500, priority 0
PAction created:   coin(_, _, _) -> reduce_100, priority 0
PAction created:   coin(_, _, _) -> reduce_200, priority 0
PAction created:   coin(_, _, _) -> reduce_300, priority 0
PAction created:   coin(_, _, _) -> reduce_400, priority 0
PAction created:   coin(_, _, _) -> reduce_500, priority 0
PAction created:   cargo(X, Y) -> reduce_100, priority 0
PAction created:   cargo(X, Y) -> reduce_200, priority 0
PAction created:   cargo(X, Y) -> reduce_300, priority 0
PAction created:   cargo(X, Y) -> reduce_400, priority 0
PAction created:   cargo(X, Y) -> reduce_500, priority 0
PAction created:   cargo(A, _) -> reduce_100, priority 0
PAction created:   cargo(A, _) -> reduce_200, priority 0
PAction created:   cargo(A, _) -> reduce_300, priority 0
PAction created:   cargo(A, _) -> reduce_400, priority 0
PAction created:   cargo(A, _) -> reduce_500, priority 0
PAction created:   reading(X, Y) -> reduce_100, priority 0
PAction created:   reading(X, Y) -> reduce_200, priority 0
PAction created:   reading(X, Y) -> reduce_300, priority 0
PAction created:   reading(X, Y) -> reduce_400, priority 0
PAction created:   reading(X, Y) -> reduce_500, priority 0
from/for agent t1  status(position(15, 19), 0)
Agent writes: Position [agent=t1, id=null, cell=Cell [x=15, y=19], time=Tue Jun 04 14:26:08 BST 2013, clock=0]
from/for agent a3  status(position(11, 6), 0)
Agent writes: Position [agent=a3, id=null, cell=Cell [x=11, y=6], time=Tue Jun 04 14:26:08 BST 2013, clock=0]
from/for agent a2  status(position(6, 19), 0)
Agent writes: Position [agent=a2, id=null, cell=Cell [x=6, y=19], time=Tue Jun 04 14:26:08 BST 2013, clock=0]
from/for agent a2  obligation([makeReading(3, 9)], 50, [reduce_400(a2)])
Organization notifies agent (write): Obligation [agent=a2, obligation=[makeReading(3, 9)], sanction=[reduce_400(a2)], deadline=50, time=Tue Jun 04 14:26:08 BST 2013, clock=0]
from/for agent a1  status(position(3, 5), 0)
Agent writes: Position [agent=a1, id=null, cell=Cell [x=3, y=5], time=Tue Jun 04 14:26:08 BST 2013, clock=0]
Coin [id=null, cell=null, agent=a1, time=null, clock=null]
Got event for a2
agent obligation notification
from/for agent a1  status(position(3, 5), 0)
Agent writes: Position [agent=a1, id=null, cell=Cell [x=3, y=5], time=Tue Jun 04 14:26:08 BST 2013, clock=0]
Event sent to agent      a2 obligation(makeReading(3, 9), 50, reduce_400(a2))
from/for agent t1  status(position(14, 19), 0)
Agent writes: Position [agent=t1, id=null, cell=Cell [x=14, y=19], time=Tue Jun 04 14:26:09 BST 2013, clock=0]
from/for agent a2  status(position(3, 19), 0)
Agent writes: Position [agent=a2, id=null, cell=Cell [x=3, y=19], time=Tue Jun 04 14:26:09 BST 2013, clock=0]
Event processed adoptObligation(makeReading(3, 9), 50, reduce_400(a2))
PAction created:   position(X, Y) -> reduce_100, priority 0
PAction created:   position(X, Y) -> reduce_200, priority 0
PAction created:   position(X, Y) -> reduce_300, priority 0
PAction created:   position(X, Y) -> reduce_400, priority 0
PAction created:   position(X, Y) -> reduce_500, priority 0
PAction created:   coin(X, Y, A) -> reduce_100, priority 0
PAction created:   coin(X, Y, A) -> reduce_200, priority 0
PAction created:   coin(X, Y, A) -> reduce_300, priority 0
PAction created:   coin(X, Y, A) -> reduce_400, priority 0
PAction created:   coin(X, Y, A) -> reduce_500, priority 0
PAction created:   coin(_, _, _) -> reduce_100, priority 0
PAction created:   coin(_, _, _) -> reduce_200, priority 0
PAction created:   coin(_, _, _) -> reduce_300, priority 0
PAction created:   coin(_, _, _) -> reduce_400, priority 0
PAction created:   coin(_, _, _) -> reduce_500, priority 0
PAction created:   cargo(X, Y) -> reduce_100, priority 0
PAction created:   cargo(X, Y) -> reduce_200, priority 0
PAction created:   cargo(X, Y) -> reduce_300, priority 0
PAction created:   cargo(X, Y) -> reduce_400, priority 0
PAction created:   cargo(X, Y) -> reduce_500, priority 0
PAction created:   cargo(A, _) -> reduce_100, priority 0
PAction created:   cargo(A, _) -> reduce_200, priority 0
PAction created:   cargo(A, _) -> reduce_300, priority 0
PAction created:   cargo(A, _) -> reduce_400, priority 0
PAction created:   cargo(A, _) -> reduce_500, priority 0
PAction created:   reading(X, Y) -> reduce_100, priority 0
PAction created:   reading(X, Y) -> reduce_200, priority 0
PAction created:   reading(X, Y) -> reduce_300, priority 0
PAction created:   reading(X, Y) -> reduce_400, priority 0
PAction created:   reading(X, Y) -> reduce_500, priority 0
from/for agent a3  obligation([makeReading(8, 6)], 50, [reduce_400(a3)])
Organization notifies agent (write): Obligation [agent=a3, obligation=[makeReading(8, 6)], sanction=[reduce_400(a3)], deadline=50, time=Tue Jun 04 14:26:09 BST 2013, clock=0]
Got event for a3
agent obligation notification
from/for agent a3  status(position(11, 7), 0)
Agent writes: Position [agent=a3, id=null, cell=Cell [x=11, y=7], time=Tue Jun 04 14:26:10 BST 2013, clock=0]
Event sent to agent      a3 obligation(makeReading(8, 6), 50, reduce_400(a3))
Coin [id=null, cell=null, agent=a2, time=null, clock=null]
from/for agent a3  obligation([makeReading(16, 6)], 50, [reduce_400(a3)])
Organization notifies agent (write): Obligation [agent=a3, obligation=[makeReading(16, 6)], sanction=[reduce_400(a3)], deadline=50, time=Tue Jun 04 14:26:10 BST 2013, clock=0]
Coin [id=null, cell=null, agent=a3, time=null, clock=null]
Got event for a3
agent obligation notification
Event processed adoptObligation(makeReading(8, 6), 50, reduce_400(a3))
PAction created:   position(X, Y) -> reduce_100, priority 0
PAction created:   position(X, Y) -> reduce_200, priority 0
PAction created:   position(X, Y) -> reduce_300, priority 0
PAction created:   position(X, Y) -> reduce_400, priority 0
PAction created:   position(X, Y) -> reduce_500, priority 0
PAction created:   coin(X, Y, A) -> reduce_100, priority 0
PAction created:   coin(X, Y, A) -> reduce_200, priority 0
PAction created:   coin(X, Y, A) -> reduce_300, priority 0
PAction created:   coin(X, Y, A) -> reduce_400, priority 0
PAction created:   coin(X, Y, A) -> reduce_500, priority 0
PAction created:   coin(_, _, _) -> reduce_100, priority 0
PAction created:   coin(_, _, _) -> reduce_200, priority 0
PAction created:   coin(_, _, _) -> reduce_300, priority 0
PAction created:   coin(_, _, _) -> reduce_400, priority 0
PAction created:   coin(_, _, _) -> reduce_500, priority 0
PAction created:   cargo(X, Y) -> reduce_100, priority 0
PAction created:   cargo(X, Y) -> reduce_200, priority 0
PAction created:   cargo(X, Y) -> reduce_300, priority 0
PAction created:   cargo(X, Y) -> reduce_400, priority 0
PAction created:   cargo(X, Y) -> reduce_500, priority 0
PAction created:   cargo(A, _) -> reduce_100, priority 0
PAction created:   cargo(A, _) -> reduce_200, priority 0
PAction created:   cargo(A, _) -> reduce_300, priority 0
PAction created:   cargo(A, _) -> reduce_400, priority 0
PAction created:   cargo(A, _) -> reduce_500, priority 0
PAction created:   reading(X, Y) -> reduce_100, priority 0
PAction created:   reading(X, Y) -> reduce_200, priority 0
PAction created:   reading(X, Y) -> reduce_300, priority 0
PAction created:   reading(X, Y) -> reduce_400, priority 0
PAction created:   reading(X, Y) -> reduce_500, priority 0
Event sent to agent      a3 obligation(makeReading(16, 6), 50, reduce_400(a3))
from/for agent a1  status(position(4, 5), 0)
Agent writes: Position [agent=a1, id=null, cell=Cell [x=4, y=5], time=Tue Jun 04 14:26:11 BST 2013, clock=0]
from/for agent a3  obligation([makeReading(3, 9)], 50, [reduce_400(a3)])
Organization notifies agent (write): Obligation [agent=a3, obligation=[makeReading(3, 9)], sanction=[reduce_400(a3)], deadline=50, time=Tue Jun 04 14:26:11 BST 2013, clock=0]
from/for agent a1  status(position(3, 6), 0)
Agent writes: Position [agent=a1, id=null, cell=Cell [x=3, y=6], time=Tue Jun 04 14:26:11 BST 2013, clock=0]
from/for agent t1  prohibition([at(5, 5, t1)], [reduce_300(t1)])
Organization notifies agent (write): Prohibition [agent=t1, prohibition=[at(5, 5, t1)], sanction=[reduce_300(t1)], clock=0, time=Tue Jun 04 14:26:11 BST 2013]
from/for agent t1  prohibition([at(5, 6, t1)], [reduce_300(t1)])
Organization notifies agent (write): Prohibition [agent=t1, prohibition=[at(5, 6, t1)], sanction=[reduce_300(t1)], clock=0, time=Tue Jun 04 14:26:11 BST 2013]
Got event for a3
agent obligation notification
Got event for t1
agent prohibition notification
Event processed adoptObligation(makeReading(16, 6), 50, reduce_400(a3))
PAction created:   position(X, Y) -> reduce_100, priority 0
PAction created:   position(X, Y) -> reduce_200, priority 0
PAction created:   position(X, Y) -> reduce_300, priority 0
PAction created:   position(X, Y) -> reduce_400, priority 0
PAction created:   position(X, Y) -> reduce_500, priority 0
PAction created:   coin(X, Y, A) -> reduce_100, priority 0
PAction created:   coin(X, Y, A) -> reduce_200, priority 0
PAction created:   coin(X, Y, A) -> reduce_300, priority 0
PAction created:   coin(X, Y, A) -> reduce_400, priority 0
PAction created:   coin(X, Y, A) -> reduce_500, priority 0
PAction created:   coin(_, _, _) -> reduce_100, priority 0
PAction created:   coin(_, _, _) -> reduce_200, priority 0
PAction created:   coin(_, _, _) -> reduce_300, priority 0
PAction created:   coin(_, _, _) -> reduce_400, priority 0
PAction created:   coin(_, _, _) -> reduce_500, priority 0
PAction created:   cargo(X, Y) -> reduce_100, priority 0
PAction created:   cargo(X, Y) -> reduce_200, priority 0
PAction created:   cargo(X, Y) -> reduce_300, priority 0
PAction created:   cargo(X, Y) -> reduce_400, priority 0
PAction created:   cargo(X, Y) -> reduce_500, priority 0
PAction created:   cargo(A, _) -> reduce_100, priority 0
PAction created:   cargo(A, _) -> reduce_200, priority 0
PAction created:   cargo(A, _) -> reduce_300, priority 0
PAction created:   cargo(A, _) -> reduce_400, priority 0
PAction created:   cargo(A, _) -> reduce_500, priority 0
PAction created:   reading(X, Y) -> reduce_100, priority 0
PAction created:   reading(X, Y) -> reduce_200, priority 0
PAction created:   reading(X, Y) -> reduce_300, priority 0
PAction created:   reading(X, Y) -> reduce_400, priority 0
PAction created:   reading(X, Y) -> reduce_500, priority 0
Event sent to agent      a3 obligation(makeReading(3, 9), 50, reduce_400(a3))
from/for agent t1  status(position(13, 19), 0)
Agent writes: Position [agent=t1, id=null, cell=Cell [x=13, y=19], time=Tue Jun 04 14:26:11 BST 2013, clock=0]
Event processed adoptObligation(makeReading(3, 9), 50, reduce_400(a3))
PAction created:   position(X, Y) -> reduce_100, priority 0
PAction created:   position(X, Y) -> reduce_200, priority 0
PAction created:   position(X, Y) -> reduce_300, priority 0
PAction created:   position(X, Y) -> reduce_400, priority 0
PAction created:   position(X, Y) -> reduce_500, priority 0
PAction created:   coin(X, Y, A) -> reduce_100, priority 0
PAction created:   coin(X, Y, A) -> reduce_200, priority 0
PAction created:   coin(X, Y, A) -> reduce_300, priority 0
PAction created:   coin(X, Y, A) -> reduce_400, priority 0
PAction created:   coin(X, Y, A) -> reduce_500, priority 0
PAction created:   coin(_, _, _) -> reduce_100, priority 0
PAction created:   coin(_, _, _) -> reduce_200, priority 0
PAction created:   coin(_, _, _) -> reduce_300, priority 0
PAction created:   coin(_, _, _) -> reduce_400, priority 0
PAction created:   coin(_, _, _) -> reduce_500, priority 0
PAction created:   cargo(X, Y) -> reduce_100, priority 0
PAction created:   cargo(X, Y) -> reduce_200, priority 0
PAction created:   cargo(X, Y) -> reduce_300, priority 0
PAction created:   cargo(X, Y) -> reduce_400, priority 0
PAction created:   cargo(X, Y) -> reduce_500, priority 0
PAction created:   cargo(A, _) -> reduce_100, priority 0
PAction created:   cargo(A, _) -> reduce_200, priority 0
PAction created:   cargo(A, _) -> reduce_300, priority 0
PAction created:   cargo(A, _) -> reduce_400, priority 0
PAction created:   cargo(A, _) -> reduce_500, priority 0
PAction created:   reading(X, Y) -> reduce_100, priority 0
PAction created:   reading(X, Y) -> reduce_200, priority 0
PAction created:   reading(X, Y) -> reduce_300, priority 0
PAction created:   reading(X, Y) -> reduce_400, priority 0
PAction created:   reading(X, Y) -> reduce_500, priority 0
Event sent to agent      t1 prohibition(at(5, 6, t1), reduce_300(t1))
from/for agent t1  prohibition([at(6, 5, t1)], [reduce_300(t1)])
Organization notifies agent (write): Prohibition [agent=t1, prohibition=[at(6, 5, t1)], sanction=[reduce_300(t1)], clock=0, time=Tue Jun 04 14:26:12 BST 2013]
Got event for t1
agent prohibition notification
from/for agent a1  status(position(3, 6), 0)
Agent writes: Position [agent=a1, id=null, cell=Cell [x=3, y=6], time=Tue Jun 04 14:26:13 BST 2013, clock=0]
Event processed aprohibition(at(5, 6, t1), reduce_300(t1))
Event sent to agent      t1 prohibition(at(6, 5, t1), reduce_300(t1))
from/for agent t1  prohibition([at(6, 6, t1)], [reduce_300(t1)])
Organization notifies agent (write): Prohibition [agent=t1, prohibition=[at(6, 6, t1)], sanction=[reduce_300(t1)], clock=0, time=Tue Jun 04 14:26:13 BST 2013]
Coin [id=null, cell=null, agent=null, time=null, clock=null]
Got event for t1
agent prohibition notification
PAction created:   position(X, Y) -> reduce_100, priority 0
PAction created:   position(X, Y) -> reduce_200, priority 0
PAction created:   position(X, Y) -> reduce_300, priority 0
PAction created:   position(X, Y) -> reduce_300, priority 0
Event processed aprohibition(at(6, 5, t1), reduce_300(t1))
Prohibitionbase added:   position(5, 6) -> reduce_300, priority 0
PAction created:   position(X, Y) -> reduce_100, priority 0
PAction created:   position(X, Y) -> reduce_200, priority 0
PAction created:   position(X, Y) -> reduce_300, priority 0
PAction created:   position(X, Y) -> reduce_300, priority 0
from/for agent a2  status(position(7, 19), 0)
Agent writes: Position [agent=a2, id=null, cell=Cell [x=7, y=19], time=Tue Jun 04 14:26:13 BST 2013, clock=0]
Prohibitionbase added:   position(6, 5) -> reduce_300, priority 0
Event sent to agent      t1 prohibition(at(6, 6, t1), reduce_300(t1))
from/for agent t1  status(position(12, 19), 0)
Agent writes: Position [agent=t1, id=null, cell=Cell [x=12, y=19], time=Tue Jun 04 14:26:14 BST 2013, clock=0]
Event processed aprohibition(at(6, 6, t1), reduce_300(t1))
PAction created:   position(X, Y) -> reduce_100, priority 0
PAction created:   position(X, Y) -> reduce_200, priority 0
PAction created:   position(X, Y) -> reduce_300, priority 0
PAction created:   position(X, Y) -> reduce_300, priority 0
Prohibitionbase added:   position(6, 6) -> reduce_300, priority 0
from/for agent a3  status(position(11, 8), 0)
Agent writes: Position [agent=a3, id=null, cell=Cell [x=11, y=8], time=Tue Jun 04 14:26:14 BST 2013, clock=0]
from/for agent a2  status(position(7, 19), 0)
Agent writes: Position [agent=a2, id=null, cell=Cell [x=7, y=19], time=Tue Jun 04 14:26:14 BST 2013, clock=0]
from/for agent c1  prohibition([coin(5, 5, a1)], [reduce_300(c1)])
Organization notifies agent (write): Prohibition [agent=c1, prohibition=[coin(5, 5, a1)], sanction=[reduce_300(c1)], clock=0, time=Tue Jun 04 14:26:14 BST 2013]
Got event for c1
agent prohibition notification
from/for agent a1  status(position(3, 6), 0)
Agent writes: Position [agent=a1, id=null, cell=Cell [x=3, y=6], time=Tue Jun 04 14:26:15 BST 2013, clock=0]
from/for agent a2  status(position(3, 18), 0)
Agent writes: Position [agent=a2, id=null, cell=Cell [x=3, y=18], time=Tue Jun 04 14:26:15 BST 2013, clock=0]
Event sent to agent      c1 prohibition(coin(5, 5, a1), reduce_300(c1))
from/for agent c1  prohibition([coin(5, 6, a1)], [reduce_300(c1)])
Organization notifies agent (write): Prohibition [agent=c1, prohibition=[coin(5, 6, a1)], sanction=[reduce_300(c1)], clock=0, time=Tue Jun 04 14:26:15 BST 2013]
from/for agent a3  status(position(10, 7), 0)
Agent writes: Position [agent=a3, id=null, cell=Cell [x=10, y=7], time=Tue Jun 04 14:26:15 BST 2013, clock=0]
from/for agent c1  prohibition([coin(6, 5, a1)], [reduce_300(c1)])
Organization notifies agent (write): Prohibition [agent=c1, prohibition=[coin(6, 5, a1)], sanction=[reduce_300(c1)], clock=0, time=Tue Jun 04 14:26:15 BST 2013]
from/for agent t1  status(position(11, 19), 0)
Agent writes: Position [agent=t1, id=null, cell=Cell [x=11, y=19], time=Tue Jun 04 14:26:15 BST 2013, clock=0]
Got event for c1
agent prohibition notification
Event processed aprohibition(coin(5, 5, a1), reduce_300(c1))
PAction created:   position(X, Y) -> reduce_100, priority 0
PAction created:   position(X, Y) -> reduce_200, priority 0
PAction created:   position(X, Y) -> reduce_300, priority 0
PAction created:   position(X, Y) -> reduce_400, priority 0
PAction created:   position(X, Y) -> reduce_500, priority 0
PAction created:   coin(X, Y, A) -> reduce_100, priority 0
PAction created:   coin(X, Y, A) -> reduce_200, priority 0
PAction created:   coin(X, Y, A) -> reduce_300, priority 0
PAction created:   coin(X, Y, A) -> reduce_300, priority 0
Prohibitionbase added:   coin(5, 5, a1) -> reduce_300, priority 0
from/for agent a1  status(position(3, 6), 0)
Agent writes: Position [agent=a1, id=null, cell=Cell [x=3, y=6], time=Tue Jun 04 14:26:15 BST 2013, clock=0]
from/for agent c1  prohibition([coin(6, 6, a1)], [reduce_300(c1)])
Organization notifies agent (write): Prohibition [agent=c1, prohibition=[coin(6, 6, a1)], sanction=[reduce_300(c1)], clock=0, time=Tue Jun 04 14:26:16 BST 2013]
Event sent to agent      c1 prohibition(coin(6, 6, a1), reduce_300(c1))
from/for agent a3  status(position(12, 7), 0)
Agent writes: Position [agent=a3, id=null, cell=Cell [x=12, y=7], time=Tue Jun 04 14:26:16 BST 2013, clock=0]
Got event for c1
from/for agent c1  agent prohibition notification
prohibition([coin(5, 5, a2)], [reduce_300(c1)])
Organization notifies agent (write): Prohibition [agent=c1, prohibition=[coin(5, 5, a2)], sanction=[reduce_300(c1)], clock=0, time=Tue Jun 04 14:26:16 BST 2013]
from/for agent a2  status(position(3, 18), 0)
Agent writes: Position [agent=a2, id=null, cell=Cell [x=3, y=18], time=Tue Jun 04 14:26:16 BST 2013, clock=0]
Event processed aprohibition(coin(6, 6, a1), reduce_300(c1))
PAction created:   position(X, Y) -> reduce_100, priority 0
PAction created:   position(X, Y) -> reduce_200, priority 0
PAction created:   position(X, Y) -> reduce_300, priority 0
PAction created:   position(X, Y) -> reduce_400, priority 0
PAction created:   position(X, Y) -> reduce_500, priority 0
PAction created:   coin(X, Y, A) -> reduce_100, priority 0
PAction created:   coin(X, Y, A) -> reduce_200, priority 0
PAction created:   coin(X, Y, A) -> reduce_300, priority 0
PAction created:   coin(X, Y, A) -> reduce_300, priority 0
from/for agent c1  prohibition([coin(5, 6, a2)], [reduce_300(c1)])
Organization notifies agent (write): Prohibition [agent=c1, prohibition=[coin(5, 6, a2)], sanction=[reduce_300(c1)], clock=0, time=Tue Jun 04 14:26:17 BST 2013]
Prohibitionbase added:   coin(6, 6, a1) -> reduce_300, priority 0
Event sent to agent      c1 prohibition(coin(5, 6, a2), reduce_300(c1))
from/for agent t1  status(position(10, 19), 0)
Agent writes: Position [agent=t1, id=null, cell=Cell [x=10, y=19], time=Tue Jun 04 14:26:17 BST 2013, clock=0]
Got event for c1
agent prohibition notification
Event processed aprohibition(coin(5, 6, a2), reduce_300(c1))
PAction created:   position(X, Y) -> reduce_100, priority 0
PAction created:   position(X, Y) -> reduce_200, priority 0
PAction created:   position(X, Y) -> reduce_300, priority 0
PAction created:   position(X, Y) -> reduce_400, priority 0
PAction created:   position(X, Y) -> reduce_500, priority 0
PAction created:   coin(X, Y, A) -> reduce_100, priority 0
PAction created:   coin(X, Y, A) -> reduce_200, priority 0
PAction created:   coin(X, Y, A) -> reduce_300, priority 0
PAction created:   coin(X, Y, A) -> reduce_300, priority 0
from/for agent a1  status(position(4, 6), 0)
Agent writes: Position [agent=a1, id=null, cell=Cell [x=4, y=6], time=Tue Jun 04 14:26:17 BST 2013, clock=0]
Prohibitionbase added:   coin(5, 6, a2) -> reduce_300, priority 0
from/for agent c1  prohibition([coin(6, 5, a2)], [reduce_300(c1)])
Organization notifies agent (write): Prohibition [agent=c1, prohibition=[coin(6, 5, a2)], sanction=[reduce_300(c1)], clock=0, time=Tue Jun 04 14:26:18 BST 2013]
from/for agent a1  status(position(3, 7), 0)
Agent writes: Position [agent=a1, id=null, cell=Cell [x=3, y=7], time=Tue Jun 04 14:26:18 BST 2013, clock=0]
from/for agent a3  status(position(11, 8), 0)
Agent writes: Position [agent=a3, id=null, cell=Cell [x=11, y=8], time=Tue Jun 04 14:26:18 BST 2013, clock=0]
Event sent to agent      c1 prohibition(coin(6, 5, a2), reduce_300(c1))
Got event for c1
agent prohibition notification
Event processed aprohibition(coin(6, 5, a2), reduce_300(c1))
PAction created:   position(X, Y) -> reduce_100, priority 0
PAction created:   position(X, Y) -> reduce_200, priority 0
PAction created:   position(X, Y) -> reduce_300, priority 0
PAction created:   position(X, Y) -> reduce_400, priority 0
PAction created:   position(X, Y) -> reduce_500, priority 0
PAction created:   coin(X, Y, A) -> reduce_100, priority 0
PAction created:   coin(X, Y, A) -> reduce_200, priority 0
PAction created:   coin(X, Y, A) -> reduce_300, priority 0
PAction created:   coin(X, Y, A) -> reduce_300, priority 0
Prohibitionbase added:   coin(6, 5, a2) -> reduce_300, priority 0
from/for agent a2  status(position(8, 19), 0)
Agent writes: Position [agent=a2, id=null, cell=Cell [x=8, y=19], time=Tue Jun 04 14:26:18 BST 2013, clock=0]
from/for agent c1  prohibition([coin(6, 6, a2)], [reduce_300(c1)])
Organization notifies agent (write): Prohibition [agent=c1, prohibition=[coin(6, 6, a2)], sanction=[reduce_300(c1)], clock=0, time=Tue Jun 04 14:26:19 BST 2013]
from/for agent a2  status(position(8, 19), 0)
Agent writes: Position [agent=a2, id=null, cell=Cell [x=8, y=19], time=Tue Jun 04 14:26:19 BST 2013, clock=0]
from/for agent a3  status(position(10, 8), 0)
Agent writes: Position [agent=a3, id=null, cell=Cell [x=10, y=8], time=Tue Jun 04 14:26:19 BST 2013, clock=0]
Event sent to agent      c1 prohibition(coin(6, 6, a2), reduce_300(c1))
from/for agent a3  status(position(9, 7), 0)
Agent writes: Position [agent=a3, id=null, cell=Cell [x=9, y=7], time=Tue Jun 04 14:26:19 BST 2013, clock=0]
Got event for c1
agent prohibition notification
from/for agent t1  status(position(9, 19), 0)
Agent writes: Position [agent=t1, id=null, cell=Cell [x=9, y=19], time=Tue Jun 04 14:26:19 BST 2013, clock=0]
Event processed aprohibition(coin(6, 6, a2), reduce_300(c1))
PAction created:   position(X, Y) -> reduce_100, priority 0
PAction created:   position(X, Y) -> reduce_200, priority 0
PAction created:   position(X, Y) -> reduce_300, priority 0
PAction created:   position(X, Y) -> reduce_400, priority 0
PAction created:   position(X, Y) -> reduce_500, priority 0
PAction created:   coin(X, Y, A) -> reduce_100, priority 0
PAction created:   coin(X, Y, A) -> reduce_200, priority 0
PAction created:   coin(X, Y, A) -> reduce_300, priority 0
PAction created:   coin(X, Y, A) -> reduce_300, priority 0
Prohibitionbase added:   coin(6, 6, a2) -> reduce_300, priority 0
from/for agent a1  status(position(3, 7), 0)
Agent writes: Position [agent=a1, id=null, cell=Cell [x=3, y=7], time=Tue Jun 04 14:26:20 BST 2013, clock=0]
from/for agent c1  prohibition([coin(5, 5, a3)], [reduce_300(c1)])
Organization notifies agent (write): Prohibition [agent=c1, prohibition=[coin(5, 5, a3)], sanction=[reduce_300(c1)], clock=0, time=Tue Jun 04 14:26:20 BST 2013]
Event sent to agent      c1 prohibition(coin(5, 5, a3), reduce_300(c1))
from/for agent a3  status(position(13, 7), 0)
Agent writes: Position [agent=a3, id=null, cell=Cell [x=13, y=7], time=Tue Jun 04 14:26:20 BST 2013, clock=0]
Got event for c1
agent prohibition notification
Event processed aprohibition(coin(5, 5, a3), reduce_300(c1))
PAction created:   position(X, Y) -> reduce_100, priority 0
PAction created:   position(X, Y) -> reduce_200, priority 0
PAction created:   position(X, Y) -> reduce_300, priority 0
PAction created:   position(X, Y) -> reduce_400, priority 0
PAction created:   position(X, Y) -> reduce_500, priority 0
PAction created:   coin(X, Y, A) -> reduce_100, priority 0
PAction created:   coin(X, Y, A) -> reduce_200, priority 0
PAction created:   coin(X, Y, A) -> reduce_300, priority 0
PAction created:   coin(X, Y, A) -> reduce_300, priority 0
Prohibitionbase added:   coin(5, 5, a3) -> reduce_300, priority 0
from/for agent a2  status(position(3, 17), 0)
Agent writes: Position [agent=a2, id=null, cell=Cell [x=3, y=17], time=Tue Jun 04 14:26:20 BST 2013, clock=0]
from/for agent c1  prohibition([coin(5, 6, a3)], [reduce_300(c1)])
Organization notifies agent (write): Prohibition [agent=c1, prohibition=[coin(5, 6, a3)], sanction=[reduce_300(c1)], clock=0, time=Tue Jun 04 14:26:21 BST 2013]
Event sent to agent      c1 prohibition(coin(5, 6, a3), reduce_300(c1))
Got event for c1
agent prohibition notification
Event processed aprohibition(coin(5, 6, a3), reduce_300(c1))
PAction created:   position(X, Y) -> reduce_100, priority 0
PAction created:   position(X, Y) -> reduce_200, priority 0
PAction created:   position(X, Y) -> reduce_300, priority 0
PAction created:   position(X, Y) -> reduce_400, priority 0
PAction created:   position(X, Y) -> reduce_500, priority 0
PAction created:   coin(X, Y, A) -> reduce_100, priority 0
PAction created:   coin(X, Y, A) -> reduce_200, priority 0
PAction created:   coin(X, Y, A) -> reduce_300, priority 0
PAction created:   coin(X, Y, A) -> reduce_300, priority 0
Prohibitionbase added:   coin(5, 6, a3) -> reduce_300, priority 0
from/for agent a1  status(position(4, 6), 0)
Agent writes: Position [agent=a1, id=null, cell=Cell [x=4, y=6], time=Tue Jun 04 14:26:22 BST 2013, clock=0]
from/for agent t1  status(position(8, 19), 0)
Agent writes: Position [agent=t1, id=null, cell=Cell [x=8, y=19], time=Tue Jun 04 14:26:22 BST 2013, clock=0]
from/for agent c1  prohibition([coin(6, 5, a3)], [reduce_300(c1)])
Organization notifies agent (write): Prohibition [agent=c1, prohibition=[coin(6, 5, a3)], sanction=[reduce_300(c1)], clock=0, time=Tue Jun 04 14:26:22 BST 2013]
from/for agent a2  status(position(3, 17), 0)
Agent writes: Position [agent=a2, id=null, cell=Cell [x=3, y=17], time=Tue Jun 04 14:26:22 BST 2013, clock=0]
from/for agent a1  status(position(4, 6), 0)
Agent writes: Position [agent=a1, id=null, cell=Cell [x=4, y=6], time=Tue Jun 04 14:26:22 BST 2013, clock=0]
from/for agent a3  status(position(11, 9), 0)
Agent writes: Position [agent=a3, id=null, cell=Cell [x=11, y=9], time=Tue Jun 04 14:26:22 BST 2013, clock=0]
Event sent to agent      c1 prohibition(coin(6, 5, a3), reduce_300(c1))
Got event for c1
agent prohibition notification
Event processed aprohibition(coin(6, 5, a3), reduce_300(c1))
PAction created:   position(X, Y) -> reduce_100, priority 0
PAction created:   position(X, Y) -> reduce_200, priority 0
PAction created:   position(X, Y) -> reduce_300, priority 0
PAction created:   position(X, Y) -> reduce_400, priority 0
PAction created:   position(X, Y) -> reduce_500, priority 0
PAction created:   coin(X, Y, A) -> reduce_100, priority 0
PAction created:   coin(X, Y, A) -> reduce_200, priority 0
PAction created:   coin(X, Y, A) -> reduce_300, priority 0
PAction created:   coin(X, Y, A) -> reduce_300, priority 0
Prohibitionbase added:   coin(6, 5, a3) -> reduce_300, priority 0
from/for agent c1  prohibition([coin(6, 6, a3)], [reduce_300(c1)])
Organization notifies agent (write): Prohibition [agent=c1, prohibition=[coin(6, 6, a3)], sanction=[reduce_300(c1)], clock=0, time=Tue Jun 04 14:26:23 BST 2013]
from/for agent a2  status(position(8, 18), 0)
Agent writes: Position [agent=a2, id=null, cell=Cell [x=8, y=18], time=Tue Jun 04 14:26:23 BST 2013, clock=0]
from/for agent a3  status(position(9, 8), 0)
Agent writes: Position [agent=a3, id=null, cell=Cell [x=9, y=8], time=Tue Jun 04 14:26:23 BST 2013, clock=0]
Event sent to agent      c1 prohibition(coin(6, 6, a3), reduce_300(c1))
from/for agent a3  status(position(8, 7), 0)
Agent writes: Position [agent=a3, id=null, cell=Cell [x=8, y=7], time=Tue Jun 04 14:26:24 BST 2013, clock=0]
Got event for c1
agent prohibition notification
Event processed aprohibition(coin(6, 6, a3), reduce_300(c1))
PAction created:   position(X, Y) -> reduce_100, priority 0
PAction created:   position(X, Y) -> reduce_200, priority 0
PAction created:   position(X, Y) -> reduce_300, priority 0
PAction created:   position(X, Y) -> reduce_400, priority 0
PAction created:   position(X, Y) -> reduce_500, priority 0
PAction created:   coin(X, Y, A) -> reduce_100, priority 0
PAction created:   coin(X, Y, A) -> reduce_200, priority 0
PAction created:   coin(X, Y, A) -> reduce_300, priority 0
PAction created:   coin(X, Y, A) -> reduce_300, priority 0
Prohibitionbase added:   coin(6, 6, a3) -> reduce_300, priority 0
from/for agent a1  status(position(4, 7), 0)
Agent writes: Position [agent=a1, id=null, cell=Cell [x=4, y=7], time=Tue Jun 04 14:26:24 BST 2013, clock=0]
from/for agent t1  status(position(7, 19), 0)
Agent writes: Position [agent=t1, id=null, cell=Cell [x=7, y=19], time=Tue Jun 04 14:26:24 BST 2013, clock=0]
from/for agent a2  status(position(9, 19), 0)
Agent writes: Position [agent=a2, id=null, cell=Cell [x=9, y=19], time=Tue Jun 04 14:26:24 BST 2013, clock=0]
Reading [id=null, agent=a1, cell=null, time=null, value=null, clock=null]
from/for agent a3  status(position(14, 7), 0)
Agent writes: Position [agent=a3, id=null, cell=Cell [x=14, y=7], time=Tue Jun 04 14:26:24 BST 2013, clock=0]
from/for agent a1  status(position(3, 8), 0)
Agent writes: Position [agent=a1, id=null, cell=Cell [x=3, y=8], time=Tue Jun 04 14:26:24 BST 2013, clock=0]
Event sent to agent      c1 prohibition(coin(6, 6, a3), reduce_300(c1))
from/for agent a2  status(position(3, 16), 0)
Agent writes: Position [agent=a2, id=null, cell=Cell [x=3, y=16], time=Tue Jun 04 14:26:25 BST 2013, clock=0]
Event processed aprohibition(coin(6, 6, a3), reduce_300(c1))
PAction created:   position(X, Y) -> reduce_100, priority 0
PAction created:   position(X, Y) -> reduce_200, priority 0
PAction created:   position(X, Y) -> reduce_300, priority 0
PAction created:   position(X, Y) -> reduce_400, priority 0
PAction created:   position(X, Y) -> reduce_500, priority 0
PAction created:   coin(X, Y, A) -> reduce_100, priority 0
PAction created:   coin(X, Y, A) -> reduce_200, priority 0
PAction created:   coin(X, Y, A) -> reduce_300, priority 0
PAction created:   coin(X, Y, A) -> reduce_300, priority 0
Prohibitionbase added:   coin(6, 6, a3) -> reduce_300, priority 0
Reading [id=null, agent=a2, cell=null, time=null, value=null, clock=null]
from/for agent t1  status(position(6, 19), 0)
Agent writes: Position [agent=t1, id=null, cell=Cell [x=6, y=19], time=Tue Jun 04 14:26:26 BST 2013, clock=0]
from/for agent a1  status(position(3, 8), 0)
Agent writes: Position [agent=a1, id=null, cell=Cell [x=3, y=8], time=Tue Jun 04 14:26:26 BST 2013, clock=0]
from/for agent a3  status(position(10, 9), 0)
Agent writes: Position [agent=a3, id=null, cell=Cell [x=10, y=9], time=Tue Jun 04 14:26:26 BST 2013, clock=0]
Reading [id=null, agent=a3, cell=null, time=null, value=null, clock=null]
from/for agent t1  status(position(5, 19), 0)
Agent writes: Position [agent=t1, id=null, cell=Cell [x=5, y=19], time=Tue Jun 04 14:26:27 BST 2013, clock=0]
from/for agent a1  prohibition([at(5, 5, a1)], [reduce_300(a1)])
Organization notifies agent (write): Prohibition [agent=a1, prohibition=[at(5, 5, a1)], sanction=[reduce_300(a1)], clock=0, time=Tue Jun 04 14:26:27 BST 2013]
Got event for a1
agent prohibition notification
from/for agent a3  status(position(8, 8), 0)
Agent writes: Position [agent=a3, id=null, cell=Cell [x=8, y=8], time=Tue Jun 04 14:26:28 BST 2013, clock=0]
from/for agent a2  status(position(3, 16), 0)
Agent writes: Position [agent=a2, id=null, cell=Cell [x=3, y=16], time=Tue Jun 04 14:26:28 BST 2013, clock=0]
from/for agent a1  status(position(5, 6), 0)
Agent writes: Position [agent=a1, id=null, cell=Cell [x=5, y=6], time=Tue Jun 04 14:26:28 BST 2013, clock=0]
Event sent to agent      a1 prohibition(at(5, 5, a1), reduce_300(a1))
from/for agent a1  prohibition([at(5, 6, a1)], [reduce_300(a1)])
Organization notifies agent (write): Prohibition [agent=a1, prohibition=[at(5, 6, a1)], sanction=[reduce_300(a1)], clock=0, time=Tue Jun 04 14:26:28 BST 2013]
from/for agent a1  status(position(5, 6), 0)
Agent writes: Position [agent=a1, id=null, cell=Cell [x=5, y=6], time=Tue Jun 04 14:26:28 BST 2013, clock=0]
from/for agent a1  prohibition([at(6, 5, a1)], [reduce_300(a1)])
Organization notifies agent (write): Prohibition [agent=a1, prohibition=[at(6, 5, a1)], sanction=[reduce_300(a1)], clock=0, time=Tue Jun 04 14:26:28 BST 2013]
Got event for a1
agent prohibition notification
Event sent to agent      a1 prohibition(at(6, 5, a1), reduce_300(a1))
Got event for a1
agent prohibition notification
Event processed aprohibition(at(5, 5, a1), reduce_300(a1))
Event processed aprohibition(at(6, 5, a1), reduce_300(a1))
PAction created:   position(X, Y) -> reduce_100, priority 0
PAction created:   position(X, Y) -> reduce_200, priority 0
PAction created:   position(X, Y) -> reduce_300, priority 0
PAction created:   position(X, Y) -> reduce_300, priority 0
PAction created:   position(X, Y) -> reduce_100, priority 0
PAction created:   position(X, Y) -> reduce_200, priority 0
PAction created:   position(X, Y) -> reduce_300, priority 0
PAction created:   position(X, Y) -> reduce_300, priority 0
Prohibitionbase added:   position(5, 5) -> reduce_300, priority 0
Prohibitionbase added:   position(6, 5) -> reduce_300, priority 0
Event sent to agent      a1 prohibition(at(6, 5, a1), reduce_300(a1))
from/for agent t1  status(position(4, 19), 0)
Agent writes: Position [agent=t1, id=null, cell=Cell [x=4, y=19], time=Tue Jun 04 14:26:29 BST 2013, clock=0]
from/for agent a3  status(position(8, 6), 0)
Agent writes: Position [agent=a3, id=null, cell=Cell [x=8, y=6], time=Tue Jun 04 14:26:29 BST 2013, clock=0]
from/for agent a1  prohibition([at(6, 6, a1)], [reduce_300(a1)])
Organization notifies agent (write): Prohibition [agent=a1, prohibition=[at(6, 6, a1)], sanction=[reduce_300(a1)], clock=0, time=Tue Jun 04 14:26:29 BST 2013]
Got event for a1
agent prohibition notification
from/for agent a1  status(position(4, 8), 0)
Agent writes: Position [agent=a1, id=null, cell=Cell [x=4, y=8], time=Tue Jun 04 14:26:29 BST 2013, clock=0]
from/for agent a2  status(position(8, 19), 0)
Agent writes: Position [agent=a2, id=null, cell=Cell [x=8, y=19], time=Tue Jun 04 14:26:29 BST 2013, clock=0]
Event sent to agent      a1 prohibition(at(6, 6, a1), reduce_300(a1))
from/for agent a2  prohibition([at(5, 5, a2)], [reduce_300(a2)])
Organization notifies agent (write): Prohibition [agent=a2, prohibition=[at(5, 5, a2)], sanction=[reduce_300(a2)], clock=0, time=Tue Jun 04 14:26:30 BST 2013]
from/for agent t1  status(position(3, 19), 0)
Agent writes: Position [agent=t1, id=null, cell=Cell [x=3, y=19], time=Tue Jun 04 14:26:30 BST 2013, clock=0]
from/for agent a2  prohibition([at(5, 6, a2)], [reduce_300(a2)])
Organization notifies agent (write): Prohibition [agent=a2, prohibition=[at(5, 6, a2)], sanction=[reduce_300(a2)], clock=0, time=Tue Jun 04 14:26:30 BST 2013]
from/for agent a3  status(position(15, 7), 0)
Agent writes: Position [agent=a3, id=null, cell=Cell [x=15, y=7], time=Tue Jun 04 14:26:30 BST 2013, clock=0]
Got event for a2
agent prohibition notification
from/for agent a2  status(position(10, 19), 0)
Agent writes: Position [agent=a2, id=null, cell=Cell [x=10, y=19], time=Tue Jun 04 14:26:30 BST 2013, clock=0]
from/for agent a1  status(position(3, 9), 0)
Agent writes: Position [agent=a1, id=null, cell=Cell [x=3, y=9], time=Tue Jun 04 14:26:30 BST 2013, clock=0]
Event processed aprohibition(at(6, 5, a1), reduce_300(a1))
Event processed aprohibition(at(6, 6, a1), reduce_300(a1))
PAction created:   position(X, Y) -> reduce_100, priority 0
PAction created:   position(X, Y) -> reduce_200, priority 0
PAction created:   position(X, Y) -> reduce_300, priority 0
PAction created:   position(X, Y) -> reduce_300, priority 0
PAction created:   position(X, Y) -> reduce_100, priority 0
PAction created:   position(X, Y) -> reduce_200, priority 0
PAction created:   position(X, Y) -> reduce_300, priority 0
PAction created:   position(X, Y) -> reduce_300, priority 0
Event sent to agent      a2 prohibition(at(5, 6, a2), reduce_300(a2))
from/for agent a2  prohibition([at(6, 5, a2)], [reduce_300(a2)])
Organization notifies agent (write): Prohibition [agent=a2, prohibition=[at(6, 5, a2)], sanction=[reduce_300(a2)], clock=0, time=Tue Jun 04 14:26:30 BST 2013]
from/for agent a2  status(position(3, 15), 0)
Agent writes: Position [agent=a2, id=null, cell=Cell [x=3, y=15], time=Tue Jun 04 14:26:30 BST 2013, clock=0]
from/for agent a3  status(position(9, 9), 0)
Agent writes: Position [agent=a3, id=null, cell=Cell [x=9, y=9], time=Tue Jun 04 14:26:30 BST 2013, clock=0]
Got event for a2
agent prohibition notification
Event processed aprohibition(at(5, 6, a2), reduce_300(a2))
PAction created:   position(X, Y) -> reduce_100, priority 0
PAction created:   position(X, Y) -> reduce_200, priority 0
PAction created:   position(X, Y) -> reduce_300, priority 0
PAction created:   position(X, Y) -> reduce_300, priority 0
Prohibitionbase added:   position(5, 6) -> reduce_300, priority 0
Prohibitionbase added:   position(6, 5) -> reduce_300, priority 0
Prohibitionbase added:   position(6, 6) -> reduce_300, priority 0
Event sent to agent      a2 prohibition(at(6, 5, a2), reduce_300(a2))
from/for agent a2  prohibition([at(6, 6, a2)], [reduce_300(a2)])
Organization notifies agent (write): Prohibition [agent=a2, prohibition=[at(6, 6, a2)], sanction=[reduce_300(a2)], clock=0, time=Tue Jun 04 14:26:31 BST 2013]
from/for agent a3  status(position(8, 7), 0)
Agent writes: Position [agent=a3, id=null, cell=Cell [x=8, y=7], time=Tue Jun 04 14:26:32 BST 2013, clock=0]
Got event for a2
agent prohibition notification
from/for agent t1  status(position(2, 19), 0)
Agent writes: Position [agent=t1, id=null, cell=Cell [x=2, y=19], time=Tue Jun 04 14:26:32 BST 2013, clock=0]
from/for agent a1  status(position(3, 9), 0)
Agent writes: Position [agent=a1, id=null, cell=Cell [x=3, y=9], time=Tue Jun 04 14:26:32 BST 2013, clock=0]
Event sent to agent      a2 prohibition(at(6, 6, a2), reduce_300(a2))
from/for agent a2  status(position(3, 15), 0)
Agent writes: Position [agent=a2, id=null, cell=Cell [x=3, y=15], time=Tue Jun 04 14:26:32 BST 2013, clock=0]
from/for agent a3  prohibition([at(5, 5, a3)], [reduce_300(a3)])
Organization notifies agent (write): Prohibition [agent=a3, prohibition=[at(5, 5, a3)], sanction=[reduce_300(a3)], clock=0, time=Tue Jun 04 14:26:32 BST 2013]
from/for agent a3  status(position(16, 7), 0)
Agent writes: Position [agent=a3, id=null, cell=Cell [x=16, y=7], time=Tue Jun 04 14:26:32 BST 2013, clock=0]
Got event for a3
agent prohibition notification
Event processed aprohibition(at(6, 5, a2), reduce_300(a2))
Event processed aprohibition(at(6, 6, a2), reduce_300(a2))
PAction created:   position(X, Y) -> reduce_100, priority 0
PAction created:   position(X, Y) -> reduce_200, priority 0
PAction created:   position(X, Y) -> reduce_300, priority 0
PAction created:   position(X, Y) -> reduce_300, priority 0
PAction created:   position(X, Y) -> reduce_100, priority 0
PAction created:   position(X, Y) -> reduce_200, priority 0
PAction created:   position(X, Y) -> reduce_300, priority 0
PAction created:   position(X, Y) -> reduce_300, priority 0
Prohibitionbase added:   position(6, 5) -> reduce_300, priority 0
Prohibitionbase added:   position(6, 6) -> reduce_300, priority 0
Event sent to agent      a3 prohibition(at(5, 5, a3), reduce_300(a3))
from/for agent a3  prohibition([at(5, 6, a3)], [reduce_300(a3)])
Organization notifies agent (write): Prohibition [agent=a3, prohibition=[at(5, 6, a3)], sanction=[reduce_300(a3)], clock=0, time=Tue Jun 04 14:26:33 BST 2013]
from/for agent a2  status(position(9, 19), 0)
Agent writes: Position [agent=a2, id=null, cell=Cell [x=9, y=19], time=Tue Jun 04 14:26:33 BST 2013, clock=0]
from/for agent t1  status(position(2, 18), 0)
Agent writes: Position [agent=t1, id=null, cell=Cell [x=2, y=18], time=Tue Jun 04 14:26:33 BST 2013, clock=0]
Got event for a3
agent prohibition notification
Event processed aprohibition(at(5, 5, a3), reduce_300(a3))
PAction created:   position(X, Y) -> reduce_100, priority 0
PAction created:   position(X, Y) -> reduce_200, priority 0
PAction created:   position(X, Y) -> reduce_300, priority 0
PAction created:   position(X, Y) -> reduce_300, priority 0
Prohibitionbase added:   position(5, 5) -> reduce_300, priority 0
from/for agent a3  status(position(8, 9), 0)
Agent writes: Position [agent=a3, id=null, cell=Cell [x=8, y=9], time=Tue Jun 04 14:26:34 BST 2013, clock=0]
Event sent to agent      a3 prohibition(at(5, 6, a3), reduce_300(a3))
from/for agent a2  status(position(11, 19), 0)
Agent writes: Position [agent=a2, id=null, cell=Cell [x=11, y=19], time=Tue Jun 04 14:26:34 BST 2013, clock=0]
from/for agent a3  prohibition([at(6, 5, a3)], [reduce_300(a3)])
Organization notifies agent (write): Prohibition [agent=a3, prohibition=[at(6, 5, a3)], sanction=[reduce_300(a3)], clock=0, time=Tue Jun 04 14:26:34 BST 2013]
Got event for a3
agent prohibition notification
from/for agent a1  status(position(6, 6), 0)
Agent writes: Position [agent=a1, id=null, cell=Cell [x=6, y=6], time=Tue Jun 04 14:26:34 BST 2013, clock=0]
from/for agent a3  status(position(8, 8), 0)
Agent writes: Position [agent=a3, id=null, cell=Cell [x=8, y=8], time=Tue Jun 04 14:26:34 BST 2013, clock=0]
from/for agent a2  status(position(3, 14), 0)
Agent writes: Position [agent=a2, id=null, cell=Cell [x=3, y=14], time=Tue Jun 04 14:26:34 BST 2013, clock=0]
Event processed aprohibition(at(5, 6, a3), reduce_300(a3))
PAction created:   position(X, Y) -> reduce_100, priority 0
PAction created:   position(X, Y) -> reduce_200, priority 0
PAction created:   position(X, Y) -> reduce_300, priority 0
PAction created:   position(X, Y) -> reduce_300, priority 0
Event sent to agent      a3 prohibition(at(6, 5, a3), reduce_300(a3))
from/for agent a3  prohibition([at(6, 6, a3)], [reduce_300(a3)])
Organization notifies agent (write): Prohibition [agent=a3, prohibition=[at(6, 6, a3)], sanction=[reduce_300(a3)], clock=0, time=Tue Jun 04 14:26:35 BST 2013]
from/for agent a1  status(position(6, 6), 0)
Agent writes: Position [agent=a1, id=null, cell=Cell [x=6, y=6], time=Tue Jun 04 14:26:35 BST 2013, clock=0]
Got event for a3
agent prohibition notification
Prohibitionbase added:   position(5, 6) -> reduce_300, priority 0
Event sent to agent      a3 prohibition(at(6, 6, a3), reduce_300(a3))
from/for agent t1  status(position(2, 17), 0)
Agent writes: Position [agent=t1, id=null, cell=Cell [x=2, y=17], time=Tue Jun 04 14:26:35 BST 2013, clock=0]
from/for agent a1  status(position(4, 9), 0)
Agent writes: Position [agent=a1, id=null, cell=Cell [x=4, y=9], time=Tue Jun 04 14:26:35 BST 2013, clock=0]
Position [agent=t1, id=null, cell=null, time=null, clock=null]
Event processed aprohibition(at(6, 5, a3), reduce_300(a3))
Event processed aprohibition(at(6, 6, a3), reduce_300(a3))
PAction created:   position(X, Y) -> reduce_100, priority 0
PAction created:   position(X, Y) -> reduce_200, priority 0
PAction created:   position(X, Y) -> reduce_300, priority 0
PAction created:   position(X, Y) -> reduce_300, priority 0
PAction created:   position(X, Y) -> reduce_100, priority 0
PAction created:   position(X, Y) -> reduce_200, priority 0
PAction created:   position(X, Y) -> reduce_300, priority 0
PAction created:   position(X, Y) -> reduce_300, priority 0
Prohibitionbase added:   position(6, 5) -> reduce_300, priority 0
Prohibitionbase added:   position(6, 6) -> reduce_300, priority 0
from/for agent a3  status(position(16, 6), 0)
Agent writes: Position [agent=a3, id=null, cell=Cell [x=16, y=6], time=Tue Jun 04 14:26:36 BST 2013, clock=0]
from/for agent a1  status(position(3, 10), 0)
Agent writes: Position [agent=a1, id=null, cell=Cell [x=3, y=10], time=Tue Jun 04 14:26:36 BST 2013, clock=0]
from/for agent a2  status(position(3, 14), 0)
Agent writes: Position [agent=a2, id=null, cell=Cell [x=3, y=14], time=Tue Jun 04 14:26:36 BST 2013, clock=0]
Position [agent=t1, id=null, cell=null, time=null, clock=null]
from/for agent a3  status(position(7, 9), 0)
Agent writes: Position [agent=a3, id=null, cell=Cell [x=7, y=9], time=Tue Jun 04 14:26:37 BST 2013, clock=0]
from/for agent t1  status(position(2, 16), 0)
Agent writes: Position [agent=t1, id=null, cell=Cell [x=2, y=16], time=Tue Jun 04 14:26:38 BST 2013, clock=0]
from/for agent a2  status(position(10, 19), 0)
Agent writes: Position [agent=a2, id=null, cell=Cell [x=10, y=19], time=Tue Jun 04 14:26:38 BST 2013, clock=0]
from/for agent a3  status(position(8, 9), 0)
Agent writes: Position [agent=a3, id=null, cell=Cell [x=8, y=9], time=Tue Jun 04 14:26:38 BST 2013, clock=0]
Position [agent=t1, id=null, cell=null, time=null, clock=null]
from/for agent a2  status(position(12, 19), 0)
Agent writes: Position [agent=a2, id=null, cell=Cell [x=12, y=19], time=Tue Jun 04 14:26:39 BST 2013, clock=0]
from/for agent t1  status(position(2, 15), 0)
Agent writes: Position [agent=t1, id=null, cell=Cell [x=2, y=15], time=Tue Jun 04 14:26:39 BST 2013, clock=0]
Position [agent=t1, id=null, cell=null, time=null, clock=null]
from/for agent a3  status(position(6, 9), 0)
Agent writes: Position [agent=a3, id=null, cell=Cell [x=6, y=9], time=Tue Jun 04 14:26:40 BST 2013, clock=0]
from/for agent t1  status(position(2, 14), 0)
Agent writes: Position [agent=t1, id=null, cell=Cell [x=2, y=14], time=Tue Jun 04 14:26:41 BST 2013, clock=0]
from/for agent a3  status(position(8, 10), 0)
Agent writes: Position [agent=a3, id=null, cell=Cell [x=8, y=10], time=Tue Jun 04 14:26:41 BST 2013, clock=0]
Coin [id=null, cell=null, agent=null, time=null, clock=null]
from/for agent a1  status(position(7, 6), 0)
Agent writes: Position [agent=a1, id=null, cell=Cell [x=7, y=6], time=Tue Jun 04 14:26:41 BST 2013, clock=0]
from/for agent a2  status(position(3, 13), 0)
Agent writes: Position [agent=a2, id=null, cell=Cell [x=3, y=13], time=Tue Jun 04 14:26:41 BST 2013, clock=0]
Coin [id=null, cell=null, agent=null, time=null, clock=null]
from/for agent a3  status(position(5, 9), 0)
Agent writes: Position [agent=a3, id=null, cell=Cell [x=5, y=9], time=Tue Jun 04 14:26:42 BST 2013, clock=0]
from/for agent t1  status(position(2, 13), 0)
Agent writes: Position [agent=t1, id=null, cell=Cell [x=2, y=13], time=Tue Jun 04 14:26:42 BST 2013, clock=0]
from/for agent a1  status(position(7, 6), 0)
Agent writes: Position [agent=a1, id=null, cell=Cell [x=7, y=6], time=Tue Jun 04 14:26:42 BST 2013, clock=0]
from/for agent a3  status(position(8, 11), 0)
Agent writes: Position [agent=a3, id=null, cell=Cell [x=8, y=11], time=Tue Jun 04 14:26:42 BST 2013, clock=0]
Coin [id=null, cell=null, agent=null, time=null, clock=null]
from/for agent a2  status(position(3, 13), 0)
Agent writes: Position [agent=a2, id=null, cell=Cell [x=3, y=13], time=Tue Jun 04 14:26:43 BST 2013, clock=0]
from/for agent a1  status(position(4, 10), 0)
Agent writes: Position [agent=a1, id=null, cell=Cell [x=4, y=10], time=Tue Jun 04 14:26:43 BST 2013, clock=0]
from/for agent a1  status(position(4, 10), 0)
Agent writes: Position [agent=a1, id=null, cell=Cell [x=4, y=10], time=Tue Jun 04 14:26:43 BST 2013, clock=0]
Coin [id=null, cell=null, agent=null, time=null, clock=null]
from/for agent a3  status(position(4, 9), 0)
Agent writes: Position [agent=a3, id=null, cell=Cell [x=4, y=9], time=Tue Jun 04 14:26:44 BST 2013, clock=0]
from/for agent a2  status(position(11, 19), 0)
Agent writes: Position [agent=a2, id=null, cell=Cell [x=11, y=19], time=Tue Jun 04 14:26:44 BST 2013, clock=0]
from/for agent t1  status(position(2, 12), 0)
Agent writes: Position [agent=t1, id=null, cell=Cell [x=2, y=12], time=Tue Jun 04 14:26:44 BST 2013, clock=0]
from/for agent a2  status(position(13, 19), 0)
Agent writes: Position [agent=a2, id=null, cell=Cell [x=13, y=19], time=Tue Jun 04 14:26:44 BST 2013, clock=0]
from/for agent a3  status(position(8, 12), 0)
Agent writes: Position [agent=a3, id=null, cell=Cell [x=8, y=12], time=Tue Jun 04 14:26:44 BST 2013, clock=0]
Coin [id=null, cell=null, agent=null, time=null, clock=null]
Coin [id=null, cell=null, agent=null, time=null, clock=null]
from/for agent a3  status(position(3, 9), 0)
Agent writes: Position [agent=a3, id=null, cell=Cell [x=3, y=9], time=Tue Jun 04 14:26:45 BST 2013, clock=0]
from/for agent a2  status(position(3, 12), 0)
Agent writes: Position [agent=a2, id=null, cell=Cell [x=3, y=12], time=Tue Jun 04 14:26:46 BST 2013, clock=0]
from/for agent a3  status(position(8, 13), 0)
Agent writes: Position [agent=a3, id=null, cell=Cell [x=8, y=13], time=Tue Jun 04 14:26:46 BST 2013, clock=0]
from/for agent t1  status(position(2, 11), 0)
Agent writes: Position [agent=t1, id=null, cell=Cell [x=2, y=11], time=Tue Jun 04 14:26:46 BST 2013, clock=0]
Coin [id=null, cell=null, agent=null, time=null, clock=null]
from/for agent a1  status(position(8, 6), 0)
Agent writes: Position [agent=a1, id=null, cell=Cell [x=8, y=6], time=Tue Jun 04 14:26:46 BST 2013, clock=0]
Coin [id=null, cell=null, agent=null, time=null, clock=null]
from/for agent a1  status(position(8, 6), 0)
Agent writes: Position [agent=a1, id=null, cell=Cell [x=8, y=6], time=Tue Jun 04 14:26:46 BST 2013, clock=0]
from/for agent a1  status(position(5, 10), 0)
Agent writes: Position [agent=a1, id=null, cell=Cell [x=5, y=10], time=Tue Jun 04 14:26:46 BST 2013, clock=0]
Coin [id=null, cell=null, agent=null, time=null, clock=null]
from/for agent a3  status(position(8, 14), 0)
Agent writes: Position [agent=a3, id=null, cell=Cell [x=8, y=14], time=Tue Jun 04 14:26:47 BST 2013, clock=0]
from/for agent t1  status(position(2, 10), 0)
Agent writes: Position [agent=t1, id=null, cell=Cell [x=2, y=10], time=Tue Jun 04 14:26:47 BST 2013, clock=0]
from/for agent a1  status(position(5, 10), 0)
Agent writes: Position [agent=a1, id=null, cell=Cell [x=5, y=10], time=Tue Jun 04 14:26:47 BST 2013, clock=0]
Coin [id=null, cell=null, agent=null, time=null, clock=null]
from/for agent a2  status(position(3, 12), 0)
Agent writes: Position [agent=a2, id=null, cell=Cell [x=3, y=12], time=Tue Jun 04 14:26:48 BST 2013, clock=0]
from/for agent a3  status(position(8, 15), 0)
Agent writes: Position [agent=a3, id=null, cell=Cell [x=8, y=15], time=Tue Jun 04 14:26:48 BST 2013, clock=0]
Coin [id=null, cell=null, agent=null, time=null, clock=null]
from/for agent a2  status(position(12, 19), 0)
Agent writes: Position [agent=a2, id=null, cell=Cell [x=12, y=19], time=Tue Jun 04 14:26:49 BST 2013, clock=0]
from/for agent a3  status(position(8, 16), 0)
Agent writes: Position [agent=a3, id=null, cell=Cell [x=8, y=16], time=Tue Jun 04 14:26:49 BST 2013, clock=0]
from/for agent t1  status(position(2, 9), 0)
Agent writes: Position [agent=t1, id=null, cell=Cell [x=2, y=9], time=Tue Jun 04 14:26:49 BST 2013, clock=0]
Coin [id=null, cell=null, agent=null, time=null, clock=null]
from/for agent a2  status(position(14, 19), 0)
Agent writes: Position [agent=a2, id=null, cell=Cell [x=14, y=19], time=Tue Jun 04 14:26:49 BST 2013, clock=0]
Position [agent=a1, id=null, cell=null, time=null, clock=null]
from/for agent a2  status(position(3, 11), 0)
Agent writes: Position [agent=a2, id=null, cell=Cell [x=3, y=11], time=Tue Jun 04 14:26:50 BST 2013, clock=0]
from/for agent a3  status(position(8, 17), 0)
Agent writes: Position [agent=a3, id=null, cell=Cell [x=8, y=17], time=Tue Jun 04 14:26:50 BST 2013, clock=0]
from/for agent t1  status(position(2, 8), 0)
Agent writes: Position [agent=t1, id=null, cell=Cell [x=2, y=8], time=Tue Jun 04 14:26:50 BST 2013, clock=0]
from/for agent a1  status(position(9, 6), 0)
Agent writes: Position [agent=a1, id=null, cell=Cell [x=9, y=6], time=Tue Jun 04 14:26:50 BST 2013, clock=0]
Position [agent=a1, id=null, cell=null, time=null, clock=null]
from/for agent a1  status(position(5, 9), 0)
Agent writes: Position [agent=a1, id=null, cell=Cell [x=5, y=9], time=Tue Jun 04 14:26:51 BST 2013, clock=0]
from/for agent a3  status(position(8, 18), 0)
Agent writes: Position [agent=a3, id=null, cell=Cell [x=8, y=18], time=Tue Jun 04 14:26:52 BST 2013, clock=0]
from/for agent t1  status(position(2, 7), 0)
Agent writes: Position [agent=t1, id=null, cell=Cell [x=2, y=7], time=Tue Jun 04 14:26:52 BST 2013, clock=0]
from/for agent a1  status(position(6, 10), 0)
Agent writes: Position [agent=a1, id=null, cell=Cell [x=6, y=10], time=Tue Jun 04 14:26:52 BST 2013, clock=0]
Position [agent=a1, id=null, cell=null, time=null, clock=null]
from/for agent a3  status(position(8, 19), 0)
Agent writes: Position [agent=a3, id=null, cell=Cell [x=8, y=19], time=Tue Jun 04 14:26:53 BST 2013, clock=0]
from/for agent t1  status(position(2, 6), 0)
Agent writes: Position [agent=t1, id=null, cell=Cell [x=2, y=6], time=Tue Jun 04 14:26:53 BST 2013, clock=0]
Position [agent=a1, id=null, cell=null, time=null, clock=null]
from/for agent a2  status(position(3, 11), 0)
Agent writes: Position [agent=a2, id=null, cell=Cell [x=3, y=11], time=Tue Jun 04 14:26:54 BST 2013, clock=0]
from/for agent a3  status(position(9, 19), 0)
Agent writes: Position [agent=a3, id=null, cell=Cell [x=9, y=19], time=Tue Jun 04 14:26:54 BST 2013, clock=0]
from/for agent t1  status(position(2, 5), 0)
Agent writes: Position [agent=t1, id=null, cell=Cell [x=2, y=5], time=Tue Jun 04 14:26:54 BST 2013, clock=0]
Position [agent=a2, id=null, cell=null, time=null, clock=null]
from/for agent a1  status(position(10, 6), 0)
Agent writes: Position [agent=a1, id=null, cell=Cell [x=10, y=6], time=Tue Jun 04 14:26:55 BST 2013, clock=0]
Position [agent=a2, id=null, cell=null, time=null, clock=null]
from/for agent a3  status(position(10, 19), 0)
Agent writes: Position [agent=a3, id=null, cell=Cell [x=10, y=19], time=Tue Jun 04 14:26:56 BST 2013, clock=0]
from/for agent t1  status(position(2, 4), 0)
Agent writes: Position [agent=t1, id=null, cell=Cell [x=2, y=4], time=Tue Jun 04 14:26:56 BST 2013, clock=0]
from/for agent a1  status(position(5, 10), 0)
Agent writes: Position [agent=a1, id=null, cell=Cell [x=5, y=10], time=Tue Jun 04 14:26:56 BST 2013, clock=0]
from/for agent a2  status(position(13, 19), 0)
Agent writes: Position [agent=a2, id=null, cell=Cell [x=13, y=19], time=Tue Jun 04 14:26:56 BST 2013, clock=0]
from/for agent a1  status(position(7, 10), 0)
Agent writes: Position [agent=a1, id=null, cell=Cell [x=7, y=10], time=Tue Jun 04 14:26:56 BST 2013, clock=0]
Position [agent=a2, id=null, cell=null, time=null, clock=null]
from/for agent a2  status(position(15, 19), 0)
Agent writes: Position [agent=a2, id=null, cell=Cell [x=15, y=19], time=Tue Jun 04 14:26:57 BST 2013, clock=0]
from/for agent a3  status(position(11, 19), 0)
Agent writes: Position [agent=a3, id=null, cell=Cell [x=11, y=19], time=Tue Jun 04 14:26:57 BST 2013, clock=0]
from/for agent t1  status(position(2, 3), 0)
Agent writes: Position [agent=t1, id=null, cell=Cell [x=2, y=3], time=Tue Jun 04 14:26:57 BST 2013, clock=0]
Position [agent=a2, id=null, cell=null, time=null, clock=null]
from/for agent a3  status(position(12, 19), 0)
Agent writes: Position [agent=a3, id=null, cell=Cell [x=12, y=19], time=Tue Jun 04 14:26:58 BST 2013, clock=0]
from/for agent t1  status(position(2, 2), 0)
Agent writes: Position [agent=t1, id=null, cell=Cell [x=2, y=2], time=Tue Jun 04 14:26:58 BST 2013, clock=0]
Position [agent=a3, id=null, cell=null, time=null, clock=null]
from/for agent a1  status(position(11, 6), 0)
Agent writes: Position [agent=a1, id=null, cell=Cell [x=11, y=6], time=Tue Jun 04 14:27:00 BST 2013, clock=0]
from/for agent a2  status(position(3, 10), 0)
Agent writes: Position [agent=a2, id=null, cell=Cell [x=3, y=10], time=Tue Jun 04 14:27:00 BST 2013, clock=0]
Position [agent=a3, id=null, cell=null, time=null, clock=null]
from/for agent a3  status(position(13, 19), 0)
Agent writes: Position [agent=a3, id=null, cell=Cell [x=13, y=19], time=Tue Jun 04 14:27:01 BST 2013, clock=0]
from/for agent a1  status(position(6, 10), 0)
Agent writes: Position [agent=a1, id=null, cell=Cell [x=6, y=10], time=Tue Jun 04 14:27:01 BST 2013, clock=0]
Position [agent=a3, id=null, cell=null, time=null, clock=null]
from/for agent a3  status(position(14, 19), 0)
Agent writes: Position [agent=a3, id=null, cell=Cell [x=14, y=19], time=Tue Jun 04 14:27:03 BST 2013, clock=0]
Position [agent=a3, id=null, cell=null, time=null, clock=null]
from/for agent a2  status(position(3, 10), 0)
Agent writes: Position [agent=a2, id=null, cell=Cell [x=3, y=10], time=Tue Jun 04 14:27:04 BST 2013, clock=0]
from/for agent a1  status(position(8, 10), 0)
Agent writes: Position [agent=a1, id=null, cell=Cell [x=8, y=10], time=Tue Jun 04 14:27:04 BST 2013, clock=0]
Cargo [id=null, cell=null, time=null, clock=null]
Coin [id=null, cell=null, agent=a1, time=null, clock=null]
Coin [id=null, cell=null, agent=a2, time=null, clock=null]
from/for agent a3  status(position(15, 19), 0)
Agent writes: Position [agent=a3, id=null, cell=Cell [x=15, y=19], time=Tue Jun 04 14:27:05 BST 2013, clock=0]
Coin [id=null, cell=null, agent=a3, time=null, clock=null]
from/for agent a2  status(position(14, 19), 0)
Agent writes: Position [agent=a2, id=null, cell=Cell [x=14, y=19], time=Tue Jun 04 14:27:06 BST 2013, clock=0]
Coin [id=null, cell=null, agent=a1, time=null, clock=null]
Coin [id=null, cell=null, agent=a2, time=null, clock=null]
from/for agent a1  status(position(12, 6), 0)
Agent writes: Position [agent=a1, id=null, cell=Cell [x=12, y=6], time=Tue Jun 04 14:27:06 BST 2013, clock=0]
from/for agent a2  status(position(16, 19), 0)
Agent writes: Position [agent=a2, id=null, cell=Cell [x=16, y=19], time=Tue Jun 04 14:27:06 BST 2013, clock=0]
Coin [id=null, cell=null, agent=a3, time=null, clock=null]
from/for agent a3  status(position(16, 19), 0)
Agent writes: Position [agent=a3, id=null, cell=Cell [x=16, y=19], time=Tue Jun 04 14:27:07 BST 2013, clock=0]
Coin [id=null, cell=null, agent=a1, time=null, clock=null]
from/for agent a1  status(position(7, 10), 0)
Agent writes: Position [agent=a1, id=null, cell=Cell [x=7, y=10], time=Tue Jun 04 14:27:07 BST 2013, clock=0]
from/for agent a1  status(position(9, 10), 0)
Agent writes: Position [agent=a1, id=null, cell=Cell [x=9, y=10], time=Tue Jun 04 14:27:07 BST 2013, clock=0]
Coin [id=null, cell=null, agent=a2, time=null, clock=null]
Coin [id=null, cell=null, agent=a3, time=null, clock=null]
from/for agent a2  status(position(3, 9), 0)
Agent writes: Position [agent=a2, id=null, cell=Cell [x=3, y=9], time=Tue Jun 04 14:27:08 BST 2013, clock=0]
Coin [id=null, cell=null, agent=null, time=null, clock=null]
from/for agent a3  status(position(17, 19), 0)
Agent writes: Position [agent=a3, id=null, cell=Cell [x=17, y=19], time=Tue Jun 04 14:27:08 BST 2013, clock=0]
from/for agent a2  status(position(3, 9), 0)
Agent writes: Position [agent=a2, id=null, cell=Cell [x=3, y=9], time=Tue Jun 04 14:27:09 BST 2013, clock=0]
Reading [id=null, agent=a1, cell=null, time=null, value=null, clock=null]
from/for agent a3  status(position(18, 19), 0)
Agent writes: Position [agent=a3, id=null, cell=Cell [x=18, y=19], time=Tue Jun 04 14:27:09 BST 2013, clock=0]
from/for agent a2  status(position(15, 19), 0)
Agent writes: Position [agent=a2, id=null, cell=Cell [x=15, y=19], time=Tue Jun 04 14:27:09 BST 2013, clock=0]
Reading [id=null, agent=a2, cell=null, time=null, value=null, clock=null]
from/for agent a3  status(position(19, 19), 0)
Agent writes: Position [agent=a3, id=null, cell=Cell [x=19, y=19], time=Tue Jun 04 14:27:10 BST 2013, clock=0]
from/for agent a1  status(position(13, 6), 0)
Agent writes: Position [agent=a1, id=null, cell=Cell [x=13, y=6], time=Tue Jun 04 14:27:10 BST 2013, clock=0]
from/for agent a2  status(position(16, 18), 0)
Agent writes: Position [agent=a2, id=null, cell=Cell [x=16, y=18], time=Tue Jun 04 14:27:10 BST 2013, clock=0]
Reading [id=null, agent=a3, cell=null, time=null, value=null, clock=null]
from/for agent a2  status(position(3, 8), 0)
Agent writes: Position [agent=a2, id=null, cell=Cell [x=3, y=8], time=Tue Jun 04 14:27:10 BST 2013, clock=0]
from/for agent a1  status(position(8, 10), 0)
Agent writes: Position [agent=a1, id=null, cell=Cell [x=8, y=10], time=Tue Jun 04 14:27:10 BST 2013, clock=0]
from/for agent a1  status(position(10, 10), 0)
Agent writes: Position [agent=a1, id=null, cell=Cell [x=10, y=10], time=Tue Jun 04 14:27:10 BST 2013, clock=0]
Position [agent=t1, id=null, cell=null, time=null, clock=null]
Position [agent=t1, id=null, cell=null, time=null, clock=null]
from/for agent a1  status(position(14, 6), 0)
Agent writes: Position [agent=a1, id=null, cell=Cell [x=14, y=6], time=Tue Jun 04 14:27:12 BST 2013, clock=0]
Position [agent=t1, id=null, cell=null, time=null, clock=null]
from/for agent a1  status(position(9, 10), 0)
Agent writes: Position [agent=a1, id=null, cell=Cell [x=9, y=10], time=Tue Jun 04 14:27:13 BST 2013, clock=0]
Position [agent=t1, id=null, cell=null, time=null, clock=null]
from/for agent a2  status(position(15, 18), 0)
Agent writes: Position [agent=a2, id=null, cell=Cell [x=15, y=18], time=Tue Jun 04 14:27:14 BST 2013, clock=0]
Coin [id=null, cell=null, agent=null, time=null, clock=null]
from/for agent a2  status(position(16, 17), 0)
Agent writes: Position [agent=a2, id=null, cell=Cell [x=16, y=17], time=Tue Jun 04 14:27:14 BST 2013, clock=0]
Coin [id=null, cell=null, agent=null, time=null, clock=null]
from/for agent a2  status(position(3, 7), 0)
Agent writes: Position [agent=a2, id=null, cell=Cell [x=3, y=7], time=Tue Jun 04 14:27:15 BST 2013, clock=0]
from/for agent a1  status(position(15, 6), 0)
Agent writes: Position [agent=a1, id=null, cell=Cell [x=15, y=6], time=Tue Jun 04 14:27:15 BST 2013, clock=0]
Coin [id=null, cell=null, agent=null, time=null, clock=null]
from/for agent a1  status(position(8, 10), 0)
Agent writes: Position [agent=a1, id=null, cell=Cell [x=8, y=10], time=Tue Jun 04 14:27:15 BST 2013, clock=0]
Coin [id=null, cell=null, agent=null, time=null, clock=null]
