test2.
Service Registrar: 9586234c-676f-49f7-8425-b268487ef927
Java Space found.
TransactionManager found.
from agent t1  cargo(position(19, 19), 0)
from agent c1  coin(position(8, 6), 0, a1)
org notified 
org notified 
[-2,199,2,-2,158,2,-2,201,0,-2,201,0,-4,0,0,0,15,1]
!!!!! from org !!!!!!
cargo
[-2,199,2,-2,185,4,-2,201,0,-2,201,0,-2,193,0,-2,201,0,-4,0,0,0,21,1]
!!!!! from org !!!!!!
reading
[-2,199,2,-2,185,4,-2,201,0,-2,201,0,-2,194,0,-2,201,0,-4,0,0,0,21,1]
!!!!! from org !!!!!!
reading
[-2,199,2,-2,185,4,-2,201,0,-2,201,0,-2,195,0,-2,201,0,-4,0,0,0,21,1]
!!!!! from org !!!!!!
reading
[-2,199,2,-2,185,4,-2,201,0,-2,201,0,-2,193,0,-2,201,0,-4,0,0,0,21,1]
!!!!! from org !!!!!!
reading
[-2,199,2,-2,185,4,-2,201,0,-2,201,0,-2,194,0,-2,201,0,-4,0,0,0,21,1]
!!!!! from org !!!!!!
reading
[-2,199,2,-2,185,4,-2,201,0,-2,201,0,-2,195,0,-2,201,0,-4,0,0,0,21,1]
!!!!! from org !!!!!!
reading
from agent c1  coin(position(16, 6), 0, a2)
from agent a1  status(position(3, 4), 0)
org notified 
from agent a3  status(position(3, 4), 0)
from agent a2  status(position(3, 4), 0)
from agent t1  status(position(18, 19), 0)
[-2,199,2,-2,158,2,-2,201,0,-2,201,0,-4,0,0,0,15,1]
!!!!! from org !!!!!!
cargo
from agent t1  prohibition([at(5, 5, t1)], [reduce_300(t1)])
from agent t1  prohibition([at(5, 6, t1)], [reduce_300(t1)])
from agent t1  prohibition([at(6, 5, t1)], [reduce_300(t1)])
from agent t1  prohibition([at(6, 6, t1)], [reduce_300(t1)])
[-2,199,2,-2,173,3,-2,201,0,-2,201,0,-2,198,0,-4,0,0,0,18,1]
!!!!! from org !!!!!!
coin
from agent c1  coin(position(3, 9), 0, a3)
[null]
java.lang.ClassCastException: apapl.data.APLIdent cannot be cast to apapl.data.APLFunction
	at envJavaSpace.SpaceTest.notifyAgent(SpaceTest.java:1127)
	at envJavaSpace.AgentHandler.notify(AgentHandler.java:58)
	at sun.reflect.NativeMethodAccessorImpl.invoke0(Native Method)
	at sun.reflect.NativeMethodAccessorImpl.invoke(NativeMethodAccessorImpl.java:39)
	at sun.reflect.DelegatingMethodAccessorImpl.invoke(DelegatingMethodAccessorImpl.java:25)
	at java.lang.reflect.Method.invoke(Method.java:597)
	at sun.rmi.server.UnicastServerRef.dispatch(UnicastServerRef.java:303)
	at sun.rmi.transport.Transport$1.run(Transport.java:159)
	at java.security.AccessController.doPrivileged(Native Method)
	at sun.rmi.transport.Transport.serviceCall(Transport.java:155)
	at sun.rmi.transport.tcp.TCPTransport.handleMessages(TCPTransport.java:535)
	at sun.rmi.transport.tcp.TCPTransport$ConnectionHandler.run0(TCPTransport.java:790)
	at sun.rmi.transport.tcp.TCPTransport$ConnectionHandler.run(TCPTransport.java:649)
	at java.util.concurrent.ThreadPoolExecutor$Worker.runTask(ThreadPoolExecutor.java:895)
	at java.util.concurrent.ThreadPoolExecutor$Worker.run(ThreadPoolExecutor.java:918)
	at java.lang.Thread.run(Thread.java:680)
[null]
[null]
java.lang.ClassCastException: apapl.data.APLIdent cannot be cast to apapl.data.APLFunction
	at envJavaSpace.SpaceTest.notifyAgent(SpaceTest.java:1127)
	at envJavaSpace.AgentHandler.notify(AgentHandler.java:58)
	at sun.reflect.NativeMethodAccessorImpl.invoke0(Native Method)
	at sun.reflect.NativeMethodAccessorImpl.invoke(NativeMethodAccessorImpl.java:39)
	at sun.reflect.DelegatingMethodAccessorImpl.invoke(DelegatingMethodAccessorImpl.java:25)
	at java.lang.reflect.Method.invoke(Method.java:597)
	at sun.rmi.server.UnicastServerRef.dispatch(UnicastServerRef.java:303)
	at sun.rmi.transport.Transport$1.run(Transport.java:159)
	at java.security.AccessController.doPrivileged(Native Method)
	at sun.rmi.transport.Transport.serviceCall(Transport.java:155)
	at sun.rmi.transport.tcp.TCPTransport.handleMessages(TCPTransport.java:535)
	at sun.rmi.transport.tcp.TCPTransport$ConnectionHandler.run0(TCPTransport.java:790)
	at sun.rmi.transport.tcp.TCPTransport$ConnectionHandler.run(TCPTransport.java:649)
	at java.util.concurrent.ThreadPoolExecutor$Worker.runTask(ThreadPoolExecutor.java:895)
	at java.util.concurrent.ThreadPoolExecutor$Worker.run(ThreadPoolExecutor.java:918)
	at java.lang.Thread.run(Thread.java:680)
java.lang.ClassCastException: apapl.data.APLIdent cannot be cast to apapl.data.APLFunction
	at envJavaSpace.SpaceTest.notifyAgent(SpaceTest.java:1127)
	at envJavaSpace.AgentHandler.notify(AgentHandler.java:58)
	at sun.reflect.NativeMethodAccessorImpl.invoke0(Native Method)
	at sun.reflect.NativeMethodAccessorImpl.invoke(NativeMethodAccessorImpl.java:39)
	at sun.reflect.DelegatingMethodAccessorImpl.invoke(DelegatingMethodAccessorImpl.java:25)
	at java.lang.reflect.Method.invoke(Method.java:597)
	at sun.rmi.server.UnicastServerRef.dispatch(UnicastServerRef.java:303)
	at sun.rmi.transport.Transport$1.run(Transport.java:159)
	at java.security.AccessController.doPrivileged(Native Method)
	at sun.rmi.transport.Transport.serviceCall(Transport.java:155)
	at sun.rmi.transport.tcp.TCPTransport.handleMessages(TCPTransport.java:535)
	at sun.rmi.transport.tcp.TCPTransport$ConnectionHandler.run0(TCPTransport.java:790)
	at sun.rmi.transport.tcp.TCPTransport$ConnectionHandler.run(TCPTransport.java:649)
	at java.util.concurrent.ThreadPoolExecutor$Worker.runTask(ThreadPoolExecutor.java:895)
	at java.util.concurrent.ThreadPoolExecutor$Worker.run(ThreadPoolExecutor.java:918)
	at java.lang.Thread.run(Thread.java:680)
[Prohibition [agent=t1, prohibition=[at(5, 6, t1)], sanction=[reduce_300(t1)], clock=1, time=Fri May 24 14:41:38 BST 2013]]
prohibition(at(6, 6, t1), reduce_300(t1))
[Prohibition [agent=t1, prohibition=[at(6, 5, t1)], sanction=[reduce_300(t1)], clock=1, time=Fri May 24 14:41:38 BST 2013]]
prohibition(at(6, 5, t1), reduce_300(t1))
java.lang.NullPointerException
	at aplprolog.prolog.IntHarvester.unifyTerm(IntHarvester.java:184)
	at aplprolog.prolog.builtins.ExternalActions.call(ExternalActions.java:32)
	at aplprolog.prolog.BuiltIn.execute(BuiltIn.java:118)
	at aplprolog.prolog.Prolog.findNextRule(Prolog.java:234)
	at aplprolog.prolog.Prolog.prove(Prolog.java:186)
	at aplprolog.prolog.Prolog.query(Prolog.java:120)
	at oopl.DistributedOOPL.handleEvent(DistributedOOPL.java:59)
	at envJavaSpace.SpaceTest.notifyOrg(SpaceTest.java:1133)
	at envJavaSpace.OrgHandler.notify(OrgHandler.java:46)
	at sun.reflect.NativeMethodAccessorImpl.invoke0(Native Method)
	at sun.reflect.NativeMethodAccessorImpl.invoke(NativeMethodAccessorImpl.java:39)
	at sun.reflect.DelegatingMethodAccessorImpl.invoke(DelegatingMethodAccessorImpl.java:25)
	at java.lang.reflect.Method.invoke(Method.java:597)
	at sun.rmi.server.UnicastServerRef.dispatch(UnicastServerRef.java:303)
	at sun.rmi.transport.Transport$1.run(Transport.java:159)
	at java.security.AccessController.doPrivileged(Native Method)
	at sun.rmi.transport.Transport.serviceCall(Transport.java:155)
	at sun.rmi.transport.tcp.TCPTransport.handleMessages(TCPTransport.java:535)
	at sun.rmi.transport.tcp.TCPTransport$ConnectionHandler.run0(TCPTransport.java:790)
	at sun.rmi.transport.tcp.TCPTransport$ConnectionHandler.run(TCPTransport.java:649)
	at java.util.concurrent.ThreadPoolExecutor$Worker.runTask(ThreadPoolExecutor.java:895)
	at java.util.concurrent.ThreadPoolExecutor$Worker.run(ThreadPoolExecutor.java:918)
	at java.lang.Thread.run(Thread.java:680)
[-2,199,2,-2,158,2,-2,201,0,-2,201,0,-4,0,0,0,15,1]
!!!!! from org !!!!!!
cargo
from agent a1  status(position(3, 5), 0)
from agent a3  status(position(3, 5), 0)
from agent a2  status(position(3, 5), 0)
from agent t1  status(position(17, 19), 0)
java.lang.NullPointerException
	at aplprolog.prolog.IntHarvester.unifyTerm(IntHarvester.java:184)
	at aplprolog.prolog.builtins.ExternalActions.call(ExternalActions.java:32)
	at aplprolog.prolog.BuiltIn.execute(BuiltIn.java:118)
	at aplprolog.prolog.Prolog.findNextRule(Prolog.java:234)
	at aplprolog.prolog.Prolog.prove(Prolog.java:186)
	at aplprolog.prolog.Prolog.query(Prolog.java:120)
	at oopl.DistributedOOPL.handleEvent(DistributedOOPL.java:59)
	at envJavaSpace.SpaceTest.notifyOrg(SpaceTest.java:1133)
	at envJavaSpace.OrgHandler.notify(OrgHandler.java:34)
	at sun.reflect.NativeMethodAccessorImpl.invoke0(Native Method)
	at sun.reflect.NativeMethodAccessorImpl.invoke(NativeMethodAccessorImpl.java:39)
	at sun.reflect.DelegatingMethodAccessorImpl.invoke(DelegatingMethodAccessorImpl.java:25)
	at java.lang.reflect.Method.invoke(Method.java:597)
	at sun.rmi.server.UnicastServerRef.dispatch(UnicastServerRef.java:303)
	at sun.rmi.transport.Transport$1.run(Transport.java:159)
	at java.security.AccessController.doPrivileged(Native Method)
	at sun.rmi.transport.Transport.serviceCall(Transport.java:155)
	at sun.rmi.transport.tcp.TCPTransport.handleMessages(TCPTransport.java:535)
	at sun.rmi.transport.tcp.TCPTransport$ConnectionHandler.run0(TCPTransport.java:790)
	at sun.rmi.transport.tcp.TCPTransport$ConnectionHandler.run(TCPTransport.java:649)
	at java.util.concurrent.ThreadPoolExecutor$Worker.runTask(ThreadPoolExecutor.java:895)
	at java.util.concurrent.ThreadPoolExecutor$Worker.run(ThreadPoolExecutor.java:918)
	at java.lang.Thread.run(Thread.java:680)
org notified 
[-2,199,2,-2,158,2,-2,201,0,-2,201,0,-4,0,0,0,15,1]
!!!!! from org !!!!!!
cargo
[-2,199,2,-2,185,4,-2,201,0,-2,201,0,-2,193,0,-2,201,0,-4,0,0,0,21,1]
!!!!! from org !!!!!!
reading
java.lang.NullPointerException
	at aplprolog.prolog.IntHarvester.unifyTerm(IntHarvester.java:184)
	at aplprolog.prolog.builtins.ExternalActions.call(ExternalActions.java:32)
	at aplprolog.prolog.BuiltIn.execute(BuiltIn.java:118)
	at aplprolog.prolog.Prolog.findNextRule(Prolog.java:234)
	at aplprolog.prolog.Prolog.prove(Prolog.java:186)
	at aplprolog.prolog.Prolog.query(Prolog.java:120)
	at oopl.DistributedOOPL.handleEvent(DistributedOOPL.java:59)
	at envJavaSpace.SpaceTest.notifyOrg(SpaceTest.java:1133)
	at envJavaSpace.OrgHandler.notify(OrgHandler.java:50)
	at sun.reflect.NativeMethodAccessorImpl.invoke0(Native Method)
	at sun.reflect.NativeMethodAccessorImpl.invoke(NativeMethodAccessorImpl.java:39)
	at sun.reflect.DelegatingMethodAccessorImpl.invoke(DelegatingMethodAccessorImpl.java:25)
	at java.lang.reflect.Method.invoke(Method.java:597)
	at sun.rmi.server.UnicastServerRef.dispatch(UnicastServerRef.java:303)
	at sun.rmi.transport.Transport$1.run(Transport.java:159)
	at java.security.AccessController.doPrivileged(Native Method)
	at sun.rmi.transport.Transport.serviceCall(Transport.java:155)
	at sun.rmi.transport.tcp.TCPTransport.handleMessages(TCPTransport.java:535)
	at sun.rmi.transport.tcp.TCPTransport$ConnectionHandler.run0(TCPTransport.java:790)
	at sun.rmi.transport.tcp.TCPTransport$ConnectionHandler.run(TCPTransport.java:649)
	at java.util.concurrent.ThreadPoolExecutor$Worker.runTask(ThreadPoolExecutor.java:895)
	at java.util.concurrent.ThreadPoolExecutor$Worker.run(ThreadPoolExecutor.java:918)
	at java.lang.Thread.run(Thread.java:680)
org notified 
[-2,199,2,-2,158,2,-2,201,0,-2,201,0,-4,0,0,0,15,1]
!!!!! from org !!!!!!
cargo
from agent a1  status(position(3, 6), 0)
from agent a3  status(position(3, 6), 0)
from agent a2  status(position(3, 6), 0)
from agent t1  status(position(16, 19), 0)
[-2,199,2,-2,185,4,-2,201,0,-2,201,0,-2,193,0,-2,201,0,-4,0,0,0,21,1]
!!!!! from org !!!!!!
reading
[-2,199,2,-2,185,4,-2,201,0,-2,201,0,-2,194,0,-2,201,0,-4,0,0,0,21,1]
!!!!! from org !!!!!!
reading
[-2,199,2,-2,185,4,-2,201,0,-2,201,0,-2,195,0,-2,201,0,-4,0,0,0,21,1]
!!!!! from org !!!!!!
reading
java.lang.NullPointerException
	at aplprolog.prolog.IntHarvester.unifyTerm(IntHarvester.java:184)
	at aplprolog.prolog.builtins.ExternalActions.call(ExternalActions.java:32)
	at aplprolog.prolog.BuiltIn.execute(BuiltIn.java:118)
	at aplprolog.prolog.Prolog.findNextRule(Prolog.java:234)
	at aplprolog.prolog.Prolog.prove(Prolog.java:186)
	at aplprolog.prolog.Prolog.query(Prolog.java:120)
	at oopl.DistributedOOPL.handleEvent(DistributedOOPL.java:59)
	at envJavaSpace.SpaceTest.notifyOrg(SpaceTest.java:1133)
	at envJavaSpace.OrgHandler.notify(OrgHandler.java:34)
	at sun.reflect.NativeMethodAccessorImpl.invoke0(Native Method)
	at sun.reflect.NativeMethodAccessorImpl.invoke(NativeMethodAccessorImpl.java:39)
	at sun.reflect.DelegatingMethodAccessorImpl.invoke(DelegatingMethodAccessorImpl.java:25)
	at java.lang.reflect.Method.invoke(Method.java:597)
	at sun.rmi.server.UnicastServerRef.dispatch(UnicastServerRef.java:303)
	at sun.rmi.transport.Transport$1.run(Transport.java:159)
	at java.security.AccessController.doPrivileged(Native Method)
	at sun.rmi.transport.Transport.serviceCall(Transport.java:155)
	at sun.rmi.transport.tcp.TCPTransport.handleMessages(TCPTransport.java:535)
	at sun.rmi.transport.tcp.TCPTransport$ConnectionHandler.run0(TCPTransport.java:790)
	at sun.rmi.transport.tcp.TCPTransport$ConnectionHandler.run(TCPTransport.java:649)
	at java.util.concurrent.ThreadPoolExecutor$Worker.runTask(ThreadPoolExecutor.java:895)
	at java.util.concurrent.ThreadPoolExecutor$Worker.run(ThreadPoolExecutor.java:918)
	at java.lang.Thread.run(Thread.java:680)
org notified 
from agent a1  status(position(3, 7), 0)
[-2,199,2,-2,158,2,-2,201,0,-2,201,0,-4,0,0,0,15,1]
!!!!! from org !!!!!!
cargo
from agent t1  obligation([cargo(_, _, _)], 10, [reduce_100(t1)])
[-2,199,2,-2,185,4,-2,201,0,-2,201,0,-2,193,0,-2,201,0,-4,0,0,0,21,1]
!!!!! from org !!!!!!
reading
from agent a3  status(position(3, 7), 0)
from agent a2  status(position(3, 7), 0)
from agent t1  status(position(15, 19), 0)
[Obligation [agent=t1, obligation=[cargo(_, _, _)], sanction=[reduce_100(t1)], deadline=10, time=Fri May 24 14:41:42 BST 2013, clock=1]]
obligation(cargo(_, _, _, t1), 10, reduce_100(t1))
java.lang.NullPointerException
	at aplprolog.prolog.IntHarvester.unifyTerm(IntHarvester.java:184)
	at aplprolog.prolog.builtins.ExternalActions.call(ExternalActions.java:32)
	at aplprolog.prolog.BuiltIn.execute(BuiltIn.java:118)
	at aplprolog.prolog.Prolog.findNextRule(Prolog.java:234)
	at aplprolog.prolog.Prolog.prove(Prolog.java:186)
	at aplprolog.prolog.Prolog.query(Prolog.java:120)
	at oopl.DistributedOOPL.handleEvent(DistributedOOPL.java:59)
	at envJavaSpace.SpaceTest.notifyOrg(SpaceTest.java:1133)
	at envJavaSpace.OrgHandler.notify(OrgHandler.java:50)
	at sun.reflect.NativeMethodAccessorImpl.invoke0(Native Method)
	at sun.reflect.NativeMethodAccessorImpl.invoke(NativeMethodAccessorImpl.java:39)
	at sun.reflect.DelegatingMethodAccessorImpl.invoke(DelegatingMethodAccessorImpl.java:25)
	at java.lang.reflect.Method.invoke(Method.java:597)
	at sun.rmi.server.UnicastServerRef.dispatch(UnicastServerRef.java:303)
	at sun.rmi.transport.Transport$1.run(Transport.java:159)
	at java.security.AccessController.doPrivileged(Native Method)
	at sun.rmi.transport.Transport.serviceCall(Transport.java:155)
	at sun.rmi.transport.tcp.TCPTransport.handleMessages(TCPTransport.java:535)
	at sun.rmi.transport.tcp.TCPTransport$ConnectionHandler.run0(TCPTransport.java:790)
	at sun.rmi.transport.tcp.TCPTransport$ConnectionHandler.run(TCPTransport.java:649)
	at java.util.concurrent.ThreadPoolExecutor$Worker.runTask(ThreadPoolExecutor.java:895)
	at java.util.concurrent.ThreadPoolExecutor$Worker.run(ThreadPoolExecutor.java:918)
	at java.lang.Thread.run(Thread.java:680)
[-2,199,2,-2,158,2,-2,201,0,-2,201,0,-4,0,0,0,15,1]
!!!!! from org !!!!!!
cargo
java.lang.NullPointerException
	at aplprolog.prolog.IntHarvester.unifyTerm(IntHarvester.java:184)
	at aplprolog.prolog.builtins.ExternalActions.call(ExternalActions.java:32)
	at aplprolog.prolog.BuiltIn.execute(BuiltIn.java:118)
	at aplprolog.prolog.Prolog.findNextRule(Prolog.java:234)
	at aplprolog.prolog.Prolog.prove(Prolog.java:186)
	at aplprolog.prolog.Prolog.query(Prolog.java:120)
	at oopl.DistributedOOPL.handleEvent(DistributedOOPL.java:59)
	at envJavaSpace.SpaceTest.notifyOrg(SpaceTest.java:1133)
	at envJavaSpace.OrgHandler.notify(OrgHandler.java:34)
	at sun.reflect.NativeMethodAccessorImpl.invoke0(Native Method)
	at sun.reflect.NativeMethodAccessorImpl.invoke(NativeMethodAccessorImpl.java:39)
	at sun.reflect.DelegatingMethodAccessorImpl.invoke(DelegatingMethodAccessorImpl.java:25)
	at java.lang.reflect.Method.invoke(Method.java:597)
	at sun.rmi.server.UnicastServerRef.dispatch(UnicastServerRef.java:303)
	at sun.rmi.transport.Transport$1.run(Transport.java:159)
	at java.security.AccessController.doPrivileged(Native Method)
	at sun.rmi.transport.Transport.serviceCall(Transport.java:155)
	at sun.rmi.transport.tcp.TCPTransport.handleMessages(TCPTransport.java:535)
	at sun.rmi.transport.tcp.TCPTransport$ConnectionHandler.run0(TCPTransport.java:790)
	at sun.rmi.transport.tcp.TCPTransport$ConnectionHandler.run(TCPTransport.java:649)
	at java.util.concurrent.ThreadPoolExecutor$Worker.runTask(ThreadPoolExecutor.java:895)
	at java.util.concurrent.ThreadPoolExecutor$Worker.run(ThreadPoolExecutor.java:918)
	at java.lang.Thread.run(Thread.java:680)
org notified 
[-2,199,2,-2,158,2,-2,201,0,-2,201,0,-4,0,0,0,15,1]
!!!!! from org !!!!!!
cargo
java.lang.NullPointerException
	at aplprolog.prolog.IntHarvester.unifyTerm(IntHarvester.java:184)
	at aplprolog.prolog.builtins.ExternalActions.call(ExternalActions.java:32)
	at aplprolog.prolog.BuiltIn.execute(BuiltIn.java:118)
	at aplprolog.prolog.Prolog.findNextRule(Prolog.java:234)
	at aplprolog.prolog.Prolog.prove(Prolog.java:186)
	at aplprolog.prolog.Prolog.query(Prolog.java:120)
	at oopl.DistributedOOPL.handleEvent(DistributedOOPL.java:59)
	at envJavaSpace.SpaceTest.notifyOrg(SpaceTest.java:1133)
	at envJavaSpace.OrgHandler.notify(OrgHandler.java:34)
	at sun.reflect.NativeMethodAccessorImpl.invoke0(Native Method)
	at sun.reflect.NativeMethodAccessorImpl.invoke(NativeMethodAccessorImpl.java:39)
	at sun.reflect.DelegatingMethodAccessorImpl.invoke(DelegatingMethodAccessorImpl.java:25)
	at java.lang.reflect.Method.invoke(Method.java:597)
	at sun.rmi.server.UnicastServerRef.dispatch(UnicastServerRef.java:303)
	at sun.rmi.transport.Transport$1.run(Transport.java:159)
	at java.security.AccessController.doPrivileged(Native Method)
	at sun.rmi.transport.Transport.serviceCall(Transport.java:155)
	at sun.rmi.transport.tcp.TCPTransport.handleMessages(TCPTransport.java:535)
	at sun.rmi.transport.tcp.TCPTransport$ConnectionHandler.run0(TCPTransport.java:790)
	at sun.rmi.transport.tcp.TCPTransport$ConnectionHandler.run(TCPTransport.java:649)
	at java.util.concurrent.ThreadPoolExecutor$Worker.runTask(ThreadPoolExecutor.java:895)
	at java.util.concurrent.ThreadPoolExecutor$Worker.run(ThreadPoolExecutor.java:918)
	at java.lang.Thread.run(Thread.java:680)
from agent a1  status(position(3, 8), 0)
org notified 
[-2,199,2,-2,158,2,-2,201,0,-2,201,0,-4,0,0,0,15,1]
!!!!! from org !!!!!!
cargo
from agent a3  status(position(3, 8), 0)
from agent a2  status(position(3, 8), 0)
from agent t1  status(position(14, 19), 0)
java.lang.NullPointerException
	at aplprolog.prolog.IntHarvester.unifyTerm(IntHarvester.java:184)
	at aplprolog.prolog.builtins.ExternalActions.call(ExternalActions.java:32)
	at aplprolog.prolog.BuiltIn.execute(BuiltIn.java:118)
	at aplprolog.prolog.Prolog.findNextRule(Prolog.java:234)
	at aplprolog.prolog.Prolog.prove(Prolog.java:186)
	at aplprolog.prolog.Prolog.query(Prolog.java:120)
	at oopl.DistributedOOPL.handleEvent(DistributedOOPL.java:59)
	at envJavaSpace.SpaceTest.notifyOrg(SpaceTest.java:1133)
	at envJavaSpace.OrgHandler.notify(OrgHandler.java:34)
	at sun.reflect.NativeMethodAccessorImpl.invoke0(Native Method)
	at sun.reflect.NativeMethodAccessorImpl.invoke(NativeMethodAccessorImpl.java:39)
	at sun.reflect.DelegatingMethodAccessorImpl.invoke(DelegatingMethodAccessorImpl.java:25)
	at java.lang.reflect.Method.invoke(Method.java:597)
	at sun.rmi.server.UnicastServerRef.dispatch(UnicastServerRef.java:303)
	at sun.rmi.transport.Transport$1.run(Transport.java:159)
	at java.security.AccessController.doPrivileged(Native Method)
	at sun.rmi.transport.Transport.serviceCall(Transport.java:155)
	at sun.rmi.transport.tcp.TCPTransport.handleMessages(TCPTransport.java:535)
	at sun.rmi.transport.tcp.TCPTransport$ConnectionHandler.run0(TCPTransport.java:790)
	at sun.rmi.transport.tcp.TCPTransport$ConnectionHandler.run(TCPTransport.java:649)
	at java.util.concurrent.ThreadPoolExecutor$Worker.runTask(ThreadPoolExecutor.java:895)
	at java.util.concurrent.ThreadPoolExecutor$Worker.run(ThreadPoolExecutor.java:918)
	at java.lang.Thread.run(Thread.java:680)
org notified 
[-2,199,2,-2,158,2,-2,201,0,-2,201,0,-4,0,0,0,15,1]
!!!!! from org !!!!!!
cargo
from agent a1  status(position(3, 9), 0)
java.lang.NullPointerException
	at aplprolog.prolog.IntHarvester.unifyTerm(IntHarvester.java:184)
	at aplprolog.prolog.builtins.ExternalActions.call(ExternalActions.java:32)
	at aplprolog.prolog.BuiltIn.execute(BuiltIn.java:118)
	at aplprolog.prolog.Prolog.findNextRule(Prolog.java:234)
	at aplprolog.prolog.Prolog.prove(Prolog.java:186)
	at aplprolog.prolog.Prolog.query(Prolog.java:120)
	at oopl.DistributedOOPL.handleEvent(DistributedOOPL.java:59)
	at envJavaSpace.SpaceTest.notifyOrg(SpaceTest.java:1133)
	at envJavaSpace.OrgHandler.notify(OrgHandler.java:34)
	at sun.reflect.NativeMethodAccessorImpl.invoke0(Native Method)
	at sun.reflect.NativeMethodAccessorImpl.invoke(NativeMethodAccessorImpl.java:39)
	at sun.reflect.DelegatingMethodAccessorImpl.invoke(DelegatingMethodAccessorImpl.java:25)
	at java.lang.reflect.Method.invoke(Method.java:597)
	at sun.rmi.server.UnicastServerRef.dispatch(UnicastServerRef.java:303)
	at sun.rmi.transport.Transport$1.run(Transport.java:159)
	at java.security.AccessController.doPrivileged(Native Method)
	at sun.rmi.transport.Transport.serviceCall(Transport.java:155)
	at sun.rmi.transport.tcp.TCPTransport.handleMessages(TCPTransport.java:535)
	at sun.rmi.transport.tcp.TCPTransport$ConnectionHandler.run0(TCPTransport.java:790)
	at sun.rmi.transport.tcp.TCPTransport$ConnectionHandler.run(TCPTransport.java:649)
	at java.util.concurrent.ThreadPoolExecutor$Worker.runTask(ThreadPoolExecutor.java:895)
	at java.util.concurrent.ThreadPoolExecutor$Worker.run(ThreadPoolExecutor.java:918)
	at java.lang.Thread.run(Thread.java:680)
org notified 
[-2,199,2,-2,158,2,-2,201,0,-2,201,0,-4,0,0,0,15,1]
!!!!! from org !!!!!!
cargo
java.lang.NullPointerException
	at aplprolog.prolog.IntHarvester.unifyTerm(IntHarvester.java:184)
	at aplprolog.prolog.builtins.ExternalActions.call(ExternalActions.java:32)
	at aplprolog.prolog.BuiltIn.execute(BuiltIn.java:118)
	at aplprolog.prolog.Prolog.findNextRule(Prolog.java:234)
	at aplprolog.prolog.Prolog.prove(Prolog.java:186)
	at aplprolog.prolog.Prolog.query(Prolog.java:120)
	at oopl.DistributedOOPL.handleEvent(DistributedOOPL.java:59)
	at envJavaSpace.SpaceTest.notifyOrg(SpaceTest.java:1133)
	at envJavaSpace.OrgHandler.notify(OrgHandler.java:34)
	at sun.reflect.NativeMethodAccessorImpl.invoke0(Native Method)
	at sun.reflect.NativeMethodAccessorImpl.invoke(NativeMethodAccessorImpl.java:39)
	at sun.reflect.DelegatingMethodAccessorImpl.invoke(DelegatingMethodAccessorImpl.java:25)
	at java.lang.reflect.Method.invoke(Method.java:597)
	at sun.rmi.server.UnicastServerRef.dispatch(UnicastServerRef.java:303)
	at sun.rmi.transport.Transport$1.run(Transport.java:159)
	at java.security.AccessController.doPrivileged(Native Method)
	at sun.rmi.transport.Transport.serviceCall(Transport.java:155)
	at sun.rmi.transport.tcp.TCPTransport.handleMessages(TCPTransport.java:535)
	at sun.rmi.transport.tcp.TCPTransport$ConnectionHandler.run0(TCPTransport.java:790)
	at sun.rmi.transport.tcp.TCPTransport$ConnectionHandler.run(TCPTransport.java:649)
	at java.util.concurrent.ThreadPoolExecutor$Worker.runTask(ThreadPoolExecutor.java:895)
	at java.util.concurrent.ThreadPoolExecutor$Worker.run(ThreadPoolExecutor.java:918)
	at java.lang.Thread.run(Thread.java:680)
from agent a3  status(position(3, 9), 0)
org notified 
from agent a2  status(position(3, 9), 0)
from agent t1  status(position(13, 19), 0)
[-2,199,2,-2,158,2,-2,201,0,-2,201,0,-4,0,0,0,15,1]
!!!!! from org !!!!!!
cargo
from agent a1  status(position(3, 10), 0)
java.lang.NullPointerException
	at aplprolog.prolog.IntHarvester.unifyTerm(IntHarvester.java:184)
	at aplprolog.prolog.builtins.ExternalActions.call(ExternalActions.java:32)
	at aplprolog.prolog.BuiltIn.execute(BuiltIn.java:118)
	at aplprolog.prolog.Prolog.findNextRule(Prolog.java:234)
	at aplprolog.prolog.Prolog.prove(Prolog.java:186)
	at aplprolog.prolog.Prolog.query(Prolog.java:120)
	at oopl.DistributedOOPL.handleEvent(DistributedOOPL.java:59)
	at envJavaSpace.SpaceTest.notifyOrg(SpaceTest.java:1133)
	at envJavaSpace.OrgHandler.notify(OrgHandler.java:34)
	at sun.reflect.GeneratedMethodAccessor34.invoke(Unknown Source)
	at sun.reflect.DelegatingMethodAccessorImpl.invoke(DelegatingMethodAccessorImpl.java:25)
	at java.lang.reflect.Method.invoke(Method.java:597)
	at sun.rmi.server.UnicastServerRef.dispatch(UnicastServerRef.java:303)
	at sun.rmi.transport.Transport$1.run(Transport.java:159)
	at java.security.AccessController.doPrivileged(Native Method)
	at sun.rmi.transport.Transport.serviceCall(Transport.java:155)
	at sun.rmi.transport.tcp.TCPTransport.handleMessages(TCPTransport.java:535)
	at sun.rmi.transport.tcp.TCPTransport$ConnectionHandler.run0(TCPTransport.java:790)
	at sun.rmi.transport.tcp.TCPTransport$ConnectionHandler.run(TCPTransport.java:649)
	at java.util.concurrent.ThreadPoolExecutor$Worker.runTask(ThreadPoolExecutor.java:895)
	at java.util.concurrent.ThreadPoolExecutor$Worker.run(ThreadPoolExecutor.java:918)
	at java.lang.Thread.run(Thread.java:680)
org notified 
[-2,199,2,-2,158,2,-2,201,0,-2,201,0,-4,0,0,0,15,1]
!!!!! from org !!!!!!
cargo
java.lang.NullPointerException
	at aplprolog.prolog.IntHarvester.unifyTerm(IntHarvester.java:184)
	at aplprolog.prolog.builtins.ExternalActions.call(ExternalActions.java:32)
	at aplprolog.prolog.BuiltIn.execute(BuiltIn.java:118)
	at aplprolog.prolog.Prolog.findNextRule(Prolog.java:234)
	at aplprolog.prolog.Prolog.prove(Prolog.java:186)
	at aplprolog.prolog.Prolog.query(Prolog.java:120)
	at oopl.DistributedOOPL.handleEvent(DistributedOOPL.java:59)
	at envJavaSpace.SpaceTest.notifyOrg(SpaceTest.java:1133)
	at envJavaSpace.OrgHandler.notify(OrgHandler.java:34)
	at sun.reflect.GeneratedMethodAccessor34.invoke(Unknown Source)
	at sun.reflect.DelegatingMethodAccessorImpl.invoke(DelegatingMethodAccessorImpl.java:25)
	at java.lang.reflect.Method.invoke(Method.java:597)
	at sun.rmi.server.UnicastServerRef.dispatch(UnicastServerRef.java:303)
	at sun.rmi.transport.Transport$1.run(Transport.java:159)
	at java.security.AccessController.doPrivileged(Native Method)
	at sun.rmi.transport.Transport.serviceCall(Transport.java:155)
	at sun.rmi.transport.tcp.TCPTransport.handleMessages(TCPTransport.java:535)
	at sun.rmi.transport.tcp.TCPTransport$ConnectionHandler.run0(TCPTransport.java:790)
	at sun.rmi.transport.tcp.TCPTransport$ConnectionHandler.run(TCPTransport.java:649)
	at java.util.concurrent.ThreadPoolExecutor$Worker.runTask(ThreadPoolExecutor.java:895)
	at java.util.concurrent.ThreadPoolExecutor$Worker.run(ThreadPoolExecutor.java:918)
	at java.lang.Thread.run(Thread.java:680)
from agent a3  status(position(3, 10), 0)
org notified 
from agent a2  status(position(3, 10), 0)
from agent t1  status(position(12, 19), 0)
[-2,199,2,-2,158,2,-2,201,0,-2,201,0,-4,0,0,0,15,1]
!!!!! from org !!!!!!
cargo
from agent a1  status(position(4, 10), 0)
java.lang.NullPointerException
	at aplprolog.prolog.IntHarvester.unifyTerm(IntHarvester.java:184)
	at aplprolog.prolog.builtins.ExternalActions.call(ExternalActions.java:32)
	at aplprolog.prolog.BuiltIn.execute(BuiltIn.java:118)
	at aplprolog.prolog.Prolog.findNextRule(Prolog.java:234)
	at aplprolog.prolog.Prolog.prove(Prolog.java:186)
	at aplprolog.prolog.Prolog.query(Prolog.java:120)
	at oopl.DistributedOOPL.handleEvent(DistributedOOPL.java:59)
	at envJavaSpace.SpaceTest.notifyOrg(SpaceTest.java:1133)
	at envJavaSpace.OrgHandler.notify(OrgHandler.java:34)
	at sun.reflect.GeneratedMethodAccessor34.invoke(Unknown Source)
	at sun.reflect.DelegatingMethodAccessorImpl.invoke(DelegatingMethodAccessorImpl.java:25)
	at java.lang.reflect.Method.invoke(Method.java:597)
	at sun.rmi.server.UnicastServerRef.dispatch(UnicastServerRef.java:303)
	at sun.rmi.transport.Transport$1.run(Transport.java:159)
	at java.security.AccessController.doPrivileged(Native Method)
	at sun.rmi.transport.Transport.serviceCall(Transport.java:155)
	at sun.rmi.transport.tcp.TCPTransport.handleMessages(TCPTransport.java:535)
	at sun.rmi.transport.tcp.TCPTransport$ConnectionHandler.run0(TCPTransport.java:790)
	at sun.rmi.transport.tcp.TCPTransport$ConnectionHandler.run(TCPTransport.java:649)
	at java.util.concurrent.ThreadPoolExecutor$Worker.runTask(ThreadPoolExecutor.java:895)
	at java.util.concurrent.ThreadPoolExecutor$Worker.run(ThreadPoolExecutor.java:918)
	at java.lang.Thread.run(Thread.java:680)
org notified 
[-2,199,2,-2,158,2,-2,201,0,-2,201,0,-4,0,0,0,15,1]
!!!!! from org !!!!!!
cargo
java.lang.NullPointerException
	at aplprolog.prolog.IntHarvester.unifyTerm(IntHarvester.java:184)
	at aplprolog.prolog.builtins.ExternalActions.call(ExternalActions.java:32)
	at aplprolog.prolog.BuiltIn.execute(BuiltIn.java:118)
	at aplprolog.prolog.Prolog.findNextRule(Prolog.java:234)
	at aplprolog.prolog.Prolog.prove(Prolog.java:186)
	at aplprolog.prolog.Prolog.query(Prolog.java:120)
	at oopl.DistributedOOPL.handleEvent(DistributedOOPL.java:59)
	at envJavaSpace.SpaceTest.notifyOrg(SpaceTest.java:1133)
	at envJavaSpace.OrgHandler.notify(OrgHandler.java:34)
	at sun.reflect.GeneratedMethodAccessor34.invoke(Unknown Source)
	at sun.reflect.DelegatingMethodAccessorImpl.invoke(DelegatingMethodAccessorImpl.java:25)
	at java.lang.reflect.Method.invoke(Method.java:597)
	at sun.rmi.server.UnicastServerRef.dispatch(UnicastServerRef.java:303)
	at sun.rmi.transport.Transport$1.run(Transport.java:159)
	at java.security.AccessController.doPrivileged(Native Method)
	at sun.rmi.transport.Transport.serviceCall(Transport.java:155)
	at sun.rmi.transport.tcp.TCPTransport.handleMessages(TCPTransport.java:535)
	at sun.rmi.transport.tcp.TCPTransport$ConnectionHandler.run0(TCPTransport.java:790)
	at sun.rmi.transport.tcp.TCPTransport$ConnectionHandler.run(TCPTransport.java:649)
	at java.util.concurrent.ThreadPoolExecutor$Worker.runTask(ThreadPoolExecutor.java:895)
	at java.util.concurrent.ThreadPoolExecutor$Worker.run(ThreadPoolExecutor.java:918)
	at java.lang.Thread.run(Thread.java:680)
from agent a3  status(position(4, 10), 0)
org notified 
[-2,199,2,-2,158,2,-2,201,0,-2,201,0,-4,0,0,0,15,1]
!!!!! from org !!!!!!
cargo
from agent a2  status(position(4, 10), 0)
from agent t1  status(position(11, 19), 0)
from agent a1  status(position(5, 10), 0)
[-2,199,2,-2,185,4,-2,201,0,-2,201,0,-2,193,0,-2,201,0,-4,0,0,0,21,1]
!!!!! from org !!!!!!
reading
java.lang.NullPointerException
	at aplprolog.prolog.IntHarvester.unifyTerm(IntHarvester.java:184)
	at aplprolog.prolog.builtins.ExternalActions.call(ExternalActions.java:32)
	at aplprolog.prolog.BuiltIn.execute(BuiltIn.java:118)
	at aplprolog.prolog.Prolog.findNextRule(Prolog.java:234)
	at aplprolog.prolog.Prolog.prove(Prolog.java:186)
	at aplprolog.prolog.Prolog.query(Prolog.java:120)
	at oopl.DistributedOOPL.handleEvent(DistributedOOPL.java:59)
	at envJavaSpace.SpaceTest.notifyOrg(SpaceTest.java:1133)
	at envJavaSpace.OrgHandler.notify(OrgHandler.java:34)
	at sun.reflect.GeneratedMethodAccessor34.invoke(Unknown Source)
	at sun.reflect.DelegatingMethodAccessorImpl.invoke(DelegatingMethodAccessorImpl.java:25)
	at java.lang.reflect.Method.invoke(Method.java:597)
	at sun.rmi.server.UnicastServerRef.dispatch(UnicastServerRef.java:303)
	at sun.rmi.transport.Transport$1.run(Transport.java:159)
	at java.security.AccessController.doPrivileged(Native Method)
	at sun.rmi.transport.Transport.serviceCall(Transport.java:155)
	at sun.rmi.transport.tcp.TCPTransport.handleMessages(TCPTransport.java:535)
	at sun.rmi.transport.tcp.TCPTransport$ConnectionHandler.run0(TCPTransport.java:790)
	at sun.rmi.transport.tcp.TCPTransport$ConnectionHandler.run(TCPTransport.java:649)
	at java.util.concurrent.ThreadPoolExecutor$Worker.runTask(ThreadPoolExecutor.java:895)
	at java.util.concurrent.ThreadPoolExecutor$Worker.run(ThreadPoolExecutor.java:918)
	at java.lang.Thread.run(Thread.java:680)
org notified 
from agent a3  status(position(5, 10), 0)
[-2,199,2,-2,158,2,-2,201,0,-2,201,0,-4,0,0,0,15,1]
!!!!! from org !!!!!!
cargo
from agent a2  status(position(5, 10), 0)
java.lang.NullPointerException
	at aplprolog.prolog.IntHarvester.unifyTerm(IntHarvester.java:184)
	at aplprolog.prolog.builtins.ExternalActions.call(ExternalActions.java:32)
	at aplprolog.prolog.BuiltIn.execute(BuiltIn.java:118)
	at aplprolog.prolog.Prolog.findNextRule(Prolog.java:234)
	at aplprolog.prolog.Prolog.prove(Prolog.java:186)
	at aplprolog.prolog.Prolog.query(Prolog.java:120)
	at oopl.DistributedOOPL.handleEvent(DistributedOOPL.java:59)
	at envJavaSpace.SpaceTest.notifyOrg(SpaceTest.java:1133)
	at envJavaSpace.OrgHandler.notify(OrgHandler.java:34)
	at sun.reflect.GeneratedMethodAccessor34.invoke(Unknown Source)
	at sun.reflect.DelegatingMethodAccessorImpl.invoke(DelegatingMethodAccessorImpl.java:25)
	at java.lang.reflect.Method.invoke(Method.java:597)
	at sun.rmi.server.UnicastServerRef.dispatch(UnicastServerRef.java:303)
	at sun.rmi.transport.Transport$1.run(Transport.java:159)
	at java.security.AccessController.doPrivileged(Native Method)
	at sun.rmi.transport.Transport.serviceCall(Transport.java:155)
	at sun.rmi.transport.tcp.TCPTransport.handleMessages(TCPTransport.java:535)
	at sun.rmi.transport.tcp.TCPTransport$ConnectionHandler.run0(TCPTransport.java:790)
	at sun.rmi.transport.tcp.TCPTransport$ConnectionHandler.run(TCPTransport.java:649)
	at java.util.concurrent.ThreadPoolExecutor$Worker.runTask(ThreadPoolExecutor.java:895)
	at java.util.concurrent.ThreadPoolExecutor$Worker.run(ThreadPoolExecutor.java:918)
	at java.lang.Thread.run(Thread.java:680)
org notified 
[-2,199,2,-2,158,2,-2,201,0,-2,201,0,-4,0,0,0,15,1]
!!!!! from org !!!!!!
cargo
[-2,199,2,-2,185,4,-2,201,0,-2,201,0,-2,193,0,-2,201,0,-4,0,0,0,21,1]
!!!!! from org !!!!!!
reading
java.lang.NullPointerException
	at aplprolog.prolog.IntHarvester.unifyTerm(IntHarvester.java:184)
	at aplprolog.prolog.builtins.ExternalActions.call(ExternalActions.java:32)
	at aplprolog.prolog.BuiltIn.execute(BuiltIn.java:118)
	at aplprolog.prolog.Prolog.findNextRule(Prolog.java:234)
	at aplprolog.prolog.Prolog.prove(Prolog.java:186)
	at aplprolog.prolog.Prolog.query(Prolog.java:120)
	at oopl.DistributedOOPL.handleEvent(DistributedOOPL.java:59)
	at envJavaSpace.SpaceTest.notifyOrg(SpaceTest.java:1133)
	at envJavaSpace.OrgHandler.notify(OrgHandler.java:34)
	at sun.reflect.GeneratedMethodAccessor34.invoke(Unknown Source)
	at sun.reflect.DelegatingMethodAccessorImpl.invoke(DelegatingMethodAccessorImpl.java:25)
	at java.lang.reflect.Method.invoke(Method.java:597)
	at sun.rmi.server.UnicastServerRef.dispatch(UnicastServerRef.java:303)
	at sun.rmi.transport.Transport$1.run(Transport.java:159)
	at java.security.AccessController.doPrivileged(Native Method)
	at sun.rmi.transport.Transport.serviceCall(Transport.java:155)
	at sun.rmi.transport.tcp.TCPTransport.handleMessages(TCPTransport.java:535)
	at sun.rmi.transport.tcp.TCPTransport$ConnectionHandler.run0(TCPTransport.java:790)
	at sun.rmi.transport.tcp.TCPTransport$ConnectionHandler.run(TCPTransport.java:649)
	at java.util.concurrent.ThreadPoolExecutor$Worker.runTask(ThreadPoolExecutor.java:895)
	at java.util.concurrent.ThreadPoolExecutor$Worker.run(ThreadPoolExecutor.java:918)
	at java.lang.Thread.run(Thread.java:680)
