test2.
Service Registrar: 052cc499-efa3-4995-a9c4-d29ebfc01764
Java Space found.
TransactionManager found.
-------------------------last log tuples start--------------------------------
Time [clock=1, time=2013-06-11 12:25:22.966]
Time [clock=2, time=2013-06-11 12:25:23.518]
Time [clock=3, time=2013-06-11 12:25:24.521]
Time [clock=4, time=2013-06-11 12:25:25.521]
Time [clock=5, time=2013-06-11 12:25:26.521]
Time [clock=6, time=2013-06-11 12:25:27.529]
Time [clock=7, time=2013-06-11 12:25:28.56]
Time [clock=8, time=2013-06-11 12:25:29.523]
Time [clock=9, time=2013-06-11 12:25:30.522]
Time [clock=10, time=2013-06-11 12:25:31.523]
Time [clock=11, time=2013-06-11 12:25:32.533]
Time [clock=12, time=2013-06-11 12:25:33.526]
Time [clock=13, time=2013-06-11 12:25:34.524]
Time [clock=14, time=2013-06-11 12:25:35.538]
Time [clock=15, time=2013-06-11 12:25:36.534]
Time [clock=16, time=2013-06-11 12:25:37.531]
Time [clock=17, time=2013-06-11 12:25:38.528]
Time [clock=18, time=2013-06-11 12:25:39.531]
Time [clock=19, time=2013-06-11 12:25:40.567]
Position [agent=a1, id=null, cell=Cell [x=3, y=4], time=2013-06-11 12:25:26.498, clock=3]
Time [clock=20, time=2013-06-11 12:25:41.532]
Time [clock=21, time=2013-06-11 12:25:42.53]
Time [clock=22, time=2013-06-11 12:25:43.533]
Time [clock=23, time=2013-06-11 12:25:44.531]
Time [clock=24, time=2013-06-11 12:25:45.53]
Time [clock=25, time=2013-06-11 12:25:46.531]
Time [clock=26, time=2013-06-11 12:25:47.532]
Time [clock=27, time=2013-06-11 12:25:48.541]
Time [clock=28, time=2013-06-11 12:25:49.535]
Position [agent=t1, id=null, cell=Cell [x=18, y=19], time=2013-06-11 12:25:27.428, clock=5]
Time [clock=29, time=2013-06-11 12:25:50.537]
Time [clock=30, time=2013-06-11 12:25:51.536]
Position [agent=a1, id=null, cell=Cell [x=3, y=5], time=2013-06-11 12:25:28.228, clock=6]
Position [agent=t1, id=null, cell=Cell [x=17, y=19], time=2013-06-11 12:25:29.002, clock=6]
Time [clock=31, time=2013-06-11 12:25:52.538]
Time [clock=32, time=2013-06-11 12:25:53.54]
Time [clock=33, time=2013-06-11 12:25:54.537]
Time [clock=34, time=2013-06-11 12:25:55.539]
Time [clock=35, time=2013-06-11 12:25:56.579]
Position [agent=a1, id=null, cell=Cell [x=4, y=5], time=2013-06-11 12:25:29.869, clock=7]
Time [clock=36, time=2013-06-11 12:25:57.541]
Time [clock=37, time=2013-06-11 12:25:58.541]
Time [clock=38, time=2013-06-11 12:25:59.543]
Time [clock=39, time=2013-06-11 12:26:00.543]
Time [clock=40, time=2013-06-11 12:26:01.545]
Time [clock=41, time=2013-06-11 12:26:02.546]
Time [clock=42, time=2013-06-11 12:26:03.547]
Time [clock=43, time=2013-06-11 12:26:04.55]
Time [clock=44, time=2013-06-11 12:26:05.548]
Time [clock=45, time=2013-06-11 12:26:06.549]
Time [clock=46, time=2013-06-11 12:26:07.552]
Time [clock=47, time=2013-06-11 12:26:08.552]
Time [clock=48, time=2013-06-11 12:26:09.552]
Time [clock=49, time=2013-06-11 12:26:10.552]
Time [clock=50, time=2013-06-11 12:26:11.554]
Time [clock=51, time=2013-06-11 12:26:12.597]
Time [clock=52, time=2013-06-11 12:26:13.562]
Time [clock=53, time=2013-06-11 12:26:14.556]
Time [clock=54, time=2013-06-11 12:26:15.557]
Time [clock=55, time=2013-06-11 12:26:16.558]
Time [clock=56, time=2013-06-11 12:26:17.56]
Time [clock=57, time=2013-06-11 12:26:18.561]
Time [clock=58, time=2013-06-11 12:26:19.561]
Time [clock=59, time=2013-06-11 12:26:20.562]
Time [clock=60, time=2013-06-11 12:26:21.564]
Position [agent=t1, id=null, cell=Cell [x=16, y=19], time=2013-06-11 12:25:30.531, clock=8]
Time [clock=61, time=2013-06-11 12:26:22.564]
Position [agent=a2, id=null, cell=Cell [x=8, y=19], time=2013-06-11 12:25:30.695, clock=8]
Time [clock=62, time=2013-06-11 12:26:23.565]
Time [clock=63, time=2013-06-11 12:26:24.566]
Time [clock=64, time=2013-06-11 12:26:25.568]
Time [clock=65, time=2013-06-11 12:26:26.569]
Position [agent=a1, id=null, cell=Cell [x=5, y=5], time=2013-06-11 12:25:31.394, clock=9]
Time [clock=66, time=2013-06-11 12:26:27.569]
Time [clock=67, time=2013-06-11 12:26:28.61]
Time [clock=68, time=2013-06-11 12:26:29.57]
Time [clock=69, time=2013-06-11 12:26:30.572]
Time [clock=70, time=2013-06-11 12:26:31.572]
Time [clock=71, time=2013-06-11 12:26:32.572]
Position [agent=t1, id=null, cell=Cell [x=15, y=19], time=2013-06-11 12:25:31.686, clock=9]
Time [clock=72, time=2013-06-11 12:26:33.573]
Time [clock=73, time=2013-06-11 12:26:34.573]
Time [clock=74, time=2013-06-11 12:26:35.575]
Time [clock=75, time=2013-06-11 12:26:36.575]
Time [clock=76, time=2013-06-11 12:26:37.576]
Time [clock=77, time=2013-06-11 12:26:38.577]
Time [clock=78, time=2013-06-11 12:26:39.577]
Time [clock=79, time=2013-06-11 12:26:40.588]
Time [clock=80, time=2013-06-11 12:26:41.58]
Time [clock=81, time=2013-06-11 12:26:42.584]
Time [clock=82, time=2013-06-11 12:26:43.58]
Time [clock=83, time=2013-06-11 12:26:44.582]
Time [clock=84, time=2013-06-11 12:26:45.583]
Time [clock=85, time=2013-06-11 12:26:46.583]
Time [clock=86, time=2013-06-11 12:26:47.583]
Time [clock=87, time=2013-06-11 12:26:48.622]
Position [agent=a2, id=null, cell=Cell [x=8, y=18], time=2013-06-11 12:25:32.592, clock=10]
Time [clock=88, time=2013-06-11 12:26:49.586]
Time [clock=89, time=2013-06-11 12:26:50.586]
Position [agent=t1, id=null, cell=Cell [x=14, y=19], time=2013-06-11 12:25:33.388, clock=11]
Time [clock=90, time=2013-06-11 12:26:51.586]
Time [clock=91, time=2013-06-11 12:26:52.602]
Time [clock=92, time=2013-06-11 12:26:53.589]
Time [clock=93, time=2013-06-11 12:26:54.588]
Time [clock=94, time=2013-06-11 12:26:55.591]
Time [clock=95, time=2013-06-11 12:26:56.631]
Time [clock=96, time=2013-06-11 12:26:57.594]
Position [agent=a2, id=null, cell=Cell [x=8, y=17], time=2013-06-11 12:25:34.075, clock=12]
Time [clock=97, time=2013-06-11 12:26:58.593]
Time [clock=98, time=2013-06-11 12:26:59.593]
Time [clock=99, time=2013-06-11 12:27:00.594]
Time [clock=100, time=2013-06-11 12:27:01.594]
Time [clock=101, time=2013-06-11 12:27:02.598]
Time [clock=102, time=2013-06-11 12:27:03.596]
Time [clock=103, time=2013-06-11 12:27:04.597]
Time [clock=104, time=2013-06-11 12:27:05.597]
Time [clock=105, time=2013-06-11 12:27:06.598]
Time [clock=106, time=2013-06-11 12:27:07.598]
Time [clock=107, time=2013-06-11 12:27:08.6]
Time [clock=108, time=2013-06-11 12:27:09.601]
Time [clock=109, time=2013-06-11 12:27:10.602]
Time [clock=110, time=2013-06-11 12:27:11.641]
Time [clock=111, time=2013-06-11 12:27:12.604]
Position [agent=t1, id=null, cell=Cell [x=13, y=19], time=2013-06-11 12:25:34.341, clock=12]
Time [clock=112, time=2013-06-11 12:27:13.602]
Time [clock=113, time=2013-06-11 12:27:14.604]
Position [agent=a1, id=null, cell=Cell [x=5, y=6], time=2013-06-11 12:25:34.859, clock=12]
Time [clock=114, time=2013-06-11 12:27:15.605]
Position [agent=a2, id=null, cell=Cell [x=8, y=16], time=2013-06-11 12:25:35.383, clock=13]
Time [clock=115, time=2013-06-11 12:27:16.606]
Position [agent=t1, id=null, cell=Cell [x=12, y=19], time=2013-06-11 12:25:35.81, clock=13]
Time [clock=116, time=2013-06-11 12:27:17.606]
Time [clock=117, time=2013-06-11 12:27:18.605]
Time [clock=118, time=2013-06-11 12:27:19.608]
Time [clock=119, time=2013-06-11 12:27:20.609]
Time [clock=120, time=2013-06-11 12:27:21.62]
Position [agent=a1, id=null, cell=Cell [x=5, y=7], time=2013-06-11 12:25:36.732, clock=14]
Time [clock=121, time=2013-06-11 12:27:22.615]
Time [clock=122, time=2013-06-11 12:27:23.615]
Time [clock=123, time=2013-06-11 12:27:24.617]
Time [clock=124, time=2013-06-11 12:27:25.618]
Time [clock=125, time=2013-06-11 12:27:26.656]
Time [clock=126, time=2013-06-11 12:27:27.625]
Time [clock=127, time=2013-06-11 12:27:28.621]
Time [clock=128, time=2013-06-11 12:27:29.621]
Time [clock=129, time=2013-06-11 12:27:30.627]
Time [clock=130, time=2013-06-11 12:27:31.623]
Time [clock=131, time=2013-06-11 12:27:32.622]
Time [clock=132, time=2013-06-11 12:27:33.623]
Time [clock=133, time=2013-06-11 12:27:34.626]
Time [clock=134, time=2013-06-11 12:27:35.628]
Time [clock=135, time=2013-06-11 12:27:36.625]
Time [clock=136, time=2013-06-11 12:27:37.629]
Time [clock=137, time=2013-06-11 12:27:38.626]
Time [clock=138, time=2013-06-11 12:27:39.628]
Position [agent=t1, id=null, cell=Cell [x=11, y=19], time=2013-06-11 12:25:37.37, clock=15]
Time [clock=139, time=2013-06-11 12:27:40.632]
Time [clock=140, time=2013-06-11 12:27:41.671]
Time [clock=141, time=2013-06-11 12:27:42.641]
Time [clock=142, time=2013-06-11 12:27:43.635]
Time [clock=143, time=2013-06-11 12:27:44.636]
Time [clock=144, time=2013-06-11 12:27:45.637]
Time [clock=145, time=2013-06-11 12:27:46.64]
Time [clock=146, time=2013-06-11 12:27:47.64]
Time [clock=147, time=2013-06-11 12:27:48.641]
Position [agent=a2, id=null, cell=Cell [x=8, y=15], time=2013-06-11 12:25:37.713, clock=15]
Time [clock=148, time=2013-06-11 12:27:49.642]
Position [agent=a1, id=null, cell=Cell [x=5, y=8], time=2013-06-11 12:25:38.381, clock=16]
Position [agent=t1, id=null, cell=Cell [x=10, y=19], time=2013-06-11 12:25:39.084, clock=16]
Position [agent=a2, id=null, cell=Cell [x=8, y=14], time=2013-06-11 12:25:39.333, clock=17]
Time [clock=149, time=2013-06-11 12:27:50.643]
Time [clock=150, time=2013-06-11 12:27:51.644]
Time [clock=151, time=2013-06-11 12:27:52.645]
Time [clock=152, time=2013-06-11 12:27:53.647]
Time [clock=153, time=2013-06-11 12:27:54.647]
Time [clock=154, time=2013-06-11 12:27:55.65]
Time [clock=155, time=2013-06-11 12:27:56.69]
Time [clock=156, time=2013-06-11 12:27:57.651]
Time [clock=157, time=2013-06-11 12:27:58.651]
Time [clock=158, time=2013-06-11 12:27:59.652]
Time [clock=159, time=2013-06-11 12:28:00.652]
Time [clock=160, time=2013-06-11 12:28:01.657]
Time [clock=161, time=2013-06-11 12:28:02.656]
Time [clock=162, time=2013-06-11 12:28:03.656]
Time [clock=163, time=2013-06-11 12:28:04.657]
Time [clock=164, time=2013-06-11 12:28:05.658]
Position [agent=a1, id=null, cell=Cell [x=5, y=9], time=2013-06-11 12:25:40.047, clock=17]
Time [clock=165, time=2013-06-11 12:28:06.659]
Time [clock=166, time=2013-06-11 12:28:07.66]
Time [clock=167, time=2013-06-11 12:28:08.661]
Time [clock=168, time=2013-06-11 12:28:09.662]
Time [clock=169, time=2013-06-11 12:28:10.664]
Time [clock=170, time=2013-06-11 12:28:11.705]
Time [clock=171, time=2013-06-11 12:28:12.665]
Time [clock=172, time=2013-06-11 12:28:13.665]
Time [clock=173, time=2013-06-11 12:28:14.666]
Position [agent=t1, id=null, cell=Cell [x=9, y=19], time=2013-06-11 12:25:40.282, clock=18]
Time [clock=174, time=2013-06-11 12:28:15.666]
Time [clock=175, time=2013-06-11 12:28:16.666]
Position [agent=a2, id=null, cell=Cell [x=8, y=13], time=2013-06-11 12:25:40.806, clock=18]
Time [clock=176, time=2013-06-11 12:28:17.667]
Time [clock=177, time=2013-06-11 12:28:18.667]
Time [clock=178, time=2013-06-11 12:28:19.669]
Time [clock=179, time=2013-06-11 12:28:20.67]
Position [agent=a1, id=null, cell=Cell [x=5, y=10], time=2013-06-11 12:25:41.539, clock=19]
Time [clock=180, time=2013-06-11 12:28:21.67]
Time [clock=181, time=2013-06-11 12:28:22.672]
Time [clock=182, time=2013-06-11 12:28:23.674]
Position [agent=a2, id=null, cell=Cell [x=8, y=12], time=2013-06-11 12:25:42.205, clock=20]
Time [clock=183, time=2013-06-11 12:28:24.673]
Time [clock=184, time=2013-06-11 12:28:25.673]
Time [clock=185, time=2013-06-11 12:28:26.714]
Position [agent=t1, id=null, cell=Cell [x=8, y=19], time=2013-06-11 12:25:42.299, clock=20]
Time [clock=186, time=2013-06-11 12:28:27.674]
Time [clock=187, time=2013-06-11 12:28:28.674]
Time [clock=188, time=2013-06-11 12:28:29.675]
Time [clock=189, time=2013-06-11 12:28:30.677]
Time [clock=190, time=2013-06-11 12:28:31.677]
Time [clock=191, time=2013-06-11 12:28:32.679]
Time [clock=192, time=2013-06-11 12:28:33.68]
Position [agent=a1, id=null, cell=Cell [x=6, y=10], time=2013-06-11 12:25:43.045, clock=21]
Time [clock=193, time=2013-06-11 12:28:34.685]
Time [clock=194, time=2013-06-11 12:28:35.682]
Time [clock=195, time=2013-06-11 12:28:36.682]
Time [clock=196, time=2013-06-11 12:28:37.683]
Time [clock=197, time=2013-06-11 12:28:38.685]
Time [clock=198, time=2013-06-11 12:28:39.685]
Time [clock=199, time=2013-06-11 12:28:40.686]
Time [clock=200, time=2013-06-11 12:28:41.728]
Time [clock=201, time=2013-06-11 12:28:42.689]
Time [clock=202, time=2013-06-11 12:28:43.69]
Time [clock=203, time=2013-06-11 12:28:44.689]
Time [clock=204, time=2013-06-11 12:28:45.69]
Time [clock=205, time=2013-06-11 12:28:46.691]
Time [clock=206, time=2013-06-11 12:28:47.692]
Position [agent=t1, id=null, cell=Cell [x=7, y=19], time=2013-06-11 12:25:43.57, clock=21]
Time [clock=207, time=2013-06-11 12:28:48.692]
Time [clock=208, time=2013-06-11 12:28:49.693]
Time [clock=209, time=2013-06-11 12:28:50.694]
Time [clock=210, time=2013-06-11 12:28:51.696]
Time [clock=211, time=2013-06-11 12:28:52.696]
Time [clock=212, time=2013-06-11 12:28:53.698]
Time [clock=213, time=2013-06-11 12:28:54.697]
Time [clock=214, time=2013-06-11 12:28:55.699]
Time [clock=215, time=2013-06-11 12:28:56.74]
Time [clock=216, time=2013-06-11 12:28:57.702]
Time [clock=217, time=2013-06-11 12:28:58.702]
Time [clock=218, time=2013-06-11 12:28:59.703]
Time [clock=219, time=2013-06-11 12:29:00.705]
Time [clock=220, time=2013-06-11 12:29:01.704]
Time [clock=221, time=2013-06-11 12:29:02.705]
Position [agent=a2, id=null, cell=Cell [x=8, y=11], time=2013-06-11 12:25:43.722, clock=21]
Time [clock=222, time=2013-06-11 12:29:03.704]
Time [clock=223, time=2013-06-11 12:29:04.707]
Time [clock=224, time=2013-06-11 12:29:05.705]
Time [clock=225, time=2013-06-11 12:29:06.707]
Time [clock=226, time=2013-06-11 12:29:07.709]
Time [clock=227, time=2013-06-11 12:29:08.709]
Time [clock=228, time=2013-06-11 12:29:09.708]
Time [clock=229, time=2013-06-11 12:29:10.708]
Time [clock=230, time=2013-06-11 12:29:11.751]
Position [agent=a1, id=null, cell=Cell [x=7, y=10], time=2013-06-11 12:25:44.479, clock=22]
Time [clock=231, time=2013-06-11 12:29:12.71]
Time [clock=232, time=2013-06-11 12:29:13.711]
Time [clock=233, time=2013-06-11 12:29:14.711]
Time [clock=234, time=2013-06-11 12:29:15.715]
Time [clock=235, time=2013-06-11 12:29:16.713]
Time [clock=236, time=2013-06-11 12:29:17.714]
Time [clock=237, time=2013-06-11 12:29:18.715]
Time [clock=238, time=2013-06-11 12:29:19.715]
Time [clock=239, time=2013-06-11 12:29:20.714]
Time [clock=240, time=2013-06-11 12:29:21.716]
Time [clock=241, time=2013-06-11 12:29:22.718]
Time [clock=242, time=2013-06-11 12:29:23.718]
Time [clock=243, time=2013-06-11 12:29:24.718]
Time [clock=244, time=2013-06-11 12:29:25.717]
Time [clock=245, time=2013-06-11 12:29:26.757]
Time [clock=246, time=2013-06-11 12:29:27.718]
Time [clock=247, time=2013-06-11 12:29:28.719]
Time [clock=248, time=2013-06-11 12:29:29.72]
Time [clock=249, time=2013-06-11 12:29:30.721]
Time [clock=250, time=2013-06-11 12:29:31.722]
Time [clock=251, time=2013-06-11 12:29:32.723]
Position [agent=a2, id=null, cell=Cell [x=8, y=10], time=2013-06-11 12:25:44.972, clock=23]
Time [clock=252, time=2013-06-11 12:29:33.724]
Time [clock=253, time=2013-06-11 12:29:34.725]
Time [clock=254, time=2013-06-11 12:29:35.726]
Time [clock=255, time=2013-06-11 12:29:36.727]
Position [agent=t1, id=null, cell=Cell [x=6, y=19], time=2013-06-11 12:25:45.152, clock=23]
Time [clock=256, time=2013-06-11 12:29:37.727]
Time [clock=257, time=2013-06-11 12:29:38.729]
Time [clock=258, time=2013-06-11 12:29:39.73]
Time [clock=259, time=2013-06-11 12:29:40.731]
Time [clock=260, time=2013-06-11 12:29:41.772]
Time [clock=261, time=2013-06-11 12:29:42.734]
Position [agent=a1, id=null, cell=Cell [x=8, y=10], time=2013-06-11 12:25:45.625, clock=23]
Time [clock=262, time=2013-06-11 12:29:43.734]
Time [clock=263, time=2013-06-11 12:29:44.734]
Time [clock=264, time=2013-06-11 12:29:45.735]
Time [clock=265, time=2013-06-11 12:29:46.735]
Time [clock=266, time=2013-06-11 12:29:47.736]
Time [clock=267, time=2013-06-11 12:29:48.736]
Time [clock=268, time=2013-06-11 12:29:49.738]
Time [clock=269, time=2013-06-11 12:29:50.738]
Time [clock=270, time=2013-06-11 12:29:51.739]
Time [clock=271, time=2013-06-11 12:29:52.74]
Time [clock=272, time=2013-06-11 12:29:53.741]
Time [clock=273, time=2013-06-11 12:29:54.741]
Time [clock=274, time=2013-06-11 12:29:55.742]
Time [clock=275, time=2013-06-11 12:29:56.784]
Time [clock=276, time=2013-06-11 12:29:57.745]
Time [clock=277, time=2013-06-11 12:29:58.746]
Time [clock=278, time=2013-06-11 12:29:59.746]
Time [clock=279, time=2013-06-11 12:30:00.747]
Time [clock=280, time=2013-06-11 12:30:01.748]
Time [clock=281, time=2013-06-11 12:30:02.75]
Position [agent=t1, id=null, cell=Cell [x=5, y=19], time=2013-06-11 12:25:46.352, clock=24]
Time [clock=282, time=2013-06-11 12:30:03.754]
Time [clock=283, time=2013-06-11 12:30:04.752]
Time [clock=284, time=2013-06-11 12:30:05.751]
Reading [id=null, agent=a3, cell=Cell [x=11, y=1], time=2013-06-11 12:25:24.829, value=0.0, clock=3]
Coin [id=null, cell=Cell [x=8, y=6], agent=a1, time=2013-06-11 12:25:27.034, clock=3]
ActionRequest [id=null, agent=a3, type=reading, cell=Cell [x=11, y=1], clock=null, time=2013-06-11 12:25:24.528]
Position [agent=a2, id=null, cell=Cell [x=8, y=9], time=2013-06-11 12:25:46.437, clock=24]
Obligation [agent=a2, obligation=[makeReading(8, 6)], sanction=[reduce_400(a2)], deadline=54, time=2013-06-11 12:25:27.493, clock=0]
Prohibition [agent=t1, prohibition=[at(5, 5, t1)], sanction=[reduce_300(t1)], clock=0, time=2013-06-11 12:25:30.677]
Coin [id=null, cell=Cell [x=16, y=6], agent=a2, time=2013-06-11 12:25:27.241, clock=3]
ActionRequest [id=null, agent=a2, type=reading, cell=Cell [x=8, y=19], clock=null, time=2013-06-11 12:25:24.55]
Obligation [agent=a2, obligation=[makeReading(16, 6)], sanction=[reduce_400(a2)], deadline=54, time=2013-06-11 12:25:28.611, clock=0]
Position [agent=a1, id=null, cell=Cell [x=9, y=10], time=2013-06-11 12:25:46.838, clock=24]
ActionRequest [id=null, agent=a1, type=reading, cell=Cell [x=5, y=5], clock=null, time=2013-06-11 12:25:32.084]
ActionRequest [id=null, agent=a3, type=reading, cell=Cell [x=8, y=6], clock=null, time=2013-06-11 12:25:39.367]
Position [agent=a2, id=null, cell=Cell [x=8, y=8], time=2013-06-11 12:25:47.42, clock=25]
Prohibition [agent=t1, prohibition=[at(5, 6, t1)], sanction=[reduce_300(t1)], clock=0, time=2013-06-11 12:25:30.678]
ActionRequest [id=null, agent=a2, type=reading, cell=Cell [x=8, y=6], clock=null, time=2013-06-11 12:25:50.001]
Position [agent=t1, id=null, cell=Cell [x=4, y=19], time=2013-06-11 12:25:47.614, clock=25]
ActionRequest [id=null, agent=a3, type=reading, cell=Cell [x=3, y=9], clock=null, time=2013-06-11 12:25:50.704]
ActionRequest [id=null, agent=a2, type=reading, cell=Cell [x=3, y=9], clock=null, time=2013-06-11 12:26:00.771]
Position [agent=a1, id=null, cell=Cell [x=10, y=10], time=2013-06-11 12:25:48.37, clock=26]
Reading [id=null, agent=a2, cell=Cell [x=8, y=19], time=2013-06-11 12:25:24.855, value=0.0, clock=3]
ActionRequest [id=null, agent=a3, type=reading, cell=Cell [x=16, y=6], clock=null, time=2013-06-11 12:26:11.672]
ActionRequest [id=null, agent=a2, type=reading, cell=Cell [x=16, y=6], clock=null, time=2013-06-11 12:26:16.118]
Position [agent=t1, id=null, cell=Cell [x=3, y=19], time=2013-06-11 12:25:49.101, clock=27]
Obligation [agent=a2, obligation=[makeReading(3, 9)], sanction=[reduce_400(a2)], deadline=54, time=2013-06-11 12:25:28.844, clock=0]
ActionRequest [id=null, agent=a1, type=reading, cell=Cell [x=3, y=9], clock=null, time=2013-06-11 12:27:08.087]
Position [agent=a2, id=null, cell=Cell [x=8, y=7], time=2013-06-11 12:25:49.235, clock=27]
ActionRequest [id=null, agent=a2, type=reading, cell=Cell [x=3, y=9], clock=null, time=2013-06-11 12:27:20.942]
Position [agent=a2, id=null, cell=Cell [x=8, y=6], time=2013-06-11 12:25:49.857, clock=28]
Position [agent=t1, id=null, cell=Cell [x=2, y=19], time=2013-06-11 12:25:50.178, clock=28]
ActionRequest [id=null, agent=a1, type=reading, cell=Cell [x=16, y=6], clock=null, time=2013-06-11 12:27:27.891]
Position [agent=a2, id=null, cell=Cell [x=8, y=7], time=2013-06-11 12:25:50.945, clock=29]
ActionRequest [id=null, agent=a1, type=reading, cell=Cell [x=8, y=6], clock=null, time=2013-06-11 12:27:44.106]
Prohibition [agent=t1, prohibition=[at(6, 5, t1)], sanction=[reduce_300(t1)], clock=0, time=2013-06-11 12:25:30.683]
ActionRequest [id=null, agent=a3, type=reading, cell=Cell [x=3, y=9], clock=null, time=2013-06-11 12:27:46.702]
Position [agent=t1, id=null, cell=Cell [x=2, y=18], time=2013-06-11 12:25:51.319, clock=29]
ActionRequest [id=null, agent=a2, type=reading, cell=Cell [x=16, y=6], clock=null, time=2013-06-11 12:27:49.73]
Cargo [id=null, cell=Cell [x=19, y=19], time=2013-06-11 12:25:27.317, clock=3]
Position [agent=t1, id=null, cell=Cell [x=2, y=17], time=2013-06-11 12:25:51.857, clock=30]
Reading [id=null, agent=a1, cell=Cell [x=5, y=5], time=2013-06-11 12:26:43.527, value=0.0, clock=81]
Prohibition [agent=t1, prohibition=[at(6, 6, t1)], sanction=[reduce_300(t1)], clock=0, time=2013-06-11 12:25:30.698]
Obligation [agent=a3, obligation=[makeReading(8, 6)], sanction=[reduce_400(a3)], deadline=54, time=2013-06-11 12:25:29.074, clock=0]
ActionRequest [id=null, agent=a2, type=reading, cell=Cell [x=8, y=6], clock=null, time=2013-06-11 12:27:58.918]
ActionRequest [id=null, agent=a3, type=reading, cell=Cell [x=16, y=6], clock=null, time=2013-06-11 12:28:02.977]
Coin [id=null, cell=Cell [x=3, y=9], agent=a3, time=2013-06-11 12:25:27.341, clock=5]
ActionRequest [id=null, agent=a3, type=reading, cell=Cell [x=8, y=6], clock=null, time=2013-06-11 12:28:12.151]
Obligation [agent=a3, obligation=[makeReading(16, 6)], sanction=[reduce_400(a3)], deadline=54, time=2013-06-11 12:25:30.439, clock=0]
Obligation [agent=a3, obligation=[makeReading(3, 9)], sanction=[reduce_400(a3)], deadline=54, time=2013-06-11 12:25:30.668, clock=0]
Position [agent=a2, id=null, cell=Cell [x=8, y=8], time=2013-06-11 12:25:53.124, clock=30]
Obligation [agent=a1, obligation=[makeReading(8, 6)], sanction=[reduce_400(a1)], deadline=54, time=2013-06-11 12:25:53.147, clock=0]
Position [agent=t1, id=null, cell=Cell [x=2, y=16], time=2013-06-11 12:25:53.132, clock=30]
Position [agent=t1, id=null, cell=Cell [x=2, y=15], time=2013-06-11 12:25:53.98, clock=32]
Position [agent=a2, id=null, cell=Cell [x=8, y=9], time=2013-06-11 12:25:54.733, clock=32]
Prohibition [agent=c1, prohibition=[coin(5, 5, a1)], sanction=[reduce_300(c1)], clock=0, time=2013-06-11 12:25:31.603]
Prohibition [agent=c1, prohibition=[coin(5, 6, a1)], sanction=[reduce_300(c1)], clock=0, time=2013-06-11 12:25:31.605]
Obligation [agent=a1, obligation=[makeReading(16, 6)], sanction=[reduce_400(a1)], deadline=54, time=2013-06-11 12:25:53.614, clock=0]
Prohibition [agent=c1, prohibition=[coin(6, 5, a1)], sanction=[reduce_300(c1)], clock=0, time=2013-06-11 12:25:31.609]
Position [agent=t1, id=null, cell=Cell [x=2, y=14], time=2013-06-11 12:25:55.111, clock=32]
Prohibition [agent=c1, prohibition=[coin(6, 6, a1)], sanction=[reduce_300(c1)], clock=0, time=2013-06-11 12:25:31.611]
Reading [id=null, agent=a3, cell=Cell [x=8, y=6], time=2013-06-11 12:26:49.085, value=0.0, clock=87]
Obligation [agent=a1, obligation=[makeReading(3, 9)], sanction=[reduce_400(a1)], deadline=54, time=2013-06-11 12:25:54.949, clock=0]
Obligation [agent=a1, obligation=[makeReading(8, 6)], sanction=[reduce_400(a1)], deadline=128, time=2013-06-11 12:26:40.916, clock=0]
Obligation [agent=a1, obligation=[makeReading(16, 6)], sanction=[reduce_400(a1)], deadline=128, time=2013-06-11 12:26:41.122, clock=0]
Reading [id=null, agent=a3, cell=Cell [x=3, y=9], time=2013-06-11 12:26:49.112, value=0.0, clock=87]
Reading [id=null, agent=a3, cell=Cell [x=16, y=6], time=2013-06-11 12:26:49.134, value=0.0, clock=87]
Obligation [agent=a1, obligation=[makeReading(3, 9)], sanction=[reduce_400(a1)], deadline=128, time=2013-06-11 12:26:41.331, clock=0]
Reading [id=null, agent=a2, cell=Cell [x=8, y=6], time=2013-06-11 12:26:55.026, value=0.0, clock=93]
Position [agent=a2, id=null, cell=Cell [x=7, y=9], time=2013-06-11 12:25:56.025, clock=34]
Reading [id=null, agent=a2, cell=Cell [x=3, y=9], time=2013-06-11 12:26:55.049, value=0.0, clock=93]
Prohibition [agent=c1, prohibition=[coin(5, 5, a2)], sanction=[reduce_300(c1)], clock=0, time=2013-06-11 12:25:31.614]
Obligation [agent=a2, obligation=[makeReading(8, 6)], sanction=[reduce_400(a2)], deadline=128, time=2013-06-11 12:26:41.537, clock=0]
Position [agent=t1, id=null, cell=Cell [x=2, y=13], time=2013-06-11 12:25:56.836, clock=34]
Prohibition [agent=c1, prohibition=[coin(5, 6, a2)], sanction=[reduce_300(c1)], clock=0, time=2013-06-11 12:25:31.617]
Obligation [agent=a2, obligation=[makeReading(16, 6)], sanction=[reduce_400(a2)], deadline=128, time=2013-06-11 12:26:41.75, clock=0]
Obligation [agent=a2, obligation=[makeReading(3, 9)], sanction=[reduce_400(a2)], deadline=128, time=2013-06-11 12:26:41.955, clock=0]
Position [agent=a2, id=null, cell=Cell [x=6, y=9], time=2013-06-11 12:25:57.273, clock=35]
Obligation [agent=a3, obligation=[makeReading(8, 6)], sanction=[reduce_400(a3)], deadline=128, time=2013-06-11 12:26:42.162, clock=0]
Prohibition [agent=c1, prohibition=[coin(6, 5, a2)], sanction=[reduce_300(c1)], clock=0, time=2013-06-11 12:25:31.621]
Position [agent=a2, id=null, cell=Cell [x=5, y=9], time=2013-06-11 12:25:58.26, clock=36]
Obligation [agent=a3, obligation=[makeReading(16, 6)], sanction=[reduce_400(a3)], deadline=128, time=2013-06-11 12:26:42.368, clock=0]
Reading [id=null, agent=a2, cell=Cell [x=16, y=6], time=2013-06-11 12:26:55.072, value=0.0, clock=93]
Position [agent=t1, id=null, cell=Cell [x=2, y=12], time=2013-06-11 12:25:58.369, clock=36]
Prohibition [agent=c1, prohibition=[coin(6, 6, a2)], sanction=[reduce_300(c1)], clock=0, time=2013-06-11 12:25:31.624]
Prohibition [agent=c1, prohibition=[coin(5, 5, a3)], sanction=[reduce_300(c1)], clock=0, time=2013-06-11 12:25:31.629]
Position [agent=t1, id=null, cell=Cell [x=2, y=11], time=2013-06-11 12:25:59.254, clock=37]
Prohibition [agent=c1, prohibition=[coin(5, 6, a3)], sanction=[reduce_300(c1)], clock=0, time=2013-06-11 12:25:31.633]
Position [agent=a2, id=null, cell=Cell [x=4, y=9], time=2013-06-11 12:25:59.44, clock=37]
Position [agent=a2, id=null, cell=Cell [x=3, y=9], time=2013-06-11 12:26:00.438, clock=38]
Prohibition [agent=c1, prohibition=[coin(6, 5, a3)], sanction=[reduce_300(c1)], clock=0, time=2013-06-11 12:25:31.635]
Prohibition [agent=c1, prohibition=[coin(6, 6, a3)], sanction=[reduce_300(c1)], clock=0, time=2013-06-11 12:25:31.639]
Position [agent=t1, id=null, cell=Cell [x=2, y=10], time=2013-06-11 12:26:00.693, clock=38]
Prohibition [agent=a2, prohibition=[makeReading(8, 19, a2)], sanction=[reduce_300(a2)], clock=0, time=2013-06-11 12:25:32.276]
Position [agent=t1, id=null, cell=Cell [x=2, y=9], time=2013-06-11 12:26:01.261, clock=39]
Prohibition [agent=a3, prohibition=[makeReading(11, 1, a3)], sanction=[reduce_300(a3)], clock=0, time=2013-06-11 12:25:32.485]
Position [agent=t1, id=null, cell=Cell [x=2, y=8], time=2013-06-11 12:26:02.354, clock=40]
Prohibition [agent=a1, prohibition=[at(5, 5, a1)], sanction=[reduce_300(a1)], clock=0, time=2013-06-11 12:25:32.487]
Position [agent=a2, id=null, cell=Cell [x=4, y=9], time=2013-06-11 12:26:02.429, clock=40]
Prohibition [agent=a1, prohibition=[at(5, 6, a1)], sanction=[reduce_300(a1)], clock=0, time=2013-06-11 12:25:32.488]
Prohibition [agent=a1, prohibition=[at(6, 5, a1)], sanction=[reduce_300(a1)], clock=0, time=2013-06-11 12:25:32.49]
Position [agent=t1, id=null, cell=Cell [x=2, y=7], time=2013-06-11 12:26:02.92, clock=41]
Position [agent=t1, id=null, cell=Cell [x=2, y=6], time=2013-06-11 12:26:03.474, clock=41]
Prohibition [agent=a1, prohibition=[at(6, 6, a1)], sanction=[reduce_300(a1)], clock=0, time=2013-06-11 12:25:32.491]
Obligation [agent=a3, obligation=[makeReading(3, 9)], sanction=[reduce_400(a3)], deadline=128, time=2013-06-11 12:26:42.573, clock=0]
Prohibition [agent=a2, prohibition=[at(5, 5, a2)], sanction=[reduce_300(a2)], clock=0, time=2013-06-11 12:25:32.495]
Obligation [agent=a1, obligation=[makeReading(8, 6)], sanction=[reduce_400(a1)], deadline=211, time=2013-06-11 12:28:03.92, clock=0]
Obligation [agent=a1, obligation=[makeReading(16, 6)], sanction=[reduce_400(a1)], deadline=211, time=2013-06-11 12:28:04.489, clock=0]
Obligation [agent=a1, obligation=[makeReading(3, 9)], sanction=[reduce_400(a1)], deadline=211, time=2013-06-11 12:28:04.695, clock=0]
Position [agent=a2, id=null, cell=Cell [x=5, y=9], time=2013-06-11 12:26:03.864, clock=42]
Position [agent=a2, id=null, cell=Cell [x=6, y=9], time=2013-06-11 12:26:05.093, clock=42]
Obligation [agent=a2, obligation=[makeReading(8, 6)], sanction=[reduce_400(a2)], deadline=211, time=2013-06-11 12:28:04.901, clock=0]
Position [agent=t1, id=null, cell=Cell [x=2, y=5], time=2013-06-11 12:26:05.12, clock=42]
Obligation [agent=a2, obligation=[makeReading(16, 6)], sanction=[reduce_400(a2)], deadline=211, time=2013-06-11 12:28:05.456, clock=0]
Position [agent=t1, id=null, cell=Cell [x=2, y=4], time=2013-06-11 12:26:06.58, clock=44]
Obligation [agent=a2, obligation=[makeReading(3, 9)], sanction=[reduce_400(a2)], deadline=211, time=2013-06-11 12:28:05.662, clock=0]
Obligation [agent=a3, obligation=[makeReading(8, 6)], sanction=[reduce_400(a3)], deadline=211, time=2013-06-11 12:28:05.868, clock=0]
Position [agent=a2, id=null, cell=Cell [x=7, y=9], time=2013-06-11 12:26:06.989, clock=45]
Obligation [agent=a3, obligation=[makeReading(16, 6)], sanction=[reduce_400(a3)], deadline=211, time=2013-06-11 12:28:06.437, clock=0]
Obligation [agent=a3, obligation=[makeReading(3, 9)], sanction=[reduce_400(a3)], deadline=211, time=2013-06-11 12:28:06.643, clock=0]
Position [agent=a2, id=null, cell=Cell [x=8, y=9], time=2013-06-11 12:26:07.593, clock=45]
Obligation [agent=a1, obligation=[makeReading(8, 6)], sanction=[reduce_400(a1)], deadline=240, time=2013-06-11 12:28:32.923, clock=0]
Position [agent=t1, id=null, cell=Cell [x=2, y=3], time=2013-06-11 12:26:08.369, clock=46]
Position [agent=a2, id=null, cell=Cell [x=9, y=9], time=2013-06-11 12:26:08.687, clock=46]
Position [agent=a2, id=null, cell=Cell [x=10, y=9], time=2013-06-11 12:26:09.876, clock=48]
Obligation [agent=a1, obligation=[makeReading(16, 6)], sanction=[reduce_400(a1)], deadline=240, time=2013-06-11 12:28:33.128, clock=0]
Position [agent=t1, id=null, cell=Cell [x=2, y=2], time=2013-06-11 12:26:10.336, clock=48]
Obligation [agent=a1, obligation=[makeReading(3, 9)], sanction=[reduce_400(a1)], deadline=240, time=2013-06-11 12:28:33.334, clock=0]
Obligation [agent=a2, obligation=[makeReading(8, 6)], sanction=[reduce_400(a2)], deadline=240, time=2013-06-11 12:28:33.544, clock=0]
Position [agent=a2, id=null, cell=Cell [x=11, y=9], time=2013-06-11 12:26:10.639, clock=48]
Position [agent=a2, id=null, cell=Cell [x=12, y=9], time=2013-06-11 12:26:11.937, clock=50]
Position [agent=a2, id=null, cell=Cell [x=13, y=9], time=2013-06-11 12:26:12.581, clock=50]
Obligation [agent=a2, obligation=[makeReading(16, 6)], sanction=[reduce_400(a2)], deadline=240, time=2013-06-11 12:28:33.751, clock=0]
Obligation [agent=a2, obligation=[makeReading(3, 9)], sanction=[reduce_400(a2)], deadline=240, time=2013-06-11 12:28:33.958, clock=0]
Obligation [agent=a3, obligation=[makeReading(8, 6)], sanction=[reduce_400(a3)], deadline=240, time=2013-06-11 12:28:34.164, clock=0]
Position [agent=a2, id=null, cell=Cell [x=14, y=9], time=2013-06-11 12:26:13.164, clock=51]
Position [agent=a2, id=null, cell=Cell [x=15, y=9], time=2013-06-11 12:26:13.675, clock=51]
Prohibition [agent=a2, prohibition=[at(5, 6, a2)], sanction=[reduce_300(a2)], clock=0, time=2013-06-11 12:25:32.499]
Position [agent=a2, id=null, cell=Cell [x=16, y=9], time=2013-06-11 12:26:14.23, clock=52]
Obligation [agent=a3, obligation=[makeReading(16, 6)], sanction=[reduce_400(a3)], deadline=240, time=2013-06-11 12:28:34.37, clock=0]
Obligation [agent=a3, obligation=[makeReading(3, 9)], sanction=[reduce_400(a3)], deadline=240, time=2013-06-11 12:28:34.578, clock=0]
Position [agent=a2, id=null, cell=Cell [x=16, y=8], time=2013-06-11 12:26:14.887, clock=53]
Position [agent=a2, id=null, cell=Cell [x=16, y=7], time=2013-06-11 12:26:15.416, clock=53]
Prohibition [agent=a2, prohibition=[at(6, 5, a2)], sanction=[reduce_300(a2)], clock=0, time=2013-06-11 12:25:32.501]
Position [agent=a2, id=null, cell=Cell [x=16, y=6], time=2013-06-11 12:26:16.001, clock=54]
Obligation [agent=a1, obligation=[makeReading(8, 6)], sanction=[reduce_400(a1)], deadline=266, time=2013-06-11 12:28:59.079, clock=0]
Position [agent=a2, id=null, cell=Cell [x=7, y=19], time=2013-06-11 12:26:16.33, clock=6]
Position [agent=a2, id=null, cell=Cell [x=15, y=6], time=2013-06-11 12:26:17.169, clock=55]
Prohibition [agent=a2, prohibition=[at(6, 6, a2)], sanction=[reduce_300(a2)], clock=0, time=2013-06-11 12:25:32.503]
Position [agent=a2, id=null, cell=Cell [x=14, y=6], time=2013-06-11 12:26:18.246, clock=56]
Position [agent=a2, id=null, cell=Cell [x=13, y=6], time=2013-06-11 12:26:19.333, clock=57]
Obligation [agent=a1, obligation=[makeReading(16, 6)], sanction=[reduce_400(a1)], deadline=266, time=2013-06-11 12:28:59.283, clock=0]
Position [agent=a2, id=null, cell=Cell [x=12, y=6], time=2013-06-11 12:26:20.449, clock=58]
Obligation [agent=a1, obligation=[makeReading(3, 9)], sanction=[reduce_400(a1)], deadline=266, time=2013-06-11 12:28:59.49, clock=0]
Position [agent=a2, id=null, cell=Cell [x=11, y=6], time=2013-06-11 12:26:21.563, clock=59]
Obligation [agent=a2, obligation=[makeReading(8, 6)], sanction=[reduce_400(a2)], deadline=266, time=2013-06-11 12:28:59.697, clock=0]
Prohibition [agent=a3, prohibition=[at(5, 5, a3)], sanction=[reduce_300(a3)], clock=0, time=2013-06-11 12:25:32.505]
Position [agent=a2, id=null, cell=Cell [x=10, y=6], time=2013-06-11 12:26:22.571, clock=60]
Position [agent=a2, id=null, cell=Cell [x=9, y=6], time=2013-06-11 12:26:23.41, clock=61]
Position [agent=a2, id=null, cell=Cell [x=8, y=6], time=2013-06-11 12:26:24.383, clock=62]
Position [agent=a2, id=null, cell=Cell [x=7, y=6], time=2013-06-11 12:26:25.45, clock=63]
Obligation [agent=a2, obligation=[makeReading(16, 6)], sanction=[reduce_400(a2)], deadline=266, time=2013-06-11 12:28:59.903, clock=0]
Prohibition [agent=a3, prohibition=[at(5, 6, a3)], sanction=[reduce_300(a3)], clock=0, time=2013-06-11 12:25:32.515]
Obligation [agent=a2, obligation=[makeReading(3, 9)], sanction=[reduce_400(a2)], deadline=266, time=2013-06-11 12:29:00.108, clock=0]
Obligation [agent=a3, obligation=[makeReading(8, 6)], sanction=[reduce_400(a3)], deadline=266, time=2013-06-11 12:29:00.312, clock=0]
Position [agent=a2, id=null, cell=Cell [x=6, y=6], time=2013-06-11 12:26:26.464, clock=64]
Prohibition [agent=a3, prohibition=[at(6, 5, a3)], sanction=[reduce_300(a3)], clock=0, time=2013-06-11 12:25:32.52]
Obligation [agent=a3, obligation=[makeReading(16, 6)], sanction=[reduce_400(a3)], deadline=266, time=2013-06-11 12:29:00.517, clock=0]
Obligation [agent=a3, obligation=[makeReading(3, 9)], sanction=[reduce_400(a3)], deadline=266, time=2013-06-11 12:29:00.724, clock=0]
Prohibition [agent=a3, prohibition=[at(6, 6, a3)], sanction=[reduce_300(a3)], clock=0, time=2013-06-11 12:25:32.522]
Obligation [agent=a1, obligation=[makeReading(8, 6)], sanction=[reduce_400(a1)], deadline=293, time=2013-06-11 12:29:25.865, clock=0]
Obligation [agent=a1, obligation=[makeReading(16, 6)], sanction=[reduce_400(a1)], deadline=293, time=2013-06-11 12:29:26.071, clock=0]
Obligation [agent=a1, obligation=[makeReading(3, 9)], sanction=[reduce_400(a1)], deadline=293, time=2013-06-11 12:29:26.278, clock=0]
Prohibition [agent=a1, prohibition=[makeReading(5, 5, a1)], sanction=[reduce_300(a1)], clock=0, time=2013-06-11 12:26:52.244]
Prohibition [agent=a3, prohibition=[makeReading(16, 6, a3)], sanction=[reduce_300(a3)], clock=0, time=2013-06-11 12:26:52.66]
Prohibition [agent=a2, prohibition=[makeReading(16, 6, a2)], sanction=[reduce_300(a2)], clock=0, time=2013-06-11 12:27:03.14]
Position [agent=a2, id=null, cell=Cell [x=5, y=6], time=2013-06-11 12:26:27.048, clock=65]
Position [agent=a2, id=null, cell=Cell [x=4, y=6], time=2013-06-11 12:26:27.878, clock=65]
Position [agent=a2, id=null, cell=Cell [x=3, y=6], time=2013-06-11 12:26:28.583, clock=66]
Obligation [agent=a2, obligation=[makeReading(8, 6)], sanction=[reduce_400(a2)], deadline=293, time=2013-06-11 12:29:26.486, clock=0]
Obligation [agent=a2, obligation=[makeReading(16, 6)], sanction=[reduce_400(a2)], deadline=293, time=2013-06-11 12:29:26.693, clock=0]
Obligation [agent=a2, obligation=[makeReading(3, 9)], sanction=[reduce_400(a2)], deadline=293, time=2013-06-11 12:29:26.898, clock=0]
Obligation [agent=a3, obligation=[makeReading(8, 6)], sanction=[reduce_400(a3)], deadline=293, time=2013-06-11 12:29:27.104, clock=0]
Position [agent=a1, id=null, cell=Cell [x=9, y=10], time=2013-06-11 12:26:58.757, clock=96]
Obligation [agent=a3, obligation=[makeReading(16, 6)], sanction=[reduce_400(a3)], deadline=293, time=2013-06-11 12:29:27.31, clock=0]
Obligation [agent=a3, obligation=[makeReading(3, 9)], sanction=[reduce_400(a3)], deadline=293, time=2013-06-11 12:29:27.516, clock=0]
Obligation [agent=a1, obligation=[makeReading(8, 6)], sanction=[reduce_400(a1)], deadline=319, time=2013-06-11 12:29:51.874, clock=0]
Position [agent=a1, id=null, cell=Cell [x=8, y=10], time=2013-06-11 12:27:00.165, clock=98]
Obligation [agent=a1, obligation=[makeReading(16, 6)], sanction=[reduce_400(a1)], deadline=319, time=2013-06-11 12:29:52.08, clock=0]
Position [agent=a1, id=null, cell=Cell [x=7, y=10], time=2013-06-11 12:27:01.261, clock=99]
Obligation [agent=a1, obligation=[makeReading(3, 9)], sanction=[reduce_400(a1)], deadline=319, time=2013-06-11 12:29:52.285, clock=0]
Position [agent=a1, id=null, cell=Cell [x=6, y=10], time=2013-06-11 12:27:02.575, clock=100]
Obligation [agent=a2, obligation=[makeReading(8, 6)], sanction=[reduce_400(a2)], deadline=319, time=2013-06-11 12:29:52.49, clock=0]
Obligation [agent=a2, obligation=[makeReading(16, 6)], sanction=[reduce_400(a2)], deadline=319, time=2013-06-11 12:29:52.695, clock=0]
Position [agent=a1, id=null, cell=Cell [x=5, y=10], time=2013-06-11 12:27:03.848, clock=101]
Obligation [agent=a2, obligation=[makeReading(3, 9)], sanction=[reduce_400(a2)], deadline=319, time=2013-06-11 12:29:52.901, clock=0]
Position [agent=a1, id=null, cell=Cell [x=4, y=10], time=2013-06-11 12:27:05.231, clock=103]
Position [agent=a1, id=null, cell=Cell [x=3, y=10], time=2013-06-11 12:27:06.533, clock=104]
Obligation [agent=a3, obligation=[makeReading(8, 6)], sanction=[reduce_400(a3)], deadline=319, time=2013-06-11 12:29:53.107, clock=0]
Obligation [agent=a3, obligation=[makeReading(16, 6)], sanction=[reduce_400(a3)], deadline=319, time=2013-06-11 12:29:53.312, clock=0]
Obligation [agent=a3, obligation=[makeReading(3, 9)], sanction=[reduce_400(a3)], deadline=319, time=2013-06-11 12:29:53.518, clock=0]
Position [agent=a1, id=null, cell=Cell [x=3, y=9], time=2013-06-11 12:27:07.717, clock=105]
Position [agent=a1, id=null, cell=Cell [x=4, y=9], time=2013-06-11 12:27:09.813, clock=107]
Position [agent=a1, id=null, cell=Cell [x=5, y=9], time=2013-06-11 12:27:10.897, clock=108]
Position [agent=a1, id=null, cell=Cell [x=6, y=9], time=2013-06-11 12:27:11.993, clock=109]
Position [agent=a1, id=null, cell=Cell [x=7, y=9], time=2013-06-11 12:27:13.223, clock=111]
Position [agent=a1, id=null, cell=Cell [x=8, y=9], time=2013-06-11 12:27:14.563, clock=112]
Position [agent=a1, id=null, cell=Cell [x=9, y=9], time=2013-06-11 12:27:15.894, clock=113]
Position [agent=a2, id=null, cell=Cell [x=3, y=7], time=2013-06-11 12:27:16.666, clock=114]
Position [agent=a1, id=null, cell=Cell [x=10, y=9], time=2013-06-11 12:27:17.063, clock=115]
Position [agent=a1, id=null, cell=Cell [x=11, y=9], time=2013-06-11 12:27:17.942, clock=116]
Position [agent=a2, id=null, cell=Cell [x=3, y=8], time=2013-06-11 12:27:18.585, clock=116]
Position [agent=a1, id=null, cell=Cell [x=12, y=9], time=2013-06-11 12:27:18.991, clock=117]
Position [agent=a1, id=null, cell=Cell [x=13, y=9], time=2013-06-11 12:27:19.945, clock=118]
Position [agent=a2, id=null, cell=Cell [x=3, y=9], time=2013-06-11 12:27:20.686, clock=118]
Position [agent=a1, id=null, cell=Cell [x=14, y=9], time=2013-06-11 12:27:21.135, clock=119]
Position [agent=a1, id=null, cell=Cell [x=15, y=9], time=2013-06-11 12:27:22.478, clock=120]
Position [agent=a2, id=null, cell=Cell [x=4, y=9], time=2013-06-11 12:27:23.462, clock=121]
Position [agent=a1, id=null, cell=Cell [x=16, y=9], time=2013-06-11 12:27:24.05, clock=122]
Position [agent=a2, id=null, cell=Cell [x=5, y=9], time=2013-06-11 12:27:25.098, clock=123]
Position [agent=a1, id=null, cell=Cell [x=16, y=8], time=2013-06-11 12:27:25.808, clock=123]
Position [agent=a2, id=null, cell=Cell [x=6, y=9], time=2013-06-11 12:27:26.269, clock=124]
Position [agent=a1, id=null, cell=Cell [x=16, y=7], time=2013-06-11 12:27:26.656, clock=124]
Position [agent=a1, id=null, cell=Cell [x=16, y=6], time=2013-06-11 12:27:27.778, clock=125]
Position [agent=a2, id=null, cell=Cell [x=7, y=9], time=2013-06-11 12:27:28.331, clock=126]
Position [agent=a1, id=null, cell=Cell [x=15, y=6], time=2013-06-11 12:27:29.06, clock=127]
Position [agent=a2, id=null, cell=Cell [x=8, y=9], time=2013-06-11 12:27:30.072, clock=128]
Position [agent=a1, id=null, cell=Cell [x=14, y=6], time=2013-06-11 12:27:30.747, clock=128]
Position [agent=a2, id=null, cell=Cell [x=9, y=9], time=2013-06-11 12:27:32.128, clock=130]
Position [agent=a1, id=null, cell=Cell [x=13, y=6], time=2013-06-11 12:27:33.211, clock=131]
Position [agent=a2, id=null, cell=Cell [x=10, y=9], time=2013-06-11 12:27:34.707, clock=132]
Position [agent=a1, id=null, cell=Cell [x=12, y=6], time=2013-06-11 12:27:35.998, clock=134]
Position [agent=a2, id=null, cell=Cell [x=11, y=9], time=2013-06-11 12:27:36.839, clock=134]
Position [agent=a1, id=null, cell=Cell [x=11, y=6], time=2013-06-11 12:27:38.045, clock=136]
Position [agent=a2, id=null, cell=Cell [x=12, y=9], time=2013-06-11 12:27:39.066, clock=137]
Position [agent=a1, id=null, cell=Cell [x=10, y=6], time=2013-06-11 12:27:39.988, clock=138]
Position [agent=a2, id=null, cell=Cell [x=13, y=9], time=2013-06-11 12:27:40.818, clock=138]
Position [agent=a1, id=null, cell=Cell [x=9, y=6], time=2013-06-11 12:27:42.046, clock=140]
Position [agent=a2, id=null, cell=Cell [x=14, y=9], time=2013-06-11 12:27:43.133, clock=141]
Position [agent=a1, id=null, cell=Cell [x=8, y=6], time=2013-06-11 12:27:43.978, clock=142]
Position [agent=a2, id=null, cell=Cell [x=15, y=9], time=2013-06-11 12:27:45.042, clock=143]
Position [agent=a2, id=null, cell=Cell [x=16, y=9], time=2013-06-11 12:27:46.08, clock=144]
Position [agent=a2, id=null, cell=Cell [x=16, y=8], time=2013-06-11 12:27:47.161, clock=145]
Position [agent=a2, id=null, cell=Cell [x=16, y=7], time=2013-06-11 12:27:48.411, clock=146]
Position [agent=a2, id=null, cell=Cell [x=16, y=6], time=2013-06-11 12:27:49.472, clock=147]
Position [agent=a2, id=null, cell=Cell [x=15, y=6], time=2013-06-11 12:27:51.43, clock=149]
Position [agent=a2, id=null, cell=Cell [x=14, y=6], time=2013-06-11 12:27:52.365, clock=150]
Position [agent=a2, id=null, cell=Cell [x=13, y=6], time=2013-06-11 12:27:53.288, clock=151]
Position [agent=a2, id=null, cell=Cell [x=12, y=6], time=2013-06-11 12:27:54.687, clock=152]
Position [agent=a2, id=null, cell=Cell [x=11, y=6], time=2013-06-11 12:27:55.629, clock=153]
Position [agent=a2, id=null, cell=Cell [x=10, y=6], time=2013-06-11 12:27:56.648, clock=154]
Position [agent=a2, id=null, cell=Cell [x=9, y=6], time=2013-06-11 12:27:57.654, clock=155]
Position [agent=a2, id=null, cell=Cell [x=8, y=6], time=2013-06-11 12:27:58.635, clock=156]
-------------------------last log tuples end----------------------------------
test.
Lookup locator: jini://10.154.154.26/
Service Registrar: 052cc499-efa3-4995-a9c4-d29ebfc01764
