test2.
Service Registrar: 407365e0-cb43-4d51-bb4d-4997a47d11d2
Java Space found.
TransactionManager found.
-------------------------last log tuples start--------------------------------
Obligation [agent=a1, obligation=[makeReading(8, 6)], sanction=[reduce_400(a1)], deadline=50, time=Wed Jun 05 11:01:45 BST 2013, clock=0]
Obligation [agent=a1, obligation=[makeReading(16, 6)], sanction=[reduce_400(a1)], deadline=50, time=Wed Jun 05 11:01:45 BST 2013, clock=0]
Obligation [agent=a1, obligation=[makeReading(3, 9)], sanction=[reduce_400(a1)], deadline=50, time=Wed Jun 05 11:01:46 BST 2013, clock=0]
Obligation [agent=a2, obligation=[makeReading(8, 6)], sanction=[reduce_400(a2)], deadline=50, time=Wed Jun 05 11:01:47 BST 2013, clock=0]
Obligation [agent=a2, obligation=[makeReading(16, 6)], sanction=[reduce_400(a2)], deadline=50, time=Wed Jun 05 11:01:48 BST 2013, clock=0]
Obligation [agent=a2, obligation=[makeReading(3, 9)], sanction=[reduce_400(a2)], deadline=50, time=Wed Jun 05 11:01:49 BST 2013, clock=0]
Obligation [agent=a2, obligation=[makeReading(8, 6)], sanction=[reduce_400(a2)], deadline=50, time=Thu Jun 06 11:01:12 BST 2013, clock=0]
Obligation [agent=a3, obligation=[makeReading(8, 6)], sanction=[reduce_400(a3)], deadline=50, time=Thu Jun 06 11:01:12 BST 2013, clock=0]
Coin [id=null, cell=Cell [x=8, y=6], agent=a1, time=Thu Jun 06 11:01:10 BST 2013, clock=0]
Prohibition [agent=t1, prohibition=[at(5, 5, t1)], sanction=[reduce_300(t1)], clock=0, time=Wed Jun 05 10:59:03 BST 2013]
Prohibition [agent=t1, prohibition=[at(5, 6, t1)], sanction=[reduce_300(t1)], clock=0, time=Wed Jun 05 10:59:03 BST 2013]
Prohibition [agent=t1, prohibition=[at(6, 5, t1)], sanction=[reduce_300(t1)], clock=0, time=Wed Jun 05 10:59:03 BST 2013]
Prohibition [agent=t1, prohibition=[at(6, 6, t1)], sanction=[reduce_300(t1)], clock=0, time=Wed Jun 05 10:59:03 BST 2013]
Position [agent=a2, id=null, cell=Cell [x=7, y=19], time=Thu Jun 06 11:01:10 BST 2013, clock=0]
Prohibition [agent=c1, prohibition=[coin(5, 5, a1)], sanction=[reduce_300(c1)], clock=0, time=Wed Jun 05 10:59:05 BST 2013]
Position [agent=t1, id=null, cell=Cell [x=18, y=19], time=Thu Jun 06 11:01:10 BST 2013, clock=0]
Prohibition [agent=c1, prohibition=[coin(5, 6, a1)], sanction=[reduce_300(c1)], clock=0, time=Wed Jun 05 10:59:05 BST 2013]
Position [agent=a1, id=null, cell=Cell [x=3, y=4], time=Thu Jun 06 11:01:34 BST 2013, clock=0]
Cargo [id=null, cell=Cell [x=19, y=19], time=Thu Jun 06 11:01:10 BST 2013, clock=0]
Coin [id=null, cell=Cell [x=16, y=6], agent=a2, time=Thu Jun 06 11:01:34 BST 2013, clock=0]
Position [agent=a3, id=null, cell=Cell [x=11, y=2], time=Thu Jun 06 11:01:34 BST 2013, clock=0]
Position [agent=a1, id=null, cell=Cell [x=3, y=4], time=Thu Jun 06 11:01:35 BST 2013, clock=0]
Prohibition [agent=c1, prohibition=[coin(6, 5, a1)], sanction=[reduce_300(c1)], clock=0, time=Wed Jun 05 10:59:06 BST 2013]
Prohibition [agent=c1, prohibition=[coin(6, 6, a1)], sanction=[reduce_300(c1)], clock=0, time=Wed Jun 05 10:59:07 BST 2013]
Prohibition [agent=c1, prohibition=[coin(5, 5, a2)], sanction=[reduce_300(c1)], clock=0, time=Wed Jun 05 10:59:08 BST 2013]
Prohibition [agent=c1, prohibition=[coin(5, 6, a2)], sanction=[reduce_300(c1)], clock=0, time=Wed Jun 05 10:59:09 BST 2013]
Prohibition [agent=c1, prohibition=[coin(6, 5, a2)], sanction=[reduce_300(c1)], clock=0, time=Wed Jun 05 10:59:10 BST 2013]
Prohibition [agent=c1, prohibition=[coin(6, 6, a2)], sanction=[reduce_300(c1)], clock=0, time=Wed Jun 05 10:59:10 BST 2013]
Prohibition [agent=c1, prohibition=[coin(5, 5, a3)], sanction=[reduce_300(c1)], clock=0, time=Wed Jun 05 10:59:10 BST 2013]
Prohibition [agent=c1, prohibition=[coin(5, 6, a3)], sanction=[reduce_300(c1)], clock=0, time=Wed Jun 05 10:59:11 BST 2013]
Prohibition [agent=c1, prohibition=[coin(6, 5, a3)], sanction=[reduce_300(c1)], clock=0, time=Wed Jun 05 10:59:11 BST 2013]
Prohibition [agent=c1, prohibition=[coin(6, 6, a3)], sanction=[reduce_300(c1)], clock=0, time=Wed Jun 05 10:59:12 BST 2013]
Prohibition [agent=t1, prohibition=[at(5, 5, t1)], sanction=[reduce_300(t1)], clock=0, time=Thu Jun 06 11:01:13 BST 2013]
Prohibition [agent=t1, prohibition=[at(5, 6, t1)], sanction=[reduce_300(t1)], clock=0, time=Thu Jun 06 11:01:13 BST 2013]
Prohibition [agent=t1, prohibition=[at(6, 5, t1)], sanction=[reduce_300(t1)], clock=0, time=Thu Jun 06 11:01:13 BST 2013]
Prohibition [agent=t1, prohibition=[at(6, 6, t1)], sanction=[reduce_300(t1)], clock=0, time=Thu Jun 06 11:01:13 BST 2013]
Prohibition [agent=c1, prohibition=[coin(5, 5, a1)], sanction=[reduce_300(c1)], clock=0, time=Thu Jun 06 11:01:13 BST 2013]
Prohibition [agent=c1, prohibition=[coin(5, 6, a1)], sanction=[reduce_300(c1)], clock=0, time=Thu Jun 06 11:01:13 BST 2013]
Prohibition [agent=c1, prohibition=[coin(6, 5, a1)], sanction=[reduce_300(c1)], clock=0, time=Thu Jun 06 11:01:13 BST 2013]
Prohibition [agent=c1, prohibition=[coin(6, 6, a1)], sanction=[reduce_300(c1)], clock=0, time=Thu Jun 06 11:01:13 BST 2013]
Prohibition [agent=c1, prohibition=[coin(5, 5, a2)], sanction=[reduce_300(c1)], clock=0, time=Thu Jun 06 11:01:13 BST 2013]
Prohibition [agent=c1, prohibition=[coin(5, 6, a2)], sanction=[reduce_300(c1)], clock=0, time=Thu Jun 06 11:01:13 BST 2013]
Prohibition [agent=c1, prohibition=[coin(6, 5, a2)], sanction=[reduce_300(c1)], clock=0, time=Thu Jun 06 11:01:13 BST 2013]
Prohibition [agent=c1, prohibition=[coin(6, 6, a2)], sanction=[reduce_300(c1)], clock=0, time=Thu Jun 06 11:01:13 BST 2013]
Prohibition [agent=c1, prohibition=[coin(5, 5, a3)], sanction=[reduce_300(c1)], clock=0, time=Thu Jun 06 11:01:13 BST 2013]
Prohibition [agent=c1, prohibition=[coin(5, 6, a3)], sanction=[reduce_300(c1)], clock=0, time=Thu Jun 06 11:01:13 BST 2013]
Prohibition [agent=c1, prohibition=[coin(6, 5, a3)], sanction=[reduce_300(c1)], clock=0, time=Thu Jun 06 11:01:13 BST 2013]
Prohibition [agent=c1, prohibition=[coin(6, 6, a3)], sanction=[reduce_300(c1)], clock=0, time=Thu Jun 06 11:01:13 BST 2013]
Prohibition [agent=a1, prohibition=[at(5, 5, a1)], sanction=[reduce_300(a1)], clock=0, time=Thu Jun 06 11:01:13 BST 2013]
Prohibition [agent=a1, prohibition=[at(5, 6, a1)], sanction=[reduce_300(a1)], clock=0, time=Thu Jun 06 11:01:13 BST 2013]
Prohibition [agent=a1, prohibition=[at(6, 5, a1)], sanction=[reduce_300(a1)], clock=0, time=Thu Jun 06 11:01:13 BST 2013]
Prohibition [agent=a1, prohibition=[at(6, 6, a1)], sanction=[reduce_300(a1)], clock=0, time=Thu Jun 06 11:01:13 BST 2013]
Prohibition [agent=a2, prohibition=[at(5, 5, a2)], sanction=[reduce_300(a2)], clock=0, time=Thu Jun 06 11:01:13 BST 2013]
Prohibition [agent=a2, prohibition=[at(5, 6, a2)], sanction=[reduce_300(a2)], clock=0, time=Thu Jun 06 11:01:13 BST 2013]
Prohibition [agent=a2, prohibition=[at(6, 5, a2)], sanction=[reduce_300(a2)], clock=0, time=Thu Jun 06 11:01:13 BST 2013]
Prohibition [agent=a2, prohibition=[at(6, 6, a2)], sanction=[reduce_300(a2)], clock=0, time=Thu Jun 06 11:01:13 BST 2013]
Prohibition [agent=a3, prohibition=[at(5, 5, a3)], sanction=[reduce_300(a3)], clock=0, time=Thu Jun 06 11:01:13 BST 2013]
Prohibition [agent=a3, prohibition=[at(5, 6, a3)], sanction=[reduce_300(a3)], clock=0, time=Thu Jun 06 11:01:13 BST 2013]
Prohibition [agent=a3, prohibition=[at(6, 5, a3)], sanction=[reduce_300(a3)], clock=0, time=Thu Jun 06 11:01:13 BST 2013]
Prohibition [agent=a3, prohibition=[at(6, 6, a3)], sanction=[reduce_300(a3)], clock=0, time=Thu Jun 06 11:01:13 BST 2013]
-------------------------last log tuples end----------------------------------
register a1
register a2
register a3
register c1
register t1
org cargo notification
Organization notifies agent (write): Obligation [agent=a1, obligation=[makeReading(8, 6)], sanction=[reduce_400(a1)], deadline=50, time=Thu Jun 06 11:05:56 BST 2013, clock=0]
agent obligation notification a1 number 1
Organization notifies agent (write): Obligation [agent=a1, obligation=[makeReading(16, 6)], sanction=[reduce_400(a1)], deadline=50, time=Thu Jun 06 11:05:57 BST 2013, clock=0]
Event sent to agent      a1 obligation(makeReading(8, 6), 50, reduce_400(a1))
Organization notifies agent (write): Obligation [agent=a1, obligation=[makeReading(3, 9)], sanction=[reduce_400(a1)], deadline=50, time=Thu Jun 06 11:05:57 BST 2013, clock=0]
Event processed adoptObligation(makeReading(8, 6), 50, reduce_400(a1))
Organization notifies agent (write): Obligation [agent=a2, obligation=[makeReading(8, 6)], sanction=[reduce_400(a2)], deadline=50, time=Thu Jun 06 11:05:57 BST 2013, clock=0]
Organization notifies agent (write): Obligation [agent=a2, obligation=[makeReading(16, 6)], sanction=[reduce_400(a2)], deadline=50, time=Thu Jun 06 11:05:57 BST 2013, clock=0]
Organization notifies agent (write): Obligation [agent=a2, obligation=[makeReading(3, 9)], sanction=[reduce_400(a2)], deadline=50, time=Thu Jun 06 11:05:59 BST 2013, clock=0]
Organization notifies agent (write): Obligation [agent=a3, obligation=[makeReading(8, 6)], sanction=[reduce_400(a3)], deadline=50, time=Thu Jun 06 11:06:00 BST 2013, clock=0]
Organization notifies agent (write): Obligation [agent=a3, obligation=[makeReading(16, 6)], sanction=[reduce_400(a3)], deadline=50, time=Thu Jun 06 11:06:01 BST 2013, clock=0]
Organization notifies agent (write): Obligation [agent=a3, obligation=[makeReading(3, 9)], sanction=[reduce_400(a3)], deadline=50, time=Thu Jun 06 11:06:02 BST 2013, clock=0]
Organization notifies agent (write): Prohibition [agent=t1, prohibition=[at(5, 5, t1)], sanction=[reduce_300(t1)], clock=0, time=Thu Jun 06 11:06:02 BST 2013]
Organization notifies agent (write): Prohibition [agent=t1, prohibition=[at(5, 6, t1)], sanction=[reduce_300(t1)], clock=0, time=Thu Jun 06 11:06:02 BST 2013]
Organization notifies agent (write): Prohibition [agent=t1, prohibition=[at(6, 5, t1)], sanction=[reduce_300(t1)], clock=0, time=Thu Jun 06 11:06:02 BST 2013]
Organization notifies agent (write): Prohibition [agent=t1, prohibition=[at(6, 6, t1)], sanction=[reduce_300(t1)], clock=0, time=Thu Jun 06 11:06:02 BST 2013]
Organization notifies agent (write): Prohibition [agent=c1, prohibition=[coin(5, 5, a1)], sanction=[reduce_300(c1)], clock=0, time=Thu Jun 06 11:06:03 BST 2013]
Organization notifies agent (write): Prohibition [agent=c1, prohibition=[coin(5, 6, a1)], sanction=[reduce_300(c1)], clock=0, time=Thu Jun 06 11:06:03 BST 2013]
Organization notifies agent (write): Prohibition [agent=c1, prohibition=[coin(6, 5, a1)], sanction=[reduce_300(c1)], clock=0, time=Thu Jun 06 11:06:03 BST 2013]
agent obligation notification a1 number 3
Organization notifies agent (write): Prohibition [agent=c1, prohibition=[coin(6, 6, a1)], sanction=[reduce_300(c1)], clock=0, time=Thu Jun 06 11:06:03 BST 2013]
Organization notifies agent (write): Prohibition [agent=c1, prohibition=[coin(5, 5, a2)], sanction=[reduce_300(c1)], clock=0, time=Thu Jun 06 11:06:03 BST 2013]
Organization notifies agent (write): Prohibition [agent=c1, prohibition=[coin(5, 6, a2)], sanction=[reduce_300(c1)], clock=0, time=Thu Jun 06 11:06:03 BST 2013]
Organization notifies agent (write): Prohibition [agent=c1, prohibition=[coin(6, 5, a2)], sanction=[reduce_300(c1)], clock=0, time=Thu Jun 06 11:06:03 BST 2013]
Organization notifies agent (write): Prohibition [agent=c1, prohibition=[coin(6, 6, a2)], sanction=[reduce_300(c1)], clock=0, time=Thu Jun 06 11:06:03 BST 2013]
Organization notifies agent (write): Prohibition [agent=c1, prohibition=[coin(5, 5, a3)], sanction=[reduce_300(c1)], clock=0, time=Thu Jun 06 11:06:03 BST 2013]
Organization notifies agent (write): Prohibition [agent=c1, prohibition=[coin(5, 6, a3)], sanction=[reduce_300(c1)], clock=0, time=Thu Jun 06 11:06:03 BST 2013]
Organization notifies agent (write): Prohibition [agent=c1, prohibition=[coin(6, 5, a3)], sanction=[reduce_300(c1)], clock=0, time=Thu Jun 06 11:06:03 BST 2013]
Organization notifies agent (write): Prohibition [agent=c1, prohibition=[coin(6, 6, a3)], sanction=[reduce_300(c1)], clock=0, time=Thu Jun 06 11:06:03 BST 2013]
Event sent to agent      a1 obligation(makeReading(8, 6), 50, reduce_400(a1))
Event sent to agent      a1 obligation(makeReading(16, 6), 50, reduce_400(a1))
Event sent to agent      a1 obligation(makeReading(3, 9), 50, reduce_400(a1))
agent obligation notification a2 number 3
Event processed adoptObligation(makeReading(8, 6), 50, reduce_400(a1))
Event processed adoptObligation(makeReading(16, 6), 50, reduce_400(a1))
Event processed adoptObligation(makeReading(3, 9), 50, reduce_400(a1))
Event sent to agent      a2 obligation(makeReading(8, 6), 50, reduce_400(a2))
Event sent to agent      a2 obligation(makeReading(16, 6), 50, reduce_400(a2))
Event sent to agent      a2 obligation(makeReading(3, 9), 50, reduce_400(a2))
agent obligation notification a3 number 3
Event processed adoptObligation(makeReading(8, 6), 50, reduce_400(a2))
Event processed adoptObligation(makeReading(16, 6), 50, reduce_400(a2))
Event processed adoptObligation(makeReading(3, 9), 50, reduce_400(a2))
Event sent to agent      a3 obligation(makeReading(8, 6), 50, reduce_400(a3))
Event sent to agent      a3 obligation(makeReading(16, 6), 50, reduce_400(a3))
Event sent to agent      a3 obligation(makeReading(3, 9), 50, reduce_400(a3))
agent prohibition notification t1 number 4
Event processed adoptObligation(makeReading(8, 6), 50, reduce_400(a3))
Event processed adoptObligation(makeReading(16, 6), 50, reduce_400(a3))
Event processed adoptObligation(makeReading(3, 9), 50, reduce_400(a3))
Event sent to agent      t1 prohibition(at(5, 5, t1), reduce_300(t1))
Event sent to agent      t1 prohibition(at(5, 6, t1), reduce_300(t1))
Event sent to agent      t1 prohibition(at(6, 5, t1), reduce_300(t1))
Event sent to agent      t1 prohibition(at(6, 6, t1), reduce_300(t1))
agent prohibition notification c1 number 12
Event processed aprohibition(at(5, 5, t1), reduce_300(t1))
Event processed aprohibition(at(5, 6, t1), reduce_300(t1))
Event processed aprohibition(at(6, 5, t1), reduce_300(t1))
Event processed aprohibition(at(6, 6, t1), reduce_300(t1))
Event sent to agent      c1 prohibition(coin(5, 5, a1), reduce_300(c1))
Event sent to agent      c1 prohibition(coin(5, 6, a1), reduce_300(c1))
Event sent to agent      c1 prohibition(coin(6, 5, a1), reduce_300(c1))
Event sent to agent      c1 prohibition(coin(6, 6, a1), reduce_300(c1))
Event sent to agent      c1 prohibition(coin(5, 5, a2), reduce_300(c1))
Event sent to agent      c1 prohibition(coin(5, 6, a2), reduce_300(c1))
Event sent to agent      c1 prohibition(coin(6, 5, a2), reduce_300(c1))
Event sent to agent      c1 prohibition(coin(6, 6, a2), reduce_300(c1))
Event sent to agent      c1 prohibition(coin(5, 5, a3), reduce_300(c1))
Event sent to agent      c1 prohibition(coin(5, 6, a3), reduce_300(c1))
Event sent to agent      c1 prohibition(coin(6, 5, a3), reduce_300(c1))
Event sent to agent      c1 prohibition(coin(6, 6, a3), reduce_300(c1))
Event processed aprohibition(coin(5, 5, a1), reduce_300(c1))
Event processed aprohibition(coin(5, 6, a1), reduce_300(c1))
Event processed aprohibition(coin(6, 5, a1), reduce_300(c1))
Event processed aprohibition(coin(6, 6, a1), reduce_300(c1))
Event processed aprohibition(coin(5, 5, a2), reduce_300(c1))
Event processed aprohibition(coin(5, 6, a2), reduce_300(c1))
Event processed aprohibition(coin(6, 5, a2), reduce_300(c1))
Event processed aprohibition(coin(6, 6, a2), reduce_300(c1))
Event processed aprohibition(coin(5, 5, a3), reduce_300(c1))
Event processed aprohibition(coin(5, 6, a3), reduce_300(c1))
Event processed aprohibition(coin(6, 5, a3), reduce_300(c1))
Event processed aprohibition(coin(6, 6, a3), reduce_300(c1))
Organization notifies agent (write): Prohibition [agent=a1, prohibition=[at(5, 5, a1)], sanction=[reduce_300(a1)], clock=0, time=Thu Jun 06 11:06:05 BST 2013]
Organization notifies agent (write): Prohibition [agent=a1, prohibition=[at(5, 6, a1)], sanction=[reduce_300(a1)], clock=0, time=Thu Jun 06 11:06:05 BST 2013]
agent prohibition notification a1 number 1
Organization notifies agent (write): Prohibition [agent=a1, prohibition=[at(6, 5, a1)], sanction=[reduce_300(a1)], clock=0, time=Thu Jun 06 11:06:05 BST 2013]
Organization notifies agent (write): Prohibition [agent=a1, prohibition=[at(6, 6, a1)], sanction=[reduce_300(a1)], clock=0, time=Thu Jun 06 11:06:05 BST 2013]
Organization notifies agent (write): Prohibition [agent=a2, prohibition=[at(5, 5, a2)], sanction=[reduce_300(a2)], clock=0, time=Thu Jun 06 11:06:05 BST 2013]
Organization notifies agent (write): Prohibition [agent=a2, prohibition=[at(5, 6, a2)], sanction=[reduce_300(a2)], clock=0, time=Thu Jun 06 11:06:05 BST 2013]
Organization notifies agent (write): Prohibition [agent=a2, prohibition=[at(6, 5, a2)], sanction=[reduce_300(a2)], clock=0, time=Thu Jun 06 11:06:05 BST 2013]
Organization notifies agent (write): Prohibition [agent=a2, prohibition=[at(6, 6, a2)], sanction=[reduce_300(a2)], clock=0, time=Thu Jun 06 11:06:05 BST 2013]
Organization notifies agent (write): Prohibition [agent=a3, prohibition=[at(5, 5, a3)], sanction=[reduce_300(a3)], clock=0, time=Thu Jun 06 11:06:05 BST 2013]
Organization notifies agent (write): Prohibition [agent=a3, prohibition=[at(5, 6, a3)], sanction=[reduce_300(a3)], clock=0, time=Thu Jun 06 11:06:05 BST 2013]
Organization notifies agent (write): Prohibition [agent=a3, prohibition=[at(6, 5, a3)], sanction=[reduce_300(a3)], clock=0, time=Thu Jun 06 11:06:05 BST 2013]
Organization notifies agent (write): Prohibition [agent=a3, prohibition=[at(6, 6, a3)], sanction=[reduce_300(a3)], clock=0, time=Thu Jun 06 11:06:05 BST 2013]
Event sent to agent      a1 prohibition(at(5, 5, a1), reduce_300(a1))
Event sent to agent      a1 prohibition(at(5, 6, a1), reduce_300(a1))
agent prohibition notification a1 number 4
Event sent to agent      a1 prohibition(at(5, 5, a1), reduce_300(a1))
Event sent to agent      a1 prohibition(at(5, 6, a1), reduce_300(a1))
Event sent to agent      a1 prohibition(at(6, 5, a1), reduce_300(a1))
Event sent to agent      a1 prohibition(at(6, 6, a1), reduce_300(a1))
agent prohibition notification a2 number 4
Event sent to agent      a2 prohibition(at(5, 5, a2), reduce_300(a2))
Event sent to agent      a2 prohibition(at(5, 6, a2), reduce_300(a2))
Event sent to agent      a2 prohibition(at(6, 5, a2), reduce_300(a2))
Event sent to agent      a2 prohibition(at(6, 6, a2), reduce_300(a2))
agent prohibition notification a3 number 4
Event sent to agent      a3 prohibition(at(5, 5, a3), reduce_300(a3))
Event sent to agent      a3 prohibition(at(5, 6, a3), reduce_300(a3))
Event sent to agent      a3 prohibition(at(6, 5, a3), reduce_300(a3))
Event sent to agent      a3 prohibition(at(6, 6, a3), reduce_300(a3))
Event processed aprohibition(at(5, 5, a1), reduce_300(a1))
Event processed aprohibition(at(5, 6, a1), reduce_300(a1))
Event processed aprohibition(at(5, 5, a1), reduce_300(a1))
Event processed aprohibition(at(5, 6, a1), reduce_300(a1))
Event processed aprohibition(at(6, 5, a1), reduce_300(a1))
Event processed aprohibition(at(6, 6, a1), reduce_300(a1))
Event processed aprohibition(at(5, 5, a3), reduce_300(a3))
Event processed aprohibition(at(5, 6, a3), reduce_300(a3))
Event processed aprohibition(at(6, 5, a3), reduce_300(a3))
Event processed aprohibition(at(6, 6, a3), reduce_300(a3))
Event processed aprohibition(at(5, 5, a2), reduce_300(a2))
Event processed aprohibition(at(5, 6, a2), reduce_300(a2))
Event processed aprohibition(at(6, 5, a2), reduce_300(a2))
Event processed aprohibition(at(6, 6, a2), reduce_300(a2))
org coin notification
org position notification
org position notification
org position notification
org position notification
org coin notification
org coin notification
org position notification
org position notification
org position notification
org position notification
