test2.
Service Registrar: 179b640c-bc0e-4c77-815f-710cc1e88ddd
Java Space found.
TransactionManager found.
oopl.parsing.ParseException: Encountered " "." ". "" at line 23, column 6.
Was expecting one of:
    ")" ...
    "," ...
    
register a1
register a2
register a3
register c1
register t1
from/for agent t1  cargo(position(19, 19), 0)
Agent writes: Cargo [id=null, cell=Cell [x=19, y=19], time=Wed May 29 18:42:04 BST 2013, clock=0]
org cargo notification
from/for agent a3  status(position(11, 2), 0)
Agent writes: Position [agent=a3, id=null, cell=Cell [x=11, y=2], time=Wed May 29 18:42:04 BST 2013, clock=0]
org position notification
from/for agent c1  coin(position(8, 6), 0, a1)
Agent writes: Coin [id=null, cell=Cell [x=8, y=6], agent=a1, time=Wed May 29 18:42:04 BST 2013, clock=0]
org coin notification
from/for agent a2  status(position(7, 19), 0)
Agent writes: Position [agent=a2, id=null, cell=Cell [x=7, y=19], time=Wed May 29 18:42:04 BST 2013, clock=0]
org position notification
from/for agent c1  coin(position(16, 6), 0, a2)
Agent writes: Coin [id=null, cell=Cell [x=16, y=6], agent=a2, time=Wed May 29 18:42:04 BST 2013, clock=0]
org coin notification
from/for agent t1  status(position(18, 19), 0)
Agent writes: Position [agent=t1, id=null, cell=Cell [x=18, y=19], time=Wed May 29 18:42:04 BST 2013, clock=0]
org position notification
from/for agent c1  coin(position(3, 9), 0, a3)
Agent writes: Coin [id=null, cell=Cell [x=3, y=9], agent=a3, time=Wed May 29 18:42:04 BST 2013, clock=0]
org coin notification
from/for agent a1  status(position(3, 4), 0)
Agent writes: Position [agent=a1, id=null, cell=Cell [x=3, y=4], time=Wed May 29 18:42:04 BST 2013, clock=0]
from/for agent a1  status(position(3, 4), 0)
Agent writes: Position [agent=a1, id=null, cell=Cell [x=3, y=4], time=Wed May 29 18:42:04 BST 2013, clock=0]
org position notification
from/for agent a3  status(position(11, 3), 0)
Agent writes: Position [agent=a3, id=null, cell=Cell [x=11, y=3], time=Wed May 29 18:42:05 BST 2013, clock=0]
org position notification
from/for agent a2  status(position(6, 19), 0)
Agent writes: Position [agent=a2, id=null, cell=Cell [x=6, y=19], time=Wed May 29 18:42:05 BST 2013, clock=0]
org position notification
from/for agent t1  status(position(17, 19), 0)
Agent writes: Position [agent=t1, id=null, cell=Cell [x=17, y=19], time=Wed May 29 18:42:05 BST 2013, clock=0]
org position notification
from/for agent a1  status(position(3, 5), 0)
Agent writes: Position [agent=a1, id=null, cell=Cell [x=3, y=5], time=Wed May 29 18:42:06 BST 2013, clock=0]
from/for agent a1  status(position(3, 5), 0)
Agent writes: Position [agent=a1, id=null, cell=Cell [x=3, y=5], time=Wed May 29 18:42:06 BST 2013, clock=0]
org position notification
from/for agent a3  status(position(11, 4), 0)
Agent writes: Position [agent=a3, id=null, cell=Cell [x=11, y=4], time=Wed May 29 18:42:06 BST 2013, clock=0]
org position notification
org position notification
from/for agent a2  status(position(5, 19), 0)
Agent writes: Position [agent=a2, id=null, cell=Cell [x=5, y=19], time=Wed May 29 18:42:06 BST 2013, clock=0]
org position notification
from/for agent t1  status(position(16, 19), 0)
Agent writes: Position [agent=t1, id=null, cell=Cell [x=16, y=19], time=Wed May 29 18:42:06 BST 2013, clock=0]
org position notification
from/for agent a3  status(position(11, 5), 0)
Agent writes: Position [agent=a3, id=null, cell=Cell [x=11, y=5], time=Wed May 29 18:42:07 BST 2013, clock=0]
org position notification
from/for agent a1  status(position(4, 5), 0)
Agent writes: Position [agent=a1, id=null, cell=Cell [x=4, y=5], time=Wed May 29 18:42:07 BST 2013, clock=0]
from/for agent a1  status(position(3, 6), 0)
Agent writes: Position [agent=a1, id=null, cell=Cell [x=3, y=6], time=Wed May 29 18:42:07 BST 2013, clock=0]
org position notification
from/for agent a2  status(position(4, 19), 0)
Agent writes: Position [agent=a2, id=null, cell=Cell [x=4, y=19], time=Wed May 29 18:42:07 BST 2013, clock=0]
org position notification
from/for agent t1  status(position(15, 19), 0)
Agent writes: Position [agent=t1, id=null, cell=Cell [x=15, y=19], time=Wed May 29 18:42:07 BST 2013, clock=0]
org position notification
from/for agent a3  status(position(11, 6), 0)
Agent writes: Position [agent=a3, id=null, cell=Cell [x=11, y=6], time=Wed May 29 18:42:08 BST 2013, clock=0]
org position notification
from/for agent a2  status(position(3, 19), 0)
Agent writes: Position [agent=a2, id=null, cell=Cell [x=3, y=19], time=Wed May 29 18:42:08 BST 2013, clock=0]
org position notification
from/for agent t1  status(position(14, 19), 0)
Agent writes: Position [agent=t1, id=null, cell=Cell [x=14, y=19], time=Wed May 29 18:42:08 BST 2013, clock=0]
org position notification
from/for agent a1  status(position(4, 6), 0)
Agent writes: Position [agent=a1, id=null, cell=Cell [x=4, y=6], time=Wed May 29 18:42:08 BST 2013, clock=0]
from/for agent a1  status(position(3, 7), 0)
Agent writes: Position [agent=a1, id=null, cell=Cell [x=3, y=7], time=Wed May 29 18:42:08 BST 2013, clock=0]
org position notification
from/for agent a3  status(position(11, 7), 0)
Agent writes: Position [agent=a3, id=null, cell=Cell [x=11, y=7], time=Wed May 29 18:42:08 BST 2013, clock=0]
org position notification
from/for agent a2  status(position(3, 18), 0)
Agent writes: Position [agent=a2, id=null, cell=Cell [x=3, y=18], time=Wed May 29 18:42:09 BST 2013, clock=0]
org position notification
from/for agent t1  status(position(13, 19), 0)
Agent writes: Position [agent=t1, id=null, cell=Cell [x=13, y=19], time=Wed May 29 18:42:09 BST 2013, clock=0]
org position notification
org position notification
from/for agent a3  status(position(11, 8), 0)
Agent writes: Position [agent=a3, id=null, cell=Cell [x=11, y=8], time=Wed May 29 18:42:09 BST 2013, clock=0]
org position notification
from/for agent a1  status(position(4, 7), 0)
Agent writes: Position [agent=a1, id=null, cell=Cell [x=4, y=7], time=Wed May 29 18:42:09 BST 2013, clock=0]
from/for agent a1  status(position(3, 8), 0)
Agent writes: Position [agent=a1, id=null, cell=Cell [x=3, y=8], time=Wed May 29 18:42:09 BST 2013, clock=0]
from/for agent a2  status(position(3, 17), 0)
Agent writes: Position [agent=a2, id=null, cell=Cell [x=3, y=17], time=Wed May 29 18:42:09 BST 2013, clock=0]
org position notification
from/for agent t1  status(position(12, 19), 0)
Agent writes: Position [agent=t1, id=null, cell=Cell [x=12, y=19], time=Wed May 29 18:42:09 BST 2013, clock=0]
org position notification
org position notification
from/for agent a3  status(position(11, 9), 0)
Agent writes: Position [agent=a3, id=null, cell=Cell [x=11, y=9], time=Wed May 29 18:42:10 BST 2013, clock=0]
org position notification
from/for agent a2  status(position(3, 16), 0)
Agent writes: Position [agent=a2, id=null, cell=Cell [x=3, y=16], time=Wed May 29 18:42:10 BST 2013, clock=0]
org position notification
from/for agent t1  status(position(11, 19), 0)
Agent writes: Position [agent=t1, id=null, cell=Cell [x=11, y=19], time=Wed May 29 18:42:10 BST 2013, clock=0]
org position notification
from/for agent a1  status(position(4, 8), 0)
Agent writes: Position [agent=a1, id=null, cell=Cell [x=4, y=8], time=Wed May 29 18:42:10 BST 2013, clock=0]
from/for agent a1  status(position(3, 9), 0)
Agent writes: Position [agent=a1, id=null, cell=Cell [x=3, y=9], time=Wed May 29 18:42:10 BST 2013, clock=0]
org position notification
from/for agent a3  status(position(11, 10), 0)
Agent writes: Position [agent=a3, id=null, cell=Cell [x=11, y=10], time=Wed May 29 18:42:10 BST 2013, clock=0]
org position notification
from/for agent a2  status(position(3, 15), 0)
Agent writes: Position [agent=a2, id=null, cell=Cell [x=3, y=15], time=Wed May 29 18:42:11 BST 2013, clock=0]
org position notification
from/for agent t1  status(position(10, 19), 0)
Agent writes: Position [agent=t1, id=null, cell=Cell [x=10, y=19], time=Wed May 29 18:42:11 BST 2013, clock=0]
org position notification
from/for agent a3  status(position(11, 11), 0)
Agent writes: Position [agent=a3, id=null, cell=Cell [x=11, y=11], time=Wed May 29 18:42:11 BST 2013, clock=0]
org position notification
from/for agent a1  status(position(4, 9), 0)
Agent writes: Position [agent=a1, id=null, cell=Cell [x=4, y=9], time=Wed May 29 18:42:11 BST 2013, clock=0]
from/for agent a1  status(position(3, 10), 0)
Agent writes: Position [agent=a1, id=null, cell=Cell [x=3, y=10], time=Wed May 29 18:42:11 BST 2013, clock=0]
org position notification
from/for agent a2  status(position(3, 14), 0)
Agent writes: Position [agent=a2, id=null, cell=Cell [x=3, y=14], time=Wed May 29 18:42:12 BST 2013, clock=0]
from/for agent t1  status(position(9, 19), 0)
Agent writes: Position [agent=t1, id=null, cell=Cell [x=9, y=19], time=Wed May 29 18:42:12 BST 2013, clock=0]
org position notification
org position notification
from/for agent a3  status(position(11, 12), 0)
Agent writes: Position [agent=a3, id=null, cell=Cell [x=11, y=12], time=Wed May 29 18:42:12 BST 2013, clock=0]
org position notification
from/for agent a2  status(position(3, 13), 0)
Agent writes: Position [agent=a2, id=null, cell=Cell [x=3, y=13], time=Wed May 29 18:42:12 BST 2013, clock=0]
from/for agent a1  status(position(4, 10), 0)
Agent writes: Position [agent=a1, id=null, cell=Cell [x=4, y=10], time=Wed May 29 18:42:12 BST 2013, clock=0]
from/for agent a1  status(position(4, 10), 0)
Agent writes: Position [agent=a1, id=null, cell=Cell [x=4, y=10], time=Wed May 29 18:42:12 BST 2013, clock=0]
org position notification
from/for agent t1  status(position(8, 19), 0)
Agent writes: Position [agent=t1, id=null, cell=Cell [x=8, y=19], time=Wed May 29 18:42:13 BST 2013, clock=0]
org position notification
org position notification
from/for agent a3  status(position(11, 13), 0)
Agent writes: Position [agent=a3, id=null, cell=Cell [x=11, y=13], time=Wed May 29 18:42:13 BST 2013, clock=0]
org position notification
from/for agent a2  status(position(3, 12), 0)
Agent writes: Position [agent=a2, id=null, cell=Cell [x=3, y=12], time=Wed May 29 18:42:13 BST 2013, clock=0]
org position notification
from/for agent t1  status(position(7, 19), 0)
Agent writes: Position [agent=t1, id=null, cell=Cell [x=7, y=19], time=Wed May 29 18:42:13 BST 2013, clock=0]
org position notification
from/for agent a3  status(position(11, 14), 0)
Agent writes: Position [agent=a3, id=null, cell=Cell [x=11, y=14], time=Wed May 29 18:42:13 BST 2013, clock=0]
org position notification
org position notification
from/for agent a1  status(position(5, 10), 0)
Agent writes: Position [agent=a1, id=null, cell=Cell [x=5, y=10], time=Wed May 29 18:42:14 BST 2013, clock=0]
from/for agent a1  status(position(5, 10), 0)
Agent writes: Position [agent=a1, id=null, cell=Cell [x=5, y=10], time=Wed May 29 18:42:14 BST 2013, clock=0]
from/for agent a2  status(position(3, 11), 0)
Agent writes: Position [agent=a2, id=null, cell=Cell [x=3, y=11], time=Wed May 29 18:42:14 BST 2013, clock=0]
from/for agent t1  status(position(6, 19), 0)
Agent writes: Position [agent=t1, id=null, cell=Cell [x=6, y=19], time=Wed May 29 18:42:14 BST 2013, clock=0]
org position notification
org position notification
from/for agent a3  status(position(11, 15), 0)
Agent writes: Position [agent=a3, id=null, cell=Cell [x=11, y=15], time=Wed May 29 18:42:14 BST 2013, clock=0]
org position notification
from/for agent a2  status(position(3, 10), 0)
Agent writes: Position [agent=a2, id=null, cell=Cell [x=3, y=10], time=Wed May 29 18:42:15 BST 2013, clock=0]
org position notification
from/for agent a1  status(position(5, 9), 0)
Agent writes: Position [agent=a1, id=null, cell=Cell [x=5, y=9], time=Wed May 29 18:42:15 BST 2013, clock=0]
from/for agent a1  status(position(6, 10), 0)
Agent writes: Position [agent=a1, id=null, cell=Cell [x=6, y=10], time=Wed May 29 18:42:15 BST 2013, clock=0]
from/for agent t1  status(position(5, 19), 0)
Agent writes: Position [agent=t1, id=null, cell=Cell [x=5, y=19], time=Wed May 29 18:42:15 BST 2013, clock=0]
org position notification
org position notification
from/for agent a3  status(position(11, 16), 0)
Agent writes: Position [agent=a3, id=null, cell=Cell [x=11, y=16], time=Wed May 29 18:42:15 BST 2013, clock=0]
org position notification
from/for agent a2  status(position(3, 9), 0)
Agent writes: Position [agent=a2, id=null, cell=Cell [x=3, y=9], time=Wed May 29 18:42:15 BST 2013, clock=0]
org position notification
from/for agent t1  status(position(4, 19), 0)
Agent writes: Position [agent=t1, id=null, cell=Cell [x=4, y=19], time=Wed May 29 18:42:16 BST 2013, clock=0]
org position notification
from/for agent a1  status(position(5, 10), 0)
Agent writes: Position [agent=a1, id=null, cell=Cell [x=5, y=10], time=Wed May 29 18:42:16 BST 2013, clock=0]
from/for agent a1  status(position(7, 10), 0)
Agent writes: Position [agent=a1, id=null, cell=Cell [x=7, y=10], time=Wed May 29 18:42:16 BST 2013, clock=0]
org position notification
from/for agent a3  status(position(11, 17), 0)
Agent writes: Position [agent=a3, id=null, cell=Cell [x=11, y=17], time=Wed May 29 18:42:16 BST 2013, clock=0]
org position notification
from/for agent a2  status(position(3, 8), 0)
Agent writes: Position [agent=a2, id=null, cell=Cell [x=3, y=8], time=Wed May 29 18:42:16 BST 2013, clock=0]
org position notification
from/for agent t1  status(position(3, 19), 0)
Agent writes: Position [agent=t1, id=null, cell=Cell [x=3, y=19], time=Wed May 29 18:42:16 BST 2013, clock=0]
org position notification
from/for agent a3  status(position(11, 18), 0)
Agent writes: Position [agent=a3, id=null, cell=Cell [x=11, y=18], time=Wed May 29 18:42:17 BST 2013, clock=0]
org position notification
from/for agent a2  status(position(3, 7), 0)
Agent writes: Position [agent=a2, id=null, cell=Cell [x=3, y=7], time=Wed May 29 18:42:17 BST 2013, clock=0]
from/for agent a1  status(position(6, 10), 0)
Agent writes: Position [agent=a1, id=null, cell=Cell [x=6, y=10], time=Wed May 29 18:42:17 BST 2013, clock=0]
from/for agent a1  status(position(8, 10), 0)
Agent writes: Position [agent=a1, id=null, cell=Cell [x=8, y=10], time=Wed May 29 18:42:17 BST 2013, clock=0]
org position notification
org position notification
from/for agent t1  status(position(2, 19), 0)
Agent writes: Position [agent=t1, id=null, cell=Cell [x=2, y=19], time=Wed May 29 18:42:17 BST 2013, clock=0]
org position notification
org position notification
from/for agent a3  status(position(11, 19), 0)
Agent writes: Position [agent=a3, id=null, cell=Cell [x=11, y=19], time=Wed May 29 18:42:17 BST 2013, clock=0]
org position notification
from/for agent a2  status(position(3, 6), 0)
Agent writes: Position [agent=a2, id=null, cell=Cell [x=3, y=6], time=Wed May 29 18:42:18 BST 2013, clock=0]
from/for agent t1  status(position(2, 18), 0)
Agent writes: Position [agent=t1, id=null, cell=Cell [x=2, y=18], time=Wed May 29 18:42:18 BST 2013, clock=0]
org position notification
from/for agent a1  status(position(7, 10), 0)
Agent writes: Position [agent=a1, id=null, cell=Cell [x=7, y=10], time=Wed May 29 18:42:18 BST 2013, clock=0]
from/for agent a1  status(position(9, 10), 0)
Agent writes: Position [agent=a1, id=null, cell=Cell [x=9, y=10], time=Wed May 29 18:42:18 BST 2013, clock=0]
org position notification
org position notification
from/for agent a3  status(position(12, 19), 0)
Agent writes: Position [agent=a3, id=null, cell=Cell [x=12, y=19], time=Wed May 29 18:42:18 BST 2013, clock=0]
org position notification
from/for agent t1  status(position(2, 17), 0)
Agent writes: Position [agent=t1, id=null, cell=Cell [x=2, y=17], time=Wed May 29 18:42:18 BST 2013, clock=0]
org position notification
org position notification
from/for agent a3  status(position(13, 19), 0)
Agent writes: Position [agent=a3, id=null, cell=Cell [x=13, y=19], time=Wed May 29 18:42:19 BST 2013, clock=0]
from/for agent a1  status(position(8, 10), 0)
Agent writes: Position [agent=a1, id=null, cell=Cell [x=8, y=10], time=Wed May 29 18:42:19 BST 2013, clock=0]
from/for agent a1  status(position(10, 10), 0)
Agent writes: Position [agent=a1, id=null, cell=Cell [x=10, y=10], time=Wed May 29 18:42:19 BST 2013, clock=0]
org position notification
from/for agent t1  status(position(2, 16), 0)
Agent writes: Position [agent=t1, id=null, cell=Cell [x=2, y=16], time=Wed May 29 18:42:19 BST 2013, clock=0]
org position notification
from/for agent a3  status(position(14, 19), 0)
Agent writes: Position [agent=a3, id=null, cell=Cell [x=14, y=19], time=Wed May 29 18:42:19 BST 2013, clock=0]
org position notification
from/for agent a1  status(position(9, 10), 0)
Agent writes: Position [agent=a1, id=null, cell=Cell [x=9, y=10], time=Wed May 29 18:42:20 BST 2013, clock=0]
from/for agent t1  status(position(2, 15), 0)
Agent writes: Position [agent=t1, id=null, cell=Cell [x=2, y=15], time=Wed May 29 18:42:20 BST 2013, clock=0]
org position notification
org position notification
from/for agent a3  status(position(15, 19), 0)
Agent writes: Position [agent=a3, id=null, cell=Cell [x=15, y=19], time=Wed May 29 18:42:20 BST 2013, clock=0]
org position notification
org position notification
from/for agent a1  status(position(8, 10), 0)
Agent writes: Position [agent=a1, id=null, cell=Cell [x=8, y=10], time=Wed May 29 18:42:21 BST 2013, clock=0]
from/for agent t1  status(position(2, 14), 0)
Agent writes: Position [agent=t1, id=null, cell=Cell [x=2, y=14], time=Wed May 29 18:42:21 BST 2013, clock=0]
org position notification
org position notification
from/for agent a3  status(position(16, 19), 0)
Agent writes: Position [agent=a3, id=null, cell=Cell [x=16, y=19], time=Wed May 29 18:42:21 BST 2013, clock=0]
org position notification
from/for agent a1  status(position(7, 10), 0)
Agent writes: Position [agent=a1, id=null, cell=Cell [x=7, y=10], time=Wed May 29 18:42:21 BST 2013, clock=0]
org position notification
from/for agent t1  status(position(2, 13), 0)
Agent writes: Position [agent=t1, id=null, cell=Cell [x=2, y=13], time=Wed May 29 18:42:21 BST 2013, clock=0]
org position notification
from/for agent a3  status(position(17, 19), 0)
Agent writes: Position [agent=a3, id=null, cell=Cell [x=17, y=19], time=Wed May 29 18:42:21 BST 2013, clock=0]
org position notification
from/for agent a1  status(position(6, 10), 0)
Agent writes: Position [agent=a1, id=null, cell=Cell [x=6, y=10], time=Wed May 29 18:42:22 BST 2013, clock=0]
org position notification
from/for agent t1  status(position(2, 12), 0)
Agent writes: Position [agent=t1, id=null, cell=Cell [x=2, y=12], time=Wed May 29 18:42:22 BST 2013, clock=0]
org position notification
from/for agent a3  status(position(18, 19), 0)
Agent writes: Position [agent=a3, id=null, cell=Cell [x=18, y=19], time=Wed May 29 18:42:22 BST 2013, clock=0]
org position notification
from/for agent a1  status(position(5, 10), 0)
Agent writes: Position [agent=a1, id=null, cell=Cell [x=5, y=10], time=Wed May 29 18:42:23 BST 2013, clock=0]
org position notification
from/for agent t1  status(position(2, 11), 0)
Agent writes: Position [agent=t1, id=null, cell=Cell [x=2, y=11], time=Wed May 29 18:42:23 BST 2013, clock=0]
org position notification
from/for agent a3  status(position(19, 19), 0)
Agent writes: Position [agent=a3, id=null, cell=Cell [x=19, y=19], time=Wed May 29 18:42:23 BST 2013, clock=0]
org position notification
from/for agent a1  status(position(5, 9), 0)
Agent writes: Position [agent=a1, id=null, cell=Cell [x=5, y=9], time=Wed May 29 18:42:24 BST 2013, clock=0]
org position notification
from/for agent t1  status(position(2, 10), 0)
Agent writes: Position [agent=t1, id=null, cell=Cell [x=2, y=10], time=Wed May 29 18:42:24 BST 2013, clock=0]
org position notification
from/for agent a1  status(position(5, 8), 0)
Agent writes: Position [agent=a1, id=null, cell=Cell [x=5, y=8], time=Wed May 29 18:42:24 BST 2013, clock=0]
org position notification
from/for agent t1  status(position(2, 9), 0)
Agent writes: Position [agent=t1, id=null, cell=Cell [x=2, y=9], time=Wed May 29 18:42:25 BST 2013, clock=0]
org position notification
from/for agent a1  status(position(5, 7), 0)
Agent writes: Position [agent=a1, id=null, cell=Cell [x=5, y=7], time=Wed May 29 18:42:25 BST 2013, clock=0]
org position notification
from/for agent t1  status(position(2, 8), 0)
Agent writes: Position [agent=t1, id=null, cell=Cell [x=2, y=8], time=Wed May 29 18:42:25 BST 2013, clock=0]
org position notification
from/for agent a1  status(position(5, 6), 0)
Agent writes: Position [agent=a1, id=null, cell=Cell [x=5, y=6], time=Wed May 29 18:42:26 BST 2013, clock=0]
org position notification
from/for agent t1  status(position(2, 7), 0)
Agent writes: Position [agent=t1, id=null, cell=Cell [x=2, y=7], time=Wed May 29 18:42:26 BST 2013, clock=0]
org position notification
from/for agent a1  status(position(5, 5), 0)
Agent writes: Position [agent=a1, id=null, cell=Cell [x=5, y=5], time=Wed May 29 18:42:27 BST 2013, clock=0]
org position notification
from/for agent t1  status(position(2, 6), 0)
Agent writes: Position [agent=t1, id=null, cell=Cell [x=2, y=6], time=Wed May 29 18:42:27 BST 2013, clock=0]
org position notification
from/for agent t1  status(position(2, 5), 0)
Agent writes: Position [agent=t1, id=null, cell=Cell [x=2, y=5], time=Wed May 29 18:42:28 BST 2013, clock=0]
org position notification
from/for agent t1  status(position(2, 4), 0)
Agent writes: Position [agent=t1, id=null, cell=Cell [x=2, y=4], time=Wed May 29 18:42:28 BST 2013, clock=0]
org position notification
from/for agent t1  status(position(2, 3), 0)
Agent writes: Position [agent=t1, id=null, cell=Cell [x=2, y=3], time=Wed May 29 18:42:29 BST 2013, clock=0]
org position notification
from/for agent t1  status(position(2, 2), 0)
Agent writes: Position [agent=t1, id=null, cell=Cell [x=2, y=2], time=Wed May 29 18:42:29 BST 2013, clock=0]
org position notification
