test2.
Service Registrar: 407365e0-cb43-4d51-bb4d-4997a47d11d2
Java Space found.
TransactionManager found.
-------------------------last log tuples start--------------------------------
Obligation [agent=a1, obligation=[makeReading(8, 6)], sanction=[reduce_400(a1)], deadline=50, time=Wed Jun 05 10:39:13 BST 2013, clock=0]
Obligation [agent=a1, obligation=[makeReading(16, 6)], sanction=[reduce_400(a1)], deadline=50, time=Wed Jun 05 10:39:13 BST 2013, clock=0]
Obligation [agent=a1, obligation=[makeReading(3, 9)], sanction=[reduce_400(a1)], deadline=50, time=Wed Jun 05 10:39:15 BST 2013, clock=0]
Position [agent=a2, id=null, cell=Cell [x=7, y=19], time=Wed Jun 05 10:39:13 BST 2013, clock=0]
Position [agent=a3, id=null, cell=Cell [x=11, y=2], time=Wed Jun 05 10:39:13 BST 2013, clock=0]
Obligation [agent=a2, obligation=[makeReading(8, 6)], sanction=[reduce_400(a2)], deadline=50, time=Wed Jun 05 10:39:15 BST 2013, clock=0]
Obligation [agent=a2, obligation=[makeReading(16, 6)], sanction=[reduce_400(a2)], deadline=50, time=Wed Jun 05 10:39:15 BST 2013, clock=0]
Obligation [agent=a2, obligation=[makeReading(3, 9)], sanction=[reduce_400(a2)], deadline=50, time=Wed Jun 05 10:39:16 BST 2013, clock=0]
Obligation [agent=a3, obligation=[makeReading(8, 6)], sanction=[reduce_400(a3)], deadline=50, time=Wed Jun 05 10:39:17 BST 2013, clock=0]
Obligation [agent=a3, obligation=[makeReading(16, 6)], sanction=[reduce_400(a3)], deadline=50, time=Wed Jun 05 10:39:17 BST 2013, clock=0]
Obligation [agent=a3, obligation=[makeReading(3, 9)], sanction=[reduce_400(a3)], deadline=50, time=Wed Jun 05 10:39:18 BST 2013, clock=0]
Coin [id=null, cell=Cell [x=8, y=6], agent=a1, time=Wed Jun 05 10:39:13 BST 2013, clock=0]
Cargo [id=null, cell=Cell [x=19, y=19], time=Wed Jun 05 10:39:13 BST 2013, clock=0]
Position [agent=a1, id=null, cell=Cell [x=3, y=4], time=Wed Jun 05 10:39:13 BST 2013, clock=0]
Prohibition [agent=t1, prohibition=[at(5, 5, t1)], sanction=[reduce_300(t1)], clock=0, time=Wed Jun 05 10:39:19 BST 2013]
Prohibition [agent=t1, prohibition=[at(5, 6, t1)], sanction=[reduce_300(t1)], clock=0, time=Wed Jun 05 10:39:19 BST 2013]
Coin [id=null, cell=Cell [x=16, y=6], agent=a2, time=Wed Jun 05 10:39:13 BST 2013, clock=0]
Position [agent=t1, id=null, cell=Cell [x=18, y=19], time=Wed Jun 05 10:39:13 BST 2013, clock=0]
Prohibition [agent=t1, prohibition=[at(6, 5, t1)], sanction=[reduce_300(t1)], clock=0, time=Wed Jun 05 10:39:19 BST 2013]
Position [agent=a1, id=null, cell=Cell [x=3, y=4], time=Wed Jun 05 10:39:13 BST 2013, clock=0]
Position [agent=a2, id=null, cell=Cell [x=6, y=19], time=Wed Jun 05 10:39:14 BST 2013, clock=0]
Position [agent=a3, id=null, cell=Cell [x=11, y=3], time=Wed Jun 05 10:39:15 BST 2013, clock=0]
Position [agent=a1, id=null, cell=Cell [x=3, y=5], time=Wed Jun 05 10:39:15 BST 2013, clock=0]
Position [agent=t1, id=null, cell=Cell [x=17, y=19], time=Wed Jun 05 10:39:15 BST 2013, clock=0]
Coin [id=null, cell=Cell [x=3, y=9], agent=a3, time=Wed Jun 05 10:39:13 BST 2013, clock=0]
Prohibition [agent=t1, prohibition=[at(6, 6, t1)], sanction=[reduce_300(t1)], clock=0, time=Wed Jun 05 10:39:19 BST 2013]
Position [agent=a1, id=null, cell=Cell [x=3, y=5], time=Wed Jun 05 10:39:15 BST 2013, clock=0]
Prohibition [agent=c1, prohibition=[coin(5, 5, a1)], sanction=[reduce_300(c1)], clock=0, time=Wed Jun 05 10:39:19 BST 2013]
Position [agent=a2, id=null, cell=Cell [x=5, y=19], time=Wed Jun 05 10:39:16 BST 2013, clock=0]
Position [agent=t1, id=null, cell=Cell [x=16, y=19], time=Wed Jun 05 10:39:16 BST 2013, clock=0]
Prohibition [agent=c1, prohibition=[coin(5, 6, a1)], sanction=[reduce_300(c1)], clock=0, time=Wed Jun 05 10:39:19 BST 2013]
Position [agent=a3, id=null, cell=Cell [x=11, y=4], time=Wed Jun 05 10:39:17 BST 2013, clock=0]
Prohibition [agent=c1, prohibition=[coin(6, 5, a1)], sanction=[reduce_300(c1)], clock=0, time=Wed Jun 05 10:39:19 BST 2013]
Position [agent=t1, id=null, cell=Cell [x=15, y=19], time=Wed Jun 05 10:39:17 BST 2013, clock=0]
Position [agent=a1, id=null, cell=Cell [x=4, y=5], time=Wed Jun 05 10:39:17 BST 2013, clock=0]
Prohibition [agent=c1, prohibition=[coin(6, 6, a1)], sanction=[reduce_300(c1)], clock=0, time=Wed Jun 05 10:39:19 BST 2013]
Position [agent=a1, id=null, cell=Cell [x=3, y=6], time=Wed Jun 05 10:39:17 BST 2013, clock=0]
Position [agent=a2, id=null, cell=Cell [x=4, y=19], time=Wed Jun 05 10:39:18 BST 2013, clock=0]
Position [agent=t1, id=null, cell=Cell [x=14, y=19], time=Wed Jun 05 10:39:19 BST 2013, clock=0]
Position [agent=a1, id=null, cell=Cell [x=4, y=6], time=Wed Jun 05 10:39:19 BST 2013, clock=0]
Prohibition [agent=c1, prohibition=[coin(5, 5, a2)], sanction=[reduce_300(c1)], clock=0, time=Wed Jun 05 10:39:19 BST 2013]
Prohibition [agent=c1, prohibition=[coin(5, 6, a2)], sanction=[reduce_300(c1)], clock=0, time=Wed Jun 05 10:39:19 BST 2013]
Position [agent=a3, id=null, cell=Cell [x=11, y=5], time=Wed Jun 05 10:39:19 BST 2013, clock=0]
Prohibition [agent=c1, prohibition=[coin(6, 5, a2)], sanction=[reduce_300(c1)], clock=0, time=Wed Jun 05 10:39:19 BST 2013]
Position [agent=a1, id=null, cell=Cell [x=3, y=7], time=Wed Jun 05 10:39:19 BST 2013, clock=0]
Prohibition [agent=c1, prohibition=[coin(6, 6, a2)], sanction=[reduce_300(c1)], clock=0, time=Wed Jun 05 10:39:19 BST 2013]
Position [agent=a2, id=null, cell=Cell [x=3, y=19], time=Wed Jun 05 10:39:20 BST 2013, clock=0]
Prohibition [agent=c1, prohibition=[coin(5, 5, a3)], sanction=[reduce_300(c1)], clock=0, time=Wed Jun 05 10:39:19 BST 2013]
Position [agent=a3, id=null, cell=Cell [x=11, y=6], time=Wed Jun 05 10:39:20 BST 2013, clock=0]
Position [agent=t1, id=null, cell=Cell [x=13, y=19], time=Wed Jun 05 10:39:21 BST 2013, clock=0]
Position [agent=a3, id=null, cell=Cell [x=11, y=7], time=Wed Jun 05 10:39:21 BST 2013, clock=0]
Prohibition [agent=c1, prohibition=[coin(5, 6, a3)], sanction=[reduce_300(c1)], clock=0, time=Wed Jun 05 10:39:19 BST 2013]
Prohibition [agent=c1, prohibition=[coin(6, 5, a3)], sanction=[reduce_300(c1)], clock=0, time=Wed Jun 05 10:39:19 BST 2013]
Position [agent=a1, id=null, cell=Cell [x=4, y=7], time=Wed Jun 05 10:39:21 BST 2013, clock=0]
Position [agent=a1, id=null, cell=Cell [x=3, y=8], time=Wed Jun 05 10:39:21 BST 2013, clock=0]
Position [agent=a2, id=null, cell=Cell [x=3, y=18], time=Wed Jun 05 10:39:21 BST 2013, clock=0]
Position [agent=t1, id=null, cell=Cell [x=12, y=19], time=Wed Jun 05 10:39:22 BST 2013, clock=0]
Prohibition [agent=c1, prohibition=[coin(6, 6, a3)], sanction=[reduce_300(c1)], clock=0, time=Wed Jun 05 10:39:19 BST 2013]
Prohibition [agent=a1, prohibition=[at(5, 5, a1)], sanction=[reduce_300(a1)], clock=0, time=Wed Jun 05 10:39:21 BST 2013]
Position [agent=a3, id=null, cell=Cell [x=11, y=8], time=Wed Jun 05 10:39:22 BST 2013, clock=0]
Position [agent=a2, id=null, cell=Cell [x=3, y=17], time=Wed Jun 05 10:39:23 BST 2013, clock=0]
Prohibition [agent=a1, prohibition=[at(5, 6, a1)], sanction=[reduce_300(a1)], clock=0, time=Wed Jun 05 10:39:21 BST 2013]
Position [agent=a3, id=null, cell=Cell [x=11, y=9], time=Wed Jun 05 10:39:23 BST 2013, clock=0]
Prohibition [agent=a1, prohibition=[at(6, 5, a1)], sanction=[reduce_300(a1)], clock=0, time=Wed Jun 05 10:39:21 BST 2013]
Position [agent=a1, id=null, cell=Cell [x=4, y=8], time=Wed Jun 05 10:39:23 BST 2013, clock=0]
Prohibition [agent=a1, prohibition=[at(6, 6, a1)], sanction=[reduce_300(a1)], clock=0, time=Wed Jun 05 10:39:21 BST 2013]
Prohibition [agent=a2, prohibition=[at(5, 5, a2)], sanction=[reduce_300(a2)], clock=0, time=Wed Jun 05 10:39:21 BST 2013]
Position [agent=a1, id=null, cell=Cell [x=3, y=9], time=Wed Jun 05 10:39:23 BST 2013, clock=0]
Prohibition [agent=a2, prohibition=[at(5, 6, a2)], sanction=[reduce_300(a2)], clock=0, time=Wed Jun 05 10:39:21 BST 2013]
Position [agent=t1, id=null, cell=Cell [x=11, y=19], time=Wed Jun 05 10:39:24 BST 2013, clock=0]
Position [agent=a3, id=null, cell=Cell [x=11, y=10], time=Wed Jun 05 10:39:24 BST 2013, clock=0]
Position [agent=a2, id=null, cell=Cell [x=3, y=16], time=Wed Jun 05 10:39:25 BST 2013, clock=0]
Prohibition [agent=a2, prohibition=[at(6, 5, a2)], sanction=[reduce_300(a2)], clock=0, time=Wed Jun 05 10:39:21 BST 2013]
Position [agent=a3, id=null, cell=Cell [x=11, y=11], time=Wed Jun 05 10:39:25 BST 2013, clock=0]
Position [agent=t1, id=null, cell=Cell [x=10, y=19], time=Wed Jun 05 10:39:26 BST 2013, clock=0]
Prohibition [agent=a2, prohibition=[at(6, 6, a2)], sanction=[reduce_300(a2)], clock=0, time=Wed Jun 05 10:39:21 BST 2013]
Position [agent=a2, id=null, cell=Cell [x=3, y=15], time=Wed Jun 05 10:39:26 BST 2013, clock=0]
Position [agent=a3, id=null, cell=Cell [x=11, y=12], time=Wed Jun 05 10:39:26 BST 2013, clock=0]
Position [agent=a1, id=null, cell=Cell [x=3, y=9], time=Wed Jun 05 10:39:27 BST 2013, clock=0]
Position [agent=a1, id=null, cell=Cell [x=4, y=9], time=Wed Jun 05 10:39:27 BST 2013, clock=0]
Prohibition [agent=a3, prohibition=[at(5, 5, a3)], sanction=[reduce_300(a3)], clock=0, time=Wed Jun 05 10:39:21 BST 2013]
Prohibition [agent=a3, prohibition=[at(5, 6, a3)], sanction=[reduce_300(a3)], clock=0, time=Wed Jun 05 10:39:21 BST 2013]
Position [agent=t1, id=null, cell=Cell [x=9, y=19], time=Wed Jun 05 10:39:27 BST 2013, clock=0]
Position [agent=a3, id=null, cell=Cell [x=11, y=13], time=Wed Jun 05 10:39:27 BST 2013, clock=0]
Position [agent=a1, id=null, cell=Cell [x=4, y=9], time=Wed Jun 05 10:39:27 BST 2013, clock=0]
Prohibition [agent=a3, prohibition=[at(6, 5, a3)], sanction=[reduce_300(a3)], clock=0, time=Wed Jun 05 10:39:21 BST 2013]
Position [agent=a1, id=null, cell=Cell [x=4, y=9], time=Wed Jun 05 10:39:28 BST 2013, clock=0]
Position [agent=a2, id=null, cell=Cell [x=3, y=14], time=Wed Jun 05 10:39:28 BST 2013, clock=0]
Prohibition [agent=a3, prohibition=[at(6, 6, a3)], sanction=[reduce_300(a3)], clock=0, time=Wed Jun 05 10:39:21 BST 2013]
Prohibition [agent=a1, prohibition=[at(6, 6, a1)], sanction=[reduce_300(a1)], clock=0, time=Wed Jun 05 10:40:55 BST 2013]
Position [agent=a1, id=null, cell=Cell [x=3, y=10], time=Wed Jun 05 10:39:28 BST 2013, clock=0]
Position [agent=a3, id=null, cell=Cell [x=11, y=14], time=Wed Jun 05 10:39:28 BST 2013, clock=0]
Position [agent=t1, id=null, cell=Cell [x=8, y=19], time=Wed Jun 05 10:39:29 BST 2013, clock=0]
Position [agent=a2, id=null, cell=Cell [x=3, y=13], time=Wed Jun 05 10:39:29 BST 2013, clock=0]
Position [agent=a3, id=null, cell=Cell [x=11, y=15], time=Wed Jun 05 10:39:29 BST 2013, clock=0]
Position [agent=t1, id=null, cell=Cell [x=7, y=19], time=Wed Jun 05 10:39:30 BST 2013, clock=0]
Position [agent=a2, id=null, cell=Cell [x=3, y=12], time=Wed Jun 05 10:39:31 BST 2013, clock=0]
Position [agent=a3, id=null, cell=Cell [x=11, y=16], time=Wed Jun 05 10:39:31 BST 2013, clock=0]
Position [agent=t1, id=null, cell=Cell [x=6, y=19], time=Wed Jun 05 10:39:32 BST 2013, clock=0]
Position [agent=a3, id=null, cell=Cell [x=11, y=17], time=Wed Jun 05 10:39:32 BST 2013, clock=0]
Position [agent=a2, id=null, cell=Cell [x=3, y=11], time=Wed Jun 05 10:39:32 BST 2013, clock=0]
Position [agent=t1, id=null, cell=Cell [x=5, y=19], time=Wed Jun 05 10:39:33 BST 2013, clock=0]
Position [agent=a3, id=null, cell=Cell [x=11, y=18], time=Wed Jun 05 10:39:33 BST 2013, clock=0]
Position [agent=a2, id=null, cell=Cell [x=3, y=10], time=Wed Jun 05 10:39:33 BST 2013, clock=0]
Position [agent=a1, id=null, cell=Cell [x=3, y=9], time=Wed Jun 05 10:39:33 BST 2013, clock=0]
Position [agent=a1, id=null, cell=Cell [x=4, y=10], time=Wed Jun 05 10:39:34 BST 2013, clock=0]
Position [agent=a3, id=null, cell=Cell [x=11, y=19], time=Wed Jun 05 10:39:34 BST 2013, clock=0]
Position [agent=a2, id=null, cell=Cell [x=3, y=9], time=Wed Jun 05 10:39:34 BST 2013, clock=0]
Position [agent=a1, id=null, cell=Cell [x=4, y=10], time=Wed Jun 05 10:39:34 BST 2013, clock=0]
Position [agent=t1, id=null, cell=Cell [x=4, y=19], time=Wed Jun 05 10:39:35 BST 2013, clock=0]
Position [agent=a1, id=null, cell=Cell [x=4, y=10], time=Wed Jun 05 10:39:35 BST 2013, clock=0]
Position [agent=a2, id=null, cell=Cell [x=3, y=8], time=Wed Jun 05 10:39:35 BST 2013, clock=0]
Position [agent=a3, id=null, cell=Cell [x=12, y=19], time=Wed Jun 05 10:39:36 BST 2013, clock=0]
Position [agent=a1, id=null, cell=Cell [x=4, y=10], time=Wed Jun 05 10:39:36 BST 2013, clock=0]
Position [agent=a2, id=null, cell=Cell [x=3, y=7], time=Wed Jun 05 10:39:36 BST 2013, clock=0]
Position [agent=t1, id=null, cell=Cell [x=3, y=19], time=Wed Jun 05 10:39:36 BST 2013, clock=0]
Position [agent=a3, id=null, cell=Cell [x=13, y=19], time=Wed Jun 05 10:39:37 BST 2013, clock=0]
Position [agent=a2, id=null, cell=Cell [x=3, y=6], time=Wed Jun 05 10:39:37 BST 2013, clock=0]
Position [agent=t1, id=null, cell=Cell [x=2, y=19], time=Wed Jun 05 10:39:38 BST 2013, clock=0]
Position [agent=a3, id=null, cell=Cell [x=14, y=19], time=Wed Jun 05 10:39:39 BST 2013, clock=0]
Position [agent=a1, id=null, cell=Cell [x=3, y=10], time=Wed Jun 05 10:39:39 BST 2013, clock=0]
Position [agent=a1, id=null, cell=Cell [x=5, y=10], time=Wed Jun 05 10:39:40 BST 2013, clock=0]
Position [agent=a1, id=null, cell=Cell [x=5, y=10], time=Wed Jun 05 10:39:40 BST 2013, clock=0]
Position [agent=t1, id=null, cell=Cell [x=2, y=18], time=Wed Jun 05 10:39:40 BST 2013, clock=0]
Position [agent=a1, id=null, cell=Cell [x=5, y=10], time=Wed Jun 05 10:39:40 BST 2013, clock=0]
Position [agent=a3, id=null, cell=Cell [x=15, y=19], time=Wed Jun 05 10:39:41 BST 2013, clock=0]
Position [agent=a1, id=null, cell=Cell [x=5, y=10], time=Wed Jun 05 10:39:41 BST 2013, clock=0]
Position [agent=t1, id=null, cell=Cell [x=2, y=17], time=Wed Jun 05 10:39:41 BST 2013, clock=0]
Position [agent=a3, id=null, cell=Cell [x=16, y=19], time=Wed Jun 05 10:39:42 BST 2013, clock=0]
Position [agent=t1, id=null, cell=Cell [x=2, y=16], time=Wed Jun 05 10:39:42 BST 2013, clock=0]
Position [agent=a3, id=null, cell=Cell [x=17, y=19], time=Wed Jun 05 10:39:42 BST 2013, clock=0]
Position [agent=t1, id=null, cell=Cell [x=2, y=15], time=Wed Jun 05 10:39:43 BST 2013, clock=0]
Position [agent=a3, id=null, cell=Cell [x=18, y=19], time=Wed Jun 05 10:39:44 BST 2013, clock=0]
Position [agent=t1, id=null, cell=Cell [x=2, y=14], time=Wed Jun 05 10:39:44 BST 2013, clock=0]
Position [agent=a3, id=null, cell=Cell [x=19, y=19], time=Wed Jun 05 10:39:44 BST 2013, clock=0]
Position [agent=t1, id=null, cell=Cell [x=2, y=13], time=Wed Jun 05 10:39:45 BST 2013, clock=0]
Position [agent=a1, id=null, cell=Cell [x=4, y=10], time=Wed Jun 05 10:39:45 BST 2013, clock=0]
Position [agent=a1, id=null, cell=Cell [x=6, y=10], time=Wed Jun 05 10:39:46 BST 2013, clock=0]
Position [agent=t1, id=null, cell=Cell [x=2, y=12], time=Wed Jun 05 10:39:46 BST 2013, clock=0]
Position [agent=a1, id=null, cell=Cell [x=6, y=10], time=Wed Jun 05 10:39:46 BST 2013, clock=0]
Position [agent=a1, id=null, cell=Cell [x=5, y=9], time=Wed Jun 05 10:39:46 BST 2013, clock=0]
Position [agent=t1, id=null, cell=Cell [x=2, y=11], time=Wed Jun 05 10:39:46 BST 2013, clock=0]
Position [agent=a1, id=null, cell=Cell [x=6, y=10], time=Wed Jun 05 10:39:46 BST 2013, clock=0]
Position [agent=t1, id=null, cell=Cell [x=2, y=10], time=Wed Jun 05 10:39:47 BST 2013, clock=0]
Position [agent=t1, id=null, cell=Cell [x=2, y=9], time=Wed Jun 05 10:39:48 BST 2013, clock=0]
Position [agent=t1, id=null, cell=Cell [x=2, y=8], time=Wed Jun 05 10:39:49 BST 2013, clock=0]
Position [agent=a1, id=null, cell=Cell [x=5, y=10], time=Wed Jun 05 10:39:50 BST 2013, clock=0]
Position [agent=t1, id=null, cell=Cell [x=2, y=7], time=Wed Jun 05 10:39:50 BST 2013, clock=0]
Position [agent=a1, id=null, cell=Cell [x=7, y=10], time=Wed Jun 05 10:39:50 BST 2013, clock=0]
Position [agent=a1, id=null, cell=Cell [x=7, y=10], time=Wed Jun 05 10:39:50 BST 2013, clock=0]
Position [agent=a1, id=null, cell=Cell [x=5, y=10], time=Wed Jun 05 10:39:50 BST 2013, clock=0]
Position [agent=a1, id=null, cell=Cell [x=7, y=10], time=Wed Jun 05 10:39:51 BST 2013, clock=0]
Position [agent=t1, id=null, cell=Cell [x=2, y=6], time=Wed Jun 05 10:39:51 BST 2013, clock=0]
Position [agent=t1, id=null, cell=Cell [x=2, y=5], time=Wed Jun 05 10:39:52 BST 2013, clock=0]
Position [agent=t1, id=null, cell=Cell [x=2, y=4], time=Wed Jun 05 10:39:52 BST 2013, clock=0]
Position [agent=t1, id=null, cell=Cell [x=2, y=3], time=Wed Jun 05 10:39:53 BST 2013, clock=0]
Position [agent=t1, id=null, cell=Cell [x=2, y=2], time=Wed Jun 05 10:39:54 BST 2013, clock=0]
Position [agent=a1, id=null, cell=Cell [x=6, y=10], time=Wed Jun 05 10:39:54 BST 2013, clock=0]
Position [agent=a1, id=null, cell=Cell [x=8, y=10], time=Wed Jun 05 10:39:54 BST 2013, clock=0]
Position [agent=a1, id=null, cell=Cell [x=8, y=10], time=Wed Jun 05 10:39:54 BST 2013, clock=0]
Position [agent=a1, id=null, cell=Cell [x=6, y=10], time=Wed Jun 05 10:39:55 BST 2013, clock=0]
Position [agent=a1, id=null, cell=Cell [x=8, y=10], time=Wed Jun 05 10:39:55 BST 2013, clock=0]
Position [agent=a1, id=null, cell=Cell [x=7, y=10], time=Wed Jun 05 10:39:58 BST 2013, clock=0]
Position [agent=a1, id=null, cell=Cell [x=9, y=10], time=Wed Jun 05 10:39:58 BST 2013, clock=0]
Position [agent=a1, id=null, cell=Cell [x=8, y=9], time=Wed Jun 05 10:39:58 BST 2013, clock=0]
Position [agent=a1, id=null, cell=Cell [x=7, y=10], time=Wed Jun 05 10:39:58 BST 2013, clock=0]
Position [agent=a1, id=null, cell=Cell [x=9, y=10], time=Wed Jun 05 10:39:58 BST 2013, clock=0]
Position [agent=a1, id=null, cell=Cell [x=8, y=10], time=Wed Jun 05 10:40:01 BST 2013, clock=0]
Position [agent=a1, id=null, cell=Cell [x=10, y=10], time=Wed Jun 05 10:40:01 BST 2013, clock=0]
Position [agent=a1, id=null, cell=Cell [x=8, y=10], time=Wed Jun 05 10:40:02 BST 2013, clock=0]
Position [agent=a1, id=null, cell=Cell [x=8, y=10], time=Wed Jun 05 10:40:02 BST 2013, clock=0]
Position [agent=a1, id=null, cell=Cell [x=10, y=10], time=Wed Jun 05 10:40:02 BST 2013, clock=0]
Position [agent=a1, id=null, cell=Cell [x=9, y=10], time=Wed Jun 05 10:40:04 BST 2013, clock=0]
Position [agent=a1, id=null, cell=Cell [x=11, y=10], time=Wed Jun 05 10:40:04 BST 2013, clock=0]
Position [agent=a1, id=null, cell=Cell [x=9, y=10], time=Wed Jun 05 10:40:04 BST 2013, clock=0]
Position [agent=a1, id=null, cell=Cell [x=9, y=10], time=Wed Jun 05 10:40:05 BST 2013, clock=0]
Position [agent=a1, id=null, cell=Cell [x=10, y=10], time=Wed Jun 05 10:40:07 BST 2013, clock=0]
Position [agent=a1, id=null, cell=Cell [x=10, y=10], time=Wed Jun 05 10:40:07 BST 2013, clock=0]
Position [agent=a1, id=null, cell=Cell [x=8, y=10], time=Wed Jun 05 10:40:07 BST 2013, clock=0]
Position [agent=a1, id=null, cell=Cell [x=8, y=10], time=Wed Jun 05 10:40:08 BST 2013, clock=0]
Position [agent=a1, id=null, cell=Cell [x=9, y=10], time=Wed Jun 05 10:40:09 BST 2013, clock=0]
Position [agent=a1, id=null, cell=Cell [x=9, y=10], time=Wed Jun 05 10:40:10 BST 2013, clock=0]
Position [agent=a1, id=null, cell=Cell [x=8, y=9], time=Wed Jun 05 10:40:10 BST 2013, clock=0]
Position [agent=a1, id=null, cell=Cell [x=7, y=10], time=Wed Jun 05 10:40:10 BST 2013, clock=0]
Position [agent=a1, id=null, cell=Cell [x=8, y=10], time=Wed Jun 05 10:40:12 BST 2013, clock=0]
Position [agent=a1, id=null, cell=Cell [x=8, y=10], time=Wed Jun 05 10:40:12 BST 2013, clock=0]
Position [agent=a1, id=null, cell=Cell [x=8, y=10], time=Wed Jun 05 10:40:12 BST 2013, clock=0]
Position [agent=a1, id=null, cell=Cell [x=6, y=10], time=Wed Jun 05 10:40:13 BST 2013, clock=0]
Position [agent=a1, id=null, cell=Cell [x=7, y=10], time=Wed Jun 05 10:40:15 BST 2013, clock=0]
Position [agent=a1, id=null, cell=Cell [x=7, y=10], time=Wed Jun 05 10:40:15 BST 2013, clock=0]
Position [agent=a1, id=null, cell=Cell [x=7, y=10], time=Wed Jun 05 10:40:15 BST 2013, clock=0]
Position [agent=a1, id=null, cell=Cell [x=5, y=10], time=Wed Jun 05 10:40:15 BST 2013, clock=0]
Position [agent=a1, id=null, cell=Cell [x=6, y=10], time=Wed Jun 05 10:40:17 BST 2013, clock=0]
Position [agent=a1, id=null, cell=Cell [x=6, y=10], time=Wed Jun 05 10:40:17 BST 2013, clock=0]
Position [agent=a1, id=null, cell=Cell [x=6, y=10], time=Wed Jun 05 10:40:18 BST 2013, clock=0]
Position [agent=a1, id=null, cell=Cell [x=5, y=9], time=Wed Jun 05 10:40:18 BST 2013, clock=0]
Position [agent=a1, id=null, cell=Cell [x=5, y=10], time=Wed Jun 05 10:40:20 BST 2013, clock=0]
Position [agent=a1, id=null, cell=Cell [x=6, y=9], time=Wed Jun 05 10:40:20 BST 2013, clock=0]
Position [agent=a1, id=null, cell=Cell [x=6, y=9], time=Wed Jun 05 10:40:20 BST 2013, clock=0]
Position [agent=a1, id=null, cell=Cell [x=5, y=8], time=Wed Jun 05 10:40:21 BST 2013, clock=0]
Position [agent=a1, id=null, cell=Cell [x=5, y=9], time=Wed Jun 05 10:40:23 BST 2013, clock=0]
Position [agent=a1, id=null, cell=Cell [x=6, y=8], time=Wed Jun 05 10:40:23 BST 2013, clock=0]
Position [agent=a1, id=null, cell=Cell [x=6, y=8], time=Wed Jun 05 10:40:23 BST 2013, clock=0]
Position [agent=a1, id=null, cell=Cell [x=5, y=7], time=Wed Jun 05 10:40:23 BST 2013, clock=0]
Position [agent=a1, id=null, cell=Cell [x=6, y=9], time=Wed Jun 05 10:40:25 BST 2013, clock=0]
Position [agent=a1, id=null, cell=Cell [x=6, y=7], time=Wed Jun 05 10:40:26 BST 2013, clock=0]
Position [agent=a1, id=null, cell=Cell [x=6, y=7], time=Wed Jun 05 10:40:26 BST 2013, clock=0]
Position [agent=a1, id=null, cell=Cell [x=5, y=6], time=Wed Jun 05 10:40:26 BST 2013, clock=0]
Position [agent=a1, id=null, cell=Cell [x=6, y=8], time=Wed Jun 05 10:40:28 BST 2013, clock=0]
Position [agent=a1, id=null, cell=Cell [x=6, y=6], time=Wed Jun 05 10:40:28 BST 2013, clock=0]
Position [agent=a1, id=null, cell=Cell [x=6, y=6], time=Wed Jun 05 10:40:29 BST 2013, clock=0]
Position [agent=a1, id=null, cell=Cell [x=5, y=5], time=Wed Jun 05 10:40:29 BST 2013, clock=0]
Position [agent=a1, id=null, cell=Cell [x=6, y=7], time=Wed Jun 05 10:40:31 BST 2013, clock=0]
Position [agent=a1, id=null, cell=Cell [x=5, y=6], time=Wed Jun 05 10:40:31 BST 2013, clock=0]
Position [agent=a1, id=null, cell=Cell [x=5, y=6], time=Wed Jun 05 10:40:31 BST 2013, clock=0]
Position [agent=a1, id=null, cell=Cell [x=5, y=7], time=Wed Jun 05 10:40:33 BST 2013, clock=0]
Position [agent=a1, id=null, cell=Cell [x=6, y=6], time=Wed Jun 05 10:40:33 BST 2013, clock=0]
Position [agent=a1, id=null, cell=Cell [x=6, y=6], time=Wed Jun 05 10:40:33 BST 2013, clock=0]
Position [agent=a1, id=null, cell=Cell [x=6, y=7], time=Wed Jun 05 10:40:35 BST 2013, clock=0]
Position [agent=a1, id=null, cell=Cell [x=7, y=6], time=Wed Jun 05 10:40:35 BST 2013, clock=0]
Position [agent=a1, id=null, cell=Cell [x=7, y=6], time=Wed Jun 05 10:40:35 BST 2013, clock=0]
Position [agent=a1, id=null, cell=Cell [x=7, y=7], time=Wed Jun 05 10:40:36 BST 2013, clock=0]
Position [agent=a1, id=null, cell=Cell [x=8, y=6], time=Wed Jun 05 10:40:37 BST 2013, clock=0]
Position [agent=a1, id=null, cell=Cell [x=8, y=6], time=Wed Jun 05 10:40:37 BST 2013, clock=0]
Position [agent=a1, id=null, cell=Cell [x=8, y=7], time=Wed Jun 05 10:40:38 BST 2013, clock=0]
Position [agent=a1, id=null, cell=Cell [x=9, y=6], time=Wed Jun 05 10:40:38 BST 2013, clock=0]
Position [agent=a1, id=null, cell=Cell [x=9, y=7], time=Wed Jun 05 10:40:40 BST 2013, clock=0]
Position [agent=a1, id=null, cell=Cell [x=10, y=6], time=Wed Jun 05 10:40:40 BST 2013, clock=0]
Position [agent=a1, id=null, cell=Cell [x=10, y=7], time=Wed Jun 05 10:40:41 BST 2013, clock=0]
Position [agent=a1, id=null, cell=Cell [x=11, y=6], time=Wed Jun 05 10:40:41 BST 2013, clock=0]
Position [agent=a1, id=null, cell=Cell [x=11, y=7], time=Wed Jun 05 10:40:42 BST 2013, clock=0]
Position [agent=a1, id=null, cell=Cell [x=12, y=6], time=Wed Jun 05 10:40:42 BST 2013, clock=0]
Position [agent=a1, id=null, cell=Cell [x=12, y=7], time=Wed Jun 05 10:40:44 BST 2013, clock=0]
Position [agent=a1, id=null, cell=Cell [x=13, y=6], time=Wed Jun 05 10:40:44 BST 2013, clock=0]
Position [agent=a1, id=null, cell=Cell [x=13, y=7], time=Wed Jun 05 10:40:45 BST 2013, clock=0]
Position [agent=a1, id=null, cell=Cell [x=14, y=6], time=Wed Jun 05 10:40:45 BST 2013, clock=0]
Position [agent=a1, id=null, cell=Cell [x=14, y=7], time=Wed Jun 05 10:40:46 BST 2013, clock=0]
Position [agent=a1, id=null, cell=Cell [x=15, y=6], time=Wed Jun 05 10:40:46 BST 2013, clock=0]
Position [agent=a1, id=null, cell=Cell [x=15, y=7], time=Wed Jun 05 10:40:48 BST 2013, clock=0]
Position [agent=a1, id=null, cell=Cell [x=16, y=6], time=Wed Jun 05 10:40:48 BST 2013, clock=0]
Position [agent=a1, id=null, cell=Cell [x=16, y=7], time=Wed Jun 05 10:40:49 BST 2013, clock=0]
Position [agent=a1, id=null, cell=Cell [x=16, y=8], time=Wed Jun 05 10:40:50 BST 2013, clock=0]
Position [agent=a1, id=null, cell=Cell [x=16, y=9], time=Wed Jun 05 10:40:51 BST 2013, clock=0]
Position [agent=a1, id=null, cell=Cell [x=15, y=9], time=Wed Jun 05 10:40:52 BST 2013, clock=0]
Position [agent=a1, id=null, cell=Cell [x=14, y=9], time=Wed Jun 05 10:40:53 BST 2013, clock=0]
Position [agent=a1, id=null, cell=Cell [x=13, y=9], time=Wed Jun 05 10:40:53 BST 2013, clock=0]
Position [agent=a1, id=null, cell=Cell [x=12, y=9], time=Wed Jun 05 10:40:54 BST 2013, clock=0]
Position [agent=a1, id=null, cell=Cell [x=11, y=9], time=Wed Jun 05 10:40:54 BST 2013, clock=0]
Position [agent=a1, id=null, cell=Cell [x=10, y=9], time=Wed Jun 05 10:40:55 BST 2013, clock=0]
Position [agent=a1, id=null, cell=Cell [x=9, y=9], time=Wed Jun 05 10:40:56 BST 2013, clock=0]
Position [agent=a1, id=null, cell=Cell [x=8, y=9], time=Wed Jun 05 10:40:56 BST 2013, clock=0]
Position [agent=a1, id=null, cell=Cell [x=7, y=9], time=Wed Jun 05 10:40:58 BST 2013, clock=0]
Position [agent=a1, id=null, cell=Cell [x=6, y=9], time=Wed Jun 05 10:40:59 BST 2013, clock=0]
Position [agent=a1, id=null, cell=Cell [x=5, y=9], time=Wed Jun 05 10:41:00 BST 2013, clock=0]
Position [agent=a1, id=null, cell=Cell [x=4, y=9], time=Wed Jun 05 10:41:01 BST 2013, clock=0]
Position [agent=a1, id=null, cell=Cell [x=3, y=9], time=Wed Jun 05 10:41:02 BST 2013, clock=0]
Position [agent=a2, id=null, cell=Cell [x=3, y=7], time=Wed Jun 05 10:41:53 BST 2013, clock=0]
Position [agent=a3, id=null, cell=Cell [x=18, y=19], time=Wed Jun 05 10:41:53 BST 2013, clock=0]
Position [agent=a2, id=null, cell=Cell [x=4, y=6], time=Wed Jun 05 10:41:53 BST 2013, clock=0]
Position [agent=a2, id=null, cell=Cell [x=4, y=6], time=Wed Jun 05 10:41:53 BST 2013, clock=0]
Position [agent=a3, id=null, cell=Cell [x=18, y=19], time=Wed Jun 05 10:41:53 BST 2013, clock=0]
Position [agent=a3, id=null, cell=Cell [x=18, y=19], time=Wed Jun 05 10:41:54 BST 2013, clock=0]
Position [agent=a2, id=null, cell=Cell [x=4, y=7], time=Wed Jun 05 10:41:56 BST 2013, clock=0]
Position [agent=a3, id=null, cell=Cell [x=17, y=19], time=Wed Jun 05 10:41:56 BST 2013, clock=0]
Position [agent=a2, id=null, cell=Cell [x=5, y=6], time=Wed Jun 05 10:41:56 BST 2013, clock=0]
Position [agent=a3, id=null, cell=Cell [x=17, y=19], time=Wed Jun 05 10:41:56 BST 2013, clock=0]
Position [agent=a2, id=null, cell=Cell [x=5, y=6], time=Wed Jun 05 10:41:56 BST 2013, clock=0]
Position [agent=a3, id=null, cell=Cell [x=17, y=19], time=Wed Jun 05 10:41:56 BST 2013, clock=0]
Position [agent=a3, id=null, cell=Cell [x=16, y=19], time=Wed Jun 05 10:41:58 BST 2013, clock=0]
Position [agent=a2, id=null, cell=Cell [x=5, y=7], time=Wed Jun 05 10:41:58 BST 2013, clock=0]
Position [agent=a3, id=null, cell=Cell [x=16, y=19], time=Wed Jun 05 10:41:58 BST 2013, clock=0]
Position [agent=a2, id=null, cell=Cell [x=6, y=6], time=Wed Jun 05 10:41:58 BST 2013, clock=0]
Position [agent=a3, id=null, cell=Cell [x=16, y=19], time=Wed Jun 05 10:41:58 BST 2013, clock=0]
Position [agent=a2, id=null, cell=Cell [x=6, y=6], time=Wed Jun 05 10:41:59 BST 2013, clock=0]
Position [agent=a2, id=null, cell=Cell [x=6, y=7], time=Wed Jun 05 10:42:00 BST 2013, clock=0]
Position [agent=a3, id=null, cell=Cell [x=15, y=19], time=Wed Jun 05 10:42:00 BST 2013, clock=0]
Position [agent=a2, id=null, cell=Cell [x=7, y=6], time=Wed Jun 05 10:42:00 BST 2013, clock=0]
Position [agent=a3, id=null, cell=Cell [x=16, y=18], time=Wed Jun 05 10:42:01 BST 2013, clock=0]
Position [agent=a2, id=null, cell=Cell [x=7, y=6], time=Wed Jun 05 10:42:01 BST 2013, clock=0]
Position [agent=a3, id=null, cell=Cell [x=15, y=19], time=Wed Jun 05 10:42:01 BST 2013, clock=0]
Position [agent=a3, id=null, cell=Cell [x=15, y=18], time=Wed Jun 05 10:42:02 BST 2013, clock=0]
Position [agent=a2, id=null, cell=Cell [x=7, y=7], time=Wed Jun 05 10:42:03 BST 2013, clock=0]
Position [agent=a3, id=null, cell=Cell [x=16, y=19], time=Wed Jun 05 10:42:03 BST 2013, clock=0]
Position [agent=a2, id=null, cell=Cell [x=8, y=6], time=Wed Jun 05 10:42:03 BST 2013, clock=0]
Position [agent=a3, id=null, cell=Cell [x=14, y=19], time=Wed Jun 05 10:42:03 BST 2013, clock=0]
Position [agent=a2, id=null, cell=Cell [x=8, y=6], time=Wed Jun 05 10:42:03 BST 2013, clock=0]
Position [agent=a2, id=null, cell=Cell [x=8, y=7], time=Wed Jun 05 10:42:04 BST 2013, clock=0]
Position [agent=a2, id=null, cell=Cell [x=9, y=6], time=Wed Jun 05 10:42:05 BST 2013, clock=0]
Position [agent=a3, id=null, cell=Cell [x=15, y=19], time=Wed Jun 05 10:42:05 BST 2013, clock=0]
Position [agent=a3, id=null, cell=Cell [x=15, y=19], time=Wed Jun 05 10:42:05 BST 2013, clock=0]
Position [agent=a3, id=null, cell=Cell [x=13, y=19], time=Wed Jun 05 10:42:05 BST 2013, clock=0]
Position [agent=a2, id=null, cell=Cell [x=9, y=7], time=Wed Jun 05 10:42:06 BST 2013, clock=0]
Position [agent=a2, id=null, cell=Cell [x=10, y=6], time=Wed Jun 05 10:42:06 BST 2013, clock=0]
Position [agent=a2, id=null, cell=Cell [x=10, y=7], time=Wed Jun 05 10:42:07 BST 2013, clock=0]
Position [agent=a2, id=null, cell=Cell [x=11, y=6], time=Wed Jun 05 10:42:07 BST 2013, clock=0]
Position [agent=a3, id=null, cell=Cell [x=14, y=19], time=Wed Jun 05 10:42:08 BST 2013, clock=0]
Position [agent=a3, id=null, cell=Cell [x=14, y=19], time=Wed Jun 05 10:42:08 BST 2013, clock=0]
Position [agent=a3, id=null, cell=Cell [x=12, y=19], time=Wed Jun 05 10:42:08 BST 2013, clock=0]
Position [agent=a2, id=null, cell=Cell [x=11, y=7], time=Wed Jun 05 10:42:08 BST 2013, clock=0]
Position [agent=a2, id=null, cell=Cell [x=12, y=6], time=Wed Jun 05 10:42:09 BST 2013, clock=0]
Position [agent=a2, id=null, cell=Cell [x=12, y=7], time=Wed Jun 05 10:42:10 BST 2013, clock=0]
Position [agent=a2, id=null, cell=Cell [x=13, y=6], time=Wed Jun 05 10:42:10 BST 2013, clock=0]
Position [agent=a3, id=null, cell=Cell [x=13, y=19], time=Wed Jun 05 10:42:10 BST 2013, clock=0]
Position [agent=a3, id=null, cell=Cell [x=13, y=19], time=Wed Jun 05 10:42:11 BST 2013, clock=0]
Position [agent=a3, id=null, cell=Cell [x=11, y=19], time=Wed Jun 05 10:42:11 BST 2013, clock=0]
Position [agent=a2, id=null, cell=Cell [x=13, y=7], time=Wed Jun 05 10:42:11 BST 2013, clock=0]
Position [agent=a2, id=null, cell=Cell [x=14, y=6], time=Wed Jun 05 10:42:11 BST 2013, clock=0]
Position [agent=a2, id=null, cell=Cell [x=14, y=7], time=Wed Jun 05 10:42:12 BST 2013, clock=0]
Position [agent=a2, id=null, cell=Cell [x=15, y=6], time=Wed Jun 05 10:42:13 BST 2013, clock=0]
Position [agent=a3, id=null, cell=Cell [x=12, y=19], time=Wed Jun 05 10:42:13 BST 2013, clock=0]
Position [agent=a3, id=null, cell=Cell [x=12, y=19], time=Wed Jun 05 10:42:13 BST 2013, clock=0]
Position [agent=a3, id=null, cell=Cell [x=10, y=19], time=Wed Jun 05 10:42:14 BST 2013, clock=0]
Position [agent=a2, id=null, cell=Cell [x=15, y=7], time=Wed Jun 05 10:42:14 BST 2013, clock=0]
Position [agent=a2, id=null, cell=Cell [x=16, y=6], time=Wed Jun 05 10:42:14 BST 2013, clock=0]
Position [agent=a2, id=null, cell=Cell [x=16, y=7], time=Wed Jun 05 10:42:15 BST 2013, clock=0]
Position [agent=a2, id=null, cell=Cell [x=16, y=8], time=Wed Jun 05 10:42:15 BST 2013, clock=0]
Position [agent=a3, id=null, cell=Cell [x=11, y=19], time=Wed Jun 05 10:42:16 BST 2013, clock=0]
Position [agent=a2, id=null, cell=Cell [x=16, y=9], time=Wed Jun 05 10:42:16 BST 2013, clock=0]
Position [agent=a3, id=null, cell=Cell [x=11, y=19], time=Wed Jun 05 10:42:16 BST 2013, clock=0]
Position [agent=a3, id=null, cell=Cell [x=9, y=19], time=Wed Jun 05 10:42:16 BST 2013, clock=0]
Position [agent=a2, id=null, cell=Cell [x=15, y=9], time=Wed Jun 05 10:42:17 BST 2013, clock=0]
Position [agent=a2, id=null, cell=Cell [x=14, y=9], time=Wed Jun 05 10:42:17 BST 2013, clock=0]
Position [agent=a2, id=null, cell=Cell [x=13, y=9], time=Wed Jun 05 10:42:18 BST 2013, clock=0]
Position [agent=a2, id=null, cell=Cell [x=12, y=9], time=Wed Jun 05 10:42:18 BST 2013, clock=0]
Position [agent=a3, id=null, cell=Cell [x=10, y=19], time=Wed Jun 05 10:42:18 BST 2013, clock=0]
Position [agent=a3, id=null, cell=Cell [x=10, y=19], time=Wed Jun 05 10:42:19 BST 2013, clock=0]
Position [agent=a2, id=null, cell=Cell [x=11, y=9], time=Wed Jun 05 10:42:19 BST 2013, clock=0]
Position [agent=a3, id=null, cell=Cell [x=8, y=19], time=Wed Jun 05 10:42:19 BST 2013, clock=0]
Position [agent=a2, id=null, cell=Cell [x=10, y=9], time=Wed Jun 05 10:42:20 BST 2013, clock=0]
Position [agent=a2, id=null, cell=Cell [x=9, y=9], time=Wed Jun 05 10:42:20 BST 2013, clock=0]
Position [agent=a2, id=null, cell=Cell [x=8, y=9], time=Wed Jun 05 10:42:21 BST 2013, clock=0]
Position [agent=a3, id=null, cell=Cell [x=9, y=19], time=Wed Jun 05 10:42:21 BST 2013, clock=0]
Position [agent=a2, id=null, cell=Cell [x=7, y=9], time=Wed Jun 05 10:42:22 BST 2013, clock=0]
Position [agent=a3, id=null, cell=Cell [x=9, y=19], time=Wed Jun 05 10:42:22 BST 2013, clock=0]
Position [agent=a3, id=null, cell=Cell [x=8, y=18], time=Wed Jun 05 10:42:22 BST 2013, clock=0]
Position [agent=a2, id=null, cell=Cell [x=6, y=9], time=Wed Jun 05 10:42:22 BST 2013, clock=0]
Position [agent=a2, id=null, cell=Cell [x=5, y=9], time=Wed Jun 05 10:42:23 BST 2013, clock=0]
Position [agent=a2, id=null, cell=Cell [x=4, y=9], time=Wed Jun 05 10:42:24 BST 2013, clock=0]
Position [agent=a2, id=null, cell=Cell [x=3, y=9], time=Wed Jun 05 10:42:24 BST 2013, clock=0]
Position [agent=a3, id=null, cell=Cell [x=8, y=19], time=Wed Jun 05 10:42:24 BST 2013, clock=0]
Position [agent=a3, id=null, cell=Cell [x=9, y=18], time=Wed Jun 05 10:42:25 BST 2013, clock=0]
Position [agent=a3, id=null, cell=Cell [x=8, y=17], time=Wed Jun 05 10:42:25 BST 2013, clock=0]
Position [agent=a3, id=null, cell=Cell [x=8, y=18], time=Wed Jun 05 10:42:27 BST 2013, clock=0]
Position [agent=a3, id=null, cell=Cell [x=9, y=17], time=Wed Jun 05 10:42:27 BST 2013, clock=0]
Position [agent=a3, id=null, cell=Cell [x=8, y=16], time=Wed Jun 05 10:42:27 BST 2013, clock=0]
Position [agent=a3, id=null, cell=Cell [x=8, y=17], time=Wed Jun 05 10:42:28 BST 2013, clock=0]
Position [agent=a3, id=null, cell=Cell [x=9, y=16], time=Wed Jun 05 10:42:29 BST 2013, clock=0]
Position [agent=a3, id=null, cell=Cell [x=8, y=15], time=Wed Jun 05 10:42:29 BST 2013, clock=0]
Position [agent=a3, id=null, cell=Cell [x=8, y=16], time=Wed Jun 05 10:42:30 BST 2013, clock=0]
Position [agent=a3, id=null, cell=Cell [x=9, y=15], time=Wed Jun 05 10:42:31 BST 2013, clock=0]
Position [agent=a3, id=null, cell=Cell [x=8, y=14], time=Wed Jun 05 10:42:31 BST 2013, clock=0]
Position [agent=a3, id=null, cell=Cell [x=8, y=15], time=Wed Jun 05 10:42:32 BST 2013, clock=0]
Position [agent=a3, id=null, cell=Cell [x=9, y=14], time=Wed Jun 05 10:42:32 BST 2013, clock=0]
Position [agent=a3, id=null, cell=Cell [x=8, y=13], time=Wed Jun 05 10:42:33 BST 2013, clock=0]
Position [agent=a3, id=null, cell=Cell [x=8, y=14], time=Wed Jun 05 10:42:34 BST 2013, clock=0]
Position [agent=a3, id=null, cell=Cell [x=9, y=13], time=Wed Jun 05 10:42:34 BST 2013, clock=0]
Position [agent=a3, id=null, cell=Cell [x=8, y=12], time=Wed Jun 05 10:42:35 BST 2013, clock=0]
Position [agent=a3, id=null, cell=Cell [x=8, y=13], time=Wed Jun 05 10:42:36 BST 2013, clock=0]
Position [agent=a3, id=null, cell=Cell [x=9, y=12], time=Wed Jun 05 10:42:36 BST 2013, clock=0]
Position [agent=a3, id=null, cell=Cell [x=8, y=11], time=Wed Jun 05 10:42:37 BST 2013, clock=0]
Position [agent=a3, id=null, cell=Cell [x=8, y=12], time=Wed Jun 05 10:42:38 BST 2013, clock=0]
Position [agent=a3, id=null, cell=Cell [x=9, y=11], time=Wed Jun 05 10:42:39 BST 2013, clock=0]
Position [agent=a3, id=null, cell=Cell [x=8, y=10], time=Wed Jun 05 10:42:39 BST 2013, clock=0]
Position [agent=a3, id=null, cell=Cell [x=8, y=11], time=Wed Jun 05 10:42:40 BST 2013, clock=0]
Position [agent=a3, id=null, cell=Cell [x=9, y=10], time=Wed Jun 05 10:42:41 BST 2013, clock=0]
Position [agent=a3, id=null, cell=Cell [x=8, y=9], time=Wed Jun 05 10:42:41 BST 2013, clock=0]
Position [agent=a3, id=null, cell=Cell [x=8, y=10], time=Wed Jun 05 10:42:43 BST 2013, clock=0]
Position [agent=a3, id=null, cell=Cell [x=9, y=9], time=Wed Jun 05 10:42:43 BST 2013, clock=0]
Position [agent=a3, id=null, cell=Cell [x=8, y=8], time=Wed Jun 05 10:42:43 BST 2013, clock=0]
Position [agent=a3, id=null, cell=Cell [x=8, y=9], time=Wed Jun 05 10:42:44 BST 2013, clock=0]
Position [agent=a3, id=null, cell=Cell [x=9, y=8], time=Wed Jun 05 10:42:45 BST 2013, clock=0]
Position [agent=a3, id=null, cell=Cell [x=8, y=7], time=Wed Jun 05 10:42:45 BST 2013, clock=0]
Position [agent=a3, id=null, cell=Cell [x=9, y=9], time=Wed Jun 05 10:42:46 BST 2013, clock=0]
Position [agent=a3, id=null, cell=Cell [x=9, y=7], time=Wed Jun 05 10:42:47 BST 2013, clock=0]
Position [agent=a3, id=null, cell=Cell [x=8, y=6], time=Wed Jun 05 10:42:47 BST 2013, clock=0]
Position [agent=a3, id=null, cell=Cell [x=9, y=8], time=Wed Jun 05 10:42:48 BST 2013, clock=0]
Position [agent=a3, id=null, cell=Cell [x=9, y=6], time=Wed Jun 05 10:42:48 BST 2013, clock=0]
Position [agent=a3, id=null, cell=Cell [x=9, y=7], time=Wed Jun 05 10:42:50 BST 2013, clock=0]
Position [agent=a3, id=null, cell=Cell [x=10, y=6], time=Wed Jun 05 10:42:50 BST 2013, clock=0]
Position [agent=a3, id=null, cell=Cell [x=10, y=7], time=Wed Jun 05 10:42:51 BST 2013, clock=0]
Position [agent=a3, id=null, cell=Cell [x=11, y=6], time=Wed Jun 05 10:42:51 BST 2013, clock=0]
Position [agent=a3, id=null, cell=Cell [x=11, y=7], time=Wed Jun 05 10:42:52 BST 2013, clock=0]
Position [agent=a3, id=null, cell=Cell [x=12, y=6], time=Wed Jun 05 10:42:52 BST 2013, clock=0]
Position [agent=a3, id=null, cell=Cell [x=12, y=7], time=Wed Jun 05 10:42:53 BST 2013, clock=0]
Position [agent=a3, id=null, cell=Cell [x=13, y=6], time=Wed Jun 05 10:42:54 BST 2013, clock=0]
Position [agent=a3, id=null, cell=Cell [x=13, y=7], time=Wed Jun 05 10:42:55 BST 2013, clock=0]
Position [agent=a3, id=null, cell=Cell [x=14, y=6], time=Wed Jun 05 10:42:55 BST 2013, clock=0]
Position [agent=a3, id=null, cell=Cell [x=14, y=7], time=Wed Jun 05 10:42:56 BST 2013, clock=0]
Position [agent=a3, id=null, cell=Cell [x=15, y=6], time=Wed Jun 05 10:42:56 BST 2013, clock=0]
Position [agent=a3, id=null, cell=Cell [x=15, y=7], time=Wed Jun 05 10:42:57 BST 2013, clock=0]
Position [agent=a3, id=null, cell=Cell [x=16, y=6], time=Wed Jun 05 10:42:57 BST 2013, clock=0]
Position [agent=a3, id=null, cell=Cell [x=16, y=7], time=Wed Jun 05 10:42:58 BST 2013, clock=0]
Position [agent=a3, id=null, cell=Cell [x=16, y=8], time=Wed Jun 05 10:42:59 BST 2013, clock=0]
Position [agent=a3, id=null, cell=Cell [x=16, y=9], time=Wed Jun 05 10:42:59 BST 2013, clock=0]
Position [agent=a3, id=null, cell=Cell [x=15, y=9], time=Wed Jun 05 10:43:00 BST 2013, clock=0]
Position [agent=a3, id=null, cell=Cell [x=14, y=9], time=Wed Jun 05 10:43:01 BST 2013, clock=0]
Position [agent=a3, id=null, cell=Cell [x=13, y=9], time=Wed Jun 05 10:43:02 BST 2013, clock=0]
Position [agent=a3, id=null, cell=Cell [x=12, y=9], time=Wed Jun 05 10:43:02 BST 2013, clock=0]
Position [agent=a3, id=null, cell=Cell [x=11, y=9], time=Wed Jun 05 10:43:03 BST 2013, clock=0]
Position [agent=a3, id=null, cell=Cell [x=10, y=9], time=Wed Jun 05 10:43:04 BST 2013, clock=0]
Position [agent=a3, id=null, cell=Cell [x=9, y=9], time=Wed Jun 05 10:43:05 BST 2013, clock=0]
Position [agent=a3, id=null, cell=Cell [x=8, y=9], time=Wed Jun 05 10:43:05 BST 2013, clock=0]
Position [agent=a3, id=null, cell=Cell [x=7, y=9], time=Wed Jun 05 10:43:06 BST 2013, clock=0]
Position [agent=a3, id=null, cell=Cell [x=6, y=9], time=Wed Jun 05 10:43:06 BST 2013, clock=0]
Position [agent=a3, id=null, cell=Cell [x=5, y=9], time=Wed Jun 05 10:43:07 BST 2013, clock=0]
Position [agent=a3, id=null, cell=Cell [x=4, y=9], time=Wed Jun 05 10:43:08 BST 2013, clock=0]
Position [agent=a3, id=null, cell=Cell [x=3, y=9], time=Wed Jun 05 10:43:08 BST 2013, clock=0]
-------------------------last log tuples end----------------------------------
register a1
register a2
register a3
register c1
register t1
org cargo notification
Organization notifies agent (write): Obligation [agent=a1, obligation=[makeReading(8, 6)], sanction=[reduce_400(a1)], deadline=50, time=Wed Jun 05 10:50:58 BST 2013, clock=0]
Organization notifies agent (write): Obligation [agent=a1, obligation=[makeReading(16, 6)], sanction=[reduce_400(a1)], deadline=50, time=Wed Jun 05 10:51:00 BST 2013, clock=0]
Organization notifies agent (write): Obligation [agent=a1, obligation=[makeReading(3, 9)], sanction=[reduce_400(a1)], deadline=50, time=Wed Jun 05 10:51:00 BST 2013, clock=0]
Organization notifies agent (write): Obligation [agent=a2, obligation=[makeReading(8, 6)], sanction=[reduce_400(a2)], deadline=50, time=Wed Jun 05 10:51:01 BST 2013, clock=0]
Organization notifies agent (write): Obligation [agent=a2, obligation=[makeReading(16, 6)], sanction=[reduce_400(a2)], deadline=50, time=Wed Jun 05 10:51:02 BST 2013, clock=0]
Organization notifies agent (write): Obligation [agent=a2, obligation=[makeReading(3, 9)], sanction=[reduce_400(a2)], deadline=50, time=Wed Jun 05 10:51:02 BST 2013, clock=0]
Organization notifies agent (write): Obligation [agent=a3, obligation=[makeReading(8, 6)], sanction=[reduce_400(a3)], deadline=50, time=Wed Jun 05 10:51:02 BST 2013, clock=0]
agent obligation notification a1 number 3
Organization notifies agent (write): Obligation [agent=a3, obligation=[makeReading(16, 6)], sanction=[reduce_400(a3)], deadline=50, time=Wed Jun 05 10:51:04 BST 2013, clock=0]
Event sent to agent      a1 obligation(makeReading(8, 6), 50, reduce_400(a1))
Event sent to agent      a1 obligation(makeReading(16, 6), 50, reduce_400(a1))
Event sent to agent      a1 obligation(makeReading(3, 9), 50, reduce_400(a1))
Event processed adoptObligation(makeReading(8, 6), 50, reduce_400(a1))
Event processed adoptObligation(makeReading(16, 6), 50, reduce_400(a1))
Event processed adoptObligation(makeReading(3, 9), 50, reduce_400(a1))
Organization notifies agent (write): Obligation [agent=a3, obligation=[makeReading(3, 9)], sanction=[reduce_400(a3)], deadline=50, time=Wed Jun 05 10:51:04 BST 2013, clock=0]
Organization notifies agent (write): Prohibition [agent=t1, prohibition=[at(5, 5, t1)], sanction=[reduce_300(t1)], clock=0, time=Wed Jun 05 10:51:04 BST 2013]
Organization notifies agent (write): Prohibition [agent=t1, prohibition=[at(5, 6, t1)], sanction=[reduce_300(t1)], clock=0, time=Wed Jun 05 10:51:04 BST 2013]
Organization notifies agent (write): Prohibition [agent=t1, prohibition=[at(6, 5, t1)], sanction=[reduce_300(t1)], clock=0, time=Wed Jun 05 10:51:04 BST 2013]
Organization notifies agent (write): Prohibition [agent=t1, prohibition=[at(6, 6, t1)], sanction=[reduce_300(t1)], clock=0, time=Wed Jun 05 10:51:04 BST 2013]
Organization notifies agent (write): Prohibition [agent=c1, prohibition=[coin(5, 5, a1)], sanction=[reduce_300(c1)], clock=0, time=Wed Jun 05 10:51:04 BST 2013]
Organization notifies agent (write): Prohibition [agent=c1, prohibition=[coin(5, 6, a1)], sanction=[reduce_300(c1)], clock=0, time=Wed Jun 05 10:51:04 BST 2013]
Organization notifies agent (write): Prohibition [agent=c1, prohibition=[coin(6, 5, a1)], sanction=[reduce_300(c1)], clock=0, time=Wed Jun 05 10:51:04 BST 2013]
Organization notifies agent (write): Prohibition [agent=c1, prohibition=[coin(6, 6, a1)], sanction=[reduce_300(c1)], clock=0, time=Wed Jun 05 10:51:04 BST 2013]
Organization notifies agent (write): Prohibition [agent=c1, prohibition=[coin(5, 5, a2)], sanction=[reduce_300(c1)], clock=0, time=Wed Jun 05 10:51:04 BST 2013]
Organization notifies agent (write): Prohibition [agent=c1, prohibition=[coin(5, 6, a2)], sanction=[reduce_300(c1)], clock=0, time=Wed Jun 05 10:51:04 BST 2013]
Organization notifies agent (write): Prohibition [agent=c1, prohibition=[coin(6, 5, a2)], sanction=[reduce_300(c1)], clock=0, time=Wed Jun 05 10:51:04 BST 2013]
Organization notifies agent (write): Prohibition [agent=c1, prohibition=[coin(6, 6, a2)], sanction=[reduce_300(c1)], clock=0, time=Wed Jun 05 10:51:04 BST 2013]
Organization notifies agent (write): Prohibition [agent=c1, prohibition=[coin(5, 5, a3)], sanction=[reduce_300(c1)], clock=0, time=Wed Jun 05 10:51:04 BST 2013]
Organization notifies agent (write): Prohibition [agent=c1, prohibition=[coin(5, 6, a3)], sanction=[reduce_300(c1)], clock=0, time=Wed Jun 05 10:51:04 BST 2013]
Organization notifies agent (write): Prohibition [agent=c1, prohibition=[coin(6, 5, a3)], sanction=[reduce_300(c1)], clock=0, time=Wed Jun 05 10:51:04 BST 2013]
Organization notifies agent (write): Prohibition [agent=c1, prohibition=[coin(6, 6, a3)], sanction=[reduce_300(c1)], clock=0, time=Wed Jun 05 10:51:04 BST 2013]
Organization notifies agent (write): Prohibition [agent=a1, prohibition=[at(5, 5, a1)], sanction=[reduce_300(a1)], clock=0, time=Wed Jun 05 10:51:06 BST 2013]
Organization notifies agent (write): Prohibition [agent=a1, prohibition=[at(5, 6, a1)], sanction=[reduce_300(a1)], clock=0, time=Wed Jun 05 10:51:06 BST 2013]
Organization notifies agent (write): Prohibition [agent=a1, prohibition=[at(6, 5, a1)], sanction=[reduce_300(a1)], clock=0, time=Wed Jun 05 10:51:06 BST 2013]
Organization notifies agent (write): Prohibition [agent=a1, prohibition=[at(6, 6, a1)], sanction=[reduce_300(a1)], clock=0, time=Wed Jun 05 10:51:06 BST 2013]
Organization notifies agent (write): Prohibition [agent=a2, prohibition=[at(5, 5, a2)], sanction=[reduce_300(a2)], clock=0, time=Wed Jun 05 10:51:06 BST 2013]
Organization notifies agent (write): Prohibition [agent=a2, prohibition=[at(5, 6, a2)], sanction=[reduce_300(a2)], clock=0, time=Wed Jun 05 10:51:06 BST 2013]
agent obligation notification a2 number 3
Event sent to agent      a2 obligation(makeReading(8, 6), 50, reduce_400(a2))
Event sent to agent      a2 obligation(makeReading(16, 6), 50, reduce_400(a2))
Event sent to agent      a2 obligation(makeReading(3, 9), 50, reduce_400(a2))
agent obligation notification a3 number 3
Event processed adoptObligation(makeReading(8, 6), 50, reduce_400(a2))
Event processed adoptObligation(makeReading(16, 6), 50, reduce_400(a2))
Event processed adoptObligation(makeReading(3, 9), 50, reduce_400(a2))
Organization notifies agent (write): Prohibition [agent=a2, prohibition=[at(6, 5, a2)], sanction=[reduce_300(a2)], clock=0, time=Wed Jun 05 10:51:07 BST 2013]
Event sent to agent      a3 obligation(makeReading(8, 6), 50, reduce_400(a3))
Event sent to agent      a3 obligation(makeReading(16, 6), 50, reduce_400(a3))
Event sent to agent      a3 obligation(makeReading(3, 9), 50, reduce_400(a3))
agent prohibition notification t1 number 4
Event processed adoptObligation(makeReading(8, 6), 50, reduce_400(a3))
Event processed adoptObligation(makeReading(16, 6), 50, reduce_400(a3))
Event processed adoptObligation(makeReading(3, 9), 50, reduce_400(a3))
Organization notifies agent (write): Prohibition [agent=a2, prohibition=[at(6, 6, a2)], sanction=[reduce_300(a2)], clock=0, time=Wed Jun 05 10:51:08 BST 2013]
Event sent to agent      t1 prohibition(at(5, 5, t1), reduce_300(t1))
Event sent to agent      t1 prohibition(at(5, 6, t1), reduce_300(t1))
Event sent to agent      t1 prohibition(at(6, 5, t1), reduce_300(t1))
Event sent to agent      t1 prohibition(at(6, 6, t1), reduce_300(t1))
agent prohibition notification c1 number 12
Event processed aprohibition(at(5, 5, t1), reduce_300(t1))
Event processed aprohibition(at(5, 6, t1), reduce_300(t1))
Event processed aprohibition(at(6, 5, t1), reduce_300(t1))
Event processed aprohibition(at(6, 6, t1), reduce_300(t1))
Organization notifies agent (write): Prohibition [agent=a3, prohibition=[at(5, 5, a3)], sanction=[reduce_300(a3)], clock=0, time=Wed Jun 05 10:51:09 BST 2013]
Event sent to agent      c1 prohibition(coin(5, 5, a1), reduce_300(c1))
Event sent to agent      c1 prohibition(coin(5, 6, a1), reduce_300(c1))
Event sent to agent      c1 prohibition(coin(6, 5, a1), reduce_300(c1))
Event sent to agent      c1 prohibition(coin(6, 6, a1), reduce_300(c1))
Event sent to agent      c1 prohibition(coin(5, 5, a2), reduce_300(c1))
Event sent to agent      c1 prohibition(coin(5, 6, a2), reduce_300(c1))
Event sent to agent      c1 prohibition(coin(6, 5, a2), reduce_300(c1))
Event sent to agent      c1 prohibition(coin(6, 6, a2), reduce_300(c1))
Event sent to agent      c1 prohibition(coin(5, 5, a3), reduce_300(c1))
Event sent to agent      c1 prohibition(coin(5, 6, a3), reduce_300(c1))
Event sent to agent      c1 prohibition(coin(6, 5, a3), reduce_300(c1))
Event sent to agent      c1 prohibition(coin(6, 6, a3), reduce_300(c1))
agent prohibition notification a1 number 4
Event processed aprohibition(coin(5, 5, a1), reduce_300(c1))
Event processed aprohibition(coin(5, 6, a1), reduce_300(c1))
Event processed aprohibition(coin(6, 5, a1), reduce_300(c1))
Event processed aprohibition(coin(6, 6, a1), reduce_300(c1))
Event processed aprohibition(coin(5, 5, a2), reduce_300(c1))
Event processed aprohibition(coin(5, 6, a2), reduce_300(c1))
Event processed aprohibition(coin(6, 5, a2), reduce_300(c1))
Event processed aprohibition(coin(6, 6, a2), reduce_300(c1))
Event processed aprohibition(coin(5, 5, a3), reduce_300(c1))
Event processed aprohibition(coin(5, 6, a3), reduce_300(c1))
Event processed aprohibition(coin(6, 5, a3), reduce_300(c1))
Event processed aprohibition(coin(6, 6, a3), reduce_300(c1))
Organization notifies agent (write): Prohibition [agent=a3, prohibition=[at(5, 6, a3)], sanction=[reduce_300(a3)], clock=0, time=Wed Jun 05 10:51:10 BST 2013]
Event sent to agent      a1 prohibition(at(5, 5, a1), reduce_300(a1))
Event sent to agent      a1 prohibition(at(5, 6, a1), reduce_300(a1))
Event sent to agent      a1 prohibition(at(6, 5, a1), reduce_300(a1))
Event sent to agent      a1 prohibition(at(6, 6, a1), reduce_300(a1))
Organization notifies agent (write): Prohibition [agent=a3, prohibition=[at(6, 5, a3)], sanction=[reduce_300(a3)], clock=0, time=Wed Jun 05 10:51:10 BST 2013]
agent prohibition notification a2 number 4
Event processed aprohibition(at(5, 5, a1), reduce_300(a1))
Event processed aprohibition(at(5, 6, a1), reduce_300(a1))
Event processed aprohibition(at(6, 5, a1), reduce_300(a1))
Event processed aprohibition(at(6, 6, a1), reduce_300(a1))
Event sent to agent      a2 prohibition(at(5, 5, a2), reduce_300(a2))
Event sent to agent      a2 prohibition(at(5, 6, a2), reduce_300(a2))
Event sent to agent      a2 prohibition(at(6, 5, a2), reduce_300(a2))
Event sent to agent      a2 prohibition(at(6, 6, a2), reduce_300(a2))
Organization notifies agent (write): Prohibition [agent=a3, prohibition=[at(6, 6, a3)], sanction=[reduce_300(a3)], clock=0, time=Wed Jun 05 10:51:11 BST 2013]
agent prohibition notification a3 number 4
Event processed aprohibition(at(5, 5, a2), reduce_300(a2))
Event processed aprohibition(at(5, 6, a2), reduce_300(a2))
Event processed aprohibition(at(6, 5, a2), reduce_300(a2))
Event processed aprohibition(at(6, 6, a2), reduce_300(a2))
Event sent to agent      a3 prohibition(at(5, 5, a3), reduce_300(a3))
Event sent to agent      a3 prohibition(at(5, 6, a3), reduce_300(a3))
Event sent to agent      a3 prohibition(at(6, 5, a3), reduce_300(a3))
Event sent to agent      a3 prohibition(at(6, 6, a3), reduce_300(a3))
Event processed aprohibition(at(5, 5, a3), reduce_300(a3))
Event processed aprohibition(at(5, 6, a3), reduce_300(a3))
Event processed aprohibition(at(6, 5, a3), reduce_300(a3))
Event processed aprohibition(at(6, 6, a3), reduce_300(a3))
org coin notification
org coin notification
Organization notifies agent (write): Prohibition [agent=a2, prohibition=[at(6, 6, a2)], sanction=[reduce_300(a2)], clock=0, time=Wed Jun 05 10:53:11 BST 2013]
agent prohibition notification a2 number 5
Event sent to agent      a2 prohibition(at(5, 5, a2), reduce_300(a2))
Event sent to agent      a2 prohibition(at(5, 6, a2), reduce_300(a2))
Event sent to agent      a2 prohibition(at(6, 5, a2), reduce_300(a2))
Event sent to agent      a2 prohibition(at(6, 6, a2), reduce_300(a2))
Event sent to agent      a2 prohibition(at(6, 6, a2), reduce_300(a2))
Event processed aprohibition(at(5, 5, a2), reduce_300(a2))
Event processed aprohibition(at(5, 6, a2), reduce_300(a2))
Event processed aprohibition(at(6, 5, a2), reduce_300(a2))
Event processed aprohibition(at(6, 6, a2), reduce_300(a2))
Event processed aprohibition(at(6, 6, a2), reduce_300(a2))
org position notification
org position notification
org position notification
