test2.
Service Registrar: ed975e13-e103-4eec-94c2-adf1bab9fcd5
Java Space found.
TransactionManager found.
from/for agent c1  coin(position(8, 6), 0, a1)
org notified 
org notified 
org notified 
org notified 
org notified 
from/for agent a3  status(position(11, 2), 0)
from/for agent a2  status(position(7, 19), 0)
org notified 
org notified 
org notified 
org notified 
org notified 
from/for agent a1  status(position(3, 4), 0)
from/for agent c1  coin(position(16, 6), 0, a2)
from/for agent t1  cargo(position(19, 19), 0)
from/for agent t1  status(position(18, 19), 0)
