test2.
Service Registrar: 86723201-c216-48c0-b667-f786bee55a9e
Java Space found.
TransactionManager found.
-------------------------last log tuples start--------------------------------
Position [agent=a2, id=null, cell=Cell [x=7, y=19], time=2013-06-06 14:53:15.354, clock=0]
Position [agent=a3, id=null, cell=Cell [x=11, y=2], time=2013-06-06 14:53:15.578, clock=0]
Position [agent=a1, id=null, cell=Cell [x=3, y=4], time=2013-06-06 14:53:16.421, clock=0]
Cargo [id=null, cell=Cell [x=19, y=19], time=2013-06-06 14:53:14.725, clock=0]
Position [agent=a1, id=null, cell=Cell [x=3, y=4], time=2013-06-06 14:53:16.423, clock=0]
Coin [id=null, cell=Cell [x=8, y=6], agent=a1, time=2013-06-06 14:53:15.771, clock=0]
Position [agent=a3, id=null, cell=Cell [x=11, y=3], time=2013-06-06 14:53:17.136, clock=0]
Coin [id=null, cell=Cell [x=16, y=6], agent=a2, time=2013-06-06 14:53:15.821, clock=0]
Coin [id=null, cell=Cell [x=3, y=9], agent=a3, time=2013-06-06 14:53:15.868, clock=0]
Position [agent=a2, id=null, cell=Cell [x=6, y=19], time=2013-06-06 14:53:17.224, clock=0]
Position [agent=a3, id=null, cell=Cell [x=11, y=4], time=2013-06-06 14:53:17.666, clock=0]
Position [agent=a1, id=null, cell=Cell [x=3, y=5], time=2013-06-06 14:53:18.03, clock=0]
Position [agent=a1, id=null, cell=Cell [x=3, y=5], time=2013-06-06 14:53:18.034, clock=0]
Position [agent=a3, id=null, cell=Cell [x=11, y=5], time=2013-06-06 14:53:18.402, clock=0]
Position [agent=a2, id=null, cell=Cell [x=5, y=19], time=2013-06-06 14:53:18.579, clock=0]
Position [agent=a2, id=null, cell=Cell [x=4, y=19], time=2013-06-06 14:53:19.317, clock=0]
Position [agent=a3, id=null, cell=Cell [x=11, y=6], time=2013-06-06 14:53:19.533, clock=0]
Position [agent=a2, id=null, cell=Cell [x=3, y=19], time=2013-06-06 14:53:19.928, clock=0]
Position [agent=a1, id=null, cell=Cell [x=4, y=5], time=2013-06-06 14:53:20.367, clock=0]
Position [agent=a1, id=null, cell=Cell [x=3, y=6], time=2013-06-06 14:53:20.368, clock=0]
Position [agent=a2, id=null, cell=Cell [x=3, y=18], time=2013-06-06 14:53:20.576, clock=0]
Position [agent=a3, id=null, cell=Cell [x=11, y=7], time=2013-06-06 14:53:20.778, clock=0]
Position [agent=a2, id=null, cell=Cell [x=3, y=17], time=2013-06-06 14:53:21.148, clock=0]
Position [agent=a2, id=null, cell=Cell [x=3, y=16], time=2013-06-06 14:53:21.782, clock=0]
Position [agent=a1, id=null, cell=Cell [x=4, y=6], time=2013-06-06 14:53:22.009, clock=0]
Position [agent=a1, id=null, cell=Cell [x=3, y=7], time=2013-06-06 14:53:22.011, clock=0]
Position [agent=a3, id=null, cell=Cell [x=11, y=8], time=2013-06-06 14:53:22.236, clock=0]
Position [agent=a2, id=null, cell=Cell [x=3, y=15], time=2013-06-06 14:53:22.797, clock=0]
Position [agent=a1, id=null, cell=Cell [x=4, y=7], time=2013-06-06 14:53:23.228, clock=0]
Position [agent=a1, id=null, cell=Cell [x=3, y=8], time=2013-06-06 14:53:23.23, clock=0]
Position [agent=a3, id=null, cell=Cell [x=11, y=9], time=2013-06-06 14:53:23.451, clock=0]
Position [agent=a2, id=null, cell=Cell [x=3, y=14], time=2013-06-06 14:53:24.256, clock=0]
Position [agent=a1, id=null, cell=Cell [x=4, y=8], time=2013-06-06 14:53:24.473, clock=0]
Position [agent=a1, id=null, cell=Cell [x=3, y=9], time=2013-06-06 14:53:24.474, clock=0]
Position [agent=a3, id=null, cell=Cell [x=11, y=10], time=2013-06-06 14:53:24.684, clock=0]
Position [agent=a2, id=null, cell=Cell [x=3, y=13], time=2013-06-06 14:53:25.26, clock=0]
Position [agent=a1, id=null, cell=Cell [x=4, y=9], time=2013-06-06 14:53:25.697, clock=0]
Position [agent=a1, id=null, cell=Cell [x=3, y=10], time=2013-06-06 14:53:25.698, clock=0]
Position [agent=a3, id=null, cell=Cell [x=11, y=11], time=2013-06-06 14:53:25.921, clock=0]
Position [agent=a2, id=null, cell=Cell [x=3, y=12], time=2013-06-06 14:53:26.713, clock=0]
Position [agent=a1, id=null, cell=Cell [x=4, y=10], time=2013-06-06 14:53:26.927, clock=0]
Position [agent=a1, id=null, cell=Cell [x=4, y=10], time=2013-06-06 14:53:26.929, clock=0]
Position [agent=a3, id=null, cell=Cell [x=11, y=12], time=2013-06-06 14:53:27.139, clock=0]
Position [agent=a2, id=null, cell=Cell [x=3, y=11], time=2013-06-06 14:53:27.724, clock=0]
Position [agent=a1, id=null, cell=Cell [x=5, y=10], time=2013-06-06 14:53:28.179, clock=0]
Position [agent=a1, id=null, cell=Cell [x=5, y=10], time=2013-06-06 14:53:28.18, clock=0]
Position [agent=a3, id=null, cell=Cell [x=11, y=13], time=2013-06-06 14:53:28.386, clock=0]
Position [agent=a2, id=null, cell=Cell [x=3, y=10], time=2013-06-06 14:53:29.184, clock=0]
Position [agent=a1, id=null, cell=Cell [x=5, y=9], time=2013-06-06 14:53:29.402, clock=0]
Position [agent=a1, id=null, cell=Cell [x=6, y=10], time=2013-06-06 14:53:29.403, clock=0]
Position [agent=a3, id=null, cell=Cell [x=11, y=14], time=2013-06-06 14:53:29.608, clock=0]
Position [agent=a2, id=null, cell=Cell [x=3, y=9], time=2013-06-06 14:53:30.184, clock=0]
Position [agent=a1, id=null, cell=Cell [x=5, y=10], time=2013-06-06 14:53:30.623, clock=0]
Position [agent=a1, id=null, cell=Cell [x=7, y=10], time=2013-06-06 14:53:30.624, clock=0]
Position [agent=a3, id=null, cell=Cell [x=11, y=15], time=2013-06-06 14:53:30.839, clock=0]
Position [agent=a2, id=null, cell=Cell [x=3, y=8], time=2013-06-06 14:53:31.642, clock=0]
Position [agent=a1, id=null, cell=Cell [x=6, y=10], time=2013-06-06 14:53:31.857, clock=0]
Position [agent=a1, id=null, cell=Cell [x=8, y=10], time=2013-06-06 14:53:31.858, clock=0]
Position [agent=a3, id=null, cell=Cell [x=11, y=16], time=2013-06-06 14:53:32.074, clock=0]
Position [agent=a2, id=null, cell=Cell [x=3, y=7], time=2013-06-06 14:53:32.642, clock=0]
Position [agent=a1, id=null, cell=Cell [x=7, y=10], time=2013-06-06 14:53:33.1, clock=0]
Position [agent=a1, id=null, cell=Cell [x=9, y=10], time=2013-06-06 14:53:33.101, clock=0]
Position [agent=a3, id=null, cell=Cell [x=11, y=17], time=2013-06-06 14:53:33.318, clock=0]
Position [agent=a2, id=null, cell=Cell [x=3, y=6], time=2013-06-06 14:53:34.145, clock=0]
Position [agent=a1, id=null, cell=Cell [x=8, y=10], time=2013-06-06 14:53:34.404, clock=0]
Position [agent=a1, id=null, cell=Cell [x=10, y=10], time=2013-06-06 14:53:34.405, clock=0]
Position [agent=a3, id=null, cell=Cell [x=11, y=18], time=2013-06-06 14:53:34.61, clock=0]
Position [agent=a1, id=null, cell=Cell [x=9, y=10], time=2013-06-06 14:53:34.977, clock=0]
Position [agent=a3, id=null, cell=Cell [x=11, y=19], time=2013-06-06 14:53:35.427, clock=0]
Position [agent=a1, id=null, cell=Cell [x=8, y=10], time=2013-06-06 14:53:36.044, clock=0]
Position [agent=a3, id=null, cell=Cell [x=12, y=19], time=2013-06-06 14:53:36.273, clock=0]
Position [agent=a1, id=null, cell=Cell [x=7, y=10], time=2013-06-06 14:53:36.684, clock=0]
Position [agent=a3, id=null, cell=Cell [x=13, y=19], time=2013-06-06 14:53:37.117, clock=0]
Position [agent=a1, id=null, cell=Cell [x=6, y=10], time=2013-06-06 14:53:37.724, clock=0]
Position [agent=a3, id=null, cell=Cell [x=14, y=19], time=2013-06-06 14:53:37.936, clock=0]
Position [agent=a1, id=null, cell=Cell [x=5, y=10], time=2013-06-06 14:53:38.335, clock=0]
Position [agent=a3, id=null, cell=Cell [x=15, y=19], time=2013-06-06 14:53:38.763, clock=0]
Position [agent=a1, id=null, cell=Cell [x=5, y=9], time=2013-06-06 14:53:39.373, clock=0]
Position [agent=a3, id=null, cell=Cell [x=16, y=19], time=2013-06-06 14:53:39.596, clock=0]
Position [agent=a1, id=null, cell=Cell [x=5, y=8], time=2013-06-06 14:53:39.977, clock=0]
Position [agent=a3, id=null, cell=Cell [x=17, y=19], time=2013-06-06 14:53:40.417, clock=0]
Position [agent=a1, id=null, cell=Cell [x=5, y=7], time=2013-06-06 14:53:41.022, clock=0]
Position [agent=a3, id=null, cell=Cell [x=18, y=19], time=2013-06-06 14:53:41.242, clock=0]
Position [agent=a1, id=null, cell=Cell [x=5, y=6], time=2013-06-06 14:53:41.622, clock=0]
Position [agent=a3, id=null, cell=Cell [x=19, y=19], time=2013-06-06 14:53:42.069, clock=0]
Position [agent=a1, id=null, cell=Cell [x=5, y=5], time=2013-06-06 14:53:42.664, clock=0]
-------------------------last log tuples end----------------------------------
register a1
register a2
register a3
register c1
register t1
org cargo notification
Organization notifies agent (write): Obligation [agent=a1, obligation=[makeReading(8, 6)], sanction=[reduce_400(a1)], deadline=50, time=2013-06-06 14:57:47.328, clock=0]
agent obligation notification a1 number 1
Organization notifies agent (write): Obligation [agent=a1, obligation=[makeReading(16, 6)], sanction=[reduce_400(a1)], deadline=50, time=2013-06-06 14:57:47.539, clock=0]
Obligation [agent=a1, obligation=null, sanction=null, deadline=null, time=null, clock=null] 1970-01-01 01:00:00.0
Event sent to agent      a1 obligation(makeReading(8, 6), 50, reduce_400(a1))
agent obligation notification a1 number 2
Organization notifies agent (write): Obligation [agent=a1, obligation=[makeReading(3, 9)], sanction=[reduce_400(a1)], deadline=50, time=2013-06-06 14:57:47.751, clock=0]
Event processed adoptObligation(makeReading(8, 6), 50, reduce_400(a1))
Organization notifies agent (write): Obligation [agent=a2, obligation=[makeReading(8, 6)], sanction=[reduce_400(a2)], deadline=50, time=2013-06-06 14:57:47.963, clock=0]
Obligation [agent=a1, obligation=null, sanction=null, deadline=null, time=null, clock=null] 2013-06-06 14:57:47.353
Event sent to agent      a1 obligation(makeReading(16, 6), 50, reduce_400(a1))
agent obligation notification a1 number 3
agent obligation notification a2 number 1
Obligation [agent=a2, obligation=null, sanction=null, deadline=null, time=null, clock=null] 1970-01-01 01:00:00.0
Event sent to agent      a2 obligation(makeReading(8, 6), 50, reduce_400(a2))
Obligation [agent=a1, obligation=null, sanction=null, deadline=null, time=null, clock=null] 2013-06-06 14:57:47.75
Event sent to agent      a1 obligation(makeReading(3, 9), 50, reduce_400(a1))
Event processed adoptObligation(makeReading(8, 6), 50, reduce_400(a2))
Organization notifies agent (write): Obligation [agent=a2, obligation=[makeReading(16, 6)], sanction=[reduce_400(a2)], deadline=50, time=2013-06-06 14:57:49.191, clock=0]
agent obligation notification a2 number 2
Obligation [agent=a2, obligation=null, sanction=null, deadline=null, time=null, clock=null] 2013-06-06 14:57:47.973
Event sent to agent      a2 obligation(makeReading(16, 6), 50, reduce_400(a2))
Event processed adoptObligation(makeReading(16, 6), 50, reduce_400(a1))
Event processed adoptObligation(makeReading(3, 9), 50, reduce_400(a1))
Event processed adoptObligation(makeReading(16, 6), 50, reduce_400(a2))
Organization notifies agent (write): Obligation [agent=a2, obligation=[makeReading(3, 9)], sanction=[reduce_400(a2)], deadline=50, time=2013-06-06 14:57:50.422, clock=0]
agent obligation notification a2 number 3
Obligation [agent=a2, obligation=null, sanction=null, deadline=null, time=null, clock=null] 2013-06-06 14:57:49.195
Event sent to agent      a2 obligation(makeReading(3, 9), 50, reduce_400(a2))
Event processed adoptObligation(makeReading(3, 9), 50, reduce_400(a2))
Organization notifies agent (write): Obligation [agent=a3, obligation=[makeReading(8, 6)], sanction=[reduce_400(a3)], deadline=50, time=2013-06-06 14:57:51.649, clock=0]
agent obligation notification a3 number 1
Obligation [agent=a3, obligation=null, sanction=null, deadline=null, time=null, clock=null] 1970-01-01 01:00:00.0
Event sent to agent      a3 obligation(makeReading(8, 6), 50, reduce_400(a3))
Event processed adoptObligation(makeReading(8, 6), 50, reduce_400(a3))
Organization notifies agent (write): Obligation [agent=a3, obligation=[makeReading(16, 6)], sanction=[reduce_400(a3)], deadline=50, time=2013-06-06 14:57:53.086, clock=0]
agent obligation notification a3 number 2
Obligation [agent=a3, obligation=null, sanction=null, deadline=null, time=null, clock=null] 2013-06-06 14:57:51.653
Event sent to agent      a3 obligation(makeReading(16, 6), 50, reduce_400(a3))
Event processed adoptObligation(makeReading(16, 6), 50, reduce_400(a3))
Organization notifies agent (write): Obligation [agent=a3, obligation=[makeReading(3, 9)], sanction=[reduce_400(a3)], deadline=50, time=2013-06-06 14:57:54.318, clock=0]
Organization notifies agent (write): Prohibition [agent=t1, prohibition=[at(5, 5, t1)], sanction=[reduce_300(t1)], clock=0, time=2013-06-06 14:57:54.321]
Organization notifies agent (write): Prohibition [agent=t1, prohibition=[at(5, 6, t1)], sanction=[reduce_300(t1)], clock=0, time=2013-06-06 14:57:54.322]
Organization notifies agent (write): Prohibition [agent=t1, prohibition=[at(6, 5, t1)], sanction=[reduce_300(t1)], clock=0, time=2013-06-06 14:57:54.323]
Organization notifies agent (write): Prohibition [agent=t1, prohibition=[at(6, 6, t1)], sanction=[reduce_300(t1)], clock=0, time=2013-06-06 14:57:54.325]
agent obligation notification a3 number 3
agent prohibition notification t1 number 4
Obligation [agent=a3, obligation=null, sanction=null, deadline=null, time=null, clock=null] 2013-06-06 14:57:53.093
Event sent to agent      a3 obligation(makeReading(3, 9), 50, reduce_400(a3))
Prohibition [agent=t1, prohibition=null, sanction=null, clock=null, time=null] 1970-01-01 01:00:00.0
Event sent to agent      t1 prohibition(at(5, 5, t1), reduce_300(t1))
Event sent to agent      t1 prohibition(at(5, 6, t1), reduce_300(t1))
Event sent to agent      t1 prohibition(at(6, 5, t1), reduce_300(t1))
Event sent to agent      t1 prohibition(at(6, 6, t1), reduce_300(t1))
Event processed aprohibition(at(5, 5, t1), reduce_300(t1))
Event processed aprohibition(at(5, 6, t1), reduce_300(t1))
Event processed aprohibition(at(6, 5, t1), reduce_300(t1))
Event processed aprohibition(at(6, 6, t1), reduce_300(t1))
Organization notifies agent (write): Prohibition [agent=c1, prohibition=[coin(5, 5, a1)], sanction=[reduce_300(c1)], clock=0, time=2013-06-06 14:57:55.769]
Organization notifies agent (write): Prohibition [agent=c1, prohibition=[coin(5, 6, a1)], sanction=[reduce_300(c1)], clock=0, time=2013-06-06 14:57:55.77]
Organization notifies agent (write): Prohibition [agent=c1, prohibition=[coin(6, 5, a1)], sanction=[reduce_300(c1)], clock=0, time=2013-06-06 14:57:55.772]
agent prohibition notification c1 number 1
Organization notifies agent (write): Prohibition [agent=c1, prohibition=[coin(6, 6, a1)], sanction=[reduce_300(c1)], clock=0, time=2013-06-06 14:57:55.777]
Organization notifies agent (write): Prohibition [agent=c1, prohibition=[coin(5, 5, a2)], sanction=[reduce_300(c1)], clock=0, time=2013-06-06 14:57:55.779]
Organization notifies agent (write): Prohibition [agent=c1, prohibition=[coin(5, 6, a2)], sanction=[reduce_300(c1)], clock=0, time=2013-06-06 14:57:55.781]
Organization notifies agent (write): Prohibition [agent=c1, prohibition=[coin(6, 5, a2)], sanction=[reduce_300(c1)], clock=0, time=2013-06-06 14:57:55.784]
Organization notifies agent (write): Prohibition [agent=c1, prohibition=[coin(6, 6, a2)], sanction=[reduce_300(c1)], clock=0, time=2013-06-06 14:57:55.785]
Organization notifies agent (write): Prohibition [agent=c1, prohibition=[coin(5, 5, a3)], sanction=[reduce_300(c1)], clock=0, time=2013-06-06 14:57:55.788]
Organization notifies agent (write): Prohibition [agent=c1, prohibition=[coin(5, 6, a3)], sanction=[reduce_300(c1)], clock=0, time=2013-06-06 14:57:55.794]
Organization notifies agent (write): Prohibition [agent=c1, prohibition=[coin(6, 5, a3)], sanction=[reduce_300(c1)], clock=0, time=2013-06-06 14:57:55.801]
Organization notifies agent (write): Prohibition [agent=c1, prohibition=[coin(6, 6, a3)], sanction=[reduce_300(c1)], clock=0, time=2013-06-06 14:57:55.803]
Prohibition [agent=c1, prohibition=null, sanction=null, clock=null, time=null] 1970-01-01 01:00:00.0
Event sent to agent      c1 prohibition(coin(5, 5, a1), reduce_300(c1))
Event sent to agent      c1 prohibition(coin(5, 6, a1), reduce_300(c1))
agent prohibition notification c1 number 12
Event processed aprohibition(coin(5, 5, a1), reduce_300(c1))
Event processed aprohibition(coin(5, 6, a1), reduce_300(c1))
Prohibition [agent=c1, prohibition=null, sanction=null, clock=null, time=null] 2013-06-06 14:57:55.772
Event sent to agent      c1 prohibition(coin(6, 6, a1), reduce_300(c1))
Event sent to agent      c1 prohibition(coin(5, 5, a2), reduce_300(c1))
Event sent to agent      c1 prohibition(coin(5, 6, a2), reduce_300(c1))
Event sent to agent      c1 prohibition(coin(6, 5, a2), reduce_300(c1))
Event sent to agent      c1 prohibition(coin(6, 6, a2), reduce_300(c1))
Event sent to agent      c1 prohibition(coin(5, 5, a3), reduce_300(c1))
Event sent to agent      c1 prohibition(coin(5, 6, a3), reduce_300(c1))
Event sent to agent      c1 prohibition(coin(6, 5, a3), reduce_300(c1))
Event sent to agent      c1 prohibition(coin(6, 6, a3), reduce_300(c1))
Event processed aprohibition(coin(6, 6, a1), reduce_300(c1))
Event processed aprohibition(coin(5, 5, a2), reduce_300(c1))
Event processed aprohibition(coin(5, 6, a2), reduce_300(c1))
Event processed aprohibition(coin(6, 5, a2), reduce_300(c1))
Event processed aprohibition(coin(6, 6, a2), reduce_300(c1))
Event processed aprohibition(coin(5, 5, a3), reduce_300(c1))
Event processed aprohibition(coin(5, 6, a3), reduce_300(c1))
Event processed aprohibition(coin(6, 5, a3), reduce_300(c1))
Event processed aprohibition(coin(6, 6, a3), reduce_300(c1))
Event processed adoptObligation(makeReading(3, 9), 50, reduce_400(a3))
Organization notifies agent (write): Prohibition [agent=a1, prohibition=[at(5, 5, a1)], sanction=[reduce_300(a1)], clock=0, time=2013-06-06 14:57:58.426]
Organization notifies agent (write): Prohibition [agent=a1, prohibition=[at(5, 6, a1)], sanction=[reduce_300(a1)], clock=0, time=2013-06-06 14:57:58.428]
Organization notifies agent (write): Prohibition [agent=a1, prohibition=[at(6, 5, a1)], sanction=[reduce_300(a1)], clock=0, time=2013-06-06 14:57:58.429]
agent prohibition notification a1 number 1
Organization notifies agent (write): Prohibition [agent=a1, prohibition=[at(6, 6, a1)], sanction=[reduce_300(a1)], clock=0, time=2013-06-06 14:57:58.431]
Organization notifies agent (write): Prohibition [agent=a2, prohibition=[at(5, 5, a2)], sanction=[reduce_300(a2)], clock=0, time=2013-06-06 14:57:58.434]
Organization notifies agent (write): Prohibition [agent=a2, prohibition=[at(5, 6, a2)], sanction=[reduce_300(a2)], clock=0, time=2013-06-06 14:57:58.437]
Organization notifies agent (write): Prohibition [agent=a2, prohibition=[at(6, 5, a2)], sanction=[reduce_300(a2)], clock=0, time=2013-06-06 14:57:58.439]
Organization notifies agent (write): Prohibition [agent=a2, prohibition=[at(6, 6, a2)], sanction=[reduce_300(a2)], clock=0, time=2013-06-06 14:57:58.443]
Organization notifies agent (write): Prohibition [agent=a3, prohibition=[at(5, 5, a3)], sanction=[reduce_300(a3)], clock=0, time=2013-06-06 14:57:58.449]
agent prohibition notification a2 number 3
Organization notifies agent (write): Prohibition [agent=a3, prohibition=[at(5, 6, a3)], sanction=[reduce_300(a3)], clock=0, time=2013-06-06 14:57:58.451]
Organization notifies agent (write): Prohibition [agent=a3, prohibition=[at(6, 5, a3)], sanction=[reduce_300(a3)], clock=0, time=2013-06-06 14:57:58.454]
Organization notifies agent (write): Prohibition [agent=a3, prohibition=[at(6, 6, a3)], sanction=[reduce_300(a3)], clock=0, time=2013-06-06 14:57:58.456]
Prohibition [agent=a1, prohibition=null, sanction=null, clock=null, time=null] 1970-01-01 01:00:00.0
Event sent to agent      a1 prohibition(at(5, 5, a1), reduce_300(a1))
Event sent to agent      a1 prohibition(at(5, 6, a1), reduce_300(a1))
Event sent to agent      a1 prohibition(at(6, 5, a1), reduce_300(a1))
agent prohibition notification a1 number 4
Prohibition [agent=a2, prohibition=null, sanction=null, clock=null, time=null] 1970-01-01 01:00:00.0
Event sent to agent      a2 prohibition(at(5, 5, a2), reduce_300(a2))
Event sent to agent      a2 prohibition(at(5, 6, a2), reduce_300(a2))
Event sent to agent      a2 prohibition(at(6, 5, a2), reduce_300(a2))
Event sent to agent      a2 prohibition(at(6, 6, a2), reduce_300(a2))
agent prohibition notification a2 number 4
Prohibition [agent=a1, prohibition=null, sanction=null, clock=null, time=null] 2013-06-06 14:57:58.43
Event sent to agent      a1 prohibition(at(6, 6, a1), reduce_300(a1))
agent prohibition notification a3 number 4
Prohibition [agent=a2, prohibition=null, sanction=null, clock=null, time=null] 2013-06-06 14:57:58.45
Event processed aprohibition(at(5, 5, a1), reduce_300(a1))
Event processed aprohibition(at(5, 6, a1), reduce_300(a1))
Event processed aprohibition(at(6, 5, a1), reduce_300(a1))
Event processed aprohibition(at(6, 6, a1), reduce_300(a1))
Prohibition [agent=a3, prohibition=null, sanction=null, clock=null, time=null] 1970-01-01 01:00:00.0
Event sent to agent      a3 prohibition(at(5, 5, a3), reduce_300(a3))
Event sent to agent      a3 prohibition(at(5, 6, a3), reduce_300(a3))
Event sent to agent      a3 prohibition(at(6, 5, a3), reduce_300(a3))
Event sent to agent      a3 prohibition(at(6, 6, a3), reduce_300(a3))
Event processed aprohibition(at(5, 5, a2), reduce_300(a2))
Event processed aprohibition(at(5, 6, a2), reduce_300(a2))
Event processed aprohibition(at(6, 5, a2), reduce_300(a2))
Event processed aprohibition(at(6, 6, a2), reduce_300(a2))
Event processed aprohibition(at(5, 5, a3), reduce_300(a3))
Event processed aprohibition(at(5, 6, a3), reduce_300(a3))
Event processed aprohibition(at(6, 5, a3), reduce_300(a3))
Event processed aprohibition(at(6, 6, a3), reduce_300(a3))
org coin notification
org position notification
