test2.
Service Registrar: cfe55ea0-5a13-4fc4-abbe-447b65b1c20c
Java Space found.
TransactionManager found.
-------------------------last log tuples start--------------------------------
Obligation [agent=a1, obligation=[makeReading(8, 6)], sanction=[reduce_400(a1)], deadline=50, time=Tue Jun 04 19:27:11 BST 2013, clock=0]
Obligation [agent=a1, obligation=[makeReading(16, 6)], sanction=[reduce_400(a1)], deadline=50, time=Tue Jun 04 19:27:11 BST 2013, clock=0]
Obligation [agent=a1, obligation=[makeReading(3, 9)], sanction=[reduce_400(a1)], deadline=50, time=Tue Jun 04 19:27:12 BST 2013, clock=0]
Obligation [agent=a2, obligation=[makeReading(8, 6)], sanction=[reduce_400(a2)], deadline=50, time=Tue Jun 04 19:27:13 BST 2013, clock=0]
Obligation [agent=a2, obligation=[makeReading(16, 6)], sanction=[reduce_400(a2)], deadline=50, time=Tue Jun 04 19:27:13 BST 2013, clock=0]
Obligation [agent=a2, obligation=[makeReading(3, 9)], sanction=[reduce_400(a2)], deadline=50, time=Tue Jun 04 19:27:14 BST 2013, clock=0]
Obligation [agent=a3, obligation=[makeReading(8, 6)], sanction=[reduce_400(a3)], deadline=50, time=Tue Jun 04 19:27:14 BST 2013, clock=0]
Obligation [agent=a3, obligation=[makeReading(16, 6)], sanction=[reduce_400(a3)], deadline=50, time=Tue Jun 04 19:27:14 BST 2013, clock=0]
Obligation [agent=a3, obligation=[makeReading(3, 9)], sanction=[reduce_400(a3)], deadline=50, time=Tue Jun 04 19:27:15 BST 2013, clock=0]
Cargo [id=null, cell=Cell [x=19, y=19], time=Tue Jun 04 19:27:11 BST 2013, clock=0]
Prohibition [agent=t1, prohibition=[at(5, 5, t1)], sanction=[reduce_300(t1)], clock=0, time=Tue Jun 04 19:27:15 BST 2013]
Position [agent=a3, id=null, cell=Cell [x=11, y=2], time=Tue Jun 04 17:19:51 BST 2013, clock=0]
Prohibition [agent=t1, prohibition=[at(5, 6, t1)], sanction=[reduce_300(t1)], clock=0, time=Tue Jun 04 19:27:15 BST 2013]
Prohibition [agent=t1, prohibition=[at(6, 5, t1)], sanction=[reduce_300(t1)], clock=0, time=Tue Jun 04 19:27:15 BST 2013]
Prohibition [agent=t1, prohibition=[at(6, 6, t1)], sanction=[reduce_300(t1)], clock=0, time=Tue Jun 04 19:27:15 BST 2013]
Coin [id=null, cell=Cell [x=8, y=6], agent=a1, time=Tue Jun 04 17:11:03 BST 2013, clock=0]
Position [agent=a3, id=null, cell=Cell [x=11, y=3], time=Tue Jun 04 17:19:53 BST 2013, clock=0]
Position [agent=a3, id=null, cell=Cell [x=11, y=4], time=Tue Jun 04 17:19:54 BST 2013, clock=0]
Prohibition [agent=c1, prohibition=[coin(5, 5, a1)], sanction=[reduce_300(c1)], clock=0, time=Tue Jun 04 19:27:16 BST 2013]
Prohibition [agent=c1, prohibition=[coin(5, 6, a1)], sanction=[reduce_300(c1)], clock=0, time=Tue Jun 04 19:27:16 BST 2013]
Position [agent=a3, id=null, cell=Cell [x=11, y=5], time=Tue Jun 04 17:19:56 BST 2013, clock=0]
Position [agent=a3, id=null, cell=Cell [x=11, y=6], time=Tue Jun 04 17:19:57 BST 2013, clock=0]
Prohibition [agent=c1, prohibition=[coin(6, 5, a1)], sanction=[reduce_300(c1)], clock=0, time=Tue Jun 04 19:27:16 BST 2013]
Position [agent=a3, id=null, cell=Cell [x=11, y=7], time=Tue Jun 04 17:19:59 BST 2013, clock=0]
Position [agent=a3, id=null, cell=Cell [x=10, y=6], time=Tue Jun 04 17:20:00 BST 2013, clock=0]
Prohibition [agent=c1, prohibition=[coin(6, 6, a1)], sanction=[reduce_300(c1)], clock=0, time=Tue Jun 04 19:27:16 BST 2013]
Prohibition [agent=c1, prohibition=[coin(5, 5, a2)], sanction=[reduce_300(c1)], clock=0, time=Tue Jun 04 19:27:16 BST 2013]
Position [agent=a3, id=null, cell=Cell [x=12, y=6], time=Tue Jun 04 17:20:02 BST 2013, clock=0]
Prohibition [agent=c1, prohibition=[coin(5, 6, a2)], sanction=[reduce_300(c1)], clock=0, time=Tue Jun 04 19:27:16 BST 2013]
Coin [id=null, cell=Cell [x=16, y=6], agent=a2, time=Tue Jun 04 17:11:03 BST 2013, clock=0]
Prohibition [agent=c1, prohibition=[coin(6, 5, a2)], sanction=[reduce_300(c1)], clock=0, time=Tue Jun 04 19:27:16 BST 2013]
Coin [id=null, cell=Cell [x=3, y=9], agent=a3, time=Tue Jun 04 17:11:05 BST 2013, clock=0]
Prohibition [agent=c1, prohibition=[coin(6, 6, a2)], sanction=[reduce_300(c1)], clock=0, time=Tue Jun 04 19:27:16 BST 2013]
Position [agent=a3, id=null, cell=Cell [x=10, y=7], time=Tue Jun 04 17:20:04 BST 2013, clock=0]
Position [agent=a3, id=null, cell=Cell [x=9, y=6], time=Tue Jun 04 17:20:04 BST 2013, clock=0]
Position [agent=a3, id=null, cell=Cell [x=10, y=7], time=Tue Jun 04 17:20:06 BST 2013, clock=0]
Prohibition [agent=c1, prohibition=[coin(5, 5, a3)], sanction=[reduce_300(c1)], clock=0, time=Tue Jun 04 19:27:16 BST 2013]
Prohibition [agent=c1, prohibition=[coin(5, 6, a3)], sanction=[reduce_300(c1)], clock=0, time=Tue Jun 04 19:27:16 BST 2013]
Position [agent=a3, id=null, cell=Cell [x=13, y=6], time=Tue Jun 04 17:20:08 BST 2013, clock=0]
Position [agent=a3, id=null, cell=Cell [x=10, y=8], time=Tue Jun 04 17:20:08 BST 2013, clock=0]
Position [agent=a3, id=null, cell=Cell [x=9, y=7], time=Tue Jun 04 17:20:09 BST 2013, clock=0]
Prohibition [agent=c1, prohibition=[coin(6, 5, a3)], sanction=[reduce_300(c1)], clock=0, time=Tue Jun 04 19:27:16 BST 2013]
Coin [id=null, cell=Cell [x=3, y=9], agent=a3, time=Tue Jun 04 17:12:30 BST 2013, clock=0]
Prohibition [agent=c1, prohibition=[coin(6, 6, a3)], sanction=[reduce_300(c1)], clock=0, time=Tue Jun 04 19:27:16 BST 2013]
Position [agent=a3, id=null, cell=Cell [x=10, y=8], time=Tue Jun 04 17:20:09 BST 2013, clock=0]
Prohibition [agent=a1, prohibition=[at(5, 5, a1)], sanction=[reduce_300(a1)], clock=0, time=Tue Jun 04 19:27:18 BST 2013]
Position [agent=a3, id=null, cell=Cell [x=14, y=6], time=Tue Jun 04 17:20:11 BST 2013, clock=0]
Prohibition [agent=a1, prohibition=[at(5, 6, a1)], sanction=[reduce_300(a1)], clock=0, time=Tue Jun 04 19:27:18 BST 2013]
Prohibition [agent=a1, prohibition=[at(6, 5, a1)], sanction=[reduce_300(a1)], clock=0, time=Tue Jun 04 19:27:18 BST 2013]
Coin [id=null, cell=Cell [x=8, y=6], agent=a1, time=Tue Jun 04 18:12:05 BST 2013, clock=0]
Position [agent=a3, id=null, cell=Cell [x=10, y=9], time=Tue Jun 04 17:20:14 BST 2013, clock=0]
Position [agent=a3, id=null, cell=Cell [x=9, y=8], time=Tue Jun 04 17:20:14 BST 2013, clock=0]
Coin [id=null, cell=Cell [x=16, y=6], agent=a2, time=Tue Jun 04 18:12:06 BST 2013, clock=0]
Position [agent=a3, id=null, cell=Cell [x=10, y=9], time=Tue Jun 04 17:20:15 BST 2013, clock=0]
Coin [id=null, cell=Cell [x=3, y=9], agent=a3, time=Tue Jun 04 18:12:07 BST 2013, clock=0]
Prohibition [agent=a1, prohibition=[at(6, 6, a1)], sanction=[reduce_300(a1)], clock=0, time=Tue Jun 04 19:27:18 BST 2013]
Position [agent=a3, id=null, cell=Cell [x=15, y=6], time=Tue Jun 04 17:20:17 BST 2013, clock=0]
Prohibition [agent=a2, prohibition=[at(5, 5, a2)], sanction=[reduce_300(a2)], clock=0, time=Tue Jun 04 19:27:18 BST 2013]
Prohibition [agent=a2, prohibition=[at(5, 6, a2)], sanction=[reduce_300(a2)], clock=0, time=Tue Jun 04 19:27:18 BST 2013]
Position [agent=a3, id=null, cell=Cell [x=10, y=10], time=Tue Jun 04 17:20:18 BST 2013, clock=0]
Prohibition [agent=a2, prohibition=[at(6, 5, a2)], sanction=[reduce_300(a2)], clock=0, time=Tue Jun 04 19:27:18 BST 2013]
Position [agent=a3, id=null, cell=Cell [x=9, y=9], time=Tue Jun 04 17:20:19 BST 2013, clock=0]
Coin [id=null, cell=Cell [x=8, y=6], agent=a1, time=Tue Jun 04 19:27:10 BST 2013, clock=0]
Prohibition [agent=a2, prohibition=[at(6, 6, a2)], sanction=[reduce_300(a2)], clock=0, time=Tue Jun 04 19:27:18 BST 2013]
Position [agent=a3, id=null, cell=Cell [x=9, y=9], time=Tue Jun 04 17:20:19 BST 2013, clock=0]
Position [agent=a3, id=null, cell=Cell [x=16, y=6], time=Tue Jun 04 17:20:21 BST 2013, clock=0]
Prohibition [agent=a3, prohibition=[at(5, 5, a3)], sanction=[reduce_300(a3)], clock=0, time=Tue Jun 04 19:27:18 BST 2013]
Position [agent=a3, id=null, cell=Cell [x=9, y=10], time=Tue Jun 04 17:20:22 BST 2013, clock=0]
Coin [id=null, cell=Cell [x=16, y=6], agent=a2, time=Tue Jun 04 19:27:11 BST 2013, clock=0]
Prohibition [agent=a3, prohibition=[at(5, 6, a3)], sanction=[reduce_300(a3)], clock=0, time=Tue Jun 04 19:27:18 BST 2013]
Prohibition [agent=a3, prohibition=[at(6, 5, a3)], sanction=[reduce_300(a3)], clock=0, time=Tue Jun 04 19:27:18 BST 2013]
Prohibition [agent=a3, prohibition=[at(6, 6, a3)], sanction=[reduce_300(a3)], clock=0, time=Tue Jun 04 19:27:18 BST 2013]
Prohibition [agent=a1, prohibition=[at(5, 5, a1)], sanction=[reduce_300(a1)], clock=0, time=Tue Jun 04 19:28:14 BST 2013]
Position [agent=a3, id=null, cell=Cell [x=8, y=9], time=Tue Jun 04 17:20:22 BST 2013, clock=0]
Position [agent=a3, id=null, cell=Cell [x=8, y=9], time=Tue Jun 04 17:20:22 BST 2013, clock=0]
Prohibition [agent=a1, prohibition=[at(5, 5, a1)], sanction=[reduce_300(a1)], clock=0, time=Tue Jun 04 19:28:44 BST 2013]
Coin [id=null, cell=Cell [x=3, y=9], agent=a3, time=Tue Jun 04 19:27:11 BST 2013, clock=0]
Position [agent=a3, id=null, cell=Cell [x=8, y=10], time=Tue Jun 04 17:20:25 BST 2013, clock=0]
Position [agent=a3, id=null, cell=Cell [x=8, y=8], time=Tue Jun 04 17:20:26 BST 2013, clock=0]
Prohibition [agent=a1, prohibition=[at(5, 5, a1)], sanction=[reduce_300(a1)], clock=0, time=Tue Jun 04 19:29:16 BST 2013]
Position [agent=a3, id=null, cell=Cell [x=7, y=9], time=Tue Jun 04 17:20:26 BST 2013, clock=0]
Position [agent=a3, id=null, cell=Cell [x=7, y=10], time=Tue Jun 04 17:20:29 BST 2013, clock=0]
Position [agent=a3, id=null, cell=Cell [x=8, y=9], time=Tue Jun 04 17:20:30 BST 2013, clock=0]
Position [agent=a3, id=null, cell=Cell [x=6, y=9], time=Tue Jun 04 17:20:30 BST 2013, clock=0]
Position [agent=a3, id=null, cell=Cell [x=6, y=10], time=Tue Jun 04 17:20:32 BST 2013, clock=0]
Position [agent=a3, id=null, cell=Cell [x=7, y=9], time=Tue Jun 04 17:20:33 BST 2013, clock=0]
Position [agent=a3, id=null, cell=Cell [x=5, y=9], time=Tue Jun 04 17:20:33 BST 2013, clock=0]
Position [agent=a3, id=null, cell=Cell [x=5, y=10], time=Tue Jun 04 17:20:35 BST 2013, clock=0]
Position [agent=a3, id=null, cell=Cell [x=6, y=9], time=Tue Jun 04 17:20:36 BST 2013, clock=0]
Position [agent=a3, id=null, cell=Cell [x=4, y=9], time=Tue Jun 04 17:20:36 BST 2013, clock=0]
Position [agent=a3, id=null, cell=Cell [x=4, y=10], time=Tue Jun 04 17:20:38 BST 2013, clock=0]
Position [agent=a3, id=null, cell=Cell [x=5, y=9], time=Tue Jun 04 17:20:38 BST 2013, clock=0]
Position [agent=a3, id=null, cell=Cell [x=3, y=9], time=Tue Jun 04 17:20:38 BST 2013, clock=0]
Position [agent=a3, id=null, cell=Cell [x=3, y=10], time=Tue Jun 04 17:20:39 BST 2013, clock=0]
Position [agent=a3, id=null, cell=Cell [x=4, y=9], time=Tue Jun 04 17:20:40 BST 2013, clock=0]
Position [agent=a3, id=null, cell=Cell [x=4, y=10], time=Tue Jun 04 17:20:41 BST 2013, clock=0]
Position [agent=a3, id=null, cell=Cell [x=5, y=9], time=Tue Jun 04 17:20:41 BST 2013, clock=0]
Position [agent=a3, id=null, cell=Cell [x=5, y=10], time=Tue Jun 04 17:20:43 BST 2013, clock=0]
Position [agent=a3, id=null, cell=Cell [x=6, y=9], time=Tue Jun 04 17:20:43 BST 2013, clock=0]
Position [agent=a3, id=null, cell=Cell [x=6, y=10], time=Tue Jun 04 17:20:44 BST 2013, clock=0]
Position [agent=a3, id=null, cell=Cell [x=7, y=9], time=Tue Jun 04 17:20:44 BST 2013, clock=0]
Position [agent=a3, id=null, cell=Cell [x=7, y=10], time=Tue Jun 04 17:20:45 BST 2013, clock=0]
Position [agent=a3, id=null, cell=Cell [x=8, y=9], time=Tue Jun 04 17:20:46 BST 2013, clock=0]
Position [agent=a3, id=null, cell=Cell [x=8, y=10], time=Tue Jun 04 17:20:47 BST 2013, clock=0]
Position [agent=a3, id=null, cell=Cell [x=8, y=8], time=Tue Jun 04 17:20:47 BST 2013, clock=0]
Position [agent=a3, id=null, cell=Cell [x=8, y=9], time=Tue Jun 04 17:20:48 BST 2013, clock=0]
Position [agent=a3, id=null, cell=Cell [x=8, y=7], time=Tue Jun 04 17:20:49 BST 2013, clock=0]
Position [agent=a3, id=null, cell=Cell [x=8, y=8], time=Tue Jun 04 17:20:50 BST 2013, clock=0]
Position [agent=a3, id=null, cell=Cell [x=8, y=6], time=Tue Jun 04 17:20:50 BST 2013, clock=0]
Position [agent=a3, id=null, cell=Cell [x=8, y=7], time=Tue Jun 04 17:20:51 BST 2013, clock=0]
Position [agent=a3, id=null, cell=Cell [x=8, y=8], time=Tue Jun 04 17:20:52 BST 2013, clock=0]
Position [agent=a3, id=null, cell=Cell [x=8, y=9], time=Tue Jun 04 17:20:52 BST 2013, clock=0]
Position [agent=a3, id=null, cell=Cell [x=8, y=10], time=Tue Jun 04 17:20:53 BST 2013, clock=0]
Position [agent=a3, id=null, cell=Cell [x=8, y=11], time=Tue Jun 04 17:20:53 BST 2013, clock=0]
Position [agent=a3, id=null, cell=Cell [x=8, y=12], time=Tue Jun 04 17:20:55 BST 2013, clock=0]
Position [agent=a3, id=null, cell=Cell [x=8, y=13], time=Tue Jun 04 17:20:56 BST 2013, clock=0]
Position [agent=a3, id=null, cell=Cell [x=8, y=14], time=Tue Jun 04 17:20:57 BST 2013, clock=0]
Position [agent=a3, id=null, cell=Cell [x=8, y=15], time=Tue Jun 04 17:20:58 BST 2013, clock=0]
Position [agent=a3, id=null, cell=Cell [x=8, y=16], time=Tue Jun 04 17:21:00 BST 2013, clock=0]
Position [agent=a3, id=null, cell=Cell [x=8, y=17], time=Tue Jun 04 17:21:01 BST 2013, clock=0]
Position [agent=a3, id=null, cell=Cell [x=8, y=18], time=Tue Jun 04 17:21:02 BST 2013, clock=0]
Position [agent=a3, id=null, cell=Cell [x=8, y=19], time=Tue Jun 04 17:21:03 BST 2013, clock=0]
Position [agent=a3, id=null, cell=Cell [x=9, y=19], time=Tue Jun 04 17:21:04 BST 2013, clock=0]
Position [agent=a3, id=null, cell=Cell [x=10, y=19], time=Tue Jun 04 17:21:06 BST 2013, clock=0]
Position [agent=a3, id=null, cell=Cell [x=11, y=19], time=Tue Jun 04 17:21:07 BST 2013, clock=0]
Position [agent=a3, id=null, cell=Cell [x=12, y=19], time=Tue Jun 04 17:21:08 BST 2013, clock=0]
Position [agent=a3, id=null, cell=Cell [x=13, y=19], time=Tue Jun 04 17:21:09 BST 2013, clock=0]
Position [agent=a3, id=null, cell=Cell [x=14, y=19], time=Tue Jun 04 17:21:10 BST 2013, clock=0]
Position [agent=a3, id=null, cell=Cell [x=15, y=19], time=Tue Jun 04 17:21:11 BST 2013, clock=0]
Position [agent=a3, id=null, cell=Cell [x=16, y=19], time=Tue Jun 04 17:21:13 BST 2013, clock=0]
Position [agent=a3, id=null, cell=Cell [x=17, y=19], time=Tue Jun 04 17:21:14 BST 2013, clock=0]
Position [agent=a3, id=null, cell=Cell [x=18, y=19], time=Tue Jun 04 17:21:15 BST 2013, clock=0]
Position [agent=a3, id=null, cell=Cell [x=19, y=19], time=Tue Jun 04 17:21:17 BST 2013, clock=0]
Position [agent=a1, id=null, cell=Cell [x=3, y=4], time=Tue Jun 04 18:09:43 BST 2013, clock=0]
Position [agent=a1, id=null, cell=Cell [x=3, y=4], time=Tue Jun 04 18:09:43 BST 2013, clock=0]
Position [agent=a1, id=null, cell=Cell [x=3, y=5], time=Tue Jun 04 18:09:46 BST 2013, clock=0]
Position [agent=a1, id=null, cell=Cell [x=3, y=5], time=Tue Jun 04 18:09:46 BST 2013, clock=0]
Position [agent=a1, id=null, cell=Cell [x=4, y=5], time=Tue Jun 04 18:09:48 BST 2013, clock=0]
Position [agent=a1, id=null, cell=Cell [x=3, y=6], time=Tue Jun 04 18:09:48 BST 2013, clock=0]
Position [agent=a1, id=null, cell=Cell [x=4, y=6], time=Tue Jun 04 18:09:50 BST 2013, clock=0]
Position [agent=a1, id=null, cell=Cell [x=3, y=7], time=Tue Jun 04 18:09:50 BST 2013, clock=0]
Position [agent=a1, id=null, cell=Cell [x=4, y=7], time=Tue Jun 04 18:09:52 BST 2013, clock=0]
Position [agent=a1, id=null, cell=Cell [x=3, y=8], time=Tue Jun 04 18:09:53 BST 2013, clock=0]
Position [agent=a1, id=null, cell=Cell [x=4, y=8], time=Tue Jun 04 18:09:55 BST 2013, clock=0]
Position [agent=a1, id=null, cell=Cell [x=3, y=9], time=Tue Jun 04 18:09:55 BST 2013, clock=0]
Position [agent=a1, id=null, cell=Cell [x=4, y=9], time=Tue Jun 04 18:09:57 BST 2013, clock=0]
Position [agent=a1, id=null, cell=Cell [x=3, y=10], time=Tue Jun 04 18:09:57 BST 2013, clock=0]
Position [agent=a1, id=null, cell=Cell [x=4, y=10], time=Tue Jun 04 18:09:59 BST 2013, clock=0]
Position [agent=a1, id=null, cell=Cell [x=4, y=10], time=Tue Jun 04 18:10:00 BST 2013, clock=0]
Position [agent=a1, id=null, cell=Cell [x=5, y=10], time=Tue Jun 04 18:10:01 BST 2013, clock=0]
Position [agent=a1, id=null, cell=Cell [x=5, y=10], time=Tue Jun 04 18:10:02 BST 2013, clock=0]
Position [agent=a1, id=null, cell=Cell [x=5, y=9], time=Tue Jun 04 18:10:04 BST 2013, clock=0]
Position [agent=a1, id=null, cell=Cell [x=6, y=10], time=Tue Jun 04 18:10:04 BST 2013, clock=0]
Position [agent=a1, id=null, cell=Cell [x=5, y=10], time=Tue Jun 04 18:10:06 BST 2013, clock=0]
Position [agent=a1, id=null, cell=Cell [x=7, y=10], time=Tue Jun 04 18:10:06 BST 2013, clock=0]
Position [agent=a1, id=null, cell=Cell [x=6, y=10], time=Tue Jun 04 18:10:08 BST 2013, clock=0]
Position [agent=a1, id=null, cell=Cell [x=8, y=10], time=Tue Jun 04 18:10:08 BST 2013, clock=0]
Position [agent=a1, id=null, cell=Cell [x=7, y=10], time=Tue Jun 04 18:10:10 BST 2013, clock=0]
Position [agent=a1, id=null, cell=Cell [x=9, y=10], time=Tue Jun 04 18:10:10 BST 2013, clock=0]
Position [agent=a1, id=null, cell=Cell [x=8, y=10], time=Tue Jun 04 18:10:12 BST 2013, clock=0]
Position [agent=a1, id=null, cell=Cell [x=10, y=10], time=Tue Jun 04 18:10:12 BST 2013, clock=0]
Position [agent=a1, id=null, cell=Cell [x=9, y=10], time=Tue Jun 04 18:10:13 BST 2013, clock=0]
Position [agent=a1, id=null, cell=Cell [x=8, y=10], time=Tue Jun 04 18:10:14 BST 2013, clock=0]
Position [agent=a1, id=null, cell=Cell [x=7, y=10], time=Tue Jun 04 18:10:16 BST 2013, clock=0]
Position [agent=a1, id=null, cell=Cell [x=6, y=10], time=Tue Jun 04 18:10:17 BST 2013, clock=0]
Position [agent=a1, id=null, cell=Cell [x=5, y=10], time=Tue Jun 04 18:10:18 BST 2013, clock=0]
Position [agent=a1, id=null, cell=Cell [x=5, y=9], time=Tue Jun 04 18:10:19 BST 2013, clock=0]
Position [agent=a1, id=null, cell=Cell [x=5, y=8], time=Tue Jun 04 18:10:21 BST 2013, clock=0]
Position [agent=a1, id=null, cell=Cell [x=5, y=7], time=Tue Jun 04 18:10:21 BST 2013, clock=0]
Position [agent=a1, id=null, cell=Cell [x=5, y=6], time=Tue Jun 04 18:10:22 BST 2013, clock=0]
Position [agent=a1, id=null, cell=Cell [x=5, y=5], time=Tue Jun 04 18:10:24 BST 2013, clock=0]
Position [agent=a2, id=null, cell=Cell [x=7, y=19], time=Tue Jun 04 19:27:09 BST 2013, clock=0]
Position [agent=a3, id=null, cell=Cell [x=11, y=2], time=Tue Jun 04 19:27:09 BST 2013, clock=0]
Position [agent=a2, id=null, cell=Cell [x=6, y=19], time=Tue Jun 04 19:27:11 BST 2013, clock=0]
Position [agent=a3, id=null, cell=Cell [x=11, y=3], time=Tue Jun 04 19:27:11 BST 2013, clock=0]
Position [agent=a1, id=null, cell=Cell [x=3, y=4], time=Tue Jun 04 19:27:11 BST 2013, clock=0]
Position [agent=a1, id=null, cell=Cell [x=3, y=4], time=Tue Jun 04 19:27:11 BST 2013, clock=0]
Position [agent=t1, id=null, cell=Cell [x=18, y=19], time=Tue Jun 04 19:27:11 BST 2013, clock=0]
Position [agent=a3, id=null, cell=Cell [x=11, y=4], time=Tue Jun 04 19:27:12 BST 2013, clock=0]
Position [agent=t1, id=null, cell=Cell [x=17, y=19], time=Tue Jun 04 19:27:13 BST 2013, clock=0]
Position [agent=a2, id=null, cell=Cell [x=5, y=19], time=Tue Jun 04 19:27:13 BST 2013, clock=0]
Position [agent=a3, id=null, cell=Cell [x=11, y=5], time=Tue Jun 04 19:27:14 BST 2013, clock=0]
Position [agent=a1, id=null, cell=Cell [x=3, y=5], time=Tue Jun 04 19:27:14 BST 2013, clock=0]
Position [agent=a2, id=null, cell=Cell [x=4, y=19], time=Tue Jun 04 19:27:14 BST 2013, clock=0]
Position [agent=t1, id=null, cell=Cell [x=16, y=19], time=Tue Jun 04 19:27:14 BST 2013, clock=0]
Position [agent=a1, id=null, cell=Cell [x=3, y=5], time=Tue Jun 04 19:27:14 BST 2013, clock=0]
Position [agent=a3, id=null, cell=Cell [x=11, y=6], time=Tue Jun 04 19:27:15 BST 2013, clock=0]
Position [agent=t1, id=null, cell=Cell [x=15, y=19], time=Tue Jun 04 19:27:15 BST 2013, clock=0]
Position [agent=a2, id=null, cell=Cell [x=3, y=19], time=Tue Jun 04 19:27:16 BST 2013, clock=0]
Position [agent=t1, id=null, cell=Cell [x=14, y=19], time=Tue Jun 04 19:27:16 BST 2013, clock=0]
Position [agent=a1, id=null, cell=Cell [x=4, y=5], time=Tue Jun 04 19:27:16 BST 2013, clock=0]
Position [agent=a1, id=null, cell=Cell [x=3, y=6], time=Tue Jun 04 19:27:16 BST 2013, clock=0]
Position [agent=a3, id=null, cell=Cell [x=11, y=7], time=Tue Jun 04 19:27:17 BST 2013, clock=0]
Position [agent=t1, id=null, cell=Cell [x=13, y=19], time=Tue Jun 04 19:27:17 BST 2013, clock=0]
Position [agent=a2, id=null, cell=Cell [x=3, y=18], time=Tue Jun 04 19:27:18 BST 2013, clock=0]
Position [agent=t1, id=null, cell=Cell [x=12, y=19], time=Tue Jun 04 19:27:18 BST 2013, clock=0]
Position [agent=a1, id=null, cell=Cell [x=4, y=6], time=Tue Jun 04 19:27:18 BST 2013, clock=0]
Position [agent=a1, id=null, cell=Cell [x=3, y=7], time=Tue Jun 04 19:27:18 BST 2013, clock=0]
Position [agent=a3, id=null, cell=Cell [x=11, y=8], time=Tue Jun 04 19:27:19 BST 2013, clock=0]
Position [agent=t1, id=null, cell=Cell [x=11, y=19], time=Tue Jun 04 19:27:19 BST 2013, clock=0]
Position [agent=a2, id=null, cell=Cell [x=3, y=17], time=Tue Jun 04 19:27:20 BST 2013, clock=0]
Position [agent=a3, id=null, cell=Cell [x=11, y=9], time=Tue Jun 04 19:27:20 BST 2013, clock=0]
Position [agent=t1, id=null, cell=Cell [x=10, y=19], time=Tue Jun 04 19:27:20 BST 2013, clock=0]
Position [agent=a1, id=null, cell=Cell [x=4, y=7], time=Tue Jun 04 19:27:21 BST 2013, clock=0]
Position [agent=a2, id=null, cell=Cell [x=3, y=16], time=Tue Jun 04 19:27:21 BST 2013, clock=0]
Position [agent=a1, id=null, cell=Cell [x=3, y=8], time=Tue Jun 04 19:27:21 BST 2013, clock=0]
Position [agent=t1, id=null, cell=Cell [x=9, y=19], time=Tue Jun 04 19:27:21 BST 2013, clock=0]
Position [agent=a3, id=null, cell=Cell [x=11, y=10], time=Tue Jun 04 19:27:22 BST 2013, clock=0]
Position [agent=t1, id=null, cell=Cell [x=8, y=19], time=Tue Jun 04 19:27:23 BST 2013, clock=0]
Position [agent=a2, id=null, cell=Cell [x=3, y=15], time=Tue Jun 04 19:27:23 BST 2013, clock=0]
Position [agent=a1, id=null, cell=Cell [x=4, y=8], time=Tue Jun 04 19:27:23 BST 2013, clock=0]
Position [agent=t1, id=null, cell=Cell [x=7, y=19], time=Tue Jun 04 19:27:23 BST 2013, clock=0]
Position [agent=a1, id=null, cell=Cell [x=3, y=9], time=Tue Jun 04 19:27:23 BST 2013, clock=0]
Position [agent=a3, id=null, cell=Cell [x=11, y=11], time=Tue Jun 04 19:27:24 BST 2013, clock=0]
Position [agent=a2, id=null, cell=Cell [x=3, y=14], time=Tue Jun 04 19:27:25 BST 2013, clock=0]
Position [agent=a1, id=null, cell=Cell [x=4, y=9], time=Tue Jun 04 19:27:25 BST 2013, clock=0]
Position [agent=t1, id=null, cell=Cell [x=6, y=19], time=Tue Jun 04 19:27:25 BST 2013, clock=0]
Position [agent=a1, id=null, cell=Cell [x=3, y=10], time=Tue Jun 04 19:27:25 BST 2013, clock=0]
Position [agent=a3, id=null, cell=Cell [x=11, y=12], time=Tue Jun 04 19:27:25 BST 2013, clock=0]
Position [agent=t1, id=null, cell=Cell [x=5, y=19], time=Tue Jun 04 19:27:26 BST 2013, clock=0]
Position [agent=a2, id=null, cell=Cell [x=3, y=13], time=Tue Jun 04 19:27:26 BST 2013, clock=0]
Position [agent=t1, id=null, cell=Cell [x=4, y=19], time=Tue Jun 04 19:27:27 BST 2013, clock=0]
Position [agent=a3, id=null, cell=Cell [x=11, y=13], time=Tue Jun 04 19:27:27 BST 2013, clock=0]
Position [agent=a1, id=null, cell=Cell [x=4, y=10], time=Tue Jun 04 19:27:27 BST 2013, clock=0]
Position [agent=t1, id=null, cell=Cell [x=3, y=19], time=Tue Jun 04 19:27:27 BST 2013, clock=0]
Position [agent=a2, id=null, cell=Cell [x=3, y=12], time=Tue Jun 04 19:27:28 BST 2013, clock=0]
Position [agent=a1, id=null, cell=Cell [x=4, y=10], time=Tue Jun 04 19:27:28 BST 2013, clock=0]
Position [agent=a3, id=null, cell=Cell [x=11, y=14], time=Tue Jun 04 19:27:28 BST 2013, clock=0]
Position [agent=t1, id=null, cell=Cell [x=2, y=19], time=Tue Jun 04 19:27:28 BST 2013, clock=0]
Position [agent=a2, id=null, cell=Cell [x=3, y=11], time=Tue Jun 04 19:27:29 BST 2013, clock=0]
Position [agent=a3, id=null, cell=Cell [x=11, y=15], time=Tue Jun 04 19:27:30 BST 2013, clock=0]
Position [agent=t1, id=null, cell=Cell [x=2, y=18], time=Tue Jun 04 19:27:30 BST 2013, clock=0]
Position [agent=a1, id=null, cell=Cell [x=5, y=10], time=Tue Jun 04 19:27:30 BST 2013, clock=0]
Position [agent=a2, id=null, cell=Cell [x=3, y=10], time=Tue Jun 04 19:27:30 BST 2013, clock=0]
Position [agent=a1, id=null, cell=Cell [x=5, y=10], time=Tue Jun 04 19:27:30 BST 2013, clock=0]
Position [agent=t1, id=null, cell=Cell [x=2, y=17], time=Tue Jun 04 19:27:30 BST 2013, clock=0]
Position [agent=a3, id=null, cell=Cell [x=11, y=16], time=Tue Jun 04 19:27:32 BST 2013, clock=0]
Position [agent=t1, id=null, cell=Cell [x=2, y=16], time=Tue Jun 04 19:27:32 BST 2013, clock=0]
Position [agent=a2, id=null, cell=Cell [x=3, y=9], time=Tue Jun 04 19:27:32 BST 2013, clock=0]
Position [agent=a1, id=null, cell=Cell [x=5, y=9], time=Tue Jun 04 19:27:33 BST 2013, clock=0]
Position [agent=t1, id=null, cell=Cell [x=2, y=15], time=Tue Jun 04 19:27:33 BST 2013, clock=0]
Position [agent=a1, id=null, cell=Cell [x=6, y=10], time=Tue Jun 04 19:27:33 BST 2013, clock=0]
Position [agent=a3, id=null, cell=Cell [x=11, y=17], time=Tue Jun 04 19:27:33 BST 2013, clock=0]
Position [agent=a2, id=null, cell=Cell [x=3, y=8], time=Tue Jun 04 19:27:34 BST 2013, clock=0]
Position [agent=a3, id=null, cell=Cell [x=11, y=18], time=Tue Jun 04 19:27:35 BST 2013, clock=0]
Position [agent=a1, id=null, cell=Cell [x=5, y=10], time=Tue Jun 04 19:27:35 BST 2013, clock=0]
Position [agent=t1, id=null, cell=Cell [x=2, y=14], time=Tue Jun 04 19:27:35 BST 2013, clock=0]
Position [agent=a1, id=null, cell=Cell [x=7, y=10], time=Tue Jun 04 19:27:35 BST 2013, clock=0]
Position [agent=a2, id=null, cell=Cell [x=3, y=7], time=Tue Jun 04 19:27:36 BST 2013, clock=0]
Position [agent=t1, id=null, cell=Cell [x=2, y=13], time=Tue Jun 04 19:27:36 BST 2013, clock=0]
Position [agent=a3, id=null, cell=Cell [x=11, y=19], time=Tue Jun 04 19:27:37 BST 2013, clock=0]
Position [agent=t1, id=null, cell=Cell [x=2, y=12], time=Tue Jun 04 19:27:37 BST 2013, clock=0]
Position [agent=a1, id=null, cell=Cell [x=6, y=10], time=Tue Jun 04 19:27:37 BST 2013, clock=0]
Position [agent=a1, id=null, cell=Cell [x=8, y=10], time=Tue Jun 04 19:27:37 BST 2013, clock=0]
Position [agent=a2, id=null, cell=Cell [x=3, y=6], time=Tue Jun 04 19:27:37 BST 2013, clock=0]
Position [agent=t1, id=null, cell=Cell [x=2, y=11], time=Tue Jun 04 19:27:37 BST 2013, clock=0]
Position [agent=a3, id=null, cell=Cell [x=12, y=19], time=Tue Jun 04 19:27:38 BST 2013, clock=0]
Position [agent=t1, id=null, cell=Cell [x=2, y=10], time=Tue Jun 04 19:27:38 BST 2013, clock=0]
Position [agent=a3, id=null, cell=Cell [x=13, y=19], time=Tue Jun 04 19:27:39 BST 2013, clock=0]
Position [agent=a1, id=null, cell=Cell [x=7, y=10], time=Tue Jun 04 19:27:39 BST 2013, clock=0]
Position [agent=t1, id=null, cell=Cell [x=2, y=9], time=Tue Jun 04 19:27:39 BST 2013, clock=0]
Position [agent=a1, id=null, cell=Cell [x=9, y=10], time=Tue Jun 04 19:27:39 BST 2013, clock=0]
Position [agent=a3, id=null, cell=Cell [x=14, y=19], time=Tue Jun 04 19:27:40 BST 2013, clock=0]
Position [agent=a3, id=null, cell=Cell [x=15, y=19], time=Tue Jun 04 19:27:41 BST 2013, clock=0]
Position [agent=t1, id=null, cell=Cell [x=2, y=8], time=Tue Jun 04 19:27:41 BST 2013, clock=0]
Position [agent=a1, id=null, cell=Cell [x=8, y=10], time=Tue Jun 04 19:27:42 BST 2013, clock=0]
Position [agent=t1, id=null, cell=Cell [x=2, y=7], time=Tue Jun 04 19:27:42 BST 2013, clock=0]
Position [agent=a3, id=null, cell=Cell [x=16, y=19], time=Tue Jun 04 19:27:42 BST 2013, clock=0]
Position [agent=a1, id=null, cell=Cell [x=10, y=10], time=Tue Jun 04 19:27:42 BST 2013, clock=0]
Position [agent=t1, id=null, cell=Cell [x=2, y=6], time=Tue Jun 04 19:27:44 BST 2013, clock=0]
Position [agent=a3, id=null, cell=Cell [x=17, y=19], time=Tue Jun 04 19:27:44 BST 2013, clock=0]
Position [agent=a1, id=null, cell=Cell [x=9, y=10], time=Tue Jun 04 19:27:44 BST 2013, clock=0]
Position [agent=t1, id=null, cell=Cell [x=2, y=5], time=Tue Jun 04 19:27:45 BST 2013, clock=0]
Position [agent=a1, id=null, cell=Cell [x=8, y=10], time=Tue Jun 04 19:27:45 BST 2013, clock=0]
Position [agent=a3, id=null, cell=Cell [x=18, y=19], time=Tue Jun 04 19:27:45 BST 2013, clock=0]
Position [agent=t1, id=null, cell=Cell [x=2, y=4], time=Tue Jun 04 19:27:46 BST 2013, clock=0]
Position [agent=a1, id=null, cell=Cell [x=7, y=10], time=Tue Jun 04 19:27:46 BST 2013, clock=0]
Position [agent=a3, id=null, cell=Cell [x=19, y=19], time=Tue Jun 04 19:27:47 BST 2013, clock=0]
Position [agent=a1, id=null, cell=Cell [x=6, y=10], time=Tue Jun 04 19:27:47 BST 2013, clock=0]
Position [agent=t1, id=null, cell=Cell [x=2, y=3], time=Tue Jun 04 19:27:48 BST 2013, clock=0]
Position [agent=a1, id=null, cell=Cell [x=5, y=10], time=Tue Jun 04 19:27:48 BST 2013, clock=0]
Position [agent=t1, id=null, cell=Cell [x=2, y=2], time=Tue Jun 04 19:27:48 BST 2013, clock=0]
Position [agent=a1, id=null, cell=Cell [x=5, y=9], time=Tue Jun 04 19:27:49 BST 2013, clock=0]
Position [agent=a1, id=null, cell=Cell [x=5, y=8], time=Tue Jun 04 19:27:50 BST 2013, clock=0]
Position [agent=a1, id=null, cell=Cell [x=5, y=7], time=Tue Jun 04 19:27:51 BST 2013, clock=0]
Position [agent=a1, id=null, cell=Cell [x=5, y=6], time=Tue Jun 04 19:27:52 BST 2013, clock=0]
Position [agent=a1, id=null, cell=Cell [x=5, y=5], time=Tue Jun 04 19:27:52 BST 2013, clock=0]
Position [agent=a1, id=null, cell=Cell [x=5, y=6], time=Tue Jun 04 19:29:13 BST 2013, clock=0]
Position [agent=a1, id=null, cell=Cell [x=5, y=6], time=Tue Jun 04 19:29:14 BST 2013, clock=0]
Position [agent=a1, id=null, cell=Cell [x=5, y=6], time=Tue Jun 04 19:29:14 BST 2013, clock=0]
Position [agent=a1, id=null, cell=Cell [x=5, y=7], time=Tue Jun 04 19:29:15 BST 2013, clock=0]
Position [agent=a1, id=null, cell=Cell [x=6, y=6], time=Tue Jun 04 19:29:16 BST 2013, clock=0]
Position [agent=a1, id=null, cell=Cell [x=6, y=6], time=Tue Jun 04 19:29:16 BST 2013, clock=0]
Position [agent=a1, id=null, cell=Cell [x=6, y=7], time=Tue Jun 04 19:29:17 BST 2013, clock=0]
Position [agent=a1, id=null, cell=Cell [x=7, y=6], time=Tue Jun 04 19:29:18 BST 2013, clock=0]
Position [agent=a1, id=null, cell=Cell [x=7, y=6], time=Tue Jun 04 19:29:18 BST 2013, clock=0]
Position [agent=a1, id=null, cell=Cell [x=7, y=7], time=Tue Jun 04 19:29:19 BST 2013, clock=0]
Position [agent=a1, id=null, cell=Cell [x=8, y=6], time=Tue Jun 04 19:29:19 BST 2013, clock=0]
Position [agent=a1, id=null, cell=Cell [x=8, y=6], time=Tue Jun 04 19:29:20 BST 2013, clock=0]
Position [agent=a1, id=null, cell=Cell [x=8, y=7], time=Tue Jun 04 19:29:21 BST 2013, clock=0]
Position [agent=a1, id=null, cell=Cell [x=9, y=6], time=Tue Jun 04 19:29:21 BST 2013, clock=0]
Position [agent=a1, id=null, cell=Cell [x=9, y=7], time=Tue Jun 04 19:29:22 BST 2013, clock=0]
Position [agent=a1, id=null, cell=Cell [x=10, y=6], time=Tue Jun 04 19:29:22 BST 2013, clock=0]
Position [agent=a1, id=null, cell=Cell [x=10, y=7], time=Tue Jun 04 19:29:23 BST 2013, clock=0]
Position [agent=a1, id=null, cell=Cell [x=11, y=6], time=Tue Jun 04 19:29:24 BST 2013, clock=0]
Position [agent=a1, id=null, cell=Cell [x=11, y=7], time=Tue Jun 04 19:29:25 BST 2013, clock=0]
Position [agent=a1, id=null, cell=Cell [x=12, y=6], time=Tue Jun 04 19:29:25 BST 2013, clock=0]
Position [agent=a1, id=null, cell=Cell [x=12, y=7], time=Tue Jun 04 19:29:26 BST 2013, clock=0]
Position [agent=a1, id=null, cell=Cell [x=13, y=6], time=Tue Jun 04 19:29:26 BST 2013, clock=0]
Position [agent=a1, id=null, cell=Cell [x=13, y=7], time=Tue Jun 04 19:29:27 BST 2013, clock=0]
Position [agent=a1, id=null, cell=Cell [x=14, y=6], time=Tue Jun 04 19:29:27 BST 2013, clock=0]
Position [agent=a1, id=null, cell=Cell [x=14, y=7], time=Tue Jun 04 19:29:28 BST 2013, clock=0]
Position [agent=a1, id=null, cell=Cell [x=15, y=6], time=Tue Jun 04 19:29:29 BST 2013, clock=0]
Position [agent=a1, id=null, cell=Cell [x=15, y=7], time=Tue Jun 04 19:29:30 BST 2013, clock=0]
Position [agent=a1, id=null, cell=Cell [x=16, y=6], time=Tue Jun 04 19:29:30 BST 2013, clock=0]
Position [agent=a1, id=null, cell=Cell [x=16, y=7], time=Tue Jun 04 19:29:31 BST 2013, clock=0]
Position [agent=a1, id=null, cell=Cell [x=16, y=8], time=Tue Jun 04 19:29:32 BST 2013, clock=0]
Position [agent=a1, id=null, cell=Cell [x=16, y=9], time=Tue Jun 04 19:29:33 BST 2013, clock=0]
Position [agent=a1, id=null, cell=Cell [x=15, y=9], time=Tue Jun 04 19:29:34 BST 2013, clock=0]
Position [agent=a1, id=null, cell=Cell [x=14, y=9], time=Tue Jun 04 19:29:35 BST 2013, clock=0]
Position [agent=a1, id=null, cell=Cell [x=13, y=9], time=Tue Jun 04 19:29:36 BST 2013, clock=0]
Position [agent=a1, id=null, cell=Cell [x=12, y=9], time=Tue Jun 04 19:29:37 BST 2013, clock=0]
Position [agent=a1, id=null, cell=Cell [x=11, y=9], time=Tue Jun 04 19:29:38 BST 2013, clock=0]
Position [agent=a1, id=null, cell=Cell [x=10, y=9], time=Tue Jun 04 19:29:39 BST 2013, clock=0]
Position [agent=a1, id=null, cell=Cell [x=9, y=9], time=Tue Jun 04 19:29:40 BST 2013, clock=0]
Position [agent=a1, id=null, cell=Cell [x=8, y=9], time=Tue Jun 04 19:29:41 BST 2013, clock=0]
Position [agent=a1, id=null, cell=Cell [x=7, y=9], time=Tue Jun 04 19:29:42 BST 2013, clock=0]
Position [agent=a1, id=null, cell=Cell [x=6, y=9], time=Tue Jun 04 19:29:42 BST 2013, clock=0]
Position [agent=a1, id=null, cell=Cell [x=5, y=9], time=Tue Jun 04 19:29:43 BST 2013, clock=0]
Position [agent=a1, id=null, cell=Cell [x=4, y=9], time=Tue Jun 04 19:29:44 BST 2013, clock=0]
Position [agent=a1, id=null, cell=Cell [x=3, y=9], time=Tue Jun 04 19:29:44 BST 2013, clock=0]
Position [agent=a2, id=null, cell=Cell [x=3, y=7], time=Tue Jun 04 19:29:48 BST 2013, clock=0]
Position [agent=a2, id=null, cell=Cell [x=4, y=6], time=Tue Jun 04 19:29:48 BST 2013, clock=0]
Position [agent=a3, id=null, cell=Cell [x=18, y=19], time=Tue Jun 04 19:29:49 BST 2013, clock=0]
Position [agent=a2, id=null, cell=Cell [x=4, y=6], time=Tue Jun 04 19:29:49 BST 2013, clock=0]
Position [agent=a3, id=null, cell=Cell [x=18, y=19], time=Tue Jun 04 19:29:49 BST 2013, clock=0]
Position [agent=a3, id=null, cell=Cell [x=18, y=19], time=Tue Jun 04 19:29:49 BST 2013, clock=0]
Position [agent=a2, id=null, cell=Cell [x=4, y=7], time=Tue Jun 04 19:29:50 BST 2013, clock=0]
Position [agent=a2, id=null, cell=Cell [x=5, y=6], time=Tue Jun 04 19:29:51 BST 2013, clock=0]
Position [agent=a3, id=null, cell=Cell [x=17, y=19], time=Tue Jun 04 19:29:51 BST 2013, clock=0]
Position [agent=a2, id=null, cell=Cell [x=5, y=6], time=Tue Jun 04 19:29:51 BST 2013, clock=0]
Position [agent=a3, id=null, cell=Cell [x=17, y=19], time=Tue Jun 04 19:29:51 BST 2013, clock=0]
Position [agent=a3, id=null, cell=Cell [x=17, y=19], time=Tue Jun 04 19:29:52 BST 2013, clock=0]
Position [agent=a3, id=null, cell=Cell [x=16, y=19], time=Tue Jun 04 19:29:53 BST 2013, clock=0]
Position [agent=a2, id=null, cell=Cell [x=5, y=7], time=Tue Jun 04 19:29:53 BST 2013, clock=0]
Position [agent=a2, id=null, cell=Cell [x=6, y=6], time=Tue Jun 04 19:29:53 BST 2013, clock=0]
Position [agent=a3, id=null, cell=Cell [x=16, y=19], time=Tue Jun 04 19:29:53 BST 2013, clock=0]
Position [agent=a3, id=null, cell=Cell [x=16, y=19], time=Tue Jun 04 19:29:54 BST 2013, clock=0]
Position [agent=a2, id=null, cell=Cell [x=6, y=6], time=Tue Jun 04 19:29:54 BST 2013, clock=0]
Position [agent=a2, id=null, cell=Cell [x=6, y=7], time=Tue Jun 04 19:29:55 BST 2013, clock=0]
Position [agent=a2, id=null, cell=Cell [x=7, y=6], time=Tue Jun 04 19:29:55 BST 2013, clock=0]
Position [agent=a2, id=null, cell=Cell [x=7, y=6], time=Tue Jun 04 19:29:55 BST 2013, clock=0]
Position [agent=a3, id=null, cell=Cell [x=15, y=19], time=Tue Jun 04 19:29:56 BST 2013, clock=0]
Position [agent=a3, id=null, cell=Cell [x=16, y=18], time=Tue Jun 04 19:29:56 BST 2013, clock=0]
Position [agent=a3, id=null, cell=Cell [x=15, y=19], time=Tue Jun 04 19:29:56 BST 2013, clock=0]
Position [agent=a2, id=null, cell=Cell [x=7, y=7], time=Tue Jun 04 19:29:58 BST 2013, clock=0]
Position [agent=a3, id=null, cell=Cell [x=15, y=18], time=Tue Jun 04 19:29:58 BST 2013, clock=0]
Position [agent=a2, id=null, cell=Cell [x=8, y=6], time=Tue Jun 04 19:29:58 BST 2013, clock=0]
Position [agent=a2, id=null, cell=Cell [x=8, y=6], time=Tue Jun 04 19:29:58 BST 2013, clock=0]
Position [agent=a3, id=null, cell=Cell [x=16, y=19], time=Tue Jun 04 19:29:58 BST 2013, clock=0]
Position [agent=a3, id=null, cell=Cell [x=14, y=19], time=Tue Jun 04 19:29:58 BST 2013, clock=0]
Position [agent=a2, id=null, cell=Cell [x=8, y=7], time=Tue Jun 04 19:30:00 BST 2013, clock=0]
Position [agent=a3, id=null, cell=Cell [x=15, y=19], time=Tue Jun 04 19:30:00 BST 2013, clock=0]
Position [agent=a2, id=null, cell=Cell [x=9, y=6], time=Tue Jun 04 19:30:00 BST 2013, clock=0]
Position [agent=a3, id=null, cell=Cell [x=15, y=19], time=Tue Jun 04 19:30:00 BST 2013, clock=0]
Position [agent=a3, id=null, cell=Cell [x=13, y=19], time=Tue Jun 04 19:30:00 BST 2013, clock=0]
Position [agent=a3, id=null, cell=Cell [x=14, y=19], time=Tue Jun 04 19:30:02 BST 2013, clock=0]
Position [agent=a2, id=null, cell=Cell [x=9, y=7], time=Tue Jun 04 19:30:02 BST 2013, clock=0]
Position [agent=a3, id=null, cell=Cell [x=14, y=19], time=Tue Jun 04 19:30:02 BST 2013, clock=0]
Position [agent=a2, id=null, cell=Cell [x=10, y=6], time=Tue Jun 04 19:30:02 BST 2013, clock=0]
Position [agent=a3, id=null, cell=Cell [x=12, y=19], time=Tue Jun 04 19:30:02 BST 2013, clock=0]
Position [agent=a2, id=null, cell=Cell [x=10, y=7], time=Tue Jun 04 19:30:04 BST 2013, clock=0]
Position [agent=a3, id=null, cell=Cell [x=13, y=19], time=Tue Jun 04 19:30:04 BST 2013, clock=0]
Position [agent=a2, id=null, cell=Cell [x=11, y=6], time=Tue Jun 04 19:30:04 BST 2013, clock=0]
Position [agent=a3, id=null, cell=Cell [x=13, y=19], time=Tue Jun 04 19:30:04 BST 2013, clock=0]
Position [agent=a3, id=null, cell=Cell [x=11, y=19], time=Tue Jun 04 19:30:05 BST 2013, clock=0]
Position [agent=a2, id=null, cell=Cell [x=11, y=7], time=Tue Jun 04 19:30:06 BST 2013, clock=0]
Position [agent=a2, id=null, cell=Cell [x=12, y=6], time=Tue Jun 04 19:30:06 BST 2013, clock=0]
Position [agent=a3, id=null, cell=Cell [x=12, y=19], time=Tue Jun 04 19:30:07 BST 2013, clock=0]
Position [agent=a2, id=null, cell=Cell [x=12, y=7], time=Tue Jun 04 19:30:07 BST 2013, clock=0]
Position [agent=a3, id=null, cell=Cell [x=12, y=19], time=Tue Jun 04 19:30:07 BST 2013, clock=0]
Position [agent=a3, id=null, cell=Cell [x=10, y=19], time=Tue Jun 04 19:30:07 BST 2013, clock=0]
Position [agent=a2, id=null, cell=Cell [x=13, y=6], time=Tue Jun 04 19:30:07 BST 2013, clock=0]
Position [agent=a2, id=null, cell=Cell [x=13, y=7], time=Tue Jun 04 19:30:08 BST 2013, clock=0]
Position [agent=a2, id=null, cell=Cell [x=14, y=6], time=Tue Jun 04 19:30:09 BST 2013, clock=0]
Position [agent=a2, id=null, cell=Cell [x=14, y=7], time=Tue Jun 04 19:30:10 BST 2013, clock=0]
Position [agent=a3, id=null, cell=Cell [x=11, y=19], time=Tue Jun 04 19:30:10 BST 2013, clock=0]
Position [agent=a3, id=null, cell=Cell [x=11, y=19], time=Tue Jun 04 19:30:10 BST 2013, clock=0]
Position [agent=a2, id=null, cell=Cell [x=15, y=6], time=Tue Jun 04 19:30:10 BST 2013, clock=0]
Position [agent=a3, id=null, cell=Cell [x=9, y=19], time=Tue Jun 04 19:30:10 BST 2013, clock=0]
Position [agent=a2, id=null, cell=Cell [x=15, y=7], time=Tue Jun 04 19:30:12 BST 2013, clock=0]
Position [agent=a3, id=null, cell=Cell [x=10, y=19], time=Tue Jun 04 19:30:12 BST 2013, clock=0]
Position [agent=a2, id=null, cell=Cell [x=16, y=6], time=Tue Jun 04 19:30:12 BST 2013, clock=0]
Position [agent=a3, id=null, cell=Cell [x=10, y=19], time=Tue Jun 04 19:30:12 BST 2013, clock=0]
Position [agent=a3, id=null, cell=Cell [x=8, y=19], time=Tue Jun 04 19:30:12 BST 2013, clock=0]
Position [agent=a2, id=null, cell=Cell [x=16, y=7], time=Tue Jun 04 19:30:13 BST 2013, clock=0]
Position [agent=a2, id=null, cell=Cell [x=16, y=8], time=Tue Jun 04 19:30:14 BST 2013, clock=0]
Position [agent=a3, id=null, cell=Cell [x=9, y=19], time=Tue Jun 04 19:30:14 BST 2013, clock=0]
Position [agent=a3, id=null, cell=Cell [x=9, y=19], time=Tue Jun 04 19:30:14 BST 2013, clock=0]
Position [agent=a3, id=null, cell=Cell [x=8, y=18], time=Tue Jun 04 19:30:15 BST 2013, clock=0]
Position [agent=a2, id=null, cell=Cell [x=16, y=9], time=Tue Jun 04 19:30:15 BST 2013, clock=0]
Position [agent=a2, id=null, cell=Cell [x=15, y=9], time=Tue Jun 04 19:30:17 BST 2013, clock=0]
Position [agent=a3, id=null, cell=Cell [x=8, y=19], time=Tue Jun 04 19:30:17 BST 2013, clock=0]
Position [agent=a3, id=null, cell=Cell [x=9, y=18], time=Tue Jun 04 19:30:18 BST 2013, clock=0]
Position [agent=a2, id=null, cell=Cell [x=14, y=9], time=Tue Jun 04 19:30:18 BST 2013, clock=0]
Position [agent=a3, id=null, cell=Cell [x=8, y=17], time=Tue Jun 04 19:30:19 BST 2013, clock=0]
Position [agent=a2, id=null, cell=Cell [x=13, y=9], time=Tue Jun 04 19:30:19 BST 2013, clock=0]
Position [agent=a2, id=null, cell=Cell [x=12, y=9], time=Tue Jun 04 19:30:21 BST 2013, clock=0]
Position [agent=a3, id=null, cell=Cell [x=8, y=18], time=Tue Jun 04 19:30:21 BST 2013, clock=0]
Position [agent=a3, id=null, cell=Cell [x=9, y=17], time=Tue Jun 04 19:30:21 BST 2013, clock=0]
Position [agent=a3, id=null, cell=Cell [x=8, y=16], time=Tue Jun 04 19:30:21 BST 2013, clock=0]
Position [agent=a2, id=null, cell=Cell [x=11, y=9], time=Tue Jun 04 19:30:22 BST 2013, clock=0]
Position [agent=a2, id=null, cell=Cell [x=10, y=9], time=Tue Jun 04 19:30:23 BST 2013, clock=0]
Position [agent=a3, id=null, cell=Cell [x=8, y=17], time=Tue Jun 04 19:30:23 BST 2013, clock=0]
Position [agent=a3, id=null, cell=Cell [x=9, y=16], time=Tue Jun 04 19:30:23 BST 2013, clock=0]
Position [agent=a3, id=null, cell=Cell [x=8, y=15], time=Tue Jun 04 19:30:24 BST 2013, clock=0]
Position [agent=a2, id=null, cell=Cell [x=9, y=9], time=Tue Jun 04 19:30:24 BST 2013, clock=0]
Position [agent=a2, id=null, cell=Cell [x=8, y=9], time=Tue Jun 04 19:30:25 BST 2013, clock=0]
Position [agent=a3, id=null, cell=Cell [x=8, y=16], time=Tue Jun 04 19:30:25 BST 2013, clock=0]
Position [agent=a3, id=null, cell=Cell [x=9, y=15], time=Tue Jun 04 19:30:26 BST 2013, clock=0]
Position [agent=a3, id=null, cell=Cell [x=8, y=14], time=Tue Jun 04 19:30:26 BST 2013, clock=0]
Position [agent=a2, id=null, cell=Cell [x=7, y=9], time=Tue Jun 04 19:30:26 BST 2013, clock=0]
Position [agent=a2, id=null, cell=Cell [x=6, y=9], time=Tue Jun 04 19:30:27 BST 2013, clock=0]
Position [agent=a3, id=null, cell=Cell [x=8, y=15], time=Tue Jun 04 19:30:27 BST 2013, clock=0]
Position [agent=a3, id=null, cell=Cell [x=9, y=14], time=Tue Jun 04 19:30:28 BST 2013, clock=0]
Position [agent=a3, id=null, cell=Cell [x=8, y=13], time=Tue Jun 04 19:30:28 BST 2013, clock=0]
Position [agent=a2, id=null, cell=Cell [x=5, y=9], time=Tue Jun 04 19:30:28 BST 2013, clock=0]
Position [agent=a2, id=null, cell=Cell [x=4, y=9], time=Tue Jun 04 19:30:29 BST 2013, clock=0]
Position [agent=a3, id=null, cell=Cell [x=8, y=14], time=Tue Jun 04 19:30:30 BST 2013, clock=0]
Position [agent=a3, id=null, cell=Cell [x=9, y=13], time=Tue Jun 04 19:30:30 BST 2013, clock=0]
Position [agent=a3, id=null, cell=Cell [x=8, y=12], time=Tue Jun 04 19:30:30 BST 2013, clock=0]
Position [agent=a2, id=null, cell=Cell [x=3, y=9], time=Tue Jun 04 19:30:31 BST 2013, clock=0]
Position [agent=a3, id=null, cell=Cell [x=8, y=13], time=Tue Jun 04 19:30:32 BST 2013, clock=0]
Position [agent=a3, id=null, cell=Cell [x=9, y=12], time=Tue Jun 04 19:30:32 BST 2013, clock=0]
Position [agent=a3, id=null, cell=Cell [x=8, y=11], time=Tue Jun 04 19:30:32 BST 2013, clock=0]
Position [agent=a3, id=null, cell=Cell [x=8, y=12], time=Tue Jun 04 19:30:34 BST 2013, clock=0]
Position [agent=a3, id=null, cell=Cell [x=9, y=11], time=Tue Jun 04 19:30:34 BST 2013, clock=0]
Position [agent=a3, id=null, cell=Cell [x=8, y=10], time=Tue Jun 04 19:30:35 BST 2013, clock=0]
Position [agent=a3, id=null, cell=Cell [x=8, y=11], time=Tue Jun 04 19:30:36 BST 2013, clock=0]
Position [agent=a3, id=null, cell=Cell [x=9, y=10], time=Tue Jun 04 19:30:36 BST 2013, clock=0]
Position [agent=a3, id=null, cell=Cell [x=8, y=9], time=Tue Jun 04 19:30:37 BST 2013, clock=0]
Position [agent=a3, id=null, cell=Cell [x=8, y=10], time=Tue Jun 04 19:30:38 BST 2013, clock=0]
Position [agent=a3, id=null, cell=Cell [x=9, y=9], time=Tue Jun 04 19:30:38 BST 2013, clock=0]
Position [agent=a3, id=null, cell=Cell [x=8, y=8], time=Tue Jun 04 19:30:39 BST 2013, clock=0]
Position [agent=a3, id=null, cell=Cell [x=8, y=9], time=Tue Jun 04 19:30:40 BST 2013, clock=0]
Position [agent=a3, id=null, cell=Cell [x=9, y=8], time=Tue Jun 04 19:30:40 BST 2013, clock=0]
Position [agent=a3, id=null, cell=Cell [x=8, y=7], time=Tue Jun 04 19:30:40 BST 2013, clock=0]
Position [agent=a3, id=null, cell=Cell [x=9, y=9], time=Tue Jun 04 19:30:42 BST 2013, clock=0]
Position [agent=a3, id=null, cell=Cell [x=9, y=7], time=Tue Jun 04 19:30:42 BST 2013, clock=0]
Position [agent=a3, id=null, cell=Cell [x=8, y=6], time=Tue Jun 04 19:30:43 BST 2013, clock=0]
Position [agent=a3, id=null, cell=Cell [x=9, y=8], time=Tue Jun 04 19:30:44 BST 2013, clock=0]
Position [agent=a3, id=null, cell=Cell [x=9, y=6], time=Tue Jun 04 19:30:44 BST 2013, clock=0]
Position [agent=a3, id=null, cell=Cell [x=9, y=7], time=Tue Jun 04 19:30:45 BST 2013, clock=0]
Position [agent=a3, id=null, cell=Cell [x=10, y=6], time=Tue Jun 04 19:30:46 BST 2013, clock=0]
Position [agent=a3, id=null, cell=Cell [x=10, y=7], time=Tue Jun 04 19:30:47 BST 2013, clock=0]
Position [agent=a3, id=null, cell=Cell [x=11, y=6], time=Tue Jun 04 19:30:47 BST 2013, clock=0]
Position [agent=a3, id=null, cell=Cell [x=11, y=7], time=Tue Jun 04 19:30:48 BST 2013, clock=0]
Position [agent=a3, id=null, cell=Cell [x=12, y=6], time=Tue Jun 04 19:30:48 BST 2013, clock=0]
Position [agent=a3, id=null, cell=Cell [x=12, y=7], time=Tue Jun 04 19:30:49 BST 2013, clock=0]
Position [agent=a3, id=null, cell=Cell [x=13, y=6], time=Tue Jun 04 19:30:49 BST 2013, clock=0]
Position [agent=a3, id=null, cell=Cell [x=13, y=7], time=Tue Jun 04 19:30:50 BST 2013, clock=0]
Position [agent=a3, id=null, cell=Cell [x=14, y=6], time=Tue Jun 04 19:30:51 BST 2013, clock=0]
Position [agent=a3, id=null, cell=Cell [x=14, y=7], time=Tue Jun 04 19:30:52 BST 2013, clock=0]
Position [agent=a3, id=null, cell=Cell [x=15, y=6], time=Tue Jun 04 19:30:52 BST 2013, clock=0]
Position [agent=a3, id=null, cell=Cell [x=15, y=7], time=Tue Jun 04 19:30:53 BST 2013, clock=0]
Position [agent=a3, id=null, cell=Cell [x=16, y=6], time=Tue Jun 04 19:30:54 BST 2013, clock=0]
Position [agent=a3, id=null, cell=Cell [x=16, y=7], time=Tue Jun 04 19:30:54 BST 2013, clock=0]
Position [agent=a3, id=null, cell=Cell [x=16, y=8], time=Tue Jun 04 19:30:55 BST 2013, clock=0]
Position [agent=a3, id=null, cell=Cell [x=16, y=9], time=Tue Jun 04 19:30:55 BST 2013, clock=0]
Position [agent=a3, id=null, cell=Cell [x=15, y=9], time=Tue Jun 04 19:30:56 BST 2013, clock=0]
Position [agent=a3, id=null, cell=Cell [x=14, y=9], time=Tue Jun 04 19:30:57 BST 2013, clock=0]
Position [agent=a3, id=null, cell=Cell [x=13, y=9], time=Tue Jun 04 19:30:58 BST 2013, clock=0]
Position [agent=a3, id=null, cell=Cell [x=12, y=9], time=Tue Jun 04 19:30:58 BST 2013, clock=0]
Position [agent=a3, id=null, cell=Cell [x=11, y=9], time=Tue Jun 04 19:30:59 BST 2013, clock=0]
Position [agent=a3, id=null, cell=Cell [x=10, y=9], time=Tue Jun 04 19:31:00 BST 2013, clock=0]
Position [agent=a3, id=null, cell=Cell [x=9, y=9], time=Tue Jun 04 19:31:01 BST 2013, clock=0]
Position [agent=a3, id=null, cell=Cell [x=8, y=9], time=Tue Jun 04 19:31:01 BST 2013, clock=0]
Position [agent=a3, id=null, cell=Cell [x=7, y=9], time=Tue Jun 04 19:31:02 BST 2013, clock=0]
Position [agent=a3, id=null, cell=Cell [x=6, y=9], time=Tue Jun 04 19:31:03 BST 2013, clock=0]
Position [agent=a3, id=null, cell=Cell [x=5, y=9], time=Tue Jun 04 19:31:03 BST 2013, clock=0]
Position [agent=a3, id=null, cell=Cell [x=4, y=9], time=Tue Jun 04 19:31:04 BST 2013, clock=0]
Position [agent=a3, id=null, cell=Cell [x=3, y=9], time=Tue Jun 04 19:31:04 BST 2013, clock=0]
-------------------------last log tuples end----------------------------------
register a1
register a2
register a3
register c1
register t1
org position notification
Organization notifies agent (write): Obligation [agent=a2, obligation=[makeReading(8, 6)], sanction=[reduce_400(a2)], deadline=50, time=Wed Jun 05 10:35:43 BST 2013, clock=0]
Organization notifies agent (write): Obligation [agent=a2, obligation=[makeReading(16, 6)], sanction=[reduce_400(a2)], deadline=50, time=Wed Jun 05 10:35:44 BST 2013, clock=0]
Organization notifies agent (write): Obligation [agent=a2, obligation=[makeReading(3, 9)], sanction=[reduce_400(a2)], deadline=50, time=Wed Jun 05 10:35:44 BST 2013, clock=0]
Organization notifies agent (write): Obligation [agent=a3, obligation=[makeReading(8, 6)], sanction=[reduce_400(a3)], deadline=50, time=Wed Jun 05 10:35:45 BST 2013, clock=0]
Organization notifies agent (write): Obligation [agent=a3, obligation=[makeReading(16, 6)], sanction=[reduce_400(a3)], deadline=50, time=Wed Jun 05 10:35:45 BST 2013, clock=0]
Organization notifies agent (write): Obligation [agent=a3, obligation=[makeReading(3, 9)], sanction=[reduce_400(a3)], deadline=50, time=Wed Jun 05 10:35:46 BST 2013, clock=0]
Organization notifies agent (write): Prohibition [agent=t1, prohibition=[at(5, 5, t1)], sanction=[reduce_300(t1)], clock=0, time=Wed Jun 05 10:35:46 BST 2013]
Organization notifies agent (write): Prohibition [agent=t1, prohibition=[at(5, 6, t1)], sanction=[reduce_300(t1)], clock=0, time=Wed Jun 05 10:35:47 BST 2013]
Organization notifies agent (write): Prohibition [agent=t1, prohibition=[at(6, 5, t1)], sanction=[reduce_300(t1)], clock=0, time=Wed Jun 05 10:35:47 BST 2013]
Organization notifies agent (write): Prohibition [agent=t1, prohibition=[at(6, 6, t1)], sanction=[reduce_300(t1)], clock=0, time=Wed Jun 05 10:35:47 BST 2013]
Organization notifies agent (write): Prohibition [agent=c1, prohibition=[coin(5, 5, a1)], sanction=[reduce_300(c1)], clock=0, time=Wed Jun 05 10:35:48 BST 2013]
Organization notifies agent (write): Prohibition [agent=c1, prohibition=[coin(5, 6, a1)], sanction=[reduce_300(c1)], clock=0, time=Wed Jun 05 10:35:48 BST 2013]
Organization notifies agent (write): Prohibition [agent=c1, prohibition=[coin(6, 5, a1)], sanction=[reduce_300(c1)], clock=0, time=Wed Jun 05 10:35:48 BST 2013]
Organization notifies agent (write): Prohibition [agent=c1, prohibition=[coin(6, 6, a1)], sanction=[reduce_300(c1)], clock=0, time=Wed Jun 05 10:35:48 BST 2013]
Organization notifies agent (write): Prohibition [agent=c1, prohibition=[coin(5, 5, a2)], sanction=[reduce_300(c1)], clock=0, time=Wed Jun 05 10:35:48 BST 2013]
Organization notifies agent (write): Prohibition [agent=c1, prohibition=[coin(5, 6, a2)], sanction=[reduce_300(c1)], clock=0, time=Wed Jun 05 10:35:48 BST 2013]
Organization notifies agent (write): Prohibition [agent=c1, prohibition=[coin(6, 5, a2)], sanction=[reduce_300(c1)], clock=0, time=Wed Jun 05 10:35:48 BST 2013]
Organization notifies agent (write): Prohibition [agent=c1, prohibition=[coin(6, 6, a2)], sanction=[reduce_300(c1)], clock=0, time=Wed Jun 05 10:35:48 BST 2013]
Organization notifies agent (write): Prohibition [agent=c1, prohibition=[coin(5, 5, a3)], sanction=[reduce_300(c1)], clock=0, time=Wed Jun 05 10:35:48 BST 2013]
Organization notifies agent (write): Prohibition [agent=c1, prohibition=[coin(5, 6, a3)], sanction=[reduce_300(c1)], clock=0, time=Wed Jun 05 10:35:48 BST 2013]
Organization notifies agent (write): Prohibition [agent=c1, prohibition=[coin(6, 5, a3)], sanction=[reduce_300(c1)], clock=0, time=Wed Jun 05 10:35:48 BST 2013]
Organization notifies agent (write): Prohibition [agent=c1, prohibition=[coin(6, 6, a3)], sanction=[reduce_300(c1)], clock=0, time=Wed Jun 05 10:35:48 BST 2013]
Organization notifies agent (write): Prohibition [agent=a1, prohibition=[at(5, 5, a1)], sanction=[reduce_300(a1)], clock=0, time=Wed Jun 05 10:35:49 BST 2013]
Organization notifies agent (write): Prohibition [agent=a1, prohibition=[at(5, 6, a1)], sanction=[reduce_300(a1)], clock=0, time=Wed Jun 05 10:35:49 BST 2013]
Organization notifies agent (write): Prohibition [agent=a1, prohibition=[at(6, 5, a1)], sanction=[reduce_300(a1)], clock=0, time=Wed Jun 05 10:35:49 BST 2013]
Organization notifies agent (write): Prohibition [agent=a1, prohibition=[at(6, 6, a1)], sanction=[reduce_300(a1)], clock=0, time=Wed Jun 05 10:35:49 BST 2013]
Organization notifies agent (write): Prohibition [agent=a2, prohibition=[at(5, 5, a2)], sanction=[reduce_300(a2)], clock=0, time=Wed Jun 05 10:35:49 BST 2013]
Organization notifies agent (write): Prohibition [agent=a2, prohibition=[at(5, 6, a2)], sanction=[reduce_300(a2)], clock=0, time=Wed Jun 05 10:35:49 BST 2013]
Organization notifies agent (write): Prohibition [agent=a2, prohibition=[at(6, 5, a2)], sanction=[reduce_300(a2)], clock=0, time=Wed Jun 05 10:35:49 BST 2013]
Organization notifies agent (write): Prohibition [agent=a2, prohibition=[at(6, 6, a2)], sanction=[reduce_300(a2)], clock=0, time=Wed Jun 05 10:35:49 BST 2013]
Organization notifies agent (write): Prohibition [agent=a3, prohibition=[at(5, 5, a3)], sanction=[reduce_300(a3)], clock=0, time=Wed Jun 05 10:35:49 BST 2013]
Organization notifies agent (write): Prohibition [agent=a3, prohibition=[at(5, 6, a3)], sanction=[reduce_300(a3)], clock=0, time=Wed Jun 05 10:35:49 BST 2013]
Organization notifies agent (write): Prohibition [agent=a3, prohibition=[at(6, 5, a3)], sanction=[reduce_300(a3)], clock=0, time=Wed Jun 05 10:35:49 BST 2013]
Organization notifies agent (write): Prohibition [agent=a3, prohibition=[at(6, 6, a3)], sanction=[reduce_300(a3)], clock=0, time=Wed Jun 05 10:35:49 BST 2013]
Organization notifies agent (write): Obligation [agent=a1, obligation=[makeReading(8, 6)], sanction=[reduce_400(a1)], deadline=50, time=Wed Jun 05 10:36:05 BST 2013, clock=0]
Organization notifies agent (write): Obligation [agent=a1, obligation=[makeReading(16, 6)], sanction=[reduce_400(a1)], deadline=50, time=Wed Jun 05 10:36:05 BST 2013, clock=0]
Organization notifies agent (write): Obligation [agent=a1, obligation=[makeReading(3, 9)], sanction=[reduce_400(a1)], deadline=50, time=Wed Jun 05 10:36:06 BST 2013, clock=0]
org coin notification
Organization notifies agent (write): Prohibition [agent=a1, prohibition=[at(5, 5, a1)], sanction=[reduce_300(a1)], clock=0, time=Wed Jun 05 10:36:56 BST 2013]
org position notification
Organization notifies agent (write): Prohibition [agent=a1, prohibition=[at(5, 5, a1)], sanction=[reduce_300(a1)], clock=0, time=Wed Jun 05 10:37:27 BST 2013]
org position notification
Organization notifies agent (write): Prohibition [agent=a1, prohibition=[at(5, 5, a1)], sanction=[reduce_300(a1)], clock=0, time=Wed Jun 05 10:37:58 BST 2013]
org cargo notification
Organization notifies agent (write): Prohibition [agent=a1, prohibition=[at(5, 5, a1)], sanction=[reduce_300(a1)], clock=0, time=Wed Jun 05 10:38:13 BST 2013]
org position notification
org coin notification
org position notification
org position notification
org coin notification
org position notification
