test2.
Service Registrar: 407365e0-cb43-4d51-bb4d-4997a47d11d2
Java Space found.
TransactionManager found.
-------------------------last log tuples start--------------------------------
Obligation [agent=a1, obligation=[makeReading(3, 9)], sanction=[reduce_400(a1)], deadline=50, time=Wed Jun 05 11:40:03 BST 2013, clock=0]
Obligation [agent=a2, obligation=[makeReading(3, 9)], sanction=[reduce_400(a2)], deadline=50, time=Wed Jun 05 11:40:04 BST 2013, clock=0]
Obligation [agent=a3, obligation=[makeReading(3, 9)], sanction=[reduce_400(a3)], deadline=50, time=Wed Jun 05 11:40:05 BST 2013, clock=0]
Position [agent=a2, id=null, cell=Cell [x=7, y=19], time=Wed Jun 05 11:38:24 BST 2013, clock=0]
Prohibition [agent=a1, prohibition=[at(5, 5, a1)], sanction=[reduce_300(a1)], clock=0, time=Wed Jun 05 11:38:29 BST 2013]
Position [agent=a1, id=null, cell=Cell [x=3, y=4], time=Wed Jun 05 11:38:50 BST 2013, clock=0]
Prohibition [agent=a1, prohibition=[at(5, 6, a1)], sanction=[reduce_300(a1)], clock=0, time=Wed Jun 05 11:38:29 BST 2013]
Coin [id=null, cell=Cell [x=8, y=6], agent=a1, time=Wed Jun 05 11:39:36 BST 2013, clock=0]
Prohibition [agent=a1, prohibition=[at(6, 5, a1)], sanction=[reduce_300(a1)], clock=0, time=Wed Jun 05 11:38:29 BST 2013]
Prohibition [agent=a1, prohibition=[at(6, 6, a1)], sanction=[reduce_300(a1)], clock=0, time=Wed Jun 05 11:38:29 BST 2013]
Position [agent=a1, id=null, cell=Cell [x=3, y=4], time=Wed Jun 05 11:39:06 BST 2013, clock=0]
Position [agent=a2, id=null, cell=Cell [x=6, y=19], time=Wed Jun 05 11:39:21 BST 2013, clock=0]
Cargo [id=null, cell=Cell [x=19, y=19], time=Wed Jun 05 11:38:50 BST 2013, clock=0]
Coin [id=null, cell=Cell [x=16, y=6], agent=a2, time=Wed Jun 05 11:39:36 BST 2013, clock=0]
Prohibition [agent=a2, prohibition=[at(5, 5, a2)], sanction=[reduce_300(a2)], clock=0, time=Wed Jun 05 11:38:29 BST 2013]
Position [agent=a3, id=null, cell=Cell [x=11, y=2], time=Wed Jun 05 11:39:21 BST 2013, clock=0]
Position [agent=a1, id=null, cell=Cell [x=3, y=5], time=Wed Jun 05 11:39:36 BST 2013, clock=0]
Position [agent=a1, id=null, cell=Cell [x=3, y=5], time=Wed Jun 05 11:39:36 BST 2013, clock=0]
Prohibition [agent=a2, prohibition=[at(5, 6, a2)], sanction=[reduce_300(a2)], clock=0, time=Wed Jun 05 11:38:29 BST 2013]
Coin [id=null, cell=Cell [x=3, y=9], agent=a3, time=Wed Jun 05 11:40:01 BST 2013, clock=0]
Position [agent=a2, id=null, cell=Cell [x=5, y=19], time=Wed Jun 05 11:39:36 BST 2013, clock=0]
Position [agent=a3, id=null, cell=Cell [x=11, y=3], time=Wed Jun 05 11:40:01 BST 2013, clock=0]
Prohibition [agent=a2, prohibition=[at(6, 5, a2)], sanction=[reduce_300(a2)], clock=0, time=Wed Jun 05 11:38:29 BST 2013]
Position [agent=a2, id=null, cell=Cell [x=4, y=19], time=Wed Jun 05 11:40:02 BST 2013, clock=0]
Prohibition [agent=a2, prohibition=[at(6, 6, a2)], sanction=[reduce_300(a2)], clock=0, time=Wed Jun 05 11:38:29 BST 2013]
Position [agent=a3, id=null, cell=Cell [x=11, y=4], time=Wed Jun 05 11:40:27 BST 2013, clock=0]
Position [agent=a1, id=null, cell=Cell [x=4, y=5], time=Wed Jun 05 11:40:27 BST 2013, clock=0]
Position [agent=a2, id=null, cell=Cell [x=3, y=19], time=Wed Jun 05 11:40:42 BST 2013, clock=0]
Position [agent=a1, id=null, cell=Cell [x=3, y=6], time=Wed Jun 05 11:40:42 BST 2013, clock=0]
Position [agent=a3, id=null, cell=Cell [x=11, y=5], time=Wed Jun 05 11:40:58 BST 2013, clock=0]
Position [agent=a3, id=null, cell=Cell [x=11, y=5], time=Wed Jun 05 11:41:13 BST 2013, clock=0]
Position [agent=a1, id=null, cell=Cell [x=4, y=6], time=Wed Jun 05 11:41:13 BST 2013, clock=0]
Position [agent=a2, id=null, cell=Cell [x=3, y=19], time=Wed Jun 05 11:41:28 BST 2013, clock=0]
Position [agent=a1, id=null, cell=Cell [x=3, y=7], time=Wed Jun 05 11:41:29 BST 2013, clock=0]
Position [agent=a1, id=null, cell=Cell [x=3, y=7], time=Wed Jun 05 11:41:44 BST 2013, clock=0]
Position [agent=a2, id=null, cell=Cell [x=3, y=18], time=Wed Jun 05 11:41:44 BST 2013, clock=0]
Position [agent=a3, id=null, cell=Cell [x=11, y=6], time=Wed Jun 05 11:41:59 BST 2013, clock=0]
Position [agent=a3, id=null, cell=Cell [x=11, y=6], time=Wed Jun 05 11:41:59 BST 2013, clock=0]
Position [agent=a2, id=null, cell=Cell [x=3, y=18], time=Wed Jun 05 11:41:59 BST 2013, clock=0]
Position [agent=a2, id=null, cell=Cell [x=3, y=17], time=Wed Jun 05 11:42:14 BST 2013, clock=0]
Position [agent=a3, id=null, cell=Cell [x=11, y=7], time=Wed Jun 05 11:42:15 BST 2013, clock=0]
Position [agent=a2, id=null, cell=Cell [x=3, y=16], time=Wed Jun 05 11:42:30 BST 2013, clock=0]
Position [agent=a3, id=null, cell=Cell [x=11, y=8], time=Wed Jun 05 11:42:31 BST 2013, clock=0]
Position [agent=a2, id=null, cell=Cell [x=3, y=15], time=Wed Jun 05 11:42:46 BST 2013, clock=0]
Position [agent=a1, id=null, cell=Cell [x=4, y=7], time=Wed Jun 05 11:42:46 BST 2013, clock=0]
Position [agent=a2, id=null, cell=Cell [x=3, y=14], time=Wed Jun 05 11:43:01 BST 2013, clock=0]
Position [agent=a3, id=null, cell=Cell [x=11, y=9], time=Wed Jun 05 11:43:01 BST 2013, clock=0]
Position [agent=a1, id=null, cell=Cell [x=3, y=8], time=Wed Jun 05 11:43:01 BST 2013, clock=0]
Position [agent=a3, id=null, cell=Cell [x=11, y=10], time=Wed Jun 05 11:43:17 BST 2013, clock=0]
Position [agent=a1, id=null, cell=Cell [x=4, y=8], time=Wed Jun 05 11:43:32 BST 2013, clock=0]
Position [agent=a2, id=null, cell=Cell [x=3, y=13], time=Wed Jun 05 11:43:32 BST 2013, clock=0]
Position [agent=a1, id=null, cell=Cell [x=3, y=9], time=Wed Jun 05 11:43:33 BST 2013, clock=0]
Position [agent=a3, id=null, cell=Cell [x=11, y=11], time=Wed Jun 05 11:43:48 BST 2013, clock=0]
Position [agent=a2, id=null, cell=Cell [x=3, y=12], time=Wed Jun 05 11:44:03 BST 2013, clock=0]
Position [agent=a1, id=null, cell=Cell [x=3, y=10], time=Wed Jun 05 11:44:03 BST 2013, clock=0]
-------------------------last log tuples end----------------------------------
register a1
register a2
register a3
register c1
register t1
org position notification
Organization notifies agent (write): Obligation [agent=a1, obligation=[makeReading(8, 6)], sanction=[reduce_400(a1)], deadline=50, time=Wed Jun 05 11:44:30 BST 2013, clock=0]
agent obligation notification a1 number 1
Organization notifies agent (write): Obligation [agent=a2, obligation=[makeReading(8, 6)], sanction=[reduce_400(a2)], deadline=50, time=Wed Jun 05 11:44:30 BST 2013, clock=0]
agent obligation notification a2 number 1
Organization notifies agent (write): Obligation [agent=a3, obligation=[makeReading(8, 6)], sanction=[reduce_400(a3)], deadline=50, time=Wed Jun 05 11:44:31 BST 2013, clock=0]
agent obligation notification a3 number 1
Organization notifies agent (write): Prohibition [agent=t1, prohibition=[at(5, 5, t1)], sanction=[reduce_300(t1)], clock=0, time=Wed Jun 05 11:44:31 BST 2013]
Organization notifies agent (write): Prohibition [agent=t1, prohibition=[at(5, 6, t1)], sanction=[reduce_300(t1)], clock=0, time=Wed Jun 05 11:44:31 BST 2013]
Organization notifies agent (write): Prohibition [agent=t1, prohibition=[at(6, 5, t1)], sanction=[reduce_300(t1)], clock=0, time=Wed Jun 05 11:44:31 BST 2013]
agent prohibition notification t1 number 1
Organization notifies agent (write): Prohibition [agent=t1, prohibition=[at(6, 6, t1)], sanction=[reduce_300(t1)], clock=0, time=Wed Jun 05 11:44:31 BST 2013]
Organization notifies agent (write): Prohibition [agent=c1, prohibition=[coin(5, 5, a1)], sanction=[reduce_300(c1)], clock=0, time=Wed Jun 05 11:44:31 BST 2013]
Organization notifies agent (write): Prohibition [agent=c1, prohibition=[coin(5, 6, a1)], sanction=[reduce_300(c1)], clock=0, time=Wed Jun 05 11:44:31 BST 2013]
Organization notifies agent (write): Prohibition [agent=c1, prohibition=[coin(6, 5, a1)], sanction=[reduce_300(c1)], clock=0, time=Wed Jun 05 11:44:31 BST 2013]
Organization notifies agent (write): Prohibition [agent=c1, prohibition=[coin(6, 6, a1)], sanction=[reduce_300(c1)], clock=0, time=Wed Jun 05 11:44:31 BST 2013]
agent prohibition notification c1 number 2
Organization notifies agent (write): Prohibition [agent=c1, prohibition=[coin(5, 5, a2)], sanction=[reduce_300(c1)], clock=0, time=Wed Jun 05 11:44:31 BST 2013]
Organization notifies agent (write): Prohibition [agent=c1, prohibition=[coin(5, 6, a2)], sanction=[reduce_300(c1)], clock=0, time=Wed Jun 05 11:44:31 BST 2013]
Organization notifies agent (write): Prohibition [agent=c1, prohibition=[coin(6, 5, a2)], sanction=[reduce_300(c1)], clock=0, time=Wed Jun 05 11:44:31 BST 2013]
Organization notifies agent (write): Prohibition [agent=c1, prohibition=[coin(6, 6, a2)], sanction=[reduce_300(c1)], clock=0, time=Wed Jun 05 11:44:31 BST 2013]
Organization notifies agent (write): Prohibition [agent=c1, prohibition=[coin(5, 5, a3)], sanction=[reduce_300(c1)], clock=0, time=Wed Jun 05 11:44:31 BST 2013]
Organization notifies agent (write): Prohibition [agent=c1, prohibition=[coin(5, 6, a3)], sanction=[reduce_300(c1)], clock=0, time=Wed Jun 05 11:44:31 BST 2013]
Organization notifies agent (write): Prohibition [agent=c1, prohibition=[coin(6, 5, a3)], sanction=[reduce_300(c1)], clock=0, time=Wed Jun 05 11:44:31 BST 2013]
Organization notifies agent (write): Prohibition [agent=c1, prohibition=[coin(6, 6, a3)], sanction=[reduce_300(c1)], clock=0, time=Wed Jun 05 11:44:31 BST 2013]
Organization notifies agent (write): Prohibition [agent=a1, prohibition=[at(5, 5, a1)], sanction=[reduce_300(a1)], clock=0, time=Wed Jun 05 11:44:32 BST 2013]
Organization notifies agent (write): Prohibition [agent=a1, prohibition=[at(5, 6, a1)], sanction=[reduce_300(a1)], clock=0, time=Wed Jun 05 11:44:32 BST 2013]
Organization notifies agent (write): Prohibition [agent=a1, prohibition=[at(6, 5, a1)], sanction=[reduce_300(a1)], clock=0, time=Wed Jun 05 11:44:32 BST 2013]
Organization notifies agent (write): Prohibition [agent=a1, prohibition=[at(6, 6, a1)], sanction=[reduce_300(a1)], clock=0, time=Wed Jun 05 11:44:32 BST 2013]
Organization notifies agent (write): Prohibition [agent=a2, prohibition=[at(5, 5, a2)], sanction=[reduce_300(a2)], clock=0, time=Wed Jun 05 11:44:32 BST 2013]
Organization notifies agent (write): Prohibition [agent=a2, prohibition=[at(5, 6, a2)], sanction=[reduce_300(a2)], clock=0, time=Wed Jun 05 11:44:32 BST 2013]
Organization notifies agent (write): Prohibition [agent=a2, prohibition=[at(6, 5, a2)], sanction=[reduce_300(a2)], clock=0, time=Wed Jun 05 11:44:32 BST 2013]
Organization notifies agent (write): Prohibition [agent=a2, prohibition=[at(6, 6, a2)], sanction=[reduce_300(a2)], clock=0, time=Wed Jun 05 11:44:32 BST 2013]
Organization notifies agent (write): Prohibition [agent=a3, prohibition=[at(5, 5, a3)], sanction=[reduce_300(a3)], clock=0, time=Wed Jun 05 11:44:32 BST 2013]
Organization notifies agent (write): Prohibition [agent=a3, prohibition=[at(5, 6, a3)], sanction=[reduce_300(a3)], clock=0, time=Wed Jun 05 11:44:32 BST 2013]
Organization notifies agent (write): Prohibition [agent=a3, prohibition=[at(6, 5, a3)], sanction=[reduce_300(a3)], clock=0, time=Wed Jun 05 11:44:32 BST 2013]
Organization notifies agent (write): Prohibition [agent=a3, prohibition=[at(6, 6, a3)], sanction=[reduce_300(a3)], clock=0, time=Wed Jun 05 11:44:32 BST 2013]
