Service Registrar: 2131b097-6371-46da-b860-ae9238a6fc5d
Java Space found.
TransactionManager found.
org notified 
org notified 
org notified 
org notified 
java.lang.ClassCastException: apapl.data.APLIdent cannot be cast to apapl.data.APLFunction
	at envJavaSpace.SpaceTest.notifyAgent(SpaceTest.java:1108)
	at envJavaSpace.AgentHandler.notify(AgentHandler.java:68)
	at sun.reflect.GeneratedMethodAccessor34.invoke(Unknown Source)
	at sun.reflect.DelegatingMethodAccessorImpl.invoke(DelegatingMethodAccessorImpl.java:25)
	at java.lang.reflect.Method.invoke(Method.java:597)
	at sun.rmi.server.UnicastServerRef.dispatch(UnicastServerRef.java:303)
	at sun.rmi.transport.Transport$1.run(Transport.java:159)
	at java.security.AccessController.doPrivileged(Native Method)
	at sun.rmi.transport.Transport.serviceCall(Transport.java:155)
	at sun.rmi.transport.tcp.TCPTransport.handleMessages(TCPTransport.java:535)
	at sun.rmi.transport.tcp.TCPTransport$ConnectionHandler.run0(TCPTransport.java:790)
	at sun.rmi.transport.tcp.TCPTransport$ConnectionHandler.run(TCPTransport.java:649)
	at java.util.concurrent.ThreadPoolExecutor$Worker.runTask(ThreadPoolExecutor.java:886)
	at java.util.concurrent.ThreadPoolExecutor$Worker.run(ThreadPoolExecutor.java:908)
	at java.lang.Thread.run(Thread.java:680)
java.lang.ClassCastException: apapl.data.APLIdent cannot be cast to apapl.data.APLFunction
	at envJavaSpace.SpaceTest.notifyAgent(SpaceTest.java:1108)
	at envJavaSpace.AgentHandler.notify(AgentHandler.java:68)
	at sun.reflect.GeneratedMethodAccessor34.invoke(Unknown Source)
	at sun.reflect.DelegatingMethodAccessorImpl.invoke(DelegatingMethodAccessorImpl.java:25)
	at java.lang.reflect.Method.invoke(Method.java:597)
	at sun.rmi.server.UnicastServerRef.dispatch(UnicastServerRef.java:303)
	at sun.rmi.transport.Transport$1.run(Transport.java:159)
	at java.security.AccessController.doPrivileged(Native Method)
	at sun.rmi.transport.Transport.serviceCall(Transport.java:155)
	at sun.rmi.transport.tcp.TCPTransport.handleMessages(TCPTransport.java:535)
	at sun.rmi.transport.tcp.TCPTransport$ConnectionHandler.run0(TCPTransport.java:790)
	at sun.rmi.transport.tcp.TCPTransport$ConnectionHandler.run(TCPTransport.java:649)
	at java.util.concurrent.ThreadPoolExecutor$Worker.runTask(ThreadPoolExecutor.java:886)
	at java.util.concurrent.ThreadPoolExecutor$Worker.run(ThreadPoolExecutor.java:908)
	at java.lang.Thread.run(Thread.java:680)
java.lang.ClassCastException: apapl.data.APLIdent cannot be cast to apapl.data.APLFunction
	at envJavaSpace.SpaceTest.notifyAgent(SpaceTest.java:1108)
	at envJavaSpace.AgentHandler.notify(AgentHandler.java:68)
	at sun.reflect.GeneratedMethodAccessor34.invoke(Unknown Source)
	at sun.reflect.DelegatingMethodAccessorImpl.invoke(DelegatingMethodAccessorImpl.java:25)
	at java.lang.reflect.Method.invoke(Method.java:597)
	at sun.rmi.server.UnicastServerRef.dispatch(UnicastServerRef.java:303)
	at sun.rmi.transport.Transport$1.run(Transport.java:159)
	at java.security.AccessController.doPrivileged(Native Method)
	at sun.rmi.transport.Transport.serviceCall(Transport.java:155)
	at sun.rmi.transport.tcp.TCPTransport.handleMessages(TCPTransport.java:535)
	at sun.rmi.transport.tcp.TCPTransport$ConnectionHandler.run0(TCPTransport.java:790)
	at sun.rmi.transport.tcp.TCPTransport$ConnectionHandler.run(TCPTransport.java:649)
	at java.util.concurrent.ThreadPoolExecutor$Worker.runTask(ThreadPoolExecutor.java:886)
	at java.util.concurrent.ThreadPoolExecutor$Worker.run(ThreadPoolExecutor.java:908)
	at java.lang.Thread.run(Thread.java:680)
obligation([cargo(_, _, _)], 11, [reduce_100(t1)])
agent t1
create entry obligation [[cargo(_, _, _)], 11, [reduce_100(t1)]]
Obligation [agent=t1, obligation=[cargo(_, _, _)], sanction=[reduce_100(t1)], deadline=11, time=Tue Jan 08 10:08:15 GMT 2013, clock=1]
java.lang.ClassCastException: apapl.data.APLIdent cannot be cast to apapl.data.APLFunction
	at envJavaSpace.SpaceTest.notifyAgent(SpaceTest.java:1108)
	at envJavaSpace.AgentHandler.notify(AgentHandler.java:68)
	at sun.reflect.GeneratedMethodAccessor34.invoke(Unknown Source)
	at sun.reflect.DelegatingMethodAccessorImpl.invoke(DelegatingMethodAccessorImpl.java:25)
	at java.lang.reflect.Method.invoke(Method.java:597)
	at sun.rmi.server.UnicastServerRef.dispatch(UnicastServerRef.java:303)
	at sun.rmi.transport.Transport$1.run(Transport.java:159)
	at java.security.AccessController.doPrivileged(Native Method)
	at sun.rmi.transport.Transport.serviceCall(Transport.java:155)
	at sun.rmi.transport.tcp.TCPTransport.handleMessages(TCPTransport.java:535)
	at sun.rmi.transport.tcp.TCPTransport$ConnectionHandler.run0(TCPTransport.java:790)
	at sun.rmi.transport.tcp.TCPTransport$ConnectionHandler.run(TCPTransport.java:649)
	at java.util.concurrent.ThreadPoolExecutor$Worker.runTask(ThreadPoolExecutor.java:886)
	at java.util.concurrent.ThreadPoolExecutor$Worker.run(ThreadPoolExecutor.java:908)
	at java.lang.Thread.run(Thread.java:680)
org notified 
java.lang.ClassCastException: apapl.data.APLIdent cannot be cast to apapl.data.APLFunction
	at envJavaSpace.SpaceTest.notifyAgent(SpaceTest.java:1108)
	at envJavaSpace.AgentHandler.notify(AgentHandler.java:68)
	at sun.reflect.GeneratedMethodAccessor34.invoke(Unknown Source)
	at sun.reflect.DelegatingMethodAccessorImpl.invoke(DelegatingMethodAccessorImpl.java:25)
	at java.lang.reflect.Method.invoke(Method.java:597)
	at sun.rmi.server.UnicastServerRef.dispatch(UnicastServerRef.java:303)
	at sun.rmi.transport.Transport$1.run(Transport.java:159)
	at java.security.AccessController.doPrivileged(Native Method)
	at sun.rmi.transport.Transport.serviceCall(Transport.java:155)
	at sun.rmi.transport.tcp.TCPTransport.handleMessages(TCPTransport.java:535)
	at sun.rmi.transport.tcp.TCPTransport$ConnectionHandler.run0(TCPTransport.java:790)
	at sun.rmi.transport.tcp.TCPTransport$ConnectionHandler.run(TCPTransport.java:649)
	at java.util.concurrent.ThreadPoolExecutor$Worker.runTask(ThreadPoolExecutor.java:886)
	at java.util.concurrent.ThreadPoolExecutor$Worker.run(ThreadPoolExecutor.java:908)
	at java.lang.Thread.run(Thread.java:680)
obligation([cargo(_, _, _)], 89, [reduce_100(t1)])
agent t1
create entry obligation [[cargo(_, _, _)], 89, [reduce_100(t1)]]
Obligation [agent=t1, obligation=[cargo(_, _, _)], sanction=[reduce_100(t1)], deadline=89, time=Tue Jan 08 10:08:15 GMT 2013, clock=1]
java.lang.ClassCastException: apapl.data.APLIdent cannot be cast to apapl.data.APLFunction
	at envJavaSpace.SpaceTest.notifyAgent(SpaceTest.java:1108)
	at envJavaSpace.AgentHandler.notify(AgentHandler.java:48)
	at sun.reflect.GeneratedMethodAccessor34.invoke(Unknown Source)
	at sun.reflect.DelegatingMethodAccessorImpl.invoke(DelegatingMethodAccessorImpl.java:25)
	at java.lang.reflect.Method.invoke(Method.java:597)
	at sun.rmi.server.UnicastServerRef.dispatch(UnicastServerRef.java:303)
	at sun.rmi.transport.Transport$1.run(Transport.java:159)
	at java.security.AccessController.doPrivileged(Native Method)
	at sun.rmi.transport.Transport.serviceCall(Transport.java:155)
	at sun.rmi.transport.tcp.TCPTransport.handleMessages(TCPTransport.java:535)
	at sun.rmi.transport.tcp.TCPTransport$ConnectionHandler.run0(TCPTransport.java:790)
	at sun.rmi.transport.tcp.TCPTransport$ConnectionHandler.run(TCPTransport.java:649)
	at java.util.concurrent.ThreadPoolExecutor$Worker.runTask(ThreadPoolExecutor.java:886)
	at java.util.concurrent.ThreadPoolExecutor$Worker.run(ThreadPoolExecutor.java:908)
	at java.lang.Thread.run(Thread.java:680)
org notified 
java.lang.ClassCastException: apapl.data.APLIdent cannot be cast to apapl.data.APLFunction
	at envJavaSpace.SpaceTest.notifyAgent(SpaceTest.java:1108)
	at envJavaSpace.AgentHandler.notify(AgentHandler.java:48)
	at sun.reflect.GeneratedMethodAccessor34.invoke(Unknown Source)
	at sun.reflect.DelegatingMethodAccessorImpl.invoke(DelegatingMethodAccessorImpl.java:25)
	at java.lang.reflect.Method.invoke(Method.java:597)
	at sun.rmi.server.UnicastServerRef.dispatch(UnicastServerRef.java:303)
	at sun.rmi.transport.Transport$1.run(Transport.java:159)
	at java.security.AccessController.doPrivileged(Native Method)
	at sun.rmi.transport.Transport.serviceCall(Transport.java:155)
	at sun.rmi.transport.tcp.TCPTransport.handleMessages(TCPTransport.java:535)
	at sun.rmi.transport.tcp.TCPTransport$ConnectionHandler.run0(TCPTransport.java:790)
	at sun.rmi.transport.tcp.TCPTransport$ConnectionHandler.run(TCPTransport.java:649)
	at java.util.concurrent.ThreadPoolExecutor$Worker.runTask(ThreadPoolExecutor.java:886)
	at java.util.concurrent.ThreadPoolExecutor$Worker.run(ThreadPoolExecutor.java:908)
	at java.lang.Thread.run(Thread.java:680)
java.lang.ClassCastException: apapl.data.APLIdent cannot be cast to apapl.data.APLFunction
	at envJavaSpace.SpaceTest.notifyAgent(SpaceTest.java:1108)
	at envJavaSpace.AgentHandler.notify(AgentHandler.java:48)
	at sun.reflect.GeneratedMethodAccessor34.invoke(Unknown Source)
	at sun.reflect.DelegatingMethodAccessorImpl.invoke(DelegatingMethodAccessorImpl.java:25)
	at java.lang.reflect.Method.invoke(Method.java:597)
	at sun.rmi.server.UnicastServerRef.dispatch(UnicastServerRef.java:303)
	at sun.rmi.transport.Transport$1.run(Transport.java:159)
	at java.security.AccessController.doPrivileged(Native Method)
	at sun.rmi.transport.Transport.serviceCall(Transport.java:155)
	at sun.rmi.transport.tcp.TCPTransport.handleMessages(TCPTransport.java:535)
	at sun.rmi.transport.tcp.TCPTransport$ConnectionHandler.run0(TCPTransport.java:790)
	at sun.rmi.transport.tcp.TCPTransport$ConnectionHandler.run(TCPTransport.java:649)
	at java.util.concurrent.ThreadPoolExecutor$Worker.runTask(ThreadPoolExecutor.java:886)
	at java.util.concurrent.ThreadPoolExecutor$Worker.run(ThreadPoolExecutor.java:908)
	at java.lang.Thread.run(Thread.java:680)
org notified 
prohibition([cargo(_, _, 2)], [reduce_100(t1)])
agent t1
create entry prohibition [[cargo(_, _, 2)], [reduce_100(t1)]]
Prohibition [agent=t1, prohibition=[cargo(_, _, 2)], sanction=[reduce_100(t1)], clock=1, time=Tue Jan 08 10:08:17 GMT 2013]
org notified 
prohibition([cargo(_, _, 2)], [reduce_100(t1)])
agent t1
create entry prohibition [[cargo(_, _, 2)], [reduce_100(t1)]]
Prohibition [agent=t1, prohibition=[cargo(_, _, 2)], sanction=[reduce_100(t1)], clock=1, time=Tue Jan 08 10:08:17 GMT 2013]
prohibition([at(5, 5, t1)], [reduce_300(t1)])
agent t1
create entry prohibition [[at(5, 5, t1)], [reduce_300(t1)]]
Prohibition [agent=t1, prohibition=[at(5, 5, t1)], sanction=[reduce_300(t1)], clock=1, time=Tue Jan 08 10:08:17 GMT 2013]
prohibition([at(5, 6, t1)], [reduce_300(t1)])
agent t1
create entry prohibition [[at(5, 6, t1)], [reduce_300(t1)]]
Prohibition [agent=t1, prohibition=[at(5, 6, t1)], sanction=[reduce_300(t1)], clock=1, time=Tue Jan 08 10:08:17 GMT 2013]
prohibition([at(6, 5, t1)], [reduce_300(t1)])
agent t1
create entry prohibition [[at(6, 5, t1)], [reduce_300(t1)]]
Prohibition [agent=t1, prohibition=[at(6, 5, t1)], sanction=[reduce_300(t1)], clock=1, time=Tue Jan 08 10:08:17 GMT 2013]
prohibition([at(6, 6, t1)], [reduce_300(t1)])
agent t1
create entry prohibition [[at(6, 6, t1)], [reduce_300(t1)]]
Prohibition [agent=t1, prohibition=[at(6, 6, t1)], sanction=[reduce_300(t1)], clock=1, time=Tue Jan 08 10:08:17 GMT 2013]
cargo(position(20, 20), 2)
agent t1
create entry cargo [position(20, 20), 2]
coin(position(8, 6), 3, a1)
agent c1
create entry coin [position(8, 6), 3, a1]
status(position(3, 4), 3)
agent a1
status(position(3, 4), 4)
agent a3
status(position(3, 4), 2)
agent a2
prohibition([coin(5, 5, _, a1)], [reduce_300(c1)])
agent c1
create entry prohibition [[coin(5, 5, _, a1)], [reduce_300(c1)]]
Prohibition [agent=c1, prohibition=[coin(5, 5, _, a1)], sanction=[reduce_300(c1)], clock=1, time=Tue Jan 08 10:08:18 GMT 2013]
prohibition([coin(5, 6, _, a1)], [reduce_300(c1)])
agent c1
create entry prohibition [[coin(5, 6, _, a1)], [reduce_300(c1)]]
Prohibition [agent=c1, prohibition=[coin(5, 6, _, a1)], sanction=[reduce_300(c1)], clock=1, time=Tue Jan 08 10:08:18 GMT 2013]
prohibition([coin(6, 5, _, a1)], [reduce_300(c1)])
agent c1
create entry prohibition [[coin(6, 5, _, a1)], [reduce_300(c1)]]
Prohibition [agent=c1, prohibition=[coin(6, 5, _, a1)], sanction=[reduce_300(c1)], clock=1, time=Tue Jan 08 10:08:18 GMT 2013]
prohibition([coin(6, 6, _, a1)], [reduce_300(c1)])
agent c1
coin(position(16, 6), 4, a2)
agent c1
obligation(cargo(_, _, _, t1), 89, reduce_100(t1))
create entry coin [position(16, 6), 4, a2]
create entry prohibition [[coin(6, 6, _, a1)], [reduce_300(c1)]]
Prohibition [agent=c1, prohibition=[coin(6, 6, _, a1)], sanction=[reduce_300(c1)], clock=1, time=Tue Jan 08 10:08:18 GMT 2013]
prohibition([coin(5, 5, _, a2)], [reduce_300(c1)])
agent c1
create entry prohibition [[coin(5, 5, _, a2)], [reduce_300(c1)]]
Prohibition [agent=c1, prohibition=[coin(5, 5, _, a2)], sanction=[reduce_300(c1)], clock=1, time=Tue Jan 08 10:08:18 GMT 2013]
prohibition([coin(5, 6, _, a2)], [reduce_300(c1)])
agent c1
create entry prohibition [[coin(5, 6, _, a2)], [reduce_300(c1)]]
Prohibition [agent=c1, prohibition=[coin(5, 6, _, a2)], sanction=[reduce_300(c1)], clock=1, time=Tue Jan 08 10:08:18 GMT 2013]
prohibition([coin(6, 5, _, a2)], [reduce_300(c1)])
agent c1
create entry prohibition [[coin(6, 5, _, a2)], [reduce_300(c1)]]
Prohibition [agent=c1, prohibition=[coin(6, 5, _, a2)], sanction=[reduce_300(c1)], clock=1, time=Tue Jan 08 10:08:18 GMT 2013]
prohibition([coin(6, 6, _, a2)], [reduce_300(c1)])
agent c1
create entry prohibition [[coin(6, 6, _, a2)], [reduce_300(c1)]]
Prohibition [agent=c1, prohibition=[coin(6, 6, _, a2)], sanction=[reduce_300(c1)], clock=1, time=Tue Jan 08 10:08:18 GMT 2013]
prohibition([coin(5, 5, _, a3)], [reduce_300(c1)])
agent c1
create entry prohibition [[coin(5, 5, _, a3)], [reduce_300(c1)]]
Prohibition [agent=c1, prohibition=[coin(5, 5, _, a3)], sanction=[reduce_300(c1)], clock=1, time=Tue Jan 08 10:08:18 GMT 2013]
prohibition([coin(5, 6, _, a3)], [reduce_300(c1)])
agent c1
create entry prohibition [[coin(5, 6, _, a3)], [reduce_300(c1)]]
Prohibition [agent=c1, prohibition=[coin(5, 6, _, a3)], sanction=[reduce_300(c1)], clock=1, time=Tue Jan 08 10:08:18 GMT 2013]
prohibition([coin(6, 5, _, a3)], [reduce_300(c1)])
agent c1
create entry prohibition [[coin(6, 5, _, a3)], [reduce_300(c1)]]
Prohibition [agent=c1, prohibition=[coin(6, 5, _, a3)], sanction=[reduce_300(c1)], clock=1, time=Tue Jan 08 10:08:18 GMT 2013]
prohibition([coin(6, 6, _, a3)], [reduce_300(c1)])
agent c1
create entry prohibition [[coin(6, 6, _, a3)], [reduce_300(c1)]]
Prohibition [agent=c1, prohibition=[coin(6, 6, _, a3)], sanction=[reduce_300(c1)], clock=1, time=Tue Jan 08 10:08:18 GMT 2013]
status(position(19, 20), 3)
agent t1
obligation(cargo(_, _, _, t1), 89, reduce_100(t1))
prohibition(coin(6, 6, _, c1), reduce_300(c1))
status(position(3, 5), 3)
agent a2
prohibition(coin(6, 6, _, c1), reduce_300(c1))
prohibition(coin(6, 6, _, c1), reduce_300(c1))
prohibition(coin(6, 6, _, c1), reduce_300(c1))
coin(position(3, 9), 79, a3)
agent c1
create entry coin [position(3, 9), 79, a3]
status(position(3, 5), 76)
agent a1
status(position(18, 20), 60)
agent t1
prohibition(coin(6, 6, _, c1), reduce_300(c1))
status(position(3, 5), 4)
agent a3
prohibition(coin(6, 5, _, c1), reduce_300(c1))
prohibition(coin(6, 5, _, c1), reduce_300(c1))
prohibition(coin(5, 5, _, c1), reduce_300(c1))
status(position(3, 6), 6)
agent a2
prohibition([at(5, 5, a1)], [reduce_300(a1)])
agent a1
create entry prohibition [[at(5, 5, a1)], [reduce_300(a1)]]
Prohibition [agent=a1, prohibition=[at(5, 5, a1)], sanction=[reduce_300(a1)], clock=1, time=Tue Jan 08 10:08:20 GMT 2013]
prohibition([at(5, 6, a1)], [reduce_300(a1)])
agent a1
create entry prohibition [[at(5, 6, a1)], [reduce_300(a1)]]
Prohibition [agent=a1, prohibition=[at(5, 6, a1)], sanction=[reduce_300(a1)], clock=1, time=Tue Jan 08 10:08:20 GMT 2013]
prohibition([at(6, 5, a1)], [reduce_300(a1)])
agent a1
create entry prohibition [[at(6, 5, a1)], [reduce_300(a1)]]
Prohibition [agent=a1, prohibition=[at(6, 5, a1)], sanction=[reduce_300(a1)], clock=1, time=Tue Jan 08 10:08:20 GMT 2013]
prohibition([at(6, 6, a1)], [reduce_300(a1)])
agent a1
create entry prohibition [[at(6, 6, a1)], [reduce_300(a1)]]
Prohibition [agent=a1, prohibition=[at(6, 6, a1)], sanction=[reduce_300(a1)], clock=1, time=Tue Jan 08 10:08:20 GMT 2013]
prohibition([at(5, 5, a2)], [reduce_300(a2)])
agent a2
create entry prohibition [[at(5, 5, a2)], [reduce_300(a2)]]
Prohibition [agent=a2, prohibition=[at(5, 5, a2)], sanction=[reduce_300(a2)], clock=1, time=Tue Jan 08 10:08:20 GMT 2013]
prohibition([at(5, 6, a2)], [reduce_300(a2)])
agent a2
create entry prohibition [[at(5, 6, a2)], [reduce_300(a2)]]
Prohibition [agent=a2, prohibition=[at(5, 6, a2)], sanction=[reduce_300(a2)], clock=1, time=Tue Jan 08 10:08:20 GMT 2013]
prohibition([at(6, 5, a2)], [reduce_300(a2)])
agent a2
create entry prohibition [[at(6, 5, a2)], [reduce_300(a2)]]
Prohibition [agent=a2, prohibition=[at(6, 5, a2)], sanction=[reduce_300(a2)], clock=1, time=Tue Jan 08 10:08:20 GMT 2013]
prohibition([at(6, 6, a2)], [reduce_300(a2)])
agent a2
create entry prohibition [[at(6, 6, a2)], [reduce_300(a2)]]
Prohibition [agent=a2, prohibition=[at(6, 6, a2)], sanction=[reduce_300(a2)], clock=1, time=Tue Jan 08 10:08:20 GMT 2013]
prohibition([at(5, 5, a3)], [reduce_300(a3)])
agent a3
create entry prohibition [[at(5, 5, a3)], [reduce_300(a3)]]
Prohibition [agent=a3, prohibition=[at(5, 5, a3)], sanction=[reduce_300(a3)], clock=1, time=Tue Jan 08 10:08:20 GMT 2013]
prohibition([at(5, 6, a3)], [reduce_300(a3)])
agent a3
create entry prohibition [[at(5, 6, a3)], [reduce_300(a3)]]
Prohibition [agent=a3, prohibition=[at(5, 6, a3)], sanction=[reduce_300(a3)], clock=1, time=Tue Jan 08 10:08:20 GMT 2013]
prohibition([at(6, 5, a3)], [reduce_300(a3)])
agent a3
create entry prohibition [[at(6, 5, a3)], [reduce_300(a3)]]
Prohibition [agent=a3, prohibition=[at(6, 5, a3)], sanction=[reduce_300(a3)], clock=1, time=Tue Jan 08 10:08:20 GMT 2013]
prohibition([at(6, 6, a3)], [reduce_300(a3)])
agent a3
create entry prohibition [[at(6, 6, a3)], [reduce_300(a3)]]
Prohibition [agent=a3, prohibition=[at(6, 6, a3)], sanction=[reduce_300(a3)], clock=1, time=Tue Jan 08 10:08:20 GMT 2013]
prohibition(at(6, 5, a3), reduce_300(a3))
prohibition(at(6, 6, a3), reduce_300(a3))
prohibition(at(6, 5, a3), reduce_300(a3))
status(position(3, 6), 7)
agent a1
status(position(3, 7), 6)
agent a2
status(position(3, 6), 7)
agent a3
prohibition(at(6, 6, a2), reduce_300(a2))
prohibition(at(6, 5, a3), reduce_300(a3))
status(position(17, 20), 6)
agent t1
prohibition(at(6, 5, a3), reduce_300(a3))
prohibition(at(6, 6, a3), reduce_300(a3))
prohibition(at(6, 5, a3), reduce_300(a3))
prohibition(at(6, 6, a3), reduce_300(a3))
prohibition(at(6, 6, a3), reduce_300(a3))
prohibition(at(6, 5, a3), reduce_300(a3))
status(position(3, 8), 6)
agent a2
prohibition(at(6, 6, a3), reduce_300(a3))
org notified 
status(position(3, 7), 6)
agent a1
status(position(16, 20), 1)
agent t1
status(position(3, 7), 8)
agent a3
org notified 
status(position(3, 9), 9)
agent a2
status(position(3, 8), 9)
agent a1
status(position(15, 20), 10)
agent t1
status(position(3, 8), 10)
agent a3
status(position(3, 10), 10)
agent a2
status(position(3, 9), 10)
agent a1
status(position(14, 20), 8)
agent t1
status(position(3, 9), 11)
agent a3
status(position(4, 10), 9)
agent a2
obligation([cargo(_, _, _)], 11, [reduce_100(t1)])
agent t1
create entry obligation [[cargo(_, _, _)], 11, [reduce_100(t1)]]
Obligation [agent=t1, obligation=[cargo(_, _, _)], sanction=[reduce_100(t1)], deadline=11, time=Tue Jan 08 10:08:25 GMT 2013, clock=1]
status(position(3, 10), 11)
agent a1
status(position(13, 20), 12)
agent t1
obligation([cargo(_, _, _)], 89, [reduce_100(t1)])
agent t1
create entry obligation [[cargo(_, _, _)], 89, [reduce_100(t1)]]
Obligation [agent=t1, obligation=[cargo(_, _, _)], sanction=[reduce_100(t1)], deadline=89, time=Tue Jan 08 10:08:26 GMT 2013, clock=1]
status(position(3, 10), 12)
agent a3
status(position(5, 10), 11)
agent a2
status(position(4, 10), 12)
agent a1
status(position(12, 20), 13)
agent t1
prohibition([cargo(_, _, 3)], [reduce_100(t1)])
agent t1
create entry prohibition [[cargo(_, _, 3)], [reduce_100(t1)]]
Prohibition [agent=t1, prohibition=[cargo(_, _, 3)], sanction=[reduce_100(t1)], clock=1, time=Tue Jan 08 10:08:27 GMT 2013]
status(position(4, 10), 12)
agent a3
status(position(6, 10), 13)
agent a2
status(position(5, 10), 13)
agent a1
prohibition([cargo(_, _, 3)], [reduce_100(t1)])
agent t1
create entry prohibition [[cargo(_, _, 3)], [reduce_100(t1)]]
Prohibition [agent=t1, prohibition=[cargo(_, _, 3)], sanction=[reduce_100(t1)], clock=1, time=Tue Jan 08 10:08:27 GMT 2013]
status(position(11, 20), 14)
agent t1
status(position(5, 10), 13)
agent a3
status(position(7, 10), 11)
agent a2
status(position(6, 10), 13)
agent a1
status(position(10, 20), 15)
agent t1
status(position(6, 10), 15)
agent a3
status(position(7, 10), 15)
agent a1
status(position(8, 10), 9)
agent a2
status(position(9, 20), 16)
agent t1
status(position(7, 10), 16)
agent a3
status(position(9, 10), 16)
agent a2
status(position(8, 10), 15)
agent a1
status(position(8, 20), 17)
agent t1
status(position(8, 10), 17)
agent a3
status(position(9, 10), 17)
agent a1
status(position(10, 10), 16)
agent a2
status(position(7, 20), 18)
agent t1
status(position(9, 10), 18)
agent a3
status(position(10, 10), 18)
agent a1
status(position(6, 20), 19)
agent t1
status(position(10, 10), 19)
agent a3
status(position(5, 20), 20)
agent t1
status(position(4, 20), 21)
agent t1
status(position(3, 20), 22)
agent t1
status(position(2, 20), 24)
agent t1
status(position(2, 19), 25)
agent t1
status(position(2, 18), 26)
agent t1
status(position(2, 17), 28)
agent t1
status(position(2, 16), 29)
agent t1
status(position(2, 15), 30)
agent t1
status(position(2, 14), 31)
agent t1
status(position(2, 13), 32)
agent t1
status(position(2, 12), 33)
agent t1
status(position(2, 11), 33)
agent t1
status(position(2, 10), 33)
agent t1
org notified 
obligation([cargo(_, _, _)], 43, [reduce_100(t1)])
agent t1
create entry obligation [[cargo(_, _, _)], 43, [reduce_100(t1)]]
Obligation [agent=t1, obligation=[cargo(_, _, _)], sanction=[reduce_100(t1)], deadline=43, time=Tue Jan 08 10:08:52 GMT 2013, clock=1]
org notified 
obligation([cargo(_, _, _)], 43, [reduce_100(t1)])
agent t1
create entry obligation [[cargo(_, _, _)], 43, [reduce_100(t1)]]
Obligation [agent=t1, obligation=[cargo(_, _, _)], sanction=[reduce_100(t1)], deadline=43, time=Tue Jan 08 10:08:53 GMT 2013, clock=1]
org notified 
obligation([cargo(_, _, _)], 43, [reduce_100(t1)])
agent t1
create entry obligation [[cargo(_, _, _)], 43, [reduce_100(t1)]]
Obligation [agent=t1, obligation=[cargo(_, _, _)], sanction=[reduce_100(t1)], deadline=43, time=Tue Jan 08 10:09:18 GMT 2013, clock=1]
org notified 
obligation([cargo(_, _, _)], 43, [reduce_100(t1)])
agent t1
create entry obligation [[cargo(_, _, _)], 43, [reduce_100(t1)]]
Obligation [agent=t1, obligation=[cargo(_, _, _)], sanction=[reduce_100(t1)], deadline=43, time=Tue Jan 08 10:09:19 GMT 2013, clock=1]
org notified 
obligation([cargo(_, _, _)], 43, [reduce_100(t1)])
agent t1
create entry obligation [[cargo(_, _, _)], 43, [reduce_100(t1)]]
Obligation [agent=t1, obligation=[cargo(_, _, _)], sanction=[reduce_100(t1)], deadline=43, time=Tue Jan 08 10:09:44 GMT 2013, clock=1]
org notified 
obligation([cargo(_, _, _)], 43, [reduce_100(t1)])
agent t1
create entry obligation [[cargo(_, _, _)], 43, [reduce_100(t1)]]
Obligation [agent=t1, obligation=[cargo(_, _, _)], sanction=[reduce_100(t1)], deadline=43, time=Tue Jan 08 10:09:45 GMT 2013, clock=1]
prohibition(cargo(_, _, 3, t1), reduce_100(t1))
obligation([cargo(_, _, _)], 43, [reduce_100(t1)])
agent t1
create entry obligation [[cargo(_, _, _)], 43, [reduce_100(t1)]]
Obligation [agent=t1, obligation=[cargo(_, _, _)], sanction=[reduce_100(t1)], deadline=43, time=Tue Jan 08 10:10:10 GMT 2013, clock=1]
prohibition(cargo(_, _, 3, t1), reduce_100(t1))
prohibition(cargo(_, _, 3, t1), reduce_100(t1))
prohibition(cargo(_, _, 3, t1), reduce_100(t1))
prohibition(cargo(_, _, 3, t1), reduce_100(t1))
prohibition(cargo(_, _, 3, t1), reduce_100(t1))
obligation([cargo(_, _, _)], 43, [reduce_100(t1)])
agent t1
create entry obligation [[cargo(_, _, _)], 43, [reduce_100(t1)]]
Obligation [agent=t1, obligation=[cargo(_, _, _)], sanction=[reduce_100(t1)], deadline=43, time=Tue Jan 08 10:10:11 GMT 2013, clock=1]
prohibition(cargo(_, _, 3, t1), reduce_100(t1))
prohibition(cargo(_, _, 3, t1), reduce_100(t1))
prohibition(cargo(_, _, 3, t1), reduce_100(t1))
prohibition(at(6, 6, a3), reduce_300(a3))
obligation(cargo(_, _, _, t1), 43, reduce_100(t1))
obligation(cargo(_, _, _, t1), 43, reduce_100(t1))
obligation([cargo(_, _, _)], 43, [reduce_100(t1)])
agent t1
create entry obligation [[cargo(_, _, _)], 43, [reduce_100(t1)]]
Obligation [agent=t1, obligation=[cargo(_, _, _)], sanction=[reduce_100(t1)], deadline=43, time=Tue Jan 08 10:10:36 GMT 2013, clock=1]
obligation(cargo(_, _, _, t1), 43, reduce_100(t1))
obligation(cargo(_, _, _, t1), 43, reduce_100(t1))
obligation([cargo(_, _, _)], 43, [reduce_100(t1)])
agent t1
create entry obligation [[cargo(_, _, _)], 43, [reduce_100(t1)]]
Obligation [agent=t1, obligation=[cargo(_, _, _)], sanction=[reduce_100(t1)], deadline=43, time=Tue Jan 08 10:10:37 GMT 2013, clock=1]
obligation(cargo(_, _, _, t1), 43, reduce_100(t1))
obligation(cargo(_, _, _, t1), 43, reduce_100(t1))
obligation([cargo(_, _, _)], 43, [reduce_100(t1)])
agent t1
create entry obligation [[cargo(_, _, _)], 43, [reduce_100(t1)]]
Obligation [agent=t1, obligation=[cargo(_, _, _)], sanction=[reduce_100(t1)], deadline=43, time=Tue Jan 08 10:11:02 GMT 2013, clock=1]
obligation(cargo(_, _, _, t1), 43, reduce_100(t1))
obligation(cargo(_, _, _, t1), 43, reduce_100(t1))
obligation([cargo(_, _, _)], 43, [reduce_100(t1)])
agent t1
create entry obligation [[cargo(_, _, _)], 43, [reduce_100(t1)]]
Obligation [agent=t1, obligation=[cargo(_, _, _)], sanction=[reduce_100(t1)], deadline=43, time=Tue Jan 08 10:11:03 GMT 2013, clock=1]
obligation(cargo(_, _, _, t1), 43, reduce_100(t1))
obligation(cargo(_, _, _, t1), 43, reduce_100(t1))
obligation([cargo(_, _, _)], 43, [reduce_100(t1)])
agent t1
create entry obligation [[cargo(_, _, _)], 43, [reduce_100(t1)]]
Obligation [agent=t1, obligation=[cargo(_, _, _)], sanction=[reduce_100(t1)], deadline=43, time=Tue Jan 08 10:11:28 GMT 2013, clock=1]
obligation(cargo(_, _, _, t1), 43, reduce_100(t1))
obligation(cargo(_, _, _, t1), 43, reduce_100(t1))
obligation([cargo(_, _, _)], 43, [reduce_100(t1)])
agent t1
create entry obligation [[cargo(_, _, _)], 43, [reduce_100(t1)]]
Obligation [agent=t1, obligation=[cargo(_, _, _)], sanction=[reduce_100(t1)], deadline=43, time=Tue Jan 08 10:11:29 GMT 2013, clock=1]
obligation(cargo(_, _, _, t1), 43, reduce_100(t1))
obligation(cargo(_, _, _, t1), 43, reduce_100(t1))
