test2.
Service Registrar: 052cc499-efa3-4995-a9c4-d29ebfc01764
Java Space found.
TransactionManager found.
-------------------------last log tuples start--------------------------------
Time [clock=126, time=2013-06-11 11:32:28.293]
Time [clock=127, time=2013-06-11 11:32:29.295]
Time [clock=128, time=2013-06-11 11:32:30.296]
Time [clock=129, time=2013-06-11 11:32:31.296]
Time [clock=130, time=2013-06-11 11:32:32.297]
Time [clock=1, time=2013-06-11 11:32:32.319]
Time [clock=2, time=2013-06-11 11:32:32.947]
Time [clock=131, time=2013-06-11 11:32:33.3]
Time [clock=3, time=2013-06-11 11:32:33.947]
Time [clock=132, time=2013-06-11 11:32:34.299]
Time [clock=4, time=2013-06-11 11:32:34.947]
Time [clock=133, time=2013-06-11 11:32:35.3]
Time [clock=5, time=2013-06-11 11:32:35.954]
Position [agent=a1, id=null, cell=Cell [x=3, y=4], time=2013-06-11 11:32:35.428, clock=132]
Time [clock=134, time=2013-06-11 11:32:36.342]
Time [clock=6, time=2013-06-11 11:32:36.95]
Position [agent=t1, id=null, cell=Cell [x=18, y=19], time=2013-06-11 11:32:35.961, clock=133]
Time [clock=135, time=2013-06-11 11:32:37.301]
Time [clock=7, time=2013-06-11 11:32:37.952]
Time [clock=136, time=2013-06-11 11:32:38.304]
Time [clock=8, time=2013-06-11 11:32:38.952]
Time [clock=137, time=2013-06-11 11:32:39.303]
Time [clock=9, time=2013-06-11 11:32:39.953]
Time [clock=138, time=2013-06-11 11:32:40.304]
Time [clock=10, time=2013-06-11 11:32:40.954]
Time [clock=139, time=2013-06-11 11:32:41.308]
Time [clock=11, time=2013-06-11 11:32:41.953]
Time [clock=140, time=2013-06-11 11:32:42.307]
Time [clock=12, time=2013-06-11 11:32:42.953]
Position [agent=a1, id=null, cell=Cell [x=3, y=5], time=2013-06-11 11:32:36.695, clock=134]
Time [clock=141, time=2013-06-11 11:32:43.306]
Position [agent=t1, id=null, cell=Cell [x=17, y=19], time=2013-06-11 11:32:37.702, clock=135]
Time [clock=13, time=2013-06-11 11:32:43.956]
Time [clock=142, time=2013-06-11 11:32:44.306]
Time [clock=14, time=2013-06-11 11:32:44.957]
Time [clock=143, time=2013-06-11 11:32:45.308]
Time [clock=15, time=2013-06-11 11:32:45.956]
Position [agent=a1, id=null, cell=Cell [x=4, y=5], time=2013-06-11 11:32:37.986, clock=135]
Time [clock=144, time=2013-06-11 11:32:46.309]
Time [clock=16, time=2013-06-11 11:32:46.958]
Time [clock=145, time=2013-06-11 11:32:47.311]
Position [agent=t1, id=null, cell=Cell [x=16, y=19], time=2013-06-11 11:32:39.495, clock=7]
Time [clock=17, time=2013-06-11 11:32:47.958]
Time [clock=146, time=2013-06-11 11:32:48.31]
Time [clock=18, time=2013-06-11 11:32:48.961]
Position [agent=a1, id=null, cell=Cell [x=5, y=6], time=2013-06-11 11:32:40.514, clock=9]
Time [clock=147, time=2013-06-11 11:32:49.311]
Time [clock=19, time=2013-06-11 11:32:49.96]
Time [clock=148, time=2013-06-11 11:32:50.314]
Time [clock=20, time=2013-06-11 11:32:50.963]
Time [clock=149, time=2013-06-11 11:32:51.312]
Time [clock=21, time=2013-06-11 11:32:51.964]
Position [agent=t1, id=null, cell=Cell [x=15, y=19], time=2013-06-11 11:32:40.838, clock=138]
Time [clock=150, time=2013-06-11 11:32:52.313]
Time [clock=22, time=2013-06-11 11:32:52.962]
Time [clock=151, time=2013-06-11 11:32:53.314]
Position [agent=a3, id=null, cell=Cell [x=11, y=2], time=2013-06-11 11:32:41.035, clock=138]
Time [clock=23, time=2013-06-11 11:32:53.964]
Time [clock=152, time=2013-06-11 11:32:54.314]
Time [clock=24, time=2013-06-11 11:32:54.965]
Time [clock=153, time=2013-06-11 11:32:55.317]
Time [clock=25, time=2013-06-11 11:32:55.966]
Time [clock=154, time=2013-06-11 11:32:56.357]
Time [clock=26, time=2013-06-11 11:32:56.966]
Time [clock=155, time=2013-06-11 11:32:57.318]
Position [agent=a1, id=null, cell=Cell [x=6, y=6], time=2013-06-11 11:32:41.58, clock=10]
Time [clock=27, time=2013-06-11 11:32:57.968]
Time [clock=156, time=2013-06-11 11:32:58.318]
Time [clock=28, time=2013-06-11 11:32:58.968]
Time [clock=157, time=2013-06-11 11:32:59.319]
Time [clock=29, time=2013-06-11 11:32:59.968]
Time [clock=158, time=2013-06-11 11:33:00.321]
Time [clock=30, time=2013-06-11 11:33:00.968]
Position [agent=a3, id=null, cell=Cell [x=11, y=3], time=2013-06-11 11:32:41.89, clock=139]
Time [clock=159, time=2013-06-11 11:33:01.322]
Time [clock=31, time=2013-06-11 11:33:01.97]
Time [clock=160, time=2013-06-11 11:33:02.324]
Position [agent=t1, id=null, cell=Cell [x=14, y=19], time=2013-06-11 11:32:42.082, clock=139]
Time [clock=32, time=2013-06-11 11:33:02.971]
Time [clock=161, time=2013-06-11 11:33:03.324]
Time [clock=33, time=2013-06-11 11:33:03.974]
Time [clock=162, time=2013-06-11 11:33:04.366]
Time [clock=34, time=2013-06-11 11:33:04.973]
Time [clock=163, time=2013-06-11 11:33:05.326]
Time [clock=35, time=2013-06-11 11:33:05.976]
Time [clock=164, time=2013-06-11 11:33:06.327]
Time [clock=36, time=2013-06-11 11:33:06.976]
Time [clock=165, time=2013-06-11 11:33:07.328]
Time [clock=37, time=2013-06-11 11:33:07.978]
Time [clock=166, time=2013-06-11 11:33:08.327]
Time [clock=38, time=2013-06-11 11:33:08.978]
Time [clock=167, time=2013-06-11 11:33:09.328]
Time [clock=39, time=2013-06-11 11:33:09.98]
Time [clock=168, time=2013-06-11 11:33:10.33]
Position [agent=a1, id=null, cell=Cell [x=7, y=6], time=2013-06-11 11:32:42.667, clock=11]
Time [clock=40, time=2013-06-11 11:33:10.983]
Time [clock=169, time=2013-06-11 11:33:11.331]
Time [clock=41, time=2013-06-11 11:33:11.983]
Time [clock=170, time=2013-06-11 11:33:12.372]
Position [agent=t1, id=null, cell=Cell [x=13, y=19], time=2013-06-11 11:32:42.957, clock=140]
Time [clock=42, time=2013-06-11 11:33:12.982]
Time [clock=171, time=2013-06-11 11:33:13.331]
Time [clock=43, time=2013-06-11 11:33:13.983]
Time [clock=172, time=2013-06-11 11:33:14.332]
Time [clock=44, time=2013-06-11 11:33:14.984]
Time [clock=173, time=2013-06-11 11:33:15.333]
Time [clock=45, time=2013-06-11 11:33:15.985]
Time [clock=174, time=2013-06-11 11:33:16.334]
Time [clock=46, time=2013-06-11 11:33:16.987]
Time [clock=175, time=2013-06-11 11:33:17.333]
Time [clock=47, time=2013-06-11 11:33:17.987]
Time [clock=176, time=2013-06-11 11:33:18.334]
Time [clock=48, time=2013-06-11 11:33:18.987]
Time [clock=177, time=2013-06-11 11:33:19.334]
Time [clock=49, time=2013-06-11 11:33:19.99]
Time [clock=178, time=2013-06-11 11:33:20.376]
Time [clock=50, time=2013-06-11 11:33:20.99]
Time [clock=179, time=2013-06-11 11:33:21.336]
Time [clock=51, time=2013-06-11 11:33:21.99]
Time [clock=180, time=2013-06-11 11:33:22.338]
Time [clock=52, time=2013-06-11 11:33:22.991]
Time [clock=181, time=2013-06-11 11:33:23.339]
Time [clock=53, time=2013-06-11 11:33:23.994]
Time [clock=182, time=2013-06-11 11:33:24.339]
Time [clock=54, time=2013-06-11 11:33:24.995]
Time [clock=183, time=2013-06-11 11:33:25.34]
Time [clock=55, time=2013-06-11 11:33:25.997]
Time [clock=184, time=2013-06-11 11:33:26.343]
Time [clock=56, time=2013-06-11 11:33:26.998]
Time [clock=185, time=2013-06-11 11:33:27.343]
Time [clock=57, time=2013-06-11 11:33:27.998]
Time [clock=186, time=2013-06-11 11:33:28.383]
Position [agent=a3, id=null, cell=Cell [x=11, y=4], time=2013-06-11 11:32:43.172, clock=140]
Time [clock=58, time=2013-06-11 11:33:29.0]
Time [clock=187, time=2013-06-11 11:33:29.344]
Time [clock=59, time=2013-06-11 11:33:29.999]
Time [clock=188, time=2013-06-11 11:33:30.344]
Time [clock=60, time=2013-06-11 11:33:31.001]
Position [agent=t1, id=null, cell=Cell [x=12, y=19], time=2013-06-11 11:32:43.794, clock=141]
Time [clock=189, time=2013-06-11 11:33:31.346]
Time [clock=61, time=2013-06-11 11:33:32.0]
Time [clock=190, time=2013-06-11 11:33:32.347]
Position [agent=a1, id=null, cell=Cell [x=8, y=6], time=2013-06-11 11:32:44.178, clock=141]
Time [clock=62, time=2013-06-11 11:33:33.002]
Time [clock=191, time=2013-06-11 11:33:33.349]
Time [clock=63, time=2013-06-11 11:33:34.004]
Time [clock=192, time=2013-06-11 11:33:34.349]
Time [clock=64, time=2013-06-11 11:33:35.004]
Time [clock=193, time=2013-06-11 11:33:35.35]
Time [clock=65, time=2013-06-11 11:33:36.006]
Time [clock=194, time=2013-06-11 11:33:36.389]
Position [agent=t1, id=null, cell=Cell [x=11, y=19], time=2013-06-11 11:32:44.472, clock=13]
Time [clock=66, time=2013-06-11 11:33:37.009]
Time [clock=195, time=2013-06-11 11:33:37.351]
Time [clock=67, time=2013-06-11 11:33:38.006]
Time [clock=196, time=2013-06-11 11:33:38.352]
Time [clock=68, time=2013-06-11 11:33:39.009]
Time [clock=197, time=2013-06-11 11:33:39.354]
Time [clock=69, time=2013-06-11 11:33:40.009]
Time [clock=198, time=2013-06-11 11:33:40.355]
Position [agent=a3, id=null, cell=Cell [x=11, y=5], time=2013-06-11 11:32:45.228, clock=142]
Time [clock=70, time=2013-06-11 11:33:41.011]
Time [clock=199, time=2013-06-11 11:33:41.355]
Time [clock=71, time=2013-06-11 11:33:42.01]
Time [clock=200, time=2013-06-11 11:33:42.357]
Time [clock=72, time=2013-06-11 11:33:43.012]
Time [clock=201, time=2013-06-11 11:33:43.359]
Time [clock=73, time=2013-06-11 11:33:44.012]
Time [clock=202, time=2013-06-11 11:33:44.359]
Position [agent=t1, id=null, cell=Cell [x=10, y=19], time=2013-06-11 11:32:45.534, clock=14]
Time [clock=74, time=2013-06-11 11:33:45.056]
Time [clock=203, time=2013-06-11 11:33:45.36]
Time [clock=75, time=2013-06-11 11:33:46.014]
Time [clock=204, time=2013-06-11 11:33:46.36]
Position [agent=a3, id=null, cell=Cell [x=11, y=6], time=2013-06-11 11:32:46.428, clock=15]
Time [clock=76, time=2013-06-11 11:33:47.016]
Time [clock=205, time=2013-06-11 11:33:47.361]
Time [clock=77, time=2013-06-11 11:33:48.014]
Time [clock=206, time=2013-06-11 11:33:48.361]
Time [clock=78, time=2013-06-11 11:33:49.017]
Time [clock=207, time=2013-06-11 11:33:49.363]
Time [clock=79, time=2013-06-11 11:33:50.018]
Time [clock=208, time=2013-06-11 11:33:50.364]
Time [clock=80, time=2013-06-11 11:33:51.02]
Position [agent=t1, id=null, cell=Cell [x=9, y=19], time=2013-06-11 11:32:46.814, clock=144]
Time [clock=209, time=2013-06-11 11:33:51.365]
Time [clock=81, time=2013-06-11 11:33:52.019]
Time [clock=210, time=2013-06-11 11:33:52.365]
Time [clock=82, time=2013-06-11 11:33:53.06]
Time [clock=211, time=2013-06-11 11:33:53.367]
Time [clock=83, time=2013-06-11 11:33:54.019]
Time [clock=212, time=2013-06-11 11:33:54.367]
Time [clock=84, time=2013-06-11 11:33:55.023]
Position [agent=a3, id=null, cell=Cell [x=10, y=6], time=2013-06-11 11:32:47.495, clock=16]
Time [clock=213, time=2013-06-11 11:33:55.367]
Time [clock=85, time=2013-06-11 11:33:56.022]
Time [clock=214, time=2013-06-11 11:33:56.368]
Time [clock=86, time=2013-06-11 11:33:57.025]
Time [clock=215, time=2013-06-11 11:33:57.368]
Time [clock=87, time=2013-06-11 11:33:58.026]
Time [clock=216, time=2013-06-11 11:33:58.368]
Time [clock=88, time=2013-06-11 11:33:59.026]
Time [clock=217, time=2013-06-11 11:33:59.37]
Time [clock=89, time=2013-06-11 11:34:00.028]
Time [clock=218, time=2013-06-11 11:34:00.371]
Time [clock=90, time=2013-06-11 11:34:01.07]
Position [agent=t1, id=null, cell=Cell [x=8, y=19], time=2013-06-11 11:32:47.919, clock=145]
Position [agent=a3, id=null, cell=Cell [x=9, y=6], time=2013-06-11 11:32:48.555, clock=17]
Time [clock=219, time=2013-06-11 11:34:01.372]
Time [clock=91, time=2013-06-11 11:34:02.029]
Time [clock=220, time=2013-06-11 11:34:02.371]
Time [clock=92, time=2013-06-11 11:34:03.031]
Time [clock=221, time=2013-06-11 11:34:03.374]
Time [clock=93, time=2013-06-11 11:34:04.03]
Time [clock=222, time=2013-06-11 11:34:04.373]
Time [clock=94, time=2013-06-11 11:34:05.031]
Time [clock=223, time=2013-06-11 11:34:05.373]
Position [agent=t1, id=null, cell=Cell [x=7, y=19], time=2013-06-11 11:32:48.964, clock=146]
Time [clock=95, time=2013-06-11 11:34:06.031]
Time [clock=224, time=2013-06-11 11:34:06.375]
Time [clock=96, time=2013-06-11 11:34:07.048]
Time [clock=225, time=2013-06-11 11:34:07.374]
Time [clock=97, time=2013-06-11 11:34:08.034]
Time [clock=226, time=2013-06-11 11:34:08.376]
Time [clock=98, time=2013-06-11 11:34:09.074]
Time [clock=227, time=2013-06-11 11:34:09.377]
Time [clock=99, time=2013-06-11 11:34:10.035]
Time [clock=228, time=2013-06-11 11:34:10.377]
Time [clock=100, time=2013-06-11 11:34:11.036]
Time [clock=229, time=2013-06-11 11:34:11.378]
Position [agent=a3, id=null, cell=Cell [x=8, y=6], time=2013-06-11 11:32:49.785, clock=147]
Time [clock=101, time=2013-06-11 11:34:12.037]
Time [clock=230, time=2013-06-11 11:34:12.378]
Time [clock=102, time=2013-06-11 11:34:13.037]
Position [agent=t1, id=null, cell=Cell [x=6, y=19], time=2013-06-11 11:32:50.137, clock=147]
Time [clock=231, time=2013-06-11 11:34:13.379]
Time [clock=103, time=2013-06-11 11:34:14.037]
Time [clock=232, time=2013-06-11 11:34:14.381]
Time [clock=104, time=2013-06-11 11:34:15.039]
Time [clock=233, time=2013-06-11 11:34:15.381]
Time [clock=105, time=2013-06-11 11:34:16.039]
Time [clock=234, time=2013-06-11 11:34:16.382]
Time [clock=106, time=2013-06-11 11:34:17.091]
Time [clock=235, time=2013-06-11 11:34:17.384]
Time [clock=107, time=2013-06-11 11:34:18.041]
Time [clock=236, time=2013-06-11 11:34:18.383]
Time [clock=108, time=2013-06-11 11:34:19.041]
Time [clock=237, time=2013-06-11 11:34:19.383]
Time [clock=109, time=2013-06-11 11:34:20.043]
Time [clock=238, time=2013-06-11 11:34:20.384]
Time [clock=110, time=2013-06-11 11:34:21.042]
Time [clock=239, time=2013-06-11 11:34:21.386]
Position [agent=t1, id=null, cell=Cell [x=5, y=19], time=2013-06-11 11:32:51.226, clock=148]
Time [clock=111, time=2013-06-11 11:34:22.046]
Time [clock=240, time=2013-06-11 11:34:22.386]
Time [clock=112, time=2013-06-11 11:34:23.046]
Position [agent=t1, id=null, cell=Cell [x=4, y=19], time=2013-06-11 11:32:52.528, clock=21]
Time [clock=241, time=2013-06-11 11:34:23.387]
Position [agent=t1, id=null, cell=Cell [x=3, y=19], time=2013-06-11 11:32:53.62, clock=22]
Time [clock=113, time=2013-06-11 11:34:24.046]
Time [clock=242, time=2013-06-11 11:34:24.387]
Time [clock=114, time=2013-06-11 11:34:25.087]
Time [clock=243, time=2013-06-11 11:34:25.391]
Time [clock=115, time=2013-06-11 11:34:26.049]
Time [clock=244, time=2013-06-11 11:34:26.39]
Time [clock=116, time=2013-06-11 11:34:27.052]
Time [clock=245, time=2013-06-11 11:34:27.39]
Time [clock=117, time=2013-06-11 11:34:28.051]
Time [clock=246, time=2013-06-11 11:34:28.392]
Time [clock=118, time=2013-06-11 11:34:29.052]
Time [clock=247, time=2013-06-11 11:34:29.391]
Time [clock=119, time=2013-06-11 11:34:30.053]
Position [agent=t1, id=null, cell=Cell [x=2, y=19], time=2013-06-11 11:32:54.937, clock=152]
Time [clock=248, time=2013-06-11 11:34:30.393]
Time [clock=120, time=2013-06-11 11:34:31.054]
Position [agent=t1, id=null, cell=Cell [x=2, y=18], time=2013-06-11 11:32:55.961, clock=153]
Time [clock=249, time=2013-06-11 11:34:31.393]
Time [clock=121, time=2013-06-11 11:34:32.054]
Time [clock=250, time=2013-06-11 11:34:32.399]
Time [clock=122, time=2013-06-11 11:34:33.056]
Time [clock=251, time=2013-06-11 11:34:33.44]
Time [clock=123, time=2013-06-11 11:34:34.057]
Time [clock=252, time=2013-06-11 11:34:34.402]
Time [clock=124, time=2013-06-11 11:34:35.057]
Time [clock=253, time=2013-06-11 11:34:35.401]
Time [clock=125, time=2013-06-11 11:34:36.058]
Time [clock=254, time=2013-06-11 11:34:36.402]
Time [clock=126, time=2013-06-11 11:34:37.059]
tuplespace.ActionRequest@7fe5c339
Time [clock=255, time=2013-06-11 11:34:37.403]
Time [clock=127, time=2013-06-11 11:34:38.061]
Time [clock=256, time=2013-06-11 11:34:38.405]
Time [clock=128, time=2013-06-11 11:34:39.064]
Time [clock=257, time=2013-06-11 11:34:39.404]
Time [clock=129, time=2013-06-11 11:34:40.063]
Obligation [agent=a1, obligation=[makeReading(8, 6)], sanction=[reduce_400(a1)], deadline=183, time=2013-06-11 11:32:37.979, clock=0]
Time [clock=258, time=2013-06-11 11:34:40.407]
Time [clock=130, time=2013-06-11 11:34:41.065]
Time [clock=259, time=2013-06-11 11:34:41.446]
Time [clock=131, time=2013-06-11 11:34:42.065]
Time [clock=260, time=2013-06-11 11:34:42.407]
Time [clock=132, time=2013-06-11 11:34:43.064]
Time [clock=261, time=2013-06-11 11:34:43.407]
Time [clock=133, time=2013-06-11 11:34:44.066]
Time [clock=262, time=2013-06-11 11:34:44.41]
Time [clock=134, time=2013-06-11 11:34:45.067]
Time [clock=263, time=2013-06-11 11:34:45.41]
Time [clock=135, time=2013-06-11 11:34:46.068]
Time [clock=264, time=2013-06-11 11:34:46.411]
Time [clock=136, time=2013-06-11 11:34:47.068]
Time [clock=265, time=2013-06-11 11:34:47.414]
Time [clock=137, time=2013-06-11 11:34:48.069]
Time [clock=266, time=2013-06-11 11:34:48.413]
Time [clock=138, time=2013-06-11 11:34:49.07]
Prohibition [agent=t1, prohibition=[at(5, 5, t1)], sanction=[reduce_300(t1)], clock=0, time=2013-06-11 11:32:41.013]
Time [clock=267, time=2013-06-11 11:34:49.455]
Time [clock=139, time=2013-06-11 11:34:50.071]
Time [clock=268, time=2013-06-11 11:34:50.417]
Time [clock=140, time=2013-06-11 11:34:51.071]
Time [clock=269, time=2013-06-11 11:34:51.419]
Time [clock=141, time=2013-06-11 11:34:52.072]
Time [clock=270, time=2013-06-11 11:34:52.418]
Time [clock=142, time=2013-06-11 11:34:53.072]
Time [clock=271, time=2013-06-11 11:34:53.42]
Time [clock=143, time=2013-06-11 11:34:54.073]
Time [clock=272, time=2013-06-11 11:34:54.422]
Time [clock=144, time=2013-06-11 11:34:55.074]
Time [clock=273, time=2013-06-11 11:34:55.422]
Time [clock=145, time=2013-06-11 11:34:56.074]
Obligation [agent=a1, obligation=[makeReading(16, 6)], sanction=[reduce_400(a1)], deadline=183, time=2013-06-11 11:32:38.724, clock=0]
Time [clock=274, time=2013-06-11 11:34:56.422]
Time [clock=146, time=2013-06-11 11:34:57.085]
Time [clock=275, time=2013-06-11 11:34:57.464]
Time [clock=147, time=2013-06-11 11:34:58.078]
Time [clock=276, time=2013-06-11 11:34:58.424]
Time [clock=148, time=2013-06-11 11:34:59.077]
Time [clock=277, time=2013-06-11 11:34:59.426]
Time [clock=149, time=2013-06-11 11:35:00.078]
Time [clock=278, time=2013-06-11 11:35:00.427]
Coin [id=null, cell=Cell [x=16, y=6], agent=a2, time=2013-06-11 11:32:37.258, clock=5]
Time [clock=150, time=2013-06-11 11:35:01.079]
Time [clock=279, time=2013-06-11 11:35:01.428]
Time [clock=151, time=2013-06-11 11:35:02.079]
Time [clock=280, time=2013-06-11 11:35:02.428]
Coin [id=null, cell=Cell [x=3, y=9], agent=a3, time=2013-06-11 11:32:37.305, clock=6]
Time [clock=152, time=2013-06-11 11:35:03.078]
Cargo [id=null, cell=Cell [x=19, y=19], time=2013-06-11 11:32:35.74, clock=132]
Time [clock=281, time=2013-06-11 11:35:03.431]
Time [clock=153, time=2013-06-11 11:35:04.08]
Time [clock=282, time=2013-06-11 11:35:04.43]
Time [clock=154, time=2013-06-11 11:35:05.081]
Time [clock=283, time=2013-06-11 11:35:05.471]
Time [clock=155, time=2013-06-11 11:35:06.083]
Time [clock=284, time=2013-06-11 11:35:06.432]
Time [clock=156, time=2013-06-11 11:35:07.084]
Time [clock=285, time=2013-06-11 11:35:07.434]
Time [clock=157, time=2013-06-11 11:35:08.083]
Time [clock=286, time=2013-06-11 11:35:08.435]
Time [clock=158, time=2013-06-11 11:35:09.086]
Time [clock=287, time=2013-06-11 11:35:09.435]
Time [clock=159, time=2013-06-11 11:35:10.086]
Prohibition [agent=t1, prohibition=[at(5, 6, t1)], sanction=[reduce_300(t1)], clock=0, time=2013-06-11 11:32:41.015]
Time [clock=288, time=2013-06-11 11:35:10.437]
Time [clock=160, time=2013-06-11 11:35:11.089]
Time [clock=289, time=2013-06-11 11:35:11.437]
Time [clock=161, time=2013-06-11 11:35:12.089]
Time [clock=290, time=2013-06-11 11:35:12.438]
Time [clock=162, time=2013-06-11 11:35:13.09]
Time [clock=291, time=2013-06-11 11:35:13.478]
Time [clock=163, time=2013-06-11 11:35:14.092]
Time [clock=292, time=2013-06-11 11:35:14.44]
Obligation [agent=a1, obligation=[makeReading(3, 9)], sanction=[reduce_400(a1)], deadline=183, time=2013-06-11 11:32:38.939, clock=0]
Time [clock=164, time=2013-06-11 11:35:15.092]
Time [clock=293, time=2013-06-11 11:35:15.44]
Prohibition [agent=t1, prohibition=[at(6, 5, t1)], sanction=[reduce_300(t1)], clock=0, time=2013-06-11 11:32:41.017]
Time [clock=165, time=2013-06-11 11:35:16.091]
Time [clock=294, time=2013-06-11 11:35:16.441]
Time [clock=166, time=2013-06-11 11:35:17.094]
Time [clock=295, time=2013-06-11 11:35:17.443]
Time [clock=167, time=2013-06-11 11:35:18.098]
Time [clock=296, time=2013-06-11 11:35:18.444]
Time [clock=168, time=2013-06-11 11:35:19.095]
Time [clock=297, time=2013-06-11 11:35:19.444]
Time [clock=169, time=2013-06-11 11:35:20.095]
Time [clock=298, time=2013-06-11 11:35:20.445]
Time [clock=170, time=2013-06-11 11:35:21.093]
Time [clock=299, time=2013-06-11 11:35:21.445]
Time [clock=171, time=2013-06-11 11:35:22.135]
Time [clock=300, time=2013-06-11 11:35:22.446]
Time [clock=172, time=2013-06-11 11:35:23.095]
Time [clock=301, time=2013-06-11 11:35:23.447]
Time [clock=173, time=2013-06-11 11:35:24.097]
Time [clock=302, time=2013-06-11 11:35:24.448]
Time [clock=174, time=2013-06-11 11:35:25.097]
Obligation [agent=a2, obligation=[makeReading(8, 6)], sanction=[reduce_400(a2)], deadline=183, time=2013-06-11 11:32:39.166, clock=0]
Time [clock=303, time=2013-06-11 11:35:25.448]
Time [clock=175, time=2013-06-11 11:35:26.098]
Time [clock=304, time=2013-06-11 11:35:26.45]
Time [clock=176, time=2013-06-11 11:35:27.101]
Time [clock=305, time=2013-06-11 11:35:27.451]
Prohibition [agent=t1, prohibition=[at(6, 6, t1)], sanction=[reduce_300(t1)], clock=0, time=2013-06-11 11:32:41.02]
Time [clock=177, time=2013-06-11 11:35:28.101]
Time [clock=306, time=2013-06-11 11:35:28.451]
Time [clock=178, time=2013-06-11 11:35:29.102]
Obligation [agent=a2, obligation=[makeReading(16, 6)], sanction=[reduce_400(a2)], deadline=183, time=2013-06-11 11:32:39.385, clock=0]
Time [clock=307, time=2013-06-11 11:35:29.453]
Time [clock=179, time=2013-06-11 11:35:30.143]
Time [clock=308, time=2013-06-11 11:35:30.452]
Time [clock=180, time=2013-06-11 11:35:31.104]
Time [clock=309, time=2013-06-11 11:35:31.453]
Obligation [agent=a2, obligation=[makeReading(3, 9)], sanction=[reduce_400(a2)], deadline=183, time=2013-06-11 11:32:39.603, clock=0]
Time [clock=181, time=2013-06-11 11:35:32.105]
Time [clock=310, time=2013-06-11 11:35:32.455]
Time [clock=182, time=2013-06-11 11:35:33.106]
Time [clock=311, time=2013-06-11 11:35:33.455]
Time [clock=183, time=2013-06-11 11:35:34.106]
Time [clock=312, time=2013-06-11 11:35:34.456]
Time [clock=184, time=2013-06-11 11:35:35.106]
Time [clock=313, time=2013-06-11 11:35:35.457]
Time [clock=185, time=2013-06-11 11:35:36.108]
Time [clock=314, time=2013-06-11 11:35:36.457]
Time [clock=186, time=2013-06-11 11:35:37.108]
Time [clock=315, time=2013-06-11 11:35:37.458]
Time [clock=187, time=2013-06-11 11:35:38.148]
Time [clock=316, time=2013-06-11 11:35:38.46]
Obligation [agent=a3, obligation=[makeReading(8, 6)], sanction=[reduce_400(a3)], deadline=183, time=2013-06-11 11:32:39.813, clock=0]
Time [clock=188, time=2013-06-11 11:35:39.11]
Time [clock=317, time=2013-06-11 11:35:39.46]
Obligation [agent=a3, obligation=[makeReading(16, 6)], sanction=[reduce_400(a3)], deadline=183, time=2013-06-11 11:32:40.023, clock=0]
Time [clock=189, time=2013-06-11 11:35:40.11]
Time [clock=318, time=2013-06-11 11:35:40.461]
Time [clock=190, time=2013-06-11 11:35:41.111]
Time [clock=319, time=2013-06-11 11:35:41.463]
Time [clock=191, time=2013-06-11 11:35:42.112]
Time [clock=320, time=2013-06-11 11:35:42.464]
Time [clock=192, time=2013-06-11 11:35:43.114]
Time [clock=321, time=2013-06-11 11:35:43.464]
Time [clock=193, time=2013-06-11 11:35:44.116]
Time [clock=322, time=2013-06-11 11:35:44.466]
Time [clock=194, time=2013-06-11 11:35:45.117]
Time [clock=323, time=2013-06-11 11:35:45.466]
Time [clock=195, time=2013-06-11 11:35:46.156]
Time [clock=324, time=2013-06-11 11:35:46.47]
Time [clock=196, time=2013-06-11 11:35:47.118]
Time [clock=325, time=2013-06-11 11:35:47.469]
Time [clock=197, time=2013-06-11 11:35:48.12]
Time [clock=326, time=2013-06-11 11:35:48.47]
Time [clock=198, time=2013-06-11 11:35:49.119]
Time [clock=327, time=2013-06-11 11:35:49.471]
Time [clock=199, time=2013-06-11 11:35:50.121]
Prohibition [agent=c1, prohibition=[coin(5, 5, a1)], sanction=[reduce_300(c1)], clock=0, time=2013-06-11 11:32:42.019]
Time [clock=328, time=2013-06-11 11:35:50.472]
Time [clock=200, time=2013-06-11 11:35:51.123]
Time [clock=329, time=2013-06-11 11:35:51.473]
Time [clock=201, time=2013-06-11 11:35:52.124]
Time [clock=330, time=2013-06-11 11:35:52.473]
Time [clock=202, time=2013-06-11 11:35:53.125]
Time [clock=331, time=2013-06-11 11:35:53.475]
Time [clock=203, time=2013-06-11 11:35:54.165]
Obligation [agent=a3, obligation=[makeReading(3, 9)], sanction=[reduce_400(a3)], deadline=183, time=2013-06-11 11:32:41.011, clock=0]
Time [clock=332, time=2013-06-11 11:35:54.478]
Time [clock=204, time=2013-06-11 11:35:55.126]
Time [clock=333, time=2013-06-11 11:35:55.477]
Time [clock=205, time=2013-06-11 11:35:56.127]
Time [clock=334, time=2013-06-11 11:35:56.477]
Time [clock=206, time=2013-06-11 11:35:57.128]
Time [clock=335, time=2013-06-11 11:35:57.478]
Time [clock=207, time=2013-06-11 11:35:58.129]
Time [clock=336, time=2013-06-11 11:35:58.481]
Time [clock=208, time=2013-06-11 11:35:59.13]
Time [clock=337, time=2013-06-11 11:35:59.481]
Time [clock=209, time=2013-06-11 11:36:00.13]
Time [clock=338, time=2013-06-11 11:36:00.482]
Time [clock=210, time=2013-06-11 11:36:01.131]
Time [clock=339, time=2013-06-11 11:36:01.483]
Time [clock=211, time=2013-06-11 11:36:02.169]
Time [clock=340, time=2013-06-11 11:36:02.486]
Time [clock=212, time=2013-06-11 11:36:03.133]
Time [clock=341, time=2013-06-11 11:36:03.484]
Time [clock=213, time=2013-06-11 11:36:04.133]
Time [clock=342, time=2013-06-11 11:36:04.487]
Time [clock=214, time=2013-06-11 11:36:05.134]
Prohibition [agent=c1, prohibition=[coin(5, 6, a1)], sanction=[reduce_300(c1)], clock=0, time=2013-06-11 11:32:42.021]
Time [clock=343, time=2013-06-11 11:36:05.487]
Time [clock=215, time=2013-06-11 11:36:06.134]
Time [clock=344, time=2013-06-11 11:36:06.487]
Time [clock=216, time=2013-06-11 11:36:07.135]
Time [clock=345, time=2013-06-11 11:36:07.489]
Time [clock=217, time=2013-06-11 11:36:08.137]
Time [clock=346, time=2013-06-11 11:36:08.488]
Time [clock=218, time=2013-06-11 11:36:09.138]
Time [clock=347, time=2013-06-11 11:36:09.49]
Prohibition [agent=c1, prohibition=[coin(6, 5, a1)], sanction=[reduce_300(c1)], clock=0, time=2013-06-11 11:32:42.022]
Time [clock=219, time=2013-06-11 11:36:10.139]
Time [clock=348, time=2013-06-11 11:36:10.531]
Time [clock=220, time=2013-06-11 11:36:11.14]
Time [clock=349, time=2013-06-11 11:36:11.492]
Time [clock=221, time=2013-06-11 11:36:12.139]
Prohibition [agent=c1, prohibition=[coin(6, 6, a1)], sanction=[reduce_300(c1)], clock=0, time=2013-06-11 11:32:42.024]
Time [clock=350, time=2013-06-11 11:36:12.493]
Time [clock=222, time=2013-06-11 11:36:13.141]
Prohibition [agent=c1, prohibition=[coin(5, 5, a2)], sanction=[reduce_300(c1)], clock=0, time=2013-06-11 11:32:42.028]
Time [clock=351, time=2013-06-11 11:36:13.494]
Time [clock=223, time=2013-06-11 11:36:14.143]
Prohibition [agent=c1, prohibition=[coin(5, 6, a2)], sanction=[reduce_300(c1)], clock=0, time=2013-06-11 11:32:42.03]
Time [clock=352, time=2013-06-11 11:36:14.495]
Prohibition [agent=c1, prohibition=[coin(6, 5, a2)], sanction=[reduce_300(c1)], clock=0, time=2013-06-11 11:32:42.033]
Time [clock=224, time=2013-06-11 11:36:15.144]
Time [clock=353, time=2013-06-11 11:36:15.497]
Time [clock=225, time=2013-06-11 11:36:16.145]
Time [clock=354, time=2013-06-11 11:36:16.497]
Prohibition [agent=c1, prohibition=[coin(6, 6, a2)], sanction=[reduce_300(c1)], clock=0, time=2013-06-11 11:32:42.037]
Prohibition [agent=c1, prohibition=[coin(5, 5, a3)], sanction=[reduce_300(c1)], clock=0, time=2013-06-11 11:32:42.04]
Prohibition [agent=c1, prohibition=[coin(5, 6, a3)], sanction=[reduce_300(c1)], clock=0, time=2013-06-11 11:32:42.041]
Prohibition [agent=c1, prohibition=[coin(6, 5, a3)], sanction=[reduce_300(c1)], clock=0, time=2013-06-11 11:32:42.043]
Prohibition [agent=c1, prohibition=[coin(6, 6, a3)], sanction=[reduce_300(c1)], clock=0, time=2013-06-11 11:32:42.045]
Prohibition [agent=a1, prohibition=[at(5, 5, a1)], sanction=[reduce_300(a1)], clock=0, time=2013-06-11 11:32:43.437]
Prohibition [agent=a1, prohibition=[at(5, 6, a1)], sanction=[reduce_300(a1)], clock=0, time=2013-06-11 11:32:43.439]
Prohibition [agent=a1, prohibition=[at(6, 5, a1)], sanction=[reduce_300(a1)], clock=0, time=2013-06-11 11:32:43.443]
Prohibition [agent=a1, prohibition=[at(6, 6, a1)], sanction=[reduce_300(a1)], clock=0, time=2013-06-11 11:32:43.447]
Prohibition [agent=a2, prohibition=[at(5, 5, a2)], sanction=[reduce_300(a2)], clock=0, time=2013-06-11 11:32:43.45]
Prohibition [agent=a2, prohibition=[at(5, 6, a2)], sanction=[reduce_300(a2)], clock=0, time=2013-06-11 11:32:43.451]
Prohibition [agent=a2, prohibition=[at(6, 5, a2)], sanction=[reduce_300(a2)], clock=0, time=2013-06-11 11:32:43.453]
Prohibition [agent=a2, prohibition=[at(6, 6, a2)], sanction=[reduce_300(a2)], clock=0, time=2013-06-11 11:32:43.454]
Prohibition [agent=a3, prohibition=[at(5, 5, a3)], sanction=[reduce_300(a3)], clock=0, time=2013-06-11 11:32:43.459]
Prohibition [agent=a3, prohibition=[at(5, 6, a3)], sanction=[reduce_300(a3)], clock=0, time=2013-06-11 11:32:43.462]
Prohibition [agent=a3, prohibition=[at(6, 5, a3)], sanction=[reduce_300(a3)], clock=0, time=2013-06-11 11:32:43.464]
Prohibition [agent=a3, prohibition=[at(6, 6, a3)], sanction=[reduce_300(a3)], clock=0, time=2013-06-11 11:32:43.465]
-------------------------last log tuples end----------------------------------
register a1
register a2
register a3
register c1
register t1
from/for agent a3  readingRequest(position(11, 1))
from/for agent a3  reading(position(11, 1))
from/for agent a2  readingRequest(position(8, 19))
from/for agent a2  reading(position(8, 19))
org position notification
Organization notifies agent (write): Prohibition [agent=t1, prohibition=[at(5, 5, t1)], sanction=[reduce_300(t1)], clock=0, time=2013-06-11 11:36:28.63]
Organization notifies agent (write): Prohibition [agent=t1, prohibition=[at(5, 6, t1)], sanction=[reduce_300(t1)], clock=0, time=2013-06-11 11:36:28.631]
Organization notifies agent (write): Prohibition [agent=t1, prohibition=[at(6, 5, t1)], sanction=[reduce_300(t1)], clock=0, time=2013-06-11 11:36:28.633]
agent prohibition notification t1 number 1
Organization notifies agent (write): Prohibition [agent=t1, prohibition=[at(6, 6, t1)], sanction=[reduce_300(t1)], clock=0, time=2013-06-11 11:36:28.634]
Organization notifies agent (write): Prohibition [agent=c1, prohibition=[coin(5, 5, a1)], sanction=[reduce_300(c1)], clock=0, time=2013-06-11 11:36:28.84]
Organization notifies agent (write): Prohibition [agent=c1, prohibition=[coin(5, 6, a1)], sanction=[reduce_300(c1)], clock=0, time=2013-06-11 11:36:28.841]
Organization notifies agent (write): Prohibition [agent=c1, prohibition=[coin(6, 5, a1)], sanction=[reduce_300(c1)], clock=0, time=2013-06-11 11:36:28.843]
agent prohibition notification c1 number 1
Organization notifies agent (write): Prohibition [agent=c1, prohibition=[coin(6, 6, a1)], sanction=[reduce_300(c1)], clock=0, time=2013-06-11 11:36:28.844]
Organization notifies agent (write): Prohibition [agent=c1, prohibition=[coin(5, 5, a2)], sanction=[reduce_300(c1)], clock=0, time=2013-06-11 11:36:28.846]
Prohibition [agent=t1, prohibition=null, sanction=null, clock=null, time=null] 1970-01-01 01:00:00.0 - 2013-06-11 11:36:28.634
Organization notifies agent (write): Prohibition [agent=c1, prohibition=[coin(5, 6, a2)], sanction=[reduce_300(c1)], clock=0, time=2013-06-11 11:36:28.848]
Event sent to agent      t1 prohibition(at(5, 5, t1), reduce_300(t1))
Event sent to agent      t1 prohibition(at(5, 6, t1), reduce_300(t1))
Event sent to agent      t1 prohibition(at(6, 5, t1), reduce_300(t1))
agent prohibition notification t1 number 4
Organization notifies agent (write): Prohibition [agent=c1, prohibition=[coin(6, 5, a2)], sanction=[reduce_300(c1)], clock=0, time=2013-06-11 11:36:28.851]
Organization notifies agent (write): Prohibition [agent=c1, prohibition=[coin(6, 6, a2)], sanction=[reduce_300(c1)], clock=0, time=2013-06-11 11:36:28.852]
Organization notifies agent (write): Prohibition [agent=c1, prohibition=[coin(5, 5, a3)], sanction=[reduce_300(c1)], clock=0, time=2013-06-11 11:36:28.854]
Organization notifies agent (write): Prohibition [agent=c1, prohibition=[coin(5, 6, a3)], sanction=[reduce_300(c1)], clock=0, time=2013-06-11 11:36:28.856]
Organization notifies agent (write): Prohibition [agent=c1, prohibition=[coin(6, 5, a3)], sanction=[reduce_300(c1)], clock=0, time=2013-06-11 11:36:28.858]
Organization notifies agent (write): Prohibition [agent=c1, prohibition=[coin(6, 6, a3)], sanction=[reduce_300(c1)], clock=0, time=2013-06-11 11:36:28.862]
Prohibition [agent=t1, prohibition=null, sanction=null, clock=null, time=null] 2013-06-11 11:36:28.634 - 2013-06-11 11:36:28.851
Prohibition [agent=c1, prohibition=null, sanction=null, clock=null, time=null] 1970-01-01 01:00:00.0 - 2013-06-11 11:36:28.844
Event sent to agent      c1 prohibition(coin(5, 5, a1), reduce_300(c1))
Event sent to agent      c1 prohibition(coin(5, 6, a1), reduce_300(c1))
Event sent to agent      c1 prohibition(coin(6, 5, a1), reduce_300(c1))
agent prohibition notification c1 number 12
Prohibition [agent=c1, prohibition=null, sanction=null, clock=null, time=null] 2013-06-11 11:36:28.844 - 2013-06-11 11:36:29.085
Event sent to agent      c1 prohibition(coin(5, 5, a2), reduce_300(c1))
Event sent to agent      c1 prohibition(coin(5, 6, a2), reduce_300(c1))
Event sent to agent      c1 prohibition(coin(6, 5, a2), reduce_300(c1))
Event sent to agent      c1 prohibition(coin(6, 6, a2), reduce_300(c1))
Event sent to agent      c1 prohibition(coin(5, 5, a3), reduce_300(c1))
Event sent to agent      c1 prohibition(coin(5, 6, a3), reduce_300(c1))
Event sent to agent      c1 prohibition(coin(6, 5, a3), reduce_300(c1))
Event sent to agent      c1 prohibition(coin(6, 6, a3), reduce_300(c1))
Organization notifies agent (write): Prohibition [agent=a1, prohibition=[at(5, 5, a1)], sanction=[reduce_300(a1)], clock=0, time=2013-06-11 11:36:29.482]
Organization notifies agent (write): Prohibition [agent=a1, prohibition=[at(5, 6, a1)], sanction=[reduce_300(a1)], clock=0, time=2013-06-11 11:36:29.483]
agent prohibition notification a1 number 1
Organization notifies agent (write): Prohibition [agent=a1, prohibition=[at(6, 5, a1)], sanction=[reduce_300(a1)], clock=0, time=2013-06-11 11:36:29.486]
Organization notifies agent (write): Prohibition [agent=a1, prohibition=[at(6, 6, a1)], sanction=[reduce_300(a1)], clock=0, time=2013-06-11 11:36:29.488]
Organization notifies agent (write): Prohibition [agent=a2, prohibition=[at(5, 5, a2)], sanction=[reduce_300(a2)], clock=0, time=2013-06-11 11:36:29.49]
Organization notifies agent (write): Prohibition [agent=a2, prohibition=[at(5, 6, a2)], sanction=[reduce_300(a2)], clock=0, time=2013-06-11 11:36:29.492]
Organization notifies agent (write): Prohibition [agent=a2, prohibition=[at(6, 5, a2)], sanction=[reduce_300(a2)], clock=0, time=2013-06-11 11:36:29.493]
agent prohibition notification a2 number 1
Organization notifies agent (write): Prohibition [agent=a2, prohibition=[at(6, 6, a2)], sanction=[reduce_300(a2)], clock=0, time=2013-06-11 11:36:29.496]
Organization notifies agent (write): Prohibition [agent=a3, prohibition=[at(5, 5, a3)], sanction=[reduce_300(a3)], clock=0, time=2013-06-11 11:36:29.498]
Organization notifies agent (write): Prohibition [agent=a3, prohibition=[at(5, 6, a3)], sanction=[reduce_300(a3)], clock=0, time=2013-06-11 11:36:29.5]
Organization notifies agent (write): Prohibition [agent=a3, prohibition=[at(6, 5, a3)], sanction=[reduce_300(a3)], clock=0, time=2013-06-11 11:36:29.503]
Organization notifies agent (write): Prohibition [agent=a3, prohibition=[at(6, 6, a3)], sanction=[reduce_300(a3)], clock=0, time=2013-06-11 11:36:29.507]
agent prohibition notification a3 number 4
Prohibition [agent=a1, prohibition=null, sanction=null, clock=null, time=null] 1970-01-01 01:00:00.0 - 2013-06-11 11:36:29.486
Event sent to agent      a1 prohibition(at(5, 5, a1), reduce_300(a1))
Event sent to agent      a1 prohibition(at(5, 6, a1), reduce_300(a1))
agent prohibition notification a1 number 4
Prohibition [agent=a2, prohibition=null, sanction=null, clock=null, time=null] 1970-01-01 01:00:00.0 - 2013-06-11 11:36:29.495
Event sent to agent      a2 prohibition(at(5, 5, a2), reduce_300(a2))
Event sent to agent      a2 prohibition(at(5, 6, a2), reduce_300(a2))
Event sent to agent      a2 prohibition(at(6, 5, a2), reduce_300(a2))
agent prohibition notification a2 number 4
Prohibition [agent=a3, prohibition=null, sanction=null, clock=null, time=null] 1970-01-01 01:00:00.0 - 2013-06-11 11:36:29.544
Event sent to agent      a3 prohibition(at(5, 5, a3), reduce_300(a3))
Event sent to agent      a3 prohibition(at(5, 6, a3), reduce_300(a3))
Event sent to agent      a3 prohibition(at(6, 5, a3), reduce_300(a3))
Event sent to agent      a3 prohibition(at(6, 6, a3), reduce_300(a3))
Prohibition [agent=a1, prohibition=null, sanction=null, clock=null, time=null] 2013-06-11 11:36:29.486 - 2013-06-11 11:36:29.711
Event sent to agent      a1 prohibition(at(6, 6, a1), reduce_300(a1))
Prohibition [agent=a2, prohibition=null, sanction=null, clock=null, time=null] 2013-06-11 11:36:29.495 - 2013-06-11 11:36:29.727
Event sent to agent      a2 prohibition(at(6, 6, a2), reduce_300(a2))
org position notification
org cargo notification
org position notification
