Service Registrar: 2131b097-6371-46da-b860-ae9238a6fc5d
Java Space found.
TransactionManager found.
org notified 
org notified 
org notified 
org notified 
obligation([cargo(_, _, _)], 58, [reduce_100(t1)])
agent t1
create entry obligation [[cargo(_, _, _)], 58, [reduce_100(t1)]]
Obligation [agent=t1, obligation=[cargo(_, _, _)], sanction=[reduce_100(t1)], deadline=58, time=Mon Jan 07 15:55:48 GMT 2013, clock=1]
prohibition([cargo(_, _, 2)], [reduce_100(t1)])
agent t1
create entry prohibition [[cargo(_, _, 2)], [reduce_100(t1)]]
Prohibition [agent=t1, prohibition=[cargo(_, _, 2)], sanction=[reduce_100(t1)], clock=1, time=Mon Jan 07 15:55:49 GMT 2013]
prohibition([at(5, 5, t1)], [reduce_300(t1)])
agent t1
create entry prohibition [[at(5, 5, t1)], [reduce_300(t1)]]
Prohibition [agent=t1, prohibition=[at(5, 5, t1)], sanction=[reduce_300(t1)], clock=1, time=Mon Jan 07 15:55:49 GMT 2013]
prohibition([at(5, 6, t1)], [reduce_300(t1)])
agent t1
create entry prohibition [[at(5, 6, t1)], [reduce_300(t1)]]
Prohibition [agent=t1, prohibition=[at(5, 6, t1)], sanction=[reduce_300(t1)], clock=1, time=Mon Jan 07 15:55:49 GMT 2013]
prohibition([at(6, 5, t1)], [reduce_300(t1)])
agent t1
create entry prohibition [[at(6, 5, t1)], [reduce_300(t1)]]
Prohibition [agent=t1, prohibition=[at(6, 5, t1)], sanction=[reduce_300(t1)], clock=1, time=Mon Jan 07 15:55:49 GMT 2013]
prohibition([at(6, 6, t1)], [reduce_300(t1)])
agent t1
create entry prohibition [[at(6, 6, t1)], [reduce_300(t1)]]
Prohibition [agent=t1, prohibition=[at(6, 6, t1)], sanction=[reduce_300(t1)], clock=1, time=Mon Jan 07 15:55:49 GMT 2013]
coin(position(8, 6), 48, a1)
agent c1
create entry coin [position(8, 6), 48, a1]
cargo(position(20, 20), 45)
agent t1
create entry cargo [position(20, 20), 45]
prohibition([coin(5, 5, _, a1)], [reduce_300(c1)])
agent c1
create entry prohibition [[coin(5, 5, _, a1)], [reduce_300(c1)]]
Prohibition [agent=c1, prohibition=[coin(5, 5, _, a1)], sanction=[reduce_300(c1)], clock=1, time=Mon Jan 07 15:55:50 GMT 2013]
prohibition([coin(5, 6, _, a1)], [reduce_300(c1)])
agent c1
create entry prohibition [[coin(5, 6, _, a1)], [reduce_300(c1)]]
Prohibition [agent=c1, prohibition=[coin(5, 6, _, a1)], sanction=[reduce_300(c1)], clock=1, time=Mon Jan 07 15:55:50 GMT 2013]
prohibition([coin(6, 5, _, a1)], [reduce_300(c1)])
agent c1
create entry prohibition [[coin(6, 5, _, a1)], [reduce_300(c1)]]
Prohibition [agent=c1, prohibition=[coin(6, 5, _, a1)], sanction=[reduce_300(c1)], clock=1, time=Mon Jan 07 15:55:50 GMT 2013]
prohibition([coin(6, 6, _, a1)], [reduce_300(c1)])
agent c1
create entry prohibition [[coin(6, 6, _, a1)], [reduce_300(c1)]]
Prohibition [agent=c1, prohibition=[coin(6, 6, _, a1)], sanction=[reduce_300(c1)], clock=1, time=Mon Jan 07 15:55:50 GMT 2013]
prohibition([coin(5, 5, _, a2)], [reduce_300(c1)])
agent c1
create entry prohibition [[coin(5, 5, _, a2)], [reduce_300(c1)]]
Prohibition [agent=c1, prohibition=[coin(5, 5, _, a2)], sanction=[reduce_300(c1)], clock=1, time=Mon Jan 07 15:55:50 GMT 2013]
prohibition([coin(5, 6, _, a2)], [reduce_300(c1)])
agent c1
create entry prohibition [[coin(5, 6, _, a2)], [reduce_300(c1)]]
Prohibition [agent=c1, prohibition=[coin(5, 6, _, a2)], sanction=[reduce_300(c1)], clock=1, time=Mon Jan 07 15:55:50 GMT 2013]
prohibition([coin(6, 5, _, a2)], [reduce_300(c1)])
agent c1
create entry prohibition [[coin(6, 5, _, a2)], [reduce_300(c1)]]
Prohibition [agent=c1, prohibition=[coin(6, 5, _, a2)], sanction=[reduce_300(c1)], clock=1, time=Mon Jan 07 15:55:50 GMT 2013]
prohibition([coin(6, 6, _, a2)], [reduce_300(c1)])
agent c1
create entry prohibition [[coin(6, 6, _, a2)], [reduce_300(c1)]]
Prohibition [agent=c1, prohibition=[coin(6, 6, _, a2)], sanction=[reduce_300(c1)], clock=1, time=Mon Jan 07 15:55:50 GMT 2013]
prohibition([coin(5, 5, _, a3)], [reduce_300(c1)])
agent c1
create entry prohibition [[coin(5, 5, _, a3)], [reduce_300(c1)]]
Prohibition [agent=c1, prohibition=[coin(5, 5, _, a3)], sanction=[reduce_300(c1)], clock=1, time=Mon Jan 07 15:55:50 GMT 2013]
prohibition([coin(5, 6, _, a3)], [reduce_300(c1)])
agent c1
create entry prohibition [[coin(5, 6, _, a3)], [reduce_300(c1)]]
Prohibition [agent=c1, prohibition=[coin(5, 6, _, a3)], sanction=[reduce_300(c1)], clock=1, time=Mon Jan 07 15:55:50 GMT 2013]
prohibition([coin(6, 5, _, a3)], [reduce_300(c1)])
agent c1
create entry prohibition [[coin(6, 5, _, a3)], [reduce_300(c1)]]
Prohibition [agent=c1, prohibition=[coin(6, 5, _, a3)], sanction=[reduce_300(c1)], clock=1, time=Mon Jan 07 15:55:50 GMT 2013]
prohibition([coin(6, 6, _, a3)], [reduce_300(c1)])
agent c1
create entry prohibition [[coin(6, 6, _, a3)], [reduce_300(c1)]]
Prohibition [agent=c1, prohibition=[coin(6, 6, _, a3)], sanction=[reduce_300(c1)], clock=1, time=Mon Jan 07 15:55:50 GMT 2013]
status(position(3, 4), 25)
agent a1
coin(position(16, 6), 9, a2)
agent c1
create entry coin [position(16, 6), 9, a2]
status(position(19, 20), 25)
agent t1
status(position(3, 4), 18)
agent a3
status(position(3, 5), 44)
agent a1
status(position(3, 4), 47)
agent a2
coin(position(3, 9), 47, a3)
agent c1
create entry coin [position(3, 9), 47, a3]
status(position(3, 5), 46)
agent a3
status(position(18, 20), 48)
agent t1
prohibition([at(5, 5, a1)], [reduce_300(a1)])
agent a1
create entry prohibition [[at(5, 5, a1)], [reduce_300(a1)]]
Prohibition [agent=a1, prohibition=[at(5, 5, a1)], sanction=[reduce_300(a1)], clock=1, time=Mon Jan 07 15:55:53 GMT 2013]
prohibition([at(5, 6, a1)], [reduce_300(a1)])
agent a1
create entry prohibition [[at(5, 6, a1)], [reduce_300(a1)]]
Prohibition [agent=a1, prohibition=[at(5, 6, a1)], sanction=[reduce_300(a1)], clock=1, time=Mon Jan 07 15:55:53 GMT 2013]
prohibition([at(6, 5, a1)], [reduce_300(a1)])
agent a1
create entry prohibition [[at(6, 5, a1)], [reduce_300(a1)]]
Prohibition [agent=a1, prohibition=[at(6, 5, a1)], sanction=[reduce_300(a1)], clock=1, time=Mon Jan 07 15:55:53 GMT 2013]
prohibition([at(6, 6, a1)], [reduce_300(a1)])
agent a1
create entry prohibition [[at(6, 6, a1)], [reduce_300(a1)]]
Prohibition [agent=a1, prohibition=[at(6, 6, a1)], sanction=[reduce_300(a1)], clock=1, time=Mon Jan 07 15:55:53 GMT 2013]
prohibition([at(5, 5, a2)], [reduce_300(a2)])
agent a2
create entry prohibition [[at(5, 5, a2)], [reduce_300(a2)]]
Prohibition [agent=a2, prohibition=[at(5, 5, a2)], sanction=[reduce_300(a2)], clock=1, time=Mon Jan 07 15:55:53 GMT 2013]
prohibition([at(5, 6, a2)], [reduce_300(a2)])
agent a2
create entry prohibition [[at(5, 6, a2)], [reduce_300(a2)]]
Prohibition [agent=a2, prohibition=[at(5, 6, a2)], sanction=[reduce_300(a2)], clock=1, time=Mon Jan 07 15:55:53 GMT 2013]
prohibition([at(6, 5, a2)], [reduce_300(a2)])
agent a2
create entry prohibition [[at(6, 5, a2)], [reduce_300(a2)]]
Prohibition [agent=a2, prohibition=[at(6, 5, a2)], sanction=[reduce_300(a2)], clock=1, time=Mon Jan 07 15:55:53 GMT 2013]
prohibition([at(6, 6, a2)], [reduce_300(a2)])
agent a2
create entry prohibition [[at(6, 6, a2)], [reduce_300(a2)]]
Prohibition [agent=a2, prohibition=[at(6, 6, a2)], sanction=[reduce_300(a2)], clock=1, time=Mon Jan 07 15:55:53 GMT 2013]
prohibition([at(5, 5, a3)], [reduce_300(a3)])
agent a3
create entry prohibition [[at(5, 5, a3)], [reduce_300(a3)]]
Prohibition [agent=a3, prohibition=[at(5, 5, a3)], sanction=[reduce_300(a3)], clock=1, time=Mon Jan 07 15:55:53 GMT 2013]
prohibition([at(5, 6, a3)], [reduce_300(a3)])
agent a3
create entry prohibition [[at(5, 6, a3)], [reduce_300(a3)]]
Prohibition [agent=a3, prohibition=[at(5, 6, a3)], sanction=[reduce_300(a3)], clock=1, time=Mon Jan 07 15:55:53 GMT 2013]
prohibition([at(6, 5, a3)], [reduce_300(a3)])
agent a3
create entry prohibition [[at(6, 5, a3)], [reduce_300(a3)]]
Prohibition [agent=a3, prohibition=[at(6, 5, a3)], sanction=[reduce_300(a3)], clock=1, time=Mon Jan 07 15:55:53 GMT 2013]
prohibition([at(6, 6, a3)], [reduce_300(a3)])
agent a3
create entry prohibition [[at(6, 6, a3)], [reduce_300(a3)]]
Prohibition [agent=a3, prohibition=[at(6, 6, a3)], sanction=[reduce_300(a3)], clock=1, time=Mon Jan 07 15:55:53 GMT 2013]
status(position(3, 6), 47)
agent a1
status(position(3, 5), 48)
agent a2
status(position(3, 6), 47)
agent a3
status(position(17, 20), 48)
agent t1
status(position(3, 6), 47)
agent a2
status(position(3, 7), 48)
agent a1
status(position(16, 20), 47)
agent t1
status(position(3, 7), 48)
agent a3
status(position(3, 7), 48)
agent a2
status(position(3, 8), 47)
agent a1
org notified 
status(position(15, 20), 46)
agent t1
obligation([cargo(_, _, _)], 58, [reduce_100(t1)])
agent t1
create entry obligation [[cargo(_, _, _)], 58, [reduce_100(t1)]]
Obligation [agent=t1, obligation=[cargo(_, _, _)], sanction=[reduce_100(t1)], deadline=58, time=Mon Jan 07 15:55:57 GMT 2013, clock=1]
status(position(3, 8), 46)
agent a3
status(position(3, 9), 47)
agent a1
status(position(3, 8), 48)
agent a2
status(position(3, 9), 47)
agent a3
status(position(14, 20), 47)
agent t1
prohibition([cargo(_, _, 46)], [reduce_100(t1)])
agent t1
create entry prohibition [[cargo(_, _, 46)], [reduce_100(t1)]]
Prohibition [agent=t1, prohibition=[cargo(_, _, 46)], sanction=[reduce_100(t1)], clock=1, time=Mon Jan 07 15:55:59 GMT 2013]
status(position(3, 10), 48)
agent a1
status(position(3, 9), 47)
agent a2
status(position(3, 10), 48)
agent a3
status(position(13, 20), 48)
agent t1
status(position(3, 10), 48)
agent a2
status(position(4, 10), 47)
agent a1
status(position(4, 10), 48)
agent a3
status(position(12, 20), 48)
agent t1
status(position(4, 10), 48)
agent a2
status(position(5, 10), 46)
agent a1
status(position(11, 20), 46)
agent t1
status(position(5, 10), 46)
agent a3
status(position(5, 10), 46)
agent a2
status(position(6, 10), 46)
agent a1
status(position(10, 20), 47)
agent t1
status(position(6, 10), 47)
agent a2
status(position(6, 10), 45)
agent a3
status(position(7, 10), 48)
agent a1
status(position(9, 20), 48)
agent t1
status(position(7, 10), 47)
agent a2
status(position(7, 10), 48)
agent a3
status(position(8, 10), 48)
agent a1
status(position(8, 20), 48)
agent t1
status(position(8, 10), 47)
agent a2
status(position(8, 10), 48)
agent a3
status(position(9, 10), 48)
agent a1
status(position(7, 20), 48)
agent t1
status(position(9, 10), 47)
agent a2
status(position(10, 10), 45)
agent a1
status(position(9, 10), 47)
agent a3
status(position(6, 20), 48)
agent t1
status(position(10, 10), 47)
agent a3
status(position(10, 10), 47)
agent a2
status(position(5, 20), 48)
agent t1
status(position(4, 20), 48)
agent t1
status(position(3, 20), 48)
agent t1
status(position(2, 20), 48)
agent t1
status(position(2, 19), 48)
agent t1
status(position(2, 18), 48)
agent t1
status(position(2, 17), 48)
agent t1
status(position(2, 16), 48)
agent t1
status(position(2, 15), 48)
agent t1
status(position(2, 14), 48)
agent t1
org notified 
status(position(2, 13), 48)
agent t1
obligation([cargo(_, _, _)], 58, [reduce_100(t1)])
agent t1
create entry obligation [[cargo(_, _, _)], 58, [reduce_100(t1)]]
Obligation [agent=t1, obligation=[cargo(_, _, _)], sanction=[reduce_100(t1)], deadline=58, time=Mon Jan 07 15:56:25 GMT 2013, clock=1]
status(position(2, 12), 48)
agent t1
status(position(2, 11), 48)
agent t1
status(position(2, 10), 48)
agent t1
status(position(2, 9), 48)
agent t1
status(position(2, 8), 48)
agent t1
status(position(2, 7), 48)
agent t1
status(position(2, 6), 48)
agent t1
status(position(2, 5), 48)
agent t1
status(position(2, 4), 48)
agent t1
