test2.
Service Registrar: 052cc499-efa3-4995-a9c4-d29ebfc01764
Java Space found.
TransactionManager found.
-------------------------last log tuples start--------------------------------
Time [clock=1, time=2013-06-11 12:51:57.308]
Time [clock=2, time=2013-06-11 12:51:57.933]
Time [clock=3, time=2013-06-11 12:51:58.933]
Position [agent=a1, id=null, cell=Cell [x=3, y=4], time=2013-06-11 12:52:10.454, clock=13]
Time [clock=4, time=2013-06-11 12:51:59.935]
Time [clock=5, time=2013-06-11 12:52:00.937]
Time [clock=6, time=2013-06-11 12:52:01.938]
Time [clock=7, time=2013-06-11 12:52:02.937]
Time [clock=8, time=2013-06-11 12:52:03.939]
Time [clock=9, time=2013-06-11 12:52:04.94]
Time [clock=10, time=2013-06-11 12:52:05.94]
Time [clock=11, time=2013-06-11 12:52:06.946]
Time [clock=12, time=2013-06-11 12:52:07.949]
Time [clock=13, time=2013-06-11 12:52:08.949]
Time [clock=14, time=2013-06-11 12:52:09.951]
Time [clock=15, time=2013-06-11 12:52:10.995]
Time [clock=16, time=2013-06-11 12:52:11.961]
Time [clock=17, time=2013-06-11 12:52:12.956]
Time [clock=18, time=2013-06-11 12:52:13.961]
Position [agent=a3, id=null, cell=Cell [x=11, y=2], time=2013-06-11 12:52:10.919, clock=14]
Time [clock=19, time=2013-06-11 12:52:14.968]
Position [agent=t1, id=null, cell=Cell [x=18, y=19], time=2013-06-11 12:52:11.309, clock=15]
Position [agent=a3, id=null, cell=Cell [x=11, y=3], time=2013-06-11 12:52:11.579, clock=15]
Time [clock=20, time=2013-06-11 12:52:15.96]
Time [clock=21, time=2013-06-11 12:52:16.96]
Position [agent=a1, id=null, cell=Cell [x=3, y=5], time=2013-06-11 12:52:12.217, clock=15]
Time [clock=22, time=2013-06-11 12:52:17.961]
Time [clock=23, time=2013-06-11 12:52:18.965]
Time [clock=24, time=2013-06-11 12:52:19.975]
Time [clock=25, time=2013-06-11 12:52:20.973]
Time [clock=26, time=2013-06-11 12:52:22.012]
Time [clock=27, time=2013-06-11 12:52:22.975]
Time [clock=28, time=2013-06-11 12:52:23.973]
Time [clock=29, time=2013-06-11 12:52:24.973]
Time [clock=30, time=2013-06-11 12:52:25.976]
Time [clock=31, time=2013-06-11 12:52:26.986]
Time [clock=32, time=2013-06-11 12:52:27.974]
Time [clock=33, time=2013-06-11 12:52:28.975]
Time [clock=34, time=2013-06-11 12:52:29.975]
Time [clock=35, time=2013-06-11 12:52:30.977]
Time [clock=36, time=2013-06-11 12:52:31.977]
Position [agent=a2, id=null, cell=Cell [x=7, y=19], time=2013-06-11 12:52:12.663, clock=16]
Time [clock=37, time=2013-06-11 12:52:32.978]
Time [clock=38, time=2013-06-11 12:52:33.978]
Time [clock=39, time=2013-06-11 12:52:34.979]
Time [clock=40, time=2013-06-11 12:52:35.981]
Time [clock=41, time=2013-06-11 12:52:36.984]
Time [clock=42, time=2013-06-11 12:52:38.022]
Time [clock=43, time=2013-06-11 12:52:38.984]
Position [agent=a3, id=null, cell=Cell [x=11, y=4], time=2013-06-11 12:52:12.836, clock=16]
Time [clock=44, time=2013-06-11 12:52:39.983]
Position [agent=t1, id=null, cell=Cell [x=17, y=19], time=2013-06-11 12:52:13.309, clock=17]
Time [clock=45, time=2013-06-11 12:52:40.982]
Time [clock=46, time=2013-06-11 12:52:41.982]
Time [clock=47, time=2013-06-11 12:52:42.983]
Time [clock=48, time=2013-06-11 12:52:43.985]
Time [clock=49, time=2013-06-11 12:52:44.985]
Time [clock=50, time=2013-06-11 12:52:45.986]
Time [clock=51, time=2013-06-11 12:52:46.988]
Time [clock=52, time=2013-06-11 12:52:47.987]
Time [clock=53, time=2013-06-11 12:52:48.987]
Position [agent=a3, id=null, cell=Cell [x=11, y=5], time=2013-06-11 12:52:13.55, clock=17]
Time [clock=54, time=2013-06-11 12:52:49.989]
Time [clock=55, time=2013-06-11 12:52:50.989]
Time [clock=56, time=2013-06-11 12:52:51.99]
Time [clock=57, time=2013-06-11 12:52:52.99]
Time [clock=58, time=2013-06-11 12:52:54.033]
Time [clock=59, time=2013-06-11 12:52:54.992]
Time [clock=60, time=2013-06-11 12:52:55.993]
Time [clock=61, time=2013-06-11 12:52:56.993]
Time [clock=62, time=2013-06-11 12:52:57.992]
Position [agent=a2, id=null, cell=Cell [x=6, y=19], time=2013-06-11 12:52:14.821, clock=17]
Time [clock=63, time=2013-06-11 12:52:58.993]
Time [clock=64, time=2013-06-11 12:52:59.994]
Time [clock=65, time=2013-06-11 12:53:00.995]
Time [clock=66, time=2013-06-11 12:53:01.996]
Time [clock=67, time=2013-06-11 12:53:02.996]
Time [clock=68, time=2013-06-11 12:53:03.996]
Time [clock=69, time=2013-06-11 12:53:04.997]
Time [clock=70, time=2013-06-11 12:53:05.998]
Time [clock=71, time=2013-06-11 12:53:07.0]
Time [clock=72, time=2013-06-11 12:53:08.0]
Time [clock=73, time=2013-06-11 12:53:09.008]
Time [clock=74, time=2013-06-11 12:53:10.005]
Time [clock=75, time=2013-06-11 12:53:11.009]
Time [clock=76, time=2013-06-11 12:53:12.005]
Time [clock=77, time=2013-06-11 12:53:13.004]
Time [clock=78, time=2013-06-11 12:53:14.005]
Time [clock=79, time=2013-06-11 12:53:15.008]
Time [clock=80, time=2013-06-11 12:53:16.012]
Position [agent=a1, id=null, cell=Cell [x=4, y=5], time=2013-06-11 12:52:14.986, clock=18]
Time [clock=81, time=2013-06-11 12:53:17.014]
Time [clock=82, time=2013-06-11 12:53:18.008]
Time [clock=83, time=2013-06-11 12:53:19.027]
Time [clock=84, time=2013-06-11 12:53:20.019]
Time [clock=85, time=2013-06-11 12:53:21.015]
Time [clock=86, time=2013-06-11 12:53:22.016]
Time [clock=87, time=2013-06-11 12:53:23.017]
Position [agent=a3, id=null, cell=Cell [x=11, y=6], time=2013-06-11 12:52:15.203, clock=18]
Position [agent=t1, id=null, cell=Cell [x=16, y=19], time=2013-06-11 12:52:15.406, clock=18]
Time [clock=88, time=2013-06-11 12:53:24.018]
Time [clock=89, time=2013-06-11 12:53:25.019]
Time [clock=90, time=2013-06-11 12:53:26.02]
Time [clock=91, time=2013-06-11 12:53:27.022]
Time [clock=92, time=2013-06-11 12:53:28.022]
Time [clock=93, time=2013-06-11 12:53:29.06]
Time [clock=94, time=2013-06-11 12:53:30.023]
Time [clock=95, time=2013-06-11 12:53:31.027]
Time [clock=96, time=2013-06-11 12:53:32.024]
Time [clock=97, time=2013-06-11 12:53:33.025]
Time [clock=98, time=2013-06-11 12:53:34.029]
Time [clock=99, time=2013-06-11 12:53:35.029]
Time [clock=100, time=2013-06-11 12:53:36.028]
Position [agent=a3, id=null, cell=Cell [x=11, y=7], time=2013-06-11 12:52:15.794, clock=19]
Time [clock=101, time=2013-06-11 12:53:37.028]
Time [clock=102, time=2013-06-11 12:53:38.03]
Time [clock=103, time=2013-06-11 12:53:39.029]
Time [clock=104, time=2013-06-11 12:53:40.034]
Time [clock=105, time=2013-06-11 12:53:41.033]
Time [clock=106, time=2013-06-11 12:53:42.033]
Time [clock=107, time=2013-06-11 12:53:43.033]
Time [clock=108, time=2013-06-11 12:53:44.075]
Time [clock=109, time=2013-06-11 12:53:45.036]
Time [clock=110, time=2013-06-11 12:53:46.037]
Time [clock=111, time=2013-06-11 12:53:47.04]
Time [clock=112, time=2013-06-11 12:53:48.037]
Time [clock=113, time=2013-06-11 12:53:49.081]
Time [clock=114, time=2013-06-11 12:53:50.04]
Time [clock=115, time=2013-06-11 12:53:51.041]
Time [clock=116, time=2013-06-11 12:53:52.079]
Time [clock=117, time=2013-06-11 12:53:53.043]
Time [clock=118, time=2013-06-11 12:53:54.043]
Time [clock=119, time=2013-06-11 12:53:55.044]
Time [clock=120, time=2013-06-11 12:53:56.045]
Time [clock=121, time=2013-06-11 12:53:57.046]
Time [clock=122, time=2013-06-11 12:53:58.048]
Time [clock=123, time=2013-06-11 12:53:59.049]
Time [clock=124, time=2013-06-11 12:54:00.051]
Time [clock=125, time=2013-06-11 12:54:01.049]
Time [clock=126, time=2013-06-11 12:54:02.051]
Time [clock=127, time=2013-06-11 12:54:03.051]
Time [clock=128, time=2013-06-11 12:54:04.052]
Time [clock=129, time=2013-06-11 12:54:05.052]
Time [clock=130, time=2013-06-11 12:54:06.091]
Time [clock=131, time=2013-06-11 12:54:07.055]
Position [agent=a1, id=null, cell=Cell [x=5, y=5], time=2013-06-11 12:52:16.05, clock=19]
Time [clock=132, time=2013-06-11 12:54:08.052]
Time [clock=133, time=2013-06-11 12:54:09.053]
Time [clock=134, time=2013-06-11 12:54:10.053]
Time [clock=135, time=2013-06-11 12:54:11.055]
Time [clock=136, time=2013-06-11 12:54:12.056]
Time [clock=137, time=2013-06-11 12:54:13.057]
Time [clock=138, time=2013-06-11 12:54:14.058]
Time [clock=139, time=2013-06-11 12:54:15.06]
Time [clock=140, time=2013-06-11 12:54:16.059]
Time [clock=141, time=2013-06-11 12:54:17.061]
Time [clock=142, time=2013-06-11 12:54:18.061]
Time [clock=143, time=2013-06-11 12:54:19.06]
Time [clock=144, time=2013-06-11 12:54:20.063]
Time [clock=145, time=2013-06-11 12:54:21.103]
Time [clock=146, time=2013-06-11 12:54:22.064]
Time [clock=147, time=2013-06-11 12:54:23.064]
Time [clock=148, time=2013-06-11 12:54:24.066]
Time [clock=149, time=2013-06-11 12:54:25.065]
Time [clock=150, time=2013-06-11 12:54:26.067]
Time [clock=151, time=2013-06-11 12:54:27.069]
Time [clock=152, time=2013-06-11 12:54:28.067]
Time [clock=153, time=2013-06-11 12:54:29.068]
Time [clock=154, time=2013-06-11 12:54:30.07]
Position [agent=a2, id=null, cell=Cell [x=5, y=19], time=2013-06-11 12:52:17.077, clock=20]
Time [clock=155, time=2013-06-11 12:54:31.07]
Time [clock=156, time=2013-06-11 12:54:32.071]
Time [clock=157, time=2013-06-11 12:54:33.074]
Time [clock=158, time=2013-06-11 12:54:34.073]
Time [clock=159, time=2013-06-11 12:54:35.073]
Time [clock=160, time=2013-06-11 12:54:36.114]
Position [agent=a3, id=null, cell=Cell [x=11, y=8], time=2013-06-11 12:52:17.352, clock=20]
Time [clock=161, time=2013-06-11 12:54:37.076]
Position [agent=t1, id=null, cell=Cell [x=15, y=19], time=2013-06-11 12:52:17.422, clock=20]
Time [clock=162, time=2013-06-11 12:54:38.079]
Time [clock=163, time=2013-06-11 12:54:39.12]
Time [clock=164, time=2013-06-11 12:54:40.08]
Time [clock=165, time=2013-06-11 12:54:41.08]
Time [clock=166, time=2013-06-11 12:54:42.08]
Time [clock=167, time=2013-06-11 12:54:43.081]
Time [clock=168, time=2013-06-11 12:54:44.082]
Time [clock=169, time=2013-06-11 12:54:45.083]
Position [agent=a1, id=null, cell=Cell [x=5, y=6], time=2013-06-11 12:52:17.964, clock=21]
Time [clock=170, time=2013-06-11 12:54:46.083]
Time [clock=171, time=2013-06-11 12:54:47.084]
Time [clock=172, time=2013-06-11 12:54:48.086]
Time [clock=173, time=2013-06-11 12:54:49.087]
Time [clock=174, time=2013-06-11 12:54:50.087]
Time [clock=175, time=2013-06-11 12:54:51.13]
Time [clock=176, time=2013-06-11 12:54:52.09]
Time [clock=177, time=2013-06-11 12:54:53.089]
Time [clock=178, time=2013-06-11 12:54:54.091]
Time [clock=179, time=2013-06-11 12:54:55.093]
Time [clock=180, time=2013-06-11 12:54:56.092]
Time [clock=181, time=2013-06-11 12:54:57.093]
Time [clock=182, time=2013-06-11 12:54:58.095]
Time [clock=183, time=2013-06-11 12:54:59.095]
Time [clock=184, time=2013-06-11 12:55:00.096]
Time [clock=185, time=2013-06-11 12:55:01.096]
Time [clock=186, time=2013-06-11 12:55:02.098]
Time [clock=187, time=2013-06-11 12:55:03.097]
Time [clock=188, time=2013-06-11 12:55:04.1]
Time [clock=189, time=2013-06-11 12:55:05.101]
Time [clock=190, time=2013-06-11 12:55:06.1]
Time [clock=191, time=2013-06-11 12:55:07.102]
Time [clock=192, time=2013-06-11 12:55:08.103]
Time [clock=193, time=2013-06-11 12:55:09.103]
Time [clock=194, time=2013-06-11 12:55:10.103]
Time [clock=195, time=2013-06-11 12:55:11.103]
Time [clock=196, time=2013-06-11 12:55:12.104]
Time [clock=197, time=2013-06-11 12:55:13.106]
Time [clock=198, time=2013-06-11 12:55:14.106]
Position [agent=a2, id=null, cell=Cell [x=4, y=19], time=2013-06-11 12:52:18.317, clock=22]
Time [clock=199, time=2013-06-11 12:55:15.106]
Time [clock=200, time=2013-06-11 12:55:16.109]
Time [clock=201, time=2013-06-11 12:55:17.15]
Time [clock=202, time=2013-06-11 12:55:18.111]
Time [clock=203, time=2013-06-11 12:55:19.111]
Position [agent=a1, id=null, cell=Cell [x=5, y=7], time=2013-06-11 12:52:18.62, clock=22]
Time [clock=204, time=2013-06-11 12:55:20.112]
Time [clock=205, time=2013-06-11 12:55:21.113]
Time [clock=206, time=2013-06-11 12:55:22.113]
Time [clock=207, time=2013-06-11 12:55:23.115]
Time [clock=208, time=2013-06-11 12:55:24.116]
Time [clock=209, time=2013-06-11 12:55:25.118]
Time [clock=210, time=2013-06-11 12:55:26.117]
Time [clock=211, time=2013-06-11 12:55:27.12]
Time [clock=212, time=2013-06-11 12:55:28.12]
Time [clock=213, time=2013-06-11 12:55:29.122]
Time [clock=214, time=2013-06-11 12:55:30.123]
Time [clock=215, time=2013-06-11 12:55:31.123]
Time [clock=216, time=2013-06-11 12:55:32.164]
Position [agent=t1, id=null, cell=Cell [x=14, y=19], time=2013-06-11 12:52:18.91, clock=22]
Time [clock=217, time=2013-06-11 12:55:33.125]
Time [clock=218, time=2013-06-11 12:55:34.126]
Time [clock=219, time=2013-06-11 12:55:35.126]
Time [clock=220, time=2013-06-11 12:55:36.128]
Position [agent=a3, id=null, cell=Cell [x=11, y=9], time=2013-06-11 12:52:19.452, clock=23]
Time [clock=221, time=2013-06-11 12:55:37.13]
Time [clock=222, time=2013-06-11 12:55:38.129]
Time [clock=223, time=2013-06-11 12:55:39.13]
Time [clock=224, time=2013-06-11 12:55:40.131]
Time [clock=225, time=2013-06-11 12:55:41.131]
Time [clock=226, time=2013-06-11 12:55:42.132]
Time [clock=227, time=2013-06-11 12:55:43.133]
Time [clock=228, time=2013-06-11 12:55:44.134]
Time [clock=229, time=2013-06-11 12:55:45.135]
Time [clock=230, time=2013-06-11 12:55:46.136]
Time [clock=231, time=2013-06-11 12:55:47.178]
Time [clock=232, time=2013-06-11 12:55:48.139]
Time [clock=233, time=2013-06-11 12:55:49.137]
Time [clock=234, time=2013-06-11 12:55:50.141]
Time [clock=235, time=2013-06-11 12:55:51.139]
Time [clock=236, time=2013-06-11 12:55:52.14]
Position [agent=t1, id=null, cell=Cell [x=13, y=19], time=2013-06-11 12:52:19.768, clock=23]
Time [clock=237, time=2013-06-11 12:55:53.141]
Time [clock=238, time=2013-06-11 12:55:54.142]
Time [clock=239, time=2013-06-11 12:55:55.142]
Position [agent=a1, id=null, cell=Cell [x=5, y=8], time=2013-06-11 12:52:20.121, clock=23]
Position [agent=a2, id=null, cell=Cell [x=3, y=19], time=2013-06-11 12:52:20.396, clock=24]
Time [clock=240, time=2013-06-11 12:55:56.144]
Time [clock=241, time=2013-06-11 12:55:57.146]
Time [clock=242, time=2013-06-11 12:55:58.147]
Time [clock=243, time=2013-06-11 12:55:59.147]
Time [clock=244, time=2013-06-11 12:56:00.148]
Time [clock=245, time=2013-06-11 12:56:01.148]
Time [clock=246, time=2013-06-11 12:56:02.189]
Position [agent=a1, id=null, cell=Cell [x=5, y=9], time=2013-06-11 12:52:20.659, clock=24]
Time [clock=247, time=2013-06-11 12:56:03.15]
Time [clock=248, time=2013-06-11 12:56:04.149]
Time [clock=249, time=2013-06-11 12:56:05.15]
Time [clock=250, time=2013-06-11 12:56:06.15]
Time [clock=251, time=2013-06-11 12:56:07.152]
Time [clock=252, time=2013-06-11 12:56:08.152]
Time [clock=253, time=2013-06-11 12:56:09.154]
Time [clock=254, time=2013-06-11 12:56:10.154]
Time [clock=255, time=2013-06-11 12:56:11.155]
Time [clock=256, time=2013-06-11 12:56:12.157]
Time [clock=257, time=2013-06-11 12:56:13.158]
Time [clock=258, time=2013-06-11 12:56:14.16]
Time [clock=259, time=2013-06-11 12:56:15.161]
Time [clock=260, time=2013-06-11 12:56:16.161]
Time [clock=261, time=2013-06-11 12:56:17.203]
Position [agent=t1, id=null, cell=Cell [x=12, y=19], time=2013-06-11 12:52:20.901, clock=24]
Time [clock=262, time=2013-06-11 12:56:18.164]
Time [clock=263, time=2013-06-11 12:56:19.165]
Time [clock=264, time=2013-06-11 12:56:20.166]
Position [agent=a3, id=null, cell=Cell [x=11, y=10], time=2013-06-11 12:52:21.549, clock=25]
Time [clock=265, time=2013-06-11 12:56:21.167]
Time [clock=266, time=2013-06-11 12:56:22.168]
Time [clock=267, time=2013-06-11 12:56:23.168]
Time [clock=268, time=2013-06-11 12:56:24.179]
Position [agent=t1, id=null, cell=Cell [x=11, y=19], time=2013-06-11 12:52:21.844, clock=25]
Time [clock=269, time=2013-06-11 12:56:25.171]
Time [clock=270, time=2013-06-11 12:56:26.172]
Time [clock=271, time=2013-06-11 12:56:27.172]
Time [clock=272, time=2013-06-11 12:56:28.174]
Time [clock=273, time=2013-06-11 12:56:29.174]
Time [clock=274, time=2013-06-11 12:56:30.174]
Time [clock=275, time=2013-06-11 12:56:31.175]
Time [clock=276, time=2013-06-11 12:56:32.178]
Time [clock=277, time=2013-06-11 12:56:33.178]
Time [clock=278, time=2013-06-11 12:56:34.179]
Time [clock=279, time=2013-06-11 12:56:35.219]
Time [clock=280, time=2013-06-11 12:56:36.18]
Time [clock=281, time=2013-06-11 12:56:37.18]
Time [clock=282, time=2013-06-11 12:56:38.183]
Time [clock=283, time=2013-06-11 12:56:39.183]
Time [clock=284, time=2013-06-11 12:56:40.184]
Time [clock=285, time=2013-06-11 12:56:41.185]
Time [clock=286, time=2013-06-11 12:56:42.187]
Time [clock=287, time=2013-06-11 12:56:43.186]
Time [clock=288, time=2013-06-11 12:56:44.187]
Time [clock=289, time=2013-06-11 12:56:45.189]
Time [clock=290, time=2013-06-11 12:56:46.19]
ActionRequest [id=null, agent=a3, type=reading, cell=Cell [x=11, y=1], clock=null, time=2013-06-11 12:52:08.899]
ActionRequest [id=null, agent=a2, type=reading, cell=Cell [x=8, y=19], clock=null, time=2013-06-11 12:52:08.914]
Reading [id=null, agent=a3, cell=Cell [x=11, y=1], time=2013-06-11 12:52:09.176, value=0.0, clock=13]
Position [agent=a1, id=null, cell=Cell [x=5, y=10], time=2013-06-11 12:52:22.065, clock=25]
ActionRequest [id=null, agent=a1, type=reading, cell=Cell [x=5, y=5], clock=null, time=2013-06-11 12:52:16.163]
Position [agent=a2, id=null, cell=Cell [x=3, y=18], time=2013-06-11 12:52:22.352, clock=26]
ActionRequest [id=null, agent=a2, type=reading, cell=Cell [x=3, y=9], clock=null, time=2013-06-11 12:53:14.56]
Position [agent=a1, id=null, cell=Cell [x=6, y=10], time=2013-06-11 12:52:22.596, clock=26]
ActionRequest [id=null, agent=a1, type=reading, cell=Cell [x=8, y=6], clock=null, time=2013-06-11 12:53:15.659]
Position [agent=t1, id=null, cell=Cell [x=10, y=19], time=2013-06-11 12:52:22.833, clock=26]
Position [agent=a3, id=null, cell=Cell [x=11, y=11], time=2013-06-11 12:52:23.245, clock=26]
ActionRequest [id=null, agent=a1, type=reading, cell=Cell [x=3, y=9], clock=null, time=2013-06-11 12:53:25.539]
ActionRequest [id=null, agent=a2, type=reading, cell=Cell [x=16, y=6], clock=null, time=2013-06-11 12:53:38.663]
ActionRequest [id=null, agent=a1, type=reading, cell=Cell [x=16, y=6], clock=null, time=2013-06-11 12:53:42.98]
ActionRequest [id=null, agent=a2, type=reading, cell=Cell [x=8, y=6], clock=null, time=2013-06-11 12:53:47.525]
Position [agent=t1, id=null, cell=Cell [x=9, y=19], time=2013-06-11 12:52:23.533, clock=27]
ActionRequest [id=null, agent=a3, type=reading, cell=Cell [x=3, y=9], clock=null, time=2013-06-11 12:53:49.784]
Obligation [agent=a1, obligation=[makeReading(16, 6)], sanction=[reduce_400(a1)], deadline=64, time=2013-06-11 12:52:12.865, clock=0]
Position [agent=a1, id=null, cell=Cell [x=7, y=10], time=2013-06-11 12:52:23.773, clock=27]
ActionRequest [id=null, agent=a3, type=reading, cell=Cell [x=16, y=6], clock=null, time=2013-06-11 12:54:02.823]
Reading [id=null, agent=a2, cell=Cell [x=8, y=19], time=2013-06-11 12:52:09.221, value=0.0, clock=13]
ActionRequest [id=null, agent=a3, type=reading, cell=Cell [x=8, y=6], clock=null, time=2013-06-11 12:54:09.87]
Reading [id=null, agent=a1, cell=Cell [x=5, y=5], time=2013-06-11 12:53:11.696, value=0.0, clock=75]
Position [agent=a2, id=null, cell=Cell [x=3, y=17], time=2013-06-11 12:52:24.027, clock=27]
ActionRequest [id=null, agent=a3, type=reading, cell=Cell [x=3, y=9], clock=null, time=2013-06-11 12:55:28.65]
Position [agent=a1, id=null, cell=Cell [x=8, y=10], time=2013-06-11 12:52:24.33, clock=28]
ActionRequest [id=null, agent=a2, type=reading, cell=Cell [x=3, y=9], clock=null, time=2013-06-11 12:55:32.005]
Obligation [agent=a1, obligation=[makeReading(3, 9)], sanction=[reduce_400(a1)], deadline=64, time=2013-06-11 12:52:13.614, clock=0]
Position [agent=t1, id=null, cell=Cell [x=8, y=19], time=2013-06-11 12:52:24.556, clock=28]
ActionRequest [id=null, agent=a1, type=reading, cell=Cell [x=3, y=9], clock=null, time=2013-06-11 12:55:39.002]
Position [agent=a3, id=null, cell=Cell [x=11, y=12], time=2013-06-11 12:52:24.929, clock=28]
Obligation [agent=a2, obligation=[makeReading(8, 6)], sanction=[reduce_400(a2)], deadline=64, time=2013-06-11 12:52:14.717, clock=0]
Position [agent=t1, id=null, cell=Cell [x=7, y=19], time=2013-06-11 12:52:25.326, clock=29]
Position [agent=a1, id=null, cell=Cell [x=9, y=10], time=2013-06-11 12:52:25.553, clock=29]
ActionRequest [id=null, agent=a3, type=reading, cell=Cell [x=16, y=6], clock=null, time=2013-06-11 12:55:48.119]
ActionRequest [id=null, agent=a2, type=reading, cell=Cell [x=16, y=6], clock=null, time=2013-06-11 12:55:55.213]
Position [agent=a2, id=null, cell=Cell [x=3, y=16], time=2013-06-11 12:52:25.797, clock=29]
Obligation [agent=a2, obligation=[makeReading(16, 6)], sanction=[reduce_400(a2)], deadline=64, time=2013-06-11 12:52:15.19, clock=0]
ActionRequest [id=null, agent=a3, type=reading, cell=Cell [x=8, y=6], clock=null, time=2013-06-11 12:55:58.624]
Position [agent=a1, id=null, cell=Cell [x=10, y=10], time=2013-06-11 12:52:26.055, clock=29]
ActionRequest [id=null, agent=a2, type=reading, cell=Cell [x=8, y=6], clock=null, time=2013-06-11 12:56:05.493]
Obligation [agent=a2, obligation=[makeReading(3, 9)], sanction=[reduce_400(a2)], deadline=64, time=2013-06-11 12:52:15.401, clock=0]
Obligation [agent=a3, obligation=[makeReading(8, 6)], sanction=[reduce_400(a3)], deadline=64, time=2013-06-11 12:52:16.86, clock=0]
Obligation [agent=a3, obligation=[makeReading(16, 6)], sanction=[reduce_400(a3)], deadline=64, time=2013-06-11 12:52:17.078, clock=0]
Position [agent=t1, id=null, cell=Cell [x=6, y=19], time=2013-06-11 12:52:26.322, clock=30]
Obligation [agent=a3, obligation=[makeReading(3, 9)], sanction=[reduce_400(a3)], deadline=64, time=2013-06-11 12:52:17.292, clock=0]
Position [agent=a3, id=null, cell=Cell [x=11, y=13], time=2013-06-11 12:52:26.693, clock=30]
ActionRequest [id=null, agent=a1, type=reading, cell=Cell [x=16, y=6], clock=null, time=2013-06-11 12:56:05.999]
Position [agent=t1, id=null, cell=Cell [x=5, y=19], time=2013-06-11 12:52:27.05, clock=30]
Obligation [agent=a1, obligation=[makeReading(8, 6)], sanction=[reduce_400(a1)], deadline=64, time=2013-06-11 12:52:44.567, clock=0]
Position [agent=a2, id=null, cell=Cell [x=3, y=15], time=2013-06-11 12:52:27.36, clock=31]
Position [agent=t1, id=null, cell=Cell [x=4, y=19], time=2013-06-11 12:52:27.598, clock=31]
Position [agent=a3, id=null, cell=Cell [x=11, y=14], time=2013-06-11 12:52:28.008, clock=31]
Position [agent=t1, id=null, cell=Cell [x=3, y=19], time=2013-06-11 12:52:28.317, clock=32]
Obligation [agent=a1, obligation=[makeReading(8, 6)], sanction=[reduce_400(a1)], deadline=122, time=2013-06-11 12:53:08.891, clock=0]
Position [agent=a2, id=null, cell=Cell [x=3, y=14], time=2013-06-11 12:52:28.573, clock=32]
Position [agent=t1, id=null, cell=Cell [x=2, y=19], time=2013-06-11 12:52:28.812, clock=32]
ActionRequest [id=null, agent=a1, type=reading, cell=Cell [x=8, y=6], clock=null, time=2013-06-11 12:56:11.147]
Position [agent=a3, id=null, cell=Cell [x=11, y=15], time=2013-06-11 12:52:29.316, clock=32]
Prohibition [agent=t1, prohibition=[at(5, 5, t1)], sanction=[reduce_300(t1)], clock=0, time=2013-06-11 12:52:17.294]
Obligation [agent=a1, obligation=[makeReading(16, 6)], sanction=[reduce_400(a1)], deadline=122, time=2013-06-11 12:53:09.098, clock=0]
Cargo [id=null, cell=Cell [x=19, y=19], time=2013-06-11 12:52:11.244, clock=13]
Prohibition [agent=t1, prohibition=[at(5, 6, t1)], sanction=[reduce_300(t1)], clock=0, time=2013-06-11 12:52:17.295]
Reading [id=null, agent=a2, cell=Cell [x=3, y=9], time=2013-06-11 12:54:37.102, value=0.0, clock=161]
Reading [id=null, agent=a2, cell=Cell [x=16, y=6], time=2013-06-11 12:54:37.123, value=0.0, clock=161]
Position [agent=t1, id=null, cell=Cell [x=2, y=18], time=2013-06-11 12:52:29.543, clock=33]
Prohibition [agent=t1, prohibition=[at(6, 5, t1)], sanction=[reduce_300(t1)], clock=0, time=2013-06-11 12:52:17.308]
Prohibition [agent=t1, prohibition=[at(6, 6, t1)], sanction=[reduce_300(t1)], clock=0, time=2013-06-11 12:52:17.31]
Position [agent=a2, id=null, cell=Cell [x=3, y=13], time=2013-06-11 12:52:29.793, clock=33]
Position [agent=t1, id=null, cell=Cell [x=2, y=17], time=2013-06-11 12:52:30.05, clock=33]
Obligation [agent=a1, obligation=[makeReading(3, 9)], sanction=[reduce_400(a1)], deadline=122, time=2013-06-11 12:53:09.308, clock=0]
Reading [id=null, agent=a2, cell=Cell [x=8, y=6], time=2013-06-11 12:54:37.146, value=0.0, clock=161]
Obligation [agent=a2, obligation=[makeReading(8, 6)], sanction=[reduce_400(a2)], deadline=122, time=2013-06-11 12:53:09.514, clock=0]
Reading [id=null, agent=a1, cell=Cell [x=8, y=6], time=2013-06-11 12:54:40.616, value=0.0, clock=164]
Obligation [agent=a2, obligation=[makeReading(16, 6)], sanction=[reduce_400(a2)], deadline=122, time=2013-06-11 12:53:09.723, clock=0]
Prohibition [agent=c1, prohibition=[coin(5, 5, a1)], sanction=[reduce_300(c1)], clock=0, time=2013-06-11 12:52:17.529]
Prohibition [agent=c1, prohibition=[coin(5, 6, a1)], sanction=[reduce_300(c1)], clock=0, time=2013-06-11 12:52:17.532]
Position [agent=a3, id=null, cell=Cell [x=11, y=16], time=2013-06-11 12:52:30.315, clock=34]
Position [agent=a3, id=null, cell=Cell [x=11, y=17], time=2013-06-11 12:52:30.823, clock=34]
Obligation [agent=a2, obligation=[makeReading(3, 9)], sanction=[reduce_400(a2)], deadline=122, time=2013-06-11 12:53:09.929, clock=0]
Prohibition [agent=c1, prohibition=[coin(6, 5, a1)], sanction=[reduce_300(c1)], clock=0, time=2013-06-11 12:52:17.538]
Position [agent=t1, id=null, cell=Cell [x=2, y=16], time=2013-06-11 12:52:31.08, clock=34]
Obligation [agent=a3, obligation=[makeReading(8, 6)], sanction=[reduce_400(a3)], deadline=122, time=2013-06-11 12:53:10.415, clock=0]
Position [agent=a2, id=null, cell=Cell [x=3, y=12], time=2013-06-11 12:52:31.342, clock=35]
Position [agent=t1, id=null, cell=Cell [x=2, y=15], time=2013-06-11 12:52:31.579, clock=35]
Position [agent=a3, id=null, cell=Cell [x=11, y=18], time=2013-06-11 12:52:31.805, clock=35]
Position [agent=t1, id=null, cell=Cell [x=2, y=14], time=2013-06-11 12:52:32.332, clock=36]
Position [agent=a2, id=null, cell=Cell [x=3, y=11], time=2013-06-11 12:52:32.581, clock=36]
Reading [id=null, agent=a1, cell=Cell [x=3, y=9], time=2013-06-11 12:54:40.638, value=0.0, clock=164]
Prohibition [agent=c1, prohibition=[coin(6, 6, a1)], sanction=[reduce_300(c1)], clock=0, time=2013-06-11 12:52:17.54]
Obligation [agent=a3, obligation=[makeReading(16, 6)], sanction=[reduce_400(a3)], deadline=122, time=2013-06-11 12:53:10.622, clock=0]
Position [agent=t1, id=null, cell=Cell [x=2, y=13], time=2013-06-11 12:52:32.836, clock=36]
Position [agent=a3, id=null, cell=Cell [x=11, y=19], time=2013-06-11 12:52:33.082, clock=36]
Position [agent=t1, id=null, cell=Cell [x=2, y=12], time=2013-06-11 12:52:33.942, clock=37]
Position [agent=a2, id=null, cell=Cell [x=3, y=10], time=2013-06-11 12:52:34.057, clock=37]
Prohibition [agent=c1, prohibition=[coin(5, 5, a2)], sanction=[reduce_300(c1)], clock=0, time=2013-06-11 12:52:17.542]
Prohibition [agent=c1, prohibition=[coin(5, 6, a2)], sanction=[reduce_300(c1)], clock=0, time=2013-06-11 12:52:17.544]
Prohibition [agent=c1, prohibition=[coin(6, 5, a2)], sanction=[reduce_300(c1)], clock=0, time=2013-06-11 12:52:17.546]
Position [agent=a3, id=null, cell=Cell [x=12, y=19], time=2013-06-11 12:52:34.37, clock=38]
Obligation [agent=a3, obligation=[makeReading(3, 9)], sanction=[reduce_400(a3)], deadline=122, time=2013-06-11 12:53:11.102, clock=0]
Position [agent=t1, id=null, cell=Cell [x=2, y=11], time=2013-06-11 12:52:34.723, clock=38]
Position [agent=a3, id=null, cell=Cell [x=13, y=19], time=2013-06-11 12:52:35.054, clock=38]
Reading [id=null, agent=a1, cell=Cell [x=16, y=6], time=2013-06-11 12:54:40.659, value=0.0, clock=164]
Position [agent=a2, id=null, cell=Cell [x=3, y=9], time=2013-06-11 12:52:35.329, clock=39]
Prohibition [agent=c1, prohibition=[coin(6, 6, a2)], sanction=[reduce_300(c1)], clock=0, time=2013-06-11 12:52:17.547]
Obligation [agent=a1, obligation=[makeReading(8, 6)], sanction=[reduce_400(a1)], deadline=185, time=2013-06-11 12:54:11.853, clock=0]
Position [agent=a3, id=null, cell=Cell [x=14, y=19], time=2013-06-11 12:52:35.583, clock=39]
Position [agent=t1, id=null, cell=Cell [x=2, y=10], time=2013-06-11 12:52:35.949, clock=39]
Position [agent=a3, id=null, cell=Cell [x=15, y=19], time=2013-06-11 12:52:36.329, clock=40]
Obligation [agent=a1, obligation=[makeReading(16, 6)], sanction=[reduce_400(a1)], deadline=185, time=2013-06-11 12:54:12.06, clock=0]
Reading [id=null, agent=a3, cell=Cell [x=3, y=9], time=2013-06-11 12:55:04.285, value=0.0, clock=188]
Obligation [agent=a1, obligation=[makeReading(3, 9)], sanction=[reduce_400(a1)], deadline=185, time=2013-06-11 12:54:12.265, clock=0]
Obligation [agent=a2, obligation=[makeReading(8, 6)], sanction=[reduce_400(a2)], deadline=185, time=2013-06-11 12:54:12.471, clock=0]
Obligation [agent=a2, obligation=[makeReading(16, 6)], sanction=[reduce_400(a2)], deadline=185, time=2013-06-11 12:54:12.676, clock=0]
Obligation [agent=a2, obligation=[makeReading(3, 9)], sanction=[reduce_400(a2)], deadline=185, time=2013-06-11 12:54:12.882, clock=0]
Position [agent=a2, id=null, cell=Cell [x=3, y=8], time=2013-06-11 12:52:36.589, clock=40]
Position [agent=a3, id=null, cell=Cell [x=16, y=19], time=2013-06-11 12:52:36.834, clock=40]
Position [agent=t1, id=null, cell=Cell [x=2, y=9], time=2013-06-11 12:52:37.197, clock=40]
Obligation [agent=a3, obligation=[makeReading(8, 6)], sanction=[reduce_400(a3)], deadline=185, time=2013-06-11 12:54:13.088, clock=0]
Obligation [agent=a3, obligation=[makeReading(16, 6)], sanction=[reduce_400(a3)], deadline=185, time=2013-06-11 12:54:13.294, clock=0]
Reading [id=null, agent=a3, cell=Cell [x=16, y=6], time=2013-06-11 12:55:04.308, value=0.0, clock=188]
Reading [id=null, agent=a3, cell=Cell [x=8, y=6], time=2013-06-11 12:55:04.33, value=0.0, clock=188]
Obligation [agent=a3, obligation=[makeReading(3, 9)], sanction=[reduce_400(a3)], deadline=185, time=2013-06-11 12:54:13.5, clock=0]
Obligation [agent=a1, obligation=[makeReading(8, 6)], sanction=[reduce_400(a1)], deadline=210, time=2013-06-11 12:54:36.783, clock=0]
Reading [id=null, agent=a3, cell=Cell [x=3, y=9], time=2013-06-11 12:56:27.24, value=0.0, clock=271]
Prohibition [agent=c1, prohibition=[coin(5, 5, a3)], sanction=[reduce_300(c1)], clock=0, time=2013-06-11 12:52:17.549]
Obligation [agent=a1, obligation=[makeReading(16, 6)], sanction=[reduce_400(a1)], deadline=210, time=2013-06-11 12:54:36.989, clock=0]
Obligation [agent=a1, obligation=[makeReading(3, 9)], sanction=[reduce_400(a1)], deadline=210, time=2013-06-11 12:54:37.197, clock=0]
Prohibition [agent=c1, prohibition=[coin(5, 6, a3)], sanction=[reduce_300(c1)], clock=0, time=2013-06-11 12:52:17.553]
Prohibition [agent=c1, prohibition=[coin(6, 5, a3)], sanction=[reduce_300(c1)], clock=0, time=2013-06-11 12:52:17.555]
Prohibition [agent=c1, prohibition=[coin(6, 6, a3)], sanction=[reduce_300(c1)], clock=0, time=2013-06-11 12:52:17.557]
Position [agent=a3, id=null, cell=Cell [x=17, y=19], time=2013-06-11 12:52:37.555, clock=41]
Obligation [agent=a2, obligation=[makeReading(8, 6)], sanction=[reduce_400(a2)], deadline=210, time=2013-06-11 12:54:37.406, clock=0]
Reading [id=null, agent=a3, cell=Cell [x=16, y=6], time=2013-06-11 12:56:27.262, value=0.0, clock=271]
Prohibition [agent=a2, prohibition=[makeReading(8, 19, a2)], sanction=[reduce_300(a2)], clock=0, time=2013-06-11 12:52:21.384]
Position [agent=a2, id=null, cell=Cell [x=3, y=7], time=2013-06-11 12:52:37.795, clock=41]
Prohibition [agent=a3, prohibition=[makeReading(11, 1, a3)], sanction=[reduce_300(a3)], clock=0, time=2013-06-11 12:52:23.142]
Prohibition [agent=a1, prohibition=[at(5, 5, a1)], sanction=[reduce_300(a1)], clock=0, time=2013-06-11 12:52:23.145]
Prohibition [agent=a1, prohibition=[at(5, 6, a1)], sanction=[reduce_300(a1)], clock=0, time=2013-06-11 12:52:23.147]
Obligation [agent=a2, obligation=[makeReading(16, 6)], sanction=[reduce_400(a2)], deadline=210, time=2013-06-11 12:54:37.613, clock=0]
Position [agent=a3, id=null, cell=Cell [x=18, y=19], time=2013-06-11 12:52:38.048, clock=41]
Obligation [agent=a2, obligation=[makeReading(3, 9)], sanction=[reduce_400(a2)], deadline=210, time=2013-06-11 12:54:37.819, clock=0]
Prohibition [agent=a1, prohibition=[at(6, 5, a1)], sanction=[reduce_300(a1)], clock=0, time=2013-06-11 12:52:23.148]
Position [agent=t1, id=null, cell=Cell [x=2, y=8], time=2013-06-11 12:52:38.377, clock=42]
Position [agent=a3, id=null, cell=Cell [x=19, y=19], time=2013-06-11 12:52:38.837, clock=42]
Position [agent=a2, id=null, cell=Cell [x=3, y=6], time=2013-06-11 12:52:39.108, clock=42]
Reading [id=null, agent=a3, cell=Cell [x=8, y=6], time=2013-06-11 12:56:27.343, value=0.0, clock=271]
Position [agent=t1, id=null, cell=Cell [x=2, y=7], time=2013-06-11 12:52:39.369, clock=43]
Position [agent=t1, id=null, cell=Cell [x=2, y=6], time=2013-06-11 12:52:40.013, clock=43]
Position [agent=t1, id=null, cell=Cell [x=2, y=5], time=2013-06-11 12:52:40.492, clock=44]
Position [agent=t1, id=null, cell=Cell [x=2, y=4], time=2013-06-11 12:52:41.346, clock=45]
Obligation [agent=a3, obligation=[makeReading(8, 6)], sanction=[reduce_400(a3)], deadline=210, time=2013-06-11 12:54:38.024, clock=0]
Position [agent=t1, id=null, cell=Cell [x=2, y=3], time=2013-06-11 12:52:42.034, clock=45]
Obligation [agent=a3, obligation=[makeReading(16, 6)], sanction=[reduce_400(a3)], deadline=210, time=2013-06-11 12:54:38.23, clock=0]
Obligation [agent=a3, obligation=[makeReading(3, 9)], sanction=[reduce_400(a3)], deadline=210, time=2013-06-11 12:54:38.437, clock=0]
Position [agent=t1, id=null, cell=Cell [x=2, y=2], time=2013-06-11 12:52:42.731, clock=46]
Position [agent=a1, id=null, cell=Cell [x=9, y=10], time=2013-06-11 12:53:10.391, clock=74]
Reading [id=null, agent=a2, cell=Cell [x=3, y=9], time=2013-06-11 12:56:28.029, value=0.0, clock=271]
Position [agent=a1, id=null, cell=Cell [x=8, y=10], time=2013-06-11 12:53:11.131, clock=74]
Obligation [agent=a1, obligation=[makeReading(8, 6)], sanction=[reduce_400(a1)], deadline=244, time=2013-06-11 12:55:10.946, clock=0]
Position [agent=a2, id=null, cell=Cell [x=3, y=7], time=2013-06-11 12:53:11.626, clock=75]
Obligation [agent=a1, obligation=[makeReading(16, 6)], sanction=[reduce_400(a1)], deadline=244, time=2013-06-11 12:55:11.154, clock=0]
Obligation [agent=a1, obligation=[makeReading(3, 9)], sanction=[reduce_400(a1)], deadline=244, time=2013-06-11 12:55:11.359, clock=0]
Reading [id=null, agent=a2, cell=Cell [x=16, y=6], time=2013-06-11 12:56:28.051, value=0.0, clock=271]
Obligation [agent=a2, obligation=[makeReading(8, 6)], sanction=[reduce_400(a2)], deadline=244, time=2013-06-11 12:55:11.567, clock=0]
Reading [id=null, agent=a2, cell=Cell [x=8, y=6], time=2013-06-11 12:56:28.072, value=0.0, clock=271]
Position [agent=a1, id=null, cell=Cell [x=8, y=9], time=2013-06-11 12:53:11.877, clock=75]
Position [agent=a2, id=null, cell=Cell [x=3, y=8], time=2013-06-11 12:53:12.407, clock=76]
Prohibition [agent=a1, prohibition=[at(6, 6, a1)], sanction=[reduce_300(a1)], clock=0, time=2013-06-11 12:52:23.149]
Prohibition [agent=a2, prohibition=[at(5, 5, a2)], sanction=[reduce_300(a2)], clock=0, time=2013-06-11 12:52:23.151]
Obligation [agent=a2, obligation=[makeReading(16, 6)], sanction=[reduce_400(a2)], deadline=244, time=2013-06-11 12:55:11.775, clock=0]
Position [agent=a3, id=null, cell=Cell [x=18, y=19], time=2013-06-11 12:53:12.708, clock=76]
Obligation [agent=a2, obligation=[makeReading(3, 9)], sanction=[reduce_400(a2)], deadline=244, time=2013-06-11 12:55:11.98, clock=0]
Position [agent=a1, id=null, cell=Cell [x=8, y=8], time=2013-06-11 12:53:12.953, clock=76]
Obligation [agent=a3, obligation=[makeReading(8, 6)], sanction=[reduce_400(a3)], deadline=244, time=2013-06-11 12:55:12.188, clock=0]
Obligation [agent=a3, obligation=[makeReading(16, 6)], sanction=[reduce_400(a3)], deadline=244, time=2013-06-11 12:55:12.398, clock=0]
Obligation [agent=a3, obligation=[makeReading(3, 9)], sanction=[reduce_400(a3)], deadline=244, time=2013-06-11 12:55:12.605, clock=0]
Position [agent=a3, id=null, cell=Cell [x=17, y=19], time=2013-06-11 12:53:13.491, clock=77]
Prohibition [agent=a2, prohibition=[at(5, 6, a2)], sanction=[reduce_300(a2)], clock=0, time=2013-06-11 12:52:23.153]
Position [agent=a2, id=null, cell=Cell [x=3, y=9], time=2013-06-11 12:53:14.135, clock=77]
Prohibition [agent=a2, prohibition=[at(6, 5, a2)], sanction=[reduce_300(a2)], clock=0, time=2013-06-11 12:52:23.157]
Obligation [agent=a1, obligation=[makeReading(8, 6)], sanction=[reduce_400(a1)], deadline=314, time=2013-06-11 12:56:21.583, clock=0]
Reading [id=null, agent=a1, cell=Cell [x=3, y=9], time=2013-06-11 12:56:33.663, value=0.0, clock=277]
Prohibition [agent=a2, prohibition=[at(6, 6, a2)], sanction=[reduce_300(a2)], clock=0, time=2013-06-11 12:52:23.159]
Reading [id=null, agent=a1, cell=Cell [x=16, y=6], time=2013-06-11 12:56:33.685, value=0.0, clock=277]
Position [agent=a1, id=null, cell=Cell [x=8, y=7], time=2013-06-11 12:53:14.793, clock=78]
Position [agent=a3, id=null, cell=Cell [x=16, y=19], time=2013-06-11 12:53:15.215, clock=78]
Reading [id=null, agent=a1, cell=Cell [x=8, y=6], time=2013-06-11 12:56:33.707, value=0.0, clock=277]
Position [agent=a1, id=null, cell=Cell [x=8, y=6], time=2013-06-11 12:53:15.522, clock=79]
Prohibition [agent=a3, prohibition=[at(5, 5, a3)], sanction=[reduce_300(a3)], clock=0, time=2013-06-11 12:52:23.16]
Position [agent=a3, id=null, cell=Cell [x=15, y=19], time=2013-06-11 12:53:16.168, clock=79]
Position [agent=a2, id=null, cell=Cell [x=4, y=9], time=2013-06-11 12:53:16.577, clock=80]
Obligation [agent=a1, obligation=[makeReading(16, 6)], sanction=[reduce_400(a1)], deadline=314, time=2013-06-11 12:56:21.79, clock=0]
Obligation [agent=a1, obligation=[makeReading(3, 9)], sanction=[reduce_400(a1)], deadline=314, time=2013-06-11 12:56:21.997, clock=0]
Position [agent=a1, id=null, cell=Cell [x=8, y=7], time=2013-06-11 12:53:17.021, clock=80]
Position [agent=a2, id=null, cell=Cell [x=5, y=9], time=2013-06-11 12:53:17.592, clock=81]
Position [agent=a3, id=null, cell=Cell [x=14, y=19], time=2013-06-11 12:53:17.948, clock=81]
Position [agent=a2, id=null, cell=Cell [x=6, y=9], time=2013-06-11 12:53:18.409, clock=82]
Obligation [agent=a2, obligation=[makeReading(8, 6)], sanction=[reduce_400(a2)], deadline=314, time=2013-06-11 12:56:22.203, clock=0]
Prohibition [agent=a3, prohibition=[at(5, 6, a3)], sanction=[reduce_300(a3)], clock=0, time=2013-06-11 12:52:23.161]
Obligation [agent=a2, obligation=[makeReading(16, 6)], sanction=[reduce_400(a2)], deadline=314, time=2013-06-11 12:56:22.409, clock=0]
Prohibition [agent=a3, prohibition=[at(6, 5, a3)], sanction=[reduce_300(a3)], clock=0, time=2013-06-11 12:52:23.163]
Obligation [agent=a2, obligation=[makeReading(3, 9)], sanction=[reduce_400(a2)], deadline=314, time=2013-06-11 12:56:22.618, clock=0]
Position [agent=a1, id=null, cell=Cell [x=8, y=8], time=2013-06-11 12:53:18.698, clock=82]
Position [agent=a2, id=null, cell=Cell [x=7, y=9], time=2013-06-11 12:53:19.751, clock=83]
Position [agent=a3, id=null, cell=Cell [x=13, y=19], time=2013-06-11 12:53:20.496, clock=83]
Position [agent=a1, id=null, cell=Cell [x=8, y=9], time=2013-06-11 12:53:20.888, clock=84]
Obligation [agent=a3, obligation=[makeReading(8, 6)], sanction=[reduce_400(a3)], deadline=314, time=2013-06-11 12:56:22.859, clock=0]
Position [agent=a2, id=null, cell=Cell [x=8, y=9], time=2013-06-11 12:53:21.104, clock=84]
Prohibition [agent=a3, prohibition=[at(6, 6, a3)], sanction=[reduce_300(a3)], clock=0, time=2013-06-11 12:52:23.164]
Obligation [agent=a3, obligation=[makeReading(16, 6)], sanction=[reduce_400(a3)], deadline=314, time=2013-06-11 12:56:23.067, clock=0]
Position [agent=a1, id=null, cell=Cell [x=7, y=9], time=2013-06-11 12:53:21.675, clock=85]
Position [agent=a3, id=null, cell=Cell [x=12, y=19], time=2013-06-11 12:53:22.188, clock=85]
Prohibition [agent=a1, prohibition=[makeReading(5, 5, a1)], sanction=[reduce_300(a1)], clock=0, time=2013-06-11 12:53:13.012]
Obligation [agent=a3, obligation=[makeReading(3, 9)], sanction=[reduce_400(a3)], deadline=314, time=2013-06-11 12:56:23.274, clock=0]
Prohibition [agent=a2, prohibition=[makeReading(8, 6, a2)], sanction=[reduce_300(a2)], clock=0, time=2013-06-11 12:54:39.059]
Prohibition [agent=a1, prohibition=[makeReading(16, 6, a1)], sanction=[reduce_300(a1)], clock=0, time=2013-06-11 12:54:48.004]
Position [agent=a1, id=null, cell=Cell [x=6, y=9], time=2013-06-11 12:53:22.515, clock=86]
Position [agent=a2, id=null, cell=Cell [x=9, y=9], time=2013-06-11 12:53:22.729, clock=86]
Position [agent=a1, id=null, cell=Cell [x=5, y=9], time=2013-06-11 12:53:23.381, clock=87]
Position [agent=a3, id=null, cell=Cell [x=11, y=19], time=2013-06-11 12:53:23.947, clock=87]
Prohibition [agent=a3, prohibition=[makeReading(8, 6, a3)], sanction=[reduce_300(a3)], clock=0, time=2013-06-11 12:55:13.445]
Prohibition [agent=a2, prohibition=[makeReading(8, 6, a2)], sanction=[reduce_300(a2)], clock=0, time=2013-06-11 12:56:33.34]
Prohibition [agent=a3, prohibition=[makeReading(8, 6, a3)], sanction=[reduce_300(a3)], clock=0, time=2013-06-11 12:56:33.586]
Position [agent=a2, id=null, cell=Cell [x=10, y=9], time=2013-06-11 12:53:24.257, clock=87]
Prohibition [agent=a1, prohibition=[makeReading(8, 6, a1)], sanction=[reduce_300(a1)], clock=0, time=2013-06-11 12:56:42.601]
Position [agent=a1, id=null, cell=Cell [x=4, y=9], time=2013-06-11 12:53:24.534, clock=88]
Position [agent=a3, id=null, cell=Cell [x=10, y=19], time=2013-06-11 12:53:25.032, clock=88]
Position [agent=a1, id=null, cell=Cell [x=3, y=9], time=2013-06-11 12:53:25.396, clock=89]
Position [agent=a2, id=null, cell=Cell [x=11, y=9], time=2013-06-11 12:53:25.815, clock=89]
Position [agent=a3, id=null, cell=Cell [x=9, y=19], time=2013-06-11 12:53:26.271, clock=89]
Position [agent=a1, id=null, cell=Cell [x=4, y=9], time=2013-06-11 12:53:26.778, clock=90]
Position [agent=a2, id=null, cell=Cell [x=12, y=9], time=2013-06-11 12:53:27.146, clock=90]
Position [agent=a1, id=null, cell=Cell [x=5, y=9], time=2013-06-11 12:53:27.492, clock=91]
Position [agent=a3, id=null, cell=Cell [x=8, y=19], time=2013-06-11 12:53:27.964, clock=91]
Position [agent=a1, id=null, cell=Cell [x=6, y=9], time=2013-06-11 12:53:28.399, clock=92]
Position [agent=a2, id=null, cell=Cell [x=13, y=9], time=2013-06-11 12:53:28.721, clock=92]
Position [agent=a1, id=null, cell=Cell [x=7, y=9], time=2013-06-11 12:53:29.017, clock=92]
Position [agent=a3, id=null, cell=Cell [x=7, y=19], time=2013-06-11 12:53:29.583, clock=93]
Position [agent=a1, id=null, cell=Cell [x=8, y=9], time=2013-06-11 12:53:29.962, clock=93]
Position [agent=a2, id=null, cell=Cell [x=14, y=9], time=2013-06-11 12:53:30.409, clock=94]
Position [agent=a1, id=null, cell=Cell [x=9, y=9], time=2013-06-11 12:53:30.783, clock=94]
Position [agent=a3, id=null, cell=Cell [x=6, y=19], time=2013-06-11 12:53:31.316, clock=94]
Position [agent=a1, id=null, cell=Cell [x=10, y=9], time=2013-06-11 12:53:31.67, clock=95]
Position [agent=a2, id=null, cell=Cell [x=15, y=9], time=2013-06-11 12:53:31.999, clock=95]
Position [agent=a1, id=null, cell=Cell [x=11, y=9], time=2013-06-11 12:53:32.386, clock=96]
Position [agent=a3, id=null, cell=Cell [x=5, y=19], time=2013-06-11 12:53:32.859, clock=96]
Position [agent=a1, id=null, cell=Cell [x=12, y=9], time=2013-06-11 12:53:33.416, clock=97]
Position [agent=a2, id=null, cell=Cell [x=16, y=9], time=2013-06-11 12:53:33.775, clock=97]
Position [agent=a1, id=null, cell=Cell [x=13, y=9], time=2013-06-11 12:53:34.087, clock=97]
Position [agent=a3, id=null, cell=Cell [x=4, y=19], time=2013-06-11 12:53:34.58, clock=98]
Position [agent=a1, id=null, cell=Cell [x=14, y=9], time=2013-06-11 12:53:34.946, clock=98]
Position [agent=a2, id=null, cell=Cell [x=16, y=8], time=2013-06-11 12:53:35.411, clock=99]
Position [agent=a1, id=null, cell=Cell [x=15, y=9], time=2013-06-11 12:53:35.721, clock=99]
Position [agent=a3, id=null, cell=Cell [x=3, y=19], time=2013-06-11 12:53:37.287, clock=99]
Position [agent=a1, id=null, cell=Cell [x=16, y=9], time=2013-06-11 12:53:37.471, clock=100]
Position [agent=a2, id=null, cell=Cell [x=16, y=7], time=2013-06-11 12:53:37.486, clock=100]
Position [agent=a3, id=null, cell=Cell [x=3, y=18], time=2013-06-11 12:53:38.211, clock=101]
Position [agent=a2, id=null, cell=Cell [x=16, y=6], time=2013-06-11 12:53:38.522, clock=102]
Position [agent=a1, id=null, cell=Cell [x=16, y=8], time=2013-06-11 12:53:39.139, clock=102]
Position [agent=a3, id=null, cell=Cell [x=3, y=17], time=2013-06-11 12:53:39.935, clock=103]
Position [agent=a2, id=null, cell=Cell [x=15, y=6], time=2013-06-11 12:53:40.446, clock=104]
Position [agent=a1, id=null, cell=Cell [x=16, y=7], time=2013-06-11 12:53:40.889, clock=104]
Position [agent=a2, id=null, cell=Cell [x=14, y=6], time=2013-06-11 12:53:41.428, clock=105]
Position [agent=a3, id=null, cell=Cell [x=3, y=16], time=2013-06-11 12:53:42.597, clock=105]
Position [agent=a2, id=null, cell=Cell [x=13, y=6], time=2013-06-11 12:53:42.705, clock=105]
Position [agent=a1, id=null, cell=Cell [x=16, y=6], time=2013-06-11 12:53:42.709, clock=106]
Position [agent=a2, id=null, cell=Cell [x=12, y=6], time=2013-06-11 12:53:43.605, clock=107]
Position [agent=a3, id=null, cell=Cell [x=3, y=15], time=2013-06-11 12:53:43.961, clock=107]
Position [agent=a2, id=null, cell=Cell [x=11, y=6], time=2013-06-11 12:53:44.427, clock=108]
Position [agent=a3, id=null, cell=Cell [x=3, y=14], time=2013-06-11 12:53:44.976, clock=108]
Position [agent=a2, id=null, cell=Cell [x=10, y=6], time=2013-06-11 12:53:45.387, clock=109]
Position [agent=a3, id=null, cell=Cell [x=3, y=13], time=2013-06-11 12:53:45.952, clock=109]
Position [agent=a2, id=null, cell=Cell [x=9, y=6], time=2013-06-11 12:53:46.378, clock=110]
Position [agent=a3, id=null, cell=Cell [x=3, y=12], time=2013-06-11 12:53:46.954, clock=110]
Position [agent=a2, id=null, cell=Cell [x=8, y=6], time=2013-06-11 12:53:47.4, clock=111]
Position [agent=a3, id=null, cell=Cell [x=3, y=11], time=2013-06-11 12:53:47.956, clock=111]
Position [agent=a3, id=null, cell=Cell [x=3, y=10], time=2013-06-11 12:53:48.696, clock=112]
Position [agent=a3, id=null, cell=Cell [x=3, y=9], time=2013-06-11 12:53:49.646, clock=113]
Position [agent=a3, id=null, cell=Cell [x=4, y=9], time=2013-06-11 12:53:50.599, clock=114]
Position [agent=a3, id=null, cell=Cell [x=5, y=9], time=2013-06-11 12:53:51.389, clock=115]
Position [agent=a3, id=null, cell=Cell [x=6, y=9], time=2013-06-11 12:53:51.942, clock=115]
Position [agent=a3, id=null, cell=Cell [x=7, y=9], time=2013-06-11 12:53:52.454, clock=116]
Position [agent=a3, id=null, cell=Cell [x=8, y=9], time=2013-06-11 12:53:52.985, clock=116]
Position [agent=a3, id=null, cell=Cell [x=9, y=9], time=2013-06-11 12:53:53.478, clock=117]
Position [agent=a3, id=null, cell=Cell [x=10, y=9], time=2013-06-11 12:53:54.393, clock=118]
Position [agent=a3, id=null, cell=Cell [x=11, y=9], time=2013-06-11 12:53:55.241, clock=118]
Position [agent=a3, id=null, cell=Cell [x=12, y=9], time=2013-06-11 12:53:56.149, clock=119]
Position [agent=a3, id=null, cell=Cell [x=13, y=9], time=2013-06-11 12:53:57.096, clock=120]
Position [agent=a3, id=null, cell=Cell [x=14, y=9], time=2013-06-11 12:53:58.055, clock=121]
Position [agent=a3, id=null, cell=Cell [x=15, y=9], time=2013-06-11 12:53:59.26, clock=122]
Position [agent=a3, id=null, cell=Cell [x=16, y=9], time=2013-06-11 12:54:00.047, clock=123]
Position [agent=a3, id=null, cell=Cell [x=16, y=8], time=2013-06-11 12:54:00.848, clock=124]
Position [agent=a3, id=null, cell=Cell [x=16, y=7], time=2013-06-11 12:54:01.68, clock=125]
Position [agent=a3, id=null, cell=Cell [x=16, y=6], time=2013-06-11 12:54:02.583, clock=126]
Position [agent=a3, id=null, cell=Cell [x=15, y=6], time=2013-06-11 12:54:03.963, clock=127]
Position [agent=a3, id=null, cell=Cell [x=14, y=6], time=2013-06-11 12:54:04.886, clock=128]
Position [agent=a3, id=null, cell=Cell [x=13, y=6], time=2013-06-11 12:54:05.793, clock=129]
Position [agent=a3, id=null, cell=Cell [x=12, y=6], time=2013-06-11 12:54:06.553, clock=130]
Position [agent=a3, id=null, cell=Cell [x=11, y=6], time=2013-06-11 12:54:07.283, clock=130]
Position [agent=a3, id=null, cell=Cell [x=10, y=6], time=2013-06-11 12:54:08.054, clock=131]
Position [agent=a3, id=null, cell=Cell [x=9, y=6], time=2013-06-11 12:54:08.867, clock=132]
Position [agent=a3, id=null, cell=Cell [x=8, y=6], time=2013-06-11 12:54:09.655, clock=133]
Position [agent=a1, id=null, cell=Cell [x=16, y=7], time=2013-06-11 12:55:18.624, clock=202]
Position [agent=a3, id=null, cell=Cell [x=8, y=7], time=2013-06-11 12:55:19.16, clock=202]
Position [agent=a2, id=null, cell=Cell [x=8, y=7], time=2013-06-11 12:55:19.456, clock=203]
Position [agent=a2, id=null, cell=Cell [x=8, y=8], time=2013-06-11 12:55:20.152, clock=203]
Position [agent=a3, id=null, cell=Cell [x=8, y=8], time=2013-06-11 12:55:20.66, clock=204]
Position [agent=a1, id=null, cell=Cell [x=16, y=8], time=2013-06-11 12:55:20.959, clock=204]
Position [agent=a2, id=null, cell=Cell [x=8, y=9], time=2013-06-11 12:55:21.439, clock=205]
Position [agent=a2, id=null, cell=Cell [x=7, y=9], time=2013-06-11 12:55:23.003, clock=205]
Position [agent=a1, id=null, cell=Cell [x=16, y=9], time=2013-06-11 12:55:23.011, clock=206]
Position [agent=a3, id=null, cell=Cell [x=8, y=9], time=2013-06-11 12:55:23.014, clock=206]
Position [agent=a3, id=null, cell=Cell [x=7, y=9], time=2013-06-11 12:55:23.72, clock=207]
Position [agent=a1, id=null, cell=Cell [x=15, y=9], time=2013-06-11 12:55:24.145, clock=207]
Position [agent=a2, id=null, cell=Cell [x=6, y=9], time=2013-06-11 12:55:24.529, clock=208]
Position [agent=a1, id=null, cell=Cell [x=14, y=9], time=2013-06-11 12:55:24.922, clock=208]
Position [agent=a3, id=null, cell=Cell [x=6, y=9], time=2013-06-11 12:55:25.452, clock=209]
Position [agent=a3, id=null, cell=Cell [x=5, y=9], time=2013-06-11 12:55:26.156, clock=209]
Position [agent=a1, id=null, cell=Cell [x=13, y=9], time=2013-06-11 12:55:26.582, clock=210]
Position [agent=a2, id=null, cell=Cell [x=5, y=9], time=2013-06-11 12:55:26.975, clock=210]
Position [agent=a1, id=null, cell=Cell [x=12, y=9], time=2013-06-11 12:55:27.478, clock=211]
Position [agent=a3, id=null, cell=Cell [x=4, y=9], time=2013-06-11 12:55:27.84, clock=211]
Position [agent=a3, id=null, cell=Cell [x=3, y=9], time=2013-06-11 12:55:28.542, clock=212]
Position [agent=a1, id=null, cell=Cell [x=11, y=9], time=2013-06-11 12:55:29.0, clock=212]
Position [agent=a2, id=null, cell=Cell [x=4, y=9], time=2013-06-11 12:55:29.481, clock=213]
Position [agent=a1, id=null, cell=Cell [x=10, y=9], time=2013-06-11 12:55:29.888, clock=213]
Position [agent=a3, id=null, cell=Cell [x=4, y=9], time=2013-06-11 12:55:30.249, clock=213]
Position [agent=a3, id=null, cell=Cell [x=5, y=9], time=2013-06-11 12:55:30.94, clock=214]
Position [agent=a1, id=null, cell=Cell [x=9, y=9], time=2013-06-11 12:55:31.492, clock=215]
Position [agent=a2, id=null, cell=Cell [x=3, y=9], time=2013-06-11 12:55:31.896, clock=215]
Position [agent=a1, id=null, cell=Cell [x=8, y=9], time=2013-06-11 12:55:32.383, clock=215]
Position [agent=a3, id=null, cell=Cell [x=6, y=9], time=2013-06-11 12:55:32.713, clock=216]
Position [agent=a3, id=null, cell=Cell [x=7, y=9], time=2013-06-11 12:55:33.484, clock=217]
Position [agent=a1, id=null, cell=Cell [x=7, y=9], time=2013-06-11 12:55:33.911, clock=217]
Position [agent=a2, id=null, cell=Cell [x=4, y=9], time=2013-06-11 12:55:34.493, clock=218]
Position [agent=a1, id=null, cell=Cell [x=6, y=9], time=2013-06-11 12:55:34.942, clock=218]
Position [agent=a3, id=null, cell=Cell [x=8, y=9], time=2013-06-11 12:55:35.454, clock=219]
Position [agent=a3, id=null, cell=Cell [x=9, y=9], time=2013-06-11 12:55:36.039, clock=219]
Position [agent=a1, id=null, cell=Cell [x=5, y=9], time=2013-06-11 12:55:36.503, clock=220]
Position [agent=a2, id=null, cell=Cell [x=5, y=9], time=2013-06-11 12:55:36.898, clock=220]
Position [agent=a1, id=null, cell=Cell [x=4, y=9], time=2013-06-11 12:55:37.511, clock=221]
Position [agent=a3, id=null, cell=Cell [x=10, y=9], time=2013-06-11 12:55:37.888, clock=221]
Position [agent=a3, id=null, cell=Cell [x=11, y=9], time=2013-06-11 12:55:38.484, clock=222]
Position [agent=a1, id=null, cell=Cell [x=3, y=9], time=2013-06-11 12:55:38.902, clock=222]
Position [agent=a2, id=null, cell=Cell [x=6, y=9], time=2013-06-11 12:55:39.352, clock=222]
Position [agent=a3, id=null, cell=Cell [x=12, y=9], time=2013-06-11 12:55:39.636, clock=223]
Position [agent=a3, id=null, cell=Cell [x=13, y=9], time=2013-06-11 12:55:40.224, clock=223]
Position [agent=a2, id=null, cell=Cell [x=7, y=9], time=2013-06-11 12:55:40.628, clock=224]
Position [agent=a1, id=null, cell=Cell [x=4, y=9], time=2013-06-11 12:55:41.037, clock=224]
Position [agent=a2, id=null, cell=Cell [x=8, y=9], time=2013-06-11 12:55:41.494, clock=225]
Position [agent=a3, id=null, cell=Cell [x=14, y=9], time=2013-06-11 12:55:41.869, clock=225]
Position [agent=a3, id=null, cell=Cell [x=15, y=9], time=2013-06-11 12:55:42.485, clock=226]
Position [agent=a2, id=null, cell=Cell [x=9, y=9], time=2013-06-11 12:55:42.92, clock=226]
Position [agent=a1, id=null, cell=Cell [x=5, y=9], time=2013-06-11 12:55:44.033, clock=227]
Position [agent=a2, id=null, cell=Cell [x=10, y=9], time=2013-06-11 12:55:44.168, clock=227]
Position [agent=a3, id=null, cell=Cell [x=16, y=9], time=2013-06-11 12:55:44.466, clock=228]
Position [agent=a3, id=null, cell=Cell [x=16, y=8], time=2013-06-11 12:55:45.067, clock=228]
Position [agent=a2, id=null, cell=Cell [x=11, y=9], time=2013-06-11 12:55:45.644, clock=229]
Position [agent=a1, id=null, cell=Cell [x=6, y=9], time=2013-06-11 12:55:45.973, clock=229]
Position [agent=a2, id=null, cell=Cell [x=12, y=9], time=2013-06-11 12:55:46.612, clock=230]
Position [agent=a3, id=null, cell=Cell [x=16, y=7], time=2013-06-11 12:55:46.868, clock=230]
Position [agent=a3, id=null, cell=Cell [x=16, y=6], time=2013-06-11 12:55:47.994, clock=231]
Position [agent=a2, id=null, cell=Cell [x=13, y=9], time=2013-06-11 12:55:47.997, clock=231]
Position [agent=a1, id=null, cell=Cell [x=7, y=9], time=2013-06-11 12:55:48.494, clock=232]
Position [agent=a3, id=null, cell=Cell [x=15, y=6], time=2013-06-11 12:55:49.228, clock=232]
Position [agent=a2, id=null, cell=Cell [x=14, y=9], time=2013-06-11 12:55:49.481, clock=232]
Position [agent=a1, id=null, cell=Cell [x=8, y=9], time=2013-06-11 12:55:49.897, clock=233]
Position [agent=a2, id=null, cell=Cell [x=15, y=9], time=2013-06-11 12:55:50.699, clock=234]
Position [agent=a3, id=null, cell=Cell [x=14, y=6], time=2013-06-11 12:55:50.93, clock=234]
Position [agent=a2, id=null, cell=Cell [x=16, y=9], time=2013-06-11 12:55:51.589, clock=235]
Position [agent=a1, id=null, cell=Cell [x=9, y=9], time=2013-06-11 12:55:51.894, clock=235]
Position [agent=a2, id=null, cell=Cell [x=16, y=8], time=2013-06-11 12:55:52.61, clock=236]
Position [agent=a3, id=null, cell=Cell [x=13, y=6], time=2013-06-11 12:55:52.878, clock=236]
Position [agent=a3, id=null, cell=Cell [x=12, y=6], time=2013-06-11 12:55:53.501, clock=237]
Position [agent=a2, id=null, cell=Cell [x=16, y=7], time=2013-06-11 12:55:54.017, clock=237]
Position [agent=a1, id=null, cell=Cell [x=10, y=9], time=2013-06-11 12:55:54.501, clock=238]
Position [agent=a2, id=null, cell=Cell [x=16, y=6], time=2013-06-11 12:55:55.018, clock=238]
Position [agent=a3, id=null, cell=Cell [x=11, y=6], time=2013-06-11 12:55:55.719, clock=239]
Position [agent=a1, id=null, cell=Cell [x=11, y=9], time=2013-06-11 12:55:56.138, clock=239]
Position [agent=a3, id=null, cell=Cell [x=10, y=6], time=2013-06-11 12:55:56.531, clock=240]
Position [agent=a2, id=null, cell=Cell [x=15, y=6], time=2013-06-11 12:55:57.131, clock=240]
Position [agent=a3, id=null, cell=Cell [x=9, y=6], time=2013-06-11 12:55:57.563, clock=241]
Position [agent=a1, id=null, cell=Cell [x=12, y=9], time=2013-06-11 12:55:57.986, clock=241]
Position [agent=a3, id=null, cell=Cell [x=8, y=6], time=2013-06-11 12:55:58.506, clock=242]
Position [agent=a2, id=null, cell=Cell [x=14, y=6], time=2013-06-11 12:55:59.037, clock=242]
Position [agent=a1, id=null, cell=Cell [x=13, y=9], time=2013-06-11 12:55:59.561, clock=243]
Position [agent=a2, id=null, cell=Cell [x=13, y=6], time=2013-06-11 12:56:00.063, clock=243]
Position [agent=a1, id=null, cell=Cell [x=14, y=9], time=2013-06-11 12:56:00.582, clock=244]
Position [agent=a2, id=null, cell=Cell [x=12, y=6], time=2013-06-11 12:56:01.081, clock=244]
Position [agent=a1, id=null, cell=Cell [x=15, y=9], time=2013-06-11 12:56:01.625, clock=245]
Position [agent=a2, id=null, cell=Cell [x=11, y=6], time=2013-06-11 12:56:02.138, clock=245]
Position [agent=a1, id=null, cell=Cell [x=16, y=9], time=2013-06-11 12:56:02.662, clock=246]
Position [agent=a2, id=null, cell=Cell [x=10, y=6], time=2013-06-11 12:56:03.151, clock=246]
Position [agent=a1, id=null, cell=Cell [x=16, y=8], time=2013-06-11 12:56:03.704, clock=247]
Position [agent=a2, id=null, cell=Cell [x=9, y=6], time=2013-06-11 12:56:04.243, clock=247]
Position [agent=a1, id=null, cell=Cell [x=16, y=7], time=2013-06-11 12:56:04.771, clock=248]
Position [agent=a2, id=null, cell=Cell [x=8, y=6], time=2013-06-11 12:56:05.278, clock=248]
Position [agent=a1, id=null, cell=Cell [x=16, y=6], time=2013-06-11 12:56:05.905, clock=249]
Position [agent=a1, id=null, cell=Cell [x=15, y=6], time=2013-06-11 12:56:06.758, clock=250]
Position [agent=a1, id=null, cell=Cell [x=14, y=6], time=2013-06-11 12:56:07.474, clock=251]
Position [agent=a1, id=null, cell=Cell [x=13, y=6], time=2013-06-11 12:56:08.033, clock=251]
Position [agent=a1, id=null, cell=Cell [x=12, y=6], time=2013-06-11 12:56:08.602, clock=252]
Position [agent=a1, id=null, cell=Cell [x=11, y=6], time=2013-06-11 12:56:09.178, clock=252]
Position [agent=a1, id=null, cell=Cell [x=10, y=6], time=2013-06-11 12:56:09.74, clock=253]
Position [agent=a1, id=null, cell=Cell [x=9, y=6], time=2013-06-11 12:56:10.479, clock=254]
Position [agent=a1, id=null, cell=Cell [x=8, y=6], time=2013-06-11 12:56:11.05, clock=254]
-------------------------last log tuples end----------------------------------
register a1
register a2
register a3
register c1
register t1
from/for agent a3  from/for agent a2  readingRequest(position(8, 19))
readingRequest(position(11, 1))
from/for agent a2  reading(position(8, 19))
from/for agent a3  reading(position(11, 1))
org reading notification
Organization notifies agent (write): Obligation [agent=a2, obligation=[makeReading(16, 16)], sanction=[reduce_400(a2)], deadline=53, time=2013-06-11 13:06:41.857, clock=0]
agent obligation notification a2 number 1
Obligation [agent=a2, obligation=null, sanction=null, deadline=null, time=null, clock=null] 1970-01-01 01:00:00.0 - 2013-06-11 13:06:41.897
Event sent to agent      a2 obligation(makeReading(16, 16), 53, reduce_400(a2))
Event processed adoptObligation(makeReading(16, 16), 53, reduce_400(a2))
Organization notifies agent (write): Obligation [agent=a2, obligation=[makeReading(2, 2)], sanction=[reduce_400(a2)], deadline=53, time=2013-06-11 13:06:42.287, clock=0]
Organization notifies agent (write): Obligation [agent=a3, obligation=[makeReading(8, 6)], sanction=[reduce_400(a3)], deadline=53, time=2013-06-11 13:06:42.497, clock=0]
Organization notifies agent (write): Obligation [agent=a3, obligation=[makeReading(16, 16)], sanction=[reduce_400(a3)], deadline=53, time=2013-06-11 13:06:42.706, clock=0]
Organization notifies agent (write): Obligation [agent=a3, obligation=[makeReading(2, 2)], sanction=[reduce_400(a3)], deadline=53, time=2013-06-11 13:06:43.98, clock=0]
Organization notifies agent (write): Prohibition [agent=t1, prohibition=[at(5, 5, t1)], sanction=[reduce_300(t1)], clock=0, time=2013-06-11 13:06:43.982]
Organization notifies agent (write): Prohibition [agent=t1, prohibition=[at(5, 6, t1)], sanction=[reduce_300(t1)], clock=0, time=2013-06-11 13:06:43.984]
Organization notifies agent (write): Prohibition [agent=t1, prohibition=[at(6, 5, t1)], sanction=[reduce_300(t1)], clock=0, time=2013-06-11 13:06:43.985]
Organization notifies agent (write): Prohibition [agent=t1, prohibition=[at(6, 6, t1)], sanction=[reduce_300(t1)], clock=0, time=2013-06-11 13:06:43.986]
Organization notifies agent (write): Prohibition [agent=c1, prohibition=[coin(5, 5, a1)], sanction=[reduce_300(c1)], clock=0, time=2013-06-11 13:06:45.207]
Organization notifies agent (write): Prohibition [agent=c1, prohibition=[coin(5, 6, a1)], sanction=[reduce_300(c1)], clock=0, time=2013-06-11 13:06:45.209]
Organization notifies agent (write): Prohibition [agent=c1, prohibition=[coin(6, 5, a1)], sanction=[reduce_300(c1)], clock=0, time=2013-06-11 13:06:45.211]
Organization notifies agent (write): Prohibition [agent=c1, prohibition=[coin(6, 6, a1)], sanction=[reduce_300(c1)], clock=0, time=2013-06-11 13:06:45.213]
Organization notifies agent (write): Prohibition [agent=c1, prohibition=[coin(5, 5, a2)], sanction=[reduce_300(c1)], clock=0, time=2013-06-11 13:06:45.215]
Organization notifies agent (write): Prohibition [agent=c1, prohibition=[coin(5, 6, a2)], sanction=[reduce_300(c1)], clock=0, time=2013-06-11 13:06:45.216]
Organization notifies agent (write): Prohibition [agent=c1, prohibition=[coin(6, 5, a2)], sanction=[reduce_300(c1)], clock=0, time=2013-06-11 13:06:45.217]
Organization notifies agent (write): Prohibition [agent=c1, prohibition=[coin(6, 6, a2)], sanction=[reduce_300(c1)], clock=0, time=2013-06-11 13:06:45.219]
Organization notifies agent (write): Prohibition [agent=c1, prohibition=[coin(5, 5, a3)], sanction=[reduce_300(c1)], clock=0, time=2013-06-11 13:06:45.222]
Organization notifies agent (write): Prohibition [agent=c1, prohibition=[coin(5, 6, a3)], sanction=[reduce_300(c1)], clock=0, time=2013-06-11 13:06:45.224]
Organization notifies agent (write): Prohibition [agent=c1, prohibition=[coin(6, 5, a3)], sanction=[reduce_300(c1)], clock=0, time=2013-06-11 13:06:45.226]
Organization notifies agent (write): Prohibition [agent=c1, prohibition=[coin(6, 6, a3)], sanction=[reduce_300(c1)], clock=0, time=2013-06-11 13:06:45.228]
from/for agent a1  readingRequest(position(5, 5))
from/for agent a1  reading(position(5, 5))
Organization notifies agent (write): Prohibition [agent=a2, prohibition=[makeReading(8, 19, a2)], sanction=[reduce_300(a2)], clock=0, time=2013-06-11 13:06:45.696]
Organization notifies agent (write): Prohibition [agent=a3, prohibition=[makeReading(11, 1, a3)], sanction=[reduce_300(a3)], clock=0, time=2013-06-11 13:06:45.905]
Organization notifies agent (write): Prohibition [agent=a1, prohibition=[at(5, 5, a1)], sanction=[reduce_300(a1)], clock=0, time=2013-06-11 13:06:45.907]
Organization notifies agent (write): Prohibition [agent=a1, prohibition=[at(5, 6, a1)], sanction=[reduce_300(a1)], clock=0, time=2013-06-11 13:06:45.909]
Organization notifies agent (write): Prohibition [agent=a1, prohibition=[at(6, 5, a1)], sanction=[reduce_300(a1)], clock=0, time=2013-06-11 13:06:45.911]
Organization notifies agent (write): Prohibition [agent=a1, prohibition=[at(6, 6, a1)], sanction=[reduce_300(a1)], clock=0, time=2013-06-11 13:06:45.912]
Organization notifies agent (write): Prohibition [agent=a2, prohibition=[at(5, 5, a2)], sanction=[reduce_300(a2)], clock=0, time=2013-06-11 13:06:45.914]
Organization notifies agent (write): Prohibition [agent=a2, prohibition=[at(5, 6, a2)], sanction=[reduce_300(a2)], clock=0, time=2013-06-11 13:06:45.916]
Organization notifies agent (write): Prohibition [agent=a2, prohibition=[at(6, 5, a2)], sanction=[reduce_300(a2)], clock=0, time=2013-06-11 13:06:45.918]
Organization notifies agent (write): Prohibition [agent=a2, prohibition=[at(6, 6, a2)], sanction=[reduce_300(a2)], clock=0, time=2013-06-11 13:06:45.919]
Organization notifies agent (write): Prohibition [agent=a3, prohibition=[at(5, 5, a3)], sanction=[reduce_300(a3)], clock=0, time=2013-06-11 13:06:45.922]
Organization notifies agent (write): Prohibition [agent=a3, prohibition=[at(5, 6, a3)], sanction=[reduce_300(a3)], clock=0, time=2013-06-11 13:06:45.923]
Organization notifies agent (write): Prohibition [agent=a3, prohibition=[at(6, 5, a3)], sanction=[reduce_300(a3)], clock=0, time=2013-06-11 13:06:45.925]
Organization notifies agent (write): Prohibition [agent=a3, prohibition=[at(6, 6, a3)], sanction=[reduce_300(a3)], clock=0, time=2013-06-11 13:06:45.926]
from/for agent a2  readingRequest(position(16, 16))
from/for agent a2  reading(position(16, 16))
Organization notifies agent (write): Obligation [agent=a1, obligation=[makeReading(8, 6)], sanction=[reduce_400(a1)], deadline=53, time=2013-06-11 13:07:15.802, clock=0]
Organization notifies agent (write): Obligation [agent=a1, obligation=[makeReading(16, 16)], sanction=[reduce_400(a1)], deadline=53, time=2013-06-11 13:07:16.007, clock=0]
Organization notifies agent (write): Obligation [agent=a1, obligation=[makeReading(2, 2)], sanction=[reduce_400(a1)], deadline=53, time=2013-06-11 13:07:16.213, clock=0]
Organization notifies agent (write): Obligation [agent=a2, obligation=[makeReading(8, 6)], sanction=[reduce_400(a2)], deadline=53, time=2013-06-11 13:07:16.42, clock=0]
org position notification
Organization notifies agent (write): Obligation [agent=a1, obligation=[makeReading(8, 6)], sanction=[reduce_400(a1)], deadline=114, time=2013-06-11 13:07:40.415, clock=0]
Organization notifies agent (write): Obligation [agent=a1, obligation=[makeReading(16, 16)], sanction=[reduce_400(a1)], deadline=114, time=2013-06-11 13:07:40.622, clock=0]
Organization notifies agent (write): Obligation [agent=a1, obligation=[makeReading(2, 2)], sanction=[reduce_400(a1)], deadline=114, time=2013-06-11 13:07:40.831, clock=0]
agent obligation notification a2 number 3
Organization notifies agent (write): Obligation [agent=a2, obligation=[makeReading(8, 6)], sanction=[reduce_400(a2)], deadline=114, time=2013-06-11 13:07:41.038, clock=0]
Obligation [agent=a2, obligation=null, sanction=null, deadline=null, time=null, clock=null] 2013-06-11 13:06:41.897 - 2013-06-11 13:07:40.873
Event sent to agent      a2 obligation(makeReading(2, 2), 53, reduce_400(a2))
Event sent to agent      a2 obligation(makeReading(8, 6), 53, reduce_400(a2))
Organization notifies agent (write): Obligation [agent=a2, obligation=[makeReading(16, 16)], sanction=[reduce_400(a2)], deadline=114, time=2013-06-11 13:07:41.244, clock=0]
agent obligation notification a3 number 3
Event processed adoptObligation(makeReading(2, 2), 53, reduce_400(a2))
Event processed adoptObligation(makeReading(8, 6), 53, reduce_400(a2))
Organization notifies agent (write): Obligation [agent=a2, obligation=[makeReading(2, 2)], sanction=[reduce_400(a2)], deadline=114, time=2013-06-11 13:07:41.453, clock=0]
Obligation [agent=a3, obligation=null, sanction=null, deadline=null, time=null, clock=null] 1970-01-01 01:00:00.0 - 2013-06-11 13:07:41.272
Event sent to agent      a3 obligation(makeReading(8, 6), 53, reduce_400(a3))
Event sent to agent      a3 obligation(makeReading(16, 16), 53, reduce_400(a3))
Event sent to agent      a3 obligation(makeReading(2, 2), 53, reduce_400(a3))
Event processed adoptObligation(makeReading(8, 6), 53, reduce_400(a3))
Event processed adoptObligation(makeReading(16, 16), 53, reduce_400(a3))
Event processed adoptObligation(makeReading(2, 2), 53, reduce_400(a3))
Organization notifies agent (write): Obligation [agent=a3, obligation=[makeReading(8, 6)], sanction=[reduce_400(a3)], deadline=114, time=2013-06-11 13:07:41.668, clock=0]
agent obligation notification a3 number 4
Obligation [agent=a3, obligation=null, sanction=null, deadline=null, time=null, clock=null] 2013-06-11 13:07:41.272 - 2013-06-11 13:07:41.913
Event sent to agent      a3 obligation(makeReading(8, 6), 114, reduce_400(a3))
agent prohibition notification t1 number 4
Prohibition [agent=t1, prohibition=null, sanction=null, clock=null, time=null] 1970-01-01 01:00:00.0 - 2013-06-11 13:07:42.14
Event sent to agent      t1 prohibition(at(5, 5, t1), reduce_300(t1))
Event sent to agent      t1 prohibition(at(5, 6, t1), reduce_300(t1))
Event sent to agent      t1 prohibition(at(6, 5, t1), reduce_300(t1))
Event sent to agent      t1 prohibition(at(6, 6, t1), reduce_300(t1))
Event processed aprohibition(at(5, 5, t1), reduce_300(t1))
Event processed aprohibition(at(5, 6, t1), reduce_300(t1))
Event processed aprohibition(at(6, 5, t1), reduce_300(t1))
Event processed aprohibition(at(6, 6, t1), reduce_300(t1))
Event processed adoptObligation(makeReading(8, 6), 114, reduce_400(a3))
Organization notifies agent (write): Obligation [agent=a3, obligation=[makeReading(16, 16)], sanction=[reduce_400(a3)], deadline=114, time=2013-06-11 13:07:42.646, clock=0]
Organization notifies agent (write): Obligation [agent=a3, obligation=[makeReading(2, 2)], sanction=[reduce_400(a3)], deadline=114, time=2013-06-11 13:07:43.636, clock=0]
agent prohibition notification c1 number 12
Prohibition [agent=c1, prohibition=null, sanction=null, clock=null, time=null] 1970-01-01 01:00:00.0 - 2013-06-11 13:07:43.819
Event sent to agent      c1 prohibition(coin(5, 5, a1), reduce_300(c1))
Event sent to agent      c1 prohibition(coin(5, 6, a1), reduce_300(c1))
Event sent to agent      c1 prohibition(coin(6, 5, a1), reduce_300(c1))
Event sent to agent      c1 prohibition(coin(6, 6, a1), reduce_300(c1))
Event sent to agent      c1 prohibition(coin(5, 5, a2), reduce_300(c1))
Event sent to agent      c1 prohibition(coin(5, 6, a2), reduce_300(c1))
Event sent to agent      c1 prohibition(coin(6, 5, a2), reduce_300(c1))
Event sent to agent      c1 prohibition(coin(6, 6, a2), reduce_300(c1))
Event sent to agent      c1 prohibition(coin(5, 5, a3), reduce_300(c1))
Event sent to agent      c1 prohibition(coin(5, 6, a3), reduce_300(c1))
Event sent to agent      c1 prohibition(coin(6, 5, a3), reduce_300(c1))
Event sent to agent      c1 prohibition(coin(6, 6, a3), reduce_300(c1))
Event processed aprohibition(coin(5, 5, a1), reduce_300(c1))
Event processed aprohibition(coin(5, 6, a1), reduce_300(c1))
Event processed aprohibition(coin(6, 5, a1), reduce_300(c1))
Event processed aprohibition(coin(6, 6, a1), reduce_300(c1))
Event processed aprohibition(coin(5, 5, a2), reduce_300(c1))
Event processed aprohibition(coin(5, 6, a2), reduce_300(c1))
Event processed aprohibition(coin(6, 5, a2), reduce_300(c1))
Event processed aprohibition(coin(6, 6, a2), reduce_300(c1))
Event processed aprohibition(coin(5, 5, a3), reduce_300(c1))
Event processed aprohibition(coin(5, 6, a3), reduce_300(c1))
Event processed aprohibition(coin(6, 5, a3), reduce_300(c1))
Event processed aprohibition(coin(6, 6, a3), reduce_300(c1))
agent prohibition notification a2 number 5
Prohibition [agent=a2, prohibition=null, sanction=null, clock=null, time=null] 1970-01-01 01:00:00.0 - 2013-06-11 13:07:45.255
Event sent to agent      a2 prohibition(makeReading(8, 19, a2), reduce_300(a2))
Event sent to agent      a2 prohibition(at(5, 5, a2), reduce_300(a2))
Event sent to agent      a2 prohibition(at(5, 6, a2), reduce_300(a2))
Event sent to agent      a2 prohibition(at(6, 5, a2), reduce_300(a2))
Event sent to agent      a2 prohibition(at(6, 6, a2), reduce_300(a2))
Organization notifies agent (write): Prohibition [agent=a1, prohibition=[makeReading(5, 5, a1)], sanction=[reduce_300(a1)], clock=0, time=2013-06-11 13:07:45.613]
agent prohibition notification a3 number 5
Event processed aprohibition(makeReading(8, 19, a2), reduce_300(a2))
Event processed aprohibition(at(5, 5, a2), reduce_300(a2))
Event processed aprohibition(at(5, 6, a2), reduce_300(a2))
Event processed aprohibition(at(6, 5, a2), reduce_300(a2))
Event processed aprohibition(at(6, 6, a2), reduce_300(a2))
Prohibition [agent=a3, prohibition=null, sanction=null, clock=null, time=null] 1970-01-01 01:00:00.0 - 2013-06-11 13:07:45.742
Event sent to agent      a3 prohibition(makeReading(11, 1, a3), reduce_300(a3))
Event sent to agent      a3 prohibition(at(5, 5, a3), reduce_300(a3))
Event sent to agent      a3 prohibition(at(5, 6, a3), reduce_300(a3))
Event sent to agent      a3 prohibition(at(6, 5, a3), reduce_300(a3))
Event sent to agent      a3 prohibition(at(6, 6, a3), reduce_300(a3))
agent prohibition notification a1 number 5
Prohibition [agent=a1, prohibition=null, sanction=null, clock=null, time=null] 1970-01-01 01:00:00.0 - 2013-06-11 13:07:45.957
Event sent to agent      a1 prohibition(at(5, 5, a1), reduce_300(a1))
Event sent to agent      a1 prohibition(at(5, 6, a1), reduce_300(a1))
Event sent to agent      a1 prohibition(at(6, 5, a1), reduce_300(a1))
Event sent to agent      a1 prohibition(at(6, 6, a1), reduce_300(a1))
Event sent to agent      a1 prohibition(makeReading(5, 5, a1), reduce_300(a1))
Event processed aprohibition(at(5, 5, a1), reduce_300(a1))
Event processed aprohibition(at(5, 6, a1), reduce_300(a1))
Event processed aprohibition(at(6, 5, a1), reduce_300(a1))
Event processed aprohibition(at(6, 6, a1), reduce_300(a1))
Event processed aprohibition(makeReading(5, 5, a1), reduce_300(a1))
from/for agent a2  readingRequest(position(8, 6))
from/for agent a2  reading(position(8, 6))
Event processed aprohibition(makeReading(11, 1, a3), reduce_300(a3))
Event processed aprohibition(at(5, 5, a3), reduce_300(a3))
Event processed aprohibition(at(5, 6, a3), reduce_300(a3))
Event processed aprohibition(at(6, 5, a3), reduce_300(a3))
Event processed aprohibition(at(6, 6, a3), reduce_300(a3))
from/for agent a2  readingRequest(position(2, 2))
from/for agent a2  reading(position(2, 2))
agent obligation notification a1 number 6
Obligation [agent=a1, obligation=null, sanction=null, deadline=null, time=null, clock=null] 1970-01-01 01:00:00.0 - 2013-06-11 13:08:01.747
Event sent to agent      a1 obligation(makeReading(8, 6), 53, reduce_400(a1))
Event sent to agent      a1 obligation(makeReading(16, 16), 53, reduce_400(a1))
Event sent to agent      a1 obligation(makeReading(2, 2), 53, reduce_400(a1))
Event sent to agent      a1 obligation(makeReading(8, 6), 114, reduce_400(a1))
Event sent to agent      a1 obligation(makeReading(16, 16), 114, reduce_400(a1))
Event sent to agent      a1 obligation(makeReading(2, 2), 114, reduce_400(a1))
agent obligation notification a2 number 6
Event processed adoptObligation(makeReading(8, 6), 53, reduce_400(a1))
Event processed adoptObligation(makeReading(16, 16), 53, reduce_400(a1))
Event processed adoptObligation(makeReading(2, 2), 53, reduce_400(a1))
Event processed adoptObligation(makeReading(8, 6), 114, reduce_400(a1))
Event processed adoptObligation(makeReading(16, 16), 114, reduce_400(a1))
Event processed adoptObligation(makeReading(2, 2), 114, reduce_400(a1))
Obligation [agent=a2, obligation=null, sanction=null, deadline=null, time=null, clock=null] 2013-06-11 13:07:40.873 - 2013-06-11 13:08:01.965
Event sent to agent      a2 obligation(makeReading(8, 6), 114, reduce_400(a2))
Event sent to agent      a2 obligation(makeReading(16, 16), 114, reduce_400(a2))
Event sent to agent      a2 obligation(makeReading(2, 2), 114, reduce_400(a2))
agent obligation notification a3 number 6
Event processed adoptObligation(makeReading(8, 6), 114, reduce_400(a2))
Event processed adoptObligation(makeReading(16, 16), 114, reduce_400(a2))
Event processed adoptObligation(makeReading(2, 2), 114, reduce_400(a2))
Obligation [agent=a3, obligation=null, sanction=null, deadline=null, time=null, clock=null] 2013-06-11 13:07:41.913 - 2013-06-11 13:08:02.204
Event sent to agent      a3 obligation(makeReading(16, 16), 114, reduce_400(a3))
Event sent to agent      a3 obligation(makeReading(2, 2), 114, reduce_400(a3))
Event processed adoptObligation(makeReading(16, 16), 114, reduce_400(a3))
Event processed adoptObligation(makeReading(2, 2), 114, reduce_400(a3))
from/for agent a2  readingRequest(position(2, 2))
from/for agent a2  reading(position(2, 2))
Organization notifies agent (write): Prohibition [agent=a2, prohibition=[makeReading(8, 6, a2)], sanction=[reduce_300(a2)], clock=0, time=2013-06-11 13:08:14.716]
from/for agent a3  readingRequest(position(2, 2))
from/for agent a3  reading(position(2, 2))
from/for agent a1  readingRequest(position(2, 2))
from/for agent a1  reading(position(2, 2))
from/for agent a2  readingRequest(position(16, 16))
from/for agent a2  reading(position(16, 16))
from/for agent a3  readingRequest(position(16, 16))
from/for agent a3  reading(position(16, 16))
from/for agent a2  readingRequest(position(8, 6))
from/for agent a2  reading(position(8, 6))
from/for agent a1  readingRequest(position(16, 16))
from/for agent a1  reading(position(16, 16))
from/for agent a3  readingRequest(position(8, 6))
from/for agent a3  reading(position(8, 6))
from/for agent a1  readingRequest(position(8, 6))
from/for agent a1  reading(position(8, 6))
org coin notification
Organization notifies agent (write): Obligation [agent=a1, obligation=[makeReading(8, 6)], sanction=[reduce_400(a1)], deadline=225, time=2013-06-11 13:09:31.66, clock=0]
Organization notifies agent (write): Obligation [agent=a1, obligation=[makeReading(16, 16)], sanction=[reduce_400(a1)], deadline=225, time=2013-06-11 13:09:31.865, clock=0]
Organization notifies agent (write): Obligation [agent=a1, obligation=[makeReading(2, 2)], sanction=[reduce_400(a1)], deadline=225, time=2013-06-11 13:09:32.071, clock=0]
Organization notifies agent (write): Obligation [agent=a2, obligation=[makeReading(8, 6)], sanction=[reduce_400(a2)], deadline=225, time=2013-06-11 13:09:32.277, clock=0]
Organization notifies agent (write): Obligation [agent=a2, obligation=[makeReading(16, 16)], sanction=[reduce_400(a2)], deadline=225, time=2013-06-11 13:09:32.483, clock=0]
Organization notifies agent (write): Obligation [agent=a2, obligation=[makeReading(2, 2)], sanction=[reduce_400(a2)], deadline=225, time=2013-06-11 13:09:32.689, clock=0]
Organization notifies agent (write): Obligation [agent=a3, obligation=[makeReading(8, 6)], sanction=[reduce_400(a3)], deadline=225, time=2013-06-11 13:09:32.895, clock=0]
Organization notifies agent (write): Obligation [agent=a3, obligation=[makeReading(16, 16)], sanction=[reduce_400(a3)], deadline=225, time=2013-06-11 13:09:33.1, clock=0]
Organization notifies agent (write): Obligation [agent=a3, obligation=[makeReading(2, 2)], sanction=[reduce_400(a3)], deadline=225, time=2013-06-11 13:09:33.306, clock=0]
org coin notification
Organization notifies agent (write): Obligation [agent=a1, obligation=[makeReading(8, 6)], sanction=[reduce_400(a1)], deadline=252, time=2013-06-11 13:09:57.942, clock=0]
Organization notifies agent (write): Obligation [agent=a1, obligation=[makeReading(16, 16)], sanction=[reduce_400(a1)], deadline=252, time=2013-06-11 13:09:58.148, clock=0]
Organization notifies agent (write): Obligation [agent=a1, obligation=[makeReading(2, 2)], sanction=[reduce_400(a1)], deadline=252, time=2013-06-11 13:09:58.353, clock=0]
Organization notifies agent (write): Obligation [agent=a2, obligation=[makeReading(8, 6)], sanction=[reduce_400(a2)], deadline=252, time=2013-06-11 13:09:58.56, clock=0]
Organization notifies agent (write): Obligation [agent=a2, obligation=[makeReading(16, 16)], sanction=[reduce_400(a2)], deadline=252, time=2013-06-11 13:09:58.766, clock=0]
Organization notifies agent (write): Obligation [agent=a2, obligation=[makeReading(2, 2)], sanction=[reduce_400(a2)], deadline=252, time=2013-06-11 13:09:58.971, clock=0]
Organization notifies agent (write): Obligation [agent=a3, obligation=[makeReading(8, 6)], sanction=[reduce_400(a3)], deadline=252, time=2013-06-11 13:09:59.177, clock=0]
Organization notifies agent (write): Obligation [agent=a3, obligation=[makeReading(16, 16)], sanction=[reduce_400(a3)], deadline=252, time=2013-06-11 13:09:59.383, clock=0]
Organization notifies agent (write): Obligation [agent=a3, obligation=[makeReading(2, 2)], sanction=[reduce_400(a3)], deadline=252, time=2013-06-11 13:09:59.589, clock=0]
Organization notifies agent (write): Prohibition [agent=a2, prohibition=[makeReading(8, 6, a2)], sanction=[reduce_300(a2)], clock=0, time=2013-06-11 13:10:00.208]
agent prohibition notification a2 number 7
Prohibition [agent=a2, prohibition=null, sanction=null, clock=null, time=null] 2013-06-11 13:07:45.255 - 2013-06-11 13:10:18.784
Event sent to agent      a2 prohibition(makeReading(8, 6, a2), reduce_300(a2))
Event sent to agent      a2 prohibition(makeReading(8, 6, a2), reduce_300(a2))
Event processed aprohibition(makeReading(8, 6, a2), reduce_300(a2))
Event processed aprohibition(makeReading(8, 6, a2), reduce_300(a2))
org cargo notification
Organization notifies agent (write): Obligation [agent=a1, obligation=[makeReading(8, 6)], sanction=[reduce_400(a1)], deadline=278, time=2013-06-11 13:10:24.028, clock=0]
Organization notifies agent (write): Obligation [agent=a1, obligation=[makeReading(16, 16)], sanction=[reduce_400(a1)], deadline=278, time=2013-06-11 13:10:24.236, clock=0]
Organization notifies agent (write): Obligation [agent=a1, obligation=[makeReading(2, 2)], sanction=[reduce_400(a1)], deadline=278, time=2013-06-11 13:10:24.44, clock=0]
Organization notifies agent (write): Obligation [agent=a2, obligation=[makeReading(8, 6)], sanction=[reduce_400(a2)], deadline=278, time=2013-06-11 13:10:24.646, clock=0]
Organization notifies agent (write): Obligation [agent=a2, obligation=[makeReading(16, 16)], sanction=[reduce_400(a2)], deadline=278, time=2013-06-11 13:10:24.852, clock=0]
Organization notifies agent (write): Obligation [agent=a2, obligation=[makeReading(2, 2)], sanction=[reduce_400(a2)], deadline=278, time=2013-06-11 13:10:25.056, clock=0]
Organization notifies agent (write): Obligation [agent=a3, obligation=[makeReading(8, 6)], sanction=[reduce_400(a3)], deadline=278, time=2013-06-11 13:10:25.262, clock=0]
Organization notifies agent (write): Obligation [agent=a3, obligation=[makeReading(16, 16)], sanction=[reduce_400(a3)], deadline=278, time=2013-06-11 13:10:25.468, clock=0]
Organization notifies agent (write): Obligation [agent=a3, obligation=[makeReading(2, 2)], sanction=[reduce_400(a3)], deadline=278, time=2013-06-11 13:10:25.674, clock=0]
Organization notifies agent (write): Prohibition [agent=a1, prohibition=[makeReading(8, 6, a1)], sanction=[reduce_300(a1)], clock=0, time=2013-06-11 13:10:26.092]
Organization notifies agent (write): Prohibition [agent=a3, prohibition=[makeReading(8, 6, a3)], sanction=[reduce_300(a3)], clock=0, time=2013-06-11 13:10:26.509]
