test2.
Service Registrar: 052cc499-efa3-4995-a9c4-d29ebfc01764
Java Space found.
TransactionManager found.
-------------------------last log tuples start--------------------------------
Time [clock=1, time=2013-06-11 11:10:19.727]
Time [clock=2, time=2013-06-11 11:10:20.284]
Time [clock=3, time=2013-06-11 11:10:21.285]
Time [clock=4, time=2013-06-11 11:10:22.286]
Time [clock=5, time=2013-06-11 11:10:23.288]
Time [clock=6, time=2013-06-11 11:10:24.294]
Time [clock=7, time=2013-06-11 11:10:25.295]
Time [clock=8, time=2013-06-11 11:10:26.297]
Time [clock=9, time=2013-06-11 11:10:27.295]
Time [clock=10, time=2013-06-11 11:10:28.299]
Time [clock=11, time=2013-06-11 11:10:29.299]
Time [clock=12, time=2013-06-11 11:10:30.301]
Time [clock=13, time=2013-06-11 11:10:31.301]
Time [clock=14, time=2013-06-11 11:10:32.301]
Time [clock=15, time=2013-06-11 11:10:33.303]
Time [clock=16, time=2013-06-11 11:10:34.304]
Time [clock=17, time=2013-06-11 11:10:35.348]
Time [clock=18, time=2013-06-11 11:10:36.305]
Time [clock=19, time=2013-06-11 11:10:37.309]
Time [clock=20, time=2013-06-11 11:10:38.306]
Time [clock=21, time=2013-06-11 11:10:39.309]
Time [clock=22, time=2013-06-11 11:10:40.307]
Time [clock=23, time=2013-06-11 11:10:41.305]
Time [clock=24, time=2013-06-11 11:10:42.346]
Time [clock=25, time=2013-06-11 11:10:43.307]
Position [agent=a1, id=null, cell=Cell [x=3, y=4], time=2013-06-11 11:10:25.229, clock=5]
Time [clock=26, time=2013-06-11 11:10:44.307]
Time [clock=27, time=2013-06-11 11:10:45.309]
Time [clock=28, time=2013-06-11 11:10:46.307]
Time [clock=29, time=2013-06-11 11:10:47.308]
Time [clock=30, time=2013-06-11 11:10:48.308]
Time [clock=31, time=2013-06-11 11:10:49.311]
Time [clock=32, time=2013-06-11 11:10:50.31]
Time [clock=33, time=2013-06-11 11:10:51.319]
Time [clock=34, time=2013-06-11 11:10:52.351]
Time [clock=35, time=2013-06-11 11:10:53.313]
Time [clock=36, time=2013-06-11 11:10:54.313]
Time [clock=37, time=2013-06-11 11:10:55.316]
Time [clock=38, time=2013-06-11 11:10:56.318]
Time [clock=39, time=2013-06-11 11:10:57.318]
Time [clock=40, time=2013-06-11 11:10:58.321]
Time [clock=41, time=2013-06-11 11:10:59.321]
Time [clock=42, time=2013-06-11 11:11:00.325]
Time [clock=43, time=2013-06-11 11:11:01.323]
Time [clock=44, time=2013-06-11 11:11:02.326]
Time [clock=45, time=2013-06-11 11:11:03.367]
Time [clock=46, time=2013-06-11 11:11:04.331]
Time [clock=47, time=2013-06-11 11:11:05.328]
Time [clock=48, time=2013-06-11 11:11:06.328]
Time [clock=49, time=2013-06-11 11:11:07.329]
Time [clock=50, time=2013-06-11 11:11:08.329]
Time [clock=51, time=2013-06-11 11:11:09.329]
Time [clock=52, time=2013-06-11 11:11:10.328]
Time [clock=53, time=2013-06-11 11:11:11.33]
Time [clock=54, time=2013-06-11 11:11:12.336]
Time [clock=55, time=2013-06-11 11:11:13.33]
Time [clock=56, time=2013-06-11 11:11:14.332]
Time [clock=57, time=2013-06-11 11:11:15.379]
Time [clock=58, time=2013-06-11 11:11:16.335]
Time [clock=59, time=2013-06-11 11:11:17.345]
Time [clock=60, time=2013-06-11 11:11:18.339]
Time [clock=61, time=2013-06-11 11:11:19.339]
Time [clock=62, time=2013-06-11 11:11:20.345]
Time [clock=63, time=2013-06-11 11:11:21.346]
Time [clock=64, time=2013-06-11 11:11:22.345]
Position [agent=t1, id=null, cell=Cell [x=18, y=19], time=2013-06-11 11:10:25.43, clock=6]
Time [clock=65, time=2013-06-11 11:11:23.345]
Position [agent=t1, id=null, cell=Cell [x=17, y=19], time=2013-06-11 11:10:27.42, clock=8]
Time [clock=66, time=2013-06-11 11:11:24.347]
Time [clock=67, time=2013-06-11 11:11:25.347]
Time [clock=68, time=2013-06-11 11:11:26.347]
Position [agent=a2, id=null, cell=Cell [x=8, y=18], time=2013-06-11 11:10:28.068, clock=9]
Position [agent=t1, id=null, cell=Cell [x=16, y=19], time=2013-06-11 11:10:28.276, clock=9]
Time [clock=69, time=2013-06-11 11:11:27.348]
Time [clock=70, time=2013-06-11 11:11:28.387]
Time [clock=71, time=2013-06-11 11:11:29.35]
Time [clock=72, time=2013-06-11 11:11:30.349]
Time [clock=73, time=2013-06-11 11:11:31.36]
Time [clock=74, time=2013-06-11 11:11:32.353]
Time [clock=75, time=2013-06-11 11:11:33.351]
Time [clock=76, time=2013-06-11 11:11:34.359]
Position [agent=a1, id=null, cell=Cell [x=3, y=5], time=2013-06-11 11:10:28.83, clock=10]
Time [clock=77, time=2013-06-11 11:11:35.352]
Time [clock=78, time=2013-06-11 11:11:36.355]
Time [clock=79, time=2013-06-11 11:11:37.393]
Time [clock=80, time=2013-06-11 11:11:38.357]
Time [clock=81, time=2013-06-11 11:11:39.359]
Time [clock=82, time=2013-06-11 11:11:40.364]
Time [clock=83, time=2013-06-11 11:11:41.361]
Time [clock=84, time=2013-06-11 11:11:42.361]
Time [clock=85, time=2013-06-11 11:11:43.362]
Position [agent=t1, id=null, cell=Cell [x=15, y=19], time=2013-06-11 11:10:29.349, clock=10]
Time [clock=86, time=2013-06-11 11:11:44.414]
Time [clock=87, time=2013-06-11 11:11:45.461]
Time [clock=88, time=2013-06-11 11:11:46.425]
Position [agent=a2, id=null, cell=Cell [x=8, y=17], time=2013-06-11 11:10:29.481, clock=10]
Time [clock=89, time=2013-06-11 11:11:47.423]
Time [clock=90, time=2013-06-11 11:11:48.425]
Time [clock=91, time=2013-06-11 11:11:49.426]
Time [clock=92, time=2013-06-11 11:11:50.426]
Time [clock=93, time=2013-06-11 11:11:51.431]
Time [clock=94, time=2013-06-11 11:11:52.432]
Time [clock=95, time=2013-06-11 11:11:53.428]
Position [agent=a3, id=null, cell=Cell [x=11, y=2], time=2013-06-11 11:10:29.728, clock=11]
Time [clock=96, time=2013-06-11 11:11:54.429]
Position [agent=a1, id=null, cell=Cell [x=3, y=6], time=2013-06-11 11:10:30.199, clock=11]
Time [clock=97, time=2013-06-11 11:11:55.43]
Time [clock=98, time=2013-06-11 11:11:56.429]
Position [agent=a2, id=null, cell=Cell [x=8, y=16], time=2013-06-11 11:10:30.601, clock=11]
Time [clock=99, time=2013-06-11 11:11:57.43]
Time [clock=100, time=2013-06-11 11:11:58.435]
Time [clock=101, time=2013-06-11 11:11:59.474]
Time [clock=102, time=2013-06-11 11:12:00.436]
Position [agent=t1, id=null, cell=Cell [x=14, y=19], time=2013-06-11 11:10:30.928, clock=12]
Time [clock=103, time=2013-06-11 11:12:01.435]
Time [clock=104, time=2013-06-11 11:12:02.435]
Time [clock=105, time=2013-06-11 11:12:03.436]
Time [clock=106, time=2013-06-11 11:12:04.435]
Time [clock=107, time=2013-06-11 11:12:05.437]
Time [clock=108, time=2013-06-11 11:12:06.438]
Time [clock=109, time=2013-06-11 11:12:07.439]
Time [clock=110, time=2013-06-11 11:12:08.441]
Position [agent=a3, id=null, cell=Cell [x=11, y=3], time=2013-06-11 11:10:31.132, clock=12]
Time [clock=111, time=2013-06-11 11:12:09.442]
Time [clock=112, time=2013-06-11 11:12:10.442]
Time [clock=113, time=2013-06-11 11:12:11.443]
Time [clock=114, time=2013-06-11 11:12:12.444]
Time [clock=115, time=2013-06-11 11:12:13.445]
Time [clock=116, time=2013-06-11 11:12:14.445]
Time [clock=117, time=2013-06-11 11:12:15.486]
Time [clock=118, time=2013-06-11 11:12:16.448]
Position [agent=a1, id=null, cell=Cell [x=4, y=6], time=2013-06-11 11:10:31.864, clock=12]
Time [clock=119, time=2013-06-11 11:12:17.446]
Time [clock=120, time=2013-06-11 11:12:18.448]
Time [clock=121, time=2013-06-11 11:12:19.448]
Time [clock=122, time=2013-06-11 11:12:20.449]
Position [agent=a2, id=null, cell=Cell [x=8, y=15], time=2013-06-11 11:10:32.09, clock=13]
Time [clock=123, time=2013-06-11 11:12:21.449]
Obligation [agent=a1, obligation=[makeReading(8, 6)], sanction=[reduce_400(a1)], deadline=56, time=2013-06-11 11:10:25.359, clock=0]
Position [agent=t1, id=null, cell=Cell [x=13, y=19], time=2013-06-11 11:10:32.499, clock=13]
Position [agent=a3, id=null, cell=Cell [x=11, y=4], time=2013-06-11 11:10:32.643, clock=13]
Prohibition [agent=t1, prohibition=[at(5, 5, t1)], sanction=[reduce_300(t1)], clock=0, time=2013-06-11 11:10:28.715]
Obligation [agent=a1, obligation=[makeReading(16, 6)], sanction=[reduce_400(a1)], deadline=56, time=2013-06-11 11:10:25.571, clock=0]
Position [agent=a2, id=null, cell=Cell [x=8, y=14], time=2013-06-11 11:10:33.085, clock=14]
Obligation [agent=a1, obligation=[makeReading(3, 9)], sanction=[reduce_400(a1)], deadline=56, time=2013-06-11 11:10:25.89, clock=0]
Obligation [agent=a2, obligation=[makeReading(8, 6)], sanction=[reduce_400(a2)], deadline=56, time=2013-06-11 11:10:26.12, clock=0]
Cargo [id=null, cell=Cell [x=19, y=19], time=2013-06-11 11:10:24.862, clock=5]
Obligation [agent=a2, obligation=[makeReading(16, 6)], sanction=[reduce_400(a2)], deadline=56, time=2013-06-11 11:10:26.938, clock=0]
Obligation [agent=a2, obligation=[makeReading(3, 9)], sanction=[reduce_400(a2)], deadline=56, time=2013-06-11 11:10:27.149, clock=0]
Prohibition [agent=t1, prohibition=[at(5, 6, t1)], sanction=[reduce_300(t1)], clock=0, time=2013-06-11 11:10:28.717]
Prohibition [agent=t1, prohibition=[at(6, 5, t1)], sanction=[reduce_300(t1)], clock=0, time=2013-06-11 11:10:28.72]
Position [agent=a1, id=null, cell=Cell [x=5, y=6], time=2013-06-11 11:10:33.646, clock=14]
Prohibition [agent=t1, prohibition=[at(6, 6, t1)], sanction=[reduce_300(t1)], clock=0, time=2013-06-11 11:10:28.723]
Obligation [agent=a3, obligation=[makeReading(8, 6)], sanction=[reduce_400(a3)], deadline=56, time=2013-06-11 11:10:27.357, clock=0]
Position [agent=a3, id=null, cell=Cell [x=11, y=5], time=2013-06-11 11:10:34.144, clock=15]
Position [agent=t1, id=null, cell=Cell [x=12, y=19], time=2013-06-11 11:10:34.353, clock=15]
Position [agent=a2, id=null, cell=Cell [x=8, y=13], time=2013-06-11 11:10:34.596, clock=15]
Prohibition [agent=c1, prohibition=[coin(5, 5, a1)], sanction=[reduce_300(c1)], clock=0, time=2013-06-11 11:10:29.949]
Position [agent=a3, id=null, cell=Cell [x=11, y=6], time=2013-06-11 11:10:34.953, clock=16]
Position [agent=a1, id=null, cell=Cell [x=6, y=6], time=2013-06-11 11:10:35.454, clock=16]
Obligation [agent=a3, obligation=[makeReading(16, 6)], sanction=[reduce_400(a3)], deadline=56, time=2013-06-11 11:10:27.584, clock=0]
Prohibition [agent=c1, prohibition=[coin(5, 6, a1)], sanction=[reduce_300(c1)], clock=0, time=2013-06-11 11:10:29.951]
Obligation [agent=a3, obligation=[makeReading(3, 9)], sanction=[reduce_400(a3)], deadline=56, time=2013-06-11 11:10:28.713, clock=0]
Position [agent=a2, id=null, cell=Cell [x=8, y=12], time=2013-06-11 11:10:35.806, clock=16]
Prohibition [agent=c1, prohibition=[coin(6, 5, a1)], sanction=[reduce_300(c1)], clock=0, time=2013-06-11 11:10:29.952]
Obligation [agent=a1, obligation=[makeReading(8, 6)], sanction=[reduce_400(a1)], deadline=96, time=2013-06-11 11:11:05.772, clock=0]
Obligation [agent=a1, obligation=[makeReading(16, 6)], sanction=[reduce_400(a1)], deadline=96, time=2013-06-11 11:11:05.978, clock=0]
Obligation [agent=a1, obligation=[makeReading(3, 9)], sanction=[reduce_400(a1)], deadline=96, time=2013-06-11 11:11:06.189, clock=0]
Prohibition [agent=c1, prohibition=[coin(6, 6, a1)], sanction=[reduce_300(c1)], clock=0, time=2013-06-11 11:10:29.955]
Position [agent=t1, id=null, cell=Cell [x=11, y=19], time=2013-06-11 11:10:36.016, clock=17]
Obligation [agent=a2, obligation=[makeReading(8, 6)], sanction=[reduce_400(a2)], deadline=96, time=2013-06-11 11:11:06.395, clock=0]
Position [agent=a3, id=null, cell=Cell [x=10, y=6], time=2013-06-11 11:10:36.281, clock=17]
Position [agent=a1, id=null, cell=Cell [x=7, y=6], time=2013-06-11 11:10:36.751, clock=17]
Position [agent=t1, id=null, cell=Cell [x=10, y=19], time=2013-06-11 11:10:37.226, clock=18]
Obligation [agent=a2, obligation=[makeReading(16, 6)], sanction=[reduce_400(a2)], deadline=96, time=2013-06-11 11:11:06.603, clock=0]
Obligation [agent=a2, obligation=[makeReading(3, 9)], sanction=[reduce_400(a2)], deadline=96, time=2013-06-11 11:11:06.815, clock=0]
Obligation [agent=a3, obligation=[makeReading(8, 6)], sanction=[reduce_400(a3)], deadline=96, time=2013-06-11 11:11:07.294, clock=0]
Obligation [agent=a3, obligation=[makeReading(16, 6)], sanction=[reduce_400(a3)], deadline=96, time=2013-06-11 11:11:07.503, clock=0]
Obligation [agent=a3, obligation=[makeReading(3, 9)], sanction=[reduce_400(a3)], deadline=96, time=2013-06-11 11:11:07.725, clock=0]
Position [agent=a2, id=null, cell=Cell [x=8, y=11], time=2013-06-11 11:10:37.408, clock=18]
Obligation [agent=a1, obligation=[makeReading(8, 6)], sanction=[reduce_400(a1)], deadline=124, time=2013-06-11 11:11:32.986, clock=0]
Position [agent=a3, id=null, cell=Cell [x=9, y=6], time=2013-06-11 11:10:37.529, clock=18]
Prohibition [agent=c1, prohibition=[coin(5, 5, a2)], sanction=[reduce_300(c1)], clock=0, time=2013-06-11 11:10:29.962]
Position [agent=a1, id=null, cell=Cell [x=8, y=6], time=2013-06-11 11:10:38.214, clock=19]
Position [agent=a3, id=null, cell=Cell [x=8, y=6], time=2013-06-11 11:10:38.507, clock=19]
Position [agent=a2, id=null, cell=Cell [x=8, y=10], time=2013-06-11 11:10:38.877, clock=19]
Position [agent=t1, id=null, cell=Cell [x=9, y=19], time=2013-06-11 11:10:39.204, clock=20]
Position [agent=a2, id=null, cell=Cell [x=8, y=9], time=2013-06-11 11:10:40.378, clock=21]
Position [agent=t1, id=null, cell=Cell [x=8, y=19], time=2013-06-11 11:10:40.701, clock=21]
Prohibition [agent=c1, prohibition=[coin(5, 6, a2)], sanction=[reduce_300(c1)], clock=0, time=2013-06-11 11:10:29.964]
Prohibition [agent=c1, prohibition=[coin(6, 5, a2)], sanction=[reduce_300(c1)], clock=0, time=2013-06-11 11:10:29.965]
Prohibition [agent=c1, prohibition=[coin(6, 6, a2)], sanction=[reduce_300(c1)], clock=0, time=2013-06-11 11:10:29.967]
Obligation [agent=a1, obligation=[makeReading(16, 6)], sanction=[reduce_400(a1)], deadline=124, time=2013-06-11 11:11:33.201, clock=0]
Obligation [agent=a1, obligation=[makeReading(3, 9)], sanction=[reduce_400(a1)], deadline=124, time=2013-06-11 11:11:33.413, clock=0]
Obligation [agent=a2, obligation=[makeReading(8, 6)], sanction=[reduce_400(a2)], deadline=124, time=2013-06-11 11:11:33.633, clock=0]
Obligation [agent=a2, obligation=[makeReading(16, 6)], sanction=[reduce_400(a2)], deadline=124, time=2013-06-11 11:11:33.84, clock=0]
Obligation [agent=a2, obligation=[makeReading(3, 9)], sanction=[reduce_400(a2)], deadline=124, time=2013-06-11 11:11:34.048, clock=0]
Prohibition [agent=c1, prohibition=[coin(5, 5, a3)], sanction=[reduce_300(c1)], clock=0, time=2013-06-11 11:10:29.969]
Obligation [agent=a3, obligation=[makeReading(8, 6)], sanction=[reduce_400(a3)], deadline=124, time=2013-06-11 11:11:34.255, clock=0]
Obligation [agent=a3, obligation=[makeReading(16, 6)], sanction=[reduce_400(a3)], deadline=124, time=2013-06-11 11:11:34.467, clock=0]
Obligation [agent=a3, obligation=[makeReading(3, 9)], sanction=[reduce_400(a3)], deadline=124, time=2013-06-11 11:11:34.681, clock=0]
Position [agent=a2, id=null, cell=Cell [x=8, y=8], time=2013-06-11 11:10:42.053, clock=23]
Prohibition [agent=c1, prohibition=[coin(5, 6, a3)], sanction=[reduce_300(c1)], clock=0, time=2013-06-11 11:10:29.97]
Obligation [agent=a1, obligation=[makeReading(8, 6)], sanction=[reduce_400(a1)], deadline=149, time=2013-06-11 11:11:58.437, clock=0]
Prohibition [agent=c1, prohibition=[coin(6, 5, a3)], sanction=[reduce_300(c1)], clock=0, time=2013-06-11 11:10:29.972]
Obligation [agent=a1, obligation=[makeReading(16, 6)], sanction=[reduce_400(a1)], deadline=149, time=2013-06-11 11:11:58.644, clock=0]
Prohibition [agent=c1, prohibition=[coin(6, 6, a3)], sanction=[reduce_300(c1)], clock=0, time=2013-06-11 11:10:29.976]
Position [agent=t1, id=null, cell=Cell [x=7, y=19], time=2013-06-11 11:10:42.303, clock=23]
Position [agent=t1, id=null, cell=Cell [x=6, y=19], time=2013-06-11 11:10:43.623, clock=24]
Position [agent=a2, id=null, cell=Cell [x=8, y=7], time=2013-06-11 11:10:44.112, clock=25]
Obligation [agent=a1, obligation=[makeReading(3, 9)], sanction=[reduce_400(a1)], deadline=149, time=2013-06-11 11:11:58.854, clock=0]
Prohibition [agent=a1, prohibition=[at(5, 5, a1)], sanction=[reduce_300(a1)], clock=0, time=2013-06-11 11:10:32.416]
Prohibition [agent=a1, prohibition=[at(5, 6, a1)], sanction=[reduce_300(a1)], clock=0, time=2013-06-11 11:10:32.417]
Obligation [agent=a2, obligation=[makeReading(8, 6)], sanction=[reduce_400(a2)], deadline=149, time=2013-06-11 11:11:59.061, clock=0]
Obligation [agent=a2, obligation=[makeReading(16, 6)], sanction=[reduce_400(a2)], deadline=149, time=2013-06-11 11:11:59.266, clock=0]
Obligation [agent=a2, obligation=[makeReading(3, 9)], sanction=[reduce_400(a2)], deadline=149, time=2013-06-11 11:11:59.477, clock=0]
Position [agent=t1, id=null, cell=Cell [x=5, y=19], time=2013-06-11 11:10:45.413, clock=26]
Position [agent=a2, id=null, cell=Cell [x=8, y=6], time=2013-06-11 11:10:46.115, clock=26]
Obligation [agent=a3, obligation=[makeReading(8, 6)], sanction=[reduce_400(a3)], deadline=149, time=2013-06-11 11:11:59.686, clock=0]
Obligation [agent=a3, obligation=[makeReading(16, 6)], sanction=[reduce_400(a3)], deadline=149, time=2013-06-11 11:11:59.895, clock=0]
Prohibition [agent=a1, prohibition=[at(6, 5, a1)], sanction=[reduce_300(a1)], clock=0, time=2013-06-11 11:10:32.421]
Position [agent=t1, id=null, cell=Cell [x=4, y=19], time=2013-06-11 11:10:47.075, clock=28]
Obligation [agent=a3, obligation=[makeReading(3, 9)], sanction=[reduce_400(a3)], deadline=149, time=2013-06-11 11:12:00.102, clock=0]
Position [agent=t1, id=null, cell=Cell [x=3, y=19], time=2013-06-11 11:10:49.666, clock=30]
Prohibition [agent=a1, prohibition=[at(6, 6, a1)], sanction=[reduce_300(a1)], clock=0, time=2013-06-11 11:10:32.424]
Position [agent=t1, id=null, cell=Cell [x=2, y=19], time=2013-06-11 11:10:51.229, clock=32]
Prohibition [agent=a2, prohibition=[at(5, 5, a2)], sanction=[reduce_300(a2)], clock=0, time=2013-06-11 11:10:32.426]
Position [agent=t1, id=null, cell=Cell [x=2, y=18], time=2013-06-11 11:10:52.92, clock=33]
Position [agent=t1, id=null, cell=Cell [x=2, y=17], time=2013-06-11 11:10:54.389, clock=35]
Prohibition [agent=a2, prohibition=[at(5, 6, a2)], sanction=[reduce_300(a2)], clock=0, time=2013-06-11 11:10:32.431]
Prohibition [agent=a2, prohibition=[at(6, 5, a2)], sanction=[reduce_300(a2)], clock=0, time=2013-06-11 11:10:32.445]
Prohibition [agent=a2, prohibition=[at(6, 6, a2)], sanction=[reduce_300(a2)], clock=0, time=2013-06-11 11:10:32.448]
Position [agent=t1, id=null, cell=Cell [x=2, y=16], time=2013-06-11 11:10:56.139, clock=37]
Prohibition [agent=a3, prohibition=[at(5, 5, a3)], sanction=[reduce_300(a3)], clock=0, time=2013-06-11 11:10:32.45]
Prohibition [agent=a3, prohibition=[at(5, 6, a3)], sanction=[reduce_300(a3)], clock=0, time=2013-06-11 11:10:32.452]
Prohibition [agent=a3, prohibition=[at(6, 5, a3)], sanction=[reduce_300(a3)], clock=0, time=2013-06-11 11:10:32.453]
Position [agent=t1, id=null, cell=Cell [x=2, y=15], time=2013-06-11 11:10:57.784, clock=38]
Prohibition [agent=a3, prohibition=[at(6, 6, a3)], sanction=[reduce_300(a3)], clock=0, time=2013-06-11 11:10:32.455]
Position [agent=t1, id=null, cell=Cell [x=2, y=14], time=2013-06-11 11:10:59.621, clock=40]
Position [agent=t1, id=null, cell=Cell [x=2, y=13], time=2013-06-11 11:11:01.45, clock=42]
Position [agent=t1, id=null, cell=Cell [x=2, y=12], time=2013-06-11 11:11:02.832, clock=43]
Position [agent=t1, id=null, cell=Cell [x=2, y=11], time=2013-06-11 11:11:04.606, clock=45]
Position [agent=t1, id=null, cell=Cell [x=2, y=10], time=2013-06-11 11:11:06.215, clock=47]
Position [agent=t1, id=null, cell=Cell [x=2, y=9], time=2013-06-11 11:11:07.674, clock=48]
Position [agent=t1, id=null, cell=Cell [x=2, y=8], time=2013-06-11 11:11:09.131, clock=50]
Position [agent=t1, id=null, cell=Cell [x=2, y=7], time=2013-06-11 11:11:11.024, clock=52]
Position [agent=t1, id=null, cell=Cell [x=2, y=6], time=2013-06-11 11:11:13.115, clock=54]
Position [agent=t1, id=null, cell=Cell [x=2, y=5], time=2013-06-11 11:11:14.709, clock=55]
Position [agent=t1, id=null, cell=Cell [x=2, y=4], time=2013-06-11 11:11:16.233, clock=57]
Position [agent=t1, id=null, cell=Cell [x=2, y=3], time=2013-06-11 11:11:17.914, clock=58]
Position [agent=t1, id=null, cell=Cell [x=2, y=2], time=2013-06-11 11:11:19.335, clock=60]
-------------------------last log tuples end----------------------------------
register a1
register a2
register a3
register c1
register t1
org cargo notification
Organization notifies agent (write): Obligation [agent=a1, obligation=[makeReading(8, 6)], sanction=[reduce_400(a1)], deadline=57, time=2013-06-11 11:12:51.906, clock=0]
agent obligation notification a1 number 1
Organization notifies agent (write): Obligation [agent=a1, obligation=[makeReading(16, 6)], sanction=[reduce_400(a1)], deadline=57, time=2013-06-11 11:12:52.214, clock=0]
Obligation [agent=a1, obligation=null, sanction=null, deadline=null, time=null, clock=null] 1970-01-01 01:00:00.0 - 2013-06-11 11:12:52.018
Event sent to agent      a1 obligation(makeReading(8, 6), 57, reduce_400(a1))
agent obligation notification a1 number 2
Organization notifies agent (write): Obligation [agent=a1, obligation=[makeReading(3, 9)], sanction=[reduce_400(a1)], deadline=57, time=2013-06-11 11:12:52.574, clock=0]
Obligation [agent=a1, obligation=null, sanction=null, deadline=null, time=null, clock=null] 2013-06-11 11:12:52.018 - 2013-06-11 11:12:52.433
Event sent to agent      a1 obligation(makeReading(16, 6), 57, reduce_400(a1))
agent obligation notification a1 number 3
Obligation [agent=a1, obligation=null, sanction=null, deadline=null, time=null, clock=null] 2013-06-11 11:12:52.433 - 2013-06-11 11:12:52.813
Event sent to agent      a1 obligation(makeReading(3, 9), 57, reduce_400(a1))
Event processed adoptObligation(makeReading(8, 6), 57, reduce_400(a1))
Event processed adoptObligation(makeReading(16, 6), 57, reduce_400(a1))
Event processed adoptObligation(makeReading(3, 9), 57, reduce_400(a1))
Organization notifies agent (write): Obligation [agent=a2, obligation=[makeReading(8, 6)], sanction=[reduce_400(a2)], deadline=57, time=2013-06-11 11:12:53.292, clock=0]
agent obligation notification a2 number 1
Obligation [agent=a2, obligation=null, sanction=null, deadline=null, time=null, clock=null] 1970-01-01 01:00:00.0 - 2013-06-11 11:12:53.297
Event sent to agent      a2 obligation(makeReading(8, 6), 57, reduce_400(a2))
Organization notifies agent (write): Obligation [agent=a2, obligation=[makeReading(16, 6)], sanction=[reduce_400(a2)], deadline=57, time=2013-06-11 11:12:53.523, clock=0]
agent obligation notification a2 number 2
Event processed adoptObligation(makeReading(8, 6), 57, reduce_400(a2))
Organization notifies agent (write): Obligation [agent=a2, obligation=[makeReading(3, 9)], sanction=[reduce_400(a2)], deadline=57, time=2013-06-11 11:12:53.758, clock=0]
Obligation [agent=a2, obligation=null, sanction=null, deadline=null, time=null, clock=null] 2013-06-11 11:12:53.297 - 2013-06-11 11:12:53.53
Event sent to agent      a2 obligation(makeReading(16, 6), 57, reduce_400(a2))
Organization notifies agent (write): Obligation [agent=a3, obligation=[makeReading(8, 6)], sanction=[reduce_400(a3)], deadline=57, time=2013-06-11 11:12:53.982, clock=0]
agent obligation notification a2 number 3
agent obligation notification a3 number 1
Event processed adoptObligation(makeReading(16, 6), 57, reduce_400(a2))
Obligation [agent=a2, obligation=null, sanction=null, deadline=null, time=null, clock=null] 2013-06-11 11:12:53.53 - 2013-06-11 11:12:53.983
Event sent to agent      a2 obligation(makeReading(3, 9), 57, reduce_400(a2))
Organization notifies agent (write): Obligation [agent=a3, obligation=[makeReading(16, 6)], sanction=[reduce_400(a3)], deadline=57, time=2013-06-11 11:12:54.22, clock=0]
Obligation [agent=a3, obligation=null, sanction=null, deadline=null, time=null, clock=null] 1970-01-01 01:00:00.0 - 2013-06-11 11:12:53.998
Event sent to agent      a3 obligation(makeReading(8, 6), 57, reduce_400(a3))
agent obligation notification a3 number 2
Event processed adoptObligation(makeReading(3, 9), 57, reduce_400(a2))
Event processed adoptObligation(makeReading(8, 6), 57, reduce_400(a3))
Obligation [agent=a3, obligation=null, sanction=null, deadline=null, time=null, clock=null] 2013-06-11 11:12:53.998 - 2013-06-11 11:12:54.225
Event sent to agent      a3 obligation(makeReading(16, 6), 57, reduce_400(a3))
Event processed adoptObligation(makeReading(16, 6), 57, reduce_400(a3))
Organization notifies agent (write): Obligation [agent=a3, obligation=[makeReading(3, 9)], sanction=[reduce_400(a3)], deadline=57, time=2013-06-11 11:12:54.844, clock=0]
Organization notifies agent (write): Prohibition [agent=t1, prohibition=[at(5, 5, t1)], sanction=[reduce_300(t1)], clock=0, time=2013-06-11 11:12:54.847]
Organization notifies agent (write): Prohibition [agent=t1, prohibition=[at(5, 6, t1)], sanction=[reduce_300(t1)], clock=0, time=2013-06-11 11:12:54.85]
Organization notifies agent (write): Prohibition [agent=t1, prohibition=[at(6, 5, t1)], sanction=[reduce_300(t1)], clock=0, time=2013-06-11 11:12:54.852]
agent obligation notification a3 number 3
Organization notifies agent (write): Prohibition [agent=t1, prohibition=[at(6, 6, t1)], sanction=[reduce_300(t1)], clock=0, time=2013-06-11 11:12:54.855]
agent prohibition notification t1 number 3
Obligation [agent=a3, obligation=null, sanction=null, deadline=null, time=null, clock=null] 2013-06-11 11:12:54.225 - 2013-06-11 11:12:54.854
Event sent to agent      a3 obligation(makeReading(3, 9), 57, reduce_400(a3))
Prohibition [agent=t1, prohibition=null, sanction=null, clock=null, time=null] 1970-01-01 01:00:00.0 - 2013-06-11 11:12:54.857
Event sent to agent      t1 prohibition(at(5, 5, t1), reduce_300(t1))
Event sent to agent      t1 prohibition(at(5, 6, t1), reduce_300(t1))
Event sent to agent      t1 prohibition(at(6, 5, t1), reduce_300(t1))
Event sent to agent      t1 prohibition(at(6, 6, t1), reduce_300(t1))
agent prohibition notification t1 number 4
Event processed aprohibition(at(5, 5, t1), reduce_300(t1))
Event processed aprohibition(at(5, 6, t1), reduce_300(t1))
Event processed aprohibition(at(6, 5, t1), reduce_300(t1))
Event processed aprohibition(at(6, 6, t1), reduce_300(t1))
Prohibition [agent=t1, prohibition=null, sanction=null, clock=null, time=null] 2013-06-11 11:12:54.857 - 2013-06-11 11:12:55.107
Organization notifies agent (write): Prohibition [agent=c1, prohibition=[coin(5, 5, a1)], sanction=[reduce_300(c1)], clock=0, time=2013-06-11 11:12:55.554]
Organization notifies agent (write): Prohibition [agent=c1, prohibition=[coin(5, 6, a1)], sanction=[reduce_300(c1)], clock=0, time=2013-06-11 11:12:55.556]
Organization notifies agent (write): Prohibition [agent=c1, prohibition=[coin(6, 5, a1)], sanction=[reduce_300(c1)], clock=0, time=2013-06-11 11:12:55.563]
agent prohibition notification c1 number 1
Organization notifies agent (write): Prohibition [agent=c1, prohibition=[coin(6, 6, a1)], sanction=[reduce_300(c1)], clock=0, time=2013-06-11 11:12:55.565]
Organization notifies agent (write): Prohibition [agent=c1, prohibition=[coin(5, 5, a2)], sanction=[reduce_300(c1)], clock=0, time=2013-06-11 11:12:55.574]
Organization notifies agent (write): Prohibition [agent=c1, prohibition=[coin(5, 6, a2)], sanction=[reduce_300(c1)], clock=0, time=2013-06-11 11:12:55.577]
Organization notifies agent (write): Prohibition [agent=c1, prohibition=[coin(6, 5, a2)], sanction=[reduce_300(c1)], clock=0, time=2013-06-11 11:12:55.579]
Organization notifies agent (write): Prohibition [agent=c1, prohibition=[coin(6, 6, a2)], sanction=[reduce_300(c1)], clock=0, time=2013-06-11 11:12:55.582]
Organization notifies agent (write): Prohibition [agent=c1, prohibition=[coin(5, 5, a3)], sanction=[reduce_300(c1)], clock=0, time=2013-06-11 11:12:55.585]
Organization notifies agent (write): Prohibition [agent=c1, prohibition=[coin(5, 6, a3)], sanction=[reduce_300(c1)], clock=0, time=2013-06-11 11:12:55.588]
Organization notifies agent (write): Prohibition [agent=c1, prohibition=[coin(6, 5, a3)], sanction=[reduce_300(c1)], clock=0, time=2013-06-11 11:12:55.591]
Organization notifies agent (write): Prohibition [agent=c1, prohibition=[coin(6, 6, a3)], sanction=[reduce_300(c1)], clock=0, time=2013-06-11 11:12:55.593]
Prohibition [agent=c1, prohibition=null, sanction=null, clock=null, time=null] 1970-01-01 01:00:00.0 - 2013-06-11 11:12:55.563
Event sent to agent      c1 prohibition(coin(5, 5, a1), reduce_300(c1))
Event sent to agent      c1 prohibition(coin(5, 6, a1), reduce_300(c1))
agent prohibition notification c1 number 12
Prohibition [agent=c1, prohibition=null, sanction=null, clock=null, time=null] 2013-06-11 11:12:55.563 - 2013-06-11 11:12:55.831
Event sent to agent      c1 prohibition(coin(6, 6, a1), reduce_300(c1))
Event sent to agent      c1 prohibition(coin(5, 5, a2), reduce_300(c1))
Event sent to agent      c1 prohibition(coin(5, 6, a2), reduce_300(c1))
Event sent to agent      c1 prohibition(coin(6, 5, a2), reduce_300(c1))
Event sent to agent      c1 prohibition(coin(6, 6, a2), reduce_300(c1))
Event sent to agent      c1 prohibition(coin(5, 5, a3), reduce_300(c1))
Event sent to agent      c1 prohibition(coin(5, 6, a3), reduce_300(c1))
Event sent to agent      c1 prohibition(coin(6, 5, a3), reduce_300(c1))
Event sent to agent      c1 prohibition(coin(6, 6, a3), reduce_300(c1))
Event processed aprohibition(coin(5, 5, a1), reduce_300(c1))
Event processed aprohibition(coin(5, 6, a1), reduce_300(c1))
Event processed aprohibition(coin(6, 6, a1), reduce_300(c1))
Event processed aprohibition(coin(5, 5, a2), reduce_300(c1))
Event processed aprohibition(coin(5, 6, a2), reduce_300(c1))
Event processed aprohibition(coin(6, 5, a2), reduce_300(c1))
Event processed aprohibition(coin(6, 6, a2), reduce_300(c1))
Event processed aprohibition(coin(5, 5, a3), reduce_300(c1))
Event processed aprohibition(coin(5, 6, a3), reduce_300(c1))
Event processed aprohibition(coin(6, 5, a3), reduce_300(c1))
Event processed aprohibition(coin(6, 6, a3), reduce_300(c1))
Event processed adoptObligation(makeReading(3, 9), 57, reduce_400(a3))
Organization notifies agent (write): Prohibition [agent=a1, prohibition=[at(5, 5, a1)], sanction=[reduce_300(a1)], clock=0, time=2013-06-11 11:12:56.679]
Organization notifies agent (write): Prohibition [agent=a1, prohibition=[at(5, 6, a1)], sanction=[reduce_300(a1)], clock=0, time=2013-06-11 11:12:56.681]
Organization notifies agent (write): Prohibition [agent=a1, prohibition=[at(6, 5, a1)], sanction=[reduce_300(a1)], clock=0, time=2013-06-11 11:12:56.683]
Organization notifies agent (write): Prohibition [agent=a1, prohibition=[at(6, 6, a1)], sanction=[reduce_300(a1)], clock=0, time=2013-06-11 11:12:56.685]
Organization notifies agent (write): Prohibition [agent=a2, prohibition=[at(5, 5, a2)], sanction=[reduce_300(a2)], clock=0, time=2013-06-11 11:12:56.687]
agent prohibition notification a1 number 3
Organization notifies agent (write): Prohibition [agent=a2, prohibition=[at(5, 6, a2)], sanction=[reduce_300(a2)], clock=0, time=2013-06-11 11:12:56.69]
Organization notifies agent (write): Prohibition [agent=a2, prohibition=[at(6, 5, a2)], sanction=[reduce_300(a2)], clock=0, time=2013-06-11 11:12:56.692]
Organization notifies agent (write): Prohibition [agent=a2, prohibition=[at(6, 6, a2)], sanction=[reduce_300(a2)], clock=0, time=2013-06-11 11:12:56.694]
Organization notifies agent (write): Prohibition [agent=a3, prohibition=[at(5, 5, a3)], sanction=[reduce_300(a3)], clock=0, time=2013-06-11 11:12:56.696]
Organization notifies agent (write): Prohibition [agent=a3, prohibition=[at(5, 6, a3)], sanction=[reduce_300(a3)], clock=0, time=2013-06-11 11:12:56.697]
Organization notifies agent (write): Prohibition [agent=a3, prohibition=[at(6, 5, a3)], sanction=[reduce_300(a3)], clock=0, time=2013-06-11 11:12:56.701]
Organization notifies agent (write): Prohibition [agent=a3, prohibition=[at(6, 6, a3)], sanction=[reduce_300(a3)], clock=0, time=2013-06-11 11:12:56.704]
agent prohibition notification a2 number 4
Prohibition [agent=a1, prohibition=null, sanction=null, clock=null, time=null] 1970-01-01 01:00:00.0 - 2013-06-11 11:12:56.688
Event sent to agent      a1 prohibition(at(5, 5, a1), reduce_300(a1))
Event sent to agent      a1 prohibition(at(5, 6, a1), reduce_300(a1))
Event sent to agent      a1 prohibition(at(6, 5, a1), reduce_300(a1))
Event sent to agent      a1 prohibition(at(6, 6, a1), reduce_300(a1))
agent prohibition notification a1 number 4
Event processed aprohibition(at(5, 5, a1), reduce_300(a1))
Event processed aprohibition(at(5, 6, a1), reduce_300(a1))
Event processed aprohibition(at(6, 5, a1), reduce_300(a1))
Event processed aprohibition(at(6, 6, a1), reduce_300(a1))
Prohibition [agent=a2, prohibition=null, sanction=null, clock=null, time=null] 1970-01-01 01:00:00.0 - 2013-06-11 11:12:56.756
Event sent to agent      a2 prohibition(at(5, 5, a2), reduce_300(a2))
Event sent to agent      a2 prohibition(at(5, 6, a2), reduce_300(a2))
Event sent to agent      a2 prohibition(at(6, 5, a2), reduce_300(a2))
Event sent to agent      a2 prohibition(at(6, 6, a2), reduce_300(a2))
agent prohibition notification a3 number 4
Prohibition [agent=a1, prohibition=null, sanction=null, clock=null, time=null] 2013-06-11 11:12:56.688 - 2013-06-11 11:12:56.912
Prohibition [agent=a3, prohibition=null, sanction=null, clock=null, time=null] 1970-01-01 01:00:00.0 - 2013-06-11 11:12:57.003
Event sent to agent      a3 prohibition(at(5, 5, a3), reduce_300(a3))
Event sent to agent      a3 prohibition(at(5, 6, a3), reduce_300(a3))
Event sent to agent      a3 prohibition(at(6, 5, a3), reduce_300(a3))
Event sent to agent      a3 prohibition(at(6, 6, a3), reduce_300(a3))
Event processed aprohibition(at(5, 5, a3), reduce_300(a3))
Event processed aprohibition(at(5, 6, a3), reduce_300(a3))
Event processed aprohibition(at(6, 5, a3), reduce_300(a3))
Event processed aprohibition(at(6, 6, a3), reduce_300(a3))
Event processed aprohibition(at(5, 5, a2), reduce_300(a2))
Event processed aprohibition(at(5, 6, a2), reduce_300(a2))
Event processed aprohibition(at(6, 5, a2), reduce_300(a2))
Event processed aprohibition(at(6, 6, a2), reduce_300(a2))
org position notification
Organization notifies agent (write): Obligation [agent=a1, obligation=[makeReading(8, 6)], sanction=[reduce_400(a1)], deadline=84, time=2013-06-11 11:13:18.78, clock=0]
agent obligation notification a1 number 4
Organization notifies agent (write): Obligation [agent=a1, obligation=[makeReading(16, 6)], sanction=[reduce_400(a1)], deadline=84, time=2013-06-11 11:13:18.99, clock=0]
Obligation [agent=a1, obligation=null, sanction=null, deadline=null, time=null, clock=null] 2013-06-11 11:12:52.813 - 2013-06-11 11:13:18.784
Event sent to agent      a1 obligation(makeReading(8, 6), 84, reduce_400(a1))
agent obligation notification a1 number 5
Organization notifies agent (write): Obligation [agent=a1, obligation=[makeReading(3, 9)], sanction=[reduce_400(a1)], deadline=84, time=2013-06-11 11:13:19.197, clock=0]
Organization notifies agent (write): Obligation [agent=a2, obligation=[makeReading(8, 6)], sanction=[reduce_400(a2)], deadline=84, time=2013-06-11 11:13:19.404, clock=0]
agent obligation notification a2 number 4
Obligation [agent=a1, obligation=null, sanction=null, deadline=null, time=null, clock=null] 2013-06-11 11:13:18.784 - 2013-06-11 11:13:19.196
Event sent to agent      a1 obligation(makeReading(16, 6), 84, reduce_400(a1))
agent obligation notification a1 number 6
Organization notifies agent (write): Obligation [agent=a2, obligation=[makeReading(16, 6)], sanction=[reduce_400(a2)], deadline=84, time=2013-06-11 11:13:19.614, clock=0]
Obligation [agent=a1, obligation=null, sanction=null, deadline=null, time=null, clock=null] 2013-06-11 11:13:19.196 - 2013-06-11 11:13:19.409
Event sent to agent      a1 obligation(makeReading(3, 9), 84, reduce_400(a1))
Obligation [agent=a2, obligation=null, sanction=null, deadline=null, time=null, clock=null] 2013-06-11 11:12:53.983 - 2013-06-11 11:13:19.407
Event sent to agent      a2 obligation(makeReading(8, 6), 84, reduce_400(a2))
agent obligation notification a2 number 5
Organization notifies agent (write): Obligation [agent=a2, obligation=[makeReading(3, 9)], sanction=[reduce_400(a2)], deadline=84, time=2013-06-11 11:13:19.826, clock=0]
Organization notifies agent (write): Obligation [agent=a3, obligation=[makeReading(8, 6)], sanction=[reduce_400(a3)], deadline=84, time=2013-06-11 11:13:20.035, clock=0]
agent obligation notification a3 number 4
Obligation [agent=a2, obligation=null, sanction=null, deadline=null, time=null, clock=null] 2013-06-11 11:13:19.407 - 2013-06-11 11:13:19.822
Event sent to agent      a2 obligation(makeReading(16, 6), 84, reduce_400(a2))
agent obligation notification a2 number 6
Organization notifies agent (write): Obligation [agent=a3, obligation=[makeReading(16, 6)], sanction=[reduce_400(a3)], deadline=84, time=2013-06-11 11:13:20.243, clock=0]
Obligation [agent=a2, obligation=null, sanction=null, deadline=null, time=null, clock=null] 2013-06-11 11:13:19.822 - 2013-06-11 11:13:20.04
Event sent to agent      a2 obligation(makeReading(3, 9), 84, reduce_400(a2))
Obligation [agent=a3, obligation=null, sanction=null, deadline=null, time=null, clock=null] 2013-06-11 11:12:54.854 - 2013-06-11 11:13:20.037
Event sent to agent      a3 obligation(makeReading(8, 6), 84, reduce_400(a3))
agent obligation notification a3 number 5
Organization notifies agent (write): Obligation [agent=a3, obligation=[makeReading(3, 9)], sanction=[reduce_400(a3)], deadline=84, time=2013-06-11 11:13:20.45, clock=0]
Obligation [agent=a3, obligation=null, sanction=null, deadline=null, time=null, clock=null] 2013-06-11 11:13:20.037 - 2013-06-11 11:13:20.449
Event sent to agent      a3 obligation(makeReading(16, 6), 84, reduce_400(a3))
agent obligation notification a3 number 6
Obligation [agent=a3, obligation=null, sanction=null, deadline=null, time=null, clock=null] 2013-06-11 11:13:20.449 - 2013-06-11 11:13:20.668
Event sent to agent      a3 obligation(makeReading(3, 9), 84, reduce_400(a3))
Event processed adoptObligation(makeReading(8, 6), 84, reduce_400(a1))
Event processed adoptObligation(makeReading(16, 6), 84, reduce_400(a1))
Event processed adoptObligation(makeReading(3, 9), 84, reduce_400(a1))
Event processed adoptObligation(makeReading(8, 6), 84, reduce_400(a2))
Event processed adoptObligation(makeReading(16, 6), 84, reduce_400(a2))
Event processed adoptObligation(makeReading(3, 9), 84, reduce_400(a2))
org position notification
Organization notifies agent (write): Obligation [agent=a1, obligation=[makeReading(8, 6)], sanction=[reduce_400(a1)], deadline=110, time=2013-06-11 11:13:44.09, clock=0]
agent obligation notification a1 number 7
Obligation [agent=a1, obligation=null, sanction=null, deadline=null, time=null, clock=null] 2013-06-11 11:13:19.409 - 2013-06-11 11:13:44.093
Event sent to agent      a1 obligation(makeReading(8, 6), 110, reduce_400(a1))
Event processed adoptObligation(makeReading(8, 6), 110, reduce_400(a1))
Organization notifies agent (write): Obligation [agent=a1, obligation=[makeReading(16, 6)], sanction=[reduce_400(a1)], deadline=110, time=2013-06-11 11:13:44.599, clock=0]
agent obligation notification a1 number 8
Organization notifies agent (write): Obligation [agent=a1, obligation=[makeReading(3, 9)], sanction=[reduce_400(a1)], deadline=110, time=2013-06-11 11:13:44.807, clock=0]
Obligation [agent=a1, obligation=null, sanction=null, deadline=null, time=null, clock=null] 2013-06-11 11:13:44.093 - 2013-06-11 11:13:44.602
Event sent to agent      a1 obligation(makeReading(16, 6), 110, reduce_400(a1))
agent obligation notification a1 number 9
Organization notifies agent (write): Obligation [agent=a2, obligation=[makeReading(8, 6)], sanction=[reduce_400(a2)], deadline=110, time=2013-06-11 11:13:45.015, clock=0]
agent obligation notification a2 number 7
Event processed adoptObligation(makeReading(16, 6), 110, reduce_400(a1))
Organization notifies agent (write): Obligation [agent=a2, obligation=[makeReading(16, 6)], sanction=[reduce_400(a2)], deadline=110, time=2013-06-11 11:13:45.254, clock=0]
Obligation [agent=a1, obligation=null, sanction=null, deadline=null, time=null, clock=null] 2013-06-11 11:13:44.602 - 2013-06-11 11:13:45.014
Event sent to agent      a1 obligation(makeReading(3, 9), 110, reduce_400(a1))
Event processed adoptObligation(makeReading(3, 9), 110, reduce_400(a1))
Obligation [agent=a2, obligation=null, sanction=null, deadline=null, time=null, clock=null] 2013-06-11 11:13:20.04 - 2013-06-11 11:13:45.048
Event sent to agent      a2 obligation(makeReading(8, 6), 110, reduce_400(a2))
agent obligation notification a2 number 8
Organization notifies agent (write): Obligation [agent=a2, obligation=[makeReading(3, 9)], sanction=[reduce_400(a2)], deadline=110, time=2013-06-11 11:13:45.464, clock=0]
Obligation [agent=a2, obligation=null, sanction=null, deadline=null, time=null, clock=null] 2013-06-11 11:13:45.048 - 2013-06-11 11:13:45.461
Event sent to agent      a2 obligation(makeReading(16, 6), 110, reduce_400(a2))
agent obligation notification a2 number 9
Event processed adoptObligation(makeReading(8, 6), 110, reduce_400(a2))
Event processed adoptObligation(makeReading(16, 6), 110, reduce_400(a2))
Obligation [agent=a2, obligation=null, sanction=null, deadline=null, time=null, clock=null] 2013-06-11 11:13:45.461 - 2013-06-11 11:13:45.702
Event sent to agent      a2 obligation(makeReading(3, 9), 110, reduce_400(a2))
Organization notifies agent (write): Obligation [agent=a3, obligation=[makeReading(8, 6)], sanction=[reduce_400(a3)], deadline=110, time=2013-06-11 11:13:46.032, clock=0]
agent obligation notification a3 number 7
Event processed adoptObligation(makeReading(3, 9), 110, reduce_400(a2))
Organization notifies agent (write): Obligation [agent=a3, obligation=[makeReading(16, 6)], sanction=[reduce_400(a3)], deadline=110, time=2013-06-11 11:13:46.24, clock=0]
Obligation [agent=a3, obligation=null, sanction=null, deadline=null, time=null, clock=null] 2013-06-11 11:13:20.668 - 2013-06-11 11:13:46.034
Event sent to agent      a3 obligation(makeReading(8, 6), 110, reduce_400(a3))
agent obligation notification a3 number 8
Organization notifies agent (write): Obligation [agent=a3, obligation=[makeReading(3, 9)], sanction=[reduce_400(a3)], deadline=110, time=2013-06-11 11:13:46.45, clock=0]
Obligation [agent=a3, obligation=null, sanction=null, deadline=null, time=null, clock=null] 2013-06-11 11:13:46.034 - 2013-06-11 11:13:46.447
Event sent to agent      a3 obligation(makeReading(16, 6), 110, reduce_400(a3))
agent obligation notification a3 number 9
Obligation [agent=a3, obligation=null, sanction=null, deadline=null, time=null, clock=null] 2013-06-11 11:13:46.447 - 2013-06-11 11:13:46.713
Event sent to agent      a3 obligation(makeReading(3, 9), 110, reduce_400(a3))
org coin notification
Organization notifies agent (write): Obligation [agent=a1, obligation=[makeReading(8, 6)], sanction=[reduce_400(a1)], deadline=142, time=2013-06-11 11:14:16.627, clock=0]
agent obligation notification a1 number 10
Organization notifies agent (write): Obligation [agent=a1, obligation=[makeReading(16, 6)], sanction=[reduce_400(a1)], deadline=142, time=2013-06-11 11:14:16.835, clock=0]
Obligation [agent=a1, obligation=null, sanction=null, deadline=null, time=null, clock=null] 2013-06-11 11:13:45.014 - 2013-06-11 11:14:16.631
Event sent to agent      a1 obligation(makeReading(8, 6), 142, reduce_400(a1))
agent obligation notification a1 number 11
Organization notifies agent (write): Obligation [agent=a1, obligation=[makeReading(3, 9)], sanction=[reduce_400(a1)], deadline=142, time=2013-06-11 11:14:17.043, clock=0]
Event processed adoptObligation(makeReading(8, 6), 142, reduce_400(a1))
Organization notifies agent (write): Obligation [agent=a2, obligation=[makeReading(8, 6)], sanction=[reduce_400(a2)], deadline=142, time=2013-06-11 11:14:17.274, clock=0]
agent obligation notification a2 number 10
Obligation [agent=a1, obligation=null, sanction=null, deadline=null, time=null, clock=null] 2013-06-11 11:14:16.631 - 2013-06-11 11:14:17.041
Event sent to agent      a1 obligation(makeReading(16, 6), 142, reduce_400(a1))
agent obligation notification a1 number 12
Event processed adoptObligation(makeReading(16, 6), 142, reduce_400(a1))
Organization notifies agent (write): Obligation [agent=a2, obligation=[makeReading(16, 6)], sanction=[reduce_400(a2)], deadline=142, time=2013-06-11 11:14:17.503, clock=0]
Obligation [agent=a1, obligation=null, sanction=null, deadline=null, time=null, clock=null] 2013-06-11 11:14:17.041 - 2013-06-11 11:14:17.341
Event sent to agent      a1 obligation(makeReading(3, 9), 142, reduce_400(a1))
Event processed adoptObligation(makeReading(3, 9), 142, reduce_400(a1))
Obligation [agent=a2, obligation=null, sanction=null, deadline=null, time=null, clock=null] 2013-06-11 11:13:45.702 - 2013-06-11 11:14:17.288
Event sent to agent      a2 obligation(makeReading(8, 6), 142, reduce_400(a2))
agent obligation notification a2 number 11
Organization notifies agent (write): Obligation [agent=a2, obligation=[makeReading(3, 9)], sanction=[reduce_400(a2)], deadline=142, time=2013-06-11 11:14:17.75, clock=0]
Event processed adoptObligation(makeReading(8, 6), 142, reduce_400(a2))
Obligation [agent=a2, obligation=null, sanction=null, deadline=null, time=null, clock=null] 2013-06-11 11:14:17.288 - 2013-06-11 11:14:17.727
Event sent to agent      a2 obligation(makeReading(16, 6), 142, reduce_400(a2))
agent obligation notification a2 number 12
Event processed adoptObligation(makeReading(16, 6), 142, reduce_400(a2))
Obligation [agent=a2, obligation=null, sanction=null, deadline=null, time=null, clock=null] 2013-06-11 11:14:17.727 - 2013-06-11 11:14:17.998
Event sent to agent      a2 obligation(makeReading(3, 9), 142, reduce_400(a2))
Event processed adoptObligation(makeReading(3, 9), 142, reduce_400(a2))
Organization notifies agent (write): Obligation [agent=a3, obligation=[makeReading(8, 6)], sanction=[reduce_400(a3)], deadline=142, time=2013-06-11 11:14:18.346, clock=0]
agent obligation notification a3 number 10
Organization notifies agent (write): Obligation [agent=a3, obligation=[makeReading(16, 6)], sanction=[reduce_400(a3)], deadline=142, time=2013-06-11 11:14:18.555, clock=0]
Obligation [agent=a3, obligation=null, sanction=null, deadline=null, time=null, clock=null] 2013-06-11 11:13:46.713 - 2013-06-11 11:14:18.351
Organization notifies agent (write): Obligation [agent=a3, obligation=[makeReading(3, 9)], sanction=[reduce_400(a3)], deadline=142, time=2013-06-11 11:14:18.766, clock=0]
Event sent to agent      a3 obligation(makeReading(8, 6), 142, reduce_400(a3))
agent obligation notification a3 number 11
Obligation [agent=a3, obligation=null, sanction=null, deadline=null, time=null, clock=null] 2013-06-11 11:14:18.351 - 2013-06-11 11:14:18.769
Event sent to agent      a3 obligation(makeReading(16, 6), 142, reduce_400(a3))
Event sent to agent      a3 obligation(makeReading(3, 9), 142, reduce_400(a3))
agent obligation notification a3 number 12
Obligation [agent=a3, obligation=null, sanction=null, deadline=null, time=null, clock=null] 2013-06-11 11:14:18.769 - 2013-06-11 11:14:19.007
Event processed adoptObligation(makeReading(8, 6), 84, reduce_400(a3))
Event processed adoptObligation(makeReading(16, 6), 84, reduce_400(a3))
Event processed adoptObligation(makeReading(3, 9), 84, reduce_400(a3))
Event processed adoptObligation(makeReading(8, 6), 110, reduce_400(a3))
Event processed adoptObligation(makeReading(16, 6), 110, reduce_400(a3))
Event processed adoptObligation(makeReading(3, 9), 110, reduce_400(a3))
Event processed adoptObligation(makeReading(8, 6), 142, reduce_400(a3))
Event processed adoptObligation(makeReading(16, 6), 142, reduce_400(a3))
Event processed adoptObligation(makeReading(3, 9), 142, reduce_400(a3))
org position notification
Organization notifies agent (write): Obligation [agent=a1, obligation=[makeReading(8, 6)], sanction=[reduce_400(a1)], deadline=178, time=2013-06-11 11:14:52.952, clock=0]
agent obligation notification a1 number 13
Organization notifies agent (write): Obligation [agent=a1, obligation=[makeReading(16, 6)], sanction=[reduce_400(a1)], deadline=178, time=2013-06-11 11:14:53.167, clock=0]
Obligation [agent=a1, obligation=null, sanction=null, deadline=null, time=null, clock=null] 2013-06-11 11:14:17.341 - 2013-06-11 11:14:52.956
Event sent to agent      a1 obligation(makeReading(8, 6), 178, reduce_400(a1))
agent obligation notification a1 number 14
Organization notifies agent (write): Obligation [agent=a1, obligation=[makeReading(3, 9)], sanction=[reduce_400(a1)], deadline=178, time=2013-06-11 11:14:53.38, clock=0]
Event processed adoptObligation(makeReading(8, 6), 178, reduce_400(a1))
Organization notifies agent (write): Obligation [agent=a2, obligation=[makeReading(8, 6)], sanction=[reduce_400(a2)], deadline=178, time=2013-06-11 11:14:53.591, clock=0]
agent obligation notification a2 number 13
Obligation [agent=a1, obligation=null, sanction=null, deadline=null, time=null, clock=null] 2013-06-11 11:14:52.956 - 2013-06-11 11:14:53.38
Event sent to agent      a1 obligation(makeReading(16, 6), 178, reduce_400(a1))
agent obligation notification a1 number 15
Event processed adoptObligation(makeReading(16, 6), 178, reduce_400(a1))
Organization notifies agent (write): Obligation [agent=a2, obligation=[makeReading(16, 6)], sanction=[reduce_400(a2)], deadline=178, time=2013-06-11 11:14:53.799, clock=0]
Obligation [agent=a1, obligation=null, sanction=null, deadline=null, time=null, clock=null] 2013-06-11 11:14:53.38 - 2013-06-11 11:14:53.622
Obligation [agent=a2, obligation=null, sanction=null, deadline=null, time=null, clock=null] 2013-06-11 11:14:17.998 - 2013-06-11 11:14:53.596
Event sent to agent      a2 obligation(makeReading(8, 6), 178, reduce_400(a2))
agent obligation notification a2 number 14
Organization notifies agent (write): Obligation [agent=a2, obligation=[makeReading(3, 9)], sanction=[reduce_400(a2)], deadline=178, time=2013-06-11 11:14:54.01, clock=0]
Event processed adoptObligation(makeReading(8, 6), 178, reduce_400(a2))
Organization notifies agent (write): Obligation [agent=a3, obligation=[makeReading(8, 6)], sanction=[reduce_400(a3)], deadline=178, time=2013-06-11 11:14:54.219, clock=0]
agent obligation notification a3 number 13
Obligation [agent=a2, obligation=null, sanction=null, deadline=null, time=null, clock=null] 2013-06-11 11:14:53.596 - 2013-06-11 11:14:54.005
Event sent to agent      a2 obligation(makeReading(16, 6), 178, reduce_400(a2))
agent obligation notification a2 number 15
Event processed adoptObligation(makeReading(16, 6), 178, reduce_400(a2))
Organization notifies agent (write): Obligation [agent=a3, obligation=[makeReading(16, 6)], sanction=[reduce_400(a3)], deadline=178, time=2013-06-11 11:14:54.426, clock=0]
Obligation [agent=a2, obligation=null, sanction=null, deadline=null, time=null, clock=null] 2013-06-11 11:14:54.005 - 2013-06-11 11:14:54.231
Event sent to agent      a2 obligation(makeReading(3, 9), 178, reduce_400(a2))
Event processed adoptObligation(makeReading(3, 9), 178, reduce_400(a2))
Obligation [agent=a3, obligation=null, sanction=null, deadline=null, time=null, clock=null] 2013-06-11 11:14:19.007 - 2013-06-11 11:14:54.222
Event sent to agent      a3 obligation(makeReading(8, 6), 178, reduce_400(a3))
Organization notifies agent (write): Obligation [agent=a3, obligation=[makeReading(3, 9)], sanction=[reduce_400(a3)], deadline=178, time=2013-06-11 11:14:54.635, clock=0]
agent obligation notification a3 number 14
Event processed adoptObligation(makeReading(8, 6), 178, reduce_400(a3))
Obligation [agent=a3, obligation=null, sanction=null, deadline=null, time=null, clock=null] 2013-06-11 11:14:54.222 - 2013-06-11 11:14:54.635
Event sent to agent      a3 obligation(makeReading(16, 6), 178, reduce_400(a3))
agent obligation notification a3 number 15
Event processed adoptObligation(makeReading(16, 6), 178, reduce_400(a3))
Obligation [agent=a3, obligation=null, sanction=null, deadline=null, time=null, clock=null] 2013-06-11 11:14:54.635 - 2013-06-11 11:14:54.865
