Service Registrar: b3aab564-c477-48be-84df-cb63c11200d8
Java Space found.
TransactionManager found.
org notified 
org notified 
org notified 
org notified 
org notified 
org notified 
java.lang.ClassCastException: apapl.data.APLIdent cannot be cast to apapl.data.APLFunction
	at envJavaSpace.SpaceTest.notifyAgent(SpaceTest.java:1108)
	at envJavaSpace.AgentHandler.notify(AgentHandler.java:68)
	at sun.reflect.GeneratedMethodAccessor34.invoke(Unknown Source)
	at sun.reflect.DelegatingMethodAccessorImpl.invoke(DelegatingMethodAccessorImpl.java:25)
	at java.lang.reflect.Method.invoke(Method.java:597)
	at sun.rmi.server.UnicastServerRef.dispatch(UnicastServerRef.java:303)
	at sun.rmi.transport.Transport$1.run(Transport.java:159)
	at java.security.AccessController.doPrivileged(Native Method)
	at sun.rmi.transport.Transport.serviceCall(Transport.java:155)
	at sun.rmi.transport.tcp.TCPTransport.handleMessages(TCPTransport.java:535)
	at sun.rmi.transport.tcp.TCPTransport$ConnectionHandler.run0(TCPTransport.java:790)
	at sun.rmi.transport.tcp.TCPTransport$ConnectionHandler.run(TCPTransport.java:649)
	at java.util.concurrent.ThreadPoolExecutor$Worker.runTask(ThreadPoolExecutor.java:886)
	at java.util.concurrent.ThreadPoolExecutor$Worker.run(ThreadPoolExecutor.java:908)
	at java.lang.Thread.run(Thread.java:680)
java.lang.ClassCastException: apapl.data.APLIdent cannot be cast to apapl.data.APLFunction
	at envJavaSpace.SpaceTest.notifyAgent(SpaceTest.java:1108)
	at envJavaSpace.AgentHandler.notify(AgentHandler.java:68)
	at sun.reflect.GeneratedMethodAccessor34.invoke(Unknown Source)
	at sun.reflect.DelegatingMethodAccessorImpl.invoke(DelegatingMethodAccessorImpl.java:25)
	at java.lang.reflect.Method.invoke(Method.java:597)
	at sun.rmi.server.UnicastServerRef.dispatch(UnicastServerRef.java:303)
	at sun.rmi.transport.Transport$1.run(Transport.java:159)
	at java.security.AccessController.doPrivileged(Native Method)
	at sun.rmi.transport.Transport.serviceCall(Transport.java:155)
	at sun.rmi.transport.tcp.TCPTransport.handleMessages(TCPTransport.java:535)
	at sun.rmi.transport.tcp.TCPTransport$ConnectionHandler.run0(TCPTransport.java:790)
	at sun.rmi.transport.tcp.TCPTransport$ConnectionHandler.run(TCPTransport.java:649)
	at java.util.concurrent.ThreadPoolExecutor$Worker.runTask(ThreadPoolExecutor.java:886)
	at java.util.concurrent.ThreadPoolExecutor$Worker.run(ThreadPoolExecutor.java:908)
	at java.lang.Thread.run(Thread.java:680)
java.lang.ClassCastException: apapl.data.APLIdent cannot be cast to apapl.data.APLFunction
	at envJavaSpace.SpaceTest.notifyAgent(SpaceTest.java:1108)
	at envJavaSpace.AgentHandler.notify(AgentHandler.java:68)
	at sun.reflect.GeneratedMethodAccessor34.invoke(Unknown Source)
	at sun.reflect.DelegatingMethodAccessorImpl.invoke(DelegatingMethodAccessorImpl.java:25)
	at java.lang.reflect.Method.invoke(Method.java:597)
	at sun.rmi.server.UnicastServerRef.dispatch(UnicastServerRef.java:303)
	at sun.rmi.transport.Transport$1.run(Transport.java:159)
	at java.security.AccessController.doPrivileged(Native Method)
	at sun.rmi.transport.Transport.serviceCall(Transport.java:155)
	at sun.rmi.transport.tcp.TCPTransport.handleMessages(TCPTransport.java:535)
	at sun.rmi.transport.tcp.TCPTransport$ConnectionHandler.run0(TCPTransport.java:790)
	at sun.rmi.transport.tcp.TCPTransport$ConnectionHandler.run(TCPTransport.java:649)
	at java.util.concurrent.ThreadPoolExecutor$Worker.runTask(ThreadPoolExecutor.java:886)
	at java.util.concurrent.ThreadPoolExecutor$Worker.run(ThreadPoolExecutor.java:908)
	at java.lang.Thread.run(Thread.java:680)
java.lang.ClassCastException: apapl.data.APLIdent cannot be cast to apapl.data.APLFunction
	at envJavaSpace.SpaceTest.notifyAgent(SpaceTest.java:1108)
	at envJavaSpace.AgentHandler.notify(AgentHandler.java:68)
	at sun.reflect.GeneratedMethodAccessor34.invoke(Unknown Source)
	at sun.reflect.DelegatingMethodAccessorImpl.invoke(DelegatingMethodAccessorImpl.java:25)
	at java.lang.reflect.Method.invoke(Method.java:597)
	at sun.rmi.server.UnicastServerRef.dispatch(UnicastServerRef.java:303)
	at sun.rmi.transport.Transport$1.run(Transport.java:159)
	at java.security.AccessController.doPrivileged(Native Method)
	at sun.rmi.transport.Transport.serviceCall(Transport.java:155)
	at sun.rmi.transport.tcp.TCPTransport.handleMessages(TCPTransport.java:535)
	at sun.rmi.transport.tcp.TCPTransport$ConnectionHandler.run0(TCPTransport.java:790)
	at sun.rmi.transport.tcp.TCPTransport$ConnectionHandler.run(TCPTransport.java:649)
	at java.util.concurrent.ThreadPoolExecutor$Worker.runTask(ThreadPoolExecutor.java:886)
	at java.util.concurrent.ThreadPoolExecutor$Worker.run(ThreadPoolExecutor.java:908)
	at java.lang.Thread.run(Thread.java:680)
java.lang.ClassCastException: apapl.data.APLIdent cannot be cast to apapl.data.APLFunction
	at envJavaSpace.SpaceTest.notifyAgent(SpaceTest.java:1108)
	at envJavaSpace.AgentHandler.notify(AgentHandler.java:68)
	at sun.reflect.GeneratedMethodAccessor34.invoke(Unknown Source)
	at sun.reflect.DelegatingMethodAccessorImpl.invoke(DelegatingMethodAccessorImpl.java:25)
	at java.lang.reflect.Method.invoke(Method.java:597)
	at sun.rmi.server.UnicastServerRef.dispatch(UnicastServerRef.java:303)
	at sun.rmi.transport.Transport$1.run(Transport.java:159)
	at java.security.AccessController.doPrivileged(Native Method)
	at sun.rmi.transport.Transport.serviceCall(Transport.java:155)
	at sun.rmi.transport.tcp.TCPTransport.handleMessages(TCPTransport.java:535)
	at sun.rmi.transport.tcp.TCPTransport$ConnectionHandler.run0(TCPTransport.java:790)
	at sun.rmi.transport.tcp.TCPTransport$ConnectionHandler.run(TCPTransport.java:649)
	at java.util.concurrent.ThreadPoolExecutor$Worker.runTask(ThreadPoolExecutor.java:886)
	at java.util.concurrent.ThreadPoolExecutor$Worker.run(ThreadPoolExecutor.java:908)
	at java.lang.Thread.run(Thread.java:680)
obligation([cargo(_, _, _)], 17, [reduce_100(t1)])
agent t1
create entry obligation [[cargo(_, _, _)], 17, [reduce_100(t1)]]
Obligation [agent=t1, obligation=[cargo(_, _, _)], sanction=[reduce_100(t1)], deadline=17, time=Tue Jan 08 10:14:45 GMT 2013, clock=1]
obligation([cargo(_, _, _)], 15, [reduce_100(t1)])
agent t1
create entry obligation [[cargo(_, _, _)], 15, [reduce_100(t1)]]
obligation([cargo(_, _, _)], 16, [reduce_100(t1)])
agent t1
create entry obligation [[cargo(_, _, _)], 16, [reduce_100(t1)]]
Obligation [agent=t1, obligation=[cargo(_, _, _)], sanction=[reduce_100(t1)], deadline=16, time=Tue Jan 08 10:14:45 GMT 2013, clock=1]
Obligation [agent=t1, obligation=[cargo(_, _, _)], sanction=[reduce_100(t1)], deadline=15, time=Tue Jan 08 10:14:45 GMT 2013, clock=1]
java.lang.ClassCastException: apapl.data.APLIdent cannot be cast to apapl.data.APLFunction
	at envJavaSpace.SpaceTest.notifyAgent(SpaceTest.java:1108)
	at envJavaSpace.AgentHandler.notify(AgentHandler.java:68)
	at sun.reflect.GeneratedMethodAccessor34.invoke(Unknown Source)
	at sun.reflect.DelegatingMethodAccessorImpl.invoke(DelegatingMethodAccessorImpl.java:25)
	at java.lang.reflect.Method.invoke(Method.java:597)
	at sun.rmi.server.UnicastServerRef.dispatch(UnicastServerRef.java:303)
	at sun.rmi.transport.Transport$1.run(Transport.java:159)
	at java.security.AccessController.doPrivileged(Native Method)
	at sun.rmi.transport.Transport.serviceCall(Transport.java:155)
	at sun.rmi.transport.tcp.TCPTransport.handleMessages(TCPTransport.java:535)
	at sun.rmi.transport.tcp.TCPTransport$ConnectionHandler.run0(TCPTransport.java:790)
	at sun.rmi.transport.tcp.TCPTransport$ConnectionHandler.run(TCPTransport.java:649)
	at java.util.concurrent.ThreadPoolExecutor$Worker.runTask(ThreadPoolExecutor.java:886)
	at java.util.concurrent.ThreadPoolExecutor$Worker.run(ThreadPoolExecutor.java:908)
	at java.lang.Thread.run(Thread.java:680)
java.lang.ClassCastException: apapl.data.APLIdent cannot be cast to apapl.data.APLFunction
	at envJavaSpace.SpaceTest.notifyAgent(SpaceTest.java:1108)
	at envJavaSpace.AgentHandler.notify(AgentHandler.java:68)
	at sun.reflect.GeneratedMethodAccessor34.invoke(Unknown Source)
	at sun.reflect.DelegatingMethodAccessorImpl.invoke(DelegatingMethodAccessorImpl.java:25)
	at java.lang.reflect.Method.invoke(Method.java:597)
	at sun.rmi.server.UnicastServerRef.dispatch(UnicastServerRef.java:303)
	at sun.rmi.transport.Transport$1.run(Transport.java:159)
	at java.security.AccessController.doPrivileged(Native Method)
	at sun.rmi.transport.Transport.serviceCall(Transport.java:155)
	at sun.rmi.transport.tcp.TCPTransport.handleMessages(TCPTransport.java:535)
	at sun.rmi.transport.tcp.TCPTransport$ConnectionHandler.run0(TCPTransport.java:790)
	at sun.rmi.transport.tcp.TCPTransport$ConnectionHandler.run(TCPTransport.java:649)
	at java.util.concurrent.ThreadPoolExecutor$Worker.runTask(ThreadPoolExecutor.java:886)
	at java.util.concurrent.ThreadPoolExecutor$Worker.run(ThreadPoolExecutor.java:908)
	at java.lang.Thread.run(Thread.java:680)
java.lang.ClassCastException: apapl.data.APLIdent cannot be cast to apapl.data.APLFunction
	at envJavaSpace.SpaceTest.notifyAgent(SpaceTest.java:1108)
	at envJavaSpace.AgentHandler.notify(AgentHandler.java:68)
	at sun.reflect.GeneratedMethodAccessor34.invoke(Unknown Source)
	at sun.reflect.DelegatingMethodAccessorImpl.invoke(DelegatingMethodAccessorImpl.java:25)
	at java.lang.reflect.Method.invoke(Method.java:597)
	at sun.rmi.server.UnicastServerRef.dispatch(UnicastServerRef.java:303)
	at sun.rmi.transport.Transport$1.run(Transport.java:159)
	at java.security.AccessController.doPrivileged(Native Method)
	at sun.rmi.transport.Transport.serviceCall(Transport.java:155)
	at sun.rmi.transport.tcp.TCPTransport.handleMessages(TCPTransport.java:535)
	at sun.rmi.transport.tcp.TCPTransport$ConnectionHandler.run0(TCPTransport.java:790)
	at sun.rmi.transport.tcp.TCPTransport$ConnectionHandler.run(TCPTransport.java:649)
	at java.util.concurrent.ThreadPoolExecutor$Worker.runTask(ThreadPoolExecutor.java:886)
	at java.util.concurrent.ThreadPoolExecutor$Worker.run(ThreadPoolExecutor.java:908)
	at java.lang.Thread.run(Thread.java:680)
java.lang.ClassCastException: apapl.data.APLIdent cannot be cast to apapl.data.APLFunction
	at envJavaSpace.SpaceTest.notifyAgent(SpaceTest.java:1108)
	at envJavaSpace.AgentHandler.notify(AgentHandler.java:68)
	at sun.reflect.GeneratedMethodAccessor34.invoke(Unknown Source)
	at sun.reflect.DelegatingMethodAccessorImpl.invoke(DelegatingMethodAccessorImpl.java:25)
	at java.lang.reflect.Method.invoke(Method.java:597)
	at sun.rmi.server.UnicastServerRef.dispatch(UnicastServerRef.java:303)
	at sun.rmi.transport.Transport$1.run(Transport.java:159)
	at java.security.AccessController.doPrivileged(Native Method)
	at sun.rmi.transport.Transport.serviceCall(Transport.java:155)
	at sun.rmi.transport.tcp.TCPTransport.handleMessages(TCPTransport.java:535)
	at sun.rmi.transport.tcp.TCPTransport$ConnectionHandler.run0(TCPTransport.java:790)
	at sun.rmi.transport.tcp.TCPTransport$ConnectionHandler.run(TCPTransport.java:649)
	at java.util.concurrent.ThreadPoolExecutor$Worker.runTask(ThreadPoolExecutor.java:886)
	at java.util.concurrent.ThreadPoolExecutor$Worker.run(ThreadPoolExecutor.java:908)
	at java.lang.Thread.run(Thread.java:680)
java.lang.ClassCastException: apapl.data.APLIdent cannot be cast to apapl.data.APLFunction
	at envJavaSpace.SpaceTest.notifyAgent(SpaceTest.java:1108)
	at envJavaSpace.AgentHandler.notify(AgentHandler.java:68)
	at sun.reflect.GeneratedMethodAccessor34.invoke(Unknown Source)
	at sun.reflect.DelegatingMethodAccessorImpl.invoke(DelegatingMethodAccessorImpl.java:25)
	at java.lang.reflect.Method.invoke(Method.java:597)
	at sun.rmi.server.UnicastServerRef.dispatch(UnicastServerRef.java:303)
	at sun.rmi.transport.Transport$1.run(Transport.java:159)
	at java.security.AccessController.doPrivileged(Native Method)
	at sun.rmi.transport.Transport.serviceCall(Transport.java:155)
	at sun.rmi.transport.tcp.TCPTransport.handleMessages(TCPTransport.java:535)
	at sun.rmi.transport.tcp.TCPTransport$ConnectionHandler.run0(TCPTransport.java:790)
	at sun.rmi.transport.tcp.TCPTransport$ConnectionHandler.run(TCPTransport.java:649)
	at java.util.concurrent.ThreadPoolExecutor$Worker.runTask(ThreadPoolExecutor.java:886)
	at java.util.concurrent.ThreadPoolExecutor$Worker.run(ThreadPoolExecutor.java:908)
	at java.lang.Thread.run(Thread.java:680)
org notified 
org notified 
java.lang.ClassCastException: apapl.data.APLIdent cannot be cast to apapl.data.APLFunction
	at envJavaSpace.SpaceTest.notifyAgent(SpaceTest.java:1108)
	at envJavaSpace.AgentHandler.notify(AgentHandler.java:48)
	at sun.reflect.GeneratedMethodAccessor34.invoke(Unknown Source)
	at sun.reflect.DelegatingMethodAccessorImpl.invoke(DelegatingMethodAccessorImpl.java:25)
	at java.lang.reflect.Method.invoke(Method.java:597)
	at sun.rmi.server.UnicastServerRef.dispatch(UnicastServerRef.java:303)
	at sun.rmi.transport.Transport$1.run(Transport.java:159)
	at java.security.AccessController.doPrivileged(Native Method)
	at sun.rmi.transport.Transport.serviceCall(Transport.java:155)
	at sun.rmi.transport.tcp.TCPTransport.handleMessages(TCPTransport.java:535)
	at sun.rmi.transport.tcp.TCPTransport$ConnectionHandler.run0(TCPTransport.java:790)
	at sun.rmi.transport.tcp.TCPTransport$ConnectionHandler.run(TCPTransport.java:649)
	at java.util.concurrent.ThreadPoolExecutor$Worker.runTask(ThreadPoolExecutor.java:886)
	at java.util.concurrent.ThreadPoolExecutor$Worker.run(ThreadPoolExecutor.java:908)
	at java.lang.Thread.run(Thread.java:680)
org notified 
java.lang.ClassCastException: apapl.data.APLIdent cannot be cast to apapl.data.APLFunction
	at envJavaSpace.SpaceTest.notifyAgent(SpaceTest.java:1108)
	at envJavaSpace.AgentHandler.notify(AgentHandler.java:48)
	at sun.reflect.GeneratedMethodAccessor34.invoke(Unknown Source)
	at sun.reflect.DelegatingMethodAccessorImpl.invoke(DelegatingMethodAccessorImpl.java:25)
	at java.lang.reflect.Method.invoke(Method.java:597)
	at sun.rmi.server.UnicastServerRef.dispatch(UnicastServerRef.java:303)
	at sun.rmi.transport.Transport$1.run(Transport.java:159)
	at java.security.AccessController.doPrivileged(Native Method)
	at sun.rmi.transport.Transport.serviceCall(Transport.java:155)
	at sun.rmi.transport.tcp.TCPTransport.handleMessages(TCPTransport.java:535)
	at sun.rmi.transport.tcp.TCPTransport$ConnectionHandler.run0(TCPTransport.java:790)
	at sun.rmi.transport.tcp.TCPTransport$ConnectionHandler.run(TCPTransport.java:649)
	at java.util.concurrent.ThreadPoolExecutor$Worker.runTask(ThreadPoolExecutor.java:886)
	at java.util.concurrent.ThreadPoolExecutor$Worker.run(ThreadPoolExecutor.java:908)
	at java.lang.Thread.run(Thread.java:680)
java.lang.ClassCastException: apapl.data.APLIdent cannot be cast to apapl.data.APLFunction
	at envJavaSpace.SpaceTest.notifyAgent(SpaceTest.java:1108)
	at envJavaSpace.AgentHandler.notify(AgentHandler.java:48)
	at sun.reflect.GeneratedMethodAccessor34.invoke(Unknown Source)
	at sun.reflect.DelegatingMethodAccessorImpl.invoke(DelegatingMethodAccessorImpl.java:25)
	at java.lang.reflect.Method.invoke(Method.java:597)
	at sun.rmi.server.UnicastServerRef.dispatch(UnicastServerRef.java:303)
	at sun.rmi.transport.Transport$1.run(Transport.java:159)
	at java.security.AccessController.doPrivileged(Native Method)
	at sun.rmi.transport.Transport.serviceCall(Transport.java:155)
	at sun.rmi.transport.tcp.TCPTransport.handleMessages(TCPTransport.java:535)
	at sun.rmi.transport.tcp.TCPTransport$ConnectionHandler.run0(TCPTransport.java:790)
	at sun.rmi.transport.tcp.TCPTransport$ConnectionHandler.run(TCPTransport.java:649)
	at java.util.concurrent.ThreadPoolExecutor$Worker.runTask(ThreadPoolExecutor.java:886)
	at java.util.concurrent.ThreadPoolExecutor$Worker.run(ThreadPoolExecutor.java:908)
	at java.lang.Thread.run(Thread.java:680)
java.lang.ClassCastException: apapl.data.APLIdent cannot be cast to apapl.data.APLFunction
	at envJavaSpace.SpaceTest.notifyAgent(SpaceTest.java:1108)
	at envJavaSpace.AgentHandler.notify(AgentHandler.java:48)
	at sun.reflect.GeneratedMethodAccessor34.invoke(Unknown Source)
	at sun.reflect.DelegatingMethodAccessorImpl.invoke(DelegatingMethodAccessorImpl.java:25)
	at java.lang.reflect.Method.invoke(Method.java:597)
	at sun.rmi.server.UnicastServerRef.dispatch(UnicastServerRef.java:303)
	at sun.rmi.transport.Transport$1.run(Transport.java:159)
	at java.security.AccessController.doPrivileged(Native Method)
	at sun.rmi.transport.Transport.serviceCall(Transport.java:155)
	at sun.rmi.transport.tcp.TCPTransport.handleMessages(TCPTransport.java:535)
	at sun.rmi.transport.tcp.TCPTransport$ConnectionHandler.run0(TCPTransport.java:790)
	at sun.rmi.transport.tcp.TCPTransport$ConnectionHandler.run(TCPTransport.java:649)
	at java.util.concurrent.ThreadPoolExecutor$Worker.runTask(ThreadPoolExecutor.java:886)
	at java.util.concurrent.ThreadPoolExecutor$Worker.run(ThreadPoolExecutor.java:908)
	at java.lang.Thread.run(Thread.java:680)
cargo(position(20, 20), 8)
agent t1
create entry cargo [position(20, 20), 8]
coin(position(8, 6), 7, a1)
agent c1
create entry coin [position(8, 6), 7, a1]
java.lang.ClassCastException: apapl.data.APLIdent cannot be cast to apapl.data.APLFunction
	at envJavaSpace.SpaceTest.notifyAgent(SpaceTest.java:1108)
	at envJavaSpace.AgentHandler.notify(AgentHandler.java:48)
	at sun.reflect.GeneratedMethodAccessor34.invoke(Unknown Source)
	at sun.reflect.DelegatingMethodAccessorImpl.invoke(DelegatingMethodAccessorImpl.java:25)
	at java.lang.reflect.Method.invoke(Method.java:597)
	at sun.rmi.server.UnicastServerRef.dispatch(UnicastServerRef.java:303)
	at sun.rmi.transport.Transport$1.run(Transport.java:159)
	at java.security.AccessController.doPrivileged(Native Method)
	at sun.rmi.transport.Transport.serviceCall(Transport.java:155)
	at sun.rmi.transport.tcp.TCPTransport.handleMessages(TCPTransport.java:535)
	at sun.rmi.transport.tcp.TCPTransport$ConnectionHandler.run0(TCPTransport.java:790)
	at sun.rmi.transport.tcp.TCPTransport$ConnectionHandler.run(TCPTransport.java:649)
	at java.util.concurrent.ThreadPoolExecutor$Worker.runTask(ThreadPoolExecutor.java:886)
	at java.util.concurrent.ThreadPoolExecutor$Worker.run(ThreadPoolExecutor.java:908)
	at java.lang.Thread.run(Thread.java:680)
prohibition([cargo(_, _, 9)], [reduce_100(t1)])
agent t1
create entry prohibition [[cargo(_, _, 9)], [reduce_100(t1)]]
Prohibition [agent=t1, prohibition=[cargo(_, _, 9)], sanction=[reduce_100(t1)], clock=1, time=Tue Jan 08 10:14:47 GMT 2013]
java.lang.ClassCastException: apapl.data.APLIdent cannot be cast to apapl.data.APLFunction
	at envJavaSpace.SpaceTest.notifyAgent(SpaceTest.java:1108)
	at envJavaSpace.AgentHandler.notify(AgentHandler.java:48)
	at sun.reflect.GeneratedMethodAccessor34.invoke(Unknown Source)
	at sun.reflect.DelegatingMethodAccessorImpl.invoke(DelegatingMethodAccessorImpl.java:25)
	at java.lang.reflect.Method.invoke(Method.java:597)
	at sun.rmi.server.UnicastServerRef.dispatch(UnicastServerRef.java:303)
	at sun.rmi.transport.Transport$1.run(Transport.java:159)
	at java.security.AccessController.doPrivileged(Native Method)
	at sun.rmi.transport.Transport.serviceCall(Transport.java:155)
	at sun.rmi.transport.tcp.TCPTransport.handleMessages(TCPTransport.java:535)
	at sun.rmi.transport.tcp.TCPTransport$ConnectionHandler.run0(TCPTransport.java:790)
	at sun.rmi.transport.tcp.TCPTransport$ConnectionHandler.run(TCPTransport.java:649)
	at java.util.concurrent.ThreadPoolExecutor$Worker.runTask(ThreadPoolExecutor.java:886)
	at java.util.concurrent.ThreadPoolExecutor$Worker.run(ThreadPoolExecutor.java:908)
	at java.lang.Thread.run(Thread.java:680)
org notified 
prohibition([cargo(_, _, 9)], [reduce_100(t1)])
agent t1
create entry prohibition [[cargo(_, _, 9)], [reduce_100(t1)]]
Prohibition [agent=t1, prohibition=[cargo(_, _, 9)], sanction=[reduce_100(t1)], clock=1, time=Tue Jan 08 10:14:47 GMT 2013]
status(position(3, 4), 8)
agent a1
status(position(3, 4), 7)
agent a2
status(position(3, 4), 9)
agent a3
prohibition([cargo(_, _, 9)], [reduce_100(t1)])
agent t1
create entry prohibition [[cargo(_, _, 9)], [reduce_100(t1)]]
Prohibition [agent=t1, prohibition=[cargo(_, _, 9)], sanction=[reduce_100(t1)], clock=1, time=Tue Jan 08 10:14:47 GMT 2013]
prohibition([at(5, 5, t1)], [reduce_300(t1)])
agent t1
create entry prohibition [[at(5, 5, t1)], [reduce_300(t1)]]
Prohibition [agent=t1, prohibition=[at(5, 5, t1)], sanction=[reduce_300(t1)], clock=1, time=Tue Jan 08 10:14:47 GMT 2013]
prohibition([at(5, 6, t1)], [reduce_300(t1)])
agent t1
create entry prohibition [[at(5, 6, t1)], [reduce_300(t1)]]
Prohibition [agent=t1, prohibition=[at(5, 6, t1)], sanction=[reduce_300(t1)], clock=1, time=Tue Jan 08 10:14:47 GMT 2013]
prohibition([at(6, 5, t1)], [reduce_300(t1)])
agent t1
create entry prohibition [[at(6, 5, t1)], [reduce_300(t1)]]
Prohibition [agent=t1, prohibition=[at(6, 5, t1)], sanction=[reduce_300(t1)], clock=1, time=Tue Jan 08 10:14:47 GMT 2013]
prohibition([at(6, 6, t1)], [reduce_300(t1)])
agent t1
create entry prohibition [[at(6, 6, t1)], [reduce_300(t1)]]
Prohibition [agent=t1, prohibition=[at(6, 6, t1)], sanction=[reduce_300(t1)], clock=1, time=Tue Jan 08 10:14:47 GMT 2013]
coin(position(16, 6), 8, a2)
agent c1
create entry coin [position(16, 6), 8, a2]
status(position(19, 20), 9)
agent t1
status(position(3, 5), 10)
agent a1
status(position(3, 5), 9)
agent a3
status(position(3, 5), 8)
agent a2
coin(position(3, 9), 10, a3)
agent c1
create entry coin [position(3, 9), 10, a3]
status(position(18, 20), 9)
agent t1
prohibition([coin(5, 5, _, a1)], [reduce_300(c1)])
agent c1
create entry prohibition [[coin(5, 5, _, a1)], [reduce_300(c1)]]
Prohibition [agent=c1, prohibition=[coin(5, 5, _, a1)], sanction=[reduce_300(c1)], clock=1, time=Tue Jan 08 10:14:49 GMT 2013]
prohibition([coin(5, 6, _, a1)], [reduce_300(c1)])
agent c1
create entry prohibition [[coin(5, 6, _, a1)], [reduce_300(c1)]]
Prohibition [agent=c1, prohibition=[coin(5, 6, _, a1)], sanction=[reduce_300(c1)], clock=1, time=Tue Jan 08 10:14:49 GMT 2013]
prohibition([coin(6, 5, _, a1)], [reduce_300(c1)])
agent c1
create entry prohibition [[coin(6, 5, _, a1)], [reduce_300(c1)]]
Prohibition [agent=c1, prohibition=[coin(6, 5, _, a1)], sanction=[reduce_300(c1)], clock=1, time=Tue Jan 08 10:14:49 GMT 2013]
prohibition([coin(6, 6, _, a1)], [reduce_300(c1)])
agent c1
create entry prohibition [[coin(6, 6, _, a1)], [reduce_300(c1)]]
Prohibition [agent=c1, prohibition=[coin(6, 6, _, a1)], sanction=[reduce_300(c1)], clock=1, time=Tue Jan 08 10:14:49 GMT 2013]
prohibition([coin(5, 5, _, a2)], [reduce_300(c1)])
agent c1
create entry prohibition [[coin(5, 5, _, a2)], [reduce_300(c1)]]
Prohibition [agent=c1, prohibition=[coin(5, 5, _, a2)], sanction=[reduce_300(c1)], clock=1, time=Tue Jan 08 10:14:49 GMT 2013]
prohibition([coin(5, 6, _, a2)], [reduce_300(c1)])
agent c1
create entry prohibition [[coin(5, 6, _, a2)], [reduce_300(c1)]]
Prohibition [agent=c1, prohibition=[coin(5, 6, _, a2)], sanction=[reduce_300(c1)], clock=1, time=Tue Jan 08 10:14:49 GMT 2013]
prohibition([coin(6, 5, _, a2)], [reduce_300(c1)])
agent c1
create entry prohibition [[coin(6, 5, _, a2)], [reduce_300(c1)]]
Prohibition [agent=c1, prohibition=[coin(6, 5, _, a2)], sanction=[reduce_300(c1)], clock=1, time=Tue Jan 08 10:14:49 GMT 2013]
prohibition([coin(6, 6, _, a2)], [reduce_300(c1)])
agent c1
create entry prohibition [[coin(6, 6, _, a2)], [reduce_300(c1)]]
Prohibition [agent=c1, prohibition=[coin(6, 6, _, a2)], sanction=[reduce_300(c1)], clock=1, time=Tue Jan 08 10:14:49 GMT 2013]
prohibition([coin(5, 5, _, a3)], [reduce_300(c1)])
agent c1
create entry prohibition [[coin(5, 5, _, a3)], [reduce_300(c1)]]
Prohibition [agent=c1, prohibition=[coin(5, 5, _, a3)], sanction=[reduce_300(c1)], clock=1, time=Tue Jan 08 10:14:49 GMT 2013]
prohibition([coin(5, 6, _, a3)], [reduce_300(c1)])
agent c1
create entry prohibition [[coin(5, 6, _, a3)], [reduce_300(c1)]]
Prohibition [agent=c1, prohibition=[coin(5, 6, _, a3)], sanction=[reduce_300(c1)], clock=1, time=Tue Jan 08 10:14:49 GMT 2013]
prohibition([coin(6, 5, _, a3)], [reduce_300(c1)])
agent c1
create entry prohibition [[coin(6, 5, _, a3)], [reduce_300(c1)]]
Prohibition [agent=c1, prohibition=[coin(6, 5, _, a3)], sanction=[reduce_300(c1)], clock=1, time=Tue Jan 08 10:14:49 GMT 2013]
prohibition([coin(6, 6, _, a3)], [reduce_300(c1)])
agent c1
create entry prohibition [[coin(6, 6, _, a3)], [reduce_300(c1)]]
Prohibition [agent=c1, prohibition=[coin(6, 6, _, a3)], sanction=[reduce_300(c1)], clock=1, time=Tue Jan 08 10:14:49 GMT 2013]
status(position(3, 6), 10)
agent a3
status(position(17, 20), 5)
agent t1
status(position(3, 6), 10)
agent a2
status(position(3, 6), 7)
agent a1
status(position(3, 7), 11)
agent a3
status(position(3, 7), 11)
agent a1
status(position(16, 20), 12)
agent t1
status(position(3, 7), 10)
agent a2
status(position(3, 8), 12)
agent a3
prohibition([at(5, 5, a1)], [reduce_300(a1)])
agent a1
create entry prohibition [[at(5, 5, a1)], [reduce_300(a1)]]
Prohibition [agent=a1, prohibition=[at(5, 5, a1)], sanction=[reduce_300(a1)], clock=1, time=Tue Jan 08 10:14:51 GMT 2013]
prohibition([at(5, 6, a1)], [reduce_300(a1)])
agent a1
create entry prohibition [[at(5, 6, a1)], [reduce_300(a1)]]
Prohibition [agent=a1, prohibition=[at(5, 6, a1)], sanction=[reduce_300(a1)], clock=1, time=Tue Jan 08 10:14:51 GMT 2013]
prohibition([at(6, 5, a1)], [reduce_300(a1)])
agent a1
create entry prohibition [[at(6, 5, a1)], [reduce_300(a1)]]
Prohibition [agent=a1, prohibition=[at(6, 5, a1)], sanction=[reduce_300(a1)], clock=1, time=Tue Jan 08 10:14:51 GMT 2013]
prohibition([at(6, 6, a1)], [reduce_300(a1)])
agent a1
create entry prohibition [[at(6, 6, a1)], [reduce_300(a1)]]
Prohibition [agent=a1, prohibition=[at(6, 6, a1)], sanction=[reduce_300(a1)], clock=1, time=Tue Jan 08 10:14:51 GMT 2013]
prohibition([at(5, 5, a2)], [reduce_300(a2)])
agent a2
create entry prohibition [[at(5, 5, a2)], [reduce_300(a2)]]
Prohibition [agent=a2, prohibition=[at(5, 5, a2)], sanction=[reduce_300(a2)], clock=1, time=Tue Jan 08 10:14:51 GMT 2013]
prohibition([at(5, 6, a2)], [reduce_300(a2)])
agent a2
create entry prohibition [[at(5, 6, a2)], [reduce_300(a2)]]
Prohibition [agent=a2, prohibition=[at(5, 6, a2)], sanction=[reduce_300(a2)], clock=1, time=Tue Jan 08 10:14:51 GMT 2013]
prohibition([at(6, 5, a2)], [reduce_300(a2)])
agent a2
create entry prohibition [[at(6, 5, a2)], [reduce_300(a2)]]
Prohibition [agent=a2, prohibition=[at(6, 5, a2)], sanction=[reduce_300(a2)], clock=1, time=Tue Jan 08 10:14:51 GMT 2013]
prohibition([at(6, 6, a2)], [reduce_300(a2)])
agent a2
create entry prohibition [[at(6, 6, a2)], [reduce_300(a2)]]
Prohibition [agent=a2, prohibition=[at(6, 6, a2)], sanction=[reduce_300(a2)], clock=1, time=Tue Jan 08 10:14:51 GMT 2013]
prohibition([at(5, 5, a3)], [reduce_300(a3)])
agent a3
create entry prohibition [[at(5, 5, a3)], [reduce_300(a3)]]
Prohibition [agent=a3, prohibition=[at(5, 5, a3)], sanction=[reduce_300(a3)], clock=1, time=Tue Jan 08 10:14:51 GMT 2013]
prohibition([at(5, 6, a3)], [reduce_300(a3)])
agent a3
create entry prohibition [[at(5, 6, a3)], [reduce_300(a3)]]
Prohibition [agent=a3, prohibition=[at(5, 6, a3)], sanction=[reduce_300(a3)], clock=1, time=Tue Jan 08 10:14:51 GMT 2013]
prohibition([at(6, 5, a3)], [reduce_300(a3)])
agent a3
create entry prohibition [[at(6, 5, a3)], [reduce_300(a3)]]
Prohibition [agent=a3, prohibition=[at(6, 5, a3)], sanction=[reduce_300(a3)], clock=1, time=Tue Jan 08 10:14:51 GMT 2013]
prohibition([at(6, 6, a3)], [reduce_300(a3)])
agent a3
create entry prohibition [[at(6, 6, a3)], [reduce_300(a3)]]
Prohibition [agent=a3, prohibition=[at(6, 6, a3)], sanction=[reduce_300(a3)], clock=1, time=Tue Jan 08 10:14:51 GMT 2013]
status(position(3, 8), 11)
agent a1
status(position(15, 20), 12)
agent t1
status(position(3, 8), 11)
agent a2
status(position(3, 9), 13)
agent a3
status(position(14, 20), 13)
agent t1
status(position(3, 9), 13)
agent a1
status(position(3, 9), 14)
agent a2
status(position(3, 10), 13)
agent a3
status(position(13, 20), 14)
agent t1
status(position(3, 10), 15)
agent a1
status(position(3, 10), 14)
agent a2
status(position(4, 10), 14)
agent a3
status(position(12, 20), 12)
agent t1
status(position(4, 10), 0)
agent a2
status(position(4, 10), 16)
agent a1
status(position(5, 10), 16)
agent a3
status(position(11, 20), 15)
agent t1
status(position(5, 10), 0)
agent a1
status(position(5, 10), 17)
agent a2
status(position(6, 10), 16)
agent a3
status(position(10, 20), 17)
agent t1
status(position(6, 10), 17)
agent a2
status(position(6, 10), 17)
agent a1
status(position(9, 20), 18)
agent t1
status(position(7, 10), 17)
agent a3
status(position(7, 10), 0)
agent a2
obligation([cargo(_, _, _)], 17, [reduce_100(t1)])
agent t1
create entry obligation [[cargo(_, _, _)], 17, [reduce_100(t1)]]
Obligation [agent=t1, obligation=[cargo(_, _, _)], sanction=[reduce_100(t1)], deadline=17, time=Tue Jan 08 10:14:57 GMT 2013, clock=1]
status(position(7, 10), 19)
agent a1
status(position(8, 20), 19)
agent t1
status(position(8, 10), 16)
agent a3
status(position(8, 10), 17)
agent a2
status(position(8, 10), 19)
agent a1
prohibition([cargo(_, _, 2)], [reduce_100(t1)])
agent t1
create entry prohibition [[cargo(_, _, 2)], [reduce_100(t1)]]
Prohibition [agent=t1, prohibition=[cargo(_, _, 2)], sanction=[reduce_100(t1)], clock=1, time=Tue Jan 08 10:14:59 GMT 2013]
status(position(9, 10), 18)
agent a3
status(position(7, 20), 20)
agent t1
status(position(9, 10), 19)
agent a2
status(position(9, 10), 20)
agent a1
status(position(6, 20), 19)
agent t1
status(position(10, 10), 20)
agent a2
status(position(10, 10), 21)
agent a3
status(position(10, 10), 21)
agent a1
status(position(5, 20), 22)
agent t1
status(position(4, 20), 23)
agent t1
status(position(3, 20), 23)
agent t1
status(position(2, 20), 24)
agent t1
status(position(2, 19), 24)
agent t1
status(position(2, 18), 25)
agent t1
status(position(2, 17), 25)
agent t1
status(position(2, 16), 26)
agent t1
status(position(2, 15), 26)
agent t1
status(position(2, 14), 27)
agent t1
status(position(2, 13), 27)
agent t1
status(position(2, 12), 28)
agent t1
status(position(2, 11), 28)
agent t1
status(position(2, 10), 29)
agent t1
status(position(2, 9), 29)
agent t1
status(position(2, 8), 30)
agent t1
status(position(2, 7), 30)
agent t1
status(position(2, 6), 31)
agent t1
status(position(2, 5), 31)
agent t1
status(position(2, 4), 32)
agent t1
status(position(2, 3), 32)
agent t1
status(position(2, 2), 33)
agent t1
org notified 
obligation([cargo(_, _, _)], 44, [reduce_100(t1)])
agent t1
create entry obligation [[cargo(_, _, _)], 44, [reduce_100(t1)]]
Obligation [agent=t1, obligation=[cargo(_, _, _)], sanction=[reduce_100(t1)], deadline=44, time=Tue Jan 08 10:15:14 GMT 2013, clock=1]
org notified 
obligation([cargo(_, _, _)], 44, [reduce_100(t1)])
agent t1
create entry obligation [[cargo(_, _, _)], 44, [reduce_100(t1)]]
Obligation [agent=t1, obligation=[cargo(_, _, _)], sanction=[reduce_100(t1)], deadline=44, time=Tue Jan 08 10:15:16 GMT 2013, clock=1]
obligation(cargo(_, _, _, t1), 44, reduce_100(t1))
obligation(cargo(_, _, _, t1), 44, reduce_100(t1))
obligation([cargo(_, _, _)], 44, [reduce_100(t1)])
agent t1
create entry obligation [[cargo(_, _, _)], 44, [reduce_100(t1)]]
Obligation [agent=t1, obligation=[cargo(_, _, _)], sanction=[reduce_100(t1)], deadline=44, time=Tue Jan 08 10:15:26 GMT 2013, clock=1]
obligation(cargo(_, _, _, t1), 44, reduce_100(t1))
obligation(cargo(_, _, _, t1), 44, reduce_100(t1))
obligation(cargo(_, _, _, t1), 44, reduce_100(t1))
obligation(cargo(_, _, _, t1), 44, reduce_100(t1))
org notified 
