test2.
Service Registrar: 407365e0-cb43-4d51-bb4d-4997a47d11d2
Java Space found.
TransactionManager found.
-------------------------last log tuples start--------------------------------
Obligation [agent=a1, obligation=[makeReading(8, 6)], sanction=[reduce_400(a1)], deadline=50, time=Wed Jun 05 11:17:27 BST 2013, clock=0]
Position [agent=a3, id=null, cell=Cell [x=11, y=2], time=Wed Jun 05 11:17:00 BST 2013, clock=0]
Obligation [agent=a2, obligation=[makeReading(8, 6)], sanction=[reduce_400(a2)], deadline=50, time=Wed Jun 05 11:17:28 BST 2013, clock=0]
Position [agent=a2, id=null, cell=Cell [x=7, y=19], time=Wed Jun 05 11:17:00 BST 2013, clock=0]
Obligation [agent=a3, obligation=[makeReading(8, 6)], sanction=[reduce_400(a3)], deadline=50, time=Wed Jun 05 11:17:29 BST 2013, clock=0]
Obligation [agent=a1, obligation=[makeReading(16, 6)], sanction=[reduce_400(a1)], deadline=50, time=Wed Jun 05 11:17:52 BST 2013, clock=0]
Obligation [agent=a2, obligation=[makeReading(16, 6)], sanction=[reduce_400(a2)], deadline=50, time=Wed Jun 05 11:17:52 BST 2013, clock=0]
Obligation [agent=a3, obligation=[makeReading(16, 6)], sanction=[reduce_400(a3)], deadline=50, time=Wed Jun 05 11:17:53 BST 2013, clock=0]
Obligation [agent=a1, obligation=[makeReading(3, 9)], sanction=[reduce_400(a1)], deadline=50, time=Wed Jun 05 11:18:17 BST 2013, clock=0]
Obligation [agent=a2, obligation=[makeReading(3, 9)], sanction=[reduce_400(a2)], deadline=50, time=Wed Jun 05 11:18:18 BST 2013, clock=0]
Obligation [agent=a3, obligation=[makeReading(3, 9)], sanction=[reduce_400(a3)], deadline=50, time=Wed Jun 05 11:18:18 BST 2013, clock=0]
Prohibition [agent=a2, prohibition=[at(5, 5, a2)], sanction=[reduce_300(a2)], clock=0, time=Wed Jun 05 11:17:04 BST 2013]
Coin [id=null, cell=Cell [x=8, y=6], agent=a1, time=Wed Jun 05 11:17:25 BST 2013, clock=0]
Prohibition [agent=a2, prohibition=[at(5, 6, a2)], sanction=[reduce_300(a2)], clock=0, time=Wed Jun 05 11:17:04 BST 2013]
Coin [id=null, cell=Cell [x=16, y=6], agent=a2, time=Wed Jun 05 11:17:51 BST 2013, clock=0]
Prohibition [agent=a2, prohibition=[at(6, 5, a2)], sanction=[reduce_300(a2)], clock=0, time=Wed Jun 05 11:17:04 BST 2013]
Coin [id=null, cell=Cell [x=3, y=9], agent=a3, time=Wed Jun 05 11:18:16 BST 2013, clock=0]
Cargo [id=null, cell=Cell [x=19, y=19], time=Wed Jun 05 11:17:26 BST 2013, clock=0]
Position [agent=a1, id=null, cell=Cell [x=3, y=4], time=Wed Jun 05 11:17:00 BST 2013, clock=0]
Position [agent=a1, id=null, cell=Cell [x=3, y=4], time=Wed Jun 05 11:17:00 BST 2013, clock=0]
Prohibition [agent=a2, prohibition=[at(6, 6, a2)], sanction=[reduce_300(a2)], clock=0, time=Wed Jun 05 11:17:04 BST 2013]
Position [agent=a1, id=null, cell=Cell [x=3, y=5], time=Wed Jun 05 11:17:51 BST 2013, clock=0]
Prohibition [agent=a3, prohibition=[at(5, 5, a3)], sanction=[reduce_300(a3)], clock=0, time=Wed Jun 05 11:17:04 BST 2013]
Position [agent=a3, id=null, cell=Cell [x=11, y=3], time=Wed Jun 05 11:17:51 BST 2013, clock=0]
Position [agent=a2, id=null, cell=Cell [x=6, y=19], time=Wed Jun 05 11:17:51 BST 2013, clock=0]
Position [agent=t1, id=null, cell=Cell [x=18, y=19], time=Wed Jun 05 11:17:51 BST 2013, clock=0]
Prohibition [agent=a3, prohibition=[at(5, 6, a3)], sanction=[reduce_300(a3)], clock=0, time=Wed Jun 05 11:17:04 BST 2013]
Position [agent=a1, id=null, cell=Cell [x=3, y=5], time=Wed Jun 05 11:17:51 BST 2013, clock=0]
Prohibition [agent=a3, prohibition=[at(6, 5, a3)], sanction=[reduce_300(a3)], clock=0, time=Wed Jun 05 11:17:04 BST 2013]
Prohibition [agent=a3, prohibition=[at(6, 6, a3)], sanction=[reduce_300(a3)], clock=0, time=Wed Jun 05 11:17:04 BST 2013]
Position [agent=t1, id=null, cell=Cell [x=17, y=19], time=Wed Jun 05 11:18:40 BST 2013, clock=0]
Position [agent=a3, id=null, cell=Cell [x=11, y=4], time=Wed Jun 05 11:18:41 BST 2013, clock=0]
Position [agent=a1, id=null, cell=Cell [x=4, y=5], time=Wed Jun 05 11:18:41 BST 2013, clock=0]
Position [agent=t1, id=null, cell=Cell [x=16, y=19], time=Wed Jun 05 11:18:56 BST 2013, clock=0]
Position [agent=a2, id=null, cell=Cell [x=5, y=19], time=Wed Jun 05 11:18:56 BST 2013, clock=0]
Position [agent=a3, id=null, cell=Cell [x=11, y=4], time=Wed Jun 05 11:18:56 BST 2013, clock=0]
Position [agent=a1, id=null, cell=Cell [x=3, y=6], time=Wed Jun 05 11:18:56 BST 2013, clock=0]
Position [agent=a1, id=null, cell=Cell [x=3, y=6], time=Wed Jun 05 11:19:12 BST 2013, clock=0]
Position [agent=a2, id=null, cell=Cell [x=7, y=19], time=Wed Jun 05 11:19:12 BST 2013, clock=0]
Position [agent=t1, id=null, cell=Cell [x=15, y=19], time=Wed Jun 05 11:19:42 BST 2013, clock=0]
Position [agent=t1, id=null, cell=Cell [x=14, y=19], time=Wed Jun 05 11:19:58 BST 2013, clock=0]
Position [agent=a3, id=null, cell=Cell [x=11, y=4], time=Wed Jun 05 11:19:58 BST 2013, clock=0]
Position [agent=a2, id=null, cell=Cell [x=7, y=19], time=Wed Jun 05 11:19:58 BST 2013, clock=0]
Position [agent=t1, id=null, cell=Cell [x=13, y=19], time=Wed Jun 05 11:20:13 BST 2013, clock=0]
Position [agent=a2, id=null, cell=Cell [x=6, y=19], time=Wed Jun 05 11:20:13 BST 2013, clock=0]
Position [agent=a3, id=null, cell=Cell [x=11, y=5], time=Wed Jun 05 11:20:13 BST 2013, clock=0]
Position [agent=a2, id=null, cell=Cell [x=6, y=19], time=Wed Jun 05 11:20:13 BST 2013, clock=0]
Position [agent=a1, id=null, cell=Cell [x=3, y=6], time=Wed Jun 05 11:20:28 BST 2013, clock=0]
Position [agent=a1, id=null, cell=Cell [x=4, y=6], time=Wed Jun 05 11:20:44 BST 2013, clock=0]
Position [agent=a3, id=null, cell=Cell [x=11, y=5], time=Wed Jun 05 11:20:44 BST 2013, clock=0]
Position [agent=a1, id=null, cell=Cell [x=3, y=7], time=Wed Jun 05 11:20:44 BST 2013, clock=0]
Position [agent=a2, id=null, cell=Cell [x=7, y=19], time=Wed Jun 05 11:20:44 BST 2013, clock=0]
Position [agent=t1, id=null, cell=Cell [x=12, y=19], time=Wed Jun 05 11:20:59 BST 2013, clock=0]
Position [agent=a2, id=null, cell=Cell [x=6, y=19], time=Wed Jun 05 11:20:59 BST 2013, clock=0]
Position [agent=a1, id=null, cell=Cell [x=4, y=7], time=Wed Jun 05 11:21:15 BST 2013, clock=0]
Position [agent=t1, id=null, cell=Cell [x=11, y=19], time=Wed Jun 05 11:21:15 BST 2013, clock=0]
Position [agent=a2, id=null, cell=Cell [x=5, y=19], time=Wed Jun 05 11:21:15 BST 2013, clock=0]
Position [agent=a1, id=null, cell=Cell [x=3, y=8], time=Wed Jun 05 11:21:15 BST 2013, clock=0]
Position [agent=t1, id=null, cell=Cell [x=10, y=19], time=Wed Jun 05 11:21:30 BST 2013, clock=0]
Position [agent=a3, id=null, cell=Cell [x=11, y=6], time=Wed Jun 05 11:21:30 BST 2013, clock=0]
Position [agent=a1, id=null, cell=Cell [x=4, y=8], time=Wed Jun 05 11:21:46 BST 2013, clock=0]
Position [agent=t1, id=null, cell=Cell [x=9, y=19], time=Wed Jun 05 11:21:46 BST 2013, clock=0]
Position [agent=a2, id=null, cell=Cell [x=4, y=19], time=Wed Jun 05 11:21:46 BST 2013, clock=0]
Position [agent=a1, id=null, cell=Cell [x=3, y=9], time=Wed Jun 05 11:21:46 BST 2013, clock=0]
Position [agent=t1, id=null, cell=Cell [x=8, y=19], time=Wed Jun 05 11:22:01 BST 2013, clock=0]
Position [agent=a3, id=null, cell=Cell [x=11, y=7], time=Wed Jun 05 11:22:01 BST 2013, clock=0]
-------------------------last log tuples end----------------------------------
register a1
register a2
register a3
register c1
register t1
org position notification
Organization notifies agent (write): Prohibition [agent=t1, prohibition=[at(5, 5, t1)], sanction=[reduce_300(t1)], clock=0, time=Wed Jun 05 11:22:18 BST 2013]
Organization notifies agent (write): Prohibition [agent=t1, prohibition=[at(5, 6, t1)], sanction=[reduce_300(t1)], clock=0, time=Wed Jun 05 11:22:18 BST 2013]
Organization notifies agent (write): Prohibition [agent=t1, prohibition=[at(6, 5, t1)], sanction=[reduce_300(t1)], clock=0, time=Wed Jun 05 11:22:18 BST 2013]
agent prohibition notification t1 number 1
Organization notifies agent (write): Prohibition [agent=t1, prohibition=[at(6, 6, t1)], sanction=[reduce_300(t1)], clock=0, time=Wed Jun 05 11:22:18 BST 2013]
Organization notifies agent (write): Prohibition [agent=c1, prohibition=[coin(5, 5, a1)], sanction=[reduce_300(c1)], clock=0, time=Wed Jun 05 11:22:18 BST 2013]
Organization notifies agent (write): Prohibition [agent=c1, prohibition=[coin(5, 6, a1)], sanction=[reduce_300(c1)], clock=0, time=Wed Jun 05 11:22:18 BST 2013]
Organization notifies agent (write): Prohibition [agent=c1, prohibition=[coin(6, 5, a1)], sanction=[reduce_300(c1)], clock=0, time=Wed Jun 05 11:22:18 BST 2013]
agent prohibition notification c1 number 1
Organization notifies agent (write): Prohibition [agent=c1, prohibition=[coin(6, 6, a1)], sanction=[reduce_300(c1)], clock=0, time=Wed Jun 05 11:22:18 BST 2013]
Organization notifies agent (write): Prohibition [agent=c1, prohibition=[coin(5, 5, a2)], sanction=[reduce_300(c1)], clock=0, time=Wed Jun 05 11:22:18 BST 2013]
Organization notifies agent (write): Prohibition [agent=c1, prohibition=[coin(5, 6, a2)], sanction=[reduce_300(c1)], clock=0, time=Wed Jun 05 11:22:18 BST 2013]
Organization notifies agent (write): Prohibition [agent=c1, prohibition=[coin(6, 5, a2)], sanction=[reduce_300(c1)], clock=0, time=Wed Jun 05 11:22:18 BST 2013]
Organization notifies agent (write): Prohibition [agent=c1, prohibition=[coin(6, 6, a2)], sanction=[reduce_300(c1)], clock=0, time=Wed Jun 05 11:22:18 BST 2013]
Organization notifies agent (write): Prohibition [agent=c1, prohibition=[coin(5, 5, a3)], sanction=[reduce_300(c1)], clock=0, time=Wed Jun 05 11:22:18 BST 2013]
Organization notifies agent (write): Prohibition [agent=c1, prohibition=[coin(5, 6, a3)], sanction=[reduce_300(c1)], clock=0, time=Wed Jun 05 11:22:18 BST 2013]
Organization notifies agent (write): Prohibition [agent=c1, prohibition=[coin(6, 5, a3)], sanction=[reduce_300(c1)], clock=0, time=Wed Jun 05 11:22:18 BST 2013]
Organization notifies agent (write): Prohibition [agent=c1, prohibition=[coin(6, 6, a3)], sanction=[reduce_300(c1)], clock=0, time=Wed Jun 05 11:22:18 BST 2013]
Organization notifies agent (write): Prohibition [agent=a1, prohibition=[at(5, 5, a1)], sanction=[reduce_300(a1)], clock=0, time=Wed Jun 05 11:22:18 BST 2013]
Organization notifies agent (write): Prohibition [agent=a1, prohibition=[at(5, 6, a1)], sanction=[reduce_300(a1)], clock=0, time=Wed Jun 05 11:22:18 BST 2013]
Organization notifies agent (write): Prohibition [agent=a1, prohibition=[at(6, 5, a1)], sanction=[reduce_300(a1)], clock=0, time=Wed Jun 05 11:22:18 BST 2013]
agent prohibition notification a1 number 1
Organization notifies agent (write): Prohibition [agent=a1, prohibition=[at(6, 6, a1)], sanction=[reduce_300(a1)], clock=0, time=Wed Jun 05 11:22:18 BST 2013]
Organization notifies agent (write): Prohibition [agent=a2, prohibition=[at(5, 5, a2)], sanction=[reduce_300(a2)], clock=0, time=Wed Jun 05 11:22:18 BST 2013]
Organization notifies agent (write): Prohibition [agent=a2, prohibition=[at(5, 6, a2)], sanction=[reduce_300(a2)], clock=0, time=Wed Jun 05 11:22:18 BST 2013]
Organization notifies agent (write): Prohibition [agent=a2, prohibition=[at(6, 5, a2)], sanction=[reduce_300(a2)], clock=0, time=Wed Jun 05 11:22:18 BST 2013]
Organization notifies agent (write): Prohibition [agent=a2, prohibition=[at(6, 6, a2)], sanction=[reduce_300(a2)], clock=0, time=Wed Jun 05 11:22:18 BST 2013]
agent prohibition notification a2 number 2
Organization notifies agent (write): Prohibition [agent=a3, prohibition=[at(5, 5, a3)], sanction=[reduce_300(a3)], clock=0, time=Wed Jun 05 11:22:18 BST 2013]
Organization notifies agent (write): Prohibition [agent=a3, prohibition=[at(5, 6, a3)], sanction=[reduce_300(a3)], clock=0, time=Wed Jun 05 11:22:18 BST 2013]
Organization notifies agent (write): Prohibition [agent=a3, prohibition=[at(6, 5, a3)], sanction=[reduce_300(a3)], clock=0, time=Wed Jun 05 11:22:18 BST 2013]
agent prohibition notification a3 number 1
Organization notifies agent (write): Prohibition [agent=a3, prohibition=[at(6, 6, a3)], sanction=[reduce_300(a3)], clock=0, time=Wed Jun 05 11:22:18 BST 2013]
Error while processing notification
java.util.ConcurrentModificationException
	at java.util.AbstractList$Itr.checkForComodification(AbstractList.java:372)
	at java.util.AbstractList$Itr.next(AbstractList.java:343)
	at envJavaSpace.SpaceTest.getFromDate(SpaceTest.java:769)
	at envJavaSpace.SpaceTest.getAllFromDate(SpaceTest.java:745)
	at envJavaSpace.SpaceTest.readTuple(SpaceTest.java:727)
	at envJavaSpace.AgentHandler.notify(AgentHandler.java:60)
	at sun.reflect.NativeMethodAccessorImpl.invoke0(Native Method)
	at sun.reflect.NativeMethodAccessorImpl.invoke(NativeMethodAccessorImpl.java:39)
	at sun.reflect.DelegatingMethodAccessorImpl.invoke(DelegatingMethodAccessorImpl.java:25)
	at java.lang.reflect.Method.invoke(Method.java:597)
	at sun.rmi.server.UnicastServerRef.dispatch(UnicastServerRef.java:303)
	at sun.rmi.transport.Transport$1.run(Transport.java:159)
	at java.security.AccessController.doPrivileged(Native Method)
	at sun.rmi.transport.Transport.serviceCall(Transport.java:155)
	at sun.rmi.transport.tcp.TCPTransport.handleMessages(TCPTransport.java:535)
	at sun.rmi.transport.tcp.TCPTransport$ConnectionHandler.run0(TCPTransport.java:790)
	at sun.rmi.transport.tcp.TCPTransport$ConnectionHandler.run(TCPTransport.java:649)
	at java.util.concurrent.ThreadPoolExecutor$Worker.runTask(ThreadPoolExecutor.java:895)
	at java.util.concurrent.ThreadPoolExecutor$Worker.run(ThreadPoolExecutor.java:918)
	at java.lang.Thread.run(Thread.java:680)
agent prohibition notification a3 number 4
Error while processing notification
java.util.ConcurrentModificationException
	at java.util.AbstractList$Itr.checkForComodification(AbstractList.java:372)
	at java.util.AbstractList$Itr.next(AbstractList.java:343)
	at envJavaSpace.SpaceTest.getFromDate(SpaceTest.java:769)
	at envJavaSpace.SpaceTest.getAllFromDate(SpaceTest.java:745)
	at envJavaSpace.SpaceTest.readTuple(SpaceTest.java:727)
	at envJavaSpace.AgentHandler.notify(AgentHandler.java:60)
	at sun.reflect.NativeMethodAccessorImpl.invoke0(Native Method)
	at sun.reflect.NativeMethodAccessorImpl.invoke(NativeMethodAccessorImpl.java:39)
	at sun.reflect.DelegatingMethodAccessorImpl.invoke(DelegatingMethodAccessorImpl.java:25)
	at java.lang.reflect.Method.invoke(Method.java:597)
	at sun.rmi.server.UnicastServerRef.dispatch(UnicastServerRef.java:303)
	at sun.rmi.transport.Transport$1.run(Transport.java:159)
	at java.security.AccessController.doPrivileged(Native Method)
	at sun.rmi.transport.Transport.serviceCall(Transport.java:155)
	at sun.rmi.transport.tcp.TCPTransport.handleMessages(TCPTransport.java:535)
	at sun.rmi.transport.tcp.TCPTransport$ConnectionHandler.run0(TCPTransport.java:790)
	at sun.rmi.transport.tcp.TCPTransport$ConnectionHandler.run(TCPTransport.java:649)
	at java.util.concurrent.ThreadPoolExecutor$Worker.runTask(ThreadPoolExecutor.java:895)
	at java.util.concurrent.ThreadPoolExecutor$Worker.run(ThreadPoolExecutor.java:918)
	at java.lang.Thread.run(Thread.java:680)
agent prohibition notification a1 number 4
Error while processing notification
java.util.ConcurrentModificationException
	at java.util.AbstractList$Itr.checkForComodification(AbstractList.java:372)
	at java.util.AbstractList$Itr.next(AbstractList.java:343)
	at envJavaSpace.SpaceTest.getFromDate(SpaceTest.java:769)
	at envJavaSpace.SpaceTest.getAllFromDate(SpaceTest.java:745)
	at envJavaSpace.SpaceTest.readTuple(SpaceTest.java:727)
	at envJavaSpace.AgentHandler.notify(AgentHandler.java:60)
	at sun.reflect.NativeMethodAccessorImpl.invoke0(Native Method)
	at sun.reflect.NativeMethodAccessorImpl.invoke(NativeMethodAccessorImpl.java:39)
	at sun.reflect.DelegatingMethodAccessorImpl.invoke(DelegatingMethodAccessorImpl.java:25)
	at java.lang.reflect.Method.invoke(Method.java:597)
	at sun.rmi.server.UnicastServerRef.dispatch(UnicastServerRef.java:303)
	at sun.rmi.transport.Transport$1.run(Transport.java:159)
	at java.security.AccessController.doPrivileged(Native Method)
	at sun.rmi.transport.Transport.serviceCall(Transport.java:155)
	at sun.rmi.transport.tcp.TCPTransport.handleMessages(TCPTransport.java:535)
	at sun.rmi.transport.tcp.TCPTransport$ConnectionHandler.run0(TCPTransport.java:790)
	at sun.rmi.transport.tcp.TCPTransport$ConnectionHandler.run(TCPTransport.java:649)
	at java.util.concurrent.ThreadPoolExecutor$Worker.runTask(ThreadPoolExecutor.java:895)
	at java.util.concurrent.ThreadPoolExecutor$Worker.run(ThreadPoolExecutor.java:918)
	at java.lang.Thread.run(Thread.java:680)
agent prohibition notification c1 number 12
Event sent to agent      t1 prohibition(at(5, 5, t1), reduce_300(t1))
Event sent to agent      t1 prohibition(at(5, 6, t1), reduce_300(t1))
Event sent to agent      t1 prohibition(at(6, 5, t1), reduce_300(t1))
Event sent to agent      t1 prohibition(at(6, 6, t1), reduce_300(t1))
agent prohibition notification t1 number 4
org position notification
Event processed aprohibition(at(5, 5, t1), reduce_300(t1))
Event processed aprohibition(at(5, 6, t1), reduce_300(t1))
Event processed aprohibition(at(6, 5, t1), reduce_300(t1))
Event processed aprohibition(at(6, 6, t1), reduce_300(t1))
org cargo notification
Event sent to agent      t1 prohibition(at(5, 5, t1), reduce_300(t1))
Event sent to agent      t1 prohibition(at(5, 6, t1), reduce_300(t1))
Event sent to agent      t1 prohibition(at(6, 5, t1), reduce_300(t1))
Event sent to agent      t1 prohibition(at(6, 6, t1), reduce_300(t1))
Error while processing notification
java.lang.NullPointerException
	at envJavaSpace.SpaceTest.notifyAgent(SpaceTest.java:837)
	at envJavaSpace.AgentHandler.notify(AgentHandler.java:69)
	at sun.reflect.NativeMethodAccessorImpl.invoke0(Native Method)
	at sun.reflect.NativeMethodAccessorImpl.invoke(NativeMethodAccessorImpl.java:39)
	at sun.reflect.DelegatingMethodAccessorImpl.invoke(DelegatingMethodAccessorImpl.java:25)
	at java.lang.reflect.Method.invoke(Method.java:597)
	at sun.rmi.server.UnicastServerRef.dispatch(UnicastServerRef.java:303)
	at sun.rmi.transport.Transport$1.run(Transport.java:159)
	at java.security.AccessController.doPrivileged(Native Method)
	at sun.rmi.transport.Transport.serviceCall(Transport.java:155)
	at sun.rmi.transport.tcp.TCPTransport.handleMessages(TCPTransport.java:535)
	at sun.rmi.transport.tcp.TCPTransport$ConnectionHandler.run0(TCPTransport.java:790)
	at sun.rmi.transport.tcp.TCPTransport$ConnectionHandler.run(TCPTransport.java:649)
	at java.util.concurrent.ThreadPoolExecutor$Worker.runTask(ThreadPoolExecutor.java:895)
	at java.util.concurrent.ThreadPoolExecutor$Worker.run(ThreadPoolExecutor.java:918)
	at java.lang.Thread.run(Thread.java:680)
Error while processing notification
java.lang.NullPointerException
	at envJavaSpace.SpaceTest.notifyAgent(SpaceTest.java:837)
	at envJavaSpace.AgentHandler.notify(AgentHandler.java:69)
	at sun.reflect.NativeMethodAccessorImpl.invoke0(Native Method)
	at sun.reflect.NativeMethodAccessorImpl.invoke(NativeMethodAccessorImpl.java:39)
	at sun.reflect.DelegatingMethodAccessorImpl.invoke(DelegatingMethodAccessorImpl.java:25)
	at java.lang.reflect.Method.invoke(Method.java:597)
	at sun.rmi.server.UnicastServerRef.dispatch(UnicastServerRef.java:303)
	at sun.rmi.transport.Transport$1.run(Transport.java:159)
	at java.security.AccessController.doPrivileged(Native Method)
	at sun.rmi.transport.Transport.serviceCall(Transport.java:155)
	at sun.rmi.transport.tcp.TCPTransport.handleMessages(TCPTransport.java:535)
	at sun.rmi.transport.tcp.TCPTransport$ConnectionHandler.run0(TCPTransport.java:790)
	at sun.rmi.transport.tcp.TCPTransport$ConnectionHandler.run(TCPTransport.java:649)
	at java.util.concurrent.ThreadPoolExecutor$Worker.runTask(ThreadPoolExecutor.java:895)
	at java.util.concurrent.ThreadPoolExecutor$Worker.run(ThreadPoolExecutor.java:918)
	at java.lang.Thread.run(Thread.java:680)
Event sent to agent      a2 prohibition(at(5, 5, a2), reduce_300(a2))
Event sent to agent      a2 prohibition(at(5, 6, a2), reduce_300(a2))
Event sent to agent      a2 prohibition(at(6, 5, a2), reduce_300(a2))
Event sent to agent      a2 prohibition(at(6, 6, a2), reduce_300(a2))
agent prohibition notification a2 number 4
Error while processing notification
java.lang.NullPointerException
	at envJavaSpace.SpaceTest.notifyAgent(SpaceTest.java:837)
	at envJavaSpace.AgentHandler.notify(AgentHandler.java:69)
	at sun.reflect.NativeMethodAccessorImpl.invoke0(Native Method)
	at sun.reflect.NativeMethodAccessorImpl.invoke(NativeMethodAccessorImpl.java:39)
	at sun.reflect.DelegatingMethodAccessorImpl.invoke(DelegatingMethodAccessorImpl.java:25)
	at java.lang.reflect.Method.invoke(Method.java:597)
	at sun.rmi.server.UnicastServerRef.dispatch(UnicastServerRef.java:303)
	at sun.rmi.transport.Transport$1.run(Transport.java:159)
	at java.security.AccessController.doPrivileged(Native Method)
	at sun.rmi.transport.Transport.serviceCall(Transport.java:155)
	at sun.rmi.transport.tcp.TCPTransport.handleMessages(TCPTransport.java:535)
	at sun.rmi.transport.tcp.TCPTransport$ConnectionHandler.run0(TCPTransport.java:790)
	at sun.rmi.transport.tcp.TCPTransport$ConnectionHandler.run(TCPTransport.java:649)
	at java.util.concurrent.ThreadPoolExecutor$Worker.runTask(ThreadPoolExecutor.java:895)
	at java.util.concurrent.ThreadPoolExecutor$Worker.run(ThreadPoolExecutor.java:918)
	at java.lang.Thread.run(Thread.java:680)
Event sent to agent      a2 prohibition(at(5, 5, a2), reduce_300(a2))
Event sent to agent      a2 prohibition(at(5, 6, a2), reduce_300(a2))
Event sent to agent      a2 prohibition(at(6, 5, a2), reduce_300(a2))
Event sent to agent      a2 prohibition(at(6, 6, a2), reduce_300(a2))
org position notification
Event processed aprohibition(at(5, 5, t1), reduce_300(t1))
Event processed aprohibition(at(5, 6, t1), reduce_300(t1))
Event processed aprohibition(at(6, 5, t1), reduce_300(t1))
Event processed aprohibition(at(6, 6, t1), reduce_300(t1))
Event processed aprohibition(at(5, 5, a2), reduce_300(a2))
Event processed aprohibition(at(5, 6, a2), reduce_300(a2))
Event processed aprohibition(at(6, 5, a2), reduce_300(a2))
Event processed aprohibition(at(6, 6, a2), reduce_300(a2))
Event processed aprohibition(at(5, 5, a2), reduce_300(a2))
Event processed aprohibition(at(5, 6, a2), reduce_300(a2))
Event processed aprohibition(at(6, 5, a2), reduce_300(a2))
Event processed aprohibition(at(6, 6, a2), reduce_300(a2))
Organization notifies agent (write): Obligation [agent=a1, obligation=[makeReading(8, 6)], sanction=[reduce_400(a1)], deadline=50, time=Wed Jun 05 11:23:12 BST 2013, clock=0]
agent obligation notification a1 number 1
Organization notifies agent (write): Obligation [agent=a2, obligation=[makeReading(8, 6)], sanction=[reduce_400(a2)], deadline=50, time=Wed Jun 05 11:23:13 BST 2013, clock=0]
agent obligation notification a2 number 1
Organization notifies agent (write): Obligation [agent=a3, obligation=[makeReading(8, 6)], sanction=[reduce_400(a3)], deadline=50, time=Wed Jun 05 11:23:13 BST 2013, clock=0]
agent obligation notification a3 number 1
org coin notification
org position notification
Event sent to agent      a3 obligation(makeReading(8, 6), 50, reduce_400(a3))
Event sent to agent      a2 obligation(makeReading(8, 6), 50, reduce_400(a2))
Event sent to agent      a1 obligation(makeReading(8, 6), 50, reduce_400(a1))
Event processed adoptObligation(makeReading(8, 6), 50, reduce_400(a2))
Event processed adoptObligation(makeReading(8, 6), 50, reduce_400(a3))
Organization notifies agent (write): Obligation [agent=a1, obligation=[makeReading(16, 6)], sanction=[reduce_400(a1)], deadline=50, time=Wed Jun 05 11:23:51 BST 2013, clock=0]
agent obligation notification a1 number 2
Organization notifies agent (write): Obligation [agent=a2, obligation=[makeReading(16, 6)], sanction=[reduce_400(a2)], deadline=50, time=Wed Jun 05 11:23:52 BST 2013, clock=0]
agent obligation notification a2 number 2
Organization notifies agent (write): Obligation [agent=a3, obligation=[makeReading(16, 6)], sanction=[reduce_400(a3)], deadline=50, time=Wed Jun 05 11:23:53 BST 2013, clock=0]
agent obligation notification a3 number 2
org position notification
org position notification
Event sent to agent      a3 obligation(makeReading(8, 6), 50, reduce_400(a3))
Event sent to agent      a3 obligation(makeReading(16, 6), 50, reduce_400(a3))
Event sent to agent      a2 obligation(makeReading(8, 6), 50, reduce_400(a2))
Event sent to agent      a2 obligation(makeReading(16, 6), 50, reduce_400(a2))
Event sent to agent      a1 obligation(makeReading(8, 6), 50, reduce_400(a1))
Event sent to agent      a1 obligation(makeReading(16, 6), 50, reduce_400(a1))
Event processed adoptObligation(makeReading(8, 6), 50, reduce_400(a2))
Event processed adoptObligation(makeReading(16, 6), 50, reduce_400(a2))
Event processed adoptObligation(makeReading(8, 6), 50, reduce_400(a3))
Event processed adoptObligation(makeReading(16, 6), 50, reduce_400(a3))
Organization notifies agent (write): Obligation [agent=a1, obligation=[makeReading(3, 9)], sanction=[reduce_400(a1)], deadline=50, time=Wed Jun 05 11:24:31 BST 2013, clock=0]
agent obligation notification a1 number 3
Organization notifies agent (write): Obligation [agent=a2, obligation=[makeReading(3, 9)], sanction=[reduce_400(a2)], deadline=50, time=Wed Jun 05 11:24:31 BST 2013, clock=0]
agent obligation notification a2 number 3
Organization notifies agent (write): Obligation [agent=a3, obligation=[makeReading(3, 9)], sanction=[reduce_400(a3)], deadline=50, time=Wed Jun 05 11:24:32 BST 2013, clock=0]
agent obligation notification a3 number 3
org coin notification
Event processed adoptObligation(makeReading(8, 6), 50, reduce_400(a1))
Event processed adoptObligation(makeReading(8, 6), 50, reduce_400(a1))
Event processed adoptObligation(makeReading(16, 6), 50, reduce_400(a1))
org position notification
Event sent to agent      a3 obligation(makeReading(8, 6), 50, reduce_400(a3))
Event sent to agent      a3 obligation(makeReading(16, 6), 50, reduce_400(a3))
Event sent to agent      a3 obligation(makeReading(3, 9), 50, reduce_400(a3))
Event sent to agent      a2 obligation(makeReading(8, 6), 50, reduce_400(a2))
Event sent to agent      a2 obligation(makeReading(16, 6), 50, reduce_400(a2))
Event sent to agent      a2 obligation(makeReading(3, 9), 50, reduce_400(a2))
Event sent to agent      a1 obligation(makeReading(8, 6), 50, reduce_400(a1))
Event sent to agent      a1 obligation(makeReading(16, 6), 50, reduce_400(a1))
Event sent to agent      a1 obligation(makeReading(3, 9), 50, reduce_400(a1))
Event processed adoptObligation(makeReading(8, 6), 50, reduce_400(a2))
Event processed adoptObligation(makeReading(16, 6), 50, reduce_400(a2))
Event processed adoptObligation(makeReading(3, 9), 50, reduce_400(a2))
Event processed adoptObligation(makeReading(8, 6), 50, reduce_400(a3))
Event processed adoptObligation(makeReading(16, 6), 50, reduce_400(a3))
Event processed adoptObligation(makeReading(3, 9), 50, reduce_400(a3))
org position notification
org coin notification
org position notification
Event processed adoptObligation(makeReading(8, 6), 50, reduce_400(a1))
Event processed adoptObligation(makeReading(16, 6), 50, reduce_400(a1))
Event processed adoptObligation(makeReading(3, 9), 50, reduce_400(a1))
org position notification
