test2.
Service Registrar: 9586234c-676f-49f7-8425-b268487ef927
Java Space found.
TransactionManager found.
from agent t1  cargo(position(19, 19), 0)
from agent c1  coin(position(8, 6), 0, a1)
org notified 
!!!!! from org !!!!!!
from agent t1  obligation([cargo(_, _, _)], 10, [reduce_100(t1)])
!!!!! from org !!!!!!
java.lang.NullPointerException
	at aplprolog.prolog.IntHarvester.unifyTerm(IntHarvester.java:184)
	at aplprolog.prolog.builtins.ExternalActions.call(ExternalActions.java:32)
	at aplprolog.prolog.BuiltIn.execute(BuiltIn.java:118)
	at aplprolog.prolog.Prolog.findNextRule(Prolog.java:234)
	at aplprolog.prolog.Prolog.prove(Prolog.java:186)
	at aplprolog.prolog.Prolog.query(Prolog.java:120)
	at oopl.DistributedOOPL.handleEvent(DistributedOOPL.java:59)
	at envJavaSpace.SpaceTest.notifyOrg(SpaceTest.java:1131)
	at envJavaSpace.OrgHandler.notify(OrgHandler.java:46)
	at sun.reflect.NativeMethodAccessorImpl.invoke0(Native Method)
	at sun.reflect.NativeMethodAccessorImpl.invoke(NativeMethodAccessorImpl.java:39)
	at sun.reflect.DelegatingMethodAccessorImpl.invoke(DelegatingMethodAccessorImpl.java:25)
	at java.lang.reflect.Method.invoke(Method.java:597)
	at sun.rmi.server.UnicastServerRef.dispatch(UnicastServerRef.java:303)
	at sun.rmi.transport.Transport$1.run(Transport.java:159)
	at java.security.AccessController.doPrivileged(Native Method)
	at sun.rmi.transport.Transport.serviceCall(Transport.java:155)
	at sun.rmi.transport.tcp.TCPTransport.handleMessages(TCPTransport.java:535)
	at sun.rmi.transport.tcp.TCPTransport$ConnectionHandler.run0(TCPTransport.java:790)
	at sun.rmi.transport.tcp.TCPTransport$ConnectionHandler.run(TCPTransport.java:649)
	at java.util.concurrent.ThreadPoolExecutor$Worker.runTask(ThreadPoolExecutor.java:895)
	at java.util.concurrent.ThreadPoolExecutor$Worker.run(ThreadPoolExecutor.java:918)
	at java.lang.Thread.run(Thread.java:680)
org notified 
!!!!! from org !!!!!!
from agent c1  coin(position(16, 6), 0, a2)
from agent a2  status(position(3, 4), 0)
from agent a3  status(position(3, 4), 0)
from agent a1  status(position(3, 4), 0)
from agent t1  status(position(18, 19), 0)
java.lang.NullPointerException
	at aplprolog.prolog.IntHarvester.unifyTerm(IntHarvester.java:184)
	at aplprolog.prolog.builtins.ExternalActions.call(ExternalActions.java:32)
	at aplprolog.prolog.BuiltIn.execute(BuiltIn.java:118)
	at aplprolog.prolog.Prolog.findNextRule(Prolog.java:234)
	at aplprolog.prolog.Prolog.prove(Prolog.java:186)
	at aplprolog.prolog.Prolog.query(Prolog.java:120)
	at oopl.DistributedOOPL.handleEvent(DistributedOOPL.java:59)
	at envJavaSpace.SpaceTest.notifyOrg(SpaceTest.java:1131)
	at envJavaSpace.OrgHandler.notify(OrgHandler.java:50)
	at sun.reflect.NativeMethodAccessorImpl.invoke0(Native Method)
	at sun.reflect.NativeMethodAccessorImpl.invoke(NativeMethodAccessorImpl.java:39)
	at sun.reflect.DelegatingMethodAccessorImpl.invoke(DelegatingMethodAccessorImpl.java:25)
	at java.lang.reflect.Method.invoke(Method.java:597)
	at sun.rmi.server.UnicastServerRef.dispatch(UnicastServerRef.java:303)
	at sun.rmi.transport.Transport$1.run(Transport.java:159)
	at java.security.AccessController.doPrivileged(Native Method)
	at sun.rmi.transport.Transport.serviceCall(Transport.java:155)
	at sun.rmi.transport.tcp.TCPTransport.handleMessages(TCPTransport.java:535)
	at sun.rmi.transport.tcp.TCPTransport$ConnectionHandler.run0(TCPTransport.java:790)
	at sun.rmi.transport.tcp.TCPTransport$ConnectionHandler.run(TCPTransport.java:649)
	at java.util.concurrent.ThreadPoolExecutor$Worker.runTask(ThreadPoolExecutor.java:895)
	at java.util.concurrent.ThreadPoolExecutor$Worker.run(ThreadPoolExecutor.java:918)
	at java.lang.Thread.run(Thread.java:680)
[Obligation [agent=t1, obligation=[cargo(_, _, _)], sanction=[reduce_100(t1)], deadline=10, time=Fri May 24 14:32:48 BST 2013, clock=1]]
obligation(cargo(_, _, _, t1), 10, reduce_100(t1))
org notified 
from agent c1  coin(position(3, 9), 0, a3)
!!!!! from org !!!!!!
from agent a2  status(position(3, 5), 0)
from agent a3  status(position(3, 5), 0)
from agent a1  status(position(3, 5), 0)
from agent t1  status(position(17, 19), 0)
java.lang.NullPointerException
	at aplprolog.prolog.IntHarvester.unifyTerm(IntHarvester.java:184)
	at aplprolog.prolog.builtins.ExternalActions.call(ExternalActions.java:32)
	at aplprolog.prolog.BuiltIn.execute(BuiltIn.java:118)
	at aplprolog.prolog.Prolog.findNextRule(Prolog.java:234)
	at aplprolog.prolog.Prolog.prove(Prolog.java:186)
	at aplprolog.prolog.Prolog.query(Prolog.java:120)
	at oopl.DistributedOOPL.handleEvent(DistributedOOPL.java:59)
	at envJavaSpace.SpaceTest.notifyOrg(SpaceTest.java:1131)
	at envJavaSpace.OrgHandler.notify(OrgHandler.java:50)
	at sun.reflect.NativeMethodAccessorImpl.invoke0(Native Method)
	at sun.reflect.NativeMethodAccessorImpl.invoke(NativeMethodAccessorImpl.java:39)
	at sun.reflect.DelegatingMethodAccessorImpl.invoke(DelegatingMethodAccessorImpl.java:25)
	at java.lang.reflect.Method.invoke(Method.java:597)
	at sun.rmi.server.UnicastServerRef.dispatch(UnicastServerRef.java:303)
	at sun.rmi.transport.Transport$1.run(Transport.java:159)
	at java.security.AccessController.doPrivileged(Native Method)
	at sun.rmi.transport.Transport.serviceCall(Transport.java:155)
	at sun.rmi.transport.tcp.TCPTransport.handleMessages(TCPTransport.java:535)
	at sun.rmi.transport.tcp.TCPTransport$ConnectionHandler.run0(TCPTransport.java:790)
	at sun.rmi.transport.tcp.TCPTransport$ConnectionHandler.run(TCPTransport.java:649)
	at java.util.concurrent.ThreadPoolExecutor$Worker.runTask(ThreadPoolExecutor.java:895)
	at java.util.concurrent.ThreadPoolExecutor$Worker.run(ThreadPoolExecutor.java:918)
	at java.lang.Thread.run(Thread.java:680)
org notified 
!!!!! from org !!!!!!
java.lang.NullPointerException
	at aplprolog.prolog.IntHarvester.unifyTerm(IntHarvester.java:184)
	at aplprolog.prolog.builtins.ExternalActions.call(ExternalActions.java:32)
	at aplprolog.prolog.BuiltIn.execute(BuiltIn.java:118)
	at aplprolog.prolog.Prolog.findNextRule(Prolog.java:234)
	at aplprolog.prolog.Prolog.prove(Prolog.java:186)
	at aplprolog.prolog.Prolog.query(Prolog.java:120)
	at oopl.DistributedOOPL.handleEvent(DistributedOOPL.java:59)
	at envJavaSpace.SpaceTest.notifyOrg(SpaceTest.java:1131)
	at envJavaSpace.OrgHandler.notify(OrgHandler.java:34)
	at sun.reflect.NativeMethodAccessorImpl.invoke0(Native Method)
	at sun.reflect.NativeMethodAccessorImpl.invoke(NativeMethodAccessorImpl.java:39)
	at sun.reflect.DelegatingMethodAccessorImpl.invoke(DelegatingMethodAccessorImpl.java:25)
	at java.lang.reflect.Method.invoke(Method.java:597)
	at sun.rmi.server.UnicastServerRef.dispatch(UnicastServerRef.java:303)
	at sun.rmi.transport.Transport$1.run(Transport.java:159)
	at java.security.AccessController.doPrivileged(Native Method)
	at sun.rmi.transport.Transport.serviceCall(Transport.java:155)
	at sun.rmi.transport.tcp.TCPTransport.handleMessages(TCPTransport.java:535)
	at sun.rmi.transport.tcp.TCPTransport$ConnectionHandler.run0(TCPTransport.java:790)
	at sun.rmi.transport.tcp.TCPTransport$ConnectionHandler.run(TCPTransport.java:649)
	at java.util.concurrent.ThreadPoolExecutor$Worker.runTask(ThreadPoolExecutor.java:895)
	at java.util.concurrent.ThreadPoolExecutor$Worker.run(ThreadPoolExecutor.java:918)
	at java.lang.Thread.run(Thread.java:680)
org notified 
from agent a2  status(position(3, 6), 0)
from agent a3  status(position(3, 6), 0)
!!!!! from org !!!!!!
from agent a1  status(position(3, 6), 0)
from agent t1  status(position(16, 19), 0)
!!!!! from org !!!!!!
java.lang.NullPointerException
	at aplprolog.prolog.IntHarvester.unifyTerm(IntHarvester.java:184)
	at aplprolog.prolog.builtins.ExternalActions.call(ExternalActions.java:32)
	at aplprolog.prolog.BuiltIn.execute(BuiltIn.java:118)
	at aplprolog.prolog.Prolog.findNextRule(Prolog.java:234)
	at aplprolog.prolog.Prolog.prove(Prolog.java:186)
	at aplprolog.prolog.Prolog.query(Prolog.java:120)
	at oopl.DistributedOOPL.handleEvent(DistributedOOPL.java:59)
	at envJavaSpace.SpaceTest.notifyOrg(SpaceTest.java:1131)
	at envJavaSpace.OrgHandler.notify(OrgHandler.java:50)
	at sun.reflect.NativeMethodAccessorImpl.invoke0(Native Method)
	at sun.reflect.NativeMethodAccessorImpl.invoke(NativeMethodAccessorImpl.java:39)
	at sun.reflect.DelegatingMethodAccessorImpl.invoke(DelegatingMethodAccessorImpl.java:25)
	at java.lang.reflect.Method.invoke(Method.java:597)
	at sun.rmi.server.UnicastServerRef.dispatch(UnicastServerRef.java:303)
	at sun.rmi.transport.Transport$1.run(Transport.java:159)
	at java.security.AccessController.doPrivileged(Native Method)
	at sun.rmi.transport.Transport.serviceCall(Transport.java:155)
	at sun.rmi.transport.tcp.TCPTransport.handleMessages(TCPTransport.java:535)
	at sun.rmi.transport.tcp.TCPTransport$ConnectionHandler.run0(TCPTransport.java:790)
	at sun.rmi.transport.tcp.TCPTransport$ConnectionHandler.run(TCPTransport.java:649)
	at java.util.concurrent.ThreadPoolExecutor$Worker.runTask(ThreadPoolExecutor.java:895)
	at java.util.concurrent.ThreadPoolExecutor$Worker.run(ThreadPoolExecutor.java:918)
	at java.lang.Thread.run(Thread.java:680)
org notified 
from agent a2  status(position(3, 7), 0)
!!!!! from org !!!!!!
from agent a3  status(position(3, 7), 0)
from agent a1  status(position(3, 7), 0)
from agent t1  status(position(15, 19), 0)
