test2.
Service Registrar: cfe55ea0-5a13-4fc4-abbe-447b65b1c20c
Java Space found.
TransactionManager found.
-------------------------last log tuples start--------------------------------
Obligation [agent=a1, obligation=[makeReading(8, 6)], sanction=[reduce_400(a1)], deadline=50, time=Tue Jun 04 17:19:51 BST 2013, clock=0]
Obligation [agent=a2, obligation=[makeReading(8, 6)], sanction=[reduce_400(a2)], deadline=50, time=Tue Jun 04 17:19:53 BST 2013, clock=0]
Position [agent=a1, id=null, cell=Cell [x=3, y=4], time=Tue Jun 04 17:19:51 BST 2013, clock=0]
Obligation [agent=a2, obligation=[makeReading(16, 6)], sanction=[reduce_400(a2)], deadline=50, time=Tue Jun 04 17:19:53 BST 2013, clock=0]
Obligation [agent=a2, obligation=[makeReading(3, 9)], sanction=[reduce_400(a2)], deadline=50, time=Tue Jun 04 17:19:54 BST 2013, clock=0]
Obligation [agent=a3, obligation=[makeReading(8, 6)], sanction=[reduce_400(a3)], deadline=50, time=Tue Jun 04 17:19:56 BST 2013, clock=0]
Obligation [agent=a3, obligation=[makeReading(16, 6)], sanction=[reduce_400(a3)], deadline=50, time=Tue Jun 04 17:19:57 BST 2013, clock=0]
Obligation [agent=a3, obligation=[makeReading(3, 9)], sanction=[reduce_400(a3)], deadline=50, time=Tue Jun 04 17:19:58 BST 2013, clock=0]
Position [agent=a2, id=null, cell=Cell [x=7, y=19], time=Tue Jun 04 17:19:51 BST 2013, clock=0]
Obligation [agent=a1, obligation=[makeReading(16, 6)], sanction=[reduce_400(a1)], deadline=50, time=Tue Jun 04 17:20:32 BST 2013, clock=0]
Obligation [agent=a1, obligation=[makeReading(3, 9)], sanction=[reduce_400(a1)], deadline=50, time=Tue Jun 04 17:20:33 BST 2013, clock=0]
Prohibition [agent=t1, prohibition=[at(5, 5, t1)], sanction=[reduce_300(t1)], clock=0, time=Tue Jun 04 17:19:59 BST 2013]
Prohibition [agent=t1, prohibition=[at(5, 6, t1)], sanction=[reduce_300(t1)], clock=0, time=Tue Jun 04 17:20:00 BST 2013]
Cargo [id=null, cell=Cell [x=19, y=19], time=Tue Jun 04 17:19:50 BST 2013, clock=0]
Prohibition [agent=t1, prohibition=[at(6, 5, t1)], sanction=[reduce_300(t1)], clock=0, time=Tue Jun 04 17:20:00 BST 2013]
Position [agent=t1, id=null, cell=Cell [x=18, y=19], time=Tue Jun 04 17:19:51 BST 2013, clock=0]
Position [agent=a1, id=null, cell=Cell [x=3, y=4], time=Tue Jun 04 17:19:51 BST 2013, clock=0]
Position [agent=a2, id=null, cell=Cell [x=6, y=19], time=Tue Jun 04 17:19:52 BST 2013, clock=0]
Position [agent=t1, id=null, cell=Cell [x=17, y=19], time=Tue Jun 04 17:19:52 BST 2013, clock=0]
Position [agent=t1, id=null, cell=Cell [x=16, y=19], time=Tue Jun 04 17:19:53 BST 2013, clock=0]
Position [agent=a1, id=null, cell=Cell [x=3, y=5], time=Tue Jun 04 17:19:53 BST 2013, clock=0]
Position [agent=a1, id=null, cell=Cell [x=3, y=5], time=Tue Jun 04 17:19:53 BST 2013, clock=0]
Coin [id=null, cell=Cell [x=8, y=6], agent=a1, time=Tue Jun 04 17:19:51 BST 2013, clock=0]
Position [agent=a2, id=null, cell=Cell [x=5, y=19], time=Tue Jun 04 17:19:54 BST 2013, clock=0]
Prohibition [agent=t1, prohibition=[at(6, 6, t1)], sanction=[reduce_300(t1)], clock=0, time=Tue Jun 04 17:20:01 BST 2013]
Position [agent=t1, id=null, cell=Cell [x=15, y=19], time=Tue Jun 04 17:19:54 BST 2013, clock=0]
Position [agent=a2, id=null, cell=Cell [x=4, y=19], time=Tue Jun 04 17:19:55 BST 2013, clock=0]
Position [agent=t1, id=null, cell=Cell [x=14, y=19], time=Tue Jun 04 17:19:56 BST 2013, clock=0]
Prohibition [agent=c1, prohibition=[coin(5, 5, a1)], sanction=[reduce_300(c1)], clock=0, time=Tue Jun 04 17:20:03 BST 2013]
Coin [id=null, cell=Cell [x=16, y=6], agent=a2, time=Tue Jun 04 17:19:51 BST 2013, clock=0]
Position [agent=a1, id=null, cell=Cell [x=3, y=5], time=Tue Jun 04 17:19:56 BST 2013, clock=0]
Coin [id=null, cell=Cell [x=3, y=9], agent=a3, time=Tue Jun 04 17:19:52 BST 2013, clock=0]
Prohibition [agent=c1, prohibition=[coin(5, 6, a1)], sanction=[reduce_300(c1)], clock=0, time=Tue Jun 04 17:20:03 BST 2013]
Prohibition [agent=c1, prohibition=[coin(6, 5, a1)], sanction=[reduce_300(c1)], clock=0, time=Tue Jun 04 17:20:03 BST 2013]
Prohibition [agent=c1, prohibition=[coin(6, 6, a1)], sanction=[reduce_300(c1)], clock=0, time=Tue Jun 04 17:20:03 BST 2013]
Prohibition [agent=c1, prohibition=[coin(5, 5, a2)], sanction=[reduce_300(c1)], clock=0, time=Tue Jun 04 17:20:03 BST 2013]
Position [agent=a1, id=null, cell=Cell [x=4, y=5], time=Tue Jun 04 17:19:56 BST 2013, clock=0]
Prohibition [agent=c1, prohibition=[coin(5, 6, a2)], sanction=[reduce_300(c1)], clock=0, time=Tue Jun 04 17:20:04 BST 2013]
Prohibition [agent=c1, prohibition=[coin(6, 5, a2)], sanction=[reduce_300(c1)], clock=0, time=Tue Jun 04 17:20:05 BST 2013]
Prohibition [agent=c1, prohibition=[coin(6, 6, a2)], sanction=[reduce_300(c1)], clock=0, time=Tue Jun 04 17:20:06 BST 2013]
Prohibition [agent=c1, prohibition=[coin(5, 5, a3)], sanction=[reduce_300(c1)], clock=0, time=Tue Jun 04 17:20:06 BST 2013]
Position [agent=a2, id=null, cell=Cell [x=3, y=19], time=Tue Jun 04 17:19:56 BST 2013, clock=0]
Prohibition [agent=c1, prohibition=[coin(5, 6, a3)], sanction=[reduce_300(c1)], clock=0, time=Tue Jun 04 17:20:07 BST 2013]
Position [agent=t1, id=null, cell=Cell [x=13, y=19], time=Tue Jun 04 17:19:57 BST 2013, clock=0]
Prohibition [agent=c1, prohibition=[coin(6, 5, a3)], sanction=[reduce_300(c1)], clock=0, time=Tue Jun 04 17:20:08 BST 2013]
Position [agent=a1, id=null, cell=Cell [x=3, y=6], time=Tue Jun 04 17:19:57 BST 2013, clock=0]
Position [agent=t1, id=null, cell=Cell [x=12, y=19], time=Tue Jun 04 17:19:59 BST 2013, clock=0]
Position [agent=a2, id=null, cell=Cell [x=3, y=18], time=Tue Jun 04 17:19:59 BST 2013, clock=0]
Prohibition [agent=c1, prohibition=[coin(6, 6, a3)], sanction=[reduce_300(c1)], clock=0, time=Tue Jun 04 17:20:09 BST 2013]
Position [agent=a2, id=null, cell=Cell [x=3, y=18], time=Tue Jun 04 17:19:59 BST 2013, clock=0]
Position [agent=a1, id=null, cell=Cell [x=3, y=6], time=Tue Jun 04 17:19:59 BST 2013, clock=0]
Prohibition [agent=a1, prohibition=[at(5, 5, a1)], sanction=[reduce_300(a1)], clock=0, time=Tue Jun 04 17:20:10 BST 2013]
Prohibition [agent=a1, prohibition=[at(5, 6, a1)], sanction=[reduce_300(a1)], clock=0, time=Tue Jun 04 17:20:10 BST 2013]
Prohibition [agent=a1, prohibition=[at(6, 5, a1)], sanction=[reduce_300(a1)], clock=0, time=Tue Jun 04 17:20:10 BST 2013]
Prohibition [agent=a1, prohibition=[at(6, 6, a1)], sanction=[reduce_300(a1)], clock=0, time=Tue Jun 04 17:20:11 BST 2013]
Position [agent=a1, id=null, cell=Cell [x=4, y=6], time=Tue Jun 04 17:19:59 BST 2013, clock=0]
Position [agent=t1, id=null, cell=Cell [x=11, y=19], time=Tue Jun 04 17:20:00 BST 2013, clock=0]
Position [agent=a1, id=null, cell=Cell [x=3, y=7], time=Tue Jun 04 17:20:00 BST 2013, clock=0]
Position [agent=a2, id=null, cell=Cell [x=3, y=17], time=Tue Jun 04 17:20:01 BST 2013, clock=0]
Position [agent=t1, id=null, cell=Cell [x=10, y=19], time=Tue Jun 04 17:20:01 BST 2013, clock=0]
Position [agent=a2, id=null, cell=Cell [x=3, y=17], time=Tue Jun 04 17:20:01 BST 2013, clock=0]
Prohibition [agent=a2, prohibition=[at(5, 5, a2)], sanction=[reduce_300(a2)], clock=0, time=Tue Jun 04 17:20:11 BST 2013]
Position [agent=t1, id=null, cell=Cell [x=9, y=19], time=Tue Jun 04 17:20:02 BST 2013, clock=0]
Prohibition [agent=a2, prohibition=[at(5, 6, a2)], sanction=[reduce_300(a2)], clock=0, time=Tue Jun 04 17:20:11 BST 2013]
Prohibition [agent=a2, prohibition=[at(6, 5, a2)], sanction=[reduce_300(a2)], clock=0, time=Tue Jun 04 17:20:13 BST 2013]
Position [agent=a1, id=null, cell=Cell [x=4, y=6], time=Tue Jun 04 17:20:03 BST 2013, clock=0]
Position [agent=a1, id=null, cell=Cell [x=4, y=7], time=Tue Jun 04 17:20:03 BST 2013, clock=0]
Position [agent=a1, id=null, cell=Cell [x=3, y=8], time=Tue Jun 04 17:20:03 BST 2013, clock=0]
Position [agent=a2, id=null, cell=Cell [x=3, y=16], time=Tue Jun 04 17:20:03 BST 2013, clock=0]
Prohibition [agent=a2, prohibition=[at(6, 6, a2)], sanction=[reduce_300(a2)], clock=0, time=Tue Jun 04 17:20:13 BST 2013]
Position [agent=t1, id=null, cell=Cell [x=8, y=19], time=Tue Jun 04 17:20:03 BST 2013, clock=0]
Position [agent=a2, id=null, cell=Cell [x=3, y=16], time=Tue Jun 04 17:20:04 BST 2013, clock=0]
Prohibition [agent=a3, prohibition=[at(5, 5, a3)], sanction=[reduce_300(a3)], clock=0, time=Tue Jun 04 17:20:13 BST 2013]
Position [agent=t1, id=null, cell=Cell [x=7, y=19], time=Tue Jun 04 17:20:04 BST 2013, clock=0]
Prohibition [agent=a3, prohibition=[at(5, 6, a3)], sanction=[reduce_300(a3)], clock=0, time=Tue Jun 04 17:20:13 BST 2013]
Position [agent=t1, id=null, cell=Cell [x=6, y=19], time=Tue Jun 04 17:20:06 BST 2013, clock=0]
Position [agent=a1, id=null, cell=Cell [x=5, y=6], time=Tue Jun 04 17:20:06 BST 2013, clock=0]
Position [agent=a1, id=null, cell=Cell [x=4, y=8], time=Tue Jun 04 17:20:06 BST 2013, clock=0]
Position [agent=a1, id=null, cell=Cell [x=3, y=9], time=Tue Jun 04 17:20:06 BST 2013, clock=0]
Position [agent=a2, id=null, cell=Cell [x=3, y=15], time=Tue Jun 04 17:20:07 BST 2013, clock=0]
Position [agent=a2, id=null, cell=Cell [x=3, y=15], time=Tue Jun 04 17:20:07 BST 2013, clock=0]
Prohibition [agent=a3, prohibition=[at(6, 5, a3)], sanction=[reduce_300(a3)], clock=0, time=Tue Jun 04 17:20:13 BST 2013]
Prohibition [agent=a3, prohibition=[at(6, 6, a3)], sanction=[reduce_300(a3)], clock=0, time=Tue Jun 04 17:20:13 BST 2013]
Position [agent=t1, id=null, cell=Cell [x=5, y=19], time=Tue Jun 04 17:20:08 BST 2013, clock=0]
Position [agent=a1, id=null, cell=Cell [x=6, y=6], time=Tue Jun 04 17:20:09 BST 2013, clock=0]
Position [agent=t1, id=null, cell=Cell [x=4, y=19], time=Tue Jun 04 17:20:09 BST 2013, clock=0]
Position [agent=a2, id=null, cell=Cell [x=3, y=14], time=Tue Jun 04 17:20:09 BST 2013, clock=0]
Position [agent=a2, id=null, cell=Cell [x=3, y=14], time=Tue Jun 04 17:20:10 BST 2013, clock=0]
Position [agent=a1, id=null, cell=Cell [x=4, y=9], time=Tue Jun 04 17:20:10 BST 2013, clock=0]
Position [agent=a1, id=null, cell=Cell [x=3, y=10], time=Tue Jun 04 17:20:10 BST 2013, clock=0]
Position [agent=t1, id=null, cell=Cell [x=3, y=19], time=Tue Jun 04 17:20:12 BST 2013, clock=0]
Position [agent=a2, id=null, cell=Cell [x=3, y=13], time=Tue Jun 04 17:20:13 BST 2013, clock=0]
Position [agent=a1, id=null, cell=Cell [x=7, y=6], time=Tue Jun 04 17:20:13 BST 2013, clock=0]
Position [agent=t1, id=null, cell=Cell [x=2, y=19], time=Tue Jun 04 17:20:13 BST 2013, clock=0]
Position [agent=a1, id=null, cell=Cell [x=4, y=10], time=Tue Jun 04 17:20:14 BST 2013, clock=0]
Position [agent=a2, id=null, cell=Cell [x=3, y=13], time=Tue Jun 04 17:20:14 BST 2013, clock=0]
Position [agent=a1, id=null, cell=Cell [x=4, y=10], time=Tue Jun 04 17:20:14 BST 2013, clock=0]
Position [agent=t1, id=null, cell=Cell [x=2, y=18], time=Tue Jun 04 17:20:14 BST 2013, clock=0]
Position [agent=a1, id=null, cell=Cell [x=8, y=6], time=Tue Jun 04 17:20:16 BST 2013, clock=0]
Position [agent=t1, id=null, cell=Cell [x=2, y=17], time=Tue Jun 04 17:20:16 BST 2013, clock=0]
Position [agent=a1, id=null, cell=Cell [x=5, y=10], time=Tue Jun 04 17:20:17 BST 2013, clock=0]
Position [agent=a2, id=null, cell=Cell [x=3, y=12], time=Tue Jun 04 17:20:17 BST 2013, clock=0]
Position [agent=a1, id=null, cell=Cell [x=5, y=10], time=Tue Jun 04 17:20:17 BST 2013, clock=0]
Position [agent=a2, id=null, cell=Cell [x=3, y=12], time=Tue Jun 04 17:20:17 BST 2013, clock=0]
Position [agent=t1, id=null, cell=Cell [x=2, y=16], time=Tue Jun 04 17:20:17 BST 2013, clock=0]
Position [agent=a1, id=null, cell=Cell [x=5, y=9], time=Tue Jun 04 17:20:19 BST 2013, clock=0]
Position [agent=a2, id=null, cell=Cell [x=3, y=11], time=Tue Jun 04 17:20:19 BST 2013, clock=0]
Position [agent=t1, id=null, cell=Cell [x=2, y=15], time=Tue Jun 04 17:20:19 BST 2013, clock=0]
Position [agent=a1, id=null, cell=Cell [x=6, y=10], time=Tue Jun 04 17:20:19 BST 2013, clock=0]
Position [agent=a2, id=null, cell=Cell [x=3, y=11], time=Tue Jun 04 17:20:19 BST 2013, clock=0]
Position [agent=t1, id=null, cell=Cell [x=2, y=14], time=Tue Jun 04 17:20:20 BST 2013, clock=0]
Position [agent=a1, id=null, cell=Cell [x=5, y=10], time=Tue Jun 04 17:20:21 BST 2013, clock=0]
Position [agent=a2, id=null, cell=Cell [x=3, y=10], time=Tue Jun 04 17:20:22 BST 2013, clock=0]
Position [agent=a1, id=null, cell=Cell [x=7, y=10], time=Tue Jun 04 17:20:22 BST 2013, clock=0]
Position [agent=t1, id=null, cell=Cell [x=2, y=13], time=Tue Jun 04 17:20:22 BST 2013, clock=0]
Position [agent=a2, id=null, cell=Cell [x=3, y=10], time=Tue Jun 04 17:20:22 BST 2013, clock=0]
Position [agent=a1, id=null, cell=Cell [x=6, y=10], time=Tue Jun 04 17:20:24 BST 2013, clock=0]
Position [agent=t1, id=null, cell=Cell [x=2, y=12], time=Tue Jun 04 17:20:24 BST 2013, clock=0]
Position [agent=a1, id=null, cell=Cell [x=8, y=10], time=Tue Jun 04 17:20:24 BST 2013, clock=0]
Position [agent=a2, id=null, cell=Cell [x=3, y=9], time=Tue Jun 04 17:20:24 BST 2013, clock=0]
Position [agent=a2, id=null, cell=Cell [x=3, y=9], time=Tue Jun 04 17:20:25 BST 2013, clock=0]
Position [agent=t1, id=null, cell=Cell [x=2, y=11], time=Tue Jun 04 17:20:26 BST 2013, clock=0]
Position [agent=a1, id=null, cell=Cell [x=7, y=10], time=Tue Jun 04 17:20:26 BST 2013, clock=0]
Position [agent=t1, id=null, cell=Cell [x=2, y=10], time=Tue Jun 04 17:20:26 BST 2013, clock=0]
Position [agent=a1, id=null, cell=Cell [x=9, y=10], time=Tue Jun 04 17:20:27 BST 2013, clock=0]
Position [agent=a2, id=null, cell=Cell [x=3, y=8], time=Tue Jun 04 17:20:27 BST 2013, clock=0]
Position [agent=t1, id=null, cell=Cell [x=2, y=9], time=Tue Jun 04 17:20:27 BST 2013, clock=0]
Position [agent=a2, id=null, cell=Cell [x=3, y=7], time=Tue Jun 04 17:20:28 BST 2013, clock=0]
Position [agent=a1, id=null, cell=Cell [x=8, y=10], time=Tue Jun 04 17:20:29 BST 2013, clock=0]
Position [agent=a2, id=null, cell=Cell [x=3, y=6], time=Tue Jun 04 17:20:29 BST 2013, clock=0]
Position [agent=a1, id=null, cell=Cell [x=10, y=10], time=Tue Jun 04 17:20:29 BST 2013, clock=0]
Position [agent=t1, id=null, cell=Cell [x=2, y=8], time=Tue Jun 04 17:20:29 BST 2013, clock=0]
Position [agent=t1, id=null, cell=Cell [x=2, y=7], time=Tue Jun 04 17:20:30 BST 2013, clock=0]
Position [agent=a1, id=null, cell=Cell [x=9, y=10], time=Tue Jun 04 17:20:31 BST 2013, clock=0]
Position [agent=t1, id=null, cell=Cell [x=2, y=6], time=Tue Jun 04 17:20:32 BST 2013, clock=0]
Position [agent=a1, id=null, cell=Cell [x=8, y=10], time=Tue Jun 04 17:20:32 BST 2013, clock=0]
Position [agent=t1, id=null, cell=Cell [x=2, y=5], time=Tue Jun 04 17:20:34 BST 2013, clock=0]
Position [agent=a1, id=null, cell=Cell [x=7, y=10], time=Tue Jun 04 17:20:34 BST 2013, clock=0]
Position [agent=t1, id=null, cell=Cell [x=2, y=4], time=Tue Jun 04 17:20:34 BST 2013, clock=0]
Position [agent=a1, id=null, cell=Cell [x=7, y=10], time=Tue Jun 04 17:20:36 BST 2013, clock=0]
Position [agent=t1, id=null, cell=Cell [x=2, y=3], time=Tue Jun 04 17:20:36 BST 2013, clock=0]
Position [agent=a1, id=null, cell=Cell [x=8, y=10], time=Tue Jun 04 17:20:36 BST 2013, clock=0]
Position [agent=t1, id=null, cell=Cell [x=2, y=2], time=Tue Jun 04 17:20:36 BST 2013, clock=0]
Position [agent=a1, id=null, cell=Cell [x=6, y=10], time=Tue Jun 04 17:20:36 BST 2013, clock=0]
Position [agent=a1, id=null, cell=Cell [x=7, y=10], time=Tue Jun 04 17:20:38 BST 2013, clock=0]
Position [agent=a1, id=null, cell=Cell [x=7, y=10], time=Tue Jun 04 17:20:38 BST 2013, clock=0]
Position [agent=a1, id=null, cell=Cell [x=5, y=10], time=Tue Jun 04 17:20:38 BST 2013, clock=0]
Position [agent=a1, id=null, cell=Cell [x=6, y=10], time=Tue Jun 04 17:20:41 BST 2013, clock=0]
Position [agent=a1, id=null, cell=Cell [x=6, y=10], time=Tue Jun 04 17:20:41 BST 2013, clock=0]
Position [agent=a1, id=null, cell=Cell [x=5, y=9], time=Tue Jun 04 17:20:41 BST 2013, clock=0]
Position [agent=a1, id=null, cell=Cell [x=5, y=10], time=Tue Jun 04 17:20:43 BST 2013, clock=0]
Position [agent=a1, id=null, cell=Cell [x=6, y=9], time=Tue Jun 04 17:20:43 BST 2013, clock=0]
Position [agent=a1, id=null, cell=Cell [x=5, y=8], time=Tue Jun 04 17:20:44 BST 2013, clock=0]
Position [agent=a1, id=null, cell=Cell [x=5, y=9], time=Tue Jun 04 17:20:46 BST 2013, clock=0]
Position [agent=a1, id=null, cell=Cell [x=6, y=8], time=Tue Jun 04 17:20:46 BST 2013, clock=0]
Position [agent=a1, id=null, cell=Cell [x=5, y=7], time=Tue Jun 04 17:20:47 BST 2013, clock=0]
Position [agent=a1, id=null, cell=Cell [x=6, y=9], time=Tue Jun 04 17:20:49 BST 2013, clock=0]
Position [agent=a1, id=null, cell=Cell [x=6, y=7], time=Tue Jun 04 17:20:49 BST 2013, clock=0]
Position [agent=a1, id=null, cell=Cell [x=5, y=6], time=Tue Jun 04 17:20:49 BST 2013, clock=0]
Position [agent=a1, id=null, cell=Cell [x=6, y=8], time=Tue Jun 04 17:20:52 BST 2013, clock=0]
Position [agent=a1, id=null, cell=Cell [x=6, y=6], time=Tue Jun 04 17:20:52 BST 2013, clock=0]
Position [agent=a1, id=null, cell=Cell [x=5, y=5], time=Tue Jun 04 17:20:52 BST 2013, clock=0]
Position [agent=a1, id=null, cell=Cell [x=6, y=7], time=Tue Jun 04 17:20:54 BST 2013, clock=0]
Position [agent=a1, id=null, cell=Cell [x=5, y=6], time=Tue Jun 04 17:20:54 BST 2013, clock=0]
Position [agent=a1, id=null, cell=Cell [x=5, y=7], time=Tue Jun 04 17:20:55 BST 2013, clock=0]
Position [agent=a1, id=null, cell=Cell [x=6, y=6], time=Tue Jun 04 17:20:56 BST 2013, clock=0]
Position [agent=a1, id=null, cell=Cell [x=6, y=7], time=Tue Jun 04 17:20:57 BST 2013, clock=0]
Position [agent=a1, id=null, cell=Cell [x=7, y=6], time=Tue Jun 04 17:20:57 BST 2013, clock=0]
Position [agent=a1, id=null, cell=Cell [x=7, y=7], time=Tue Jun 04 17:20:59 BST 2013, clock=0]
Position [agent=a1, id=null, cell=Cell [x=8, y=6], time=Tue Jun 04 17:20:59 BST 2013, clock=0]
Position [agent=a1, id=null, cell=Cell [x=8, y=7], time=Tue Jun 04 17:21:00 BST 2013, clock=0]
Position [agent=a1, id=null, cell=Cell [x=9, y=6], time=Tue Jun 04 17:21:01 BST 2013, clock=0]
Position [agent=a1, id=null, cell=Cell [x=9, y=7], time=Tue Jun 04 17:21:03 BST 2013, clock=0]
Position [agent=a1, id=null, cell=Cell [x=10, y=6], time=Tue Jun 04 17:21:03 BST 2013, clock=0]
Position [agent=a1, id=null, cell=Cell [x=10, y=7], time=Tue Jun 04 17:21:04 BST 2013, clock=0]
Position [agent=a1, id=null, cell=Cell [x=11, y=6], time=Tue Jun 04 17:21:04 BST 2013, clock=0]
Position [agent=a1, id=null, cell=Cell [x=11, y=7], time=Tue Jun 04 17:21:06 BST 2013, clock=0]
Position [agent=a1, id=null, cell=Cell [x=12, y=6], time=Tue Jun 04 17:21:06 BST 2013, clock=0]
Position [agent=a1, id=null, cell=Cell [x=12, y=7], time=Tue Jun 04 17:21:07 BST 2013, clock=0]
Position [agent=a1, id=null, cell=Cell [x=13, y=6], time=Tue Jun 04 17:21:07 BST 2013, clock=0]
Position [agent=a1, id=null, cell=Cell [x=13, y=7], time=Tue Jun 04 17:21:09 BST 2013, clock=0]
Position [agent=a1, id=null, cell=Cell [x=14, y=6], time=Tue Jun 04 17:21:09 BST 2013, clock=0]
Position [agent=a1, id=null, cell=Cell [x=14, y=7], time=Tue Jun 04 17:21:10 BST 2013, clock=0]
Position [agent=a1, id=null, cell=Cell [x=15, y=6], time=Tue Jun 04 17:21:10 BST 2013, clock=0]
Position [agent=a1, id=null, cell=Cell [x=15, y=7], time=Tue Jun 04 17:21:11 BST 2013, clock=0]
Position [agent=a1, id=null, cell=Cell [x=16, y=6], time=Tue Jun 04 17:21:12 BST 2013, clock=0]
Position [agent=a1, id=null, cell=Cell [x=16, y=7], time=Tue Jun 04 17:21:12 BST 2013, clock=0]
Position [agent=a1, id=null, cell=Cell [x=16, y=8], time=Tue Jun 04 17:21:13 BST 2013, clock=0]
Position [agent=a1, id=null, cell=Cell [x=16, y=9], time=Tue Jun 04 17:21:15 BST 2013, clock=0]
Position [agent=a1, id=null, cell=Cell [x=15, y=9], time=Tue Jun 04 17:21:16 BST 2013, clock=0]
Position [agent=a1, id=null, cell=Cell [x=14, y=9], time=Tue Jun 04 17:21:17 BST 2013, clock=0]
Position [agent=a1, id=null, cell=Cell [x=13, y=9], time=Tue Jun 04 17:21:18 BST 2013, clock=0]
Position [agent=a1, id=null, cell=Cell [x=12, y=9], time=Tue Jun 04 17:21:19 BST 2013, clock=0]
Position [agent=a1, id=null, cell=Cell [x=11, y=9], time=Tue Jun 04 17:21:20 BST 2013, clock=0]
Position [agent=a1, id=null, cell=Cell [x=10, y=9], time=Tue Jun 04 17:21:20 BST 2013, clock=0]
Position [agent=a1, id=null, cell=Cell [x=9, y=9], time=Tue Jun 04 17:21:21 BST 2013, clock=0]
Position [agent=a1, id=null, cell=Cell [x=8, y=9], time=Tue Jun 04 17:21:21 BST 2013, clock=0]
Position [agent=a1, id=null, cell=Cell [x=7, y=9], time=Tue Jun 04 17:21:22 BST 2013, clock=0]
Position [agent=a1, id=null, cell=Cell [x=6, y=9], time=Tue Jun 04 17:21:23 BST 2013, clock=0]
Position [agent=a1, id=null, cell=Cell [x=5, y=9], time=Tue Jun 04 17:21:23 BST 2013, clock=0]
Position [agent=a1, id=null, cell=Cell [x=4, y=9], time=Tue Jun 04 17:21:24 BST 2013, clock=0]
Position [agent=a1, id=null, cell=Cell [x=3, y=9], time=Tue Jun 04 17:21:25 BST 2013, clock=0]
-------------------------last log tuples end----------------------------------
register a1
register a2
register a3
register c1
register t1
org position notification
Organization notifies agent (write): Obligation [agent=a1, obligation=[makeReading(8, 6)], sanction=[reduce_400(a1)], deadline=50, time=Tue Jun 04 18:09:45 BST 2013, clock=0]
Organization notifies agent (write): Obligation [agent=a1, obligation=[makeReading(16, 6)], sanction=[reduce_400(a1)], deadline=50, time=Tue Jun 04 18:09:45 BST 2013, clock=0]
Organization notifies agent (write): Obligation [agent=a1, obligation=[makeReading(3, 9)], sanction=[reduce_400(a1)], deadline=50, time=Tue Jun 04 18:09:46 BST 2013, clock=0]
Organization notifies agent (write): Obligation [agent=a2, obligation=[makeReading(8, 6)], sanction=[reduce_400(a2)], deadline=50, time=Tue Jun 04 18:09:46 BST 2013, clock=0]
Organization notifies agent (write): Obligation [agent=a2, obligation=[makeReading(16, 6)], sanction=[reduce_400(a2)], deadline=50, time=Tue Jun 04 18:09:47 BST 2013, clock=0]
Organization notifies agent (write): Obligation [agent=a2, obligation=[makeReading(3, 9)], sanction=[reduce_400(a2)], deadline=50, time=Tue Jun 04 18:09:48 BST 2013, clock=0]
Organization notifies agent (write): Obligation [agent=a3, obligation=[makeReading(8, 6)], sanction=[reduce_400(a3)], deadline=50, time=Tue Jun 04 18:09:48 BST 2013, clock=0]
Organization notifies agent (write): Obligation [agent=a3, obligation=[makeReading(16, 6)], sanction=[reduce_400(a3)], deadline=50, time=Tue Jun 04 18:09:49 BST 2013, clock=0]
Organization notifies agent (write): Obligation [agent=a3, obligation=[makeReading(3, 9)], sanction=[reduce_400(a3)], deadline=50, time=Tue Jun 04 18:09:50 BST 2013, clock=0]
Organization notifies agent (write): Prohibition [agent=t1, prohibition=[at(5, 5, t1)], sanction=[reduce_300(t1)], clock=0, time=Tue Jun 04 18:09:50 BST 2013]
Organization notifies agent (write): Prohibition [agent=t1, prohibition=[at(5, 6, t1)], sanction=[reduce_300(t1)], clock=0, time=Tue Jun 04 18:09:50 BST 2013]
Organization notifies agent (write): Prohibition [agent=t1, prohibition=[at(6, 5, t1)], sanction=[reduce_300(t1)], clock=0, time=Tue Jun 04 18:09:50 BST 2013]
Organization notifies agent (write): Prohibition [agent=t1, prohibition=[at(6, 6, t1)], sanction=[reduce_300(t1)], clock=0, time=Tue Jun 04 18:09:50 BST 2013]
Organization notifies agent (write): Prohibition [agent=c1, prohibition=[coin(5, 5, a1)], sanction=[reduce_300(c1)], clock=0, time=Tue Jun 04 18:09:50 BST 2013]
Organization notifies agent (write): Prohibition [agent=c1, prohibition=[coin(5, 6, a1)], sanction=[reduce_300(c1)], clock=0, time=Tue Jun 04 18:09:50 BST 2013]
Organization notifies agent (write): Prohibition [agent=c1, prohibition=[coin(6, 5, a1)], sanction=[reduce_300(c1)], clock=0, time=Tue Jun 04 18:09:50 BST 2013]
Organization notifies agent (write): Prohibition [agent=c1, prohibition=[coin(6, 6, a1)], sanction=[reduce_300(c1)], clock=0, time=Tue Jun 04 18:09:50 BST 2013]
Organization notifies agent (write): Prohibition [agent=c1, prohibition=[coin(5, 5, a2)], sanction=[reduce_300(c1)], clock=0, time=Tue Jun 04 18:09:50 BST 2013]
Organization notifies agent (write): Prohibition [agent=c1, prohibition=[coin(5, 6, a2)], sanction=[reduce_300(c1)], clock=0, time=Tue Jun 04 18:09:50 BST 2013]
Organization notifies agent (write): Prohibition [agent=c1, prohibition=[coin(6, 5, a2)], sanction=[reduce_300(c1)], clock=0, time=Tue Jun 04 18:09:50 BST 2013]
Organization notifies agent (write): Prohibition [agent=c1, prohibition=[coin(6, 6, a2)], sanction=[reduce_300(c1)], clock=0, time=Tue Jun 04 18:09:50 BST 2013]
Organization notifies agent (write): Prohibition [agent=c1, prohibition=[coin(5, 5, a3)], sanction=[reduce_300(c1)], clock=0, time=Tue Jun 04 18:09:50 BST 2013]
Organization notifies agent (write): Prohibition [agent=c1, prohibition=[coin(5, 6, a3)], sanction=[reduce_300(c1)], clock=0, time=Tue Jun 04 18:09:50 BST 2013]
Organization notifies agent (write): Prohibition [agent=c1, prohibition=[coin(6, 5, a3)], sanction=[reduce_300(c1)], clock=0, time=Tue Jun 04 18:09:50 BST 2013]
Organization notifies agent (write): Prohibition [agent=c1, prohibition=[coin(6, 6, a3)], sanction=[reduce_300(c1)], clock=0, time=Tue Jun 04 18:09:50 BST 2013]
Organization notifies agent (write): Prohibition [agent=a1, prohibition=[at(5, 5, a1)], sanction=[reduce_300(a1)], clock=0, time=Tue Jun 04 18:09:52 BST 2013]
Organization notifies agent (write): Prohibition [agent=a1, prohibition=[at(5, 6, a1)], sanction=[reduce_300(a1)], clock=0, time=Tue Jun 04 18:09:52 BST 2013]
Organization notifies agent (write): Prohibition [agent=a1, prohibition=[at(6, 5, a1)], sanction=[reduce_300(a1)], clock=0, time=Tue Jun 04 18:09:52 BST 2013]
Organization notifies agent (write): Prohibition [agent=a1, prohibition=[at(6, 6, a1)], sanction=[reduce_300(a1)], clock=0, time=Tue Jun 04 18:09:52 BST 2013]
Organization notifies agent (write): Prohibition [agent=a2, prohibition=[at(5, 5, a2)], sanction=[reduce_300(a2)], clock=0, time=Tue Jun 04 18:09:52 BST 2013]
Organization notifies agent (write): Prohibition [agent=a2, prohibition=[at(5, 6, a2)], sanction=[reduce_300(a2)], clock=0, time=Tue Jun 04 18:09:52 BST 2013]
Organization notifies agent (write): Prohibition [agent=a2, prohibition=[at(6, 5, a2)], sanction=[reduce_300(a2)], clock=0, time=Tue Jun 04 18:09:52 BST 2013]
Organization notifies agent (write): Prohibition [agent=a2, prohibition=[at(6, 6, a2)], sanction=[reduce_300(a2)], clock=0, time=Tue Jun 04 18:09:52 BST 2013]
Organization notifies agent (write): Prohibition [agent=a3, prohibition=[at(5, 5, a3)], sanction=[reduce_300(a3)], clock=0, time=Tue Jun 04 18:09:52 BST 2013]
Organization notifies agent (write): Prohibition [agent=a3, prohibition=[at(5, 6, a3)], sanction=[reduce_300(a3)], clock=0, time=Tue Jun 04 18:09:52 BST 2013]
Organization notifies agent (write): Prohibition [agent=a3, prohibition=[at(6, 5, a3)], sanction=[reduce_300(a3)], clock=0, time=Tue Jun 04 18:09:52 BST 2013]
Organization notifies agent (write): Prohibition [agent=a3, prohibition=[at(6, 6, a3)], sanction=[reduce_300(a3)], clock=0, time=Tue Jun 04 18:09:52 BST 2013]
