test2.
Service Registrar: 66e9658f-4997-42a1-b279-2fc0b6f16c8b
Java Space found.
TransactionManager found.
register a1
register a2
register a3
register c1
register t1
from/for agent a3  status(position(11, 2), 0)
Agent writes: Position [agent=a3, id=null, cell=Cell [x=11, y=2], time=Fri May 31 11:35:12 BST 2013, clock=0]
from/for agent t1  cargo(position(19, 19), 0)
Agent writes: Cargo [id=null, cell=Cell [x=19, y=19], time=Fri May 31 11:35:12 BST 2013, clock=0]
org position notification
from/for agent a2  status(position(7, 19), 0)
Agent writes: Position [agent=a2, id=null, cell=Cell [x=7, y=19], time=Fri May 31 11:35:12 BST 2013, clock=0]
Cargo [id=null, cell=null, time=null, clock=null]
from/for agent t1  obligation([cargo(_, _, _)], 15, [reduce_100(t1)])
Organization notifies agent (write): Obligation [agent=t1, obligation=[cargo(_, _, _)], sanction=[reduce_100(t1)], deadline=15, time=Fri May 31 11:35:13 BST 2013, clock=0]
Coin [id=null, cell=null, agent=a1, time=null, clock=null]
Got event for t1
agent obligation notification
from/for agent t1  status(position(18, 19), 0)
Agent writes: Position [agent=t1, id=null, cell=Cell [x=18, y=19], time=Fri May 31 11:35:13 BST 2013, clock=0]
from/for agent a1  obligation([makeReading(8, 6)], 50, [reduce_400(a1)])
Organization notifies agent (write): Obligation [agent=a1, obligation=[makeReading(8, 6)], sanction=[reduce_400(a1)], deadline=50, time=Fri May 31 11:35:13 BST 2013, clock=0]
Coin [id=null, cell=null, agent=a2, time=null, clock=null]
Got event for a1
agent obligation notification
from/for agent a1  obligation([makeReading(16, 6)], 50, [reduce_400(a1)])
Organization notifies agent (write): Obligation [agent=a1, obligation=[makeReading(16, 6)], sanction=[reduce_400(a1)], deadline=50, time=Fri May 31 11:35:14 BST 2013, clock=0]
Event sent to agent      a1 obligation(makeReading(16, 6), 50, reduce_400(a1))
from/for agent a2  status(position(6, 19), 0)
Agent writes: Position [agent=a2, id=null, cell=Cell [x=6, y=19], time=Fri May 31 11:35:14 BST 2013, clock=0]
Got event for a1
agent obligation notification
from/for agent a3  status(position(11, 3), 0)
Agent writes: Position [agent=a3, id=null, cell=Cell [x=11, y=3], time=Fri May 31 11:35:14 BST 2013, clock=0]
from/for agent c1  coin(position(8, 6), 0, a1)
Agent writes: Coin [id=null, cell=Cell [x=8, y=6], agent=a1, time=Fri May 31 11:35:14 BST 2013, clock=0]
from/for agent a1  status(position(3, 4), 0)
Agent writes: Position [agent=a1, id=null, cell=Cell [x=3, y=4], time=Fri May 31 11:35:14 BST 2013, clock=0]
Event sent to agent      a1 obligation(makeReading(16, 6), 50, reduce_400(a1))
Coin [id=null, cell=null, agent=a3, time=null, clock=null]
Event sent to agent      t1 obligation(cargo(_, _, _), 15, reduce_100(t1))
from/for agent a2  status(position(5, 19), 0)
Agent writes: Position [agent=a2, id=null, cell=Cell [x=5, y=19], time=Fri May 31 11:35:15 BST 2013, clock=0]
from/for agent t1  status(position(17, 19), 0)
Agent writes: Position [agent=t1, id=null, cell=Cell [x=17, y=19], time=Fri May 31 11:35:15 BST 2013, clock=0]
from/for agent c1  coin(position(16, 6), 0, a2)
Agent writes: Coin [id=null, cell=Cell [x=16, y=6], agent=a2, time=Fri May 31 11:35:15 BST 2013, clock=0]
from/for agent a1  status(position(3, 4), 0)
Agent writes: Position [agent=a1, id=null, cell=Cell [x=3, y=4], time=Fri May 31 11:35:15 BST 2013, clock=0]
from/for agent a1  obligation([makeReading(3, 9)], 50, [reduce_400(a1)])
Organization notifies agent (write): Obligation [agent=a1, obligation=[makeReading(3, 9)], sanction=[reduce_400(a1)], deadline=50, time=Fri May 31 11:35:15 BST 2013, clock=0]
from/for agent c1  coin(position(3, 9), 0, a3)
Agent writes: Coin [id=null, cell=Cell [x=3, y=9], agent=a3, time=Fri May 31 11:35:15 BST 2013, clock=0]
Coin [id=null, cell=null, agent=a1, time=null, clock=null]
Got event for a1
agent obligation notification
Event sent to agent      a1 obligation(makeReading(3, 9), 50, reduce_400(a1))
from/for agent a3  status(position(11, 4), 0)
Agent writes: Position [agent=a3, id=null, cell=Cell [x=11, y=4], time=Fri May 31 11:35:16 BST 2013, clock=0]
from/for agent a2  obligation([makeReading(8, 6)], 50, [reduce_400(a2)])
Organization notifies agent (write): Obligation [agent=a2, obligation=[makeReading(8, 6)], sanction=[reduce_400(a2)], deadline=50, time=Fri May 31 11:35:16 BST 2013, clock=0]
Got event for a2
agent obligation notification
from/for agent a2  status(position(4, 19), 0)
Agent writes: Position [agent=a2, id=null, cell=Cell [x=4, y=19], time=Fri May 31 11:35:16 BST 2013, clock=0]
from/for agent t1  status(position(16, 19), 0)
Agent writes: Position [agent=t1, id=null, cell=Cell [x=16, y=19], time=Fri May 31 11:35:17 BST 2013, clock=0]
Event sent to agent      a2 obligation(makeReading(8, 6), 50, reduce_400(a2))
Coin [id=null, cell=null, agent=a2, time=null, clock=null]
from/for agent a3  status(position(11, 5), 0)
Agent writes: Position [agent=a3, id=null, cell=Cell [x=11, y=5], time=Fri May 31 11:35:17 BST 2013, clock=0]
from/for agent a2  status(position(3, 19), 0)
Agent writes: Position [agent=a2, id=null, cell=Cell [x=3, y=19], time=Fri May 31 11:35:18 BST 2013, clock=0]
from/for agent t1  status(position(15, 19), 0)
Agent writes: Position [agent=t1, id=null, cell=Cell [x=15, y=19], time=Fri May 31 11:35:18 BST 2013, clock=0]
from/for agent a2  obligation([makeReading(16, 6)], 50, [reduce_400(a2)])
Organization notifies agent (write): Obligation [agent=a2, obligation=[makeReading(16, 6)], sanction=[reduce_400(a2)], deadline=50, time=Fri May 31 11:35:18 BST 2013, clock=0]
from/for agent a1  status(position(3, 5), 0)
Agent writes: Position [agent=a1, id=null, cell=Cell [x=3, y=5], time=Fri May 31 11:35:18 BST 2013, clock=0]
Got event for a2
agent obligation notification
from/for agent a3  status(position(11, 6), 0)
Agent writes: Position [agent=a3, id=null, cell=Cell [x=11, y=6], time=Fri May 31 11:35:18 BST 2013, clock=0]
Event sent to agent      a2 obligation(makeReading(16, 6), 50, reduce_400(a2))
from/for agent a1  status(position(3, 5), 0)
Agent writes: Position [agent=a1, id=null, cell=Cell [x=3, y=5], time=Fri May 31 11:35:19 BST 2013, clock=0]
Coin [id=null, cell=null, agent=a3, time=null, clock=null]
from/for agent a2  obligation([makeReading(3, 9)], 50, [reduce_400(a2)])
Organization notifies agent (write): Obligation [agent=a2, obligation=[makeReading(3, 9)], sanction=[reduce_400(a2)], deadline=50, time=Fri May 31 11:35:19 BST 2013, clock=0]
Coin [id=null, cell=null, agent=a1, time=null, clock=null]
Got event for a2
agent obligation notification
from/for agent a3  obligation([makeReading(8, 6)], 50, [reduce_400(a3)])
Organization notifies agent (write): Obligation [agent=a3, obligation=[makeReading(8, 6)], sanction=[reduce_400(a3)], deadline=50, time=Fri May 31 11:35:20 BST 2013, clock=0]
Event sent to agent      a2 obligation(makeReading(3, 9), 50, reduce_400(a2))
Coin [id=null, cell=null, agent=a2, time=null, clock=null]
Got event for a3
agent obligation notification
from/for agent t1  status(position(14, 19), 0)
Agent writes: Position [agent=t1, id=null, cell=Cell [x=14, y=19], time=Fri May 31 11:35:20 BST 2013, clock=0]
from/for agent a2  status(position(5, 19), 0)
Agent writes: Position [agent=a2, id=null, cell=Cell [x=5, y=19], time=Fri May 31 11:35:20 BST 2013, clock=0]
from/for agent a1  status(position(3, 5), 0)
Agent writes: Position [agent=a1, id=null, cell=Cell [x=3, y=5], time=Fri May 31 11:35:20 BST 2013, clock=0]
Event sent to agent      a3 obligation(makeReading(8, 6), 50, reduce_400(a3))
from/for agent a3  obligation([makeReading(16, 6)], 50, [reduce_400(a3)])
Organization notifies agent (write): Obligation [agent=a3, obligation=[makeReading(16, 6)], sanction=[reduce_400(a3)], deadline=50, time=Fri May 31 11:35:20 BST 2013, clock=0]
Got event for a3
agent obligation notification
from/for agent a3  status(position(11, 7), 0)
Agent writes: Position [agent=a3, id=null, cell=Cell [x=11, y=7], time=Fri May 31 11:35:21 BST 2013, clock=0]
from/for agent a2  status(position(3, 18), 0)
Agent writes: Position [agent=a2, id=null, cell=Cell [x=3, y=18], time=Fri May 31 11:35:21 BST 2013, clock=0]
Event sent to agent      a3 obligation(makeReading(16, 6), 50, reduce_400(a3))
Coin [id=null, cell=null, agent=a3, time=null, clock=null]
from/for agent t1  status(position(13, 19), 0)
Agent writes: Position [agent=t1, id=null, cell=Cell [x=13, y=19], time=Fri May 31 11:35:21 BST 2013, clock=0]
