test2.
Service Registrar: cd3a4044-12fc-4239-a9d9-b6afeec3f53d
Java Space found.
TransactionManager found.
register a1
register a2
register a3
register c1
register t1
from/for agent a1  status(position(3, 4), 0)
Agent writes: Position [agent=a1, id=null, cell=Cell [x=3, y=4], time=Tue Jun 04 11:36:18 BST 2013, clock=0]
from/for agent a1  status(position(3, 4), 0)
Agent writes: Position [agent=a1, id=null, cell=Cell [x=3, y=4], time=Tue Jun 04 11:36:18 BST 2013, clock=0]
from/for agent t1  cargo(position(19, 19), 0)
Agent writes: Cargo [id=null, cell=Cell [x=19, y=19], time=Tue Jun 04 11:36:18 BST 2013, clock=0]
org cargo notification
from/for agent a2  status(position(7, 19), 0)
Agent writes: Position [agent=a2, id=null, cell=Cell [x=7, y=19], time=Tue Jun 04 11:36:18 BST 2013, clock=0]
Cargo [id=null, cell=null, time=null, clock=null]
from/for agent t1  status(position(18, 19), 0)
Agent writes: Position [agent=t1, id=null, cell=Cell [x=18, y=19], time=Tue Jun 04 11:36:18 BST 2013, clock=0]
from/for agent a3  status(position(11, 2), 0)
Agent writes: Position [agent=a3, id=null, cell=Cell [x=11, y=2], time=Tue Jun 04 11:36:19 BST 2013, clock=0]
Coin [id=null, cell=null, agent=a1, time=null, clock=null]
from/for agent a2  status(position(6, 19), 0)
Agent writes: Position [agent=a2, id=null, cell=Cell [x=6, y=19], time=Tue Jun 04 11:36:20 BST 2013, clock=0]
from/for agent c1  coin(position(8, 6), 0, a1)
Agent writes: Coin [id=null, cell=Cell [x=8, y=6], agent=a1, time=Tue Jun 04 11:36:20 BST 2013, clock=0]
from/for agent c1  coin(position(16, 6), 0, a2)
Agent writes: Coin [id=null, cell=Cell [x=16, y=6], agent=a2, time=Tue Jun 04 11:36:20 BST 2013, clock=0]
from/for agent a3  status(position(11, 3), 0)
Agent writes: Position [agent=a3, id=null, cell=Cell [x=11, y=3], time=Tue Jun 04 11:36:20 BST 2013, clock=0]
Coin [id=null, cell=null, agent=a2, time=null, clock=null]
from/for agent a1  obligation([makeReading(16, 6)], 50, [reduce_400(a1)])
Organization notifies agent (write): Obligation [agent=a1, obligation=[makeReading(16, 6)], sanction=[reduce_400(a1)], deadline=50, time=Tue Jun 04 11:36:20 BST 2013, clock=0]
from/for agent c1  coin(position(3, 9), 0, a3)
Agent writes: Coin [id=null, cell=Cell [x=3, y=9], agent=a3, time=Tue Jun 04 11:36:20 BST 2013, clock=0]
from/for agent a1  status(position(3, 5), 0)
Agent writes: Position [agent=a1, id=null, cell=Cell [x=3, y=5], time=Tue Jun 04 11:36:20 BST 2013, clock=0]
from/for agent t1  status(position(17, 19), 0)
Agent writes: Position [agent=t1, id=null, cell=Cell [x=17, y=19], time=Tue Jun 04 11:36:21 BST 2013, clock=0]
Coin [id=null, cell=null, agent=a3, time=null, clock=null]
from/for agent a2  status(position(5, 19), 0)
Agent writes: Position [agent=a2, id=null, cell=Cell [x=5, y=19], time=Tue Jun 04 11:36:21 BST 2013, clock=0]
from/for agent a1  status(position(3, 5), 0)
Agent writes: Position [agent=a1, id=null, cell=Cell [x=3, y=5], time=Tue Jun 04 11:36:21 BST 2013, clock=0]
from/for agent a1  obligation([makeReading(3, 9)], 50, [reduce_400(a1)])
Organization notifies agent (write): Obligation [agent=a1, obligation=[makeReading(3, 9)], sanction=[reduce_400(a1)], deadline=50, time=Tue Jun 04 11:36:21 BST 2013, clock=0]
Coin [id=null, cell=null, agent=a1, time=null, clock=null]
Got event for a1
agent obligation notification
from/for agent a3  status(position(11, 4), 0)
Agent writes: Position [agent=a3, id=null, cell=Cell [x=11, y=4], time=Tue Jun 04 11:36:21 BST 2013, clock=0]
Event sent to agent      a1 obligation(makeReading(3, 9), 50, reduce_400(a1))
from/for agent a2  obligation([makeReading(8, 6)], 50, [reduce_400(a2)])
Organization notifies agent (write): Obligation [agent=a2, obligation=[makeReading(8, 6)], sanction=[reduce_400(a2)], deadline=50, time=Tue Jun 04 11:36:22 BST 2013, clock=0]
Got event for a2
agent obligation notification
from/for agent t1  status(position(16, 19), 0)
Agent writes: Position [agent=t1, id=null, cell=Cell [x=16, y=19], time=Tue Jun 04 11:36:22 BST 2013, clock=0]
from/for agent a3  status(position(11, 5), 0)
Agent writes: Position [agent=a3, id=null, cell=Cell [x=11, y=5], time=Tue Jun 04 11:36:22 BST 2013, clock=0]
from/for agent a2  status(position(4, 19), 0)
Agent writes: Position [agent=a2, id=null, cell=Cell [x=4, y=19], time=Tue Jun 04 11:36:23 BST 2013, clock=0]
Event sent to agent      a2 obligation(makeReading(8, 6), 50, reduce_400(a2))
Coin [id=null, cell=null, agent=a2, time=null, clock=null]
from/for agent t1  status(position(15, 19), 0)
Agent writes: Position [agent=t1, id=null, cell=Cell [x=15, y=19], time=Tue Jun 04 11:36:23 BST 2013, clock=0]
from/for agent a1  status(position(4, 5), 0)
Agent writes: Position [agent=a1, id=null, cell=Cell [x=4, y=5], time=Tue Jun 04 11:36:23 BST 2013, clock=0]
from/for agent a2  status(position(3, 19), 0)
Agent writes: Position [agent=a2, id=null, cell=Cell [x=3, y=19], time=Tue Jun 04 11:36:23 BST 2013, clock=0]
from/for agent a2  obligation([makeReading(16, 6)], 50, [reduce_400(a2)])
Organization notifies agent (write): Obligation [agent=a2, obligation=[makeReading(16, 6)], sanction=[reduce_400(a2)], deadline=50, time=Tue Jun 04 11:36:23 BST 2013, clock=0]
from/for agent a1  status(position(3, 6), 0)
Agent writes: Position [agent=a1, id=null, cell=Cell [x=3, y=6], time=Tue Jun 04 11:36:23 BST 2013, clock=0]
Coin [id=null, cell=null, agent=a3, time=null, clock=null]
Got event for a2
agent obligation notification
Event sent to agent      a2 obligation(makeReading(16, 6), 50, reduce_400(a2))
from/for agent a3  status(position(11, 6), 0)
Agent writes: Position [agent=a3, id=null, cell=Cell [x=11, y=6], time=Tue Jun 04 11:36:24 BST 2013, clock=0]
from/for agent a2  obligation([makeReading(3, 9)], 50, [reduce_400(a2)])
Organization notifies agent (write): Obligation [agent=a2, obligation=[makeReading(3, 9)], sanction=[reduce_400(a2)], deadline=50, time=Tue Jun 04 11:36:25 BST 2013, clock=0]
from/for agent a2  status(position(5, 19), 0)
Agent writes: Position [agent=a2, id=null, cell=Cell [x=5, y=19], time=Tue Jun 04 11:36:25 BST 2013, clock=0]
Coin [id=null, cell=null, agent=a1, time=null, clock=null]
Got event for a2
agent obligation notification
from/for agent t1  status(position(14, 19), 0)
Agent writes: Position [agent=t1, id=null, cell=Cell [x=14, y=19], time=Tue Jun 04 11:36:25 BST 2013, clock=0]
Event sent to agent      a2 obligation(makeReading(3, 9), 50, reduce_400(a2))
from/for agent a2  status(position(3, 18), 0)
Agent writes: Position [agent=a2, id=null, cell=Cell [x=3, y=18], time=Tue Jun 04 11:36:25 BST 2013, clock=0]
from/for agent a3  obligation([makeReading(8, 6)], 50, [reduce_400(a3)])
Organization notifies agent (write): Obligation [agent=a3, obligation=[makeReading(8, 6)], sanction=[reduce_400(a3)], deadline=50, time=Tue Jun 04 11:36:26 BST 2013, clock=0]
Got event for a3
agent obligation notification
from/for agent a1  status(position(3, 6), 0)
Agent writes: Position [agent=a1, id=null, cell=Cell [x=3, y=6], time=Tue Jun 04 11:36:26 BST 2013, clock=0]
from/for agent a3  status(position(11, 7), 0)
Agent writes: Position [agent=a3, id=null, cell=Cell [x=11, y=7], time=Tue Jun 04 11:36:26 BST 2013, clock=0]
Event sent to agent      a3 obligation(makeReading(8, 6), 50, reduce_400(a3))
Coin [id=null, cell=null, agent=a2, time=null, clock=null]
from/for agent a3  obligation([makeReading(16, 6)], 50, [reduce_400(a3)])
Organization notifies agent (write): Obligation [agent=a3, obligation=[makeReading(16, 6)], sanction=[reduce_400(a3)], deadline=50, time=Tue Jun 04 11:36:27 BST 2013, clock=0]
Coin [id=null, cell=null, agent=a3, time=null, clock=null]
Got event for a3
agent obligation notification
Event sent to agent      a3 obligation(makeReading(16, 6), 50, reduce_400(a3))
from/for agent a3  obligation([makeReading(3, 9)], 50, [reduce_400(a3)])
Organization notifies agent (write): Obligation [agent=a3, obligation=[makeReading(3, 9)], sanction=[reduce_400(a3)], deadline=50, time=Tue Jun 04 11:36:27 BST 2013, clock=0]
from/for agent t1  prohibition([at(5, 5, t1)], [reduce_300(t1)])
Organization notifies agent (write): Prohibition [agent=t1, prohibition=[at(5, 5, t1)], sanction=[reduce_300(t1)], clock=0, time=Tue Jun 04 11:36:27 BST 2013]
Got event for a3
from/for agent t1  prohibition([at(5, 6, t1)], [reduce_300(t1)])
Organization notifies agent (write): Prohibition [agent=t1, prohibition=[at(5, 6, t1)], sanction=[reduce_300(t1)], clock=0, time=Tue Jun 04 11:36:27 BST 2013]
agent obligation notification
from/for agent t1  prohibition([at(6, 5, t1)], [reduce_300(t1)])
Organization notifies agent (write): Prohibition [agent=t1, prohibition=[at(6, 5, t1)], sanction=[reduce_300(t1)], clock=0, time=Tue Jun 04 11:36:27 BST 2013]
from/for agent t1  prohibition([at(6, 6, t1)], [reduce_300(t1)])
Organization notifies agent (write): Prohibition [agent=t1, prohibition=[at(6, 6, t1)], sanction=[reduce_300(t1)], clock=0, time=Tue Jun 04 11:36:27 BST 2013]
Coin [id=null, cell=null, agent=null, time=null, clock=null]
Got event for t1
agent prohibition notification
Event sent to agent      a3 obligation(makeReading(3, 9), 50, reduce_400(a3))
Event sent to agent      t1 prohibition(at(6, 6, t1), reduce_300(t1))
from/for agent t1  status(position(13, 19), 0)
Agent writes: Position [agent=t1, id=null, cell=Cell [x=13, y=19], time=Tue Jun 04 11:36:28 BST 2013, clock=0]
from/for agent c1  prohibition([coin(5, 5, a1)], [reduce_300(c1)])
Organization notifies agent (write): Prohibition [agent=c1, prohibition=[coin(5, 5, a1)], sanction=[reduce_300(c1)], clock=0, time=Tue Jun 04 11:36:29 BST 2013]
from/for agent a1  status(position(4, 6), 0)
Agent writes: Position [agent=a1, id=null, cell=Cell [x=4, y=6], time=Tue Jun 04 11:36:29 BST 2013, clock=0]
from/for agent a1  status(position(3, 7), 0)
Agent writes: Position [agent=a1, id=null, cell=Cell [x=3, y=7], time=Tue Jun 04 11:36:29 BST 2013, clock=0]
from/for agent c1  prohibition([coin(5, 6, a1)], [reduce_300(c1)])
Organization notifies agent (write): Prohibition [agent=c1, prohibition=[coin(5, 6, a1)], sanction=[reduce_300(c1)], clock=0, time=Tue Jun 04 11:36:29 BST 2013]
from/for agent c1  prohibition([coin(6, 5, a1)], [reduce_300(c1)])
Organization notifies agent (write): Prohibition [agent=c1, prohibition=[coin(6, 5, a1)], sanction=[reduce_300(c1)], clock=0, time=Tue Jun 04 11:36:29 BST 2013]
Got event for c1
agent prohibition notification
from/for agent a2  status(position(6, 19), 0)
Agent writes: Position [agent=a2, id=null, cell=Cell [x=6, y=19], time=Tue Jun 04 11:36:29 BST 2013, clock=0]
Event sent to agent      c1 prohibition(coin(6, 5, a1), reduce_300(c1))
from/for agent c1  prohibition([coin(6, 6, a1)], [reduce_300(c1)])
Organization notifies agent (write): Prohibition [agent=c1, prohibition=[coin(6, 6, a1)], sanction=[reduce_300(c1)], clock=0, time=Tue Jun 04 11:36:29 BST 2013]
Got event for c1
agent prohibition notification
from/for agent c1  prohibition([coin(5, 5, a2)], [reduce_300(c1)])
Organization notifies agent (write): Prohibition [agent=c1, prohibition=[coin(5, 5, a2)], sanction=[reduce_300(c1)], clock=0, time=Tue Jun 04 11:36:29 BST 2013]
Event sent to agent      c1 prohibition(coin(5, 5, a2), reduce_300(c1))
from/for agent a2  status(position(6, 19), 0)
Agent writes: Position [agent=a2, id=null, cell=Cell [x=6, y=19], time=Tue Jun 04 11:36:30 BST 2013, clock=0]
Got event for c1
agent prohibition notification
from/for agent a3  status(position(11, 8), 0)
Agent writes: Position [agent=a3, id=null, cell=Cell [x=11, y=8], time=Tue Jun 04 11:36:30 BST 2013, clock=0]
Event sent to agent      c1 prohibition(coin(5, 5, a2), reduce_300(c1))
from/for agent t1  status(position(12, 19), 0)
Agent writes: Position [agent=t1, id=null, cell=Cell [x=12, y=19], time=Tue Jun 04 11:36:30 BST 2013, clock=0]
from/for agent c1  prohibition([coin(5, 6, a2)], [reduce_300(c1)])
Organization notifies agent (write): Prohibition [agent=c1, prohibition=[coin(5, 6, a2)], sanction=[reduce_300(c1)], clock=0, time=Tue Jun 04 11:36:30 BST 2013]
from/for agent a2  status(position(3, 17), 0)
Agent writes: Position [agent=a2, id=null, cell=Cell [x=3, y=17], time=Tue Jun 04 11:36:30 BST 2013, clock=0]
from/for agent a3  status(position(10, 7), 0)
Agent writes: Position [agent=a3, id=null, cell=Cell [x=10, y=7], time=Tue Jun 04 11:36:30 BST 2013, clock=0]
Got event for c1
agent prohibition notification
Event sent to agent      c1 prohibition(coin(5, 6, a2), reduce_300(c1))
from/for agent c1  prohibition([coin(6, 5, a2)], [reduce_300(c1)])
Organization notifies agent (write): Prohibition [agent=c1, prohibition=[coin(6, 5, a2)], sanction=[reduce_300(c1)], clock=0, time=Tue Jun 04 11:36:31 BST 2013]
from/for agent a3  status(position(12, 7), 0)
Agent writes: Position [agent=a3, id=null, cell=Cell [x=12, y=7], time=Tue Jun 04 11:36:31 BST 2013, clock=0]
Got event for c1
agent prohibition notification
from/for agent a2  status(position(3, 17), 0)
Agent writes: Position [agent=a2, id=null, cell=Cell [x=3, y=17], time=Tue Jun 04 11:36:32 BST 2013, clock=0]
Event sent to agent      c1 prohibition(coin(6, 5, a2), reduce_300(c1))
from/for agent c1  prohibition([coin(6, 6, a2)], [reduce_300(c1)])
Organization notifies agent (write): Prohibition [agent=c1, prohibition=[coin(6, 6, a2)], sanction=[reduce_300(c1)], clock=0, time=Tue Jun 04 11:36:33 BST 2013]
from/for agent c1  prohibition([coin(5, 5, a3)], [reduce_300(c1)])
Organization notifies agent (write): Prohibition [agent=c1, prohibition=[coin(5, 5, a3)], sanction=[reduce_300(c1)], clock=0, time=Tue Jun 04 11:36:33 BST 2013]
Got event for c1
agent prohibition notification
from/for agent c1  prohibition([coin(5, 6, a3)], [reduce_300(c1)])
Organization notifies agent (write): Prohibition [agent=c1, prohibition=[coin(5, 6, a3)], sanction=[reduce_300(c1)], clock=0, time=Tue Jun 04 11:36:33 BST 2013]
from/for agent c1  prohibition([coin(6, 5, a3)], [reduce_300(c1)])
Organization notifies agent (write): Prohibition [agent=c1, prohibition=[coin(6, 5, a3)], sanction=[reduce_300(c1)], clock=0, time=Tue Jun 04 11:36:33 BST 2013]
from/for agent c1  prohibition([coin(6, 6, a3)], [reduce_300(c1)])
Organization notifies agent (write): Prohibition [agent=c1, prohibition=[coin(6, 6, a3)], sanction=[reduce_300(c1)], clock=0, time=Tue Jun 04 11:36:33 BST 2013]
Reading [id=null, agent=a1, cell=null, time=null, value=null, clock=null]
Reading [id=null, agent=a2, cell=null, time=null, value=null, clock=null]
from/for agent a1  status(position(3, 7), 0)
Agent writes: Position [agent=a1, id=null, cell=Cell [x=3, y=7], time=Tue Jun 04 11:36:34 BST 2013, clock=0]
Event sent to agent      c1 prohibition(coin(6, 6, a3), reduce_300(c1))
from/for agent a3  status(position(11, 8), 0)
Agent writes: Position [agent=a3, id=null, cell=Cell [x=11, y=8], time=Tue Jun 04 11:36:34 BST 2013, clock=0]
Reading [id=null, agent=a3, cell=null, time=null, value=null, clock=null]
Got event for c1
agent prohibition notification
from/for agent t1  status(position(11, 19), 0)
Agent writes: Position [agent=t1, id=null, cell=Cell [x=11, y=19], time=Tue Jun 04 11:36:34 BST 2013, clock=0]
from/for agent a1  prohibition([at(5, 5, a1)], [reduce_300(a1)])
Organization notifies agent (write): Prohibition [agent=a1, prohibition=[at(5, 5, a1)], sanction=[reduce_300(a1)], clock=0, time=Tue Jun 04 11:36:34 BST 2013]
Got event for a1
agent prohibition notification
from/for agent a2  status(position(7, 19), 0)
Agent writes: Position [agent=a2, id=null, cell=Cell [x=7, y=19], time=Tue Jun 04 11:36:34 BST 2013, clock=0]
Event sent to agent      c1 prohibition(coin(6, 6, a3), reduce_300(c1))
from/for agent a3  status(position(10, 8), 0)
Agent writes: Position [agent=a3, id=null, cell=Cell [x=10, y=8], time=Tue Jun 04 11:36:35 BST 2013, clock=0]
from/for agent a1  status(position(4, 7), 0)
Agent writes: Position [agent=a1, id=null, cell=Cell [x=4, y=7], time=Tue Jun 04 11:36:35 BST 2013, clock=0]
Event sent to agent      a1 prohibition(at(5, 5, a1), reduce_300(a1))
from/for agent a1  prohibition([at(5, 6, a1)], [reduce_300(a1)])
Organization notifies agent (write): Prohibition [agent=a1, prohibition=[at(5, 6, a1)], sanction=[reduce_300(a1)], clock=0, time=Tue Jun 04 11:36:35 BST 2013]
from/for agent a1  status(position(3, 8), 0)
Agent writes: Position [agent=a1, id=null, cell=Cell [x=3, y=8], time=Tue Jun 04 11:36:35 BST 2013, clock=0]
from/for agent a1  prohibition([at(6, 5, a1)], [reduce_300(a1)])
Organization notifies agent (write): Prohibition [agent=a1, prohibition=[at(6, 5, a1)], sanction=[reduce_300(a1)], clock=0, time=Tue Jun 04 11:36:35 BST 2013]
Got event for a1
agent prohibition notification
Event sent to agent      a1 prohibition(at(6, 5, a1), reduce_300(a1))
from/for agent a2  status(position(7, 19), 0)
Agent writes: Position [agent=a2, id=null, cell=Cell [x=7, y=19], time=Tue Jun 04 11:36:35 BST 2013, clock=0]
Got event for a1
agent prohibition notification
from/for agent a1  prohibition([at(6, 6, a1)], [reduce_300(a1)])
Organization notifies agent (write): Prohibition [agent=a1, prohibition=[at(6, 6, a1)], sanction=[reduce_300(a1)], clock=0, time=Tue Jun 04 11:36:36 BST 2013]
from/for agent a3  status(position(11, 7), 0)
Agent writes: Position [agent=a3, id=null, cell=Cell [x=11, y=7], time=Tue Jun 04 11:36:36 BST 2013, clock=0]
Event sent to agent      a1 prohibition(at(6, 6, a1), reduce_300(a1))
Got event for a1
agent prohibition notification
from/for agent a2  status(position(3, 16), 0)
Agent writes: Position [agent=a2, id=null, cell=Cell [x=3, y=16], time=Tue Jun 04 11:36:36 BST 2013, clock=0]
from/for agent t1  status(position(10, 19), 0)
Agent writes: Position [agent=t1, id=null, cell=Cell [x=10, y=19], time=Tue Jun 04 11:36:36 BST 2013, clock=0]
from/for agent a2  prohibition([at(5, 5, a2)], [reduce_300(a2)])
Organization notifies agent (write): Prohibition [agent=a2, prohibition=[at(5, 5, a2)], sanction=[reduce_300(a2)], clock=0, time=Tue Jun 04 11:36:36 BST 2013]
Got event for a2
agent prohibition notification
Event sent to agent      a1 prohibition(at(6, 6, a1), reduce_300(a1))
from/for agent a3  status(position(13, 7), 0)
Agent writes: Position [agent=a3, id=null, cell=Cell [x=13, y=7], time=Tue Jun 04 11:36:37 BST 2013, clock=0]
Event sent to agent      a2 prohibition(at(5, 5, a2), reduce_300(a2))
from/for agent a2  prohibition([at(5, 6, a2)], [reduce_300(a2)])
Organization notifies agent (write): Prohibition [agent=a2, prohibition=[at(5, 6, a2)], sanction=[reduce_300(a2)], clock=0, time=Tue Jun 04 11:36:38 BST 2013]
Got event for a2
agent prohibition notification
from/for agent a1  status(position(3, 8), 0)
Agent writes: Position [agent=a1, id=null, cell=Cell [x=3, y=8], time=Tue Jun 04 11:36:38 BST 2013, clock=0]
from/for agent t1  status(position(9, 19), 0)
Agent writes: Position [agent=t1, id=null, cell=Cell [x=9, y=19], time=Tue Jun 04 11:36:38 BST 2013, clock=0]
from/for agent a2  status(position(3, 16), 0)
Agent writes: Position [agent=a2, id=null, cell=Cell [x=3, y=16], time=Tue Jun 04 11:36:38 BST 2013, clock=0]
Event sent to agent      a2 prohibition(at(5, 6, a2), reduce_300(a2))
from/for agent a2  prohibition([at(6, 5, a2)], [reduce_300(a2)])
Organization notifies agent (write): Prohibition [agent=a2, prohibition=[at(6, 5, a2)], sanction=[reduce_300(a2)], clock=0, time=Tue Jun 04 11:36:38 BST 2013]
from/for agent a3  status(position(11, 9), 0)
Agent writes: Position [agent=a3, id=null, cell=Cell [x=11, y=9], time=Tue Jun 04 11:36:38 BST 2013, clock=0]
from/for agent a2  prohibition([at(6, 6, a2)], [reduce_300(a2)])
Got event for a2
Organization notifies agent (write): Prohibition [agent=a2, prohibition=[at(6, 6, a2)], sanction=[reduce_300(a2)], clock=0, time=Tue Jun 04 11:36:38 BST 2013]
agent prohibition notification
Event sent to agent      a2 prohibition(at(6, 6, a2), reduce_300(a2))
Got event for a2
agent prohibition notification
from/for agent a1  status(position(4, 8), 0)
Agent writes: Position [agent=a1, id=null, cell=Cell [x=4, y=8], time=Tue Jun 04 11:36:39 BST 2013, clock=0]
from/for agent a3  prohibition([at(5, 5, a3)], [reduce_300(a3)])
Organization notifies agent (write): Prohibition [agent=a3, prohibition=[at(5, 5, a3)], sanction=[reduce_300(a3)], clock=0, time=Tue Jun 04 11:36:39 BST 2013]
from/for agent a1  status(position(3, 9), 0)
Agent writes: Position [agent=a1, id=null, cell=Cell [x=3, y=9], time=Tue Jun 04 11:36:39 BST 2013, clock=0]
from/for agent a3  status(position(11, 8), 0)
Agent writes: Position [agent=a3, id=null, cell=Cell [x=11, y=8], time=Tue Jun 04 11:36:39 BST 2013, clock=0]
Got event for a3
agent prohibition notification
Event sent to agent      a2 prohibition(at(6, 6, a2), reduce_300(a2))
from/for agent a2  status(position(8, 19), 0)
Agent writes: Position [agent=a2, id=null, cell=Cell [x=8, y=19], time=Tue Jun 04 11:36:39 BST 2013, clock=0]
Event sent to agent      a3 prohibition(at(5, 5, a3), reduce_300(a3))
from/for agent a3  prohibition([at(5, 6, a3)], [reduce_300(a3)])
Organization notifies agent (write): Prohibition [agent=a3, prohibition=[at(5, 6, a3)], sanction=[reduce_300(a3)], clock=0, time=Tue Jun 04 11:36:40 BST 2013]
from/for agent a3  status(position(12, 7), 0)
Agent writes: Position [agent=a3, id=null, cell=Cell [x=12, y=7], time=Tue Jun 04 11:36:40 BST 2013, clock=0]
Got event for a3
agent prohibition notification
from/for agent t1  status(position(8, 19), 0)
Agent writes: Position [agent=t1, id=null, cell=Cell [x=8, y=19], time=Tue Jun 04 11:36:40 BST 2013, clock=0]
from/for agent a2  status(position(8, 19), 0)
Agent writes: Position [agent=a2, id=null, cell=Cell [x=8, y=19], time=Tue Jun 04 11:36:40 BST 2013, clock=0]
Event sent to agent      a3 prohibition(at(5, 6, a3), reduce_300(a3))
from/for agent a3  prohibition([at(6, 5, a3)], [reduce_300(a3)])
Organization notifies agent (write): Prohibition [agent=a3, prohibition=[at(6, 5, a3)], sanction=[reduce_300(a3)], clock=0, time=Tue Jun 04 11:36:40 BST 2013]
Got event for a3
agent prohibition notification
from/for agent a3  status(position(14, 7), 0)
Agent writes: Position [agent=a3, id=null, cell=Cell [x=14, y=7], time=Tue Jun 04 11:36:41 BST 2013, clock=0]
Event sent to agent      a3 prohibition(at(6, 5, a3), reduce_300(a3))
from/for agent a3  prohibition([at(6, 6, a3)], [reduce_300(a3)])
Organization notifies agent (write): Prohibition [agent=a3, prohibition=[at(6, 6, a3)], sanction=[reduce_300(a3)], clock=0, time=Tue Jun 04 11:36:42 BST 2013]
from/for agent a2  status(position(3, 15), 0)
Agent writes: Position [agent=a2, id=null, cell=Cell [x=3, y=15], time=Tue Jun 04 11:36:42 BST 2013, clock=0]
from/for agent t1  status(position(7, 19), 0)
Agent writes: Position [agent=t1, id=null, cell=Cell [x=7, y=19], time=Tue Jun 04 11:36:42 BST 2013, clock=0]
Got event for a3
agent prohibition notification
from/for agent a1  status(position(3, 9), 0)
Agent writes: Position [agent=a1, id=null, cell=Cell [x=3, y=9], time=Tue Jun 04 11:36:42 BST 2013, clock=0]
Event sent to agent      a3 prohibition(at(6, 6, a3), reduce_300(a3))
from/for agent a3  status(position(10, 9), 0)
Agent writes: Position [agent=a3, id=null, cell=Cell [x=10, y=9], time=Tue Jun 04 11:36:42 BST 2013, clock=0]
Position [agent=t1, id=null, cell=null, time=null, clock=null]
from/for agent a1  status(position(4, 9), 0)
Agent writes: Position [agent=a1, id=null, cell=Cell [x=4, y=9], time=Tue Jun 04 11:36:43 BST 2013, clock=0]
from/for agent a3  status(position(12, 8), 0)
Agent writes: Position [agent=a3, id=null, cell=Cell [x=12, y=8], time=Tue Jun 04 11:36:43 BST 2013, clock=0]
from/for agent t1  status(position(6, 19), 0)
Agent writes: Position [agent=t1, id=null, cell=Cell [x=6, y=19], time=Tue Jun 04 11:36:43 BST 2013, clock=0]
from/for agent a1  status(position(3, 10), 0)
Agent writes: Position [agent=a1, id=null, cell=Cell [x=3, y=10], time=Tue Jun 04 11:36:43 BST 2013, clock=0]
Position [agent=t1, id=null, cell=null, time=null, clock=null]
from/for agent a3  status(position(13, 7), 0)
Agent writes: Position [agent=a3, id=null, cell=Cell [x=13, y=7], time=Tue Jun 04 11:36:44 BST 2013, clock=0]
Position [agent=t1, id=null, cell=null, time=null, clock=null]
from/for agent a2  status(position(3, 15), 0)
Agent writes: Position [agent=a2, id=null, cell=Cell [x=3, y=15], time=Tue Jun 04 11:36:45 BST 2013, clock=0]
Position [agent=t1, id=null, cell=null, time=null, clock=null]
from/for agent a3  status(position(15, 7), 0)
Agent writes: Position [agent=a3, id=null, cell=Cell [x=15, y=7], time=Tue Jun 04 11:36:45 BST 2013, clock=0]
Coin [id=null, cell=null, agent=null, time=null, clock=null]
Coin [id=null, cell=null, agent=null, time=null, clock=null]
from/for agent t1  status(position(5, 19), 0)
Agent writes: Position [agent=t1, id=null, cell=Cell [x=5, y=19], time=Tue Jun 04 11:36:46 BST 2013, clock=0]
Coin [id=null, cell=null, agent=null, time=null, clock=null]
Coin [id=null, cell=null, agent=null, time=null, clock=null]
from/for agent a2  status(position(8, 18), 0)
Agent writes: Position [agent=a2, id=null, cell=Cell [x=8, y=18], time=Tue Jun 04 11:36:47 BST 2013, clock=0]
from/for agent a1  status(position(4, 10), 0)
Agent writes: Position [agent=a1, id=null, cell=Cell [x=4, y=10], time=Tue Jun 04 11:36:47 BST 2013, clock=0]
Coin [id=null, cell=null, agent=null, time=null, clock=null]
Coin [id=null, cell=null, agent=null, time=null, clock=null]
from/for agent a2  status(position(9, 19), 0)
Agent writes: Position [agent=a2, id=null, cell=Cell [x=9, y=19], time=Tue Jun 04 11:36:47 BST 2013, clock=0]
from/for agent t1  status(position(4, 19), 0)
Agent writes: Position [agent=t1, id=null, cell=Cell [x=4, y=19], time=Tue Jun 04 11:36:47 BST 2013, clock=0]
from/for agent a1  status(position(4, 10), 0)
Agent writes: Position [agent=a1, id=null, cell=Cell [x=4, y=10], time=Tue Jun 04 11:36:47 BST 2013, clock=0]
Coin [id=null, cell=null, agent=null, time=null, clock=null]
from/for agent a3  status(position(9, 9), 0)
Agent writes: Position [agent=a3, id=null, cell=Cell [x=9, y=9], time=Tue Jun 04 11:36:48 BST 2013, clock=0]
Coin [id=null, cell=null, agent=null, time=null, clock=null]
Coin [id=null, cell=null, agent=null, time=null, clock=null]
from/for agent a2  status(position(3, 14), 0)
Agent writes: Position [agent=a2, id=null, cell=Cell [x=3, y=14], time=Tue Jun 04 11:36:49 BST 2013, clock=0]
Coin [id=null, cell=null, agent=null, time=null, clock=null]
from/for agent a3  status(position(13, 8), 0)
Agent writes: Position [agent=a3, id=null, cell=Cell [x=13, y=8], time=Tue Jun 04 11:36:49 BST 2013, clock=0]
from/for agent t1  status(position(3, 19), 0)
Agent writes: Position [agent=t1, id=null, cell=Cell [x=3, y=19], time=Tue Jun 04 11:36:49 BST 2013, clock=0]
Coin [id=null, cell=null, agent=null, time=null, clock=null]
Coin [id=null, cell=null, agent=null, time=null, clock=null]
from/for agent a1  status(position(5, 10), 0)
Agent writes: Position [agent=a1, id=null, cell=Cell [x=5, y=10], time=Tue Jun 04 11:36:50 BST 2013, clock=0]
Position [agent=a1, id=null, cell=null, time=null, clock=null]
from/for agent a3  status(position(14, 7), 0)
Agent writes: Position [agent=a3, id=null, cell=Cell [x=14, y=7], time=Tue Jun 04 11:36:50 BST 2013, clock=0]
Position [agent=a1, id=null, cell=null, time=null, clock=null]
from/for agent a1  status(position(5, 10), 0)
Agent writes: Position [agent=a1, id=null, cell=Cell [x=5, y=10], time=Tue Jun 04 11:36:51 BST 2013, clock=0]
Position [agent=a1, id=null, cell=null, time=null, clock=null]
from/for agent a3  status(position(16, 7), 0)
Agent writes: Position [agent=a3, id=null, cell=Cell [x=16, y=7], time=Tue Jun 04 11:36:51 BST 2013, clock=0]
from/for agent a2  status(position(3, 14), 0)
Agent writes: Position [agent=a2, id=null, cell=Cell [x=3, y=14], time=Tue Jun 04 11:36:51 BST 2013, clock=0]
Position [agent=a1, id=null, cell=null, time=null, clock=null]
from/for agent t1  status(position(2, 19), 0)
Agent writes: Position [agent=t1, id=null, cell=Cell [x=2, y=19], time=Tue Jun 04 11:36:52 BST 2013, clock=0]
Position [agent=a2, id=null, cell=null, time=null, clock=null]
from/for agent a2  status(position(8, 19), 0)
Agent writes: Position [agent=a2, id=null, cell=Cell [x=8, y=19], time=Tue Jun 04 11:36:53 BST 2013, clock=0]
Position [agent=a2, id=null, cell=null, time=null, clock=null]
from/for agent t1  status(position(2, 18), 0)
Agent writes: Position [agent=t1, id=null, cell=Cell [x=2, y=18], time=Tue Jun 04 11:36:54 BST 2013, clock=0]
from/for agent a2  status(position(10, 19), 0)
Agent writes: Position [agent=a2, id=null, cell=Cell [x=10, y=19], time=Tue Jun 04 11:36:54 BST 2013, clock=0]
from/for agent a3  status(position(8, 9), 0)
Agent writes: Position [agent=a3, id=null, cell=Cell [x=8, y=9], time=Tue Jun 04 11:36:54 BST 2013, clock=0]
Position [agent=a2, id=null, cell=null, time=null, clock=null]
from/for agent a1  status(position(5, 9), 0)
Agent writes: Position [agent=a1, id=null, cell=Cell [x=5, y=9], time=Tue Jun 04 11:36:54 BST 2013, clock=0]
from/for agent a1  status(position(6, 10), 0)
Agent writes: Position [agent=a1, id=null, cell=Cell [x=6, y=10], time=Tue Jun 04 11:36:54 BST 2013, clock=0]
from/for agent a2  status(position(3, 13), 0)
Agent writes: Position [agent=a2, id=null, cell=Cell [x=3, y=13], time=Tue Jun 04 11:36:54 BST 2013, clock=0]
Position [agent=a2, id=null, cell=null, time=null, clock=null]
from/for agent a3  status(position(14, 8), 0)
Agent writes: Position [agent=a3, id=null, cell=Cell [x=14, y=8], time=Tue Jun 04 11:36:55 BST 2013, clock=0]
Position [agent=a3, id=null, cell=null, time=null, clock=null]
from/for agent a2  status(position(3, 13), 0)
Agent writes: Position [agent=a2, id=null, cell=Cell [x=3, y=13], time=Tue Jun 04 11:36:56 BST 2013, clock=0]
from/for agent t1  status(position(2, 17), 0)
Agent writes: Position [agent=t1, id=null, cell=Cell [x=2, y=17], time=Tue Jun 04 11:36:56 BST 2013, clock=0]
from/for agent a3  status(position(15, 7), 0)
Agent writes: Position [agent=a3, id=null, cell=Cell [x=15, y=7], time=Tue Jun 04 11:36:56 BST 2013, clock=0]
Position [agent=a3, id=null, cell=null, time=null, clock=null]
from/for agent a2  status(position(9, 19), 0)
Agent writes: Position [agent=a2, id=null, cell=Cell [x=9, y=19], time=Tue Jun 04 11:36:56 BST 2013, clock=0]
from/for agent a3  status(position(16, 6), 0)
Agent writes: Position [agent=a3, id=null, cell=Cell [x=16, y=6], time=Tue Jun 04 11:36:57 BST 2013, clock=0]
from/for agent a2  status(position(11, 19), 0)
Agent writes: Position [agent=a2, id=null, cell=Cell [x=11, y=19], time=Tue Jun 04 11:36:57 BST 2013, clock=0]
Position [agent=a3, id=null, cell=null, time=null, clock=null]
from/for agent a2  status(position(3, 12), 0)
Agent writes: Position [agent=a2, id=null, cell=Cell [x=3, y=12], time=Tue Jun 04 11:36:57 BST 2013, clock=0]
Position [agent=a3, id=null, cell=null, time=null, clock=null]
from/for agent a1  status(position(5, 10), 0)
Agent writes: Position [agent=a1, id=null, cell=Cell [x=5, y=10], time=Tue Jun 04 11:36:58 BST 2013, clock=0]
Cargo [id=null, cell=null, time=null, clock=null]
from/for agent a1  status(position(7, 10), 0)
Agent writes: Position [agent=a1, id=null, cell=Cell [x=7, y=10], time=Tue Jun 04 11:36:58 BST 2013, clock=0]
from/for agent t1  status(position(2, 16), 0)
Agent writes: Position [agent=t1, id=null, cell=Cell [x=2, y=16], time=Tue Jun 04 11:36:58 BST 2013, clock=0]
Coin [id=null, cell=null, agent=a1, time=null, clock=null]
from/for agent a3  status(position(7, 9), 0)
Agent writes: Position [agent=a3, id=null, cell=Cell [x=7, y=9], time=Tue Jun 04 11:36:59 BST 2013, clock=0]
from/for agent a1  obligation([makeReading(8, 6)], 50, [reduce_400(a1)])
Organization notifies agent (write): Obligation [agent=a1, obligation=[makeReading(8, 6)], sanction=[reduce_400(a1)], deadline=50, time=Tue Jun 04 11:36:59 BST 2013, clock=0]
from/for agent a2  status(position(3, 12), 0)
Agent writes: Position [agent=a2, id=null, cell=Cell [x=3, y=12], time=Tue Jun 04 11:36:59 BST 2013, clock=0]
Coin [id=null, cell=null, agent=a2, time=null, clock=null]
Got event for a1
agent obligation notification
Coin [id=null, cell=null, agent=a3, time=null, clock=null]
Event sent to agent      a1 obligation(makeReading(8, 6), 50, reduce_400(a1))
Coin [id=null, cell=null, agent=a1, time=null, clock=null]
from/for agent a3  status(position(15, 8), 0)
Agent writes: Position [agent=a3, id=null, cell=Cell [x=15, y=8], time=Tue Jun 04 11:37:00 BST 2013, clock=0]
from/for agent t1  status(position(2, 15), 0)
Agent writes: Position [agent=t1, id=null, cell=Cell [x=2, y=15], time=Tue Jun 04 11:37:00 BST 2013, clock=0]
Coin [id=null, cell=null, agent=a2, time=null, clock=null]
from/for agent a2  status(position(10, 19), 0)
Agent writes: Position [agent=a2, id=null, cell=Cell [x=10, y=19], time=Tue Jun 04 11:37:00 BST 2013, clock=0]
Coin [id=null, cell=null, agent=a3, time=null, clock=null]
from/for agent a3  status(position(15, 6), 0)
Agent writes: Position [agent=a3, id=null, cell=Cell [x=15, y=6], time=Tue Jun 04 11:37:01 BST 2013, clock=0]
Coin [id=null, cell=null, agent=a1, time=null, clock=null]
from/for agent a2  status(position(12, 19), 0)
Agent writes: Position [agent=a2, id=null, cell=Cell [x=12, y=19], time=Tue Jun 04 11:37:01 BST 2013, clock=0]
Coin [id=null, cell=null, agent=a2, time=null, clock=null]
from/for agent a1  status(position(6, 10), 0)
Agent writes: Position [agent=a1, id=null, cell=Cell [x=6, y=10], time=Tue Jun 04 11:37:02 BST 2013, clock=0]
from/for agent a1  status(position(8, 10), 0)
Agent writes: Position [agent=a1, id=null, cell=Cell [x=8, y=10], time=Tue Jun 04 11:37:02 BST 2013, clock=0]
from/for agent t1  status(position(2, 14), 0)
Agent writes: Position [agent=t1, id=null, cell=Cell [x=2, y=14], time=Tue Jun 04 11:37:02 BST 2013, clock=0]
Coin [id=null, cell=null, agent=a3, time=null, clock=null]
Coin [id=null, cell=null, agent=null, time=null, clock=null]
from/for agent a2  status(position(3, 11), 0)
Agent writes: Position [agent=a2, id=null, cell=Cell [x=3, y=11], time=Tue Jun 04 11:37:03 BST 2013, clock=0]
from/for agent a3  status(position(6, 9), 0)
Agent writes: Position [agent=a3, id=null, cell=Cell [x=6, y=9], time=Tue Jun 04 11:37:03 BST 2013, clock=0]
Reading [id=null, agent=a1, cell=null, time=null, value=null, clock=null]
from/for agent t1  status(position(2, 13), 0)
Agent writes: Position [agent=t1, id=null, cell=Cell [x=2, y=13], time=Tue Jun 04 11:37:04 BST 2013, clock=0]
from/for agent a3  status(position(15, 7), 0)
Agent writes: Position [agent=a3, id=null, cell=Cell [x=15, y=7], time=Tue Jun 04 11:37:04 BST 2013, clock=0]
Reading [id=null, agent=a2, cell=null, time=null, value=null, clock=null]
Reading [id=null, agent=a3, cell=null, time=null, value=null, clock=null]
from/for agent a3  status(position(14, 6), 0)
Agent writes: Position [agent=a3, id=null, cell=Cell [x=14, y=6], time=Tue Jun 04 11:37:05 BST 2013, clock=0]
from/for agent a1  status(position(8, 10), 0)
Agent writes: Position [agent=a1, id=null, cell=Cell [x=8, y=10], time=Tue Jun 04 11:37:05 BST 2013, clock=0]
from/for agent a2  status(position(3, 11), 0)
Agent writes: Position [agent=a2, id=null, cell=Cell [x=3, y=11], time=Tue Jun 04 11:37:05 BST 2013, clock=0]
Position [agent=t1, id=null, cell=null, time=null, clock=null]
from/for agent t1  status(position(2, 12), 0)
Agent writes: Position [agent=t1, id=null, cell=Cell [x=2, y=12], time=Tue Jun 04 11:37:05 BST 2013, clock=0]
from/for agent a1  status(position(7, 10), 0)
Agent writes: Position [agent=a1, id=null, cell=Cell [x=7, y=10], time=Tue Jun 04 11:37:06 BST 2013, clock=0]
from/for agent a1  status(position(9, 10), 0)
Agent writes: Position [agent=a1, id=null, cell=Cell [x=9, y=10], time=Tue Jun 04 11:37:06 BST 2013, clock=0]
Position [agent=t1, id=null, cell=null, time=null, clock=null]
from/for agent t1  status(position(2, 11), 0)
Agent writes: Position [agent=t1, id=null, cell=Cell [x=2, y=11], time=Tue Jun 04 11:37:07 BST 2013, clock=0]
from/for agent a2  status(position(11, 19), 0)
Agent writes: Position [agent=a2, id=null, cell=Cell [x=11, y=19], time=Tue Jun 04 11:37:07 BST 2013, clock=0]
from/for agent a3  status(position(5, 9), 0)
Agent writes: Position [agent=a3, id=null, cell=Cell [x=5, y=9], time=Tue Jun 04 11:37:07 BST 2013, clock=0]
Position [agent=t1, id=null, cell=null, time=null, clock=null]
from/for agent a2  status(position(13, 19), 0)
Agent writes: Position [agent=a2, id=null, cell=Cell [x=13, y=19], time=Tue Jun 04 11:37:07 BST 2013, clock=0]
from/for agent a3  status(position(14, 7), 0)
Agent writes: Position [agent=a3, id=null, cell=Cell [x=14, y=7], time=Tue Jun 04 11:37:07 BST 2013, clock=0]
Position [agent=t1, id=null, cell=null, time=null, clock=null]
Coin [id=null, cell=null, agent=null, time=null, clock=null]
from/for agent a2  status(position(3, 10), 0)
Agent writes: Position [agent=a2, id=null, cell=Cell [x=3, y=10], time=Tue Jun 04 11:37:08 BST 2013, clock=0]
from/for agent t1  status(position(2, 10), 0)
Agent writes: Position [agent=t1, id=null, cell=Cell [x=2, y=10], time=Tue Jun 04 11:37:08 BST 2013, clock=0]
from/for agent a3  status(position(13, 6), 0)
Agent writes: Position [agent=a3, id=null, cell=Cell [x=13, y=6], time=Tue Jun 04 11:37:08 BST 2013, clock=0]
Coin [id=null, cell=null, agent=null, time=null, clock=null]
from/for agent a1  status(position(8, 9), 0)
Agent writes: Position [agent=a1, id=null, cell=Cell [x=8, y=9], time=Tue Jun 04 11:37:10 BST 2013, clock=0]
from/for agent a1  status(position(8, 10), 0)
Agent writes: Position [agent=a1, id=null, cell=Cell [x=8, y=10], time=Tue Jun 04 11:37:10 BST 2013, clock=0]
from/for agent a2  status(position(3, 10), 0)
Agent writes: Position [agent=a2, id=null, cell=Cell [x=3, y=10], time=Tue Jun 04 11:37:10 BST 2013, clock=0]
Coin [id=null, cell=null, agent=null, time=null, clock=null]
from/for agent t1  status(position(2, 9), 0)
Agent writes: Position [agent=t1, id=null, cell=Cell [x=2, y=9], time=Tue Jun 04 11:37:10 BST 2013, clock=0]
from/for agent a3  status(position(4, 9), 0)
Agent writes: Position [agent=a3, id=null, cell=Cell [x=4, y=9], time=Tue Jun 04 11:37:10 BST 2013, clock=0]
from/for agent a1  status(position(10, 10), 0)
Agent writes: Position [agent=a1, id=null, cell=Cell [x=10, y=10], time=Tue Jun 04 11:37:10 BST 2013, clock=0]
from/for agent a3  status(position(13, 7), 0)
Agent writes: Position [agent=a3, id=null, cell=Cell [x=13, y=7], time=Tue Jun 04 11:37:10 BST 2013, clock=0]
Coin [id=null, cell=null, agent=null, time=null, clock=null]
from/for agent a2  status(position(12, 19), 0)
Agent writes: Position [agent=a2, id=null, cell=Cell [x=12, y=19], time=Tue Jun 04 11:37:11 BST 2013, clock=0]
from/for agent a3  status(position(12, 6), 0)
Agent writes: Position [agent=a3, id=null, cell=Cell [x=12, y=6], time=Tue Jun 04 11:37:11 BST 2013, clock=0]
Coin [id=null, cell=null, agent=null, time=null, clock=null]
from/for agent t1  status(position(2, 8), 0)
Agent writes: Position [agent=t1, id=null, cell=Cell [x=2, y=8], time=Tue Jun 04 11:37:12 BST 2013, clock=0]
from/for agent a2  status(position(14, 19), 0)
Agent writes: Position [agent=a2, id=null, cell=Cell [x=14, y=19], time=Tue Jun 04 11:37:12 BST 2013, clock=0]
from/for agent a2  status(position(3, 9), 0)
Agent writes: Position [agent=a2, id=null, cell=Cell [x=3, y=9], time=Tue Jun 04 11:37:12 BST 2013, clock=0]
from/for agent a1  status(position(8, 8), 0)
Agent writes: Position [agent=a1, id=null, cell=Cell [x=8, y=8], time=Tue Jun 04 11:37:12 BST 2013, clock=0]
Coin [id=null, cell=null, agent=null, time=null, clock=null]
from/for agent a1  status(position(9, 10), 0)
Agent writes: Position [agent=a1, id=null, cell=Cell [x=9, y=10], time=Tue Jun 04 11:37:12 BST 2013, clock=0]
from/for agent t1  status(position(2, 7), 0)
Agent writes: Position [agent=t1, id=null, cell=Cell [x=2, y=7], time=Tue Jun 04 11:37:13 BST 2013, clock=0]
Coin [id=null, cell=null, agent=null, time=null, clock=null]
Coin [id=null, cell=null, agent=null, time=null, clock=null]
from/for agent a3  status(position(3, 9), 0)
Agent writes: Position [agent=a3, id=null, cell=Cell [x=3, y=9], time=Tue Jun 04 11:37:14 BST 2013, clock=0]
from/for agent a1  status(position(8, 7), 0)
Agent writes: Position [agent=a1, id=null, cell=Cell [x=8, y=7], time=Tue Jun 04 11:37:14 BST 2013, clock=0]
Coin [id=null, cell=null, agent=null, time=null, clock=null]
from/for agent a1  status(position(8, 10), 0)
Agent writes: Position [agent=a1, id=null, cell=Cell [x=8, y=10], time=Tue Jun 04 11:37:14 BST 2013, clock=0]
from/for agent a3  status(position(12, 7), 0)
Agent writes: Position [agent=a3, id=null, cell=Cell [x=12, y=7], time=Tue Jun 04 11:37:14 BST 2013, clock=0]
from/for agent a2  status(position(3, 9), 0)
Agent writes: Position [agent=a2, id=null, cell=Cell [x=3, y=9], time=Tue Jun 04 11:37:14 BST 2013, clock=0]
Coin [id=null, cell=null, agent=null, time=null, clock=null]
Coin [id=null, cell=null, agent=null, time=null, clock=null]
from/for agent a3  status(position(11, 6), 0)
Agent writes: Position [agent=a3, id=null, cell=Cell [x=11, y=6], time=Tue Jun 04 11:37:15 BST 2013, clock=0]
from/for agent t1  status(position(2, 6), 0)
Agent writes: Position [agent=t1, id=null, cell=Cell [x=2, y=6], time=Tue Jun 04 11:37:15 BST 2013, clock=0]
from/for agent a2  status(position(13, 19), 0)
Agent writes: Position [agent=a2, id=null, cell=Cell [x=13, y=19], time=Tue Jun 04 11:37:15 BST 2013, clock=0]
Coin [id=null, cell=null, agent=null, time=null, clock=null]
Position [agent=a1, id=null, cell=null, time=null, clock=null]
from/for agent a2  status(position(15, 19), 0)
Agent writes: Position [agent=a2, id=null, cell=Cell [x=15, y=19], time=Tue Jun 04 11:37:16 BST 2013, clock=0]
Position [agent=a1, id=null, cell=null, time=null, clock=null]
from/for agent t1  status(position(2, 5), 0)
Agent writes: Position [agent=t1, id=null, cell=Cell [x=2, y=5], time=Tue Jun 04 11:37:17 BST 2013, clock=0]
Position [agent=a1, id=null, cell=null, time=null, clock=null]
from/for agent a2  status(position(3, 8), 0)
Agent writes: Position [agent=a2, id=null, cell=Cell [x=3, y=8], time=Tue Jun 04 11:37:17 BST 2013, clock=0]
from/for agent a1  status(position(8, 6), 0)
Agent writes: Position [agent=a1, id=null, cell=Cell [x=8, y=6], time=Tue Jun 04 11:37:17 BST 2013, clock=0]
Position [agent=a1, id=null, cell=null, time=null, clock=null]
from/for agent a1  status(position(7, 10), 0)
Agent writes: Position [agent=a1, id=null, cell=Cell [x=7, y=10], time=Tue Jun 04 11:37:18 BST 2013, clock=0]
from/for agent a3  status(position(11, 7), 0)
Agent writes: Position [agent=a3, id=null, cell=Cell [x=11, y=7], time=Tue Jun 04 11:37:18 BST 2013, clock=0]
Position [agent=a2, id=null, cell=null, time=null, clock=null]
Position [agent=a2, id=null, cell=null, time=null, clock=null]
from/for agent t1  status(position(2, 4), 0)
Agent writes: Position [agent=t1, id=null, cell=Cell [x=2, y=4], time=Tue Jun 04 11:37:19 BST 2013, clock=0]
from/for agent a3  status(position(10, 6), 0)
Agent writes: Position [agent=a3, id=null, cell=Cell [x=10, y=6], time=Tue Jun 04 11:37:19 BST 2013, clock=0]
Position [agent=a2, id=null, cell=null, time=null, clock=null]
from/for agent a2  status(position(14, 19), 0)
Agent writes: Position [agent=a2, id=null, cell=Cell [x=14, y=19], time=Tue Jun 04 11:37:19 BST 2013, clock=0]
from/for agent a2  status(position(16, 19), 0)
Agent writes: Position [agent=a2, id=null, cell=Cell [x=16, y=19], time=Tue Jun 04 11:37:20 BST 2013, clock=0]
Position [agent=a2, id=null, cell=null, time=null, clock=null]
from/for agent a1  status(position(6, 10), 0)
Agent writes: Position [agent=a1, id=null, cell=Cell [x=6, y=10], time=Tue Jun 04 11:37:20 BST 2013, clock=0]
from/for agent a2  status(position(3, 7), 0)
Agent writes: Position [agent=a2, id=null, cell=Cell [x=3, y=7], time=Tue Jun 04 11:37:20 BST 2013, clock=0]
from/for agent a3  status(position(10, 7), 0)
Agent writes: Position [agent=a3, id=null, cell=Cell [x=10, y=7], time=Tue Jun 04 11:37:20 BST 2013, clock=0]
Position [agent=a3, id=null, cell=null, time=null, clock=null]
from/for agent a3  status(position(9, 6), 0)
Agent writes: Position [agent=a3, id=null, cell=Cell [x=9, y=6], time=Tue Jun 04 11:37:21 BST 2013, clock=0]
Position [agent=a3, id=null, cell=null, time=null, clock=null]
from/for agent t1  status(position(2, 3), 0)
Agent writes: Position [agent=t1, id=null, cell=Cell [x=2, y=3], time=Tue Jun 04 11:37:21 BST 2013, clock=0]
Position [agent=a3, id=null, cell=null, time=null, clock=null]
from/for agent a3  status(position(9, 7), 0)
Agent writes: Position [agent=a3, id=null, cell=Cell [x=9, y=7], time=Tue Jun 04 11:37:23 BST 2013, clock=0]
from/for agent t1  status(position(2, 2), 0)
Agent writes: Position [agent=t1, id=null, cell=Cell [x=2, y=2], time=Tue Jun 04 11:37:23 BST 2013, clock=0]
from/for agent a1  status(position(5, 10), 0)
Agent writes: Position [agent=a1, id=null, cell=Cell [x=5, y=10], time=Tue Jun 04 11:37:23 BST 2013, clock=0]
Position [agent=a3, id=null, cell=null, time=null, clock=null]
from/for agent a2  status(position(15, 19), 0)
Agent writes: Position [agent=a2, id=null, cell=Cell [x=15, y=19], time=Tue Jun 04 11:37:23 BST 2013, clock=0]
Cargo [id=null, cell=null, time=null, clock=null]
from/for agent a3  status(position(8, 6), 0)
Agent writes: Position [agent=a3, id=null, cell=Cell [x=8, y=6], time=Tue Jun 04 11:37:23 BST 2013, clock=0]
Coin [id=null, cell=null, agent=a1, time=null, clock=null]
from/for agent a2  status(position(16, 18), 0)
Agent writes: Position [agent=a2, id=null, cell=Cell [x=16, y=18], time=Tue Jun 04 11:37:23 BST 2013, clock=0]
Coin [id=null, cell=null, agent=a2, time=null, clock=null]
Coin [id=null, cell=null, agent=a3, time=null, clock=null]
from/for agent a2  status(position(3, 6), 0)
Agent writes: Position [agent=a2, id=null, cell=Cell [x=3, y=6], time=Tue Jun 04 11:37:24 BST 2013, clock=0]
Coin [id=null, cell=null, agent=a1, time=null, clock=null]
from/for agent a3  status(position(8, 7), 0)
Agent writes: Position [agent=a3, id=null, cell=Cell [x=8, y=7], time=Tue Jun 04 11:37:25 BST 2013, clock=0]
from/for agent a1  status(position(5, 9), 0)
Agent writes: Position [agent=a1, id=null, cell=Cell [x=5, y=9], time=Tue Jun 04 11:37:25 BST 2013, clock=0]
Coin [id=null, cell=null, agent=a2, time=null, clock=null]
Coin [id=null, cell=null, agent=a3, time=null, clock=null]
Coin [id=null, cell=null, agent=a1, time=null, clock=null]
from/for agent a2  status(position(15, 18), 0)
Agent writes: Position [agent=a2, id=null, cell=Cell [x=15, y=18], time=Tue Jun 04 11:37:25 BST 2013, clock=0]
Coin [id=null, cell=null, agent=a2, time=null, clock=null]
from/for agent a2  status(position(16, 17), 0)
Agent writes: Position [agent=a2, id=null, cell=Cell [x=16, y=17], time=Tue Jun 04 11:37:26 BST 2013, clock=0]
Coin [id=null, cell=null, agent=a3, time=null, clock=null]
from/for agent a1  status(position(5, 8), 0)
Agent writes: Position [agent=a1, id=null, cell=Cell [x=5, y=8], time=Tue Jun 04 11:37:27 BST 2013, clock=0]
from/for agent a3  status(position(8, 8), 0)
Agent writes: Position [agent=a3, id=null, cell=Cell [x=8, y=8], time=Tue Jun 04 11:37:27 BST 2013, clock=0]
Coin [id=null, cell=null, agent=null, time=null, clock=null]
Reading [id=null, agent=a1, cell=null, time=null, value=null, clock=null]
Reading [id=null, agent=a2, cell=null, time=null, value=null, clock=null]
from/for agent a2  status(position(15, 17), 0)
Agent writes: Position [agent=a2, id=null, cell=Cell [x=15, y=17], time=Tue Jun 04 11:37:27 BST 2013, clock=0]
Reading [id=null, agent=a3, cell=null, time=null, value=null, clock=null]
from/for agent a2  status(position(16, 16), 0)
Agent writes: Position [agent=a2, id=null, cell=Cell [x=16, y=16], time=Tue Jun 04 11:37:27 BST 2013, clock=0]
Position [agent=t1, id=null, cell=null, time=null, clock=null]
from/for agent a3  status(position(8, 9), 0)
Agent writes: Position [agent=a3, id=null, cell=Cell [x=8, y=9], time=Tue Jun 04 11:37:29 BST 2013, clock=0]
from/for agent a1  status(position(5, 7), 0)
Agent writes: Position [agent=a1, id=null, cell=Cell [x=5, y=7], time=Tue Jun 04 11:37:29 BST 2013, clock=0]
Position [agent=t1, id=null, cell=null, time=null, clock=null]
Position [agent=t1, id=null, cell=null, time=null, clock=null]
from/for agent a2  status(position(15, 16), 0)
Agent writes: Position [agent=a2, id=null, cell=Cell [x=15, y=16], time=Tue Jun 04 11:37:29 BST 2013, clock=0]
Position [agent=t1, id=null, cell=null, time=null, clock=null]
from/for agent a2  status(position(16, 15), 0)
Agent writes: Position [agent=a2, id=null, cell=Cell [x=16, y=15], time=Tue Jun 04 11:37:30 BST 2013, clock=0]
Coin [id=null, cell=null, agent=null, time=null, clock=null]
Coin [id=null, cell=null, agent=null, time=null, clock=null]
from/for agent a3  status(position(8, 10), 0)
Agent writes: Position [agent=a3, id=null, cell=Cell [x=8, y=10], time=Tue Jun 04 11:37:31 BST 2013, clock=0]
from/for agent a1  status(position(5, 6), 0)
Agent writes: Position [agent=a1, id=null, cell=Cell [x=5, y=6], time=Tue Jun 04 11:37:31 BST 2013, clock=0]
Coin [id=null, cell=null, agent=null, time=null, clock=null]
Coin [id=null, cell=null, agent=null, time=null, clock=null]
Coin [id=null, cell=null, agent=null, time=null, clock=null]
from/for agent a2  status(position(15, 15), 0)
Agent writes: Position [agent=a2, id=null, cell=Cell [x=15, y=15], time=Tue Jun 04 11:37:31 BST 2013, clock=0]
from/for agent a2  status(position(16, 14), 0)
Agent writes: Position [agent=a2, id=null, cell=Cell [x=16, y=14], time=Tue Jun 04 11:37:32 BST 2013, clock=0]
Coin [id=null, cell=null, agent=null, time=null, clock=null]
Coin [id=null, cell=null, agent=null, time=null, clock=null]
from/for agent a3  status(position(8, 11), 0)
Agent writes: Position [agent=a3, id=null, cell=Cell [x=8, y=11], time=Tue Jun 04 11:37:32 BST 2013, clock=0]
Coin [id=null, cell=null, agent=null, time=null, clock=null]
from/for agent a2  status(position(15, 14), 0)
Agent writes: Position [agent=a2, id=null, cell=Cell [x=15, y=14], time=Tue Jun 04 11:37:33 BST 2013, clock=0]
Coin [id=null, cell=null, agent=null, time=null, clock=null]
from/for agent a2  status(position(16, 13), 0)
Agent writes: Position [agent=a2, id=null, cell=Cell [x=16, y=13], time=Tue Jun 04 11:37:33 BST 2013, clock=0]
Coin [id=null, cell=null, agent=null, time=null, clock=null]
from/for agent a3  status(position(8, 12), 0)
Agent writes: Position [agent=a3, id=null, cell=Cell [x=8, y=12], time=Tue Jun 04 11:37:33 BST 2013, clock=0]
Coin [id=null, cell=null, agent=null, time=null, clock=null]
Coin [id=null, cell=null, agent=null, time=null, clock=null]
from/for agent a2  status(position(15, 13), 0)
Agent writes: Position [agent=a2, id=null, cell=Cell [x=15, y=13], time=Tue Jun 04 11:37:34 BST 2013, clock=0]
Position [agent=a1, id=null, cell=null, time=null, clock=null]
from/for agent a2  status(position(16, 12), 0)
Agent writes: Position [agent=a2, id=null, cell=Cell [x=16, y=12], time=Tue Jun 04 11:37:35 BST 2013, clock=0]
from/for agent a3  status(position(8, 13), 0)
Agent writes: Position [agent=a3, id=null, cell=Cell [x=8, y=13], time=Tue Jun 04 11:37:35 BST 2013, clock=0]
Position [agent=a1, id=null, cell=null, time=null, clock=null]
Position [agent=a1, id=null, cell=null, time=null, clock=null]
from/for agent a3  status(position(8, 14), 0)
Agent writes: Position [agent=a3, id=null, cell=Cell [x=8, y=14], time=Tue Jun 04 11:37:36 BST 2013, clock=0]
Position [agent=a1, id=null, cell=null, time=null, clock=null]
from/for agent a2  status(position(15, 12), 0)
Agent writes: Position [agent=a2, id=null, cell=Cell [x=15, y=12], time=Tue Jun 04 11:37:36 BST 2013, clock=0]
from/for agent a2  status(position(16, 11), 0)
Agent writes: Position [agent=a2, id=null, cell=Cell [x=16, y=11], time=Tue Jun 04 11:37:36 BST 2013, clock=0]
Position [agent=a1, id=null, cell=null, time=null, clock=null]
from/for agent a3  status(position(8, 15), 0)
Agent writes: Position [agent=a3, id=null, cell=Cell [x=8, y=15], time=Tue Jun 04 11:37:37 BST 2013, clock=0]
Position [agent=a1, id=null, cell=null, time=null, clock=null]
from/for agent a2  status(position(15, 11), 0)
Agent writes: Position [agent=a2, id=null, cell=Cell [x=15, y=11], time=Tue Jun 04 11:37:38 BST 2013, clock=0]
Position [agent=a2, id=null, cell=null, time=null, clock=null]
from/for agent a3  status(position(8, 16), 0)
Agent writes: Position [agent=a3, id=null, cell=Cell [x=8, y=16], time=Tue Jun 04 11:37:38 BST 2013, clock=0]
from/for agent a2  status(position(16, 10), 0)
Agent writes: Position [agent=a2, id=null, cell=Cell [x=16, y=10], time=Tue Jun 04 11:37:38 BST 2013, clock=0]
Position [agent=a2, id=null, cell=null, time=null, clock=null]
Position [agent=a2, id=null, cell=null, time=null, clock=null]
Position [agent=a2, id=null, cell=null, time=null, clock=null]
from/for agent a3  status(position(8, 17), 0)
Agent writes: Position [agent=a3, id=null, cell=Cell [x=8, y=17], time=Tue Jun 04 11:37:40 BST 2013, clock=0]
Position [agent=a3, id=null, cell=null, time=null, clock=null]
from/for agent a2  status(position(15, 10), 0)
Agent writes: Position [agent=a2, id=null, cell=Cell [x=15, y=10], time=Tue Jun 04 11:37:40 BST 2013, clock=0]
Position [agent=a3, id=null, cell=null, time=null, clock=null]
from/for agent a2  status(position(16, 9), 0)
Agent writes: Position [agent=a2, id=null, cell=Cell [x=16, y=9], time=Tue Jun 04 11:37:40 BST 2013, clock=0]
Position [agent=a3, id=null, cell=null, time=null, clock=null]
Position [agent=a3, id=null, cell=null, time=null, clock=null]
from/for agent a3  status(position(8, 18), 0)
Agent writes: Position [agent=a3, id=null, cell=Cell [x=8, y=18], time=Tue Jun 04 11:37:41 BST 2013, clock=0]
Cargo [id=null, cell=null, time=null, clock=null]
Coin [id=null, cell=null, agent=a1, time=null, clock=null]
Coin [id=null, cell=null, agent=a2, time=null, clock=null]
from/for agent a3  status(position(8, 19), 0)
Agent writes: Position [agent=a3, id=null, cell=Cell [x=8, y=19], time=Tue Jun 04 11:37:42 BST 2013, clock=0]
from/for agent a2  status(position(15, 9), 0)
Agent writes: Position [agent=a2, id=null, cell=Cell [x=15, y=9], time=Tue Jun 04 11:37:42 BST 2013, clock=0]
Coin [id=null, cell=null, agent=a3, time=null, clock=null]
from/for agent a2  status(position(16, 8), 0)
Agent writes: Position [agent=a2, id=null, cell=Cell [x=16, y=8], time=Tue Jun 04 11:37:42 BST 2013, clock=0]
Coin [id=null, cell=null, agent=a1, time=null, clock=null]
Coin [id=null, cell=null, agent=a2, time=null, clock=null]
Coin [id=null, cell=null, agent=a3, time=null, clock=null]
from/for agent a3  status(position(9, 19), 0)
Agent writes: Position [agent=a3, id=null, cell=Cell [x=9, y=19], time=Tue Jun 04 11:37:44 BST 2013, clock=0]
Coin [id=null, cell=null, agent=a1, time=null, clock=null]
Coin [id=null, cell=null, agent=a2, time=null, clock=null]
Coin [id=null, cell=null, agent=a3, time=null, clock=null]
from/for agent a2  status(position(15, 8), 0)
Agent writes: Position [agent=a2, id=null, cell=Cell [x=15, y=8], time=Tue Jun 04 11:37:44 BST 2013, clock=0]
Coin [id=null, cell=null, agent=null, time=null, clock=null]
from/for agent a2  status(position(16, 7), 0)
Agent writes: Position [agent=a2, id=null, cell=Cell [x=16, y=7], time=Tue Jun 04 11:37:45 BST 2013, clock=0]
Reading [id=null, agent=a1, cell=null, time=null, value=null, clock=null]
Reading [id=null, agent=a2, cell=null, time=null, value=null, clock=null]
Reading [id=null, agent=a3, cell=null, time=null, value=null, clock=null]
from/for agent a3  status(position(10, 19), 0)
Agent writes: Position [agent=a3, id=null, cell=Cell [x=10, y=19], time=Tue Jun 04 11:37:45 BST 2013, clock=0]
Position [agent=t1, id=null, cell=null, time=null, clock=null]
Position [agent=t1, id=null, cell=null, time=null, clock=null]
from/for agent a2  status(position(15, 7), 0)
Agent writes: Position [agent=a2, id=null, cell=Cell [x=15, y=7], time=Tue Jun 04 11:37:46 BST 2013, clock=0]
Position [agent=t1, id=null, cell=null, time=null, clock=null]
from/for agent a3  status(position(11, 19), 0)
Agent writes: Position [agent=a3, id=null, cell=Cell [x=11, y=19], time=Tue Jun 04 11:37:47 BST 2013, clock=0]
from/for agent a2  status(position(16, 6), 0)
Agent writes: Position [agent=a2, id=null, cell=Cell [x=16, y=6], time=Tue Jun 04 11:37:47 BST 2013, clock=0]
Position [agent=t1, id=null, cell=null, time=null, clock=null]
Coin [id=null, cell=null, agent=null, time=null, clock=null]
Coin [id=null, cell=null, agent=null, time=null, clock=null]
Coin [id=null, cell=null, agent=null, time=null, clock=null]
from/for agent a2  status(position(15, 6), 0)
Agent writes: Position [agent=a2, id=null, cell=Cell [x=15, y=6], time=Tue Jun 04 11:37:48 BST 2013, clock=0]
Coin [id=null, cell=null, agent=null, time=null, clock=null]
Coin [id=null, cell=null, agent=null, time=null, clock=null]
from/for agent a3  status(position(12, 19), 0)
Agent writes: Position [agent=a3, id=null, cell=Cell [x=12, y=19], time=Tue Jun 04 11:37:48 BST 2013, clock=0]
Coin [id=null, cell=null, agent=null, time=null, clock=null]
Coin [id=null, cell=null, agent=null, time=null, clock=null]
Coin [id=null, cell=null, agent=null, time=null, clock=null]
from/for agent a2  status(position(14, 6), 0)
Agent writes: Position [agent=a2, id=null, cell=Cell [x=14, y=6], time=Tue Jun 04 11:37:50 BST 2013, clock=0]
Coin [id=null, cell=null, agent=null, time=null, clock=null]
from/for agent a3  status(position(13, 19), 0)
Agent writes: Position [agent=a3, id=null, cell=Cell [x=13, y=19], time=Tue Jun 04 11:37:50 BST 2013, clock=0]
Coin [id=null, cell=null, agent=null, time=null, clock=null]
Coin [id=null, cell=null, agent=null, time=null, clock=null]
Coin [id=null, cell=null, agent=null, time=null, clock=null]
Position [agent=a1, id=null, cell=null, time=null, clock=null]
from/for agent a2  status(position(13, 6), 0)
Agent writes: Position [agent=a2, id=null, cell=Cell [x=13, y=6], time=Tue Jun 04 11:37:51 BST 2013, clock=0]
Position [agent=a1, id=null, cell=null, time=null, clock=null]
from/for agent a3  status(position(14, 19), 0)
Agent writes: Position [agent=a3, id=null, cell=Cell [x=14, y=19], time=Tue Jun 04 11:37:52 BST 2013, clock=0]
Position [agent=a1, id=null, cell=null, time=null, clock=null]
Position [agent=a2, id=null, cell=null, time=null, clock=null]
from/for agent a2  status(position(12, 6), 0)
Agent writes: Position [agent=a2, id=null, cell=Cell [x=12, y=6], time=Tue Jun 04 11:37:52 BST 2013, clock=0]
Position [agent=a2, id=null, cell=null, time=null, clock=null]
Position [agent=a2, id=null, cell=null, time=null, clock=null]
from/for agent a3  status(position(15, 19), 0)
Agent writes: Position [agent=a3, id=null, cell=Cell [x=15, y=19], time=Tue Jun 04 11:37:53 BST 2013, clock=0]
Position [agent=a2, id=null, cell=null, time=null, clock=null]
Position [agent=a3, id=null, cell=null, time=null, clock=null]
from/for agent a2  status(position(11, 6), 0)
Agent writes: Position [agent=a2, id=null, cell=Cell [x=11, y=6], time=Tue Jun 04 11:37:54 BST 2013, clock=0]
Position [agent=a3, id=null, cell=null, time=null, clock=null]
Position [agent=a3, id=null, cell=null, time=null, clock=null]
Position [agent=a3, id=null, cell=null, time=null, clock=null]
from/for agent a2  status(position(10, 6), 0)
Agent writes: Position [agent=a2, id=null, cell=Cell [x=10, y=6], time=Tue Jun 04 11:37:55 BST 2013, clock=0]
from/for agent a3  status(position(16, 19), 0)
Agent writes: Position [agent=a3, id=null, cell=Cell [x=16, y=19], time=Tue Jun 04 11:37:55 BST 2013, clock=0]
Position [agent=t1, id=null, cell=null, time=null, clock=null]
Position [agent=t1, id=null, cell=null, time=null, clock=null]
Position [agent=t1, id=null, cell=null, time=null, clock=null]
Position [agent=t1, id=null, cell=null, time=null, clock=null]
Coin [id=null, cell=null, agent=null, time=null, clock=null]
from/for agent a2  status(position(9, 6), 0)
Agent writes: Position [agent=a2, id=null, cell=Cell [x=9, y=6], time=Tue Jun 04 11:37:57 BST 2013, clock=0]
from/for agent a3  status(position(17, 19), 0)
Agent writes: Position [agent=a3, id=null, cell=Cell [x=17, y=19], time=Tue Jun 04 11:37:57 BST 2013, clock=0]
Coin [id=null, cell=null, agent=null, time=null, clock=null]
Coin [id=null, cell=null, agent=null, time=null, clock=null]
Coin [id=null, cell=null, agent=null, time=null, clock=null]
Coin [id=null, cell=null, agent=null, time=null, clock=null]
from/for agent a2  status(position(8, 6), 0)
Agent writes: Position [agent=a2, id=null, cell=Cell [x=8, y=6], time=Tue Jun 04 11:37:58 BST 2013, clock=0]
Coin [id=null, cell=null, agent=null, time=null, clock=null]
Coin [id=null, cell=null, agent=null, time=null, clock=null]
Coin [id=null, cell=null, agent=null, time=null, clock=null]
from/for agent a3  status(position(18, 19), 0)
Agent writes: Position [agent=a3, id=null, cell=Cell [x=18, y=19], time=Tue Jun 04 11:37:59 BST 2013, clock=0]
Coin [id=null, cell=null, agent=null, time=null, clock=null]
Coin [id=null, cell=null, agent=null, time=null, clock=null]
Coin [id=null, cell=null, agent=null, time=null, clock=null]
Coin [id=null, cell=null, agent=null, time=null, clock=null]
Position [agent=a1, id=null, cell=null, time=null, clock=null]
from/for agent a3  status(position(19, 19), 0)
Agent writes: Position [agent=a3, id=null, cell=Cell [x=19, y=19], time=Tue Jun 04 11:38:00 BST 2013, clock=0]
Position [agent=a1, id=null, cell=null, time=null, clock=null]
Position [agent=a1, id=null, cell=null, time=null, clock=null]
Position [agent=a2, id=null, cell=null, time=null, clock=null]
Position [agent=a2, id=null, cell=null, time=null, clock=null]
Position [agent=a2, id=null, cell=null, time=null, clock=null]
Position [agent=a2, id=null, cell=null, time=null, clock=null]
Position [agent=a3, id=null, cell=null, time=null, clock=null]
Position [agent=a3, id=null, cell=null, time=null, clock=null]
Position [agent=a3, id=null, cell=null, time=null, clock=null]
Position [agent=a3, id=null, cell=null, time=null, clock=null]
Position [agent=t1, id=null, cell=null, time=null, clock=null]
Position [agent=t1, id=null, cell=null, time=null, clock=null]
Position [agent=t1, id=null, cell=null, time=null, clock=null]
Position [agent=t1, id=null, cell=null, time=null, clock=null]
Coin [id=null, cell=null, agent=null, time=null, clock=null]
Coin [id=null, cell=null, agent=null, time=null, clock=null]
Coin [id=null, cell=null, agent=null, time=null, clock=null]
Coin [id=null, cell=null, agent=null, time=null, clock=null]
Coin [id=null, cell=null, agent=null, time=null, clock=null]
Coin [id=null, cell=null, agent=null, time=null, clock=null]
Coin [id=null, cell=null, agent=null, time=null, clock=null]
Coin [id=null, cell=null, agent=null, time=null, clock=null]
Coin [id=null, cell=null, agent=null, time=null, clock=null]
Coin [id=null, cell=null, agent=null, time=null, clock=null]
Coin [id=null, cell=null, agent=null, time=null, clock=null]
Coin [id=null, cell=null, agent=null, time=null, clock=null]
Position [agent=a1, id=null, cell=null, time=null, clock=null]
Position [agent=a1, id=null, cell=null, time=null, clock=null]
Position [agent=a1, id=null, cell=null, time=null, clock=null]
Position [agent=a2, id=null, cell=null, time=null, clock=null]
Position [agent=a2, id=null, cell=null, time=null, clock=null]
Position [agent=a2, id=null, cell=null, time=null, clock=null]
Position [agent=a2, id=null, cell=null, time=null, clock=null]
Position [agent=a3, id=null, cell=null, time=null, clock=null]
Position [agent=a3, id=null, cell=null, time=null, clock=null]
Position [agent=a3, id=null, cell=null, time=null, clock=null]
Position [agent=a3, id=null, cell=null, time=null, clock=null]
org coin notification
Cargo [id=null, cell=null, time=null, clock=null]
Coin [id=null, cell=null, agent=a1, time=null, clock=null]
Coin [id=null, cell=null, agent=a2, time=null, clock=null]
Coin [id=null, cell=null, agent=a3, time=null, clock=null]
Coin [id=null, cell=null, agent=a1, time=null, clock=null]
Coin [id=null, cell=null, agent=a2, time=null, clock=null]
Coin [id=null, cell=null, agent=a3, time=null, clock=null]
Coin [id=null, cell=null, agent=a1, time=null, clock=null]
Coin [id=null, cell=null, agent=a2, time=null, clock=null]
Coin [id=null, cell=null, agent=a3, time=null, clock=null]
Coin [id=null, cell=null, agent=null, time=null, clock=null]
Reading [id=null, agent=a1, cell=null, time=null, value=null, clock=null]
Reading [id=null, agent=a2, cell=null, time=null, value=null, clock=null]
Reading [id=null, agent=a3, cell=null, time=null, value=null, clock=null]
from/for agent a1  prohibition([at(5, 6, a1)], [reduce_300(a1)])
Organization notifies agent (write): Prohibition [agent=a1, prohibition=[at(5, 6, a1)], sanction=[reduce_300(a1)], clock=0, time=Tue Jun 04 11:38:13 BST 2013]
Got event for a1
agent prohibition notification
Position [agent=t1, id=null, cell=null, time=null, clock=null]
Event sent to agent      a1 prohibition(at(5, 6, a1), reduce_300(a1))
Position [agent=t1, id=null, cell=null, time=null, clock=null]
Position [agent=t1, id=null, cell=null, time=null, clock=null]
Position [agent=t1, id=null, cell=null, time=null, clock=null]
Coin [id=null, cell=null, agent=null, time=null, clock=null]
Coin [id=null, cell=null, agent=null, time=null, clock=null]
Coin [id=null, cell=null, agent=null, time=null, clock=null]
Coin [id=null, cell=null, agent=null, time=null, clock=null]
Coin [id=null, cell=null, agent=null, time=null, clock=null]
Coin [id=null, cell=null, agent=null, time=null, clock=null]
Coin [id=null, cell=null, agent=null, time=null, clock=null]
Coin [id=null, cell=null, agent=null, time=null, clock=null]
Coin [id=null, cell=null, agent=null, time=null, clock=null]
Coin [id=null, cell=null, agent=null, time=null, clock=null]
Coin [id=null, cell=null, agent=null, time=null, clock=null]
Coin [id=null, cell=null, agent=null, time=null, clock=null]
Position [agent=a1, id=null, cell=null, time=null, clock=null]
Position [agent=a1, id=null, cell=null, time=null, clock=null]
Position [agent=a1, id=null, cell=null, time=null, clock=null]
Position [agent=a2, id=null, cell=null, time=null, clock=null]
Position [agent=a2, id=null, cell=null, time=null, clock=null]
Position [agent=a2, id=null, cell=null, time=null, clock=null]
Position [agent=a2, id=null, cell=null, time=null, clock=null]
Position [agent=a3, id=null, cell=null, time=null, clock=null]
Position [agent=a3, id=null, cell=null, time=null, clock=null]
Position [agent=a3, id=null, cell=null, time=null, clock=null]
Position [agent=a3, id=null, cell=null, time=null, clock=null]
Position [agent=a1, id=null, cell=null, time=null, clock=null]
Position [agent=a1, id=null, cell=null, time=null, clock=null]
Position [agent=a1, id=null, cell=null, time=null, clock=null]
Cargo [id=null, cell=null, time=null, clock=null]
Coin [id=null, cell=null, agent=a1, time=null, clock=null]
Coin [id=null, cell=null, agent=a2, time=null, clock=null]
Coin [id=null, cell=null, agent=a3, time=null, clock=null]
Coin [id=null, cell=null, agent=a1, time=null, clock=null]
Coin [id=null, cell=null, agent=a2, time=null, clock=null]
Coin [id=null, cell=null, agent=a3, time=null, clock=null]
Coin [id=null, cell=null, agent=a1, time=null, clock=null]
Coin [id=null, cell=null, agent=a2, time=null, clock=null]
Coin [id=null, cell=null, agent=a3, time=null, clock=null]
Coin [id=null, cell=null, agent=null, time=null, clock=null]
Reading [id=null, agent=a1, cell=null, time=null, value=null, clock=null]
Reading [id=null, agent=a2, cell=null, time=null, value=null, clock=null]
Reading [id=null, agent=a3, cell=null, time=null, value=null, clock=null]
Position [agent=t1, id=null, cell=null, time=null, clock=null]
Position [agent=t1, id=null, cell=null, time=null, clock=null]
Position [agent=t1, id=null, cell=null, time=null, clock=null]
Position [agent=t1, id=null, cell=null, time=null, clock=null]
Coin [id=null, cell=null, agent=null, time=null, clock=null]
Coin [id=null, cell=null, agent=null, time=null, clock=null]
Coin [id=null, cell=null, agent=null, time=null, clock=null]
Coin [id=null, cell=null, agent=null, time=null, clock=null]
Coin [id=null, cell=null, agent=null, time=null, clock=null]
Coin [id=null, cell=null, agent=null, time=null, clock=null]
Coin [id=null, cell=null, agent=null, time=null, clock=null]
Coin [id=null, cell=null, agent=null, time=null, clock=null]
Coin [id=null, cell=null, agent=null, time=null, clock=null]
Coin [id=null, cell=null, agent=null, time=null, clock=null]
Coin [id=null, cell=null, agent=null, time=null, clock=null]
Coin [id=null, cell=null, agent=null, time=null, clock=null]
Position [agent=a1, id=null, cell=null, time=null, clock=null]
Position [agent=a1, id=null, cell=null, time=null, clock=null]
Position [agent=a1, id=null, cell=null, time=null, clock=null]
Position [agent=a2, id=null, cell=null, time=null, clock=null]
Position [agent=a2, id=null, cell=null, time=null, clock=null]
Position [agent=a2, id=null, cell=null, time=null, clock=null]
Position [agent=a2, id=null, cell=null, time=null, clock=null]
Position [agent=a3, id=null, cell=null, time=null, clock=null]
Position [agent=a3, id=null, cell=null, time=null, clock=null]
Position [agent=a3, id=null, cell=null, time=null, clock=null]
Position [agent=a3, id=null, cell=null, time=null, clock=null]
Position [agent=t1, id=null, cell=null, time=null, clock=null]
Position [agent=t1, id=null, cell=null, time=null, clock=null]
Position [agent=t1, id=null, cell=null, time=null, clock=null]
Position [agent=t1, id=null, cell=null, time=null, clock=null]
Coin [id=null, cell=null, agent=null, time=null, clock=null]
Coin [id=null, cell=null, agent=null, time=null, clock=null]
Coin [id=null, cell=null, agent=null, time=null, clock=null]
Coin [id=null, cell=null, agent=null, time=null, clock=null]
Coin [id=null, cell=null, agent=null, time=null, clock=null]
Coin [id=null, cell=null, agent=null, time=null, clock=null]
Coin [id=null, cell=null, agent=null, time=null, clock=null]
Coin [id=null, cell=null, agent=null, time=null, clock=null]
Coin [id=null, cell=null, agent=null, time=null, clock=null]
Coin [id=null, cell=null, agent=null, time=null, clock=null]
Coin [id=null, cell=null, agent=null, time=null, clock=null]
Coin [id=null, cell=null, agent=null, time=null, clock=null]
Position [agent=a1, id=null, cell=null, time=null, clock=null]
Position [agent=a1, id=null, cell=null, time=null, clock=null]
Position [agent=a1, id=null, cell=null, time=null, clock=null]
Position [agent=a2, id=null, cell=null, time=null, clock=null]
Position [agent=a2, id=null, cell=null, time=null, clock=null]
Position [agent=a2, id=null, cell=null, time=null, clock=null]
Position [agent=a2, id=null, cell=null, time=null, clock=null]
Position [agent=a3, id=null, cell=null, time=null, clock=null]
Position [agent=a3, id=null, cell=null, time=null, clock=null]
Position [agent=a3, id=null, cell=null, time=null, clock=null]
Position [agent=a3, id=null, cell=null, time=null, clock=null]
Position [agent=t1, id=null, cell=null, time=null, clock=null]
Position [agent=t1, id=null, cell=null, time=null, clock=null]
Position [agent=t1, id=null, cell=null, time=null, clock=null]
Position [agent=t1, id=null, cell=null, time=null, clock=null]
Coin [id=null, cell=null, agent=null, time=null, clock=null]
Coin [id=null, cell=null, agent=null, time=null, clock=null]
Coin [id=null, cell=null, agent=null, time=null, clock=null]
Coin [id=null, cell=null, agent=null, time=null, clock=null]
Coin [id=null, cell=null, agent=null, time=null, clock=null]
Coin [id=null, cell=null, agent=null, time=null, clock=null]
Coin [id=null, cell=null, agent=null, time=null, clock=null]
Coin [id=null, cell=null, agent=null, time=null, clock=null]
Coin [id=null, cell=null, agent=null, time=null, clock=null]
Coin [id=null, cell=null, agent=null, time=null, clock=null]
Coin [id=null, cell=null, agent=null, time=null, clock=null]
Coin [id=null, cell=null, agent=null, time=null, clock=null]
Position [agent=a1, id=null, cell=null, time=null, clock=null]
Position [agent=a1, id=null, cell=null, time=null, clock=null]
Position [agent=a1, id=null, cell=null, time=null, clock=null]
Position [agent=a2, id=null, cell=null, time=null, clock=null]
Position [agent=a2, id=null, cell=null, time=null, clock=null]
Position [agent=a2, id=null, cell=null, time=null, clock=null]
Position [agent=a2, id=null, cell=null, time=null, clock=null]
Position [agent=a3, id=null, cell=null, time=null, clock=null]
Position [agent=a3, id=null, cell=null, time=null, clock=null]
Position [agent=a3, id=null, cell=null, time=null, clock=null]
Position [agent=a3, id=null, cell=null, time=null, clock=null]
org coin notification
Cargo [id=null, cell=null, time=null, clock=null]
Coin [id=null, cell=null, agent=a1, time=null, clock=null]
Coin [id=null, cell=null, agent=a2, time=null, clock=null]
Coin [id=null, cell=null, agent=a3, time=null, clock=null]
Coin [id=null, cell=null, agent=a1, time=null, clock=null]
Coin [id=null, cell=null, agent=a2, time=null, clock=null]
Coin [id=null, cell=null, agent=a3, time=null, clock=null]
Coin [id=null, cell=null, agent=a1, time=null, clock=null]
Coin [id=null, cell=null, agent=a2, time=null, clock=null]
Coin [id=null, cell=null, agent=a3, time=null, clock=null]
Coin [id=null, cell=null, agent=null, time=null, clock=null]
Reading [id=null, agent=a1, cell=null, time=null, value=null, clock=null]
Reading [id=null, agent=a2, cell=null, time=null, value=null, clock=null]
Reading [id=null, agent=a3, cell=null, time=null, value=null, clock=null]
from/for agent a1  prohibition([at(5, 6, a1)], [reduce_300(a1)])
Organization notifies agent (write): Prohibition [agent=a1, prohibition=[at(5, 6, a1)], sanction=[reduce_300(a1)], clock=0, time=Tue Jun 04 11:38:49 BST 2013]
Position [agent=t1, id=null, cell=null, time=null, clock=null]
Got event for a1
agent prohibition notification
Event sent to agent      a1 prohibition(at(5, 6, a1), reduce_300(a1))
Position [agent=t1, id=null, cell=null, time=null, clock=null]
Position [agent=t1, id=null, cell=null, time=null, clock=null]
Position [agent=t1, id=null, cell=null, time=null, clock=null]
Coin [id=null, cell=null, agent=null, time=null, clock=null]
Coin [id=null, cell=null, agent=null, time=null, clock=null]
Coin [id=null, cell=null, agent=null, time=null, clock=null]
Coin [id=null, cell=null, agent=null, time=null, clock=null]
Coin [id=null, cell=null, agent=null, time=null, clock=null]
Coin [id=null, cell=null, agent=null, time=null, clock=null]
Coin [id=null, cell=null, agent=null, time=null, clock=null]
Coin [id=null, cell=null, agent=null, time=null, clock=null]
Coin [id=null, cell=null, agent=null, time=null, clock=null]
Coin [id=null, cell=null, agent=null, time=null, clock=null]
Coin [id=null, cell=null, agent=null, time=null, clock=null]
Coin [id=null, cell=null, agent=null, time=null, clock=null]
Position [agent=a1, id=null, cell=null, time=null, clock=null]
Position [agent=a1, id=null, cell=null, time=null, clock=null]
Position [agent=a1, id=null, cell=null, time=null, clock=null]
Position [agent=a2, id=null, cell=null, time=null, clock=null]
Position [agent=a2, id=null, cell=null, time=null, clock=null]
Position [agent=a2, id=null, cell=null, time=null, clock=null]
Position [agent=a2, id=null, cell=null, time=null, clock=null]
Position [agent=a3, id=null, cell=null, time=null, clock=null]
Position [agent=a3, id=null, cell=null, time=null, clock=null]
Position [agent=a3, id=null, cell=null, time=null, clock=null]
Position [agent=a3, id=null, cell=null, time=null, clock=null]
Position [agent=a1, id=null, cell=null, time=null, clock=null]
Position [agent=a1, id=null, cell=null, time=null, clock=null]
Position [agent=a1, id=null, cell=null, time=null, clock=null]
Cargo [id=null, cell=null, time=null, clock=null]
Coin [id=null, cell=null, agent=a1, time=null, clock=null]
Coin [id=null, cell=null, agent=a2, time=null, clock=null]
Coin [id=null, cell=null, agent=a3, time=null, clock=null]
Coin [id=null, cell=null, agent=a1, time=null, clock=null]
Coin [id=null, cell=null, agent=a2, time=null, clock=null]
Coin [id=null, cell=null, agent=a3, time=null, clock=null]
Coin [id=null, cell=null, agent=a1, time=null, clock=null]
Coin [id=null, cell=null, agent=a2, time=null, clock=null]
Coin [id=null, cell=null, agent=a3, time=null, clock=null]
Coin [id=null, cell=null, agent=null, time=null, clock=null]
Reading [id=null, agent=a1, cell=null, time=null, value=null, clock=null]
Reading [id=null, agent=a2, cell=null, time=null, value=null, clock=null]
Reading [id=null, agent=a3, cell=null, time=null, value=null, clock=null]
Position [agent=t1, id=null, cell=null, time=null, clock=null]
Position [agent=t1, id=null, cell=null, time=null, clock=null]
Position [agent=t1, id=null, cell=null, time=null, clock=null]
Position [agent=t1, id=null, cell=null, time=null, clock=null]
Coin [id=null, cell=null, agent=null, time=null, clock=null]
Coin [id=null, cell=null, agent=null, time=null, clock=null]
Coin [id=null, cell=null, agent=null, time=null, clock=null]
Coin [id=null, cell=null, agent=null, time=null, clock=null]
Coin [id=null, cell=null, agent=null, time=null, clock=null]
Coin [id=null, cell=null, agent=null, time=null, clock=null]
Coin [id=null, cell=null, agent=null, time=null, clock=null]
Coin [id=null, cell=null, agent=null, time=null, clock=null]
Coin [id=null, cell=null, agent=null, time=null, clock=null]
Coin [id=null, cell=null, agent=null, time=null, clock=null]
Coin [id=null, cell=null, agent=null, time=null, clock=null]
Coin [id=null, cell=null, agent=null, time=null, clock=null]
Position [agent=a1, id=null, cell=null, time=null, clock=null]
Position [agent=a1, id=null, cell=null, time=null, clock=null]
Position [agent=a1, id=null, cell=null, time=null, clock=null]
Position [agent=a2, id=null, cell=null, time=null, clock=null]
Position [agent=a2, id=null, cell=null, time=null, clock=null]
Position [agent=a2, id=null, cell=null, time=null, clock=null]
Position [agent=a2, id=null, cell=null, time=null, clock=null]
Position [agent=a3, id=null, cell=null, time=null, clock=null]
Position [agent=a3, id=null, cell=null, time=null, clock=null]
Position [agent=a3, id=null, cell=null, time=null, clock=null]
Position [agent=a3, id=null, cell=null, time=null, clock=null]
Position [agent=t1, id=null, cell=null, time=null, clock=null]
Position [agent=t1, id=null, cell=null, time=null, clock=null]
Position [agent=t1, id=null, cell=null, time=null, clock=null]
Position [agent=t1, id=null, cell=null, time=null, clock=null]
Coin [id=null, cell=null, agent=null, time=null, clock=null]
Coin [id=null, cell=null, agent=null, time=null, clock=null]
Coin [id=null, cell=null, agent=null, time=null, clock=null]
Coin [id=null, cell=null, agent=null, time=null, clock=null]
Coin [id=null, cell=null, agent=null, time=null, clock=null]
Coin [id=null, cell=null, agent=null, time=null, clock=null]
Coin [id=null, cell=null, agent=null, time=null, clock=null]
Coin [id=null, cell=null, agent=null, time=null, clock=null]
Coin [id=null, cell=null, agent=null, time=null, clock=null]
Coin [id=null, cell=null, agent=null, time=null, clock=null]
Coin [id=null, cell=null, agent=null, time=null, clock=null]
Coin [id=null, cell=null, agent=null, time=null, clock=null]
Position [agent=a1, id=null, cell=null, time=null, clock=null]
Position [agent=a1, id=null, cell=null, time=null, clock=null]
Position [agent=a1, id=null, cell=null, time=null, clock=null]
Position [agent=a2, id=null, cell=null, time=null, clock=null]
Position [agent=a2, id=null, cell=null, time=null, clock=null]
Position [agent=a2, id=null, cell=null, time=null, clock=null]
Position [agent=a2, id=null, cell=null, time=null, clock=null]
Position [agent=a3, id=null, cell=null, time=null, clock=null]
Position [agent=a3, id=null, cell=null, time=null, clock=null]
Position [agent=a3, id=null, cell=null, time=null, clock=null]
Position [agent=a3, id=null, cell=null, time=null, clock=null]
Position [agent=t1, id=null, cell=null, time=null, clock=null]
Position [agent=t1, id=null, cell=null, time=null, clock=null]
Position [agent=t1, id=null, cell=null, time=null, clock=null]
Position [agent=t1, id=null, cell=null, time=null, clock=null]
Coin [id=null, cell=null, agent=null, time=null, clock=null]
Coin [id=null, cell=null, agent=null, time=null, clock=null]
Coin [id=null, cell=null, agent=null, time=null, clock=null]
Coin [id=null, cell=null, agent=null, time=null, clock=null]
Coin [id=null, cell=null, agent=null, time=null, clock=null]
Coin [id=null, cell=null, agent=null, time=null, clock=null]
Coin [id=null, cell=null, agent=null, time=null, clock=null]
Coin [id=null, cell=null, agent=null, time=null, clock=null]
Coin [id=null, cell=null, agent=null, time=null, clock=null]
Coin [id=null, cell=null, agent=null, time=null, clock=null]
Coin [id=null, cell=null, agent=null, time=null, clock=null]
Coin [id=null, cell=null, agent=null, time=null, clock=null]
Position [agent=a1, id=null, cell=null, time=null, clock=null]
Position [agent=a1, id=null, cell=null, time=null, clock=null]
Position [agent=a1, id=null, cell=null, time=null, clock=null]
Position [agent=a2, id=null, cell=null, time=null, clock=null]
Position [agent=a2, id=null, cell=null, time=null, clock=null]
Position [agent=a2, id=null, cell=null, time=null, clock=null]
Position [agent=a2, id=null, cell=null, time=null, clock=null]
Position [agent=a3, id=null, cell=null, time=null, clock=null]
Position [agent=a3, id=null, cell=null, time=null, clock=null]
Position [agent=a3, id=null, cell=null, time=null, clock=null]
Position [agent=a3, id=null, cell=null, time=null, clock=null]
org coin notification
Cargo [id=null, cell=null, time=null, clock=null]
Coin [id=null, cell=null, agent=a1, time=null, clock=null]
Coin [id=null, cell=null, agent=a2, time=null, clock=null]
Coin [id=null, cell=null, agent=a3, time=null, clock=null]
Coin [id=null, cell=null, agent=a1, time=null, clock=null]
Coin [id=null, cell=null, agent=a2, time=null, clock=null]
Coin [id=null, cell=null, agent=a3, time=null, clock=null]
Coin [id=null, cell=null, agent=a1, time=null, clock=null]
Coin [id=null, cell=null, agent=a2, time=null, clock=null]
Coin [id=null, cell=null, agent=a3, time=null, clock=null]
Coin [id=null, cell=null, agent=null, time=null, clock=null]
Reading [id=null, agent=a1, cell=null, time=null, value=null, clock=null]
Reading [id=null, agent=a2, cell=null, time=null, value=null, clock=null]
Reading [id=null, agent=a3, cell=null, time=null, value=null, clock=null]
from/for agent a1  prohibition([at(5, 6, a1)], [reduce_300(a1)])
Organization notifies agent (write): Prohibition [agent=a1, prohibition=[at(5, 6, a1)], sanction=[reduce_300(a1)], clock=0, time=Tue Jun 04 11:39:24 BST 2013]
Position [agent=t1, id=null, cell=null, time=null, clock=null]
Got event for a1
agent prohibition notification
Event sent to agent      a1 prohibition(at(5, 6, a1), reduce_300(a1))
Position [agent=t1, id=null, cell=null, time=null, clock=null]
Position [agent=t1, id=null, cell=null, time=null, clock=null]
Position [agent=t1, id=null, cell=null, time=null, clock=null]
Coin [id=null, cell=null, agent=null, time=null, clock=null]
Coin [id=null, cell=null, agent=null, time=null, clock=null]
Coin [id=null, cell=null, agent=null, time=null, clock=null]
Coin [id=null, cell=null, agent=null, time=null, clock=null]
Coin [id=null, cell=null, agent=null, time=null, clock=null]
Coin [id=null, cell=null, agent=null, time=null, clock=null]
Coin [id=null, cell=null, agent=null, time=null, clock=null]
Coin [id=null, cell=null, agent=null, time=null, clock=null]
Coin [id=null, cell=null, agent=null, time=null, clock=null]
Coin [id=null, cell=null, agent=null, time=null, clock=null]
Coin [id=null, cell=null, agent=null, time=null, clock=null]
Coin [id=null, cell=null, agent=null, time=null, clock=null]
Position [agent=a1, id=null, cell=null, time=null, clock=null]
Position [agent=a1, id=null, cell=null, time=null, clock=null]
Position [agent=a1, id=null, cell=null, time=null, clock=null]
Position [agent=a2, id=null, cell=null, time=null, clock=null]
Position [agent=a2, id=null, cell=null, time=null, clock=null]
Position [agent=a2, id=null, cell=null, time=null, clock=null]
Position [agent=a2, id=null, cell=null, time=null, clock=null]
Position [agent=a3, id=null, cell=null, time=null, clock=null]
Position [agent=a3, id=null, cell=null, time=null, clock=null]
Position [agent=a3, id=null, cell=null, time=null, clock=null]
Position [agent=a3, id=null, cell=null, time=null, clock=null]
Position [agent=a1, id=null, cell=null, time=null, clock=null]
Position [agent=a1, id=null, cell=null, time=null, clock=null]
Position [agent=a1, id=null, cell=null, time=null, clock=null]
Cargo [id=null, cell=null, time=null, clock=null]
Coin [id=null, cell=null, agent=a1, time=null, clock=null]
Coin [id=null, cell=null, agent=a2, time=null, clock=null]
Coin [id=null, cell=null, agent=a3, time=null, clock=null]
Coin [id=null, cell=null, agent=a1, time=null, clock=null]
Coin [id=null, cell=null, agent=a2, time=null, clock=null]
Coin [id=null, cell=null, agent=a3, time=null, clock=null]
Coin [id=null, cell=null, agent=a1, time=null, clock=null]
Coin [id=null, cell=null, agent=a2, time=null, clock=null]
Coin [id=null, cell=null, agent=a3, time=null, clock=null]
Coin [id=null, cell=null, agent=null, time=null, clock=null]
Reading [id=null, agent=a1, cell=null, time=null, value=null, clock=null]
Reading [id=null, agent=a2, cell=null, time=null, value=null, clock=null]
Reading [id=null, agent=a3, cell=null, time=null, value=null, clock=null]
Position [agent=t1, id=null, cell=null, time=null, clock=null]
Position [agent=t1, id=null, cell=null, time=null, clock=null]
Position [agent=t1, id=null, cell=null, time=null, clock=null]
Position [agent=t1, id=null, cell=null, time=null, clock=null]
Coin [id=null, cell=null, agent=null, time=null, clock=null]
Coin [id=null, cell=null, agent=null, time=null, clock=null]
Coin [id=null, cell=null, agent=null, time=null, clock=null]
Coin [id=null, cell=null, agent=null, time=null, clock=null]
Coin [id=null, cell=null, agent=null, time=null, clock=null]
Coin [id=null, cell=null, agent=null, time=null, clock=null]
Coin [id=null, cell=null, agent=null, time=null, clock=null]
Coin [id=null, cell=null, agent=null, time=null, clock=null]
Coin [id=null, cell=null, agent=null, time=null, clock=null]
Coin [id=null, cell=null, agent=null, time=null, clock=null]
Coin [id=null, cell=null, agent=null, time=null, clock=null]
Coin [id=null, cell=null, agent=null, time=null, clock=null]
Position [agent=a1, id=null, cell=null, time=null, clock=null]
Position [agent=a1, id=null, cell=null, time=null, clock=null]
Position [agent=a1, id=null, cell=null, time=null, clock=null]
Position [agent=a2, id=null, cell=null, time=null, clock=null]
Position [agent=a2, id=null, cell=null, time=null, clock=null]
Position [agent=a2, id=null, cell=null, time=null, clock=null]
Position [agent=a2, id=null, cell=null, time=null, clock=null]
Position [agent=a3, id=null, cell=null, time=null, clock=null]
Position [agent=a3, id=null, cell=null, time=null, clock=null]
Position [agent=a3, id=null, cell=null, time=null, clock=null]
Position [agent=a3, id=null, cell=null, time=null, clock=null]
Position [agent=t1, id=null, cell=null, time=null, clock=null]
Position [agent=t1, id=null, cell=null, time=null, clock=null]
Position [agent=t1, id=null, cell=null, time=null, clock=null]
Position [agent=t1, id=null, cell=null, time=null, clock=null]
Coin [id=null, cell=null, agent=null, time=null, clock=null]
Coin [id=null, cell=null, agent=null, time=null, clock=null]
Coin [id=null, cell=null, agent=null, time=null, clock=null]
Coin [id=null, cell=null, agent=null, time=null, clock=null]
Coin [id=null, cell=null, agent=null, time=null, clock=null]
Coin [id=null, cell=null, agent=null, time=null, clock=null]
Coin [id=null, cell=null, agent=null, time=null, clock=null]
Coin [id=null, cell=null, agent=null, time=null, clock=null]
Coin [id=null, cell=null, agent=null, time=null, clock=null]
Coin [id=null, cell=null, agent=null, time=null, clock=null]
Coin [id=null, cell=null, agent=null, time=null, clock=null]
Coin [id=null, cell=null, agent=null, time=null, clock=null]
Position [agent=a1, id=null, cell=null, time=null, clock=null]
Position [agent=a1, id=null, cell=null, time=null, clock=null]
Position [agent=a1, id=null, cell=null, time=null, clock=null]
Position [agent=a2, id=null, cell=null, time=null, clock=null]
Position [agent=a2, id=null, cell=null, time=null, clock=null]
Position [agent=a2, id=null, cell=null, time=null, clock=null]
Position [agent=a2, id=null, cell=null, time=null, clock=null]
Position [agent=a3, id=null, cell=null, time=null, clock=null]
Position [agent=a3, id=null, cell=null, time=null, clock=null]
Position [agent=a3, id=null, cell=null, time=null, clock=null]
Position [agent=a3, id=null, cell=null, time=null, clock=null]
Position [agent=t1, id=null, cell=null, time=null, clock=null]
Position [agent=t1, id=null, cell=null, time=null, clock=null]
Position [agent=t1, id=null, cell=null, time=null, clock=null]
Position [agent=t1, id=null, cell=null, time=null, clock=null]
Coin [id=null, cell=null, agent=null, time=null, clock=null]
Coin [id=null, cell=null, agent=null, time=null, clock=null]
Coin [id=null, cell=null, agent=null, time=null, clock=null]
Coin [id=null, cell=null, agent=null, time=null, clock=null]
Coin [id=null, cell=null, agent=null, time=null, clock=null]
Coin [id=null, cell=null, agent=null, time=null, clock=null]
Coin [id=null, cell=null, agent=null, time=null, clock=null]
Coin [id=null, cell=null, agent=null, time=null, clock=null]
Coin [id=null, cell=null, agent=null, time=null, clock=null]
Coin [id=null, cell=null, agent=null, time=null, clock=null]
Coin [id=null, cell=null, agent=null, time=null, clock=null]
Coin [id=null, cell=null, agent=null, time=null, clock=null]
Position [agent=a1, id=null, cell=null, time=null, clock=null]
Position [agent=a1, id=null, cell=null, time=null, clock=null]
Position [agent=a1, id=null, cell=null, time=null, clock=null]
Position [agent=a2, id=null, cell=null, time=null, clock=null]
Position [agent=a2, id=null, cell=null, time=null, clock=null]
Position [agent=a2, id=null, cell=null, time=null, clock=null]
Position [agent=a2, id=null, cell=null, time=null, clock=null]
Position [agent=a3, id=null, cell=null, time=null, clock=null]
Position [agent=a3, id=null, cell=null, time=null, clock=null]
Position [agent=a3, id=null, cell=null, time=null, clock=null]
Position [agent=a3, id=null, cell=null, time=null, clock=null]
org position notification
Cargo [id=null, cell=null, time=null, clock=null]
Coin [id=null, cell=null, agent=a1, time=null, clock=null]
Coin [id=null, cell=null, agent=a2, time=null, clock=null]
Coin [id=null, cell=null, agent=a3, time=null, clock=null]
Coin [id=null, cell=null, agent=a1, time=null, clock=null]
Coin [id=null, cell=null, agent=a2, time=null, clock=null]
Coin [id=null, cell=null, agent=a3, time=null, clock=null]
Coin [id=null, cell=null, agent=a1, time=null, clock=null]
Coin [id=null, cell=null, agent=a2, time=null, clock=null]
Coin [id=null, cell=null, agent=a3, time=null, clock=null]
Coin [id=null, cell=null, agent=null, time=null, clock=null]
Reading [id=null, agent=a1, cell=null, time=null, value=null, clock=null]
Reading [id=null, agent=a2, cell=null, time=null, value=null, clock=null]
Reading [id=null, agent=a3, cell=null, time=null, value=null, clock=null]
from/for agent a1  prohibition([at(5, 6, a1)], [reduce_300(a1)])
Organization notifies agent (write): Prohibition [agent=a1, prohibition=[at(5, 6, a1)], sanction=[reduce_300(a1)], clock=0, time=Tue Jun 04 11:39:58 BST 2013]
Position [agent=t1, id=null, cell=null, time=null, clock=null]
Got event for a1
agent prohibition notification
Event sent to agent      a1 prohibition(at(5, 6, a1), reduce_300(a1))
Position [agent=t1, id=null, cell=null, time=null, clock=null]
Position [agent=t1, id=null, cell=null, time=null, clock=null]
Position [agent=t1, id=null, cell=null, time=null, clock=null]
Coin [id=null, cell=null, agent=null, time=null, clock=null]
Coin [id=null, cell=null, agent=null, time=null, clock=null]
Coin [id=null, cell=null, agent=null, time=null, clock=null]
Coin [id=null, cell=null, agent=null, time=null, clock=null]
Coin [id=null, cell=null, agent=null, time=null, clock=null]
Coin [id=null, cell=null, agent=null, time=null, clock=null]
Coin [id=null, cell=null, agent=null, time=null, clock=null]
Coin [id=null, cell=null, agent=null, time=null, clock=null]
Coin [id=null, cell=null, agent=null, time=null, clock=null]
Coin [id=null, cell=null, agent=null, time=null, clock=null]
Coin [id=null, cell=null, agent=null, time=null, clock=null]
Coin [id=null, cell=null, agent=null, time=null, clock=null]
Position [agent=a1, id=null, cell=null, time=null, clock=null]
Position [agent=a1, id=null, cell=null, time=null, clock=null]
Position [agent=a1, id=null, cell=null, time=null, clock=null]
Position [agent=a2, id=null, cell=null, time=null, clock=null]
Position [agent=a2, id=null, cell=null, time=null, clock=null]
Position [agent=a2, id=null, cell=null, time=null, clock=null]
Position [agent=a2, id=null, cell=null, time=null, clock=null]
Position [agent=a3, id=null, cell=null, time=null, clock=null]
Position [agent=a3, id=null, cell=null, time=null, clock=null]
Position [agent=a3, id=null, cell=null, time=null, clock=null]
Position [agent=a3, id=null, cell=null, time=null, clock=null]
Position [agent=a1, id=null, cell=null, time=null, clock=null]
Position [agent=a1, id=null, cell=null, time=null, clock=null]
Position [agent=a1, id=null, cell=null, time=null, clock=null]
Cargo [id=null, cell=null, time=null, clock=null]
Coin [id=null, cell=null, agent=a1, time=null, clock=null]
Coin [id=null, cell=null, agent=a2, time=null, clock=null]
Coin [id=null, cell=null, agent=a3, time=null, clock=null]
Coin [id=null, cell=null, agent=a1, time=null, clock=null]
Coin [id=null, cell=null, agent=a2, time=null, clock=null]
Coin [id=null, cell=null, agent=a3, time=null, clock=null]
Coin [id=null, cell=null, agent=a1, time=null, clock=null]
Coin [id=null, cell=null, agent=a2, time=null, clock=null]
