test2.
Service Registrar: 14d96071-2229-4f34-a62a-40849251b38a
Java Space found.
TransactionManager found.
org notified 
org notified 
org notified 
org notified 
from agent t1  obligation([cargo(_, _, _)], 11, [reduce_100(t1)])
from agent t1  prohibition([cargo(_, _, 2)], [reduce_100(t1)])
from agent t1  prohibition([at(5, 5, t1)], [reduce_300(t1)])
from agent t1  prohibition([at(5, 6, t1)], [reduce_300(t1)])
from agent t1  prohibition([at(6, 5, t1)], [reduce_300(t1)])
from agent t1  prohibition([at(6, 6, t1)], [reduce_300(t1)])
[Prohibition [agent=c1, prohibition=[coin(5, 5, _, a2)], sanction=[reduce_300(c1)], clock=1, time=Wed May 22 12:59:19 BST 2013]]
prohibition(coin(6, 6, _, c1), reduce_300(c1))
[Prohibition [agent=t1, prohibition=[at(5, 6, t1)], sanction=[reduce_300(t1)], clock=1, time=Wed May 22 12:59:17 BST 2013]]
[Prohibition [agent=t1, prohibition=[cargo(_, _, 2)], sanction=[reduce_100(t1)], clock=1, time=Wed May 22 12:59:16 BST 2013]]
[Prohibition [agent=c1, prohibition=[coin(6, 6, _, a2)], sanction=[reduce_300(c1)], clock=1, time=Wed May 22 12:59:20 BST 2013]]
[Prohibition [agent=c1, prohibition=[coin(5, 6, _, a3)], sanction=[reduce_300(c1)], clock=1, time=Wed May 22 12:59:20 BST 2013]]
prohibition(coin(5, 6, _, c1), reduce_300(c1))
prohibition(at(5, 6, t1), reduce_300(t1))
prohibition(coin(5, 5, _, c1), reduce_300(c1))
prohibition(coin(6, 6, _, c1), reduce_300(c1))
[Prohibition [agent=c1, prohibition=[coin(6, 5, _, a1)], sanction=[reduce_300(c1)], clock=1, time=Wed May 22 12:59:19 BST 2013]]
[Prohibition [agent=t1, prohibition=[at(6, 6, t1)], sanction=[reduce_300(t1)], clock=1, time=Wed May 22 12:59:17 BST 2013]]
[Prohibition [agent=c1, prohibition=[coin(6, 6, _, a2)], sanction=[reduce_300(c1)], clock=1, time=Wed May 22 12:59:20 BST 2013]]
[Prohibition [agent=t1, prohibition=[cargo(_, _, 2)], sanction=[reduce_100(t1)], clock=1, time=Wed May 22 12:59:16 BST 2013]]
prohibition(at(6, 6, t1), reduce_300(t1))
prohibition(at(5, 6, t1), reduce_300(t1))
[Prohibition [agent=c1, prohibition=[coin(5, 5, _, a1)], sanction=[reduce_300(c1)], clock=1, time=Wed May 22 12:59:19 BST 2013]]
prohibition(at(6, 5, a3), reduce_300(a3))
prohibition(at(5, 5, t1), reduce_300(t1))
prohibition(at(5, 6, a3), reduce_300(a3))
from agent c1  prohibition([coin(5, 5, _, a1)], [reduce_300(c1)])
from agent c1  prohibition([coin(5, 6, _, a1)], [reduce_300(c1)])
from agent c1  prohibition([coin(6, 5, _, a1)], [reduce_300(c1)])
from agent c1  prohibition([coin(6, 6, _, a1)], [reduce_300(c1)])
from agent c1  prohibition([coin(5, 5, _, a2)], [reduce_300(c1)])
from agent c1  prohibition([coin(5, 6, _, a2)], [reduce_300(c1)])
from agent c1  prohibition([coin(6, 5, _, a2)], [reduce_300(c1)])
from agent c1  prohibition([coin(6, 6, _, a2)], [reduce_300(c1)])
from agent c1  prohibition([coin(5, 5, _, a3)], [reduce_300(c1)])
from agent c1  prohibition([coin(5, 6, _, a3)], [reduce_300(c1)])
from agent c1  prohibition([coin(6, 5, _, a3)], [reduce_300(c1)])
from agent c1  prohibition([coin(6, 6, _, a3)], [reduce_300(c1)])
[Prohibition [agent=c1, prohibition=[coin(6, 5, _, a1)], sanction=[reduce_300(c1)], clock=1, time=Wed May 22 12:59:19 BST 2013]]
[Prohibition [agent=c1, prohibition=[coin(6, 5, _, a3)], sanction=[reduce_300(c1)], clock=1, time=Wed May 22 12:59:20 BST 2013]]
[Prohibition [agent=t1, prohibition=[cargo(_, _, 2)], sanction=[reduce_100(t1)], clock=1, time=Wed May 22 12:59:16 BST 2013]]
prohibition(coin(5, 6, _, c1), reduce_300(c1))
prohibition(coin(5, 5, _, c1), reduce_300(c1))
[Prohibition [agent=c1, prohibition=[coin(5, 5, _, a3)], sanction=[reduce_300(c1)], clock=1, time=Wed May 22 12:59:20 BST 2013]]
prohibition(coin(6, 5, _, c1), reduce_300(c1))
prohibition(coin(6, 5, _, c1), reduce_300(c1))
[Prohibition [agent=t1, prohibition=[cargo(_, _, 2)], sanction=[reduce_100(t1)], clock=1, time=Wed May 22 12:59:16 BST 2013]]
[Prohibition [agent=c1, prohibition=[coin(6, 6, _, a1)], sanction=[reduce_300(c1)], clock=1, time=Wed May 22 13:03:18 BST 2013]]
[Prohibition [agent=a1, prohibition=[at(5, 5, a1)], sanction=[reduce_300(a1)], clock=1, time=Wed May 22 12:59:23 BST 2013]]
[Prohibition [agent=c1, prohibition=[coin(5, 5, _, a1)], sanction=[reduce_300(c1)], clock=1, time=Wed May 22 13:03:18 BST 2013]]
prohibition(at(6, 5, t1), reduce_300(t1))
[Prohibition [agent=t1, prohibition=[at(6, 5, t1)], sanction=[reduce_300(t1)], clock=1, time=Wed May 22 12:59:17 BST 2013]]
prohibition(cargo(_, _, 2, t1), reduce_100(t1))
prohibition(coin(6, 5, _, c1), reduce_300(c1))
prohibition(coin(5, 5, _, c1), reduce_300(c1))
prohibition(coin(5, 6, _, c1), reduce_300(c1))
[Prohibition [agent=t1, prohibition=[cargo(_, _, 2)], sanction=[reduce_100(t1)], clock=1, time=Wed May 22 12:59:16 BST 2013]]
prohibition(coin(6, 6, _, c1), reduce_300(c1))
from agent a1  prohibition([at(5, 5, a1)], [reduce_300(a1)])
from agent a1  prohibition([at(5, 6, a1)], [reduce_300(a1)])
from agent a1  prohibition([at(6, 5, a1)], [reduce_300(a1)])
from agent a1  prohibition([at(6, 6, a1)], [reduce_300(a1)])
from agent a2  prohibition([at(5, 5, a2)], [reduce_300(a2)])
from agent a2  prohibition([at(5, 6, a2)], [reduce_300(a2)])
from agent a2  prohibition([at(6, 5, a2)], [reduce_300(a2)])
from agent a2  prohibition([at(6, 6, a2)], [reduce_300(a2)])
from agent a3  prohibition([at(5, 5, a3)], [reduce_300(a3)])
from agent a3  prohibition([at(5, 6, a3)], [reduce_300(a3)])
from agent a3  prohibition([at(6, 5, a3)], [reduce_300(a3)])
from agent a3  prohibition([at(6, 6, a3)], [reduce_300(a3)])
from agent c1  coin(position(8, 6), 1, a1)
from agent t1  cargo(position(19, 19), 2)
from agent a3  status(position(3, 4), 0)
from agent c1  coin(position(16, 6), 1, a2)
from agent a1  status(position(3, 4), 0)
from agent a2  status(position(3, 4), 0)
[Prohibition [agent=t1, prohibition=[cargo(_, _, 2)], sanction=[reduce_100(t1)], clock=1, time=Wed May 22 12:59:16 BST 2013]]
[Prohibition [agent=t1, prohibition=[at(5, 6, t1)], sanction=[reduce_300(t1)], clock=1, time=Wed May 22 12:59:17 BST 2013]]
prohibition(at(5, 5, a3), reduce_300(a3))
prohibition(at(6, 5, a3), reduce_300(a3))
[Prohibition [agent=t1, prohibition=[at(5, 5, t1)], sanction=[reduce_300(t1)], clock=1, time=Wed May 22 12:59:17 BST 2013]]
prohibition(at(6, 6, a3), reduce_300(a3))
from agent t1  status(position(18, 19), 0)
[Prohibition [agent=t1, prohibition=[at(5, 5, t1)], sanction=[reduce_300(t1)], clock=1, time=Wed May 22 12:59:17 BST 2013]]
prohibition(at(5, 6, a3), reduce_300(a3))
[Prohibition [agent=t1, prohibition=[cargo(_, _, 2)], sanction=[reduce_100(t1)], clock=1, time=Wed May 22 12:59:16 BST 2013]]
prohibition(at(6, 6, a3), reduce_300(a3))
from agent c1  coin(position(3, 9), 1, a3)
from agent a2  status(position(3, 5), 0)
from agent a1  status(position(3, 5), 6)
org notified 
from agent t1  status(position(17, 19), 6)
from agent a3  status(position(3, 5), 1)
from agent a2  status(position(3, 6), 1)
from agent a3  status(position(3, 6), 3)
from agent a1  status(position(3, 6), 1)
from agent t1  status(position(16, 19), 2)
from agent a2  status(position(3, 7), 1)
from agent a1  status(position(3, 7), 18)
from agent a3  status(position(3, 7), 1)
from agent t1  status(position(15, 19), 20)
from agent a2  status(position(3, 8), 1)
from agent a1  status(position(3, 8), 1)
from agent a3  status(position(3, 8), 1)
from agent t1  status(position(14, 19), 6)
from agent a2  status(position(3, 9), 1)
from agent a1  status(position(3, 9), 1)
from agent a3  status(position(3, 9), 1)
from agent t1  status(position(13, 19), 1)
from agent a2  status(position(3, 10), 1)
from agent a3  status(position(3, 10), 0)
from agent a1  status(position(3, 10), 1)
from agent t1  status(position(12, 19), 1)
from agent a2  status(position(4, 10), 1)
from agent a3  status(position(4, 10), 1)
from agent a1  status(position(4, 10), 1)
from agent t1  status(position(11, 19), 2)
from agent a2  status(position(5, 10), 1)
from agent a3  status(position(5, 10), 1)
from agent a1  status(position(5, 10), 1)
from agent a2  status(position(6, 10), 2)
from agent t1  status(position(10, 19), 1)
from agent a3  status(position(6, 10), 1)
from agent a1  status(position(6, 10), 1)
from agent a2  status(position(7, 10), 1)
from agent t1  status(position(9, 19), 1)
from agent a3  status(position(7, 10), 1)
from agent a1  status(position(7, 10), 1)
from agent a2  status(position(8, 10), 1)
from agent t1  status(position(8, 19), 1)
org notified 
from agent a3  status(position(8, 10), 1)
from agent t1  obligation([cargo(_, _, _)], 10, [reduce_100(t1)])
[Obligation [agent=t1, obligation=[cargo(_, _, _)], sanction=[reduce_100(t1)], deadline=10, time=Wed May 22 13:03:15 BST 2013, clock=1]]
obligation(cargo(_, _, _, t1), 10, reduce_100(t1))
from agent a1  status(position(8, 10), 1)
from agent a2  status(position(9, 10), 1)
from agent t1  status(position(7, 19), 1)
from agent a3  status(position(9, 10), 1)
from agent a1  status(position(9, 10), 1)
from agent a2  status(position(10, 10), 1)
from agent t1  status(position(6, 19), 1)
from agent a3  status(position(10, 10), 1)
from agent a1  status(position(10, 10), 1)
from agent t1  status(position(5, 19), 1)
from agent t1  status(position(4, 19), 1)
from agent t1  status(position(3, 19), 1)
from agent t1  status(position(2, 19), 1)
from agent t1  status(position(2, 18), 1)
from agent t1  status(position(2, 17), 1)
from agent t1  status(position(2, 16), 1)
from agent t1  status(position(2, 15), 1)
from agent t1  status(position(2, 14), 1)
from agent t1  status(position(2, 13), 1)
from agent t1  status(position(2, 12), 1)
from agent t1  status(position(2, 11), 1)
org notified 
from agent t1  obligation([cargo(_, _, _)], 11, [reduce_100(t1)])
[Obligation [agent=t1, obligation=[cargo(_, _, _)], sanction=[reduce_100(t1)], deadline=10, time=Wed May 22 13:03:15 BST 2013, clock=1]]
obligation(cargo(_, _, _, t1), 11, reduce_100(t1))
from agent t1  status(position(2, 10), 1)
from agent t1  status(position(2, 9), 1)
from agent t1  status(position(2, 8), 1)
from agent t1  status(position(2, 7), 1)
from agent t1  status(position(2, 6), 1)
from agent t1  status(position(2, 5), 1)
from agent t1  status(position(2, 4), 1)
from agent t1  status(position(2, 3), 1)
from agent t1  status(position(2, 2), 1)
org notified 
from agent t1  obligation([cargo(_, _, _)], 11, [reduce_100(t1)])
[Obligation [agent=t1, obligation=[cargo(_, _, _)], sanction=[reduce_100(t1)], deadline=10, time=Wed May 22 13:03:15 BST 2013, clock=1]]
obligation(cargo(_, _, _, t1), 11, reduce_100(t1))
