test2.
Service Registrar: 9586234c-676f-49f7-8425-b268487ef927
Java Space found.
TransactionManager found.
from agent t1  cargo(position(19, 19), 0)
from agent c1  coin(position(8, 6), 0, a1)
org notified 
org notified 
!!!!! from org !!!!!!
cargo
!!!!! from org !!!!!!
coin
!!!!! from org !!!!!!
coin
!!!!! from org !!!!!!
coin
!!!!! from org !!!!!!
reading
!!!!! from org !!!!!!
reading
!!!!! from org !!!!!!
reading
!!!!! from org !!!!!!
reading
!!!!! from org !!!!!!
reading
!!!!! from org !!!!!!
reading
!!!!! from org !!!!!!
cargo
from agent t1  prohibition([at(5, 5, t1)], [reduce_300(t1)])
from agent t1  prohibition([at(5, 6, t1)], [reduce_300(t1)])
from agent t1  prohibition([at(6, 5, t1)], [reduce_300(t1)])
from agent t1  prohibition([at(6, 6, t1)], [reduce_300(t1)])
!!!!! from org !!!!!!
coin
!!!!! from org !!!!!!
coin
!!!!! from org !!!!!!
position
!!!!! from org !!!!!!
position
!!!!! from org !!!!!!
position
from agent c1  prohibition([coin(5, 5, _, a1)], [reduce_300(c1)])
from agent c1  prohibition([coin(5, 6, _, a1)], [reduce_300(c1)])
from agent c1  prohibition([coin(6, 5, _, a1)], [reduce_300(c1)])
from agent c1  prohibition([coin(6, 6, _, a1)], [reduce_300(c1)])
from agent c1  prohibition([coin(5, 5, _, a2)], [reduce_300(c1)])
from agent c1  prohibition([coin(5, 6, _, a2)], [reduce_300(c1)])
from agent c1  prohibition([coin(6, 5, _, a2)], [reduce_300(c1)])
from agent c1  prohibition([coin(6, 6, _, a2)], [reduce_300(c1)])
from agent c1  prohibition([coin(5, 5, _, a3)], [reduce_300(c1)])
from agent c1  prohibition([coin(5, 6, _, a3)], [reduce_300(c1)])
from agent c1  prohibition([coin(6, 5, _, a3)], [reduce_300(c1)])
from agent c1  prohibition([coin(6, 6, _, a3)], [reduce_300(c1)])
!!!!! from org !!!!!!
position
!!!!! from org !!!!!!
position
!!!!! from org !!!!!!
position
!!!!! from org !!!!!!
position
!!!!! from org !!!!!!
position
!!!!! from org !!!!!!
position
!!!!! from org !!!!!!
reading
!!!!! from org !!!!!!
reading
!!!!! from org !!!!!!
reading
from agent a1  prohibition([at(5, 5, a1)], [reduce_300(a1)])
from agent a1  prohibition([at(5, 6, a1)], [reduce_300(a1)])
from agent a1  prohibition([at(6, 5, a1)], [reduce_300(a1)])
from agent a1  prohibition([at(6, 6, a1)], [reduce_300(a1)])
from agent a2  prohibition([at(5, 5, a2)], [reduce_300(a2)])
from agent a2  prohibition([at(5, 6, a2)], [reduce_300(a2)])
from agent a2  prohibition([at(6, 5, a2)], [reduce_300(a2)])
from agent a2  prohibition([at(6, 6, a2)], [reduce_300(a2)])
from agent a3  prohibition([at(5, 5, a3)], [reduce_300(a3)])
from agent a3  prohibition([at(5, 6, a3)], [reduce_300(a3)])
from agent a3  prohibition([at(6, 5, a3)], [reduce_300(a3)])
from agent a3  prohibition([at(6, 6, a3)], [reduce_300(a3)])
!!!!! from org !!!!!!
position
!!!!! from org !!!!!!
position
!!!!! from org !!!!!!
position
!!!!! from org !!!!!!
position
!!!!! from org !!!!!!
position
!!!!! from org !!!!!!
position
!!!!! from org !!!!!!
position
!!!!! from org !!!!!!
position
!!!!! from org !!!!!!
position
!!!!! from org !!!!!!
position
!!!!! from org !!!!!!
position
!!!!! from org !!!!!!
position
!!!!! from org !!!!!!
position
!!!!! from org !!!!!!
position
!!!!! from org !!!!!!
position
!!!!! from org !!!!!!
position
!!!!! from org !!!!!!
cargo
!!!!! from org !!!!!!
coin
!!!!! from org !!!!!!
coin
!!!!! from org !!!!!!
coin
!!!!! from org !!!!!!
reading
!!!!! from org !!!!!!
reading
!!!!! from org !!!!!!
reading
!!!!! from org !!!!!!
reading
!!!!! from org !!!!!!
reading
!!!!! from org !!!!!!
reading
!!!!! from org !!!!!!
cargo
!!!!! from org !!!!!!
coin
!!!!! from org !!!!!!
coin
!!!!! from org !!!!!!
position
!!!!! from org !!!!!!
position
!!!!! from org !!!!!!
position
!!!!! from org !!!!!!
position
!!!!! from org !!!!!!
position
!!!!! from org !!!!!!
position
!!!!! from org !!!!!!
position
!!!!! from org !!!!!!
position
!!!!! from org !!!!!!
position
!!!!! from org !!!!!!
reading
!!!!! from org !!!!!!
reading
!!!!! from org !!!!!!
reading
!!!!! from org !!!!!!
position
!!!!! from org !!!!!!
position
!!!!! from org !!!!!!
position
!!!!! from org !!!!!!
position
!!!!! from org !!!!!!
position
!!!!! from org !!!!!!
position
!!!!! from org !!!!!!
position
!!!!! from org !!!!!!
position
!!!!! from org !!!!!!
position
!!!!! from org !!!!!!
position
!!!!! from org !!!!!!
position
!!!!! from org !!!!!!
position
!!!!! from org !!!!!!
position
!!!!! from org !!!!!!
position
!!!!! from org !!!!!!
position
!!!!! from org !!!!!!
position
!!!!! from org !!!!!!
position
!!!!! from org !!!!!!
position
!!!!! from org !!!!!!
position
!!!!! from org !!!!!!
position
[Prohibition [agent=t1, prohibition=[at(5, 5, t1)], sanction=[reduce_300(t1)], clock=1, time=Fri May 24 14:55:31 BST 2013]]
prohibition(at(5, 5, a2), reduce_300(a2))
!!!!! from org !!!!!!
position
!!!!! from org !!!!!!
position
!!!!! from org !!!!!!
position
!!!!! from org !!!!!!
position
!!!!! from org !!!!!!
position
!!!!! from org !!!!!!
position
!!!!! from org !!!!!!
position
!!!!! from org !!!!!!
position
!!!!! from org !!!!!!
position
!!!!! from org !!!!!!
position
!!!!! from org !!!!!!
position
!!!!! from org !!!!!!
position
[Prohibition [agent=c1, prohibition=[coin(5, 5, _, a3)], sanction=[reduce_300(c1)], clock=1, time=Fri May 24 14:55:31 BST 2013]]
[Prohibition [agent=a1, prohibition=[at(5, 5, a1)], sanction=[reduce_300(a1)], clock=1, time=Fri May 24 14:55:31 BST 2013]]
prohibition(coin(6, 6, _, c1), reduce_300(c1))
[Prohibition [agent=t1, prohibition=[at(6, 5, t1)], sanction=[reduce_300(t1)], clock=1, time=Fri May 24 14:41:38 BST 2013]]
prohibition(at(5, 6, t1), reduce_300(t1))
prohibition(at(5, 5, a2), reduce_300(a2))
!!!!! from org !!!!!!
cargo
!!!!! from org !!!!!!
coin
!!!!! from org !!!!!!
coin
!!!!! from org !!!!!!
coin
!!!!! from org !!!!!!
reading
!!!!! from org !!!!!!
reading
!!!!! from org !!!!!!
reading
!!!!! from org !!!!!!
reading
!!!!! from org !!!!!!
reading
!!!!! from org !!!!!!
reading
!!!!! from org !!!!!!
cargo
!!!!! from org !!!!!!
coin
!!!!! from org !!!!!!
coin
!!!!! from org !!!!!!
position
!!!!! from org !!!!!!
position
!!!!! from org !!!!!!
position
!!!!! from org !!!!!!
position
!!!!! from org !!!!!!
position
!!!!! from org !!!!!!
position
!!!!! from org !!!!!!
position
!!!!! from org !!!!!!
position
!!!!! from org !!!!!!
position
!!!!! from org !!!!!!
reading
!!!!! from org !!!!!!
reading
!!!!! from org !!!!!!
reading
!!!!! from org !!!!!!
position
!!!!! from org !!!!!!
position
!!!!! from org !!!!!!
position
!!!!! from org !!!!!!
position
!!!!! from org !!!!!!
position
!!!!! from org !!!!!!
position
!!!!! from org !!!!!!
position
!!!!! from org !!!!!!
position
!!!!! from org !!!!!!
position
!!!!! from org !!!!!!
position
!!!!! from org !!!!!!
position
!!!!! from org !!!!!!
position
!!!!! from org !!!!!!
position
!!!!! from org !!!!!!
position
!!!!! from org !!!!!!
position
!!!!! from org !!!!!!
position
!!!!! from org !!!!!!
position
!!!!! from org !!!!!!
position
!!!!! from org !!!!!!
position
!!!!! from org !!!!!!
position
!!!!! from org !!!!!!
position
!!!!! from org !!!!!!
position
!!!!! from org !!!!!!
position
!!!!! from org !!!!!!
position
!!!!! from org !!!!!!
position
!!!!! from org !!!!!!
position
!!!!! from org !!!!!!
position
!!!!! from org !!!!!!
position
!!!!! from org !!!!!!
position
!!!!! from org !!!!!!
position
!!!!! from org !!!!!!
position
!!!!! from org !!!!!!
position
[null]
java.lang.ClassCastException: apapl.data.APLIdent cannot be cast to apapl.data.APLFunction
	at envJavaSpace.SpaceTest.notifyAgent(SpaceTest.java:1127)
	at envJavaSpace.AgentHandler.notify(AgentHandler.java:58)
	at sun.reflect.NativeMethodAccessorImpl.invoke0(Native Method)
	at sun.reflect.NativeMethodAccessorImpl.invoke(NativeMethodAccessorImpl.java:39)
	at sun.reflect.DelegatingMethodAccessorImpl.invoke(DelegatingMethodAccessorImpl.java:25)
	at java.lang.reflect.Method.invoke(Method.java:597)
	at sun.rmi.server.UnicastServerRef.dispatch(UnicastServerRef.java:303)
	at sun.rmi.transport.Transport$1.run(Transport.java:159)
	at java.security.AccessController.doPrivileged(Native Method)
	at sun.rmi.transport.Transport.serviceCall(Transport.java:155)
	at sun.rmi.transport.tcp.TCPTransport.handleMessages(TCPTransport.java:535)
	at sun.rmi.transport.tcp.TCPTransport$ConnectionHandler.run0(TCPTransport.java:790)
	at sun.rmi.transport.tcp.TCPTransport$ConnectionHandler.run(TCPTransport.java:649)
	at java.util.concurrent.ThreadPoolExecutor$Worker.runTask(ThreadPoolExecutor.java:895)
	at java.util.concurrent.ThreadPoolExecutor$Worker.run(ThreadPoolExecutor.java:918)
	at java.lang.Thread.run(Thread.java:680)
[Prohibition [agent=t1, prohibition=[at(6, 6, t1)], sanction=[reduce_300(t1)], clock=1, time=Fri May 24 14:55:31 BST 2013]]
prohibition(coin(5, 5, _, c1), reduce_300(c1))
[null]
java.lang.ClassCastException: apapl.data.APLIdent cannot be cast to apapl.data.APLFunction
	at envJavaSpace.SpaceTest.notifyAgent(SpaceTest.java:1127)
	at envJavaSpace.AgentHandler.notify(AgentHandler.java:58)
	at sun.reflect.NativeMethodAccessorImpl.invoke0(Native Method)
	at sun.reflect.NativeMethodAccessorImpl.invoke(NativeMethodAccessorImpl.java:39)
	at sun.reflect.DelegatingMethodAccessorImpl.invoke(DelegatingMethodAccessorImpl.java:25)
	at java.lang.reflect.Method.invoke(Method.java:597)
	at sun.rmi.server.UnicastServerRef.dispatch(UnicastServerRef.java:303)
	at sun.rmi.transport.Transport$1.run(Transport.java:159)
	at java.security.AccessController.doPrivileged(Native Method)
	at sun.rmi.transport.Transport.serviceCall(Transport.java:155)
	at sun.rmi.transport.tcp.TCPTransport.handleMessages(TCPTransport.java:535)
	at sun.rmi.transport.tcp.TCPTransport$ConnectionHandler.run0(TCPTransport.java:790)
	at sun.rmi.transport.tcp.TCPTransport$ConnectionHandler.run(TCPTransport.java:649)
	at java.util.concurrent.ThreadPoolExecutor$Worker.runTask(ThreadPoolExecutor.java:895)
	at java.util.concurrent.ThreadPoolExecutor$Worker.run(ThreadPoolExecutor.java:918)
	at java.lang.Thread.run(Thread.java:680)
[Prohibition [agent=t1, prohibition=[at(5, 5, t1)], sanction=[reduce_300(t1)], clock=1, time=Fri May 24 14:41:38 BST 2013]]
prohibition(coin(6, 5, _, c1), reduce_300(c1))
[Prohibition [agent=c1, prohibition=[coin(6, 6, _, a3)], sanction=[reduce_300(c1)], clock=1, time=Fri May 24 14:55:31 BST 2013]]
prohibition(at(6, 5, a3), reduce_300(a3))
from agent c1  coin(position(16, 6), 0, a2)
from agent a2  status(position(3, 4), 0)
from agent a3  status(position(3, 4), 0)
from agent a1  status(position(3, 4), 0)
[Prohibition [agent=t1, prohibition=[at(5, 5, t1)], sanction=[reduce_300(t1)], clock=1, time=Fri May 24 14:41:38 BST 2013]]
prohibition(at(6, 6, a3), reduce_300(a3))
from agent t1  status(position(18, 19), 0)
from agent c1  coin(position(3, 9), 0, a3)
org notified 
org notified 
from agent a2  status(position(3, 5), 0)
from agent a3  status(position(3, 5), 0)
from agent a1  status(position(3, 5), 0)
!!!!! from org !!!!!!
cargo
!!!!! from org !!!!!!
coin
!!!!! from org !!!!!!
coin
!!!!! from org !!!!!!
coin
!!!!! from org !!!!!!
reading
!!!!! from org !!!!!!
reading
!!!!! from org !!!!!!
reading
!!!!! from org !!!!!!
reading
!!!!! from org !!!!!!
reading
!!!!! from org !!!!!!
reading
!!!!! from org !!!!!!
cargo
!!!!! from org !!!!!!
coin
!!!!! from org !!!!!!
coin
!!!!! from org !!!!!!
position
!!!!! from org !!!!!!
position
!!!!! from org !!!!!!
position
!!!!! from org !!!!!!
position
!!!!! from org !!!!!!
position
!!!!! from org !!!!!!
position
!!!!! from org !!!!!!
position
!!!!! from org !!!!!!
position
!!!!! from org !!!!!!
position
!!!!! from org !!!!!!
reading
!!!!! from org !!!!!!
reading
!!!!! from org !!!!!!
reading
!!!!! from org !!!!!!
position
!!!!! from org !!!!!!
position
!!!!! from org !!!!!!
position
!!!!! from org !!!!!!
position
!!!!! from org !!!!!!
position
!!!!! from org !!!!!!
position
!!!!! from org !!!!!!
position
!!!!! from org !!!!!!
position
!!!!! from org !!!!!!
position
!!!!! from org !!!!!!
position
!!!!! from org !!!!!!
position
!!!!! from org !!!!!!
position
!!!!! from org !!!!!!
position
!!!!! from org !!!!!!
position
!!!!! from org !!!!!!
position
!!!!! from org !!!!!!
position
!!!!! from org !!!!!!
position
!!!!! from org !!!!!!
position
!!!!! from org !!!!!!
position
!!!!! from org !!!!!!
position
!!!!! from org !!!!!!
position
!!!!! from org !!!!!!
position
!!!!! from org !!!!!!
position
!!!!! from org !!!!!!
position
!!!!! from org !!!!!!
position
!!!!! from org !!!!!!
position
!!!!! from org !!!!!!
position
!!!!! from org !!!!!!
position
!!!!! from org !!!!!!
position
!!!!! from org !!!!!!
position
!!!!! from org !!!!!!
position
!!!!! from org !!!!!!
position
from agent t1  status(position(17, 19), 0)
!!!!! from org !!!!!!
cargo
!!!!! from org !!!!!!
coin
!!!!! from org !!!!!!
coin
!!!!! from org !!!!!!
coin
!!!!! from org !!!!!!
reading
!!!!! from org !!!!!!
reading
!!!!! from org !!!!!!
reading
!!!!! from org !!!!!!
reading
!!!!! from org !!!!!!
reading
!!!!! from org !!!!!!
reading
!!!!! from org !!!!!!
cargo
!!!!! from org !!!!!!
coin
!!!!! from org !!!!!!
coin
!!!!! from org !!!!!!
position
!!!!! from org !!!!!!
position
!!!!! from org !!!!!!
position
!!!!! from org !!!!!!
position
!!!!! from org !!!!!!
position
!!!!! from org !!!!!!
position
!!!!! from org !!!!!!
position
!!!!! from org !!!!!!
position
!!!!! from org !!!!!!
position
!!!!! from org !!!!!!
reading
!!!!! from org !!!!!!
reading
!!!!! from org !!!!!!
reading
!!!!! from org !!!!!!
position
!!!!! from org !!!!!!
position
!!!!! from org !!!!!!
position
!!!!! from org !!!!!!
position
!!!!! from org !!!!!!
position
!!!!! from org !!!!!!
position
!!!!! from org !!!!!!
position
!!!!! from org !!!!!!
position
!!!!! from org !!!!!!
position
!!!!! from org !!!!!!
position
!!!!! from org !!!!!!
position
!!!!! from org !!!!!!
position
!!!!! from org !!!!!!
position
!!!!! from org !!!!!!
position
!!!!! from org !!!!!!
position
!!!!! from org !!!!!!
position
!!!!! from org !!!!!!
position
!!!!! from org !!!!!!
position
!!!!! from org !!!!!!
position
!!!!! from org !!!!!!
position
!!!!! from org !!!!!!
position
!!!!! from org !!!!!!
position
!!!!! from org !!!!!!
position
!!!!! from org !!!!!!
position
!!!!! from org !!!!!!
position
!!!!! from org !!!!!!
position
!!!!! from org !!!!!!
position
!!!!! from org !!!!!!
position
!!!!! from org !!!!!!
position
!!!!! from org !!!!!!
position
!!!!! from org !!!!!!
position
!!!!! from org !!!!!!
position
org notified 
!!!!! from org !!!!!!
cargo
!!!!! from org !!!!!!
coin
!!!!! from org !!!!!!
coin
!!!!! from org !!!!!!
coin
!!!!! from org !!!!!!
reading
!!!!! from org !!!!!!
reading
!!!!! from org !!!!!!
reading
!!!!! from org !!!!!!
reading
!!!!! from org !!!!!!
reading
!!!!! from org !!!!!!
reading
!!!!! from org !!!!!!
cargo
!!!!! from org !!!!!!
coin
!!!!! from org !!!!!!
coin
!!!!! from org !!!!!!
position
!!!!! from org !!!!!!
position
!!!!! from org !!!!!!
position
!!!!! from org !!!!!!
position
!!!!! from org !!!!!!
position
!!!!! from org !!!!!!
position
!!!!! from org !!!!!!
position
!!!!! from org !!!!!!
position
!!!!! from org !!!!!!
position
!!!!! from org !!!!!!
reading
!!!!! from org !!!!!!
reading
!!!!! from org !!!!!!
reading
!!!!! from org !!!!!!
position
!!!!! from org !!!!!!
position
!!!!! from org !!!!!!
position
!!!!! from org !!!!!!
position
!!!!! from org !!!!!!
position
!!!!! from org !!!!!!
position
!!!!! from org !!!!!!
position
!!!!! from org !!!!!!
position
!!!!! from org !!!!!!
position
!!!!! from org !!!!!!
position
!!!!! from org !!!!!!
position
!!!!! from org !!!!!!
position
!!!!! from org !!!!!!
position
!!!!! from org !!!!!!
position
!!!!! from org !!!!!!
position
!!!!! from org !!!!!!
position
!!!!! from org !!!!!!
position
!!!!! from org !!!!!!
position
!!!!! from org !!!!!!
position
!!!!! from org !!!!!!
position
!!!!! from org !!!!!!
position
!!!!! from org !!!!!!
position
!!!!! from org !!!!!!
position
!!!!! from org !!!!!!
position
!!!!! from org !!!!!!
position
!!!!! from org !!!!!!
position
!!!!! from org !!!!!!
position
!!!!! from org !!!!!!
position
!!!!! from org !!!!!!
position
!!!!! from org !!!!!!
position
!!!!! from org !!!!!!
position
!!!!! from org !!!!!!
position
from agent a2  status(position(3, 6), 0)
org notified 
from agent a3  status(position(3, 6), 0)
from agent a1  status(position(3, 6), 0)
!!!!! from org !!!!!!
cargo
!!!!! from org !!!!!!
coin
!!!!! from org !!!!!!
coin
!!!!! from org !!!!!!
coin
!!!!! from org !!!!!!
reading
!!!!! from org !!!!!!
reading
!!!!! from org !!!!!!
reading
!!!!! from org !!!!!!
reading
!!!!! from org !!!!!!
reading
!!!!! from org !!!!!!
reading
!!!!! from org !!!!!!
cargo
!!!!! from org !!!!!!
coin
!!!!! from org !!!!!!
coin
!!!!! from org !!!!!!
position
!!!!! from org !!!!!!
position
!!!!! from org !!!!!!
position
!!!!! from org !!!!!!
position
!!!!! from org !!!!!!
position
!!!!! from org !!!!!!
position
!!!!! from org !!!!!!
position
!!!!! from org !!!!!!
position
!!!!! from org !!!!!!
position
!!!!! from org !!!!!!
reading
!!!!! from org !!!!!!
reading
!!!!! from org !!!!!!
reading
!!!!! from org !!!!!!
position
!!!!! from org !!!!!!
position
!!!!! from org !!!!!!
position
!!!!! from org !!!!!!
position
!!!!! from org !!!!!!
position
!!!!! from org !!!!!!
position
!!!!! from org !!!!!!
position
!!!!! from org !!!!!!
position
!!!!! from org !!!!!!
position
!!!!! from org !!!!!!
position
!!!!! from org !!!!!!
position
!!!!! from org !!!!!!
position
!!!!! from org !!!!!!
position
!!!!! from org !!!!!!
position
!!!!! from org !!!!!!
position
!!!!! from org !!!!!!
position
!!!!! from org !!!!!!
position
!!!!! from org !!!!!!
position
!!!!! from org !!!!!!
position
!!!!! from org !!!!!!
position
!!!!! from org !!!!!!
position
!!!!! from org !!!!!!
position
!!!!! from org !!!!!!
position
!!!!! from org !!!!!!
position
!!!!! from org !!!!!!
position
!!!!! from org !!!!!!
position
!!!!! from org !!!!!!
position
!!!!! from org !!!!!!
position
!!!!! from org !!!!!!
position
!!!!! from org !!!!!!
position
!!!!! from org !!!!!!
position
!!!!! from org !!!!!!
position
from agent t1  status(position(16, 19), 0)
org notified 
!!!!! from org !!!!!!
cargo
!!!!! from org !!!!!!
coin
!!!!! from org !!!!!!
coin
!!!!! from org !!!!!!
coin
!!!!! from org !!!!!!
reading
!!!!! from org !!!!!!
reading
!!!!! from org !!!!!!
reading
!!!!! from org !!!!!!
reading
!!!!! from org !!!!!!
reading
!!!!! from org !!!!!!
reading
!!!!! from org !!!!!!
cargo
!!!!! from org !!!!!!
coin
!!!!! from org !!!!!!
coin
!!!!! from org !!!!!!
position
!!!!! from org !!!!!!
position
!!!!! from org !!!!!!
position
!!!!! from org !!!!!!
position
!!!!! from org !!!!!!
position
!!!!! from org !!!!!!
position
!!!!! from org !!!!!!
position
!!!!! from org !!!!!!
position
!!!!! from org !!!!!!
position
!!!!! from org !!!!!!
reading
!!!!! from org !!!!!!
reading
!!!!! from org !!!!!!
reading
!!!!! from org !!!!!!
position
!!!!! from org !!!!!!
position
!!!!! from org !!!!!!
position
!!!!! from org !!!!!!
position
!!!!! from org !!!!!!
position
!!!!! from org !!!!!!
position
!!!!! from org !!!!!!
position
!!!!! from org !!!!!!
position
!!!!! from org !!!!!!
position
!!!!! from org !!!!!!
position
!!!!! from org !!!!!!
position
!!!!! from org !!!!!!
position
!!!!! from org !!!!!!
position
!!!!! from org !!!!!!
position
!!!!! from org !!!!!!
position
!!!!! from org !!!!!!
position
!!!!! from org !!!!!!
position
!!!!! from org !!!!!!
position
!!!!! from org !!!!!!
position
!!!!! from org !!!!!!
position
!!!!! from org !!!!!!
position
!!!!! from org !!!!!!
position
!!!!! from org !!!!!!
position
!!!!! from org !!!!!!
position
!!!!! from org !!!!!!
position
!!!!! from org !!!!!!
position
!!!!! from org !!!!!!
position
!!!!! from org !!!!!!
position
!!!!! from org !!!!!!
position
!!!!! from org !!!!!!
position
!!!!! from org !!!!!!
position
!!!!! from org !!!!!!
position
org notified 
!!!!! from org !!!!!!
cargo
!!!!! from org !!!!!!
coin
!!!!! from org !!!!!!
coin
!!!!! from org !!!!!!
coin
!!!!! from org !!!!!!
reading
!!!!! from org !!!!!!
reading
!!!!! from org !!!!!!
reading
!!!!! from org !!!!!!
reading
!!!!! from org !!!!!!
reading
!!!!! from org !!!!!!
reading
!!!!! from org !!!!!!
cargo
!!!!! from org !!!!!!
coin
!!!!! from org !!!!!!
coin
!!!!! from org !!!!!!
position
!!!!! from org !!!!!!
position
!!!!! from org !!!!!!
position
!!!!! from org !!!!!!
position
!!!!! from org !!!!!!
position
!!!!! from org !!!!!!
position
!!!!! from org !!!!!!
position
!!!!! from org !!!!!!
position
!!!!! from org !!!!!!
position
!!!!! from org !!!!!!
reading
!!!!! from org !!!!!!
reading
!!!!! from org !!!!!!
reading
!!!!! from org !!!!!!
position
!!!!! from org !!!!!!
position
!!!!! from org !!!!!!
position
!!!!! from org !!!!!!
position
!!!!! from org !!!!!!
position
!!!!! from org !!!!!!
position
!!!!! from org !!!!!!
position
!!!!! from org !!!!!!
position
!!!!! from org !!!!!!
position
!!!!! from org !!!!!!
position
!!!!! from org !!!!!!
position
!!!!! from org !!!!!!
position
!!!!! from org !!!!!!
position
!!!!! from org !!!!!!
position
!!!!! from org !!!!!!
position
!!!!! from org !!!!!!
position
!!!!! from org !!!!!!
position
!!!!! from org !!!!!!
position
!!!!! from org !!!!!!
position
!!!!! from org !!!!!!
position
!!!!! from org !!!!!!
position
!!!!! from org !!!!!!
position
!!!!! from org !!!!!!
position
!!!!! from org !!!!!!
position
!!!!! from org !!!!!!
position
!!!!! from org !!!!!!
position
!!!!! from org !!!!!!
position
!!!!! from org !!!!!!
position
!!!!! from org !!!!!!
position
!!!!! from org !!!!!!
position
!!!!! from org !!!!!!
position
!!!!! from org !!!!!!
position
from agent a2  status(position(3, 7), 0)
from agent a3  status(position(3, 7), 0)
from agent a1  status(position(3, 7), 0)
from agent t1  status(position(15, 19), 0)
org notified 
!!!!! from org !!!!!!
cargo
!!!!! from org !!!!!!
coin
!!!!! from org !!!!!!
coin
!!!!! from org !!!!!!
coin
!!!!! from org !!!!!!
reading
!!!!! from org !!!!!!
reading
!!!!! from org !!!!!!
reading
!!!!! from org !!!!!!
reading
!!!!! from org !!!!!!
reading
!!!!! from org !!!!!!
reading
!!!!! from org !!!!!!
cargo
!!!!! from org !!!!!!
coin
!!!!! from org !!!!!!
coin
!!!!! from org !!!!!!
position
!!!!! from org !!!!!!
position
!!!!! from org !!!!!!
position
!!!!! from org !!!!!!
position
!!!!! from org !!!!!!
position
!!!!! from org !!!!!!
position
!!!!! from org !!!!!!
position
!!!!! from org !!!!!!
position
!!!!! from org !!!!!!
position
!!!!! from org !!!!!!
reading
!!!!! from org !!!!!!
reading
!!!!! from org !!!!!!
reading
!!!!! from org !!!!!!
position
!!!!! from org !!!!!!
position
!!!!! from org !!!!!!
position
!!!!! from org !!!!!!
position
!!!!! from org !!!!!!
position
!!!!! from org !!!!!!
position
!!!!! from org !!!!!!
position
!!!!! from org !!!!!!
position
!!!!! from org !!!!!!
position
!!!!! from org !!!!!!
position
!!!!! from org !!!!!!
position
!!!!! from org !!!!!!
position
!!!!! from org !!!!!!
position
!!!!! from org !!!!!!
position
!!!!! from org !!!!!!
position
!!!!! from org !!!!!!
position
!!!!! from org !!!!!!
position
!!!!! from org !!!!!!
position
!!!!! from org !!!!!!
position
!!!!! from org !!!!!!
position
!!!!! from org !!!!!!
position
!!!!! from org !!!!!!
position
!!!!! from org !!!!!!
position
!!!!! from org !!!!!!
position
!!!!! from org !!!!!!
position
!!!!! from org !!!!!!
position
!!!!! from org !!!!!!
position
!!!!! from org !!!!!!
position
!!!!! from org !!!!!!
position
!!!!! from org !!!!!!
position
!!!!! from org !!!!!!
position
!!!!! from org !!!!!!
position
