test2.
Service Registrar: 052cc499-efa3-4995-a9c4-d29ebfc01764
Java Space found.
TransactionManager found.
-------------------------last log tuples start--------------------------------
Time [clock=1037, time=2013-06-11 11:47:40.091]
Position [agent=a1, id=null, cell=Cell [x=3, y=4], time=2013-06-11 11:47:14.884, clock=49]
Time [clock=75, time=2013-06-11 11:47:40.477]
Time [clock=909, time=2013-06-11 11:47:40.729]
Time [clock=1038, time=2013-06-11 11:47:41.092]
Time [clock=76, time=2013-06-11 11:47:41.477]
Time [clock=910, time=2013-06-11 11:47:41.73]
Time [clock=1039, time=2013-06-11 11:47:42.092]
Time [clock=77, time=2013-06-11 11:47:42.479]
Time [clock=911, time=2013-06-11 11:47:42.731]
Position [agent=a1, id=null, cell=Cell [x=3, y=5], time=2013-06-11 11:47:15.844, clock=50]
Time [clock=1040, time=2013-06-11 11:47:43.094]
Time [clock=78, time=2013-06-11 11:47:43.481]
Time [clock=912, time=2013-06-11 11:47:43.735]
Time [clock=1041, time=2013-06-11 11:47:44.095]
Time [clock=79, time=2013-06-11 11:47:44.481]
Time [clock=913, time=2013-06-11 11:47:44.733]
Time [clock=1042, time=2013-06-11 11:47:45.136]
Time [clock=80, time=2013-06-11 11:47:45.482]
Position [agent=t1, id=null, cell=Cell [x=18, y=19], time=2013-06-11 11:47:16.26, clock=884]
Time [clock=914, time=2013-06-11 11:47:45.734]
Time [clock=1043, time=2013-06-11 11:47:46.095]
Time [clock=915, time=2013-06-11 11:47:46.734]
Time [clock=1044, time=2013-06-11 11:47:47.096]
Time [clock=916, time=2013-06-11 11:47:47.733]
Time [clock=1045, time=2013-06-11 11:47:48.097]
Position [agent=a1, id=null, cell=Cell [x=4, y=5], time=2013-06-11 11:47:17.607, clock=51]
Time [clock=917, time=2013-06-11 11:47:48.734]
Time [clock=1046, time=2013-06-11 11:47:49.097]
Time [clock=918, time=2013-06-11 11:47:49.734]
Time [clock=1047, time=2013-06-11 11:47:50.099]
Time [clock=919, time=2013-06-11 11:47:50.736]
Time [clock=1048, time=2013-06-11 11:47:51.099]
Time [clock=920, time=2013-06-11 11:47:51.737]
Time [clock=1049, time=2013-06-11 11:47:52.1]
Time [clock=921, time=2013-06-11 11:47:52.738]
Time [clock=1050, time=2013-06-11 11:47:53.141]
Time [clock=922, time=2013-06-11 11:47:53.739]
Time [clock=1051, time=2013-06-11 11:47:54.1]
Time [clock=923, time=2013-06-11 11:47:54.739]
Time [clock=1052, time=2013-06-11 11:47:55.102]
Time [clock=924, time=2013-06-11 11:47:55.74]
Time [clock=1053, time=2013-06-11 11:47:56.102]
Time [clock=925, time=2013-06-11 11:47:56.741]
Time [clock=1054, time=2013-06-11 11:47:57.102]
Time [clock=926, time=2013-06-11 11:47:57.741]
Time [clock=1055, time=2013-06-11 11:47:58.103]
Time [clock=927, time=2013-06-11 11:47:58.741]
Time [clock=1056, time=2013-06-11 11:47:59.104]
Time [clock=928, time=2013-06-11 11:47:59.742]
Time [clock=1057, time=2013-06-11 11:48:00.104]
Position [agent=t1, id=null, cell=Cell [x=17, y=19], time=2013-06-11 11:47:17.75, clock=1014]
Time [clock=929, time=2013-06-11 11:48:00.743]
Time [clock=1058, time=2013-06-11 11:48:01.106]
Time [clock=930, time=2013-06-11 11:48:01.785]
Time [clock=1059, time=2013-06-11 11:48:02.107]
Time [clock=931, time=2013-06-11 11:48:02.745]
Time [clock=1060, time=2013-06-11 11:48:03.106]
Time [clock=932, time=2013-06-11 11:48:03.745]
Time [clock=1061, time=2013-06-11 11:48:04.106]
Time [clock=933, time=2013-06-11 11:48:04.745]
Time [clock=1062, time=2013-06-11 11:48:05.107]
Time [clock=934, time=2013-06-11 11:48:05.747]
Time [clock=1063, time=2013-06-11 11:48:06.108]
Time [clock=935, time=2013-06-11 11:48:06.748]
Time [clock=1064, time=2013-06-11 11:48:07.11]
Time [clock=936, time=2013-06-11 11:48:07.748]
Time [clock=1065, time=2013-06-11 11:48:08.111]
Time [clock=937, time=2013-06-11 11:48:08.75]
Time [clock=1066, time=2013-06-11 11:48:09.111]
Time [clock=938, time=2013-06-11 11:48:09.75]
Time [clock=1067, time=2013-06-11 11:48:10.153]
Time [clock=939, time=2013-06-11 11:48:10.752]
Time [clock=1068, time=2013-06-11 11:48:11.113]
Time [clock=940, time=2013-06-11 11:48:11.753]
Time [clock=1069, time=2013-06-11 11:48:12.114]
Time [clock=941, time=2013-06-11 11:48:12.754]
Time [clock=1070, time=2013-06-11 11:48:13.115]
Time [clock=942, time=2013-06-11 11:48:13.755]
Position [agent=t1, id=null, cell=Cell [x=16, y=19], time=2013-06-11 11:47:18.43, clock=1015]
Time [clock=1071, time=2013-06-11 11:48:14.116]
Time [clock=943, time=2013-06-11 11:48:14.756]
Position [agent=t1, id=null, cell=Cell [x=15, y=19], time=2013-06-11 11:47:19.285, clock=887]
Time [clock=1072, time=2013-06-11 11:48:15.117]
Time [clock=944, time=2013-06-11 11:48:15.757]
Time [clock=1073, time=2013-06-11 11:48:16.117]
Time [clock=945, time=2013-06-11 11:48:16.758]
Time [clock=1074, time=2013-06-11 11:48:17.117]
Time [clock=946, time=2013-06-11 11:48:17.758]
Time [clock=1075, time=2013-06-11 11:48:18.118]
Time [clock=947, time=2013-06-11 11:48:18.801]
Time [clock=1076, time=2013-06-11 11:48:19.12]
Time [clock=948, time=2013-06-11 11:48:19.761]
Time [clock=1077, time=2013-06-11 11:48:20.12]
Time [clock=949, time=2013-06-11 11:48:20.76]
Time [clock=1078, time=2013-06-11 11:48:21.12]
Time [clock=950, time=2013-06-11 11:48:21.762]
Time [clock=1079, time=2013-06-11 11:48:22.121]
Position [agent=t1, id=null, cell=Cell [x=14, y=19], time=2013-06-11 11:47:20.031, clock=888]
Time [clock=951, time=2013-06-11 11:48:22.763]
Time [clock=1080, time=2013-06-11 11:48:23.122]
Time [clock=952, time=2013-06-11 11:48:23.764]
Time [clock=1081, time=2013-06-11 11:48:24.124]
Time [clock=953, time=2013-06-11 11:48:24.765]
Time [clock=1082, time=2013-06-11 11:48:25.125]
Time [clock=954, time=2013-06-11 11:48:25.765]
Time [clock=1083, time=2013-06-11 11:48:26.126]
Time [clock=955, time=2013-06-11 11:48:26.765]
Time [clock=1084, time=2013-06-11 11:48:27.168]
Time [clock=956, time=2013-06-11 11:48:27.766]
Time [clock=1085, time=2013-06-11 11:48:28.127]
Time [clock=957, time=2013-06-11 11:48:28.766]
Time [clock=1086, time=2013-06-11 11:48:29.128]
Time [clock=958, time=2013-06-11 11:48:29.767]
Time [clock=1087, time=2013-06-11 11:48:30.129]
Time [clock=959, time=2013-06-11 11:48:30.766]
Time [clock=1088, time=2013-06-11 11:48:31.13]
Time [clock=960, time=2013-06-11 11:48:31.767]
Time [clock=1089, time=2013-06-11 11:48:32.129]
Time [clock=961, time=2013-06-11 11:48:32.768]
Time [clock=1090, time=2013-06-11 11:48:33.131]
Time [clock=962, time=2013-06-11 11:48:33.769]
Time [clock=1091, time=2013-06-11 11:48:34.131]
Time [clock=963, time=2013-06-11 11:48:34.769]
Time [clock=1092, time=2013-06-11 11:48:35.131]
Time [clock=964, time=2013-06-11 11:48:35.81]
Time [clock=1093, time=2013-06-11 11:48:36.133]
Time [clock=965, time=2013-06-11 11:48:36.771]
Time [clock=1094, time=2013-06-11 11:48:37.134]
Time [clock=966, time=2013-06-11 11:48:37.771]
Time [clock=1095, time=2013-06-11 11:48:38.134]
Time [clock=967, time=2013-06-11 11:48:38.773]
Time [clock=1096, time=2013-06-11 11:48:39.136]
Time [clock=968, time=2013-06-11 11:48:39.773]
Time [clock=1097, time=2013-06-11 11:48:40.136]
Time [clock=969, time=2013-06-11 11:48:40.774]
Time [clock=1098, time=2013-06-11 11:48:41.138]
Time [clock=970, time=2013-06-11 11:48:41.776]
Time [clock=1099, time=2013-06-11 11:48:42.139]
Time [clock=971, time=2013-06-11 11:48:42.776]
Time [clock=1100, time=2013-06-11 11:48:43.14]
Time [clock=972, time=2013-06-11 11:48:43.776]
Time [clock=1101, time=2013-06-11 11:48:44.184]
Time [clock=973, time=2013-06-11 11:48:44.779]
Time [clock=1102, time=2013-06-11 11:48:45.142]
Time [clock=974, time=2013-06-11 11:48:45.778]
Time [clock=1103, time=2013-06-11 11:48:46.143]
Time [clock=975, time=2013-06-11 11:48:46.78]
Position [agent=a1, id=null, cell=Cell [x=5, y=6], time=2013-06-11 11:47:20.532, clock=1017]
Time [clock=1104, time=2013-06-11 11:48:47.143]
Time [clock=976, time=2013-06-11 11:48:47.781]
Position [agent=t1, id=null, cell=Cell [x=13, y=19], time=2013-06-11 11:47:20.897, clock=55]
Time [clock=1105, time=2013-06-11 11:48:48.145]
Time [clock=977, time=2013-06-11 11:48:48.781]
Time [clock=1106, time=2013-06-11 11:48:49.146]
Time [clock=978, time=2013-06-11 11:48:49.783]
Time [clock=1107, time=2013-06-11 11:48:50.147]
Time [clock=979, time=2013-06-11 11:48:50.783]
Time [clock=1108, time=2013-06-11 11:48:51.147]
Time [clock=980, time=2013-06-11 11:48:51.784]
Time [clock=1109, time=2013-06-11 11:48:52.148]
Position [agent=a1, id=null, cell=Cell [x=6, y=6], time=2013-06-11 11:47:21.515, clock=1018]
Time [clock=981, time=2013-06-11 11:48:52.836]
Position [agent=t1, id=null, cell=Cell [x=12, y=19], time=2013-06-11 11:47:21.854, clock=56]
Time [clock=1110, time=2013-06-11 11:48:53.151]
Time [clock=982, time=2013-06-11 11:48:53.784]
Time [clock=1111, time=2013-06-11 11:48:54.151]
Time [clock=983, time=2013-06-11 11:48:54.785]
Time [clock=1112, time=2013-06-11 11:48:55.151]
Time [clock=984, time=2013-06-11 11:48:55.785]
Time [clock=1113, time=2013-06-11 11:48:56.153]
Time [clock=985, time=2013-06-11 11:48:56.786]
Time [clock=1114, time=2013-06-11 11:48:57.154]
Time [clock=986, time=2013-06-11 11:48:57.788]
Time [clock=1115, time=2013-06-11 11:48:58.155]
Time [clock=987, time=2013-06-11 11:48:58.789]
Time [clock=1116, time=2013-06-11 11:48:59.155]
Position [agent=a1, id=null, cell=Cell [x=7, y=6], time=2013-06-11 11:47:22.501, clock=1019]
Time [clock=988, time=2013-06-11 11:48:59.79]
Time [clock=1117, time=2013-06-11 11:49:00.157]
Time [clock=989, time=2013-06-11 11:49:00.79]
Time [clock=1118, time=2013-06-11 11:49:01.197]
Position [agent=t1, id=null, cell=Cell [x=11, y=19], time=2013-06-11 11:47:22.865, clock=57]
Time [clock=990, time=2013-06-11 11:49:01.792]
Time [clock=1119, time=2013-06-11 11:49:02.159]
Time [clock=991, time=2013-06-11 11:49:02.793]
Time [clock=1120, time=2013-06-11 11:49:03.16]
Time [clock=992, time=2013-06-11 11:49:03.793]
Time [clock=1121, time=2013-06-11 11:49:04.16]
Time [clock=993, time=2013-06-11 11:49:04.794]
Position [agent=a1, id=null, cell=Cell [x=8, y=6], time=2013-06-11 11:47:23.5, clock=1020]
Time [clock=1122, time=2013-06-11 11:49:05.161]
Time [clock=994, time=2013-06-11 11:49:05.795]
Time [clock=1123, time=2013-06-11 11:49:06.16]
Time [clock=995, time=2013-06-11 11:49:06.798]
Time [clock=1124, time=2013-06-11 11:49:07.163]
Time [clock=996, time=2013-06-11 11:49:07.799]
Time [clock=1125, time=2013-06-11 11:49:08.164]
Time [clock=997, time=2013-06-11 11:49:08.798]
Position [agent=t1, id=null, cell=Cell [x=10, y=19], time=2013-06-11 11:47:23.799, clock=58]
Time [clock=1126, time=2013-06-11 11:49:09.166]
Time [clock=998, time=2013-06-11 11:49:09.841]
Time [clock=1127, time=2013-06-11 11:49:10.168]
Time [clock=999, time=2013-06-11 11:49:10.802]
Time [clock=1128, time=2013-06-11 11:49:11.168]
Position [agent=t1, id=null, cell=Cell [x=9, y=19], time=2013-06-11 11:47:24.375, clock=1021]
Time [clock=1000, time=2013-06-11 11:49:11.802]
Time [clock=1129, time=2013-06-11 11:49:12.17]
Time [clock=1001, time=2013-06-11 11:49:12.802]
Time [clock=1130, time=2013-06-11 11:49:13.169]
Time [clock=1002, time=2013-06-11 11:49:13.804]
Time [clock=1131, time=2013-06-11 11:49:14.169]
Time [clock=1003, time=2013-06-11 11:49:14.804]
Position [agent=a1, id=null, cell=Cell [x=9, y=6], time=2013-06-11 11:47:24.902, clock=59]
Time [clock=1132, time=2013-06-11 11:49:15.171]
Time [clock=1004, time=2013-06-11 11:49:15.805]
Time [clock=1133, time=2013-06-11 11:49:16.171]
Time [clock=1005, time=2013-06-11 11:49:16.808]
Time [clock=1134, time=2013-06-11 11:49:17.172]
Time [clock=1006, time=2013-06-11 11:49:17.809]
Time [clock=1135, time=2013-06-11 11:49:18.214]
Time [clock=1007, time=2013-06-11 11:49:18.81]
Position [agent=t1, id=null, cell=Cell [x=8, y=19], time=2013-06-11 11:47:25.236, clock=893]
Time [clock=1136, time=2013-06-11 11:49:19.174]
Time [clock=1008, time=2013-06-11 11:49:19.81]
Time [clock=1137, time=2013-06-11 11:49:20.174]
Time [clock=1009, time=2013-06-11 11:49:20.811]
Time [clock=1138, time=2013-06-11 11:49:21.176]
Time [clock=1010, time=2013-06-11 11:49:21.812]
Time [clock=1139, time=2013-06-11 11:49:22.176]
Time [clock=1011, time=2013-06-11 11:49:22.812]
Time [clock=1140, time=2013-06-11 11:49:23.178]
Time [clock=1012, time=2013-06-11 11:49:23.813]
Time [clock=1141, time=2013-06-11 11:49:24.188]
Time [clock=1013, time=2013-06-11 11:49:24.814]
Time [clock=1142, time=2013-06-11 11:49:25.188]
Time [clock=1014, time=2013-06-11 11:49:25.815]
Time [clock=1143, time=2013-06-11 11:49:26.189]
Time [clock=1015, time=2013-06-11 11:49:26.856]
Time [clock=1144, time=2013-06-11 11:49:27.191]
Position [agent=t1, id=null, cell=Cell [x=7, y=19], time=2013-06-11 11:47:25.77, clock=60]
Time [clock=1016, time=2013-06-11 11:49:27.816]
Position [agent=a1, id=null, cell=Cell [x=10, y=6], time=2013-06-11 11:47:26.279, clock=894]
Position [agent=t1, id=null, cell=Cell [x=6, y=19], time=2013-06-11 11:47:26.698, clock=1023]
Time [clock=1145, time=2013-06-11 11:49:28.19]
Time [clock=1017, time=2013-06-11 11:49:28.817]
Time [clock=1146, time=2013-06-11 11:49:29.192]
Time [clock=1018, time=2013-06-11 11:49:29.817]
Time [clock=1147, time=2013-06-11 11:49:30.193]
Time [clock=1019, time=2013-06-11 11:49:30.818]
Time [clock=1148, time=2013-06-11 11:49:31.193]
Time [clock=1020, time=2013-06-11 11:49:31.819]
Time [clock=1149, time=2013-06-11 11:49:32.194]
Position [agent=a1, id=null, cell=Cell [x=11, y=6], time=2013-06-11 11:47:27.253, clock=895]
Time [clock=1021, time=2013-06-11 11:49:32.821]
Time [clock=1150, time=2013-06-11 11:49:33.195]
Time [clock=1022, time=2013-06-11 11:49:33.822]
Time [clock=1151, time=2013-06-11 11:49:34.197]
Position [agent=t1, id=null, cell=Cell [x=5, y=19], time=2013-06-11 11:47:27.578, clock=1024]
Time [clock=1023, time=2013-06-11 11:49:34.822]
Position [agent=t1, id=null, cell=Cell [x=4, y=19], time=2013-06-11 11:47:28.145, clock=896]
Time [clock=1152, time=2013-06-11 11:49:35.239]
Position [agent=a1, id=null, cell=Cell [x=12, y=6], time=2013-06-11 11:47:28.517, clock=1025]
Time [clock=1024, time=2013-06-11 11:49:35.824]
Time [clock=1153, time=2013-06-11 11:49:36.2]
Position [agent=t1, id=null, cell=Cell [x=3, y=19], time=2013-06-11 11:47:28.806, clock=63]
Time [clock=1025, time=2013-06-11 11:49:36.824]
Time [clock=1154, time=2013-06-11 11:49:37.201]
Time [clock=1026, time=2013-06-11 11:49:37.825]
Position [agent=t1, id=null, cell=Cell [x=2, y=19], time=2013-06-11 11:47:29.374, clock=1026]
Time [clock=1155, time=2013-06-11 11:49:38.202]
Time [clock=1027, time=2013-06-11 11:49:38.827]
Time [clock=1156, time=2013-06-11 11:49:39.203]
Time [clock=1028, time=2013-06-11 11:49:39.827]
Position [agent=a1, id=null, cell=Cell [x=13, y=6], time=2013-06-11 11:47:29.883, clock=64]
Position [agent=t1, id=null, cell=Cell [x=2, y=18], time=2013-06-11 11:47:30.217, clock=898]
Time [clock=1157, time=2013-06-11 11:49:40.203]
Time [clock=1029, time=2013-06-11 11:49:40.828]
Time [clock=1158, time=2013-06-11 11:49:41.203]
Time [clock=1030, time=2013-06-11 11:49:41.83]
Time [clock=1159, time=2013-06-11 11:49:42.204]
Time [clock=1031, time=2013-06-11 11:49:42.832]
Time [clock=1160, time=2013-06-11 11:49:43.204]
Time [clock=1032, time=2013-06-11 11:49:43.872]
Time [clock=1161, time=2013-06-11 11:49:44.206]
Time [clock=1033, time=2013-06-11 11:49:44.833]
Time [clock=1162, time=2013-06-11 11:49:45.206]
Position [agent=t1, id=null, cell=Cell [x=2, y=17], time=2013-06-11 11:47:30.821, clock=65]
Time [clock=1034, time=2013-06-11 11:49:45.833]
Time [clock=1163, time=2013-06-11 11:49:46.206]
Time [clock=1035, time=2013-06-11 11:49:46.834]
Time [clock=1164, time=2013-06-11 11:49:47.207]
Time [clock=1036, time=2013-06-11 11:49:47.836]
Time [clock=1165, time=2013-06-11 11:49:48.208]
Time [clock=1037, time=2013-06-11 11:49:48.837]
Time [clock=1166, time=2013-06-11 11:49:49.208]
Time [clock=1038, time=2013-06-11 11:49:49.836]
Time [clock=1167, time=2013-06-11 11:49:50.21]
Time [clock=1039, time=2013-06-11 11:49:50.838]
Time [clock=1168, time=2013-06-11 11:49:51.211]
Time [clock=1040, time=2013-06-11 11:49:51.838]
Time [clock=1169, time=2013-06-11 11:49:52.251]
Time [clock=1041, time=2013-06-11 11:49:52.841]
Time [clock=1170, time=2013-06-11 11:49:53.213]
Time [clock=1042, time=2013-06-11 11:49:53.839]
Time [clock=1171, time=2013-06-11 11:49:54.213]
Time [clock=1043, time=2013-06-11 11:49:54.84]
Time [clock=1172, time=2013-06-11 11:49:55.215]
Time [clock=1044, time=2013-06-11 11:49:55.842]
Time [clock=1173, time=2013-06-11 11:49:56.217]
Time [clock=1045, time=2013-06-11 11:49:56.842]
Time [clock=1174, time=2013-06-11 11:49:57.216]
Time [clock=1046, time=2013-06-11 11:49:57.843]
Time [clock=1175, time=2013-06-11 11:49:58.217]
Time [clock=1047, time=2013-06-11 11:49:58.844]
Time [clock=1176, time=2013-06-11 11:49:59.218]
Time [clock=1048, time=2013-06-11 11:49:59.845]
Position [agent=a1, id=null, cell=Cell [x=14, y=6], time=2013-06-11 11:47:31.226, clock=899]
Time [clock=1177, time=2013-06-11 11:50:00.219]
Time [clock=1049, time=2013-06-11 11:50:00.885]
Time [clock=1178, time=2013-06-11 11:50:01.221]
Time [clock=1050, time=2013-06-11 11:50:01.847]
Position [agent=t1, id=null, cell=Cell [x=2, y=16], time=2013-06-11 11:47:31.591, clock=1028]
Time [clock=1179, time=2013-06-11 11:50:02.222]
Time [clock=1051, time=2013-06-11 11:50:02.848]
Time [clock=1180, time=2013-06-11 11:50:03.222]
Time [clock=1052, time=2013-06-11 11:50:03.85]
Position [agent=a1, id=null, cell=Cell [x=15, y=6], time=2013-06-11 11:47:32.286, clock=900]
Time [clock=1181, time=2013-06-11 11:50:04.222]
Time [clock=1053, time=2013-06-11 11:50:04.849]
Time [clock=1182, time=2013-06-11 11:50:05.225]
Time [clock=1054, time=2013-06-11 11:50:05.852]
Time [clock=1183, time=2013-06-11 11:50:06.225]
Time [clock=1055, time=2013-06-11 11:50:06.851]
Time [clock=1184, time=2013-06-11 11:50:07.226]
Time [clock=1056, time=2013-06-11 11:50:07.853]
Time [clock=1185, time=2013-06-11 11:50:08.226]
Time [clock=1057, time=2013-06-11 11:50:08.854]
Time [clock=1186, time=2013-06-11 11:50:09.267]
Time [clock=1058, time=2013-06-11 11:50:09.857]
Time [clock=1187, time=2013-06-11 11:50:10.229]
Time [clock=1059, time=2013-06-11 11:50:10.855]
Time [clock=1188, time=2013-06-11 11:50:11.229]
Position [agent=t1, id=null, cell=Cell [x=2, y=15], time=2013-06-11 11:47:32.663, clock=1029]
Time [clock=1060, time=2013-06-11 11:50:11.857]
Time [clock=1189, time=2013-06-11 11:50:12.231]
Time [clock=1061, time=2013-06-11 11:50:12.857]
Time [clock=1190, time=2013-06-11 11:50:13.232]
Time [clock=1062, time=2013-06-11 11:50:13.858]
Time [clock=1191, time=2013-06-11 11:50:14.232]
Position [agent=a1, id=null, cell=Cell [x=16, y=6], time=2013-06-11 11:47:33.306, clock=901]
Time [clock=1063, time=2013-06-11 11:50:14.857]
Time [clock=1192, time=2013-06-11 11:50:15.234]
Time [clock=1064, time=2013-06-11 11:50:15.86]
Time [clock=1193, time=2013-06-11 11:50:16.235]
Time [clock=1065, time=2013-06-11 11:50:16.86]
Time [clock=1194, time=2013-06-11 11:50:17.237]
Time [clock=1066, time=2013-06-11 11:50:17.9]
Time [clock=1195, time=2013-06-11 11:50:18.24]
Time [clock=1067, time=2013-06-11 11:50:18.862]
Time [clock=1196, time=2013-06-11 11:50:19.239]
Time [clock=1068, time=2013-06-11 11:50:19.862]
Time [clock=1197, time=2013-06-11 11:50:20.239]
Time [clock=1069, time=2013-06-11 11:50:20.862]
Position [agent=t1, id=null, cell=Cell [x=2, y=14], time=2013-06-11 11:47:33.624, clock=1030]
Time [clock=1198, time=2013-06-11 11:50:21.24]
Time [clock=1070, time=2013-06-11 11:50:21.865]
Time [clock=1199, time=2013-06-11 11:50:22.241]
Time [clock=1071, time=2013-06-11 11:50:22.865]
Position [agent=t1, id=null, cell=Cell [x=2, y=13], time=2013-06-11 11:47:34.19, clock=902]
Time [clock=1200, time=2013-06-11 11:50:23.242]
Time [clock=1072, time=2013-06-11 11:50:23.866]
Time [clock=1201, time=2013-06-11 11:50:24.242]
Time [clock=1073, time=2013-06-11 11:50:24.866]
Time [clock=1202, time=2013-06-11 11:50:25.243]
Time [clock=1074, time=2013-06-11 11:50:25.867]
Time [clock=1203, time=2013-06-11 11:50:26.283]
Time [clock=1075, time=2013-06-11 11:50:26.87]
Time [clock=1204, time=2013-06-11 11:50:27.244]
Position [agent=t1, id=null, cell=Cell [x=2, y=12], time=2013-06-11 11:47:35.013, clock=903]
Time [clock=1076, time=2013-06-11 11:50:27.869]
Time [clock=1205, time=2013-06-11 11:50:28.245]
Time [clock=1077, time=2013-06-11 11:50:28.87]
Time [clock=1206, time=2013-06-11 11:50:29.246]
Time [clock=1078, time=2013-06-11 11:50:29.87]
Time [clock=1207, time=2013-06-11 11:50:30.246]
Time [clock=1079, time=2013-06-11 11:50:30.872]
Time [clock=1208, time=2013-06-11 11:50:31.249]
Time [clock=1080, time=2013-06-11 11:50:31.872]
Time [clock=1209, time=2013-06-11 11:50:32.25]
Time [clock=1081, time=2013-06-11 11:50:32.874]
Time [clock=1210, time=2013-06-11 11:50:33.249]
Time [clock=1082, time=2013-06-11 11:50:33.874]
Time [clock=1211, time=2013-06-11 11:50:34.251]
Time [clock=1083, time=2013-06-11 11:50:34.915]
Time [clock=1212, time=2013-06-11 11:50:35.252]
Time [clock=1084, time=2013-06-11 11:50:35.877]
Time [clock=1213, time=2013-06-11 11:50:36.252]
Time [clock=1085, time=2013-06-11 11:50:36.877]
Time [clock=1214, time=2013-06-11 11:50:37.254]
Time [clock=1086, time=2013-06-11 11:50:37.879]
Time [clock=1215, time=2013-06-11 11:50:38.254]
Time [clock=1087, time=2013-06-11 11:50:38.878]
Time [clock=1216, time=2013-06-11 11:50:39.255]
Position [agent=t1, id=null, cell=Cell [x=2, y=11], time=2013-06-11 11:47:35.505, clock=1032]
Time [clock=1088, time=2013-06-11 11:50:39.88]
Time [clock=1217, time=2013-06-11 11:50:40.256]
Position [agent=t1, id=null, cell=Cell [x=2, y=10], time=2013-06-11 11:47:36.096, clock=904]
Time [clock=1089, time=2013-06-11 11:50:40.879]
Time [clock=1218, time=2013-06-11 11:50:41.258]
Time [clock=1090, time=2013-06-11 11:50:41.879]
Time [clock=1219, time=2013-06-11 11:50:42.259]
Time [clock=1091, time=2013-06-11 11:50:42.881]
Time [clock=1220, time=2013-06-11 11:50:43.3]
Time [clock=1092, time=2013-06-11 11:50:43.884]
Time [clock=1221, time=2013-06-11 11:50:44.26]
Time [clock=1093, time=2013-06-11 11:50:44.883]
Time [clock=1222, time=2013-06-11 11:50:45.262]
Time [clock=1094, time=2013-06-11 11:50:45.884]
Position [agent=t1, id=null, cell=Cell [x=2, y=9], time=2013-06-11 11:47:36.782, clock=71]
Time [clock=1223, time=2013-06-11 11:50:46.263]
Time [clock=1095, time=2013-06-11 11:50:46.885]
Time [clock=1224, time=2013-06-11 11:50:47.263]
Time [clock=1096, time=2013-06-11 11:50:47.886]
Time [clock=1225, time=2013-06-11 11:50:48.264]
Time [clock=1097, time=2013-06-11 11:50:48.886]
Position [agent=t1, id=null, cell=Cell [x=2, y=8], time=2013-06-11 11:47:37.382, clock=1034]
Time [clock=1226, time=2013-06-11 11:50:49.265]
Time [clock=1098, time=2013-06-11 11:50:49.887]
Time [clock=1227, time=2013-06-11 11:50:50.267]
Time [clock=1099, time=2013-06-11 11:50:50.887]
Time [clock=1228, time=2013-06-11 11:50:51.267]
Time [clock=1100, time=2013-06-11 11:50:51.927]
Time [clock=1229, time=2013-06-11 11:50:52.27]
Time [clock=1101, time=2013-06-11 11:50:52.887]
Time [clock=1230, time=2013-06-11 11:50:53.27]
Time [clock=1102, time=2013-06-11 11:50:53.888]
Position [agent=t1, id=null, cell=Cell [x=2, y=7], time=2013-06-11 11:47:38.055, clock=906]
Time [clock=1231, time=2013-06-11 11:50:54.269]
Position [agent=t1, id=null, cell=Cell [x=2, y=6], time=2013-06-11 11:47:38.788, clock=73]
Time [clock=1103, time=2013-06-11 11:50:54.888]
Position [agent=t1, id=null, cell=Cell [x=2, y=5], time=2013-06-11 11:47:39.489, clock=1036]
Time [clock=1232, time=2013-06-11 11:50:55.27]
Time [clock=1104, time=2013-06-11 11:50:55.89]
Time [clock=1233, time=2013-06-11 11:50:56.271]
Coin [id=null, cell=Cell [x=8, y=6], agent=a1, time=2013-06-11 11:47:17.291, clock=1011]
Time [clock=1105, time=2013-06-11 11:50:56.891]
Time [clock=1234, time=2013-06-11 11:50:57.272]
Time [clock=1106, time=2013-06-11 11:50:57.891]
Time [clock=1235, time=2013-06-11 11:50:58.274]
Time [clock=1107, time=2013-06-11 11:50:58.892]
Time [clock=1236, time=2013-06-11 11:50:59.274]
Time [clock=1108, time=2013-06-11 11:50:59.892]
Time [clock=1237, time=2013-06-11 11:51:00.314]
Time [clock=1109, time=2013-06-11 11:51:00.894]
Time [clock=1238, time=2013-06-11 11:51:01.275]
Time [clock=1110, time=2013-06-11 11:51:01.894]
Time [clock=1239, time=2013-06-11 11:51:02.276]
Time [clock=1111, time=2013-06-11 11:51:02.895]
Time [clock=1240, time=2013-06-11 11:51:03.276]
Time [clock=1112, time=2013-06-11 11:51:03.897]
Time [clock=1241, time=2013-06-11 11:51:04.278]
Time [clock=1113, time=2013-06-11 11:51:04.897]
Time [clock=1242, time=2013-06-11 11:51:05.28]
Time [clock=1114, time=2013-06-11 11:51:05.897]
ActionRequest [id=null, agent=a3, type=reading, cell=Cell [x=11, y=1], clock=null, time=2013-06-11 11:47:13.978]
Time [clock=1243, time=2013-06-11 11:51:06.279]
Time [clock=1115, time=2013-06-11 11:51:06.897]
Time [clock=1244, time=2013-06-11 11:51:07.281]
Obligation [agent=a1, obligation=[makeReading(16, 6)], sanction=[reduce_400(a1)], deadline=1063, time=2013-06-11 11:47:18.08, clock=0]
Time [clock=1116, time=2013-06-11 11:51:07.898]
Time [clock=1245, time=2013-06-11 11:51:08.282]
Time [clock=1117, time=2013-06-11 11:51:08.939]
Time [clock=1246, time=2013-06-11 11:51:09.284]
Time [clock=1118, time=2013-06-11 11:51:09.901]
Time [clock=1247, time=2013-06-11 11:51:10.283]
ActionRequest [id=null, agent=a2, type=reading, cell=Cell [x=8, y=19], clock=null, time=2013-06-11 11:47:13.984]
Time [clock=1119, time=2013-06-11 11:51:10.903]
Obligation [agent=a1, obligation=[makeReading(3, 9)], sanction=[reduce_400(a1)], deadline=1063, time=2013-06-11 11:47:19.156, clock=0]
ActionRequest [id=null, agent=a1, type=reading, cell=Cell [x=16, y=6], clock=null, time=2013-06-11 11:47:33.592]
Time [clock=1248, time=2013-06-11 11:51:11.283]
Time [clock=1120, time=2013-06-11 11:51:11.903]
Time [clock=1249, time=2013-06-11 11:51:12.284]
Time [clock=1121, time=2013-06-11 11:51:12.903]
Time [clock=1250, time=2013-06-11 11:51:13.285]
Time [clock=1122, time=2013-06-11 11:51:13.903]
Obligation [agent=a2, obligation=[makeReading(8, 6)], sanction=[reduce_400(a2)], deadline=1063, time=2013-06-11 11:47:19.365, clock=0]
Obligation [agent=a2, obligation=[makeReading(16, 6)], sanction=[reduce_400(a2)], deadline=1063, time=2013-06-11 11:47:19.578, clock=0]
Coin [id=null, cell=Cell [x=16, y=6], agent=a2, time=2013-06-11 11:47:17.451, clock=1012]
Time [clock=1251, time=2013-06-11 11:51:14.285]
Time [clock=1123, time=2013-06-11 11:51:14.905]
Time [clock=1252, time=2013-06-11 11:51:15.286]
Time [clock=1124, time=2013-06-11 11:51:15.906]
Prohibition [agent=t1, prohibition=[at(5, 5, t1)], sanction=[reduce_300(t1)], clock=0, time=2013-06-11 11:47:23.914]
Time [clock=1253, time=2013-06-11 11:51:16.286]
Coin [id=null, cell=Cell [x=3, y=9], agent=a3, time=2013-06-11 11:47:17.613, clock=885]
Time [clock=1125, time=2013-06-11 11:51:16.907]
Obligation [agent=a2, obligation=[makeReading(3, 9)], sanction=[reduce_400(a2)], deadline=1063, time=2013-06-11 11:47:20.878, clock=0]
Time [clock=1254, time=2013-06-11 11:51:17.288]
Time [clock=1126, time=2013-06-11 11:51:17.949]
Obligation [agent=a3, obligation=[makeReading(8, 6)], sanction=[reduce_400(a3)], deadline=1063, time=2013-06-11 11:47:21.872, clock=0]
Time [clock=1255, time=2013-06-11 11:51:18.289]
Time [clock=1127, time=2013-06-11 11:51:18.91]
Time [clock=1256, time=2013-06-11 11:51:19.289]
Time [clock=1128, time=2013-06-11 11:51:19.91]
Time [clock=1257, time=2013-06-11 11:51:20.291]
Time [clock=1129, time=2013-06-11 11:51:20.91]
Time [clock=1258, time=2013-06-11 11:51:21.291]
Time [clock=1130, time=2013-06-11 11:51:21.911]
Time [clock=1259, time=2013-06-11 11:51:22.292]
Time [clock=1131, time=2013-06-11 11:51:22.911]
Time [clock=1260, time=2013-06-11 11:51:23.293]
Time [clock=1132, time=2013-06-11 11:51:23.914]
Obligation [agent=a3, obligation=[makeReading(16, 6)], sanction=[reduce_400(a3)], deadline=1063, time=2013-06-11 11:47:22.874, clock=0]
Time [clock=1261, time=2013-06-11 11:51:24.294]
Time [clock=1133, time=2013-06-11 11:51:24.914]
Time [clock=1262, time=2013-06-11 11:51:25.295]
Cargo [id=null, cell=Cell [x=19, y=19], time=2013-06-11 11:47:16.019, clock=883]
Prohibition [agent=t1, prohibition=[at(5, 6, t1)], sanction=[reduce_300(t1)], clock=0, time=2013-06-11 11:47:23.915]
Time [clock=1134, time=2013-06-11 11:51:25.915]
Time [clock=1263, time=2013-06-11 11:51:26.336]
Time [clock=1135, time=2013-06-11 11:51:26.916]
Time [clock=1264, time=2013-06-11 11:51:27.295]
Time [clock=1136, time=2013-06-11 11:51:27.916]
Time [clock=1265, time=2013-06-11 11:51:28.298]
Time [clock=1137, time=2013-06-11 11:51:28.917]
Time [clock=1266, time=2013-06-11 11:51:29.298]
Time [clock=1138, time=2013-06-11 11:51:29.918]
Time [clock=1267, time=2013-06-11 11:51:30.299]
Prohibition [agent=t1, prohibition=[at(6, 5, t1)], sanction=[reduce_300(t1)], clock=0, time=2013-06-11 11:47:23.916]
Time [clock=1139, time=2013-06-11 11:51:30.918]
Obligation [agent=a3, obligation=[makeReading(3, 9)], sanction=[reduce_400(a3)], deadline=1063, time=2013-06-11 11:47:23.913, clock=0]
Time [clock=1268, time=2013-06-11 11:51:31.301]
Time [clock=1140, time=2013-06-11 11:51:31.918]
Time [clock=1269, time=2013-06-11 11:51:32.302]
Time [clock=1141, time=2013-06-11 11:51:32.92]
Time [clock=1270, time=2013-06-11 11:51:33.304]
Time [clock=1142, time=2013-06-11 11:51:33.921]
Time [clock=1271, time=2013-06-11 11:51:34.304]
Time [clock=1143, time=2013-06-11 11:51:34.964]
Time [clock=1272, time=2013-06-11 11:51:35.305]
Time [clock=1144, time=2013-06-11 11:51:35.922]
Time [clock=1273, time=2013-06-11 11:51:36.306]
Time [clock=1145, time=2013-06-11 11:51:36.923]
Time [clock=1274, time=2013-06-11 11:51:37.307]
Prohibition [agent=t1, prohibition=[at(6, 6, t1)], sanction=[reduce_300(t1)], clock=0, time=2013-06-11 11:47:23.918]
Time [clock=1146, time=2013-06-11 11:51:37.924]
Time [clock=1275, time=2013-06-11 11:51:38.308]
Time [clock=1147, time=2013-06-11 11:51:38.926]
Time [clock=1276, time=2013-06-11 11:51:39.309]
Time [clock=1148, time=2013-06-11 11:51:39.927]
Time [clock=1277, time=2013-06-11 11:51:40.31]
Time [clock=1149, time=2013-06-11 11:51:40.928]
Time [clock=1278, time=2013-06-11 11:51:41.31]
Time [clock=1150, time=2013-06-11 11:51:41.928]
Time [clock=1279, time=2013-06-11 11:51:42.311]
Time [clock=1151, time=2013-06-11 11:51:42.93]
Prohibition [agent=c1, prohibition=[coin(5, 5, a1)], sanction=[reduce_300(c1)], clock=0, time=2013-06-11 11:47:25.141]
Time [clock=1280, time=2013-06-11 11:51:43.353]
Time [clock=1152, time=2013-06-11 11:51:43.931]
Time [clock=1281, time=2013-06-11 11:51:44.313]
Time [clock=1153, time=2013-06-11 11:51:44.93]
Time [clock=1282, time=2013-06-11 11:51:45.313]
Time [clock=1154, time=2013-06-11 11:51:45.933]
Time [clock=1283, time=2013-06-11 11:51:46.314]
Time [clock=1155, time=2013-06-11 11:51:46.933]
Time [clock=1284, time=2013-06-11 11:51:47.315]
Time [clock=1156, time=2013-06-11 11:51:47.933]
Time [clock=1285, time=2013-06-11 11:51:48.315]
Time [clock=1157, time=2013-06-11 11:51:48.936]
Time [clock=1286, time=2013-06-11 11:51:49.317]
Time [clock=1158, time=2013-06-11 11:51:49.936]
Time [clock=1287, time=2013-06-11 11:51:50.318]
Prohibition [agent=c1, prohibition=[coin(5, 6, a1)], sanction=[reduce_300(c1)], clock=0, time=2013-06-11 11:47:25.142]
Prohibition [agent=c1, prohibition=[coin(6, 5, a1)], sanction=[reduce_300(c1)], clock=0, time=2013-06-11 11:47:25.144]
Time [clock=1159, time=2013-06-11 11:51:50.938]
Prohibition [agent=c1, prohibition=[coin(6, 6, a1)], sanction=[reduce_300(c1)], clock=0, time=2013-06-11 11:47:25.145]
Time [clock=1288, time=2013-06-11 11:51:51.318]
Time [clock=1160, time=2013-06-11 11:51:51.978]
Time [clock=1289, time=2013-06-11 11:51:52.319]
Time [clock=1161, time=2013-06-11 11:51:52.939]
Time [clock=1290, time=2013-06-11 11:51:53.32]
Time [clock=1162, time=2013-06-11 11:51:53.939]
Time [clock=1291, time=2013-06-11 11:51:54.328]
Time [clock=1163, time=2013-06-11 11:51:54.941]
Time [clock=1292, time=2013-06-11 11:51:55.322]
Prohibition [agent=c1, prohibition=[coin(5, 5, a2)], sanction=[reduce_300(c1)], clock=0, time=2013-06-11 11:47:25.147]
Time [clock=1164, time=2013-06-11 11:51:55.942]
Time [clock=1293, time=2013-06-11 11:51:56.324]
Time [clock=1165, time=2013-06-11 11:51:56.942]
Time [clock=1294, time=2013-06-11 11:51:57.325]
Time [clock=1166, time=2013-06-11 11:51:57.945]
Time [clock=1295, time=2013-06-11 11:51:58.326]
Time [clock=1167, time=2013-06-11 11:51:58.945]
Time [clock=1296, time=2013-06-11 11:51:59.326]
Time [clock=1168, time=2013-06-11 11:51:59.945]
Time [clock=1297, time=2013-06-11 11:52:00.368]
Time [clock=1169, time=2013-06-11 11:52:00.948]
Time [clock=1298, time=2013-06-11 11:52:01.329]
Time [clock=1170, time=2013-06-11 11:52:01.947]
Time [clock=1299, time=2013-06-11 11:52:02.33]
Time [clock=1171, time=2013-06-11 11:52:02.948]
Time [clock=1300, time=2013-06-11 11:52:03.331]
Time [clock=1172, time=2013-06-11 11:52:03.95]
Time [clock=1301, time=2013-06-11 11:52:04.331]
Time [clock=1173, time=2013-06-11 11:52:04.951]
Time [clock=1302, time=2013-06-11 11:52:05.333]
Time [clock=1174, time=2013-06-11 11:52:05.952]
Time [clock=1303, time=2013-06-11 11:52:06.333]
Time [clock=1175, time=2013-06-11 11:52:06.954]
Time [clock=1304, time=2013-06-11 11:52:07.335]
Time [clock=1176, time=2013-06-11 11:52:07.953]
Time [clock=1305, time=2013-06-11 11:52:08.336]
Time [clock=1177, time=2013-06-11 11:52:08.995]
Time [clock=1306, time=2013-06-11 11:52:09.336]
Time [clock=1178, time=2013-06-11 11:52:09.955]
Time [clock=1307, time=2013-06-11 11:52:10.337]
Time [clock=1179, time=2013-06-11 11:52:10.956]
Time [clock=1308, time=2013-06-11 11:52:11.338]
Time [clock=1180, time=2013-06-11 11:52:11.956]
Time [clock=1309, time=2013-06-11 11:52:12.34]
Time [clock=1181, time=2013-06-11 11:52:12.958]
Prohibition [agent=c1, prohibition=[coin(5, 6, a2)], sanction=[reduce_300(c1)], clock=0, time=2013-06-11 11:47:25.148]
Time [clock=1310, time=2013-06-11 11:52:13.34]
Time [clock=1182, time=2013-06-11 11:52:13.959]
Time [clock=1311, time=2013-06-11 11:52:14.341]
Time [clock=1183, time=2013-06-11 11:52:14.96]
Time [clock=1312, time=2013-06-11 11:52:15.343]
Time [clock=1184, time=2013-06-11 11:52:15.96]
Time [clock=1313, time=2013-06-11 11:52:16.343]
Time [clock=1185, time=2013-06-11 11:52:16.961]
Prohibition [agent=c1, prohibition=[coin(6, 5, a2)], sanction=[reduce_300(c1)], clock=0, time=2013-06-11 11:47:25.15]
Time [clock=1314, time=2013-06-11 11:52:17.386]
Time [clock=1186, time=2013-06-11 11:52:17.963]
Time [clock=1315, time=2013-06-11 11:52:18.346]
Time [clock=1187, time=2013-06-11 11:52:18.962]
Time [clock=1316, time=2013-06-11 11:52:19.347]
Time [clock=1188, time=2013-06-11 11:52:19.963]
Time [clock=1317, time=2013-06-11 11:52:20.348]
Time [clock=1189, time=2013-06-11 11:52:20.964]
Time [clock=1318, time=2013-06-11 11:52:21.349]
Time [clock=1190, time=2013-06-11 11:52:21.963]
Time [clock=1319, time=2013-06-11 11:52:22.35]
Time [clock=1191, time=2013-06-11 11:52:22.964]
Time [clock=1320, time=2013-06-11 11:52:23.351]
Time [clock=1192, time=2013-06-11 11:52:23.967]
Time [clock=1321, time=2013-06-11 11:52:24.351]
Time [clock=1193, time=2013-06-11 11:52:24.967]
Time [clock=1322, time=2013-06-11 11:52:25.354]
Time [clock=1194, time=2013-06-11 11:52:26.007]
Time [clock=1323, time=2013-06-11 11:52:26.353]
Prohibition [agent=c1, prohibition=[coin(6, 6, a2)], sanction=[reduce_300(c1)], clock=0, time=2013-06-11 11:47:25.151]
Time [clock=1195, time=2013-06-11 11:52:26.969]
Time [clock=1324, time=2013-06-11 11:52:27.354]
Time [clock=1196, time=2013-06-11 11:52:27.969]
Time [clock=1325, time=2013-06-11 11:52:28.354]
Prohibition [agent=c1, prohibition=[coin(5, 5, a3)], sanction=[reduce_300(c1)], clock=0, time=2013-06-11 11:47:25.153]
Time [clock=1197, time=2013-06-11 11:52:28.971]
Time [clock=1326, time=2013-06-11 11:52:29.356]
Time [clock=1198, time=2013-06-11 11:52:29.972]
Time [clock=1327, time=2013-06-11 11:52:30.356]
Prohibition [agent=c1, prohibition=[coin(5, 6, a3)], sanction=[reduce_300(c1)], clock=0, time=2013-06-11 11:47:25.154]
Time [clock=1199, time=2013-06-11 11:52:30.973]
Prohibition [agent=c1, prohibition=[coin(6, 5, a3)], sanction=[reduce_300(c1)], clock=0, time=2013-06-11 11:47:25.156]
Prohibition [agent=c1, prohibition=[coin(6, 6, a3)], sanction=[reduce_300(c1)], clock=0, time=2013-06-11 11:47:25.16]
Time [clock=1328, time=2013-06-11 11:52:31.357]
Prohibition [agent=a1, prohibition=[at(5, 5, a1)], sanction=[reduce_300(a1)], clock=0, time=2013-06-11 11:47:26.697]
Time [clock=1200, time=2013-06-11 11:52:31.974]
Time [clock=1329, time=2013-06-11 11:52:32.359]
Time [clock=1201, time=2013-06-11 11:52:32.974]
Time [clock=1330, time=2013-06-11 11:52:33.36]
Time [clock=1202, time=2013-06-11 11:52:33.975]
Time [clock=1331, time=2013-06-11 11:52:34.401]
Time [clock=1203, time=2013-06-11 11:52:34.977]
Time [clock=1332, time=2013-06-11 11:52:35.36]
Time [clock=1204, time=2013-06-11 11:52:35.976]
Time [clock=1333, time=2013-06-11 11:52:36.361]
Time [clock=1205, time=2013-06-11 11:52:36.978]
Time [clock=1334, time=2013-06-11 11:52:37.363]
Time [clock=1206, time=2013-06-11 11:52:37.976]
Time [clock=1335, time=2013-06-11 11:52:38.362]
Time [clock=1207, time=2013-06-11 11:52:38.977]
Time [clock=1336, time=2013-06-11 11:52:39.364]
Time [clock=1208, time=2013-06-11 11:52:39.978]
Time [clock=1337, time=2013-06-11 11:52:40.364]
Time [clock=1209, time=2013-06-11 11:52:40.979]
Time [clock=1338, time=2013-06-11 11:52:41.366]
Time [clock=1210, time=2013-06-11 11:52:41.981]
Time [clock=1339, time=2013-06-11 11:52:42.365]
Time [clock=1211, time=2013-06-11 11:52:43.021]
Time [clock=1340, time=2013-06-11 11:52:43.366]
Time [clock=1212, time=2013-06-11 11:52:43.983]
Time [clock=1341, time=2013-06-11 11:52:44.367]
Prohibition [agent=a1, prohibition=[at(5, 6, a1)], sanction=[reduce_300(a1)], clock=0, time=2013-06-11 11:47:26.699]
Time [clock=1213, time=2013-06-11 11:52:44.983]
Time [clock=1342, time=2013-06-11 11:52:45.368]
Prohibition [agent=a1, prohibition=[at(6, 5, a1)], sanction=[reduce_300(a1)], clock=0, time=2013-06-11 11:47:26.702]
Time [clock=1214, time=2013-06-11 11:52:45.983]
Time [clock=1343, time=2013-06-11 11:52:46.368]
Time [clock=1215, time=2013-06-11 11:52:46.985]
Time [clock=1344, time=2013-06-11 11:52:47.37]
Time [clock=1216, time=2013-06-11 11:52:47.985]
Time [clock=1345, time=2013-06-11 11:52:48.371]
Time [clock=1217, time=2013-06-11 11:52:48.988]
Prohibition [agent=a1, prohibition=[at(6, 6, a1)], sanction=[reduce_300(a1)], clock=0, time=2013-06-11 11:47:26.704]
Time [clock=1346, time=2013-06-11 11:52:49.371]
Time [clock=1218, time=2013-06-11 11:52:49.988]
Time [clock=1347, time=2013-06-11 11:52:50.373]
Time [clock=1219, time=2013-06-11 11:52:50.989]
Time [clock=1348, time=2013-06-11 11:52:51.414]
Time [clock=1220, time=2013-06-11 11:52:51.99]
Time [clock=1349, time=2013-06-11 11:52:52.374]
Time [clock=1221, time=2013-06-11 11:52:52.99]
Time [clock=1350, time=2013-06-11 11:52:53.376]
Time [clock=1222, time=2013-06-11 11:52:53.99]
Time [clock=1351, time=2013-06-11 11:52:54.375]
Time [clock=1223, time=2013-06-11 11:52:54.991]
Time [clock=1352, time=2013-06-11 11:52:55.377]
Time [clock=1224, time=2013-06-11 11:52:55.99]
Time [clock=1353, time=2013-06-11 11:52:56.377]
Time [clock=1225, time=2013-06-11 11:52:56.992]
Time [clock=1354, time=2013-06-11 11:52:57.378]
Time [clock=1226, time=2013-06-11 11:52:57.993]
Time [clock=1355, time=2013-06-11 11:52:58.379]
Time [clock=1227, time=2013-06-11 11:52:58.994]
Time [clock=1356, time=2013-06-11 11:52:59.38]
Prohibition [agent=a2, prohibition=[at(5, 5, a2)], sanction=[reduce_300(a2)], clock=0, time=2013-06-11 11:47:26.706]
Time [clock=1228, time=2013-06-11 11:53:00.036]
Time [clock=1357, time=2013-06-11 11:53:00.382]
Prohibition [agent=a2, prohibition=[at(5, 6, a2)], sanction=[reduce_300(a2)], clock=0, time=2013-06-11 11:47:26.71]
Time [clock=1229, time=2013-06-11 11:53:00.997]
Time [clock=1358, time=2013-06-11 11:53:01.381]
Time [clock=1230, time=2013-06-11 11:53:01.999]
Time [clock=1359, time=2013-06-11 11:53:02.383]
Time [clock=1231, time=2013-06-11 11:53:02.999]
Time [clock=1360, time=2013-06-11 11:53:03.384]
Time [clock=1232, time=2013-06-11 11:53:04.001]
Time [clock=1361, time=2013-06-11 11:53:04.384]
Time [clock=1233, time=2013-06-11 11:53:05.001]
Time [clock=1362, time=2013-06-11 11:53:05.385]
Time [clock=1234, time=2013-06-11 11:53:06.001]
Time [clock=1363, time=2013-06-11 11:53:06.389]
Time [clock=1235, time=2013-06-11 11:53:07.004]
Time [clock=1364, time=2013-06-11 11:53:07.388]
Time [clock=1236, time=2013-06-11 11:53:08.003]
Time [clock=1365, time=2013-06-11 11:53:08.429]
Time [clock=1237, time=2013-06-11 11:53:09.007]
Time [clock=1366, time=2013-06-11 11:53:09.389]
Time [clock=1238, time=2013-06-11 11:53:10.006]
Time [clock=1367, time=2013-06-11 11:53:10.389]
Time [clock=1239, time=2013-06-11 11:53:11.007]
Time [clock=1368, time=2013-06-11 11:53:11.391]
Time [clock=1240, time=2013-06-11 11:53:12.008]
Time [clock=1369, time=2013-06-11 11:53:12.392]
Time [clock=1241, time=2013-06-11 11:53:13.009]
Time [clock=1370, time=2013-06-11 11:53:13.391]
Time [clock=1242, time=2013-06-11 11:53:14.011]
Time [clock=1371, time=2013-06-11 11:53:14.393]
Time [clock=1243, time=2013-06-11 11:53:15.01]
Time [clock=1372, time=2013-06-11 11:53:15.393]
Time [clock=1244, time=2013-06-11 11:53:16.012]
Time [clock=1373, time=2013-06-11 11:53:16.394]
Time [clock=1245, time=2013-06-11 11:53:17.051]
Time [clock=1374, time=2013-06-11 11:53:17.396]
Time [clock=1246, time=2013-06-11 11:53:18.011]
Time [clock=1375, time=2013-06-11 11:53:18.396]
Time [clock=1247, time=2013-06-11 11:53:19.012]
Time [clock=1376, time=2013-06-11 11:53:19.398]
Time [clock=1248, time=2013-06-11 11:53:20.015]
Time [clock=1377, time=2013-06-11 11:53:20.4]
Time [clock=1249, time=2013-06-11 11:53:21.015]
Time [clock=1378, time=2013-06-11 11:53:21.4]
Time [clock=1250, time=2013-06-11 11:53:22.016]
Time [clock=1379, time=2013-06-11 11:53:22.4]
Time [clock=1251, time=2013-06-11 11:53:23.017]
Time [clock=1380, time=2013-06-11 11:53:23.4]
Time [clock=1252, time=2013-06-11 11:53:24.018]
Time [clock=1381, time=2013-06-11 11:53:24.4]
Time [clock=1253, time=2013-06-11 11:53:25.018]
Time [clock=1382, time=2013-06-11 11:53:25.441]
Time [clock=1254, time=2013-06-11 11:53:26.021]
Time [clock=1383, time=2013-06-11 11:53:26.401]
Time [clock=1255, time=2013-06-11 11:53:27.021]
Time [clock=1384, time=2013-06-11 11:53:27.402]
Time [clock=1256, time=2013-06-11 11:53:28.021]
Time [clock=1385, time=2013-06-11 11:53:28.403]
Time [clock=1257, time=2013-06-11 11:53:29.021]
Time [clock=1386, time=2013-06-11 11:53:29.403]
Time [clock=1258, time=2013-06-11 11:53:30.021]
Time [clock=1387, time=2013-06-11 11:53:30.405]
Time [clock=1259, time=2013-06-11 11:53:31.022]
Time [clock=1388, time=2013-06-11 11:53:31.406]
Time [clock=1260, time=2013-06-11 11:53:32.022]
Time [clock=1389, time=2013-06-11 11:53:32.407]
Time [clock=1261, time=2013-06-11 11:53:33.024]
Time [clock=1390, time=2013-06-11 11:53:33.41]
Time [clock=1262, time=2013-06-11 11:53:34.065]
Time [clock=1391, time=2013-06-11 11:53:34.41]
Time [clock=1263, time=2013-06-11 11:53:35.026]
Time [clock=1392, time=2013-06-11 11:53:35.41]
Time [clock=1264, time=2013-06-11 11:53:36.027]
Time [clock=1393, time=2013-06-11 11:53:36.41]
Time [clock=1265, time=2013-06-11 11:53:37.026]
Time [clock=1394, time=2013-06-11 11:53:37.412]
Time [clock=1266, time=2013-06-11 11:53:38.028]
Prohibition [agent=a2, prohibition=[at(6, 5, a2)], sanction=[reduce_300(a2)], clock=0, time=2013-06-11 11:47:26.712]
Time [clock=1395, time=2013-06-11 11:53:38.412]
Time [clock=1267, time=2013-06-11 11:53:39.029]
Time [clock=1396, time=2013-06-11 11:53:39.414]
Time [clock=1268, time=2013-06-11 11:53:40.029]
Time [clock=1397, time=2013-06-11 11:53:40.415]
Time [clock=1269, time=2013-06-11 11:53:41.03]
Time [clock=1398, time=2013-06-11 11:53:41.415]
Time [clock=1270, time=2013-06-11 11:53:42.03]
Time [clock=1399, time=2013-06-11 11:53:42.456]
Time [clock=1271, time=2013-06-11 11:53:43.032]
Time [clock=1400, time=2013-06-11 11:53:43.417]
Time [clock=1272, time=2013-06-11 11:53:44.032]
Time [clock=1401, time=2013-06-11 11:53:44.417]
Time [clock=1273, time=2013-06-11 11:53:45.031]
Time [clock=1402, time=2013-06-11 11:53:45.419]
Time [clock=1274, time=2013-06-11 11:53:46.033]
Time [clock=1403, time=2013-06-11 11:53:46.421]
Time [clock=1275, time=2013-06-11 11:53:47.034]
Time [clock=1404, time=2013-06-11 11:53:47.421]
Time [clock=1276, time=2013-06-11 11:53:48.035]
Time [clock=1405, time=2013-06-11 11:53:48.424]
Time [clock=1277, time=2013-06-11 11:53:49.035]
Time [clock=1406, time=2013-06-11 11:53:49.424]
Time [clock=1278, time=2013-06-11 11:53:50.037]
Time [clock=1407, time=2013-06-11 11:53:50.425]
Time [clock=1279, time=2013-06-11 11:53:51.077]
Time [clock=1408, time=2013-06-11 11:53:51.426]
Time [clock=1280, time=2013-06-11 11:53:52.039]
Time [clock=1409, time=2013-06-11 11:53:52.426]
Time [clock=1281, time=2013-06-11 11:53:53.039]
Time [clock=1410, time=2013-06-11 11:53:53.426]
Prohibition [agent=a2, prohibition=[at(6, 6, a2)], sanction=[reduce_300(a2)], clock=0, time=2013-06-11 11:47:26.714]
Time [clock=1282, time=2013-06-11 11:53:54.041]
Time [clock=1411, time=2013-06-11 11:53:54.428]
Time [clock=1283, time=2013-06-11 11:53:55.041]
Time [clock=1412, time=2013-06-11 11:53:55.428]
Prohibition [agent=a3, prohibition=[at(5, 5, a3)], sanction=[reduce_300(a3)], clock=0, time=2013-06-11 11:47:26.716]
Prohibition [agent=a3, prohibition=[at(5, 6, a3)], sanction=[reduce_300(a3)], clock=0, time=2013-06-11 11:47:26.718]
Time [clock=1284, time=2013-06-11 11:53:56.042]
Time [clock=1413, time=2013-06-11 11:53:56.429]
Time [clock=1285, time=2013-06-11 11:53:57.044]
Time [clock=1414, time=2013-06-11 11:53:57.431]
Time [clock=1286, time=2013-06-11 11:53:58.043]
Time [clock=1415, time=2013-06-11 11:53:58.432]
Time [clock=1287, time=2013-06-11 11:53:59.043]
Time [clock=1416, time=2013-06-11 11:53:59.471]
Time [clock=1288, time=2013-06-11 11:54:00.046]
Time [clock=1417, time=2013-06-11 11:54:00.431]
Time [clock=1289, time=2013-06-11 11:54:01.045]
Time [clock=1418, time=2013-06-11 11:54:01.434]
Time [clock=1290, time=2013-06-11 11:54:02.045]
Time [clock=1419, time=2013-06-11 11:54:02.434]
Time [clock=1291, time=2013-06-11 11:54:03.045]
Time [clock=1420, time=2013-06-11 11:54:03.435]
Time [clock=1292, time=2013-06-11 11:54:04.047]
Time [clock=1421, time=2013-06-11 11:54:04.436]
Time [clock=1293, time=2013-06-11 11:54:05.048]
Time [clock=1422, time=2013-06-11 11:54:05.438]
Time [clock=1294, time=2013-06-11 11:54:06.05]
Time [clock=1423, time=2013-06-11 11:54:06.438]
Time [clock=1295, time=2013-06-11 11:54:07.05]
Time [clock=1424, time=2013-06-11 11:54:07.439]
Time [clock=1296, time=2013-06-11 11:54:08.09]
Time [clock=1425, time=2013-06-11 11:54:08.442]
Time [clock=1297, time=2013-06-11 11:54:09.051]
Time [clock=1426, time=2013-06-11 11:54:09.441]
Prohibition [agent=a3, prohibition=[at(6, 5, a3)], sanction=[reduce_300(a3)], clock=0, time=2013-06-11 11:47:26.719]
Time [clock=1298, time=2013-06-11 11:54:10.052]
Prohibition [agent=a3, prohibition=[at(6, 6, a3)], sanction=[reduce_300(a3)], clock=0, time=2013-06-11 11:47:26.72]
Time [clock=1427, time=2013-06-11 11:54:10.442]
Time [clock=1299, time=2013-06-11 11:54:11.053]
Time [clock=1428, time=2013-06-11 11:54:11.444]
Time [clock=1300, time=2013-06-11 11:54:12.054]
Time [clock=1429, time=2013-06-11 11:54:12.446]
Time [clock=1301, time=2013-06-11 11:54:13.055]
Time [clock=1430, time=2013-06-11 11:54:13.446]
Time [clock=1302, time=2013-06-11 11:54:14.056]
Time [clock=1431, time=2013-06-11 11:54:14.446]
Time [clock=1303, time=2013-06-11 11:54:15.057]
Time [clock=1432, time=2013-06-11 11:54:15.447]
Time [clock=1304, time=2013-06-11 11:54:16.058]
Time [clock=1433, time=2013-06-11 11:54:16.489]
Time [clock=1305, time=2013-06-11 11:54:17.061]
Time [clock=1434, time=2013-06-11 11:54:17.449]
Time [clock=1306, time=2013-06-11 11:54:18.06]
Time [clock=1435, time=2013-06-11 11:54:18.45]
Time [clock=1307, time=2013-06-11 11:54:19.061]
Time [clock=1436, time=2013-06-11 11:54:19.449]
Time [clock=1308, time=2013-06-11 11:54:20.061]
Time [clock=1437, time=2013-06-11 11:54:20.452]
Time [clock=1309, time=2013-06-11 11:54:21.066]
Time [clock=1438, time=2013-06-11 11:54:21.452]
Time [clock=1310, time=2013-06-11 11:54:22.064]
Time [clock=1439, time=2013-06-11 11:54:22.454]
Time [clock=1311, time=2013-06-11 11:54:23.063]
Time [clock=1440, time=2013-06-11 11:54:23.453]
Time [clock=1312, time=2013-06-11 11:54:24.065]
Time [clock=1441, time=2013-06-11 11:54:24.455]
Time [clock=1313, time=2013-06-11 11:54:25.065]
Time [clock=1442, time=2013-06-11 11:54:25.498]
Time [clock=1314, time=2013-06-11 11:54:26.065]
Time [clock=1443, time=2013-06-11 11:54:26.457]
Time [clock=1315, time=2013-06-11 11:54:27.067]
Time [clock=1444, time=2013-06-11 11:54:27.459]
Time [clock=1316, time=2013-06-11 11:54:28.066]
Time [clock=1445, time=2013-06-11 11:54:28.458]
Time [clock=1317, time=2013-06-11 11:54:29.067]
Time [clock=1446, time=2013-06-11 11:54:29.46]
Time [clock=1318, time=2013-06-11 11:54:30.067]
Time [clock=1447, time=2013-06-11 11:54:30.461]
Time [clock=1319, time=2013-06-11 11:54:31.068]
Time [clock=1448, time=2013-06-11 11:54:31.462]
Time [clock=1320, time=2013-06-11 11:54:32.067]
Time [clock=1449, time=2013-06-11 11:54:32.463]
Time [clock=1321, time=2013-06-11 11:54:33.068]
Time [clock=1450, time=2013-06-11 11:54:33.465]
Time [clock=1322, time=2013-06-11 11:54:34.11]
Time [clock=1451, time=2013-06-11 11:54:34.465]
Time [clock=1323, time=2013-06-11 11:54:35.071]
Time [clock=1452, time=2013-06-11 11:54:35.465]
Time [clock=1324, time=2013-06-11 11:54:36.071]
Time [clock=1453, time=2013-06-11 11:54:36.467]
Time [clock=1325, time=2013-06-11 11:54:37.073]
Time [clock=1454, time=2013-06-11 11:54:37.468]
Time [clock=1326, time=2013-06-11 11:54:38.073]
Time [clock=1455, time=2013-06-11 11:54:38.47]
Time [clock=1327, time=2013-06-11 11:54:39.074]
Time [clock=1456, time=2013-06-11 11:54:39.472]
Time [clock=1328, time=2013-06-11 11:54:40.074]
Time [clock=1457, time=2013-06-11 11:54:40.471]
Time [clock=1329, time=2013-06-11 11:54:41.074]
Time [clock=1458, time=2013-06-11 11:54:41.473]
Time [clock=1330, time=2013-06-11 11:54:42.077]
Time [clock=1459, time=2013-06-11 11:54:42.513]
Time [clock=1331, time=2013-06-11 11:54:43.077]
Time [clock=1460, time=2013-06-11 11:54:43.475]
Time [clock=1332, time=2013-06-11 11:54:44.079]
Time [clock=1461, time=2013-06-11 11:54:44.475]
Time [clock=1333, time=2013-06-11 11:54:45.078]
Time [clock=1462, time=2013-06-11 11:54:45.476]
Time [clock=1334, time=2013-06-11 11:54:46.079]
Time [clock=1463, time=2013-06-11 11:54:46.478]
Time [clock=1335, time=2013-06-11 11:54:47.081]
Time [clock=1464, time=2013-06-11 11:54:47.476]
Time [clock=1336, time=2013-06-11 11:54:48.081]
Time [clock=1465, time=2013-06-11 11:54:48.479]
Time [clock=1337, time=2013-06-11 11:54:49.082]
Time [clock=1466, time=2013-06-11 11:54:49.478]
Time [clock=1338, time=2013-06-11 11:54:50.082]
Time [clock=1467, time=2013-06-11 11:54:50.479]
Time [clock=1339, time=2013-06-11 11:54:51.126]
Time [clock=1468, time=2013-06-11 11:54:51.48]
Time [clock=1340, time=2013-06-11 11:54:52.083]
Time [clock=1469, time=2013-06-11 11:54:52.48]
Time [clock=1341, time=2013-06-11 11:54:53.084]
Time [clock=1470, time=2013-06-11 11:54:53.482]
Time [clock=1342, time=2013-06-11 11:54:54.085]
Time [clock=1471, time=2013-06-11 11:54:54.481]
Time [clock=1343, time=2013-06-11 11:54:55.087]
Time [clock=1472, time=2013-06-11 11:54:55.482]
Time [clock=1344, time=2013-06-11 11:54:56.088]
Time [clock=1473, time=2013-06-11 11:54:56.484]
Time [clock=1345, time=2013-06-11 11:54:57.09]
Time [clock=1474, time=2013-06-11 11:54:57.486]
Time [clock=1346, time=2013-06-11 11:54:58.088]
Time [clock=1475, time=2013-06-11 11:54:58.489]
Time [clock=1347, time=2013-06-11 11:54:59.09]
Time [clock=1476, time=2013-06-11 11:54:59.528]
Time [clock=1348, time=2013-06-11 11:55:00.092]
Time [clock=1477, time=2013-06-11 11:55:00.49]
Time [clock=1349, time=2013-06-11 11:55:01.092]
Time [clock=1478, time=2013-06-11 11:55:01.491]
Time [clock=1350, time=2013-06-11 11:55:02.094]
Time [clock=1479, time=2013-06-11 11:55:02.491]
Time [clock=1351, time=2013-06-11 11:55:03.095]
Time [clock=1480, time=2013-06-11 11:55:03.491]
Time [clock=1352, time=2013-06-11 11:55:04.096]
Time [clock=1481, time=2013-06-11 11:55:04.491]
Time [clock=1353, time=2013-06-11 11:55:05.097]
Time [clock=1482, time=2013-06-11 11:55:05.491]
Time [clock=1354, time=2013-06-11 11:55:06.098]
Time [clock=1483, time=2013-06-11 11:55:06.491]
Time [clock=1355, time=2013-06-11 11:55:07.099]
Time [clock=1484, time=2013-06-11 11:55:07.492]
Time [clock=1356, time=2013-06-11 11:55:08.14]
Time [clock=1485, time=2013-06-11 11:55:08.495]
Time [clock=1357, time=2013-06-11 11:55:09.1]
Time [clock=1486, time=2013-06-11 11:55:09.496]
Time [clock=1358, time=2013-06-11 11:55:10.102]
Time [clock=1487, time=2013-06-11 11:55:10.497]
Time [clock=1359, time=2013-06-11 11:55:11.103]
Time [clock=1488, time=2013-06-11 11:55:11.497]
Time [clock=1360, time=2013-06-11 11:55:12.104]
Time [clock=1489, time=2013-06-11 11:55:12.499]
Time [clock=1361, time=2013-06-11 11:55:13.104]
Time [clock=1490, time=2013-06-11 11:55:13.499]
Time [clock=1362, time=2013-06-11 11:55:14.106]
Time [clock=1491, time=2013-06-11 11:55:14.5]
Time [clock=1363, time=2013-06-11 11:55:15.107]
Time [clock=1492, time=2013-06-11 11:55:15.502]
Time [clock=1364, time=2013-06-11 11:55:16.107]
Time [clock=1493, time=2013-06-11 11:55:16.543]
Time [clock=1365, time=2013-06-11 11:55:17.109]
Time [clock=1494, time=2013-06-11 11:55:17.503]
Time [clock=1366, time=2013-06-11 11:55:18.11]
Time [clock=1495, time=2013-06-11 11:55:18.504]
Time [clock=1367, time=2013-06-11 11:55:19.11]
Time [clock=1496, time=2013-06-11 11:55:19.505]
Time [clock=1368, time=2013-06-11 11:55:20.111]
Time [clock=1497, time=2013-06-11 11:55:20.506]
Time [clock=1369, time=2013-06-11 11:55:21.111]
Time [clock=1498, time=2013-06-11 11:55:21.507]
Time [clock=1370, time=2013-06-11 11:55:22.112]
Time [clock=1499, time=2013-06-11 11:55:22.507]
Time [clock=1371, time=2013-06-11 11:55:23.112]
Time [clock=1500, time=2013-06-11 11:55:23.509]
Time [clock=1372, time=2013-06-11 11:55:24.117]
Time [clock=1501, time=2013-06-11 11:55:24.51]
Time [clock=1373, time=2013-06-11 11:55:25.158]
Time [clock=1502, time=2013-06-11 11:55:25.51]
Time [clock=1374, time=2013-06-11 11:55:26.117]
Time [clock=1503, time=2013-06-11 11:55:26.509]
Time [clock=1375, time=2013-06-11 11:55:27.118]
Time [clock=1504, time=2013-06-11 11:55:27.51]
Time [clock=1376, time=2013-06-11 11:55:28.118]
Time [clock=1505, time=2013-06-11 11:55:28.511]
Time [clock=1377, time=2013-06-11 11:55:29.12]
Time [clock=1506, time=2013-06-11 11:55:29.512]
Time [clock=1378, time=2013-06-11 11:55:30.12]
Time [clock=1507, time=2013-06-11 11:55:30.512]
Time [clock=1379, time=2013-06-11 11:55:31.121]
Time [clock=1508, time=2013-06-11 11:55:31.514]
Time [clock=1380, time=2013-06-11 11:55:32.121]
Time [clock=1509, time=2013-06-11 11:55:32.514]
Time [clock=1381, time=2013-06-11 11:55:33.134]
Time [clock=1510, time=2013-06-11 11:55:33.564]
-------------------------last log tuples end----------------------------------
register a1
register a2
register a3
register c1
register t1
from/for agent a2  readingRequest(position(8, 19))
from/for agent a3  readingRequest(position(11, 1))
from/for agent a2  reading(position(8, 19))
from/for agent a3  reading(position(11, 1))
org position notification
Organization notifies agent (write): Obligation [agent=a1, obligation=[makeReading(8, 6)], sanction=[reduce_400(a1)], deadline=1568, time=2013-06-11 11:55:44.268, clock=0]
agent obligation notification a1 number 1
Organization notifies agent (write): Obligation [agent=a1, obligation=[makeReading(16, 6)], sanction=[reduce_400(a1)], deadline=1568, time=2013-06-11 11:55:44.494, clock=0]
Obligation [agent=a1, obligation=null, sanction=null, deadline=null, time=null, clock=null] 1970-01-01 01:00:00.0 - 2013-06-11 11:55:44.29
Event sent to agent      a1 obligation(makeReading(8, 6), 1568, reduce_400(a1))
agent obligation notification a1 number 2
Obligation [agent=a1, obligation=null, sanction=null, deadline=null, time=null, clock=null] 2013-06-11 11:55:44.29 - 2013-06-11 11:55:44.561
Event sent to agent      a1 obligation(makeReading(16, 6), 1568, reduce_400(a1))
Event processed adoptObligation(makeReading(8, 6), 1568, reduce_400(a1))
Event processed adoptObligation(makeReading(16, 6), 1568, reduce_400(a1))
Organization notifies agent (write): Obligation [agent=a1, obligation=[makeReading(3, 9)], sanction=[reduce_400(a1)], deadline=1568, time=2013-06-11 11:55:45.566, clock=0]
agent obligation notification a1 number 3
Organization notifies agent (write): Obligation [agent=a2, obligation=[makeReading(8, 6)], sanction=[reduce_400(a2)], deadline=1568, time=2013-06-11 11:55:45.783, clock=0]
Obligation [agent=a1, obligation=null, sanction=null, deadline=null, time=null, clock=null] 2013-06-11 11:55:44.561 - 2013-06-11 11:55:45.581
Event sent to agent      a1 obligation(makeReading(3, 9), 1568, reduce_400(a1))
agent obligation notification a2 number 1
Event processed adoptObligation(makeReading(3, 9), 1568, reduce_400(a1))
Obligation [agent=a2, obligation=null, sanction=null, deadline=null, time=null, clock=null] 1970-01-01 01:00:00.0 - 2013-06-11 11:55:45.945
Event sent to agent      a2 obligation(makeReading(8, 6), 1568, reduce_400(a2))
Organization notifies agent (write): Obligation [agent=a2, obligation=[makeReading(16, 6)], sanction=[reduce_400(a2)], deadline=1568, time=2013-06-11 11:55:46.989, clock=0]
agent obligation notification a2 number 2
Organization notifies agent (write): Obligation [agent=a2, obligation=[makeReading(3, 9)], sanction=[reduce_400(a2)], deadline=1568, time=2013-06-11 11:55:47.207, clock=0]
Obligation [agent=a2, obligation=null, sanction=null, deadline=null, time=null, clock=null] 2013-06-11 11:55:45.945 - 2013-06-11 11:55:47.0
Event sent to agent      a2 obligation(makeReading(16, 6), 1568, reduce_400(a2))
agent obligation notification a2 number 3
Obligation [agent=a2, obligation=null, sanction=null, deadline=null, time=null, clock=null] 2013-06-11 11:55:47.0 - 2013-06-11 11:55:47.23
Event sent to agent      a2 obligation(makeReading(3, 9), 1568, reduce_400(a2))
Organization notifies agent (write): Obligation [agent=a3, obligation=[makeReading(8, 6)], sanction=[reduce_400(a3)], deadline=1568, time=2013-06-11 11:55:48.309, clock=0]
agent obligation notification a3 number 1
Organization notifies agent (write): Obligation [agent=a3, obligation=[makeReading(16, 6)], sanction=[reduce_400(a3)], deadline=1568, time=2013-06-11 11:55:48.518, clock=0]
Obligation [agent=a3, obligation=null, sanction=null, deadline=null, time=null, clock=null] 1970-01-01 01:00:00.0 - 2013-06-11 11:55:48.32
Event sent to agent      a3 obligation(makeReading(8, 6), 1568, reduce_400(a3))
agent obligation notification a3 number 2
Organization notifies agent (write): Obligation [agent=a3, obligation=[makeReading(3, 9)], sanction=[reduce_400(a3)], deadline=1568, time=2013-06-11 11:55:48.729, clock=0]
Organization notifies agent (write): Prohibition [agent=t1, prohibition=[at(5, 5, t1)], sanction=[reduce_300(t1)], clock=0, time=2013-06-11 11:55:48.731]
Organization notifies agent (write): Prohibition [agent=t1, prohibition=[at(5, 6, t1)], sanction=[reduce_300(t1)], clock=0, time=2013-06-11 11:55:48.735]
Organization notifies agent (write): Prohibition [agent=t1, prohibition=[at(6, 5, t1)], sanction=[reduce_300(t1)], clock=0, time=2013-06-11 11:55:48.737]
Organization notifies agent (write): Prohibition [agent=t1, prohibition=[at(6, 6, t1)], sanction=[reduce_300(t1)], clock=0, time=2013-06-11 11:55:48.739]
agent prohibition notification t1 number 1
Obligation [agent=a3, obligation=null, sanction=null, deadline=null, time=null, clock=null] 2013-06-11 11:55:48.32 - 2013-06-11 11:55:48.725
Event sent to agent      a3 obligation(makeReading(16, 6), 1568, reduce_400(a3))
agent obligation notification a3 number 3
Prohibition [agent=t1, prohibition=null, sanction=null, clock=null, time=null] 1970-01-01 01:00:00.0 - 2013-06-11 11:55:48.753
Event sent to agent      t1 prohibition(at(5, 5, t1), reduce_300(t1))
Event sent to agent      t1 prohibition(at(5, 6, t1), reduce_300(t1))
Event sent to agent      t1 prohibition(at(6, 5, t1), reduce_300(t1))
Event sent to agent      t1 prohibition(at(6, 6, t1), reduce_300(t1))
agent prohibition notification t1 number 4
Event processed aprohibition(at(5, 5, t1), reduce_300(t1))
Event processed aprohibition(at(5, 6, t1), reduce_300(t1))
Event processed aprohibition(at(6, 5, t1), reduce_300(t1))
Event processed aprohibition(at(6, 6, t1), reduce_300(t1))
Obligation [agent=a3, obligation=null, sanction=null, deadline=null, time=null, clock=null] 2013-06-11 11:55:48.725 - 2013-06-11 11:55:48.94
Event sent to agent      a3 obligation(makeReading(3, 9), 1568, reduce_400(a3))
Prohibition [agent=t1, prohibition=null, sanction=null, clock=null, time=null] 2013-06-11 11:55:48.753 - 2013-06-11 11:55:48.963
Organization notifies agent (write): Prohibition [agent=c1, prohibition=[coin(5, 5, a1)], sanction=[reduce_300(c1)], clock=0, time=2013-06-11 11:55:50.022]
Organization notifies agent (write): Prohibition [agent=c1, prohibition=[coin(5, 6, a1)], sanction=[reduce_300(c1)], clock=0, time=2013-06-11 11:55:50.025]
Organization notifies agent (write): Prohibition [agent=c1, prohibition=[coin(6, 5, a1)], sanction=[reduce_300(c1)], clock=0, time=2013-06-11 11:55:50.028]
Organization notifies agent (write): Prohibition [agent=c1, prohibition=[coin(6, 6, a1)], sanction=[reduce_300(c1)], clock=0, time=2013-06-11 11:55:50.03]
Organization notifies agent (write): Prohibition [agent=c1, prohibition=[coin(5, 5, a2)], sanction=[reduce_300(c1)], clock=0, time=2013-06-11 11:55:50.032]
agent prohibition notification c1 number 2
Organization notifies agent (write): Prohibition [agent=c1, prohibition=[coin(5, 6, a2)], sanction=[reduce_300(c1)], clock=0, time=2013-06-11 11:55:50.034]
Organization notifies agent (write): Prohibition [agent=c1, prohibition=[coin(6, 5, a2)], sanction=[reduce_300(c1)], clock=0, time=2013-06-11 11:55:50.036]
Organization notifies agent (write): Prohibition [agent=c1, prohibition=[coin(6, 6, a2)], sanction=[reduce_300(c1)], clock=0, time=2013-06-11 11:55:50.039]
Organization notifies agent (write): Prohibition [agent=c1, prohibition=[coin(5, 5, a3)], sanction=[reduce_300(c1)], clock=0, time=2013-06-11 11:55:50.041]
Organization notifies agent (write): Prohibition [agent=c1, prohibition=[coin(5, 6, a3)], sanction=[reduce_300(c1)], clock=0, time=2013-06-11 11:55:50.043]
Organization notifies agent (write): Prohibition [agent=c1, prohibition=[coin(6, 5, a3)], sanction=[reduce_300(c1)], clock=0, time=2013-06-11 11:55:50.05]
Organization notifies agent (write): Prohibition [agent=c1, prohibition=[coin(6, 6, a3)], sanction=[reduce_300(c1)], clock=0, time=2013-06-11 11:55:50.056]
Prohibition [agent=c1, prohibition=null, sanction=null, clock=null, time=null] 1970-01-01 01:00:00.0 - 2013-06-11 11:55:50.033
Event sent to agent      c1 prohibition(coin(5, 5, a1), reduce_300(c1))
Event sent to agent      c1 prohibition(coin(5, 6, a1), reduce_300(c1))
Event sent to agent      c1 prohibition(coin(6, 5, a1), reduce_300(c1))
Event sent to agent      c1 prohibition(coin(6, 6, a1), reduce_300(c1))
Event sent to agent      c1 prohibition(coin(5, 5, a2), reduce_300(c1))
agent prohibition notification c1 number 12
Event processed aprohibition(coin(5, 5, a1), reduce_300(c1))
Event processed aprohibition(coin(5, 6, a1), reduce_300(c1))
Event processed aprohibition(coin(6, 5, a1), reduce_300(c1))
Event processed aprohibition(coin(6, 6, a1), reduce_300(c1))
Event processed aprohibition(coin(5, 5, a2), reduce_300(c1))
Prohibition [agent=c1, prohibition=null, sanction=null, clock=null, time=null] 2013-06-11 11:55:50.033 - 2013-06-11 11:55:50.288
Event sent to agent      c1 prohibition(coin(5, 6, a2), reduce_300(c1))
Event sent to agent      c1 prohibition(coin(6, 5, a2), reduce_300(c1))
Event sent to agent      c1 prohibition(coin(6, 6, a2), reduce_300(c1))
Event sent to agent      c1 prohibition(coin(5, 5, a3), reduce_300(c1))
Event sent to agent      c1 prohibition(coin(5, 6, a3), reduce_300(c1))
Event sent to agent      c1 prohibition(coin(6, 5, a3), reduce_300(c1))
Event sent to agent      c1 prohibition(coin(6, 6, a3), reduce_300(c1))
Event processed aprohibition(coin(5, 6, a2), reduce_300(c1))
Event processed aprohibition(coin(6, 5, a2), reduce_300(c1))
Event processed aprohibition(coin(6, 6, a2), reduce_300(c1))
Event processed aprohibition(coin(5, 5, a3), reduce_300(c1))
Event processed aprohibition(coin(5, 6, a3), reduce_300(c1))
Event processed aprohibition(coin(6, 5, a3), reduce_300(c1))
Event processed aprohibition(coin(6, 6, a3), reduce_300(c1))
Organization notifies agent (write): Prohibition [agent=a1, prohibition=[at(5, 5, a1)], sanction=[reduce_300(a1)], clock=0, time=2013-06-11 11:55:51.018]
Organization notifies agent (write): Prohibition [agent=a1, prohibition=[at(5, 6, a1)], sanction=[reduce_300(a1)], clock=0, time=2013-06-11 11:55:51.021]
Organization notifies agent (write): Prohibition [agent=a1, prohibition=[at(6, 5, a1)], sanction=[reduce_300(a1)], clock=0, time=2013-06-11 11:55:51.024]
Organization notifies agent (write): Prohibition [agent=a1, prohibition=[at(6, 6, a1)], sanction=[reduce_300(a1)], clock=0, time=2013-06-11 11:55:51.025]
Organization notifies agent (write): Prohibition [agent=a2, prohibition=[at(5, 5, a2)], sanction=[reduce_300(a2)], clock=0, time=2013-06-11 11:55:51.028]
Organization notifies agent (write): Prohibition [agent=a2, prohibition=[at(5, 6, a2)], sanction=[reduce_300(a2)], clock=0, time=2013-06-11 11:55:51.033]
Organization notifies agent (write): Prohibition [agent=a2, prohibition=[at(6, 5, a2)], sanction=[reduce_300(a2)], clock=0, time=2013-06-11 11:55:51.038]
Organization notifies agent (write): Prohibition [agent=a2, prohibition=[at(6, 6, a2)], sanction=[reduce_300(a2)], clock=0, time=2013-06-11 11:55:51.047]
Organization notifies agent (write): Prohibition [agent=a3, prohibition=[at(5, 5, a3)], sanction=[reduce_300(a3)], clock=0, time=2013-06-11 11:55:51.053]
Organization notifies agent (write): Prohibition [agent=a3, prohibition=[at(5, 6, a3)], sanction=[reduce_300(a3)], clock=0, time=2013-06-11 11:55:51.063]
Organization notifies agent (write): Prohibition [agent=a3, prohibition=[at(6, 5, a3)], sanction=[reduce_300(a3)], clock=0, time=2013-06-11 11:55:51.069]
agent prohibition notification a1 number 4
Organization notifies agent (write): Prohibition [agent=a3, prohibition=[at(6, 6, a3)], sanction=[reduce_300(a3)], clock=0, time=2013-06-11 11:55:51.13]
agent prohibition notification a2 number 4
Prohibition [agent=a1, prohibition=null, sanction=null, clock=null, time=null] 1970-01-01 01:00:00.0 - 2013-06-11 11:55:51.075
Event sent to agent      a1 prohibition(at(5, 5, a1), reduce_300(a1))
Event sent to agent      a1 prohibition(at(5, 6, a1), reduce_300(a1))
Event sent to agent      a1 prohibition(at(6, 5, a1), reduce_300(a1))
Event sent to agent      a1 prohibition(at(6, 6, a1), reduce_300(a1))
Prohibition [agent=a2, prohibition=null, sanction=null, clock=null, time=null] 1970-01-01 01:00:00.0 - 2013-06-11 11:55:51.138
Event sent to agent      a2 prohibition(at(5, 5, a2), reduce_300(a2))
Event sent to agent      a2 prohibition(at(5, 6, a2), reduce_300(a2))
Event sent to agent      a2 prohibition(at(6, 5, a2), reduce_300(a2))
Event sent to agent      a2 prohibition(at(6, 6, a2), reduce_300(a2))
Event processed aprohibition(at(5, 5, a1), reduce_300(a1))
Event processed aprohibition(at(5, 6, a1), reduce_300(a1))
Event processed aprohibition(at(6, 5, a1), reduce_300(a1))
Event processed aprohibition(at(6, 6, a1), reduce_300(a1))
agent prohibition notification a3 number 4
Prohibition [agent=a3, prohibition=null, sanction=null, clock=null, time=null] 1970-01-01 01:00:00.0 - 2013-06-11 11:55:52.919
Event sent to agent      a3 prohibition(at(5, 5, a3), reduce_300(a3))
Event sent to agent      a3 prohibition(at(5, 6, a3), reduce_300(a3))
Event sent to agent      a3 prohibition(at(6, 5, a3), reduce_300(a3))
Event sent to agent      a3 prohibition(at(6, 6, a3), reduce_300(a3))
org coin notification
Organization notifies agent (write): Obligation [agent=a1, obligation=[makeReading(8, 6)], sanction=[reduce_400(a1)], deadline=1604, time=2013-06-11 11:56:18.446, clock=0]
agent obligation notification a1 number 4
Organization notifies agent (write): Obligation [agent=a1, obligation=[makeReading(16, 6)], sanction=[reduce_400(a1)], deadline=1604, time=2013-06-11 11:56:18.654, clock=0]
Obligation [agent=a1, obligation=null, sanction=null, deadline=null, time=null, clock=null] 2013-06-11 11:55:45.581 - 2013-06-11 11:56:18.449
Event sent to agent      a1 obligation(makeReading(8, 6), 1604, reduce_400(a1))
agent obligation notification a1 number 5
Organization notifies agent (write): Obligation [agent=a1, obligation=[makeReading(3, 9)], sanction=[reduce_400(a1)], deadline=1604, time=2013-06-11 11:56:18.861, clock=0]
Organization notifies agent (write): Obligation [agent=a2, obligation=[makeReading(8, 6)], sanction=[reduce_400(a2)], deadline=1604, time=2013-06-11 11:56:19.069, clock=0]
Obligation [agent=a1, obligation=null, sanction=null, deadline=null, time=null, clock=null] 2013-06-11 11:56:18.449 - 2013-06-11 11:56:18.859
agent obligation notification a2 number 4
Event sent to agent      a1 obligation(makeReading(16, 6), 1604, reduce_400(a1))
agent obligation notification a1 number 6
Organization notifies agent (write): Obligation [agent=a2, obligation=[makeReading(16, 6)], sanction=[reduce_400(a2)], deadline=1604, time=2013-06-11 11:56:19.277, clock=0]
Obligation [agent=a1, obligation=null, sanction=null, deadline=null, time=null, clock=null] 2013-06-11 11:56:18.859 - 2013-06-11 11:56:19.073
Event sent to agent      a1 obligation(makeReading(3, 9), 1604, reduce_400(a1))
Obligation [agent=a2, obligation=null, sanction=null, deadline=null, time=null, clock=null] 2013-06-11 11:55:47.23 - 2013-06-11 11:56:19.073
Event sent to agent      a2 obligation(makeReading(8, 6), 1604, reduce_400(a2))
agent obligation notification a2 number 5
Organization notifies agent (write): Obligation [agent=a2, obligation=[makeReading(3, 9)], sanction=[reduce_400(a2)], deadline=1604, time=2013-06-11 11:56:19.485, clock=0]
Organization notifies agent (write): Obligation [agent=a3, obligation=[makeReading(8, 6)], sanction=[reduce_400(a3)], deadline=1604, time=2013-06-11 11:56:19.692, clock=0]
agent obligation notification a3 number 4
Obligation [agent=a2, obligation=null, sanction=null, deadline=null, time=null, clock=null] 2013-06-11 11:56:19.073 - 2013-06-11 11:56:19.481
Event sent to agent      a2 obligation(makeReading(16, 6), 1604, reduce_400(a2))
agent obligation notification a2 number 6
Organization notifies agent (write): Obligation [agent=a3, obligation=[makeReading(16, 6)], sanction=[reduce_400(a3)], deadline=1604, time=2013-06-11 11:56:19.901, clock=0]
Obligation [agent=a2, obligation=null, sanction=null, deadline=null, time=null, clock=null] 2013-06-11 11:56:19.481 - 2013-06-11 11:56:19.728
Event sent to agent      a2 obligation(makeReading(3, 9), 1604, reduce_400(a2))
Obligation [agent=a3, obligation=null, sanction=null, deadline=null, time=null, clock=null] 2013-06-11 11:55:48.94 - 2013-06-11 11:56:19.698
Event sent to agent      a3 obligation(makeReading(8, 6), 1604, reduce_400(a3))
agent obligation notification a3 number 5
Organization notifies agent (write): Obligation [agent=a3, obligation=[makeReading(3, 9)], sanction=[reduce_400(a3)], deadline=1604, time=2013-06-11 11:56:20.109, clock=0]
Obligation [agent=a3, obligation=null, sanction=null, deadline=null, time=null, clock=null] 2013-06-11 11:56:19.698 - 2013-06-11 11:56:20.107
Event sent to agent      a3 obligation(makeReading(16, 6), 1604, reduce_400(a3))
agent obligation notification a3 number 6
Obligation [agent=a3, obligation=null, sanction=null, deadline=null, time=null, clock=null] 2013-06-11 11:56:20.107 - 2013-06-11 11:56:20.317
Event sent to agent      a3 obligation(makeReading(3, 9), 1604, reduce_400(a3))
