test2.
Service Registrar: 86723201-c216-48c0-b667-f786bee55a9e
Java Space found.
TransactionManager found.
-------------------------last log tuples start--------------------------------
Obligation [agent=a1, obligation=[makeReading(8, 6)], sanction=[reduce_400(a1)], deadline=50, time=2013-06-06 14:42:32.309, clock=0]
Obligation [agent=a1, obligation=[makeReading(16, 6)], sanction=[reduce_400(a1)], deadline=50, time=2013-06-06 14:42:32.928, clock=0]
Obligation [agent=a1, obligation=[makeReading(3, 9)], sanction=[reduce_400(a1)], deadline=50, time=2013-06-06 14:42:33.955, clock=0]
Obligation [agent=a2, obligation=[makeReading(8, 6)], sanction=[reduce_400(a2)], deadline=50, time=2013-06-06 14:42:35.186, clock=0]
Obligation [agent=a2, obligation=[makeReading(16, 6)], sanction=[reduce_400(a2)], deadline=50, time=2013-06-06 14:42:35.801, clock=0]
Obligation [agent=a2, obligation=[makeReading(3, 9)], sanction=[reduce_400(a2)], deadline=50, time=2013-06-06 14:42:37.024, clock=0]
Obligation [agent=a3, obligation=[makeReading(8, 6)], sanction=[reduce_400(a3)], deadline=50, time=2013-06-06 14:42:38.046, clock=0]
Obligation [agent=a3, obligation=[makeReading(16, 6)], sanction=[reduce_400(a3)], deadline=50, time=2013-06-06 14:42:39.276, clock=0]
Obligation [agent=a3, obligation=[makeReading(3, 9)], sanction=[reduce_400(a3)], deadline=50, time=2013-06-06 14:42:40.506, clock=0]
Cargo [id=null, cell=Cell [x=19, y=19], time=2013-06-06 14:42:29.097, clock=0]
Prohibition [agent=t1, prohibition=[at(5, 5, t1)], sanction=[reduce_300(t1)], clock=0, time=2013-06-06 14:42:40.508]
Position [agent=a2, id=null, cell=Cell [x=7, y=19], time=2013-06-06 14:42:29.081, clock=0]
Prohibition [agent=t1, prohibition=[at(5, 6, t1)], sanction=[reduce_300(t1)], clock=0, time=2013-06-06 14:42:40.51]
Prohibition [agent=t1, prohibition=[at(6, 5, t1)], sanction=[reduce_300(t1)], clock=0, time=2013-06-06 14:42:40.511]
Position [agent=t1, id=null, cell=Cell [x=18, y=19], time=2013-06-06 14:42:29.456, clock=0]
Prohibition [agent=t1, prohibition=[at(6, 6, t1)], sanction=[reduce_300(t1)], clock=0, time=2013-06-06 14:42:40.513]
Prohibition [agent=c1, prohibition=[coin(5, 5, a1)], sanction=[reduce_300(c1)], clock=0, time=2013-06-06 14:42:41.761]
Prohibition [agent=c1, prohibition=[coin(5, 6, a1)], sanction=[reduce_300(c1)], clock=0, time=2013-06-06 14:42:41.763]
Position [agent=a1, id=null, cell=Cell [x=3, y=4], time=2013-06-06 14:42:30.002, clock=0]
Prohibition [agent=c1, prohibition=[coin(6, 5, a1)], sanction=[reduce_300(c1)], clock=0, time=2013-06-06 14:42:41.765]
Prohibition [agent=c1, prohibition=[coin(6, 6, a1)], sanction=[reduce_300(c1)], clock=0, time=2013-06-06 14:42:41.767]
Position [agent=a1, id=null, cell=Cell [x=3, y=4], time=2013-06-06 14:42:30.003, clock=0]
Prohibition [agent=c1, prohibition=[coin(5, 5, a2)], sanction=[reduce_300(c1)], clock=0, time=2013-06-06 14:42:41.769]
Prohibition [agent=c1, prohibition=[coin(5, 6, a2)], sanction=[reduce_300(c1)], clock=0, time=2013-06-06 14:42:41.77]
Position [agent=a3, id=null, cell=Cell [x=11, y=2], time=2013-06-06 14:42:30.318, clock=0]
Prohibition [agent=c1, prohibition=[coin(6, 5, a2)], sanction=[reduce_300(c1)], clock=0, time=2013-06-06 14:42:41.773]
Prohibition [agent=c1, prohibition=[coin(6, 6, a2)], sanction=[reduce_300(c1)], clock=0, time=2013-06-06 14:42:41.776]
Position [agent=t1, id=null, cell=Cell [x=17, y=19], time=2013-06-06 14:42:30.62, clock=0]
Position [agent=a2, id=null, cell=Cell [x=6, y=19], time=2013-06-06 14:42:30.779, clock=0]
Prohibition [agent=c1, prohibition=[coin(5, 5, a3)], sanction=[reduce_300(c1)], clock=0, time=2013-06-06 14:42:41.78]
Position [agent=a3, id=null, cell=Cell [x=11, y=3], time=2013-06-06 14:42:31.167, clock=0]
Prohibition [agent=c1, prohibition=[coin(5, 6, a3)], sanction=[reduce_300(c1)], clock=0, time=2013-06-06 14:42:41.782]
Position [agent=a2, id=null, cell=Cell [x=5, y=19], time=2013-06-06 14:42:31.605, clock=0]
Prohibition [agent=c1, prohibition=[coin(6, 5, a3)], sanction=[reduce_300(c1)], clock=0, time=2013-06-06 14:42:41.783]
Prohibition [agent=c1, prohibition=[coin(6, 6, a3)], sanction=[reduce_300(c1)], clock=0, time=2013-06-06 14:42:41.785]
Position [agent=t1, id=null, cell=Cell [x=16, y=19], time=2013-06-06 14:42:32.007, clock=0]
Prohibition [agent=a1, prohibition=[at(5, 5, a1)], sanction=[reduce_300(a1)], clock=0, time=2013-06-06 14:42:45.641]
Position [agent=a1, id=null, cell=Cell [x=3, y=5], time=2013-06-06 14:42:32.343, clock=0]
Prohibition [agent=a1, prohibition=[at(5, 6, a1)], sanction=[reduce_300(a1)], clock=0, time=2013-06-06 14:42:45.643]
Prohibition [agent=a1, prohibition=[at(6, 5, a1)], sanction=[reduce_300(a1)], clock=0, time=2013-06-06 14:42:45.645]
Prohibition [agent=a1, prohibition=[at(6, 6, a1)], sanction=[reduce_300(a1)], clock=0, time=2013-06-06 14:42:45.647]
Position [agent=a1, id=null, cell=Cell [x=3, y=5], time=2013-06-06 14:42:32.346, clock=0]
Prohibition [agent=a2, prohibition=[at(5, 5, a2)], sanction=[reduce_300(a2)], clock=0, time=2013-06-06 14:42:45.648]
Position [agent=a3, id=null, cell=Cell [x=11, y=4], time=2013-06-06 14:42:32.5, clock=0]
Prohibition [agent=a2, prohibition=[at(5, 6, a2)], sanction=[reduce_300(a2)], clock=0, time=2013-06-06 14:42:45.65]
Prohibition [agent=a2, prohibition=[at(6, 5, a2)], sanction=[reduce_300(a2)], clock=0, time=2013-06-06 14:42:45.652]
Prohibition [agent=a2, prohibition=[at(6, 6, a2)], sanction=[reduce_300(a2)], clock=0, time=2013-06-06 14:42:45.655]
Prohibition [agent=a3, prohibition=[at(5, 5, a3)], sanction=[reduce_300(a3)], clock=0, time=2013-06-06 14:42:45.657]
Prohibition [agent=a3, prohibition=[at(5, 6, a3)], sanction=[reduce_300(a3)], clock=0, time=2013-06-06 14:42:45.658]
Position [agent=a2, id=null, cell=Cell [x=4, y=19], time=2013-06-06 14:42:32.881, clock=0]
Prohibition [agent=a3, prohibition=[at(6, 5, a3)], sanction=[reduce_300(a3)], clock=0, time=2013-06-06 14:42:45.66]
Position [agent=t1, id=null, cell=Cell [x=15, y=19], time=2013-06-06 14:42:33.004, clock=0]
Position [agent=a3, id=null, cell=Cell [x=11, y=5], time=2013-06-06 14:42:33.294, clock=0]
Prohibition [agent=a3, prohibition=[at(6, 6, a3)], sanction=[reduce_300(a3)], clock=0, time=2013-06-06 14:42:45.661]
Position [agent=t1, id=null, cell=Cell [x=14, y=19], time=2013-06-06 14:42:33.67, clock=0]
Position [agent=a2, id=null, cell=Cell [x=3, y=19], time=2013-06-06 14:42:33.9, clock=0]
Position [agent=t1, id=null, cell=Cell [x=13, y=19], time=2013-06-06 14:42:34.281, clock=0]
Position [agent=a3, id=null, cell=Cell [x=11, y=6], time=2013-06-06 14:42:34.513, clock=0]
Position [agent=a1, id=null, cell=Cell [x=4, y=5], time=2013-06-06 14:42:34.87, clock=0]
Position [agent=a1, id=null, cell=Cell [x=3, y=6], time=2013-06-06 14:42:34.871, clock=0]
Position [agent=t1, id=null, cell=Cell [x=12, y=19], time=2013-06-06 14:42:35.097, clock=0]
Position [agent=a2, id=null, cell=Cell [x=3, y=18], time=2013-06-06 14:42:35.329, clock=0]
Position [agent=a3, id=null, cell=Cell [x=11, y=7], time=2013-06-06 14:42:35.586, clock=0]
Position [agent=a3, id=null, cell=Cell [x=11, y=8], time=2013-06-06 14:42:36.133, clock=0]
Position [agent=a1, id=null, cell=Cell [x=4, y=6], time=2013-06-06 14:42:36.468, clock=0]
Position [agent=a1, id=null, cell=Cell [x=3, y=7], time=2013-06-06 14:42:36.47, clock=0]
Position [agent=a2, id=null, cell=Cell [x=3, y=17], time=2013-06-06 14:42:36.697, clock=0]
Position [agent=t1, id=null, cell=Cell [x=11, y=19], time=2013-06-06 14:42:36.933, clock=0]
Position [agent=a3, id=null, cell=Cell [x=11, y=9], time=2013-06-06 14:42:37.096, clock=0]
Position [agent=a2, id=null, cell=Cell [x=3, y=16], time=2013-06-06 14:42:37.366, clock=0]
Position [agent=a3, id=null, cell=Cell [x=11, y=10], time=2013-06-06 14:42:37.748, clock=0]
Position [agent=t1, id=null, cell=Cell [x=10, y=19], time=2013-06-06 14:42:37.968, clock=0]
Position [agent=a3, id=null, cell=Cell [x=11, y=11], time=2013-06-06 14:42:38.359, clock=0]
Position [agent=a2, id=null, cell=Cell [x=3, y=15], time=2013-06-06 14:42:38.584, clock=0]
Position [agent=a1, id=null, cell=Cell [x=4, y=7], time=2013-06-06 14:42:38.895, clock=0]
Position [agent=a1, id=null, cell=Cell [x=3, y=8], time=2013-06-06 14:42:38.897, clock=0]
Position [agent=a3, id=null, cell=Cell [x=11, y=12], time=2013-06-06 14:42:39.18, clock=0]
Position [agent=t1, id=null, cell=Cell [x=9, y=19], time=2013-06-06 14:42:39.339, clock=0]
Position [agent=a2, id=null, cell=Cell [x=3, y=14], time=2013-06-06 14:42:39.792, clock=0]
Position [agent=a1, id=null, cell=Cell [x=4, y=8], time=2013-06-06 14:42:40.105, clock=0]
Position [agent=a1, id=null, cell=Cell [x=3, y=9], time=2013-06-06 14:42:40.107, clock=0]
Position [agent=t1, id=null, cell=Cell [x=8, y=19], time=2013-06-06 14:42:40.385, clock=0]
Position [agent=a3, id=null, cell=Cell [x=11, y=13], time=2013-06-06 14:42:40.554, clock=0]
Position [agent=a2, id=null, cell=Cell [x=3, y=13], time=2013-06-06 14:42:41.024, clock=0]
Position [agent=a1, id=null, cell=Cell [x=4, y=9], time=2013-06-06 14:42:41.312, clock=0]
Position [agent=a1, id=null, cell=Cell [x=3, y=10], time=2013-06-06 14:42:41.314, clock=0]
Position [agent=a3, id=null, cell=Cell [x=11, y=14], time=2013-06-06 14:42:41.615, clock=0]
Position [agent=t1, id=null, cell=Cell [x=7, y=19], time=2013-06-06 14:42:41.756, clock=0]
Position [agent=a2, id=null, cell=Cell [x=3, y=12], time=2013-06-06 14:42:42.339, clock=0]
Position [agent=a1, id=null, cell=Cell [x=4, y=10], time=2013-06-06 14:42:42.676, clock=0]
Position [agent=a1, id=null, cell=Cell [x=4, y=10], time=2013-06-06 14:42:42.678, clock=0]
Position [agent=t1, id=null, cell=Cell [x=6, y=19], time=2013-06-06 14:42:42.893, clock=0]
Position [agent=a3, id=null, cell=Cell [x=11, y=15], time=2013-06-06 14:42:43.06, clock=0]
Position [agent=t1, id=null, cell=Cell [x=5, y=19], time=2013-06-06 14:42:44.149, clock=0]
Position [agent=t1, id=null, cell=Cell [x=4, y=19], time=2013-06-06 14:42:45.544, clock=0]
Position [agent=a3, id=null, cell=Cell [x=10, y=14], time=2013-06-06 14:42:45.919, clock=0]
Position [agent=a3, id=null, cell=Cell [x=12, y=15], time=2013-06-06 14:42:45.958, clock=0]
Position [agent=a3, id=null, cell=Cell [x=10, y=15], time=2013-06-06 14:42:45.998, clock=0]
Position [agent=a3, id=null, cell=Cell [x=11, y=16], time=2013-06-06 14:42:45.999, clock=0]
Position [agent=a1, id=null, cell=Cell [x=3, y=9], time=2013-06-06 14:42:46.194, clock=0]
Position [agent=a1, id=null, cell=Cell [x=5, y=10], time=2013-06-06 14:42:46.273, clock=0]
Position [agent=a1, id=null, cell=Cell [x=5, y=10], time=2013-06-06 14:42:46.361, clock=0]
Position [agent=a1, id=null, cell=Cell [x=5, y=10], time=2013-06-06 14:42:46.362, clock=0]
Position [agent=a1, id=null, cell=Cell [x=5, y=10], time=2013-06-06 14:42:46.364, clock=0]
Position [agent=t1, id=null, cell=Cell [x=3, y=19], time=2013-06-06 14:42:46.796, clock=0]
Position [agent=t1, id=null, cell=Cell [x=2, y=19], time=2013-06-06 14:42:47.323, clock=0]
Position [agent=a2, id=null, cell=Cell [x=3, y=11], time=2013-06-06 14:42:47.891, clock=0]
Position [agent=a2, id=null, cell=Cell [x=4, y=12], time=2013-06-06 14:42:47.932, clock=0]
Position [agent=a2, id=null, cell=Cell [x=3, y=11], time=2013-06-06 14:42:47.933, clock=0]
Position [agent=a2, id=null, cell=Cell [x=4, y=12], time=2013-06-06 14:42:47.973, clock=0]
Position [agent=t1, id=null, cell=Cell [x=2, y=18], time=2013-06-06 14:42:48.555, clock=0]
Position [agent=t1, id=null, cell=Cell [x=2, y=17], time=2013-06-06 14:42:49.082, clock=0]
Position [agent=a3, id=null, cell=Cell [x=11, y=15], time=2013-06-06 14:42:49.267, clock=0]
Position [agent=a3, id=null, cell=Cell [x=12, y=16], time=2013-06-06 14:42:49.308, clock=0]
Position [agent=a3, id=null, cell=Cell [x=10, y=16], time=2013-06-06 14:42:49.348, clock=0]
Position [agent=a3, id=null, cell=Cell [x=11, y=17], time=2013-06-06 14:42:49.349, clock=0]
Position [agent=t1, id=null, cell=Cell [x=2, y=16], time=2013-06-06 14:42:50.325, clock=0]
Position [agent=t1, id=null, cell=Cell [x=2, y=15], time=2013-06-06 14:42:50.849, clock=0]
Position [agent=a1, id=null, cell=Cell [x=4, y=10], time=2013-06-06 14:42:51.068, clock=0]
Position [agent=a1, id=null, cell=Cell [x=6, y=10], time=2013-06-06 14:42:51.124, clock=0]
Position [agent=a1, id=null, cell=Cell [x=6, y=10], time=2013-06-06 14:42:51.199, clock=0]
Position [agent=a1, id=null, cell=Cell [x=5, y=9], time=2013-06-06 14:42:51.2, clock=0]
Position [agent=a1, id=null, cell=Cell [x=6, y=10], time=2013-06-06 14:42:51.201, clock=0]
Position [agent=t1, id=null, cell=Cell [x=2, y=14], time=2013-06-06 14:42:52.119, clock=0]
Position [agent=t1, id=null, cell=Cell [x=2, y=13], time=2013-06-06 14:42:52.649, clock=0]
Position [agent=a3, id=null, cell=Cell [x=11, y=16], time=2013-06-06 14:42:52.86, clock=0]
Position [agent=a3, id=null, cell=Cell [x=12, y=17], time=2013-06-06 14:42:52.901, clock=0]
Position [agent=a3, id=null, cell=Cell [x=10, y=17], time=2013-06-06 14:42:52.943, clock=0]
Position [agent=a3, id=null, cell=Cell [x=11, y=18], time=2013-06-06 14:42:52.944, clock=0]
Position [agent=t1, id=null, cell=Cell [x=2, y=12], time=2013-06-06 14:42:53.866, clock=0]
Position [agent=a2, id=null, cell=Cell [x=3, y=10], time=2013-06-06 14:42:54.645, clock=0]
Position [agent=a2, id=null, cell=Cell [x=5, y=12], time=2013-06-06 14:42:54.684, clock=0]
Position [agent=a2, id=null, cell=Cell [x=3, y=12], time=2013-06-06 14:42:54.686, clock=0]
Position [agent=a2, id=null, cell=Cell [x=5, y=12], time=2013-06-06 14:42:54.723, clock=0]
Position [agent=a1, id=null, cell=Cell [x=5, y=10], time=2013-06-06 14:42:55.101, clock=0]
Position [agent=a1, id=null, cell=Cell [x=7, y=10], time=2013-06-06 14:42:55.157, clock=0]
Position [agent=a1, id=null, cell=Cell [x=7, y=10], time=2013-06-06 14:42:55.222, clock=0]
Position [agent=a1, id=null, cell=Cell [x=5, y=10], time=2013-06-06 14:42:55.223, clock=0]
Position [agent=a1, id=null, cell=Cell [x=7, y=10], time=2013-06-06 14:42:55.224, clock=0]
Position [agent=t1, id=null, cell=Cell [x=2, y=11], time=2013-06-06 14:42:55.42, clock=0]
Position [agent=a3, id=null, cell=Cell [x=11, y=17], time=2013-06-06 14:42:56.091, clock=0]
Position [agent=a3, id=null, cell=Cell [x=12, y=18], time=2013-06-06 14:42:56.133, clock=0]
Position [agent=a3, id=null, cell=Cell [x=10, y=18], time=2013-06-06 14:42:56.173, clock=0]
Position [agent=a3, id=null, cell=Cell [x=11, y=19], time=2013-06-06 14:42:56.174, clock=0]
Position [agent=t1, id=null, cell=Cell [x=2, y=10], time=2013-06-06 14:42:56.745, clock=0]
Position [agent=t1, id=null, cell=Cell [x=2, y=9], time=2013-06-06 14:42:58.182, clock=0]
Position [agent=a1, id=null, cell=Cell [x=6, y=10], time=2013-06-06 14:42:58.585, clock=0]
Position [agent=a1, id=null, cell=Cell [x=8, y=10], time=2013-06-06 14:42:58.646, clock=0]
Position [agent=a1, id=null, cell=Cell [x=8, y=10], time=2013-06-06 14:42:58.704, clock=0]
Position [agent=a1, id=null, cell=Cell [x=6, y=10], time=2013-06-06 14:42:58.706, clock=0]
Position [agent=a1, id=null, cell=Cell [x=8, y=10], time=2013-06-06 14:42:58.707, clock=0]
Position [agent=a2, id=null, cell=Cell [x=3, y=11], time=2013-06-06 14:42:58.96, clock=0]
Position [agent=a2, id=null, cell=Cell [x=6, y=12], time=2013-06-06 14:42:59.001, clock=0]
Position [agent=a2, id=null, cell=Cell [x=4, y=12], time=2013-06-06 14:42:59.003, clock=0]
Position [agent=a2, id=null, cell=Cell [x=6, y=12], time=2013-06-06 14:42:59.048, clock=0]
Position [agent=a3, id=null, cell=Cell [x=11, y=18], time=2013-06-06 14:42:59.376, clock=0]
Position [agent=a3, id=null, cell=Cell [x=12, y=19], time=2013-06-06 14:42:59.412, clock=0]
Position [agent=a3, id=null, cell=Cell [x=10, y=19], time=2013-06-06 14:42:59.449, clock=0]
Position [agent=a3, id=null, cell=Cell [x=12, y=19], time=2013-06-06 14:42:59.45, clock=0]
Position [agent=t1, id=null, cell=Cell [x=2, y=8], time=2013-06-06 14:42:59.632, clock=0]
Position [agent=t1, id=null, cell=Cell [x=2, y=7], time=2013-06-06 14:43:01.05, clock=0]
Position [agent=a1, id=null, cell=Cell [x=7, y=10], time=2013-06-06 14:43:02.094, clock=0]
Position [agent=a1, id=null, cell=Cell [x=9, y=10], time=2013-06-06 14:43:02.149, clock=0]
Position [agent=a1, id=null, cell=Cell [x=8, y=9], time=2013-06-06 14:43:02.231, clock=0]
Position [agent=a1, id=null, cell=Cell [x=7, y=10], time=2013-06-06 14:43:02.233, clock=0]
Position [agent=a1, id=null, cell=Cell [x=9, y=10], time=2013-06-06 14:43:02.234, clock=0]
Position [agent=a3, id=null, cell=Cell [x=11, y=19], time=2013-06-06 14:43:02.318, clock=0]
Position [agent=a3, id=null, cell=Cell [x=13, y=19], time=2013-06-06 14:43:02.417, clock=0]
Position [agent=a3, id=null, cell=Cell [x=11, y=19], time=2013-06-06 14:43:02.478, clock=0]
Position [agent=a3, id=null, cell=Cell [x=13, y=19], time=2013-06-06 14:43:02.479, clock=0]
Position [agent=t1, id=null, cell=Cell [x=2, y=6], time=2013-06-06 14:43:02.619, clock=0]
Position [agent=t1, id=null, cell=Cell [x=2, y=5], time=2013-06-06 14:43:03.527, clock=0]
Position [agent=t1, id=null, cell=Cell [x=2, y=4], time=2013-06-06 14:43:04.147, clock=0]
Position [agent=a2, id=null, cell=Cell [x=3, y=12], time=2013-06-06 14:43:04.711, clock=0]
Position [agent=a2, id=null, cell=Cell [x=7, y=12], time=2013-06-06 14:43:04.749, clock=0]
Position [agent=a2, id=null, cell=Cell [x=5, y=12], time=2013-06-06 14:43:04.75, clock=0]
Position [agent=a2, id=null, cell=Cell [x=7, y=12], time=2013-06-06 14:43:04.788, clock=0]
Position [agent=t1, id=null, cell=Cell [x=2, y=3], time=2013-06-06 14:43:05.162, clock=0]
Position [agent=t1, id=null, cell=Cell [x=2, y=2], time=2013-06-06 14:43:05.817, clock=0]
Position [agent=a3, id=null, cell=Cell [x=12, y=19], time=2013-06-06 14:43:05.977, clock=0]
Position [agent=a3, id=null, cell=Cell [x=14, y=19], time=2013-06-06 14:43:06.039, clock=0]
Position [agent=a3, id=null, cell=Cell [x=12, y=19], time=2013-06-06 14:43:06.08, clock=0]
Position [agent=a3, id=null, cell=Cell [x=14, y=19], time=2013-06-06 14:43:06.081, clock=0]
Position [agent=a1, id=null, cell=Cell [x=8, y=10], time=2013-06-06 14:43:06.382, clock=0]
Position [agent=a1, id=null, cell=Cell [x=10, y=10], time=2013-06-06 14:43:06.44, clock=0]
Position [agent=a1, id=null, cell=Cell [x=8, y=10], time=2013-06-06 14:43:06.497, clock=0]
Position [agent=a1, id=null, cell=Cell [x=8, y=10], time=2013-06-06 14:43:06.498, clock=0]
Position [agent=a1, id=null, cell=Cell [x=10, y=10], time=2013-06-06 14:43:06.499, clock=0]
Position [agent=a2, id=null, cell=Cell [x=4, y=12], time=2013-06-06 14:43:07.985, clock=0]
Position [agent=a2, id=null, cell=Cell [x=8, y=12], time=2013-06-06 14:43:08.024, clock=0]
Position [agent=a2, id=null, cell=Cell [x=6, y=12], time=2013-06-06 14:43:08.026, clock=0]
Position [agent=a2, id=null, cell=Cell [x=8, y=12], time=2013-06-06 14:43:08.068, clock=0]
Position [agent=a1, id=null, cell=Cell [x=9, y=10], time=2013-06-06 14:43:08.839, clock=0]
Position [agent=a1, id=null, cell=Cell [x=11, y=10], time=2013-06-06 14:43:08.892, clock=0]
Position [agent=a1, id=null, cell=Cell [x=9, y=10], time=2013-06-06 14:43:08.947, clock=0]
Position [agent=a1, id=null, cell=Cell [x=9, y=10], time=2013-06-06 14:43:08.948, clock=0]
Position [agent=a3, id=null, cell=Cell [x=13, y=19], time=2013-06-06 14:43:09.84, clock=0]
Position [agent=a3, id=null, cell=Cell [x=15, y=19], time=2013-06-06 14:43:09.876, clock=0]
Position [agent=a3, id=null, cell=Cell [x=13, y=19], time=2013-06-06 14:43:09.912, clock=0]
Position [agent=a3, id=null, cell=Cell [x=15, y=19], time=2013-06-06 14:43:09.913, clock=0]
Position [agent=a2, id=null, cell=Cell [x=5, y=12], time=2013-06-06 14:43:10.943, clock=0]
Position [agent=a2, id=null, cell=Cell [x=9, y=12], time=2013-06-06 14:43:10.98, clock=0]
Position [agent=a2, id=null, cell=Cell [x=7, y=12], time=2013-06-06 14:43:10.982, clock=0]
Position [agent=a2, id=null, cell=Cell [x=8, y=11], time=2013-06-06 14:43:11.021, clock=0]
Position [agent=a1, id=null, cell=Cell [x=10, y=10], time=2013-06-06 14:43:11.404, clock=0]
Position [agent=a1, id=null, cell=Cell [x=10, y=10], time=2013-06-06 14:43:11.463, clock=0]
Position [agent=a1, id=null, cell=Cell [x=8, y=10], time=2013-06-06 14:43:11.523, clock=0]
Position [agent=a1, id=null, cell=Cell [x=8, y=10], time=2013-06-06 14:43:11.524, clock=0]
Position [agent=a3, id=null, cell=Cell [x=14, y=19], time=2013-06-06 14:43:13.53, clock=0]
Position [agent=a3, id=null, cell=Cell [x=16, y=19], time=2013-06-06 14:43:13.57, clock=0]
Position [agent=a3, id=null, cell=Cell [x=14, y=19], time=2013-06-06 14:43:13.61, clock=0]
Position [agent=a3, id=null, cell=Cell [x=16, y=19], time=2013-06-06 14:43:13.611, clock=0]
Position [agent=a1, id=null, cell=Cell [x=9, y=10], time=2013-06-06 14:43:13.984, clock=0]
Position [agent=a1, id=null, cell=Cell [x=9, y=10], time=2013-06-06 14:43:14.059, clock=0]
Position [agent=a1, id=null, cell=Cell [x=8, y=9], time=2013-06-06 14:43:14.124, clock=0]
Position [agent=a1, id=null, cell=Cell [x=7, y=10], time=2013-06-06 14:43:14.126, clock=0]
Position [agent=a2, id=null, cell=Cell [x=6, y=12], time=2013-06-06 14:43:16.29, clock=0]
Position [agent=a2, id=null, cell=Cell [x=9, y=11], time=2013-06-06 14:43:16.332, clock=0]
Position [agent=a2, id=null, cell=Cell [x=7, y=11], time=2013-06-06 14:43:16.334, clock=0]
Position [agent=a2, id=null, cell=Cell [x=8, y=10], time=2013-06-06 14:43:16.372, clock=0]
Position [agent=a3, id=null, cell=Cell [x=15, y=19], time=2013-06-06 14:43:16.514, clock=0]
Position [agent=a3, id=null, cell=Cell [x=16, y=18], time=2013-06-06 14:43:16.553, clock=0]
Position [agent=a3, id=null, cell=Cell [x=15, y=19], time=2013-06-06 14:43:16.587, clock=0]
Position [agent=a3, id=null, cell=Cell [x=17, y=19], time=2013-06-06 14:43:16.588, clock=0]
Position [agent=a1, id=null, cell=Cell [x=8, y=10], time=2013-06-06 14:43:16.768, clock=0]
Position [agent=a1, id=null, cell=Cell [x=8, y=10], time=2013-06-06 14:43:16.822, clock=0]
Position [agent=a1, id=null, cell=Cell [x=8, y=10], time=2013-06-06 14:43:16.871, clock=0]
Position [agent=a1, id=null, cell=Cell [x=6, y=10], time=2013-06-06 14:43:16.872, clock=0]
Position [agent=a3, id=null, cell=Cell [x=15, y=18], time=2013-06-06 14:43:18.852, clock=0]
Position [agent=a3, id=null, cell=Cell [x=16, y=19], time=2013-06-06 14:43:18.891, clock=0]
Position [agent=a3, id=null, cell=Cell [x=16, y=19], time=2013-06-06 14:43:18.924, clock=0]
Position [agent=a3, id=null, cell=Cell [x=18, y=19], time=2013-06-06 14:43:18.925, clock=0]
Position [agent=a1, id=null, cell=Cell [x=7, y=10], time=2013-06-06 14:43:19.739, clock=0]
Position [agent=a1, id=null, cell=Cell [x=7, y=10], time=2013-06-06 14:43:19.789, clock=0]
Position [agent=a1, id=null, cell=Cell [x=7, y=10], time=2013-06-06 14:43:19.838, clock=0]
Position [agent=a1, id=null, cell=Cell [x=5, y=10], time=2013-06-06 14:43:19.839, clock=0]
Position [agent=a2, id=null, cell=Cell [x=6, y=11], time=2013-06-06 14:43:21.013, clock=0]
Position [agent=a2, id=null, cell=Cell [x=9, y=10], time=2013-06-06 14:43:21.052, clock=0]
Position [agent=a2, id=null, cell=Cell [x=7, y=10], time=2013-06-06 14:43:21.054, clock=0]
Position [agent=a2, id=null, cell=Cell [x=8, y=9], time=2013-06-06 14:43:21.089, clock=0]
Position [agent=a3, id=null, cell=Cell [x=15, y=19], time=2013-06-06 14:43:21.438, clock=0]
Position [agent=a3, id=null, cell=Cell [x=17, y=19], time=2013-06-06 14:43:21.474, clock=0]
Position [agent=a3, id=null, cell=Cell [x=17, y=19], time=2013-06-06 14:43:21.512, clock=0]
Position [agent=a3, id=null, cell=Cell [x=19, y=19], time=2013-06-06 14:43:21.513, clock=0]
Position [agent=a1, id=null, cell=Cell [x=6, y=10], time=2013-06-06 14:43:22.632, clock=0]
Position [agent=a1, id=null, cell=Cell [x=6, y=10], time=2013-06-06 14:43:22.692, clock=0]
Position [agent=a1, id=null, cell=Cell [x=6, y=10], time=2013-06-06 14:43:22.763, clock=0]
Position [agent=a1, id=null, cell=Cell [x=5, y=9], time=2013-06-06 14:43:22.764, clock=0]
Position [agent=a3, id=null, cell=Cell [x=16, y=19], time=2013-06-06 14:43:23.495, clock=0]
Position [agent=a3, id=null, cell=Cell [x=18, y=19], time=2013-06-06 14:43:23.534, clock=0]
Position [agent=a3, id=null, cell=Cell [x=18, y=19], time=2013-06-06 14:43:23.567, clock=0]
Position [agent=a1, id=null, cell=Cell [x=5, y=10], time=2013-06-06 14:43:25.252, clock=0]
Position [agent=a1, id=null, cell=Cell [x=6, y=9], time=2013-06-06 14:43:25.309, clock=0]
Position [agent=a1, id=null, cell=Cell [x=6, y=9], time=2013-06-06 14:43:25.366, clock=0]
Position [agent=a1, id=null, cell=Cell [x=5, y=8], time=2013-06-06 14:43:25.367, clock=0]
Position [agent=a3, id=null, cell=Cell [x=17, y=19], time=2013-06-06 14:43:25.633, clock=0]
Position [agent=a3, id=null, cell=Cell [x=17, y=19], time=2013-06-06 14:43:25.671, clock=0]
Position [agent=a3, id=null, cell=Cell [x=17, y=19], time=2013-06-06 14:43:25.706, clock=0]
Position [agent=a2, id=null, cell=Cell [x=6, y=10], time=2013-06-06 14:43:25.829, clock=0]
Position [agent=a2, id=null, cell=Cell [x=9, y=9], time=2013-06-06 14:43:25.863, clock=0]
Position [agent=a2, id=null, cell=Cell [x=7, y=9], time=2013-06-06 14:43:25.865, clock=0]
Position [agent=a2, id=null, cell=Cell [x=8, y=8], time=2013-06-06 14:43:25.9, clock=0]
Position [agent=a1, id=null, cell=Cell [x=5, y=9], time=2013-06-06 14:43:27.694, clock=0]
Position [agent=a1, id=null, cell=Cell [x=6, y=8], time=2013-06-06 14:43:27.75, clock=0]
Position [agent=a1, id=null, cell=Cell [x=6, y=8], time=2013-06-06 14:43:27.804, clock=0]
Position [agent=a1, id=null, cell=Cell [x=5, y=7], time=2013-06-06 14:43:27.805, clock=0]
Position [agent=a2, id=null, cell=Cell [x=6, y=9], time=2013-06-06 14:43:28.47, clock=0]
Position [agent=a2, id=null, cell=Cell [x=9, y=8], time=2013-06-06 14:43:28.509, clock=0]
Position [agent=a2, id=null, cell=Cell [x=7, y=8], time=2013-06-06 14:43:28.511, clock=0]
Position [agent=a2, id=null, cell=Cell [x=8, y=7], time=2013-06-06 14:43:28.552, clock=0]
Position [agent=a3, id=null, cell=Cell [x=16, y=19], time=2013-06-06 14:43:29.11, clock=0]
Position [agent=a3, id=null, cell=Cell [x=16, y=19], time=2013-06-06 14:43:29.145, clock=0]
Position [agent=a3, id=null, cell=Cell [x=16, y=19], time=2013-06-06 14:43:29.176, clock=0]
Position [agent=a1, id=null, cell=Cell [x=6, y=9], time=2013-06-06 14:43:29.344, clock=0]
Position [agent=a1, id=null, cell=Cell [x=6, y=7], time=2013-06-06 14:43:29.399, clock=0]
Position [agent=a1, id=null, cell=Cell [x=6, y=7], time=2013-06-06 14:43:29.458, clock=0]
Position [agent=a2, id=null, cell=Cell [x=7, y=9], time=2013-06-06 14:43:31.362, clock=0]
Position [agent=a2, id=null, cell=Cell [x=9, y=7], time=2013-06-06 14:43:31.393, clock=0]
Position [agent=a2, id=null, cell=Cell [x=7, y=7], time=2013-06-06 14:43:31.395, clock=0]
Position [agent=a2, id=null, cell=Cell [x=8, y=6], time=2013-06-06 14:43:31.426, clock=0]
Position [agent=a1, id=null, cell=Cell [x=6, y=8], time=2013-06-06 14:43:32.003, clock=0]
Position [agent=a1, id=null, cell=Cell [x=5, y=7], time=2013-06-06 14:43:32.005, clock=0]
Position [agent=a1, id=null, cell=Cell [x=7, y=7], time=2013-06-06 14:43:32.056, clock=0]
Position [agent=a1, id=null, cell=Cell [x=7, y=7], time=2013-06-06 14:43:32.106, clock=0]
Position [agent=a3, id=null, cell=Cell [x=15, y=19], time=2013-06-06 14:43:32.59, clock=0]
Position [agent=a3, id=null, cell=Cell [x=16, y=18], time=2013-06-06 14:43:32.618, clock=0]
Position [agent=a3, id=null, cell=Cell [x=15, y=19], time=2013-06-06 14:43:32.651, clock=0]
Position [agent=a2, id=null, cell=Cell [x=7, y=8], time=2013-06-06 14:43:32.823, clock=0]
Position [agent=a2, id=null, cell=Cell [x=9, y=6], time=2013-06-06 14:43:32.856, clock=0]
Position [agent=a2, id=null, cell=Cell [x=7, y=6], time=2013-06-06 14:43:32.857, clock=0]
Position [agent=a2, id=null, cell=Cell [x=7, y=7], time=2013-06-06 14:43:34.253, clock=0]
Position [agent=a2, id=null, cell=Cell [x=8, y=6], time=2013-06-06 14:43:34.29, clock=0]
Position [agent=a1, id=null, cell=Cell [x=7, y=8], time=2013-06-06 14:43:34.868, clock=0]
Position [agent=a1, id=null, cell=Cell [x=6, y=7], time=2013-06-06 14:43:34.871, clock=0]
Position [agent=a1, id=null, cell=Cell [x=8, y=7], time=2013-06-06 14:43:34.919, clock=0]
Position [agent=a1, id=null, cell=Cell [x=8, y=7], time=2013-06-06 14:43:34.97, clock=0]
Position [agent=a2, id=null, cell=Cell [x=7, y=6], time=2013-06-06 14:43:35.662, clock=0]
Position [agent=a2, id=null, cell=Cell [x=8, y=7], time=2013-06-06 14:43:35.691, clock=0]
Position [agent=a2, id=null, cell=Cell [x=9, y=6], time=2013-06-06 14:43:35.721, clock=0]
Position [agent=a3, id=null, cell=Cell [x=15, y=18], time=2013-06-06 14:43:36.071, clock=0]
Position [agent=a3, id=null, cell=Cell [x=16, y=19], time=2013-06-06 14:43:36.106, clock=0]
Position [agent=a3, id=null, cell=Cell [x=14, y=19], time=2013-06-06 14:43:36.136, clock=0]
Position [agent=a1, id=null, cell=Cell [x=8, y=8], time=2013-06-06 14:43:37.527, clock=0]
Position [agent=a1, id=null, cell=Cell [x=7, y=7], time=2013-06-06 14:43:37.529, clock=0]
Position [agent=a1, id=null, cell=Cell [x=9, y=7], time=2013-06-06 14:43:37.577, clock=0]
Position [agent=a1, id=null, cell=Cell [x=8, y=6], time=2013-06-06 14:43:37.628, clock=0]
Position [agent=a2, id=null, cell=Cell [x=8, y=6], time=2013-06-06 14:43:37.776, clock=0]
Position [agent=a2, id=null, cell=Cell [x=9, y=7], time=2013-06-06 14:43:37.807, clock=0]
Position [agent=a2, id=null, cell=Cell [x=10, y=6], time=2013-06-06 14:43:37.845, clock=0]
Position [agent=a1, id=null, cell=Cell [x=9, y=8], time=2013-06-06 14:43:39.413, clock=0]
Position [agent=a1, id=null, cell=Cell [x=7, y=6], time=2013-06-06 14:43:39.416, clock=0]
Position [agent=a1, id=null, cell=Cell [x=9, y=6], time=2013-06-06 14:43:39.473, clock=0]
Position [agent=a3, id=null, cell=Cell [x=15, y=19], time=2013-06-06 14:43:39.619, clock=0]
Position [agent=a3, id=null, cell=Cell [x=15, y=19], time=2013-06-06 14:43:39.696, clock=0]
Position [agent=a3, id=null, cell=Cell [x=13, y=19], time=2013-06-06 14:43:39.757, clock=0]
Position [agent=a2, id=null, cell=Cell [x=9, y=6], time=2013-06-06 14:43:39.798, clock=0]
Position [agent=a2, id=null, cell=Cell [x=10, y=7], time=2013-06-06 14:43:39.849, clock=0]
Position [agent=a2, id=null, cell=Cell [x=11, y=6], time=2013-06-06 14:43:39.89, clock=0]
Position [agent=a3, id=null, cell=Cell [x=14, y=19], time=2013-06-06 14:43:41.416, clock=0]
Position [agent=a3, id=null, cell=Cell [x=14, y=19], time=2013-06-06 14:43:41.443, clock=0]
Position [agent=a3, id=null, cell=Cell [x=12, y=19], time=2013-06-06 14:43:41.476, clock=0]
Position [agent=a2, id=null, cell=Cell [x=10, y=6], time=2013-06-06 14:43:42.045, clock=0]
Position [agent=a2, id=null, cell=Cell [x=11, y=7], time=2013-06-06 14:43:42.079, clock=0]
Position [agent=a2, id=null, cell=Cell [x=12, y=6], time=2013-06-06 14:43:42.111, clock=0]
Position [agent=a1, id=null, cell=Cell [x=9, y=7], time=2013-06-06 14:43:42.971, clock=0]
Position [agent=a1, id=null, cell=Cell [x=8, y=6], time=2013-06-06 14:43:42.973, clock=0]
Position [agent=a1, id=null, cell=Cell [x=10, y=6], time=2013-06-06 14:43:43.02, clock=0]
Position [agent=a3, id=null, cell=Cell [x=13, y=19], time=2013-06-06 14:43:43.182, clock=0]
Position [agent=a3, id=null, cell=Cell [x=13, y=19], time=2013-06-06 14:43:43.269, clock=0]
Position [agent=a3, id=null, cell=Cell [x=11, y=19], time=2013-06-06 14:43:43.317, clock=0]
Position [agent=a2, id=null, cell=Cell [x=11, y=6], time=2013-06-06 14:43:43.95, clock=0]
Position [agent=a2, id=null, cell=Cell [x=12, y=7], time=2013-06-06 14:43:43.983, clock=0]
Position [agent=a2, id=null, cell=Cell [x=13, y=6], time=2013-06-06 14:43:44.021, clock=0]
Position [agent=a3, id=null, cell=Cell [x=12, y=19], time=2013-06-06 14:43:44.807, clock=0]
Position [agent=a3, id=null, cell=Cell [x=12, y=19], time=2013-06-06 14:43:44.842, clock=0]
Position [agent=a3, id=null, cell=Cell [x=10, y=19], time=2013-06-06 14:43:44.874, clock=0]
Position [agent=a1, id=null, cell=Cell [x=10, y=7], time=2013-06-06 14:43:45.491, clock=0]
Position [agent=a1, id=null, cell=Cell [x=9, y=6], time=2013-06-06 14:43:45.493, clock=0]
Position [agent=a1, id=null, cell=Cell [x=11, y=6], time=2013-06-06 14:43:45.54, clock=0]
Position [agent=a3, id=null, cell=Cell [x=11, y=19], time=2013-06-06 14:43:46.643, clock=0]
Position [agent=a3, id=null, cell=Cell [x=11, y=19], time=2013-06-06 14:43:46.679, clock=0]
Position [agent=a3, id=null, cell=Cell [x=9, y=19], time=2013-06-06 14:43:46.71, clock=0]
Position [agent=a1, id=null, cell=Cell [x=11, y=7], time=2013-06-06 14:43:47.348, clock=0]
Position [agent=a1, id=null, cell=Cell [x=10, y=6], time=2013-06-06 14:43:47.349, clock=0]
Position [agent=a1, id=null, cell=Cell [x=12, y=6], time=2013-06-06 14:43:47.393, clock=0]
Position [agent=a2, id=null, cell=Cell [x=12, y=6], time=2013-06-06 14:43:47.661, clock=0]
Position [agent=a2, id=null, cell=Cell [x=13, y=7], time=2013-06-06 14:43:47.693, clock=0]
Position [agent=a2, id=null, cell=Cell [x=14, y=6], time=2013-06-06 14:43:47.728, clock=0]
Position [agent=a3, id=null, cell=Cell [x=10, y=19], time=2013-06-06 14:43:48.483, clock=0]
Position [agent=a3, id=null, cell=Cell [x=10, y=19], time=2013-06-06 14:43:48.519, clock=0]
Position [agent=a3, id=null, cell=Cell [x=8, y=19], time=2013-06-06 14:43:48.556, clock=0]
Position [agent=a1, id=null, cell=Cell [x=12, y=7], time=2013-06-06 14:43:49.17, clock=0]
Position [agent=a1, id=null, cell=Cell [x=11, y=6], time=2013-06-06 14:43:49.172, clock=0]
Position [agent=a1, id=null, cell=Cell [x=13, y=6], time=2013-06-06 14:43:49.217, clock=0]
Position [agent=a3, id=null, cell=Cell [x=9, y=19], time=2013-06-06 14:43:50.315, clock=0]
Position [agent=a3, id=null, cell=Cell [x=9, y=19], time=2013-06-06 14:43:50.349, clock=0]
Position [agent=a3, id=null, cell=Cell [x=8, y=18], time=2013-06-06 14:43:50.385, clock=0]
Position [agent=a1, id=null, cell=Cell [x=13, y=7], time=2013-06-06 14:43:51.013, clock=0]
Position [agent=a1, id=null, cell=Cell [x=12, y=6], time=2013-06-06 14:43:51.014, clock=0]
Position [agent=a1, id=null, cell=Cell [x=14, y=6], time=2013-06-06 14:43:51.063, clock=0]
Position [agent=a2, id=null, cell=Cell [x=13, y=6], time=2013-06-06 14:43:51.339, clock=0]
Position [agent=a2, id=null, cell=Cell [x=14, y=7], time=2013-06-06 14:43:51.368, clock=0]
Position [agent=a2, id=null, cell=Cell [x=15, y=6], time=2013-06-06 14:43:51.402, clock=0]
Position [agent=a3, id=null, cell=Cell [x=8, y=19], time=2013-06-06 14:43:52.167, clock=0]
Position [agent=a3, id=null, cell=Cell [x=9, y=18], time=2013-06-06 14:43:52.198, clock=0]
Position [agent=a3, id=null, cell=Cell [x=8, y=17], time=2013-06-06 14:43:52.232, clock=0]
Position [agent=a1, id=null, cell=Cell [x=14, y=7], time=2013-06-06 14:43:52.85, clock=0]
Position [agent=a1, id=null, cell=Cell [x=13, y=6], time=2013-06-06 14:43:52.852, clock=0]
Position [agent=a1, id=null, cell=Cell [x=15, y=6], time=2013-06-06 14:43:52.904, clock=0]
Position [agent=a3, id=null, cell=Cell [x=8, y=18], time=2013-06-06 14:43:54.002, clock=0]
Position [agent=a3, id=null, cell=Cell [x=9, y=17], time=2013-06-06 14:43:54.039, clock=0]
Position [agent=a3, id=null, cell=Cell [x=8, y=16], time=2013-06-06 14:43:54.07, clock=0]
Position [agent=a1, id=null, cell=Cell [x=15, y=7], time=2013-06-06 14:43:54.702, clock=0]
Position [agent=a1, id=null, cell=Cell [x=14, y=6], time=2013-06-06 14:43:54.703, clock=0]
Position [agent=a1, id=null, cell=Cell [x=16, y=6], time=2013-06-06 14:43:54.747, clock=0]
Position [agent=a2, id=null, cell=Cell [x=14, y=6], time=2013-06-06 14:43:55.017, clock=0]
Position [agent=a2, id=null, cell=Cell [x=15, y=7], time=2013-06-06 14:43:55.05, clock=0]
Position [agent=a2, id=null, cell=Cell [x=16, y=6], time=2013-06-06 14:43:55.084, clock=0]
Position [agent=a3, id=null, cell=Cell [x=8, y=17], time=2013-06-06 14:43:55.84, clock=0]
Position [agent=a3, id=null, cell=Cell [x=9, y=16], time=2013-06-06 14:43:55.873, clock=0]
Position [agent=a3, id=null, cell=Cell [x=8, y=15], time=2013-06-06 14:43:55.908, clock=0]
Position [agent=a1, id=null, cell=Cell [x=16, y=7], time=2013-06-06 14:43:56.173, clock=0]
Position [agent=a1, id=null, cell=Cell [x=15, y=6], time=2013-06-06 14:43:56.175, clock=0]
Position [agent=a2, id=null, cell=Cell [x=15, y=6], time=2013-06-06 14:43:57.305, clock=0]
Position [agent=a2, id=null, cell=Cell [x=16, y=7], time=2013-06-06 14:43:57.339, clock=0]
Position [agent=a1, id=null, cell=Cell [x=15, y=7], time=2013-06-06 14:43:57.609, clock=0]
Position [agent=a1, id=null, cell=Cell [x=14, y=6], time=2013-06-06 14:43:57.61, clock=0]
Position [agent=a3, id=null, cell=Cell [x=8, y=16], time=2013-06-06 14:43:57.751, clock=0]
Position [agent=a3, id=null, cell=Cell [x=9, y=15], time=2013-06-06 14:43:57.827, clock=0]
Position [agent=a3, id=null, cell=Cell [x=8, y=14], time=2013-06-06 14:43:57.896, clock=0]
Position [agent=a1, id=null, cell=Cell [x=14, y=7], time=2013-06-06 14:43:59.022, clock=0]
Position [agent=a1, id=null, cell=Cell [x=13, y=6], time=2013-06-06 14:43:59.023, clock=0]
Position [agent=a2, id=null, cell=Cell [x=15, y=7], time=2013-06-06 14:43:59.336, clock=0]
Position [agent=a2, id=null, cell=Cell [x=16, y=8], time=2013-06-06 14:43:59.37, clock=0]
Position [agent=a3, id=null, cell=Cell [x=8, y=15], time=2013-06-06 14:43:59.743, clock=0]
Position [agent=a3, id=null, cell=Cell [x=9, y=14], time=2013-06-06 14:43:59.79, clock=0]
Position [agent=a3, id=null, cell=Cell [x=8, y=13], time=2013-06-06 14:43:59.832, clock=0]
Position [agent=a1, id=null, cell=Cell [x=13, y=7], time=2013-06-06 14:44:00.831, clock=0]
Position [agent=a1, id=null, cell=Cell [x=12, y=6], time=2013-06-06 14:44:00.832, clock=0]
Position [agent=a2, id=null, cell=Cell [x=15, y=8], time=2013-06-06 14:44:01.05, clock=0]
Position [agent=a2, id=null, cell=Cell [x=16, y=9], time=2013-06-06 14:44:01.174, clock=0]
Position [agent=a3, id=null, cell=Cell [x=8, y=14], time=2013-06-06 14:44:01.892, clock=0]
Position [agent=a3, id=null, cell=Cell [x=9, y=13], time=2013-06-06 14:44:01.927, clock=0]
Position [agent=a3, id=null, cell=Cell [x=8, y=12], time=2013-06-06 14:44:01.965, clock=0]
Position [agent=a2, id=null, cell=Cell [x=15, y=9], time=2013-06-06 14:44:02.57, clock=0]
Position [agent=a2, id=null, cell=Cell [x=15, y=9], time=2013-06-06 14:44:02.613, clock=0]
Position [agent=a1, id=null, cell=Cell [x=12, y=7], time=2013-06-06 14:44:03.606, clock=0]
Position [agent=a1, id=null, cell=Cell [x=11, y=6], time=2013-06-06 14:44:03.607, clock=0]
Position [agent=a3, id=null, cell=Cell [x=8, y=13], time=2013-06-06 14:44:03.769, clock=0]
Position [agent=a3, id=null, cell=Cell [x=9, y=12], time=2013-06-06 14:44:03.851, clock=0]
Position [agent=a3, id=null, cell=Cell [x=8, y=11], time=2013-06-06 14:44:03.957, clock=0]
Position [agent=a2, id=null, cell=Cell [x=14, y=9], time=2013-06-06 14:44:04.076, clock=0]
Position [agent=a2, id=null, cell=Cell [x=14, y=9], time=2013-06-06 14:44:04.109, clock=0]
Position [agent=a2, id=null, cell=Cell [x=13, y=9], time=2013-06-06 14:44:05.362, clock=0]
Position [agent=a2, id=null, cell=Cell [x=13, y=9], time=2013-06-06 14:44:05.398, clock=0]
Position [agent=a3, id=null, cell=Cell [x=8, y=12], time=2013-06-06 14:44:06.083, clock=0]
Position [agent=a3, id=null, cell=Cell [x=9, y=11], time=2013-06-06 14:44:06.122, clock=0]
Position [agent=a3, id=null, cell=Cell [x=8, y=10], time=2013-06-06 14:44:06.151, clock=0]
Position [agent=a1, id=null, cell=Cell [x=11, y=7], time=2013-06-06 14:44:06.411, clock=0]
Position [agent=a1, id=null, cell=Cell [x=10, y=6], time=2013-06-06 14:44:06.412, clock=0]
Position [agent=a2, id=null, cell=Cell [x=12, y=9], time=2013-06-06 14:44:06.662, clock=0]
Position [agent=a2, id=null, cell=Cell [x=12, y=9], time=2013-06-06 14:44:06.732, clock=0]
Position [agent=a1, id=null, cell=Cell [x=10, y=7], time=2013-06-06 14:44:07.945, clock=0]
Position [agent=a1, id=null, cell=Cell [x=9, y=6], time=2013-06-06 14:44:07.946, clock=0]
Position [agent=a2, id=null, cell=Cell [x=11, y=9], time=2013-06-06 14:44:08.197, clock=0]
Position [agent=a2, id=null, cell=Cell [x=11, y=9], time=2013-06-06 14:44:08.268, clock=0]
Position [agent=a1, id=null, cell=Cell [x=9, y=7], time=2013-06-06 14:44:09.494, clock=0]
Position [agent=a1, id=null, cell=Cell [x=8, y=6], time=2013-06-06 14:44:09.494, clock=0]
Position [agent=a2, id=null, cell=Cell [x=10, y=9], time=2013-06-06 14:44:09.75, clock=0]
Position [agent=a2, id=null, cell=Cell [x=10, y=9], time=2013-06-06 14:44:09.819, clock=0]
Position [agent=a3, id=null, cell=Cell [x=8, y=11], time=2013-06-06 14:44:10.689, clock=0]
Position [agent=a3, id=null, cell=Cell [x=9, y=10], time=2013-06-06 14:44:10.723, clock=0]
Position [agent=a3, id=null, cell=Cell [x=8, y=9], time=2013-06-06 14:44:10.759, clock=0]
Position [agent=a1, id=null, cell=Cell [x=8, y=7], time=2013-06-06 14:44:11.01, clock=0]
Position [agent=a1, id=null, cell=Cell [x=7, y=6], time=2013-06-06 14:44:11.011, clock=0]
Position [agent=a2, id=null, cell=Cell [x=9, y=9], time=2013-06-06 14:44:11.283, clock=0]
Position [agent=a2, id=null, cell=Cell [x=9, y=9], time=2013-06-06 14:44:11.337, clock=0]
Position [agent=a1, id=null, cell=Cell [x=7, y=7], time=2013-06-06 14:44:11.769, clock=0]
Position [agent=a2, id=null, cell=Cell [x=8, y=9], time=2013-06-06 14:44:12.61, clock=0]
Position [agent=a2, id=null, cell=Cell [x=8, y=9], time=2013-06-06 14:44:12.642, clock=0]
Position [agent=a1, id=null, cell=Cell [x=6, y=7], time=2013-06-06 14:44:13.223, clock=0]
Position [agent=a1, id=null, cell=Cell [x=7, y=8], time=2013-06-06 14:44:13.324, clock=0]
Position [agent=a2, id=null, cell=Cell [x=7, y=9], time=2013-06-06 14:44:14.183, clock=0]
Position [agent=a2, id=null, cell=Cell [x=7, y=9], time=2013-06-06 14:44:14.218, clock=0]
Position [agent=a3, id=null, cell=Cell [x=8, y=10], time=2013-06-06 14:44:14.376, clock=0]
Position [agent=a3, id=null, cell=Cell [x=9, y=9], time=2013-06-06 14:44:14.423, clock=0]
Position [agent=a3, id=null, cell=Cell [x=8, y=8], time=2013-06-06 14:44:14.465, clock=0]
Position [agent=a1, id=null, cell=Cell [x=6, y=8], time=2013-06-06 14:44:14.654, clock=0]
Position [agent=a1, id=null, cell=Cell [x=7, y=9], time=2013-06-06 14:44:14.751, clock=0]
Position [agent=a1, id=null, cell=Cell [x=6, y=9], time=2013-06-06 14:44:16.198, clock=0]
Position [agent=a1, id=null, cell=Cell [x=6, y=9], time=2013-06-06 14:44:16.291, clock=0]
Position [agent=a3, id=null, cell=Cell [x=8, y=9], time=2013-06-06 14:44:16.434, clock=0]
Position [agent=a3, id=null, cell=Cell [x=9, y=8], time=2013-06-06 14:44:16.467, clock=0]
Position [agent=a3, id=null, cell=Cell [x=8, y=7], time=2013-06-06 14:44:16.503, clock=0]
Position [agent=a2, id=null, cell=Cell [x=6, y=9], time=2013-06-06 14:44:16.64, clock=0]
Position [agent=a2, id=null, cell=Cell [x=6, y=9], time=2013-06-06 14:44:16.673, clock=0]
Position [agent=a1, id=null, cell=Cell [x=5, y=9], time=2013-06-06 14:44:17.25, clock=0]
Position [agent=a1, id=null, cell=Cell [x=5, y=9], time=2013-06-06 14:44:17.353, clock=0]
Position [agent=a2, id=null, cell=Cell [x=5, y=9], time=2013-06-06 14:44:18.088, clock=0]
Position [agent=a2, id=null, cell=Cell [x=5, y=9], time=2013-06-06 14:44:18.122, clock=0]
Position [agent=a1, id=null, cell=Cell [x=5, y=8], time=2013-06-06 14:44:18.507, clock=0]
Position [agent=a1, id=null, cell=Cell [x=4, y=9], time=2013-06-06 14:44:18.597, clock=0]
Position [agent=a2, id=null, cell=Cell [x=4, y=9], time=2013-06-06 14:44:19.355, clock=0]
Position [agent=a2, id=null, cell=Cell [x=4, y=9], time=2013-06-06 14:44:19.388, clock=0]
Position [agent=a3, id=null, cell=Cell [x=9, y=9], time=2013-06-06 14:44:19.751, clock=0]
Position [agent=a3, id=null, cell=Cell [x=9, y=7], time=2013-06-06 14:44:19.792, clock=0]
Position [agent=a3, id=null, cell=Cell [x=8, y=6], time=2013-06-06 14:44:19.83, clock=0]
Position [agent=a1, id=null, cell=Cell [x=5, y=9], time=2013-06-06 14:44:19.988, clock=0]
Position [agent=a1, id=null, cell=Cell [x=3, y=9], time=2013-06-06 14:44:20.119, clock=0]
Position [agent=a1, id=null, cell=Cell [x=4, y=9], time=2013-06-06 14:44:20.687, clock=0]
Position [agent=a2, id=null, cell=Cell [x=3, y=9], time=2013-06-06 14:44:20.941, clock=0]
Position [agent=a2, id=null, cell=Cell [x=3, y=9], time=2013-06-06 14:44:21.046, clock=0]
Position [agent=a1, id=null, cell=Cell [x=5, y=9], time=2013-06-06 14:44:21.515, clock=0]
Position [agent=a3, id=null, cell=Cell [x=9, y=8], time=2013-06-06 14:44:21.826, clock=0]
Position [agent=a3, id=null, cell=Cell [x=9, y=6], time=2013-06-06 14:44:21.94, clock=0]
Position [agent=a2, id=null, cell=Cell [x=3, y=8], time=2013-06-06 14:44:22.083, clock=0]
Position [agent=a1, id=null, cell=Cell [x=5, y=8], time=2013-06-06 14:44:22.586, clock=0]
Position [agent=a2, id=null, cell=Cell [x=3, y=7], time=2013-06-06 14:44:22.876, clock=0]
Position [agent=a1, id=null, cell=Cell [x=5, y=7], time=2013-06-06 14:44:23.352, clock=0]
-------------------------last log tuples end----------------------------------
register a1
register a2
register a3
register c1
register t1
org cargo notification
Organization notifies agent (write): Obligation [agent=a1, obligation=[makeReading(8, 6)], sanction=[reduce_400(a1)], deadline=50, time=2013-06-06 14:44:40.54, clock=0]
agent obligation notification a1 number 1
Organization notifies agent (write): Obligation [agent=a1, obligation=[makeReading(16, 6)], sanction=[reduce_400(a1)], deadline=50, time=2013-06-06 14:44:40.75, clock=0]
Obligation [agent=a1, obligation=null, sanction=null, deadline=null, time=null, clock=null] 2013-06-06 14:44:40.544
Organization notifies agent (write): Obligation [agent=a1, obligation=[makeReading(3, 9)], sanction=[reduce_400(a1)], deadline=50, time=2013-06-06 14:44:40.961, clock=0]
Organization notifies agent (write): Obligation [agent=a2, obligation=[makeReading(8, 6)], sanction=[reduce_400(a2)], deadline=50, time=2013-06-06 14:44:41.189, clock=0]
Organization notifies agent (write): Obligation [agent=a2, obligation=[makeReading(16, 6)], sanction=[reduce_400(a2)], deadline=50, time=2013-06-06 14:44:41.397, clock=0]
agent obligation notification a1 number 3
Organization notifies agent (write): Obligation [agent=a2, obligation=[makeReading(3, 9)], sanction=[reduce_400(a2)], deadline=50, time=2013-06-06 14:44:41.606, clock=0]
agent obligation notification a2 number 3
Obligation [agent=a1, obligation=null, sanction=null, deadline=null, time=null, clock=null] 2013-06-06 14:44:41.597
Obligation [agent=a2, obligation=null, sanction=null, deadline=null, time=null, clock=null] 2013-06-06 14:44:41.647
Organization notifies agent (write): Obligation [agent=a3, obligation=[makeReading(8, 6)], sanction=[reduce_400(a3)], deadline=50, time=2013-06-06 14:44:43.037, clock=0]
agent obligation notification a3 number 1
Obligation [agent=a3, obligation=null, sanction=null, deadline=null, time=null, clock=null] 2013-06-06 14:44:43.041
Organization notifies agent (write): Obligation [agent=a3, obligation=[makeReading(16, 6)], sanction=[reduce_400(a3)], deadline=50, time=2013-06-06 14:44:44.057, clock=0]
agent obligation notification a3 number 2
Obligation [agent=a3, obligation=null, sanction=null, deadline=null, time=null, clock=null] 2013-06-06 14:44:44.308
Organization notifies agent (write): Obligation [agent=a3, obligation=[makeReading(3, 9)], sanction=[reduce_400(a3)], deadline=50, time=2013-06-06 14:44:45.286, clock=0]
Organization notifies agent (write): Prohibition [agent=t1, prohibition=[at(5, 5, t1)], sanction=[reduce_300(t1)], clock=0, time=2013-06-06 14:44:45.288]
agent obligation notification a3 number 3
Organization notifies agent (write): Prohibition [agent=t1, prohibition=[at(5, 6, t1)], sanction=[reduce_300(t1)], clock=0, time=2013-06-06 14:44:45.29]
Organization notifies agent (write): Prohibition [agent=t1, prohibition=[at(6, 5, t1)], sanction=[reduce_300(t1)], clock=0, time=2013-06-06 14:44:45.292]
Organization notifies agent (write): Prohibition [agent=t1, prohibition=[at(6, 6, t1)], sanction=[reduce_300(t1)], clock=0, time=2013-06-06 14:44:45.294]
Obligation [agent=a3, obligation=null, sanction=null, deadline=null, time=null, clock=null] 2013-06-06 14:44:45.29
agent prohibition notification t1 number 4
Organization notifies agent (write): Prohibition [agent=c1, prohibition=[coin(5, 5, a1)], sanction=[reduce_300(c1)], clock=0, time=2013-06-06 14:44:45.7]
Organization notifies agent (write): Prohibition [agent=c1, prohibition=[coin(5, 6, a1)], sanction=[reduce_300(c1)], clock=0, time=2013-06-06 14:44:45.702]
Organization notifies agent (write): Prohibition [agent=c1, prohibition=[coin(6, 5, a1)], sanction=[reduce_300(c1)], clock=0, time=2013-06-06 14:44:45.704]
Organization notifies agent (write): Prohibition [agent=c1, prohibition=[coin(6, 6, a1)], sanction=[reduce_300(c1)], clock=0, time=2013-06-06 14:44:45.705]
Organization notifies agent (write): Prohibition [agent=c1, prohibition=[coin(5, 5, a2)], sanction=[reduce_300(c1)], clock=0, time=2013-06-06 14:44:45.707]
Organization notifies agent (write): Prohibition [agent=c1, prohibition=[coin(5, 6, a2)], sanction=[reduce_300(c1)], clock=0, time=2013-06-06 14:44:45.708]
Organization notifies agent (write): Prohibition [agent=c1, prohibition=[coin(6, 5, a2)], sanction=[reduce_300(c1)], clock=0, time=2013-06-06 14:44:45.71]
Organization notifies agent (write): Prohibition [agent=c1, prohibition=[coin(6, 6, a2)], sanction=[reduce_300(c1)], clock=0, time=2013-06-06 14:44:45.711]
Organization notifies agent (write): Prohibition [agent=c1, prohibition=[coin(5, 5, a3)], sanction=[reduce_300(c1)], clock=0, time=2013-06-06 14:44:45.713]
Prohibition [agent=t1, prohibition=null, sanction=null, clock=null, time=null] 2013-06-06 14:44:45.502
Organization notifies agent (write): Prohibition [agent=c1, prohibition=[coin(5, 6, a3)], sanction=[reduce_300(c1)], clock=0, time=2013-06-06 14:44:45.715]
Organization notifies agent (write): Prohibition [agent=c1, prohibition=[coin(6, 5, a3)], sanction=[reduce_300(c1)], clock=0, time=2013-06-06 14:44:45.717]
Organization notifies agent (write): Prohibition [agent=c1, prohibition=[coin(6, 6, a3)], sanction=[reduce_300(c1)], clock=0, time=2013-06-06 14:44:45.719]
agent prohibition notification c1 number 12
Prohibition [agent=c1, prohibition=null, sanction=null, clock=null, time=null] 2013-06-06 14:44:45.724
Organization notifies agent (write): Prohibition [agent=a1, prohibition=[at(5, 5, a1)], sanction=[reduce_300(a1)], clock=0, time=2013-06-06 14:44:48.348]
Organization notifies agent (write): Prohibition [agent=a1, prohibition=[at(5, 6, a1)], sanction=[reduce_300(a1)], clock=0, time=2013-06-06 14:44:48.35]
agent prohibition notification a1 number 1
Organization notifies agent (write): Prohibition [agent=a1, prohibition=[at(6, 5, a1)], sanction=[reduce_300(a1)], clock=0, time=2013-06-06 14:44:48.352]
Organization notifies agent (write): Prohibition [agent=a1, prohibition=[at(6, 6, a1)], sanction=[reduce_300(a1)], clock=0, time=2013-06-06 14:44:48.353]
Organization notifies agent (write): Prohibition [agent=a2, prohibition=[at(5, 5, a2)], sanction=[reduce_300(a2)], clock=0, time=2013-06-06 14:44:48.355]
Organization notifies agent (write): Prohibition [agent=a2, prohibition=[at(5, 6, a2)], sanction=[reduce_300(a2)], clock=0, time=2013-06-06 14:44:48.356]
Organization notifies agent (write): Prohibition [agent=a2, prohibition=[at(6, 5, a2)], sanction=[reduce_300(a2)], clock=0, time=2013-06-06 14:44:48.357]
Organization notifies agent (write): Prohibition [agent=a2, prohibition=[at(6, 6, a2)], sanction=[reduce_300(a2)], clock=0, time=2013-06-06 14:44:48.36]
Organization notifies agent (write): Prohibition [agent=a3, prohibition=[at(5, 5, a3)], sanction=[reduce_300(a3)], clock=0, time=2013-06-06 14:44:48.364]
Organization notifies agent (write): Prohibition [agent=a3, prohibition=[at(5, 6, a3)], sanction=[reduce_300(a3)], clock=0, time=2013-06-06 14:44:48.365]
Organization notifies agent (write): Prohibition [agent=a3, prohibition=[at(6, 5, a3)], sanction=[reduce_300(a3)], clock=0, time=2013-06-06 14:44:48.367]
Organization notifies agent (write): Prohibition [agent=a3, prohibition=[at(6, 6, a3)], sanction=[reduce_300(a3)], clock=0, time=2013-06-06 14:44:48.368]
Prohibition [agent=a1, prohibition=null, sanction=null, clock=null, time=null] 2013-06-06 14:44:48.351
Event sent to agent      a1 prohibition(at(6, 5, a1), reduce_300(a1))
Event sent to agent      a1 prohibition(at(6, 6, a1), reduce_300(a1))
agent prohibition notification a1 number 4
Prohibition [agent=a1, prohibition=null, sanction=null, clock=null, time=null] 2013-06-06 14:44:48.567
agent prohibition notification a2 number 4
Prohibition [agent=a2, prohibition=null, sanction=null, clock=null, time=null] 2013-06-06 14:44:48.782
agent prohibition notification a3 number 4
Prohibition [agent=a3, prohibition=null, sanction=null, clock=null, time=null] 2013-06-06 14:44:48.996
Event processed aprohibition(at(6, 5, a1), reduce_300(a1))
Event processed aprohibition(at(6, 6, a1), reduce_300(a1))
org position notification
Organization notifies agent (write): Prohibition [agent=a1, prohibition=[at(5, 5, a1)], sanction=[reduce_300(a1)], clock=0, time=2013-06-06 14:45:45.924]
agent prohibition notification a1 number 5
Prohibition [agent=a1, prohibition=null, sanction=null, clock=null, time=null] 2013-06-06 14:45:45.927
org position notification
Organization notifies agent (write): Prohibition [agent=a1, prohibition=[at(5, 5, a1)], sanction=[reduce_300(a1)], clock=0, time=2013-06-06 14:46:16.339]
agent prohibition notification a1 number 6
Prohibition [agent=a1, prohibition=null, sanction=null, clock=null, time=null] 2013-06-06 14:46:16.341
