test2.
Service Registrar: cd3a4044-12fc-4239-a9d9-b6afeec3f53d
Java Space found.
TransactionManager found.
register a1
register a2
register a3
register c1
register t1
from/for agent a3  status(position(11, 2), 0)
Agent writes: Position [agent=a3, id=null, cell=Cell [x=11, y=2], time=Tue Jun 04 11:30:25 BST 2013, clock=0]
org position notification
Cargo [id=null, cell=null, time=null, clock=null]
Coin [id=null, cell=null, agent=a1, time=null, clock=null]
from/for agent t1  cargo(position(19, 19), 0)
Agent writes: Cargo [id=null, cell=Cell [x=19, y=19], time=Tue Jun 04 11:30:26 BST 2013, clock=0]
from/for agent a2  status(position(7, 19), 0)
Agent writes: Position [agent=a2, id=null, cell=Cell [x=7, y=19], time=Tue Jun 04 11:30:26 BST 2013, clock=0]
Coin [id=null, cell=null, agent=a2, time=null, clock=null]
Coin [id=null, cell=null, agent=a3, time=null, clock=null]
from/for agent t1  status(position(18, 19), 0)
Agent writes: Position [agent=t1, id=null, cell=Cell [x=18, y=19], time=Tue Jun 04 11:30:27 BST 2013, clock=0]
from/for agent a1  status(position(3, 4), 0)
Agent writes: Position [agent=a1, id=null, cell=Cell [x=3, y=4], time=Tue Jun 04 11:30:27 BST 2013, clock=0]
from/for agent a3  status(position(11, 3), 0)
Agent writes: Position [agent=a3, id=null, cell=Cell [x=11, y=3], time=Tue Jun 04 11:30:27 BST 2013, clock=0]
from/for agent a2  status(position(6, 19), 0)
Agent writes: Position [agent=a2, id=null, cell=Cell [x=6, y=19], time=Tue Jun 04 11:30:27 BST 2013, clock=0]
from/for agent a1  status(position(3, 4), 0)
Agent writes: Position [agent=a1, id=null, cell=Cell [x=3, y=4], time=Tue Jun 04 11:30:27 BST 2013, clock=0]
Coin [id=null, cell=null, agent=a1, time=null, clock=null]
from/for agent c1  coin(position(8, 6), 0, a1)
Agent writes: Coin [id=null, cell=Cell [x=8, y=6], agent=a1, time=Tue Jun 04 11:30:28 BST 2013, clock=0]
Coin [id=null, cell=null, agent=a2, time=null, clock=null]
from/for agent c1  coin(position(16, 6), 0, a2)
Agent writes: Coin [id=null, cell=Cell [x=16, y=6], agent=a2, time=Tue Jun 04 11:30:28 BST 2013, clock=0]
from/for agent t1  status(position(17, 19), 0)
Agent writes: Position [agent=t1, id=null, cell=Cell [x=17, y=19], time=Tue Jun 04 11:30:28 BST 2013, clock=0]
from/for agent c1  coin(position(3, 9), 0, a3)
Agent writes: Coin [id=null, cell=Cell [x=3, y=9], agent=a3, time=Tue Jun 04 11:30:28 BST 2013, clock=0]
from/for agent a3  status(position(11, 4), 0)
Agent writes: Position [agent=a3, id=null, cell=Cell [x=11, y=4], time=Tue Jun 04 11:30:29 BST 2013, clock=0]
Coin [id=null, cell=null, agent=a3, time=null, clock=null]
from/for agent a2  status(position(5, 19), 0)
Agent writes: Position [agent=a2, id=null, cell=Cell [x=5, y=19], time=Tue Jun 04 11:30:29 BST 2013, clock=0]
from/for agent a2  obligation([makeReading(3, 9)], 50, [reduce_400(a2)])
Organization notifies agent (write): Obligation [agent=a2, obligation=[makeReading(3, 9)], sanction=[reduce_400(a2)], deadline=50, time=Tue Jun 04 11:30:29 BST 2013, clock=0]
Coin [id=null, cell=null, agent=a1, time=null, clock=null]
from/for agent a1  status(position(3, 5), 0)
Agent writes: Position [agent=a1, id=null, cell=Cell [x=3, y=5], time=Tue Jun 04 11:30:29 BST 2013, clock=0]
from/for agent t1  status(position(16, 19), 0)
Agent writes: Position [agent=t1, id=null, cell=Cell [x=16, y=19], time=Tue Jun 04 11:30:30 BST 2013, clock=0]
from/for agent a1  status(position(3, 5), 0)
Agent writes: Position [agent=a1, id=null, cell=Cell [x=3, y=5], time=Tue Jun 04 11:30:30 BST 2013, clock=0]
from/for agent a3  obligation([makeReading(8, 6)], 50, [reduce_400(a3)])
Organization notifies agent (write): Obligation [agent=a3, obligation=[makeReading(8, 6)], sanction=[reduce_400(a3)], deadline=50, time=Tue Jun 04 11:30:30 BST 2013, clock=0]
from/for agent a3  status(position(11, 5), 0)
Agent writes: Position [agent=a3, id=null, cell=Cell [x=11, y=5], time=Tue Jun 04 11:30:30 BST 2013, clock=0]
Coin [id=null, cell=null, agent=a2, time=null, clock=null]
from/for agent a3  obligation([makeReading(16, 6)], 50, [reduce_400(a3)])
Organization notifies agent (write): Obligation [agent=a3, obligation=[makeReading(16, 6)], sanction=[reduce_400(a3)], deadline=50, time=Tue Jun 04 11:30:30 BST 2013, clock=0]
Coin [id=null, cell=null, agent=a3, time=null, clock=null]
from/for agent a3  obligation([makeReading(3, 9)], 50, [reduce_400(a3)])
Organization notifies agent (write): Obligation [agent=a3, obligation=[makeReading(3, 9)], sanction=[reduce_400(a3)], deadline=50, time=Tue Jun 04 11:30:30 BST 2013, clock=0]
from/for agent t1  prohibition([at(5, 5, t1)], [reduce_300(t1)])
Organization notifies agent (write): Prohibition [agent=t1, prohibition=[at(5, 5, t1)], sanction=[reduce_300(t1)], clock=0, time=Tue Jun 04 11:30:30 BST 2013]
from/for agent t1  prohibition([at(5, 6, t1)], [reduce_300(t1)])
Organization notifies agent (write): Prohibition [agent=t1, prohibition=[at(5, 6, t1)], sanction=[reduce_300(t1)], clock=0, time=Tue Jun 04 11:30:30 BST 2013]
from/for agent t1  prohibition([at(6, 5, t1)], [reduce_300(t1)])
Organization notifies agent (write): Prohibition [agent=t1, prohibition=[at(6, 5, t1)], sanction=[reduce_300(t1)], clock=0, time=Tue Jun 04 11:30:30 BST 2013]
from/for agent t1  prohibition([at(6, 6, t1)], [reduce_300(t1)])
Organization notifies agent (write): Prohibition [agent=t1, prohibition=[at(6, 6, t1)], sanction=[reduce_300(t1)], clock=0, time=Tue Jun 04 11:30:30 BST 2013]
Coin [id=null, cell=null, agent=null, time=null, clock=null]
from/for agent a2  status(position(4, 19), 0)
Agent writes: Position [agent=a2, id=null, cell=Cell [x=4, y=19], time=Tue Jun 04 11:30:31 BST 2013, clock=0]
from/for agent a3  status(position(11, 6), 0)
Agent writes: Position [agent=a3, id=null, cell=Cell [x=11, y=6], time=Tue Jun 04 11:30:31 BST 2013, clock=0]
from/for agent c1  prohibition([coin(5, 5, a1)], [reduce_300(c1)])
Organization notifies agent (write): Prohibition [agent=c1, prohibition=[coin(5, 5, a1)], sanction=[reduce_300(c1)], clock=0, time=Tue Jun 04 11:30:31 BST 2013]
from/for agent t1  status(position(15, 19), 0)
Agent writes: Position [agent=t1, id=null, cell=Cell [x=15, y=19], time=Tue Jun 04 11:30:31 BST 2013, clock=0]
from/for agent c1  prohibition([coin(5, 6, a1)], [reduce_300(c1)])
Organization notifies agent (write): Prohibition [agent=c1, prohibition=[coin(5, 6, a1)], sanction=[reduce_300(c1)], clock=0, time=Tue Jun 04 11:30:31 BST 2013]
from/for agent c1  prohibition([coin(6, 5, a1)], [reduce_300(c1)])
Organization notifies agent (write): Prohibition [agent=c1, prohibition=[coin(6, 5, a1)], sanction=[reduce_300(c1)], clock=0, time=Tue Jun 04 11:30:31 BST 2013]
from/for agent c1  prohibition([coin(6, 6, a1)], [reduce_300(c1)])
Organization notifies agent (write): Prohibition [agent=c1, prohibition=[coin(6, 6, a1)], sanction=[reduce_300(c1)], clock=0, time=Tue Jun 04 11:30:31 BST 2013]
from/for agent c1  prohibition([coin(5, 5, a2)], [reduce_300(c1)])
Organization notifies agent (write): Prohibition [agent=c1, prohibition=[coin(5, 5, a2)], sanction=[reduce_300(c1)], clock=0, time=Tue Jun 04 11:30:31 BST 2013]
from/for agent c1  prohibition([coin(5, 6, a2)], [reduce_300(c1)])
Organization notifies agent (write): Prohibition [agent=c1, prohibition=[coin(5, 6, a2)], sanction=[reduce_300(c1)], clock=0, time=Tue Jun 04 11:30:31 BST 2013]
from/for agent c1  prohibition([coin(6, 5, a2)], [reduce_300(c1)])
Organization notifies agent (write): Prohibition [agent=c1, prohibition=[coin(6, 5, a2)], sanction=[reduce_300(c1)], clock=0, time=Tue Jun 04 11:30:31 BST 2013]
from/for agent c1  prohibition([coin(6, 6, a2)], [reduce_300(c1)])
Organization notifies agent (write): Prohibition [agent=c1, prohibition=[coin(6, 6, a2)], sanction=[reduce_300(c1)], clock=0, time=Tue Jun 04 11:30:31 BST 2013]
from/for agent c1  prohibition([coin(5, 5, a3)], [reduce_300(c1)])
Organization notifies agent (write): Prohibition [agent=c1, prohibition=[coin(5, 5, a3)], sanction=[reduce_300(c1)], clock=0, time=Tue Jun 04 11:30:31 BST 2013]
from/for agent c1  prohibition([coin(5, 6, a3)], [reduce_300(c1)])
Organization notifies agent (write): Prohibition [agent=c1, prohibition=[coin(5, 6, a3)], sanction=[reduce_300(c1)], clock=0, time=Tue Jun 04 11:30:31 BST 2013]
from/for agent c1  prohibition([coin(6, 5, a3)], [reduce_300(c1)])
Organization notifies agent (write): Prohibition [agent=c1, prohibition=[coin(6, 5, a3)], sanction=[reduce_300(c1)], clock=0, time=Tue Jun 04 11:30:31 BST 2013]
from/for agent c1  prohibition([coin(6, 6, a3)], [reduce_300(c1)])
Organization notifies agent (write): Prohibition [agent=c1, prohibition=[coin(6, 6, a3)], sanction=[reduce_300(c1)], clock=0, time=Tue Jun 04 11:30:31 BST 2013]
Reading [id=null, agent=a1, cell=null, time=null, value=null, clock=null]
from/for agent a1  status(position(4, 5), 0)
Agent writes: Position [agent=a1, id=null, cell=Cell [x=4, y=5], time=Tue Jun 04 11:30:32 BST 2013, clock=0]
from/for agent a2  status(position(3, 19), 0)
Agent writes: Position [agent=a2, id=null, cell=Cell [x=3, y=19], time=Tue Jun 04 11:30:32 BST 2013, clock=0]
Reading [id=null, agent=a2, cell=null, time=null, value=null, clock=null]
from/for agent t1  status(position(14, 19), 0)
Agent writes: Position [agent=t1, id=null, cell=Cell [x=14, y=19], time=Tue Jun 04 11:30:33 BST 2013, clock=0]
from/for agent a3  status(position(11, 7), 0)
Agent writes: Position [agent=a3, id=null, cell=Cell [x=11, y=7], time=Tue Jun 04 11:30:33 BST 2013, clock=0]
from/for agent a1  status(position(3, 6), 0)
Agent writes: Position [agent=a1, id=null, cell=Cell [x=3, y=6], time=Tue Jun 04 11:30:33 BST 2013, clock=0]
Reading [id=null, agent=a3, cell=null, time=null, value=null, clock=null]
from/for agent a1  prohibition([at(5, 5, a1)], [reduce_300(a1)])
Organization notifies agent (write): Prohibition [agent=a1, prohibition=[at(5, 5, a1)], sanction=[reduce_300(a1)], clock=0, time=Tue Jun 04 11:30:33 BST 2013]
from/for agent a1  prohibition([at(5, 6, a1)], [reduce_300(a1)])
Organization notifies agent (write): Prohibition [agent=a1, prohibition=[at(5, 6, a1)], sanction=[reduce_300(a1)], clock=0, time=Tue Jun 04 11:30:33 BST 2013]
from/for agent a1  prohibition([at(6, 5, a1)], [reduce_300(a1)])
Organization notifies agent (write): Prohibition [agent=a1, prohibition=[at(6, 5, a1)], sanction=[reduce_300(a1)], clock=0, time=Tue Jun 04 11:30:33 BST 2013]
from/for agent a1  prohibition([at(6, 6, a1)], [reduce_300(a1)])
Organization notifies agent (write): Prohibition [agent=a1, prohibition=[at(6, 6, a1)], sanction=[reduce_300(a1)], clock=0, time=Tue Jun 04 11:30:33 BST 2013]
from/for agent a2  prohibition([at(5, 5, a2)], [reduce_300(a2)])
Organization notifies agent (write): Prohibition [agent=a2, prohibition=[at(5, 5, a2)], sanction=[reduce_300(a2)], clock=0, time=Tue Jun 04 11:30:33 BST 2013]
from/for agent a2  prohibition([at(5, 6, a2)], [reduce_300(a2)])
Organization notifies agent (write): Prohibition [agent=a2, prohibition=[at(5, 6, a2)], sanction=[reduce_300(a2)], clock=0, time=Tue Jun 04 11:30:33 BST 2013]
from/for agent a2  prohibition([at(6, 5, a2)], [reduce_300(a2)])
Organization notifies agent (write): Prohibition [agent=a2, prohibition=[at(6, 5, a2)], sanction=[reduce_300(a2)], clock=0, time=Tue Jun 04 11:30:33 BST 2013]
from/for agent a2  prohibition([at(6, 6, a2)], [reduce_300(a2)])
Organization notifies agent (write): Prohibition [agent=a2, prohibition=[at(6, 6, a2)], sanction=[reduce_300(a2)], clock=0, time=Tue Jun 04 11:30:33 BST 2013]
from/for agent a3  prohibition([at(5, 5, a3)], [reduce_300(a3)])
Organization notifies agent (write): Prohibition [agent=a3, prohibition=[at(5, 5, a3)], sanction=[reduce_300(a3)], clock=0, time=Tue Jun 04 11:30:33 BST 2013]
from/for agent a3  prohibition([at(5, 6, a3)], [reduce_300(a3)])
Organization notifies agent (write): Prohibition [agent=a3, prohibition=[at(5, 6, a3)], sanction=[reduce_300(a3)], clock=0, time=Tue Jun 04 11:30:33 BST 2013]
from/for agent a3  prohibition([at(6, 5, a3)], [reduce_300(a3)])
Organization notifies agent (write): Prohibition [agent=a3, prohibition=[at(6, 5, a3)], sanction=[reduce_300(a3)], clock=0, time=Tue Jun 04 11:30:33 BST 2013]
from/for agent a3  prohibition([at(6, 6, a3)], [reduce_300(a3)])
Organization notifies agent (write): Prohibition [agent=a3, prohibition=[at(6, 6, a3)], sanction=[reduce_300(a3)], clock=0, time=Tue Jun 04 11:30:33 BST 2013]
Position [agent=t1, id=null, cell=null, time=null, clock=null]
Position [agent=t1, id=null, cell=null, time=null, clock=null]
from/for agent a2  status(position(3, 18), 0)
Agent writes: Position [agent=a2, id=null, cell=Cell [x=3, y=18], time=Tue Jun 04 11:30:34 BST 2013, clock=0]
Position [agent=t1, id=null, cell=null, time=null, clock=null]
Position [agent=t1, id=null, cell=null, time=null, clock=null]
Coin [id=null, cell=null, agent=null, time=null, clock=null]
from/for agent a1  status(position(4, 6), 0)
Agent writes: Position [agent=a1, id=null, cell=Cell [x=4, y=6], time=Tue Jun 04 11:30:35 BST 2013, clock=0]
from/for agent t1  status(position(13, 19), 0)
Agent writes: Position [agent=t1, id=null, cell=Cell [x=13, y=19], time=Tue Jun 04 11:30:35 BST 2013, clock=0]
from/for agent a3  status(position(11, 8), 0)
Agent writes: Position [agent=a3, id=null, cell=Cell [x=11, y=8], time=Tue Jun 04 11:30:35 BST 2013, clock=0]
from/for agent a1  status(position(3, 7), 0)
Agent writes: Position [agent=a1, id=null, cell=Cell [x=3, y=7], time=Tue Jun 04 11:30:35 BST 2013, clock=0]
Coin [id=null, cell=null, agent=null, time=null, clock=null]
Coin [id=null, cell=null, agent=null, time=null, clock=null]
Coin [id=null, cell=null, agent=null, time=null, clock=null]
from/for agent a2  status(position(3, 17), 0)
Agent writes: Position [agent=a2, id=null, cell=Cell [x=3, y=17], time=Tue Jun 04 11:30:36 BST 2013, clock=0]
Coin [id=null, cell=null, agent=null, time=null, clock=null]
from/for agent a3  status(position(11, 9), 0)
Agent writes: Position [agent=a3, id=null, cell=Cell [x=11, y=9], time=Tue Jun 04 11:30:37 BST 2013, clock=0]
Coin [id=null, cell=null, agent=null, time=null, clock=null]
from/for agent t1  status(position(12, 19), 0)
Agent writes: Position [agent=t1, id=null, cell=Cell [x=12, y=19], time=Tue Jun 04 11:30:37 BST 2013, clock=0]
from/for agent a1  status(position(4, 7), 0)
Agent writes: Position [agent=a1, id=null, cell=Cell [x=4, y=7], time=Tue Jun 04 11:30:37 BST 2013, clock=0]
Coin [id=null, cell=null, agent=null, time=null, clock=null]
from/for agent a1  status(position(3, 8), 0)
Agent writes: Position [agent=a1, id=null, cell=Cell [x=3, y=8], time=Tue Jun 04 11:30:38 BST 2013, clock=0]
from/for agent a2  status(position(3, 16), 0)
Agent writes: Position [agent=a2, id=null, cell=Cell [x=3, y=16], time=Tue Jun 04 11:30:38 BST 2013, clock=0]
from/for agent a3  status(position(11, 10), 0)
Agent writes: Position [agent=a3, id=null, cell=Cell [x=11, y=10], time=Tue Jun 04 11:30:38 BST 2013, clock=0]
Coin [id=null, cell=null, agent=null, time=null, clock=null]
from/for agent t1  status(position(11, 19), 0)
Agent writes: Position [agent=t1, id=null, cell=Cell [x=11, y=19], time=Tue Jun 04 11:30:39 BST 2013, clock=0]
from/for agent a1  status(position(4, 8), 0)
Agent writes: Position [agent=a1, id=null, cell=Cell [x=4, y=8], time=Tue Jun 04 11:30:39 BST 2013, clock=0]
Coin [id=null, cell=null, agent=null, time=null, clock=null]
Coin [id=null, cell=null, agent=null, time=null, clock=null]
from/for agent a2  status(position(3, 15), 0)
Agent writes: Position [agent=a2, id=null, cell=Cell [x=3, y=15], time=Tue Jun 04 11:30:40 BST 2013, clock=0]
from/for agent a1  status(position(3, 9), 0)
Agent writes: Position [agent=a1, id=null, cell=Cell [x=3, y=9], time=Tue Jun 04 11:30:40 BST 2013, clock=0]
Coin [id=null, cell=null, agent=null, time=null, clock=null]
from/for agent a3  status(position(11, 11), 0)
Agent writes: Position [agent=a3, id=null, cell=Cell [x=11, y=11], time=Tue Jun 04 11:30:40 BST 2013, clock=0]
Coin [id=null, cell=null, agent=null, time=null, clock=null]
from/for agent t1  status(position(10, 19), 0)
Agent writes: Position [agent=t1, id=null, cell=Cell [x=10, y=19], time=Tue Jun 04 11:30:40 BST 2013, clock=0]
Position [agent=a1, id=null, cell=null, time=null, clock=null]
from/for agent a3  status(position(11, 12), 0)
Agent writes: Position [agent=a3, id=null, cell=Cell [x=11, y=12], time=Tue Jun 04 11:30:41 BST 2013, clock=0]
from/for agent a1  status(position(4, 9), 0)
Agent writes: Position [agent=a1, id=null, cell=Cell [x=4, y=9], time=Tue Jun 04 11:30:41 BST 2013, clock=0]
from/for agent a2  status(position(3, 14), 0)
Agent writes: Position [agent=a2, id=null, cell=Cell [x=3, y=14], time=Tue Jun 04 11:30:41 BST 2013, clock=0]
from/for agent a1  status(position(3, 10), 0)
Agent writes: Position [agent=a1, id=null, cell=Cell [x=3, y=10], time=Tue Jun 04 11:30:41 BST 2013, clock=0]
Position [agent=a1, id=null, cell=null, time=null, clock=null]
from/for agent t1  status(position(9, 19), 0)
Agent writes: Position [agent=t1, id=null, cell=Cell [x=9, y=19], time=Tue Jun 04 11:30:42 BST 2013, clock=0]
Position [agent=a1, id=null, cell=null, time=null, clock=null]
from/for agent a2  status(position(3, 13), 0)
Agent writes: Position [agent=a2, id=null, cell=Cell [x=3, y=13], time=Tue Jun 04 11:30:43 BST 2013, clock=0]
from/for agent a3  status(position(11, 13), 0)
Agent writes: Position [agent=a3, id=null, cell=Cell [x=11, y=13], time=Tue Jun 04 11:30:43 BST 2013, clock=0]
Position [agent=a1, id=null, cell=null, time=null, clock=null]
Position [agent=a2, id=null, cell=null, time=null, clock=null]
from/for agent a1  status(position(4, 10), 0)
Agent writes: Position [agent=a1, id=null, cell=Cell [x=4, y=10], time=Tue Jun 04 11:30:43 BST 2013, clock=0]
from/for agent t1  status(position(8, 19), 0)
Agent writes: Position [agent=t1, id=null, cell=Cell [x=8, y=19], time=Tue Jun 04 11:30:44 BST 2013, clock=0]
from/for agent a1  status(position(4, 10), 0)
Agent writes: Position [agent=a1, id=null, cell=Cell [x=4, y=10], time=Tue Jun 04 11:30:44 BST 2013, clock=0]
Position [agent=a2, id=null, cell=null, time=null, clock=null]
from/for agent a3  status(position(11, 14), 0)
Agent writes: Position [agent=a3, id=null, cell=Cell [x=11, y=14], time=Tue Jun 04 11:30:44 BST 2013, clock=0]
Position [agent=a2, id=null, cell=null, time=null, clock=null]
from/for agent a2  status(position(3, 12), 0)
Agent writes: Position [agent=a2, id=null, cell=Cell [x=3, y=12], time=Tue Jun 04 11:30:45 BST 2013, clock=0]
Position [agent=a2, id=null, cell=null, time=null, clock=null]
from/for agent a3  status(position(11, 15), 0)
Agent writes: Position [agent=a3, id=null, cell=Cell [x=11, y=15], time=Tue Jun 04 11:30:45 BST 2013, clock=0]
from/for agent a1  status(position(5, 10), 0)
Agent writes: Position [agent=a1, id=null, cell=Cell [x=5, y=10], time=Tue Jun 04 11:30:45 BST 2013, clock=0]
from/for agent t1  status(position(7, 19), 0)
Agent writes: Position [agent=t1, id=null, cell=Cell [x=7, y=19], time=Tue Jun 04 11:30:46 BST 2013, clock=0]
from/for agent a1  status(position(5, 10), 0)
Agent writes: Position [agent=a1, id=null, cell=Cell [x=5, y=10], time=Tue Jun 04 11:30:46 BST 2013, clock=0]
Position [agent=a3, id=null, cell=null, time=null, clock=null]
from/for agent a2  status(position(3, 11), 0)
Agent writes: Position [agent=a2, id=null, cell=Cell [x=3, y=11], time=Tue Jun 04 11:30:46 BST 2013, clock=0]
Position [agent=a3, id=null, cell=null, time=null, clock=null]
from/for agent t1  status(position(6, 19), 0)
Agent writes: Position [agent=t1, id=null, cell=Cell [x=6, y=19], time=Tue Jun 04 11:30:47 BST 2013, clock=0]
from/for agent a3  status(position(11, 16), 0)
Agent writes: Position [agent=a3, id=null, cell=Cell [x=11, y=16], time=Tue Jun 04 11:30:47 BST 2013, clock=0]
Position [agent=a3, id=null, cell=null, time=null, clock=null]
from/for agent t1  status(position(5, 19), 0)
Agent writes: Position [agent=t1, id=null, cell=Cell [x=5, y=19], time=Tue Jun 04 11:30:48 BST 2013, clock=0]
from/for agent a1  status(position(5, 9), 0)
Agent writes: Position [agent=a1, id=null, cell=Cell [x=5, y=9], time=Tue Jun 04 11:30:48 BST 2013, clock=0]
from/for agent a2  status(position(3, 10), 0)
Agent writes: Position [agent=a2, id=null, cell=Cell [x=3, y=10], time=Tue Jun 04 11:30:48 BST 2013, clock=0]
from/for agent a1  status(position(6, 10), 0)
Agent writes: Position [agent=a1, id=null, cell=Cell [x=6, y=10], time=Tue Jun 04 11:30:48 BST 2013, clock=0]
Position [agent=a3, id=null, cell=null, time=null, clock=null]
from/for agent a3  status(position(11, 17), 0)
Agent writes: Position [agent=a3, id=null, cell=Cell [x=11, y=17], time=Tue Jun 04 11:30:49 BST 2013, clock=0]
from/for agent t1  status(position(4, 19), 0)
Agent writes: Position [agent=t1, id=null, cell=Cell [x=4, y=19], time=Tue Jun 04 11:30:49 BST 2013, clock=0]
Cargo [id=null, cell=null, time=null, clock=null]
from/for agent a2  status(position(3, 9), 0)
Agent writes: Position [agent=a2, id=null, cell=Cell [x=3, y=9], time=Tue Jun 04 11:30:49 BST 2013, clock=0]
Coin [id=null, cell=null, agent=a1, time=null, clock=null]
from/for agent a3  status(position(11, 18), 0)
Agent writes: Position [agent=a3, id=null, cell=Cell [x=11, y=18], time=Tue Jun 04 11:30:50 BST 2013, clock=0]
from/for agent a1  obligation([makeReading(8, 6)], 50, [reduce_400(a1)])
Organization notifies agent (write): Obligation [agent=a1, obligation=[makeReading(8, 6)], sanction=[reduce_400(a1)], deadline=50, time=Tue Jun 04 11:30:50 BST 2013, clock=0]
Coin [id=null, cell=null, agent=a2, time=null, clock=null]
from/for agent a1  status(position(5, 10), 0)
Agent writes: Position [agent=a1, id=null, cell=Cell [x=5, y=10], time=Tue Jun 04 11:30:50 BST 2013, clock=0]
from/for agent a1  obligation([makeReading(16, 6)], 50, [reduce_400(a1)])
Organization notifies agent (write): Obligation [agent=a1, obligation=[makeReading(16, 6)], sanction=[reduce_400(a1)], deadline=50, time=Tue Jun 04 11:30:50 BST 2013, clock=0]
from/for agent a1  status(position(7, 10), 0)
Agent writes: Position [agent=a1, id=null, cell=Cell [x=7, y=10], time=Tue Jun 04 11:30:50 BST 2013, clock=0]
Coin [id=null, cell=null, agent=a3, time=null, clock=null]
from/for agent a1  obligation([makeReading(3, 9)], 50, [reduce_400(a1)])
Organization notifies agent (write): Obligation [agent=a1, obligation=[makeReading(3, 9)], sanction=[reduce_400(a1)], deadline=50, time=Tue Jun 04 11:30:50 BST 2013, clock=0]
Coin [id=null, cell=null, agent=a1, time=null, clock=null]
from/for agent a2  status(position(3, 8), 0)
Agent writes: Position [agent=a2, id=null, cell=Cell [x=3, y=8], time=Tue Jun 04 11:30:51 BST 2013, clock=0]
from/for agent t1  status(position(3, 19), 0)
Agent writes: Position [agent=t1, id=null, cell=Cell [x=3, y=19], time=Tue Jun 04 11:30:51 BST 2013, clock=0]
from/for agent a2  obligation([makeReading(8, 6)], 50, [reduce_400(a2)])
Organization notifies agent (write): Obligation [agent=a2, obligation=[makeReading(8, 6)], sanction=[reduce_400(a2)], deadline=50, time=Tue Jun 04 11:30:51 BST 2013, clock=0]
Coin [id=null, cell=null, agent=a2, time=null, clock=null]
from/for agent a2  obligation([makeReading(16, 6)], 50, [reduce_400(a2)])
Organization notifies agent (write): Obligation [agent=a2, obligation=[makeReading(16, 6)], sanction=[reduce_400(a2)], deadline=50, time=Tue Jun 04 11:30:51 BST 2013, clock=0]
Coin [id=null, cell=null, agent=a3, time=null, clock=null]
from/for agent a1  status(position(6, 10), 0)
Agent writes: Position [agent=a1, id=null, cell=Cell [x=6, y=10], time=Tue Jun 04 11:30:52 BST 2013, clock=0]
from/for agent a3  status(position(11, 19), 0)
Agent writes: Position [agent=a3, id=null, cell=Cell [x=11, y=19], time=Tue Jun 04 11:30:52 BST 2013, clock=0]
from/for agent t1  status(position(2, 19), 0)
Agent writes: Position [agent=t1, id=null, cell=Cell [x=2, y=19], time=Tue Jun 04 11:30:52 BST 2013, clock=0]
from/for agent a1  status(position(8, 10), 0)
Agent writes: Position [agent=a1, id=null, cell=Cell [x=8, y=10], time=Tue Jun 04 11:30:52 BST 2013, clock=0]
Coin [id=null, cell=null, agent=a1, time=null, clock=null]
Coin [id=null, cell=null, agent=a2, time=null, clock=null]
Coin [id=null, cell=null, agent=a3, time=null, clock=null]
from/for agent a2  status(position(3, 7), 0)
Agent writes: Position [agent=a2, id=null, cell=Cell [x=3, y=7], time=Tue Jun 04 11:30:53 BST 2013, clock=0]
from/for agent t1  status(position(2, 18), 0)
Agent writes: Position [agent=t1, id=null, cell=Cell [x=2, y=18], time=Tue Jun 04 11:30:53 BST 2013, clock=0]
Coin [id=null, cell=null, agent=null, time=null, clock=null]
Reading [id=null, agent=a1, cell=null, time=null, value=null, clock=null]
from/for agent a1  status(position(7, 10), 0)
Agent writes: Position [agent=a1, id=null, cell=Cell [x=7, y=10], time=Tue Jun 04 11:30:54 BST 2013, clock=0]
from/for agent a3  status(position(12, 19), 0)
Agent writes: Position [agent=a3, id=null, cell=Cell [x=12, y=19], time=Tue Jun 04 11:30:54 BST 2013, clock=0]
from/for agent t1  status(position(2, 17), 0)
Agent writes: Position [agent=t1, id=null, cell=Cell [x=2, y=17], time=Tue Jun 04 11:30:54 BST 2013, clock=0]
from/for agent a1  status(position(9, 10), 0)
Agent writes: Position [agent=a1, id=null, cell=Cell [x=9, y=10], time=Tue Jun 04 11:30:54 BST 2013, clock=0]
Reading [id=null, agent=a2, cell=null, time=null, value=null, clock=null]
Reading [id=null, agent=a3, cell=null, time=null, value=null, clock=null]
Position [agent=t1, id=null, cell=null, time=null, clock=null]
from/for agent a2  status(position(3, 6), 0)
Agent writes: Position [agent=a2, id=null, cell=Cell [x=3, y=6], time=Tue Jun 04 11:30:56 BST 2013, clock=0]
Position [agent=t1, id=null, cell=null, time=null, clock=null]
Position [agent=t1, id=null, cell=null, time=null, clock=null]
from/for agent a1  status(position(8, 10), 0)
Agent writes: Position [agent=a1, id=null, cell=Cell [x=8, y=10], time=Tue Jun 04 11:30:56 BST 2013, clock=0]
from/for agent a1  status(position(10, 10), 0)
Agent writes: Position [agent=a1, id=null, cell=Cell [x=10, y=10], time=Tue Jun 04 11:30:56 BST 2013, clock=0]
from/for agent a3  status(position(13, 19), 0)
Agent writes: Position [agent=a3, id=null, cell=Cell [x=13, y=19], time=Tue Jun 04 11:30:56 BST 2013, clock=0]
from/for agent t1  status(position(2, 16), 0)
Agent writes: Position [agent=t1, id=null, cell=Cell [x=2, y=16], time=Tue Jun 04 11:30:56 BST 2013, clock=0]
Position [agent=t1, id=null, cell=null, time=null, clock=null]
Coin [id=null, cell=null, agent=null, time=null, clock=null]
from/for agent a3  status(position(14, 19), 0)
Agent writes: Position [agent=a3, id=null, cell=Cell [x=14, y=19], time=Tue Jun 04 11:30:58 BST 2013, clock=0]
from/for agent t1  status(position(2, 15), 0)
Agent writes: Position [agent=t1, id=null, cell=Cell [x=2, y=15], time=Tue Jun 04 11:30:58 BST 2013, clock=0]
Coin [id=null, cell=null, agent=null, time=null, clock=null]
Coin [id=null, cell=null, agent=null, time=null, clock=null]
Coin [id=null, cell=null, agent=null, time=null, clock=null]
from/for agent a1  status(position(9, 10), 0)
Agent writes: Position [agent=a1, id=null, cell=Cell [x=9, y=10], time=Tue Jun 04 11:30:59 BST 2013, clock=0]
Coin [id=null, cell=null, agent=null, time=null, clock=null]
from/for agent t1  status(position(2, 14), 0)
Agent writes: Position [agent=t1, id=null, cell=Cell [x=2, y=14], time=Tue Jun 04 11:30:59 BST 2013, clock=0]
Coin [id=null, cell=null, agent=null, time=null, clock=null]
from/for agent a3  status(position(15, 19), 0)
Agent writes: Position [agent=a3, id=null, cell=Cell [x=15, y=19], time=Tue Jun 04 11:30:59 BST 2013, clock=0]
Coin [id=null, cell=null, agent=null, time=null, clock=null]
from/for agent a1  status(position(8, 10), 0)
Agent writes: Position [agent=a1, id=null, cell=Cell [x=8, y=10], time=Tue Jun 04 11:31:00 BST 2013, clock=0]
from/for agent t1  status(position(2, 13), 0)
Agent writes: Position [agent=t1, id=null, cell=Cell [x=2, y=13], time=Tue Jun 04 11:31:00 BST 2013, clock=0]
Coin [id=null, cell=null, agent=null, time=null, clock=null]
Coin [id=null, cell=null, agent=null, time=null, clock=null]
from/for agent a3  status(position(16, 19), 0)
Agent writes: Position [agent=a3, id=null, cell=Cell [x=16, y=19], time=Tue Jun 04 11:31:01 BST 2013, clock=0]
Coin [id=null, cell=null, agent=null, time=null, clock=null]
from/for agent a1  status(position(7, 10), 0)
Agent writes: Position [agent=a1, id=null, cell=Cell [x=7, y=10], time=Tue Jun 04 11:31:01 BST 2013, clock=0]
from/for agent t1  status(position(2, 12), 0)
Agent writes: Position [agent=t1, id=null, cell=Cell [x=2, y=12], time=Tue Jun 04 11:31:01 BST 2013, clock=0]
Coin [id=null, cell=null, agent=null, time=null, clock=null]
Coin [id=null, cell=null, agent=null, time=null, clock=null]
from/for agent a3  status(position(17, 19), 0)
Agent writes: Position [agent=a3, id=null, cell=Cell [x=17, y=19], time=Tue Jun 04 11:31:02 BST 2013, clock=0]
from/for agent t1  status(position(2, 11), 0)
Agent writes: Position [agent=t1, id=null, cell=Cell [x=2, y=11], time=Tue Jun 04 11:31:02 BST 2013, clock=0]
Position [agent=a1, id=null, cell=null, time=null, clock=null]
Position [agent=a1, id=null, cell=null, time=null, clock=null]
from/for agent a1  status(position(6, 10), 0)
Agent writes: Position [agent=a1, id=null, cell=Cell [x=6, y=10], time=Tue Jun 04 11:31:03 BST 2013, clock=0]
Position [agent=a1, id=null, cell=null, time=null, clock=null]
from/for agent a3  status(position(18, 19), 0)
Agent writes: Position [agent=a3, id=null, cell=Cell [x=18, y=19], time=Tue Jun 04 11:31:03 BST 2013, clock=0]
from/for agent t1  status(position(2, 10), 0)
Agent writes: Position [agent=t1, id=null, cell=Cell [x=2, y=10], time=Tue Jun 04 11:31:04 BST 2013, clock=0]
Position [agent=a1, id=null, cell=null, time=null, clock=null]
from/for agent a3  status(position(19, 19), 0)
Agent writes: Position [agent=a3, id=null, cell=Cell [x=19, y=19], time=Tue Jun 04 11:31:04 BST 2013, clock=0]
from/for agent a1  status(position(5, 10), 0)
Agent writes: Position [agent=a1, id=null, cell=Cell [x=5, y=10], time=Tue Jun 04 11:31:04 BST 2013, clock=0]
Position [agent=a2, id=null, cell=null, time=null, clock=null]
Position [agent=a2, id=null, cell=null, time=null, clock=null]
from/for agent t1  status(position(2, 9), 0)
Agent writes: Position [agent=t1, id=null, cell=Cell [x=2, y=9], time=Tue Jun 04 11:31:05 BST 2013, clock=0]
Position [agent=a2, id=null, cell=null, time=null, clock=null]
Position [agent=a2, id=null, cell=null, time=null, clock=null]
from/for agent a1  status(position(5, 9), 0)
Agent writes: Position [agent=a1, id=null, cell=Cell [x=5, y=9], time=Tue Jun 04 11:31:06 BST 2013, clock=0]
Position [agent=a3, id=null, cell=null, time=null, clock=null]
from/for agent t1  status(position(2, 8), 0)
Agent writes: Position [agent=t1, id=null, cell=Cell [x=2, y=8], time=Tue Jun 04 11:31:06 BST 2013, clock=0]
Position [agent=a3, id=null, cell=null, time=null, clock=null]
from/for agent a1  status(position(5, 8), 0)
Agent writes: Position [agent=a1, id=null, cell=Cell [x=5, y=8], time=Tue Jun 04 11:31:07 BST 2013, clock=0]
Position [agent=a3, id=null, cell=null, time=null, clock=null]
from/for agent t1  status(position(2, 7), 0)
Agent writes: Position [agent=t1, id=null, cell=Cell [x=2, y=7], time=Tue Jun 04 11:31:07 BST 2013, clock=0]
Position [agent=a3, id=null, cell=null, time=null, clock=null]
from/for agent a1  status(position(5, 7), 0)
Agent writes: Position [agent=a1, id=null, cell=Cell [x=5, y=7], time=Tue Jun 04 11:31:08 BST 2013, clock=0]
Cargo [id=null, cell=null, time=null, clock=null]
Coin [id=null, cell=null, agent=a1, time=null, clock=null]
from/for agent t1  status(position(2, 6), 0)
Agent writes: Position [agent=t1, id=null, cell=Cell [x=2, y=6], time=Tue Jun 04 11:31:08 BST 2013, clock=0]
Coin [id=null, cell=null, agent=a2, time=null, clock=null]
Coin [id=null, cell=null, agent=a3, time=null, clock=null]
from/for agent a1  status(position(5, 6), 0)
Agent writes: Position [agent=a1, id=null, cell=Cell [x=5, y=6], time=Tue Jun 04 11:31:09 BST 2013, clock=0]
Coin [id=null, cell=null, agent=a1, time=null, clock=null]
Coin [id=null, cell=null, agent=a2, time=null, clock=null]
from/for agent t1  status(position(2, 5), 0)
Agent writes: Position [agent=t1, id=null, cell=Cell [x=2, y=5], time=Tue Jun 04 11:31:10 BST 2013, clock=0]
Coin [id=null, cell=null, agent=a3, time=null, clock=null]
Coin [id=null, cell=null, agent=a1, time=null, clock=null]
from/for agent a1  status(position(5, 5), 0)
Agent writes: Position [agent=a1, id=null, cell=Cell [x=5, y=5], time=Tue Jun 04 11:31:10 BST 2013, clock=0]
Coin [id=null, cell=null, agent=a2, time=null, clock=null]
Coin [id=null, cell=null, agent=a3, time=null, clock=null]
from/for agent t1  status(position(2, 4), 0)
Agent writes: Position [agent=t1, id=null, cell=Cell [x=2, y=4], time=Tue Jun 04 11:31:11 BST 2013, clock=0]
Coin [id=null, cell=null, agent=null, time=null, clock=null]
Reading [id=null, agent=a1, cell=null, time=null, value=null, clock=null]
Reading [id=null, agent=a2, cell=null, time=null, value=null, clock=null]
from/for agent t1  status(position(2, 3), 0)
Agent writes: Position [agent=t1, id=null, cell=Cell [x=2, y=3], time=Tue Jun 04 11:31:11 BST 2013, clock=0]
Reading [id=null, agent=a3, cell=null, time=null, value=null, clock=null]
Position [agent=t1, id=null, cell=null, time=null, clock=null]
from/for agent t1  status(position(2, 2), 0)
Agent writes: Position [agent=t1, id=null, cell=Cell [x=2, y=2], time=Tue Jun 04 11:31:12 BST 2013, clock=0]
Position [agent=t1, id=null, cell=null, time=null, clock=null]
Position [agent=t1, id=null, cell=null, time=null, clock=null]
Position [agent=t1, id=null, cell=null, time=null, clock=null]
Coin [id=null, cell=null, agent=null, time=null, clock=null]
Coin [id=null, cell=null, agent=null, time=null, clock=null]
Coin [id=null, cell=null, agent=null, time=null, clock=null]
Coin [id=null, cell=null, agent=null, time=null, clock=null]
Coin [id=null, cell=null, agent=null, time=null, clock=null]
Coin [id=null, cell=null, agent=null, time=null, clock=null]
Coin [id=null, cell=null, agent=null, time=null, clock=null]
Coin [id=null, cell=null, agent=null, time=null, clock=null]
Coin [id=null, cell=null, agent=null, time=null, clock=null]
Coin [id=null, cell=null, agent=null, time=null, clock=null]
Coin [id=null, cell=null, agent=null, time=null, clock=null]
Coin [id=null, cell=null, agent=null, time=null, clock=null]
Position [agent=a1, id=null, cell=null, time=null, clock=null]
Position [agent=a1, id=null, cell=null, time=null, clock=null]
Position [agent=a1, id=null, cell=null, time=null, clock=null]
Position [agent=a1, id=null, cell=null, time=null, clock=null]
Position [agent=a1, id=null, cell=null, time=null, clock=null]
Position [agent=a1, id=null, cell=null, time=null, clock=null]
Position [agent=a2, id=null, cell=null, time=null, clock=null]
Position [agent=a2, id=null, cell=null, time=null, clock=null]
Position [agent=a2, id=null, cell=null, time=null, clock=null]
Position [agent=a2, id=null, cell=null, time=null, clock=null]
Position [agent=a3, id=null, cell=null, time=null, clock=null]
Position [agent=a3, id=null, cell=null, time=null, clock=null]
Position [agent=a3, id=null, cell=null, time=null, clock=null]
Position [agent=a3, id=null, cell=null, time=null, clock=null]
Cargo [id=null, cell=null, time=null, clock=null]
Coin [id=null, cell=null, agent=a1, time=null, clock=null]
Coin [id=null, cell=null, agent=a2, time=null, clock=null]
Coin [id=null, cell=null, agent=a3, time=null, clock=null]
Coin [id=null, cell=null, agent=a1, time=null, clock=null]
Coin [id=null, cell=null, agent=a2, time=null, clock=null]
Coin [id=null, cell=null, agent=a3, time=null, clock=null]
Coin [id=null, cell=null, agent=a1, time=null, clock=null]
Coin [id=null, cell=null, agent=a2, time=null, clock=null]
Coin [id=null, cell=null, agent=a3, time=null, clock=null]
Coin [id=null, cell=null, agent=null, time=null, clock=null]
Reading [id=null, agent=a1, cell=null, time=null, value=null, clock=null]
Reading [id=null, agent=a2, cell=null, time=null, value=null, clock=null]
Reading [id=null, agent=a3, cell=null, time=null, value=null, clock=null]
Position [agent=t1, id=null, cell=null, time=null, clock=null]
Position [agent=t1, id=null, cell=null, time=null, clock=null]
Position [agent=t1, id=null, cell=null, time=null, clock=null]
Position [agent=t1, id=null, cell=null, time=null, clock=null]
Coin [id=null, cell=null, agent=null, time=null, clock=null]
Coin [id=null, cell=null, agent=null, time=null, clock=null]
Coin [id=null, cell=null, agent=null, time=null, clock=null]
Coin [id=null, cell=null, agent=null, time=null, clock=null]
Coin [id=null, cell=null, agent=null, time=null, clock=null]
Coin [id=null, cell=null, agent=null, time=null, clock=null]
Coin [id=null, cell=null, agent=null, time=null, clock=null]
Coin [id=null, cell=null, agent=null, time=null, clock=null]
Coin [id=null, cell=null, agent=null, time=null, clock=null]
Coin [id=null, cell=null, agent=null, time=null, clock=null]
Coin [id=null, cell=null, agent=null, time=null, clock=null]
Coin [id=null, cell=null, agent=null, time=null, clock=null]
Position [agent=a1, id=null, cell=null, time=null, clock=null]
Position [agent=a1, id=null, cell=null, time=null, clock=null]
Position [agent=a1, id=null, cell=null, time=null, clock=null]
Position [agent=a2, id=null, cell=null, time=null, clock=null]
Position [agent=a2, id=null, cell=null, time=null, clock=null]
Position [agent=a2, id=null, cell=null, time=null, clock=null]
Position [agent=a2, id=null, cell=null, time=null, clock=null]
Position [agent=a3, id=null, cell=null, time=null, clock=null]
Position [agent=a3, id=null, cell=null, time=null, clock=null]
Position [agent=a3, id=null, cell=null, time=null, clock=null]
Position [agent=a3, id=null, cell=null, time=null, clock=null]
Position [agent=t1, id=null, cell=null, time=null, clock=null]
Position [agent=t1, id=null, cell=null, time=null, clock=null]
Position [agent=t1, id=null, cell=null, time=null, clock=null]
Position [agent=t1, id=null, cell=null, time=null, clock=null]
Coin [id=null, cell=null, agent=null, time=null, clock=null]
Coin [id=null, cell=null, agent=null, time=null, clock=null]
Coin [id=null, cell=null, agent=null, time=null, clock=null]
Coin [id=null, cell=null, agent=null, time=null, clock=null]
Coin [id=null, cell=null, agent=null, time=null, clock=null]
Coin [id=null, cell=null, agent=null, time=null, clock=null]
Coin [id=null, cell=null, agent=null, time=null, clock=null]
Coin [id=null, cell=null, agent=null, time=null, clock=null]
Coin [id=null, cell=null, agent=null, time=null, clock=null]
Coin [id=null, cell=null, agent=null, time=null, clock=null]
Coin [id=null, cell=null, agent=null, time=null, clock=null]
Coin [id=null, cell=null, agent=null, time=null, clock=null]
Position [agent=a1, id=null, cell=null, time=null, clock=null]
Position [agent=a1, id=null, cell=null, time=null, clock=null]
Position [agent=a1, id=null, cell=null, time=null, clock=null]
Position [agent=a2, id=null, cell=null, time=null, clock=null]
Position [agent=a2, id=null, cell=null, time=null, clock=null]
Position [agent=a2, id=null, cell=null, time=null, clock=null]
Position [agent=a2, id=null, cell=null, time=null, clock=null]
Position [agent=a3, id=null, cell=null, time=null, clock=null]
Position [agent=a3, id=null, cell=null, time=null, clock=null]
Position [agent=a3, id=null, cell=null, time=null, clock=null]
Position [agent=a3, id=null, cell=null, time=null, clock=null]
Position [agent=t1, id=null, cell=null, time=null, clock=null]
Position [agent=t1, id=null, cell=null, time=null, clock=null]
Position [agent=t1, id=null, cell=null, time=null, clock=null]
Position [agent=t1, id=null, cell=null, time=null, clock=null]
Coin [id=null, cell=null, agent=null, time=null, clock=null]
Coin [id=null, cell=null, agent=null, time=null, clock=null]
Coin [id=null, cell=null, agent=null, time=null, clock=null]
Coin [id=null, cell=null, agent=null, time=null, clock=null]
Coin [id=null, cell=null, agent=null, time=null, clock=null]
Coin [id=null, cell=null, agent=null, time=null, clock=null]
Coin [id=null, cell=null, agent=null, time=null, clock=null]
Coin [id=null, cell=null, agent=null, time=null, clock=null]
Coin [id=null, cell=null, agent=null, time=null, clock=null]
Coin [id=null, cell=null, agent=null, time=null, clock=null]
Coin [id=null, cell=null, agent=null, time=null, clock=null]
Coin [id=null, cell=null, agent=null, time=null, clock=null]
Position [agent=a1, id=null, cell=null, time=null, clock=null]
Position [agent=a1, id=null, cell=null, time=null, clock=null]
Position [agent=a1, id=null, cell=null, time=null, clock=null]
Position [agent=a2, id=null, cell=null, time=null, clock=null]
Position [agent=a2, id=null, cell=null, time=null, clock=null]
Position [agent=a2, id=null, cell=null, time=null, clock=null]
Position [agent=a2, id=null, cell=null, time=null, clock=null]
Position [agent=a3, id=null, cell=null, time=null, clock=null]
Position [agent=a3, id=null, cell=null, time=null, clock=null]
Position [agent=a3, id=null, cell=null, time=null, clock=null]
Position [agent=a3, id=null, cell=null, time=null, clock=null]
org coin notification
Cargo [id=null, cell=null, time=null, clock=null]
Coin [id=null, cell=null, agent=a1, time=null, clock=null]
Coin [id=null, cell=null, agent=a2, time=null, clock=null]
Coin [id=null, cell=null, agent=a3, time=null, clock=null]
Coin [id=null, cell=null, agent=a1, time=null, clock=null]
Coin [id=null, cell=null, agent=a2, time=null, clock=null]
Coin [id=null, cell=null, agent=a3, time=null, clock=null]
Coin [id=null, cell=null, agent=a1, time=null, clock=null]
Coin [id=null, cell=null, agent=a2, time=null, clock=null]
Coin [id=null, cell=null, agent=a3, time=null, clock=null]
Coin [id=null, cell=null, agent=null, time=null, clock=null]
Reading [id=null, agent=a1, cell=null, time=null, value=null, clock=null]
Reading [id=null, agent=a2, cell=null, time=null, value=null, clock=null]
Reading [id=null, agent=a3, cell=null, time=null, value=null, clock=null]
from/for agent a1  prohibition([at(5, 5, a1)], [reduce_300(a1)])
Organization notifies agent (write): Prohibition [agent=a1, prohibition=[at(5, 5, a1)], sanction=[reduce_300(a1)], clock=0, time=Tue Jun 04 11:31:43 BST 2013]
Position [agent=t1, id=null, cell=null, time=null, clock=null]
Position [agent=t1, id=null, cell=null, time=null, clock=null]
Position [agent=t1, id=null, cell=null, time=null, clock=null]
Position [agent=t1, id=null, cell=null, time=null, clock=null]
Coin [id=null, cell=null, agent=null, time=null, clock=null]
Coin [id=null, cell=null, agent=null, time=null, clock=null]
Coin [id=null, cell=null, agent=null, time=null, clock=null]
Coin [id=null, cell=null, agent=null, time=null, clock=null]
Coin [id=null, cell=null, agent=null, time=null, clock=null]
Coin [id=null, cell=null, agent=null, time=null, clock=null]
Coin [id=null, cell=null, agent=null, time=null, clock=null]
Coin [id=null, cell=null, agent=null, time=null, clock=null]
Coin [id=null, cell=null, agent=null, time=null, clock=null]
Coin [id=null, cell=null, agent=null, time=null, clock=null]
Coin [id=null, cell=null, agent=null, time=null, clock=null]
Coin [id=null, cell=null, agent=null, time=null, clock=null]
Position [agent=a1, id=null, cell=null, time=null, clock=null]
Position [agent=a1, id=null, cell=null, time=null, clock=null]
Position [agent=a1, id=null, cell=null, time=null, clock=null]
Position [agent=a2, id=null, cell=null, time=null, clock=null]
Position [agent=a2, id=null, cell=null, time=null, clock=null]
Position [agent=a2, id=null, cell=null, time=null, clock=null]
Position [agent=a2, id=null, cell=null, time=null, clock=null]
Position [agent=a3, id=null, cell=null, time=null, clock=null]
Position [agent=a3, id=null, cell=null, time=null, clock=null]
Position [agent=a3, id=null, cell=null, time=null, clock=null]
Position [agent=a3, id=null, cell=null, time=null, clock=null]
Position [agent=a1, id=null, cell=null, time=null, clock=null]
Position [agent=a1, id=null, cell=null, time=null, clock=null]
Position [agent=a1, id=null, cell=null, time=null, clock=null]
Cargo [id=null, cell=null, time=null, clock=null]
Coin [id=null, cell=null, agent=a1, time=null, clock=null]
Coin [id=null, cell=null, agent=a2, time=null, clock=null]
Coin [id=null, cell=null, agent=a3, time=null, clock=null]
Coin [id=null, cell=null, agent=a1, time=null, clock=null]
Coin [id=null, cell=null, agent=a2, time=null, clock=null]
Coin [id=null, cell=null, agent=a3, time=null, clock=null]
Coin [id=null, cell=null, agent=a1, time=null, clock=null]
Coin [id=null, cell=null, agent=a2, time=null, clock=null]
Coin [id=null, cell=null, agent=a3, time=null, clock=null]
Coin [id=null, cell=null, agent=null, time=null, clock=null]
Reading [id=null, agent=a1, cell=null, time=null, value=null, clock=null]
Reading [id=null, agent=a2, cell=null, time=null, value=null, clock=null]
Reading [id=null, agent=a3, cell=null, time=null, value=null, clock=null]
Position [agent=t1, id=null, cell=null, time=null, clock=null]
Position [agent=t1, id=null, cell=null, time=null, clock=null]
Position [agent=t1, id=null, cell=null, time=null, clock=null]
Position [agent=t1, id=null, cell=null, time=null, clock=null]
Coin [id=null, cell=null, agent=null, time=null, clock=null]
Coin [id=null, cell=null, agent=null, time=null, clock=null]
Coin [id=null, cell=null, agent=null, time=null, clock=null]
Coin [id=null, cell=null, agent=null, time=null, clock=null]
Coin [id=null, cell=null, agent=null, time=null, clock=null]
Coin [id=null, cell=null, agent=null, time=null, clock=null]
Coin [id=null, cell=null, agent=null, time=null, clock=null]
Coin [id=null, cell=null, agent=null, time=null, clock=null]
Coin [id=null, cell=null, agent=null, time=null, clock=null]
Coin [id=null, cell=null, agent=null, time=null, clock=null]
Coin [id=null, cell=null, agent=null, time=null, clock=null]
Coin [id=null, cell=null, agent=null, time=null, clock=null]
Position [agent=a1, id=null, cell=null, time=null, clock=null]
Position [agent=a1, id=null, cell=null, time=null, clock=null]
Position [agent=a1, id=null, cell=null, time=null, clock=null]
Position [agent=a2, id=null, cell=null, time=null, clock=null]
Position [agent=a2, id=null, cell=null, time=null, clock=null]
Position [agent=a2, id=null, cell=null, time=null, clock=null]
Position [agent=a2, id=null, cell=null, time=null, clock=null]
Position [agent=a3, id=null, cell=null, time=null, clock=null]
Position [agent=a3, id=null, cell=null, time=null, clock=null]
Position [agent=a3, id=null, cell=null, time=null, clock=null]
Position [agent=a3, id=null, cell=null, time=null, clock=null]
Position [agent=t1, id=null, cell=null, time=null, clock=null]
Position [agent=t1, id=null, cell=null, time=null, clock=null]
Position [agent=t1, id=null, cell=null, time=null, clock=null]
Position [agent=t1, id=null, cell=null, time=null, clock=null]
Coin [id=null, cell=null, agent=null, time=null, clock=null]
Coin [id=null, cell=null, agent=null, time=null, clock=null]
Coin [id=null, cell=null, agent=null, time=null, clock=null]
Coin [id=null, cell=null, agent=null, time=null, clock=null]
Coin [id=null, cell=null, agent=null, time=null, clock=null]
Coin [id=null, cell=null, agent=null, time=null, clock=null]
Coin [id=null, cell=null, agent=null, time=null, clock=null]
Coin [id=null, cell=null, agent=null, time=null, clock=null]
Coin [id=null, cell=null, agent=null, time=null, clock=null]
Coin [id=null, cell=null, agent=null, time=null, clock=null]
Coin [id=null, cell=null, agent=null, time=null, clock=null]
Coin [id=null, cell=null, agent=null, time=null, clock=null]
Position [agent=a1, id=null, cell=null, time=null, clock=null]
Position [agent=a1, id=null, cell=null, time=null, clock=null]
Position [agent=a1, id=null, cell=null, time=null, clock=null]
Position [agent=a2, id=null, cell=null, time=null, clock=null]
Position [agent=a2, id=null, cell=null, time=null, clock=null]
Position [agent=a2, id=null, cell=null, time=null, clock=null]
Position [agent=a2, id=null, cell=null, time=null, clock=null]
Position [agent=a3, id=null, cell=null, time=null, clock=null]
Position [agent=a3, id=null, cell=null, time=null, clock=null]
Position [agent=a3, id=null, cell=null, time=null, clock=null]
Position [agent=a3, id=null, cell=null, time=null, clock=null]
Position [agent=t1, id=null, cell=null, time=null, clock=null]
Position [agent=t1, id=null, cell=null, time=null, clock=null]
Position [agent=t1, id=null, cell=null, time=null, clock=null]
Position [agent=t1, id=null, cell=null, time=null, clock=null]
Coin [id=null, cell=null, agent=null, time=null, clock=null]
Coin [id=null, cell=null, agent=null, time=null, clock=null]
Coin [id=null, cell=null, agent=null, time=null, clock=null]
Coin [id=null, cell=null, agent=null, time=null, clock=null]
Coin [id=null, cell=null, agent=null, time=null, clock=null]
Coin [id=null, cell=null, agent=null, time=null, clock=null]
Coin [id=null, cell=null, agent=null, time=null, clock=null]
Coin [id=null, cell=null, agent=null, time=null, clock=null]
Coin [id=null, cell=null, agent=null, time=null, clock=null]
Coin [id=null, cell=null, agent=null, time=null, clock=null]
Coin [id=null, cell=null, agent=null, time=null, clock=null]
Coin [id=null, cell=null, agent=null, time=null, clock=null]
Position [agent=a1, id=null, cell=null, time=null, clock=null]
Position [agent=a1, id=null, cell=null, time=null, clock=null]
Position [agent=a1, id=null, cell=null, time=null, clock=null]
Position [agent=a2, id=null, cell=null, time=null, clock=null]
Position [agent=a2, id=null, cell=null, time=null, clock=null]
Position [agent=a2, id=null, cell=null, time=null, clock=null]
Position [agent=a2, id=null, cell=null, time=null, clock=null]
Position [agent=a3, id=null, cell=null, time=null, clock=null]
Position [agent=a3, id=null, cell=null, time=null, clock=null]
Position [agent=a3, id=null, cell=null, time=null, clock=null]
Position [agent=a3, id=null, cell=null, time=null, clock=null]
org position notification
Cargo [id=null, cell=null, time=null, clock=null]
Coin [id=null, cell=null, agent=a1, time=null, clock=null]
Coin [id=null, cell=null, agent=a2, time=null, clock=null]
Coin [id=null, cell=null, agent=a3, time=null, clock=null]
Coin [id=null, cell=null, agent=a1, time=null, clock=null]
Coin [id=null, cell=null, agent=a2, time=null, clock=null]
Coin [id=null, cell=null, agent=a3, time=null, clock=null]
Coin [id=null, cell=null, agent=a1, time=null, clock=null]
Coin [id=null, cell=null, agent=a2, time=null, clock=null]
Coin [id=null, cell=null, agent=a3, time=null, clock=null]
Coin [id=null, cell=null, agent=null, time=null, clock=null]
Reading [id=null, agent=a1, cell=null, time=null, value=null, clock=null]
Reading [id=null, agent=a2, cell=null, time=null, value=null, clock=null]
Reading [id=null, agent=a3, cell=null, time=null, value=null, clock=null]
from/for agent a1  prohibition([at(5, 5, a1)], [reduce_300(a1)])
Organization notifies agent (write): Prohibition [agent=a1, prohibition=[at(5, 5, a1)], sanction=[reduce_300(a1)], clock=0, time=Tue Jun 04 11:32:14 BST 2013]
Position [agent=t1, id=null, cell=null, time=null, clock=null]
Position [agent=t1, id=null, cell=null, time=null, clock=null]
Position [agent=t1, id=null, cell=null, time=null, clock=null]
Position [agent=t1, id=null, cell=null, time=null, clock=null]
Coin [id=null, cell=null, agent=null, time=null, clock=null]
Coin [id=null, cell=null, agent=null, time=null, clock=null]
Coin [id=null, cell=null, agent=null, time=null, clock=null]
Coin [id=null, cell=null, agent=null, time=null, clock=null]
Coin [id=null, cell=null, agent=null, time=null, clock=null]
Coin [id=null, cell=null, agent=null, time=null, clock=null]
Coin [id=null, cell=null, agent=null, time=null, clock=null]
Coin [id=null, cell=null, agent=null, time=null, clock=null]
Coin [id=null, cell=null, agent=null, time=null, clock=null]
Coin [id=null, cell=null, agent=null, time=null, clock=null]
Coin [id=null, cell=null, agent=null, time=null, clock=null]
Coin [id=null, cell=null, agent=null, time=null, clock=null]
Position [agent=a1, id=null, cell=null, time=null, clock=null]
Position [agent=a1, id=null, cell=null, time=null, clock=null]
Position [agent=a1, id=null, cell=null, time=null, clock=null]
Position [agent=a2, id=null, cell=null, time=null, clock=null]
Position [agent=a2, id=null, cell=null, time=null, clock=null]
Position [agent=a2, id=null, cell=null, time=null, clock=null]
Position [agent=a2, id=null, cell=null, time=null, clock=null]
Position [agent=a3, id=null, cell=null, time=null, clock=null]
Position [agent=a3, id=null, cell=null, time=null, clock=null]
Position [agent=a3, id=null, cell=null, time=null, clock=null]
Position [agent=a3, id=null, cell=null, time=null, clock=null]
Position [agent=a1, id=null, cell=null, time=null, clock=null]
Position [agent=a1, id=null, cell=null, time=null, clock=null]
Position [agent=a1, id=null, cell=null, time=null, clock=null]
Cargo [id=null, cell=null, time=null, clock=null]
Coin [id=null, cell=null, agent=a1, time=null, clock=null]
Coin [id=null, cell=null, agent=a2, time=null, clock=null]
Coin [id=null, cell=null, agent=a3, time=null, clock=null]
Coin [id=null, cell=null, agent=a1, time=null, clock=null]
Coin [id=null, cell=null, agent=a2, time=null, clock=null]
Coin [id=null, cell=null, agent=a3, time=null, clock=null]
Coin [id=null, cell=null, agent=a1, time=null, clock=null]
Coin [id=null, cell=null, agent=a2, time=null, clock=null]
Coin [id=null, cell=null, agent=a3, time=null, clock=null]
Coin [id=null, cell=null, agent=null, time=null, clock=null]
Reading [id=null, agent=a1, cell=null, time=null, value=null, clock=null]
Reading [id=null, agent=a2, cell=null, time=null, value=null, clock=null]
Reading [id=null, agent=a3, cell=null, time=null, value=null, clock=null]
Position [agent=t1, id=null, cell=null, time=null, clock=null]
Position [agent=t1, id=null, cell=null, time=null, clock=null]
Position [agent=t1, id=null, cell=null, time=null, clock=null]
Position [agent=t1, id=null, cell=null, time=null, clock=null]
Coin [id=null, cell=null, agent=null, time=null, clock=null]
Coin [id=null, cell=null, agent=null, time=null, clock=null]
Coin [id=null, cell=null, agent=null, time=null, clock=null]
Coin [id=null, cell=null, agent=null, time=null, clock=null]
Coin [id=null, cell=null, agent=null, time=null, clock=null]
Coin [id=null, cell=null, agent=null, time=null, clock=null]
Coin [id=null, cell=null, agent=null, time=null, clock=null]
Coin [id=null, cell=null, agent=null, time=null, clock=null]
Coin [id=null, cell=null, agent=null, time=null, clock=null]
Coin [id=null, cell=null, agent=null, time=null, clock=null]
Coin [id=null, cell=null, agent=null, time=null, clock=null]
Coin [id=null, cell=null, agent=null, time=null, clock=null]
Position [agent=a1, id=null, cell=null, time=null, clock=null]
Position [agent=a1, id=null, cell=null, time=null, clock=null]
Position [agent=a1, id=null, cell=null, time=null, clock=null]
Position [agent=a2, id=null, cell=null, time=null, clock=null]
Position [agent=a2, id=null, cell=null, time=null, clock=null]
Position [agent=a2, id=null, cell=null, time=null, clock=null]
Position [agent=a2, id=null, cell=null, time=null, clock=null]
Position [agent=a3, id=null, cell=null, time=null, clock=null]
Position [agent=a3, id=null, cell=null, time=null, clock=null]
Position [agent=a3, id=null, cell=null, time=null, clock=null]
Position [agent=a3, id=null, cell=null, time=null, clock=null]
Position [agent=t1, id=null, cell=null, time=null, clock=null]
Position [agent=t1, id=null, cell=null, time=null, clock=null]
Position [agent=t1, id=null, cell=null, time=null, clock=null]
Position [agent=t1, id=null, cell=null, time=null, clock=null]
Coin [id=null, cell=null, agent=null, time=null, clock=null]
Coin [id=null, cell=null, agent=null, time=null, clock=null]
Coin [id=null, cell=null, agent=null, time=null, clock=null]
Coin [id=null, cell=null, agent=null, time=null, clock=null]
Coin [id=null, cell=null, agent=null, time=null, clock=null]
Coin [id=null, cell=null, agent=null, time=null, clock=null]
Coin [id=null, cell=null, agent=null, time=null, clock=null]
Coin [id=null, cell=null, agent=null, time=null, clock=null]
Coin [id=null, cell=null, agent=null, time=null, clock=null]
Coin [id=null, cell=null, agent=null, time=null, clock=null]
Coin [id=null, cell=null, agent=null, time=null, clock=null]
Coin [id=null, cell=null, agent=null, time=null, clock=null]
Position [agent=a1, id=null, cell=null, time=null, clock=null]
Position [agent=a1, id=null, cell=null, time=null, clock=null]
Position [agent=a1, id=null, cell=null, time=null, clock=null]
Position [agent=a2, id=null, cell=null, time=null, clock=null]
Position [agent=a2, id=null, cell=null, time=null, clock=null]
Position [agent=a2, id=null, cell=null, time=null, clock=null]
Position [agent=a2, id=null, cell=null, time=null, clock=null]
Position [agent=a3, id=null, cell=null, time=null, clock=null]
Position [agent=a3, id=null, cell=null, time=null, clock=null]
Position [agent=a3, id=null, cell=null, time=null, clock=null]
Position [agent=a3, id=null, cell=null, time=null, clock=null]
Position [agent=t1, id=null, cell=null, time=null, clock=null]
Position [agent=t1, id=null, cell=null, time=null, clock=null]
Position [agent=t1, id=null, cell=null, time=null, clock=null]
Position [agent=t1, id=null, cell=null, time=null, clock=null]
Coin [id=null, cell=null, agent=null, time=null, clock=null]
Coin [id=null, cell=null, agent=null, time=null, clock=null]
Coin [id=null, cell=null, agent=null, time=null, clock=null]
Coin [id=null, cell=null, agent=null, time=null, clock=null]
Coin [id=null, cell=null, agent=null, time=null, clock=null]
Coin [id=null, cell=null, agent=null, time=null, clock=null]
Coin [id=null, cell=null, agent=null, time=null, clock=null]
Coin [id=null, cell=null, agent=null, time=null, clock=null]
Coin [id=null, cell=null, agent=null, time=null, clock=null]
Coin [id=null, cell=null, agent=null, time=null, clock=null]
Coin [id=null, cell=null, agent=null, time=null, clock=null]
Coin [id=null, cell=null, agent=null, time=null, clock=null]
Position [agent=a1, id=null, cell=null, time=null, clock=null]
Position [agent=a1, id=null, cell=null, time=null, clock=null]
Position [agent=a1, id=null, cell=null, time=null, clock=null]
Position [agent=a2, id=null, cell=null, time=null, clock=null]
Position [agent=a2, id=null, cell=null, time=null, clock=null]
Position [agent=a2, id=null, cell=null, time=null, clock=null]
Position [agent=a2, id=null, cell=null, time=null, clock=null]
Position [agent=a3, id=null, cell=null, time=null, clock=null]
Position [agent=a3, id=null, cell=null, time=null, clock=null]
Position [agent=a3, id=null, cell=null, time=null, clock=null]
Position [agent=a3, id=null, cell=null, time=null, clock=null]
org position notification
Cargo [id=null, cell=null, time=null, clock=null]
Coin [id=null, cell=null, agent=a1, time=null, clock=null]
Coin [id=null, cell=null, agent=a2, time=null, clock=null]
Coin [id=null, cell=null, agent=a3, time=null, clock=null]
Coin [id=null, cell=null, agent=a1, time=null, clock=null]
Coin [id=null, cell=null, agent=a2, time=null, clock=null]
Coin [id=null, cell=null, agent=a3, time=null, clock=null]
Coin [id=null, cell=null, agent=a1, time=null, clock=null]
Coin [id=null, cell=null, agent=a2, time=null, clock=null]
Coin [id=null, cell=null, agent=a3, time=null, clock=null]
Coin [id=null, cell=null, agent=null, time=null, clock=null]
Reading [id=null, agent=a1, cell=null, time=null, value=null, clock=null]
Reading [id=null, agent=a2, cell=null, time=null, value=null, clock=null]
Reading [id=null, agent=a3, cell=null, time=null, value=null, clock=null]
from/for agent a1  prohibition([at(5, 5, a1)], [reduce_300(a1)])
Organization notifies agent (write): Prohibition [agent=a1, prohibition=[at(5, 5, a1)], sanction=[reduce_300(a1)], clock=0, time=Tue Jun 04 11:32:44 BST 2013]
Position [agent=t1, id=null, cell=null, time=null, clock=null]
Position [agent=t1, id=null, cell=null, time=null, clock=null]
Position [agent=t1, id=null, cell=null, time=null, clock=null]
Position [agent=t1, id=null, cell=null, time=null, clock=null]
Coin [id=null, cell=null, agent=null, time=null, clock=null]
Coin [id=null, cell=null, agent=null, time=null, clock=null]
Coin [id=null, cell=null, agent=null, time=null, clock=null]
Coin [id=null, cell=null, agent=null, time=null, clock=null]
Coin [id=null, cell=null, agent=null, time=null, clock=null]
Coin [id=null, cell=null, agent=null, time=null, clock=null]
Coin [id=null, cell=null, agent=null, time=null, clock=null]
Coin [id=null, cell=null, agent=null, time=null, clock=null]
Coin [id=null, cell=null, agent=null, time=null, clock=null]
Coin [id=null, cell=null, agent=null, time=null, clock=null]
Coin [id=null, cell=null, agent=null, time=null, clock=null]
Coin [id=null, cell=null, agent=null, time=null, clock=null]
Position [agent=a1, id=null, cell=null, time=null, clock=null]
Position [agent=a1, id=null, cell=null, time=null, clock=null]
Position [agent=a1, id=null, cell=null, time=null, clock=null]
Position [agent=a2, id=null, cell=null, time=null, clock=null]
Position [agent=a2, id=null, cell=null, time=null, clock=null]
Position [agent=a2, id=null, cell=null, time=null, clock=null]
Position [agent=a2, id=null, cell=null, time=null, clock=null]
Position [agent=a3, id=null, cell=null, time=null, clock=null]
Position [agent=a3, id=null, cell=null, time=null, clock=null]
Position [agent=a3, id=null, cell=null, time=null, clock=null]
Position [agent=a3, id=null, cell=null, time=null, clock=null]
Position [agent=a1, id=null, cell=null, time=null, clock=null]
Position [agent=a1, id=null, cell=null, time=null, clock=null]
Position [agent=a1, id=null, cell=null, time=null, clock=null]
Cargo [id=null, cell=null, time=null, clock=null]
Coin [id=null, cell=null, agent=a1, time=null, clock=null]
Coin [id=null, cell=null, agent=a2, time=null, clock=null]
Coin [id=null, cell=null, agent=a3, time=null, clock=null]
Coin [id=null, cell=null, agent=a1, time=null, clock=null]
Coin [id=null, cell=null, agent=a2, time=null, clock=null]
Coin [id=null, cell=null, agent=a3, time=null, clock=null]
Coin [id=null, cell=null, agent=a1, time=null, clock=null]
Coin [id=null, cell=null, agent=a2, time=null, clock=null]
Coin [id=null, cell=null, agent=a3, time=null, clock=null]
Coin [id=null, cell=null, agent=null, time=null, clock=null]
Reading [id=null, agent=a1, cell=null, time=null, value=null, clock=null]
Reading [id=null, agent=a2, cell=null, time=null, value=null, clock=null]
Reading [id=null, agent=a3, cell=null, time=null, value=null, clock=null]
Position [agent=t1, id=null, cell=null, time=null, clock=null]
Position [agent=t1, id=null, cell=null, time=null, clock=null]
Position [agent=t1, id=null, cell=null, time=null, clock=null]
Position [agent=t1, id=null, cell=null, time=null, clock=null]
Coin [id=null, cell=null, agent=null, time=null, clock=null]
Coin [id=null, cell=null, agent=null, time=null, clock=null]
Coin [id=null, cell=null, agent=null, time=null, clock=null]
Coin [id=null, cell=null, agent=null, time=null, clock=null]
Coin [id=null, cell=null, agent=null, time=null, clock=null]
Coin [id=null, cell=null, agent=null, time=null, clock=null]
Coin [id=null, cell=null, agent=null, time=null, clock=null]
Coin [id=null, cell=null, agent=null, time=null, clock=null]
Coin [id=null, cell=null, agent=null, time=null, clock=null]
Coin [id=null, cell=null, agent=null, time=null, clock=null]
Coin [id=null, cell=null, agent=null, time=null, clock=null]
Coin [id=null, cell=null, agent=null, time=null, clock=null]
Position [agent=a1, id=null, cell=null, time=null, clock=null]
Position [agent=a1, id=null, cell=null, time=null, clock=null]
Position [agent=a1, id=null, cell=null, time=null, clock=null]
Position [agent=a2, id=null, cell=null, time=null, clock=null]
Position [agent=a2, id=null, cell=null, time=null, clock=null]
Position [agent=a2, id=null, cell=null, time=null, clock=null]
Position [agent=a2, id=null, cell=null, time=null, clock=null]
Position [agent=a3, id=null, cell=null, time=null, clock=null]
Position [agent=a3, id=null, cell=null, time=null, clock=null]
Position [agent=a3, id=null, cell=null, time=null, clock=null]
Position [agent=a3, id=null, cell=null, time=null, clock=null]
Position [agent=t1, id=null, cell=null, time=null, clock=null]
Position [agent=t1, id=null, cell=null, time=null, clock=null]
Position [agent=t1, id=null, cell=null, time=null, clock=null]
Position [agent=t1, id=null, cell=null, time=null, clock=null]
Coin [id=null, cell=null, agent=null, time=null, clock=null]
Coin [id=null, cell=null, agent=null, time=null, clock=null]
Coin [id=null, cell=null, agent=null, time=null, clock=null]
Coin [id=null, cell=null, agent=null, time=null, clock=null]
Coin [id=null, cell=null, agent=null, time=null, clock=null]
Coin [id=null, cell=null, agent=null, time=null, clock=null]
Coin [id=null, cell=null, agent=null, time=null, clock=null]
Coin [id=null, cell=null, agent=null, time=null, clock=null]
Coin [id=null, cell=null, agent=null, time=null, clock=null]
Coin [id=null, cell=null, agent=null, time=null, clock=null]
Coin [id=null, cell=null, agent=null, time=null, clock=null]
Coin [id=null, cell=null, agent=null, time=null, clock=null]
Position [agent=a1, id=null, cell=null, time=null, clock=null]
Position [agent=a1, id=null, cell=null, time=null, clock=null]
Position [agent=a1, id=null, cell=null, time=null, clock=null]
Position [agent=a2, id=null, cell=null, time=null, clock=null]
Position [agent=a2, id=null, cell=null, time=null, clock=null]
Position [agent=a2, id=null, cell=null, time=null, clock=null]
Position [agent=a2, id=null, cell=null, time=null, clock=null]
Position [agent=a3, id=null, cell=null, time=null, clock=null]
Position [agent=a3, id=null, cell=null, time=null, clock=null]
Position [agent=a3, id=null, cell=null, time=null, clock=null]
Position [agent=a3, id=null, cell=null, time=null, clock=null]
Position [agent=t1, id=null, cell=null, time=null, clock=null]
Position [agent=t1, id=null, cell=null, time=null, clock=null]
Position [agent=t1, id=null, cell=null, time=null, clock=null]
Position [agent=t1, id=null, cell=null, time=null, clock=null]
Coin [id=null, cell=null, agent=null, time=null, clock=null]
Coin [id=null, cell=null, agent=null, time=null, clock=null]
Coin [id=null, cell=null, agent=null, time=null, clock=null]
Coin [id=null, cell=null, agent=null, time=null, clock=null]
Coin [id=null, cell=null, agent=null, time=null, clock=null]
Coin [id=null, cell=null, agent=null, time=null, clock=null]
Coin [id=null, cell=null, agent=null, time=null, clock=null]
Coin [id=null, cell=null, agent=null, time=null, clock=null]
Coin [id=null, cell=null, agent=null, time=null, clock=null]
Coin [id=null, cell=null, agent=null, time=null, clock=null]
Coin [id=null, cell=null, agent=null, time=null, clock=null]
Coin [id=null, cell=null, agent=null, time=null, clock=null]
Position [agent=a1, id=null, cell=null, time=null, clock=null]
Position [agent=a1, id=null, cell=null, time=null, clock=null]
Position [agent=a1, id=null, cell=null, time=null, clock=null]
Position [agent=a2, id=null, cell=null, time=null, clock=null]
Position [agent=a2, id=null, cell=null, time=null, clock=null]
Position [agent=a2, id=null, cell=null, time=null, clock=null]
Position [agent=a2, id=null, cell=null, time=null, clock=null]
Position [agent=a3, id=null, cell=null, time=null, clock=null]
Position [agent=a3, id=null, cell=null, time=null, clock=null]
Position [agent=a3, id=null, cell=null, time=null, clock=null]
Position [agent=a3, id=null, cell=null, time=null, clock=null]
org position notification
Cargo [id=null, cell=null, time=null, clock=null]
Coin [id=null, cell=null, agent=a1, time=null, clock=null]
Coin [id=null, cell=null, agent=a2, time=null, clock=null]
Coin [id=null, cell=null, agent=a3, time=null, clock=null]
Coin [id=null, cell=null, agent=a1, time=null, clock=null]
Coin [id=null, cell=null, agent=a2, time=null, clock=null]
Coin [id=null, cell=null, agent=a3, time=null, clock=null]
Coin [id=null, cell=null, agent=a1, time=null, clock=null]
Coin [id=null, cell=null, agent=a2, time=null, clock=null]
Coin [id=null, cell=null, agent=a3, time=null, clock=null]
Coin [id=null, cell=null, agent=null, time=null, clock=null]
Reading [id=null, agent=a1, cell=null, time=null, value=null, clock=null]
Reading [id=null, agent=a2, cell=null, time=null, value=null, clock=null]
Reading [id=null, agent=a3, cell=null, time=null, value=null, clock=null]
from/for agent a1  prohibition([at(5, 5, a1)], [reduce_300(a1)])
Organization notifies agent (write): Prohibition [agent=a1, prohibition=[at(5, 5, a1)], sanction=[reduce_300(a1)], clock=0, time=Tue Jun 04 11:33:15 BST 2013]
Position [agent=t1, id=null, cell=null, time=null, clock=null]
Position [agent=t1, id=null, cell=null, time=null, clock=null]
Position [agent=t1, id=null, cell=null, time=null, clock=null]
Position [agent=t1, id=null, cell=null, time=null, clock=null]
Coin [id=null, cell=null, agent=null, time=null, clock=null]
Coin [id=null, cell=null, agent=null, time=null, clock=null]
Coin [id=null, cell=null, agent=null, time=null, clock=null]
Coin [id=null, cell=null, agent=null, time=null, clock=null]
Coin [id=null, cell=null, agent=null, time=null, clock=null]
Coin [id=null, cell=null, agent=null, time=null, clock=null]
Coin [id=null, cell=null, agent=null, time=null, clock=null]
Coin [id=null, cell=null, agent=null, time=null, clock=null]
Coin [id=null, cell=null, agent=null, time=null, clock=null]
Coin [id=null, cell=null, agent=null, time=null, clock=null]
Coin [id=null, cell=null, agent=null, time=null, clock=null]
Coin [id=null, cell=null, agent=null, time=null, clock=null]
Position [agent=a1, id=null, cell=null, time=null, clock=null]
Position [agent=a1, id=null, cell=null, time=null, clock=null]
Position [agent=a1, id=null, cell=null, time=null, clock=null]
Position [agent=a2, id=null, cell=null, time=null, clock=null]
Position [agent=a2, id=null, cell=null, time=null, clock=null]
Position [agent=a2, id=null, cell=null, time=null, clock=null]
Position [agent=a2, id=null, cell=null, time=null, clock=null]
Position [agent=a3, id=null, cell=null, time=null, clock=null]
Position [agent=a3, id=null, cell=null, time=null, clock=null]
Position [agent=a3, id=null, cell=null, time=null, clock=null]
Position [agent=a3, id=null, cell=null, time=null, clock=null]
Position [agent=a1, id=null, cell=null, time=null, clock=null]
Position [agent=a1, id=null, cell=null, time=null, clock=null]
Position [agent=a1, id=null, cell=null, time=null, clock=null]
Cargo [id=null, cell=null, time=null, clock=null]
Coin [id=null, cell=null, agent=a1, time=null, clock=null]
Coin [id=null, cell=null, agent=a2, time=null, clock=null]
Coin [id=null, cell=null, agent=a3, time=null, clock=null]
Coin [id=null, cell=null, agent=a1, time=null, clock=null]
Coin [id=null, cell=null, agent=a2, time=null, clock=null]
Coin [id=null, cell=null, agent=a3, time=null, clock=null]
Coin [id=null, cell=null, agent=a1, time=null, clock=null]
Coin [id=null, cell=null, agent=a2, time=null, clock=null]
Coin [id=null, cell=null, agent=a3, time=null, clock=null]
Coin [id=null, cell=null, agent=null, time=null, clock=null]
Reading [id=null, agent=a1, cell=null, time=null, value=null, clock=null]
Reading [id=null, agent=a2, cell=null, time=null, value=null, clock=null]
Reading [id=null, agent=a3, cell=null, time=null, value=null, clock=null]
Position [agent=t1, id=null, cell=null, time=null, clock=null]
Position [agent=t1, id=null, cell=null, time=null, clock=null]
Position [agent=t1, id=null, cell=null, time=null, clock=null]
Position [agent=t1, id=null, cell=null, time=null, clock=null]
Coin [id=null, cell=null, agent=null, time=null, clock=null]
Coin [id=null, cell=null, agent=null, time=null, clock=null]
Coin [id=null, cell=null, agent=null, time=null, clock=null]
Coin [id=null, cell=null, agent=null, time=null, clock=null]
Coin [id=null, cell=null, agent=null, time=null, clock=null]
Coin [id=null, cell=null, agent=null, time=null, clock=null]
Coin [id=null, cell=null, agent=null, time=null, clock=null]
Coin [id=null, cell=null, agent=null, time=null, clock=null]
Coin [id=null, cell=null, agent=null, time=null, clock=null]
Coin [id=null, cell=null, agent=null, time=null, clock=null]
Coin [id=null, cell=null, agent=null, time=null, clock=null]
Coin [id=null, cell=null, agent=null, time=null, clock=null]
Position [agent=a1, id=null, cell=null, time=null, clock=null]
Position [agent=a1, id=null, cell=null, time=null, clock=null]
Position [agent=a1, id=null, cell=null, time=null, clock=null]
Position [agent=a2, id=null, cell=null, time=null, clock=null]
Position [agent=a2, id=null, cell=null, time=null, clock=null]
Position [agent=a2, id=null, cell=null, time=null, clock=null]
Position [agent=a2, id=null, cell=null, time=null, clock=null]
Position [agent=a3, id=null, cell=null, time=null, clock=null]
Position [agent=a3, id=null, cell=null, time=null, clock=null]
Position [agent=a3, id=null, cell=null, time=null, clock=null]
test.
Lookup locator: jini://kafka.cs.nott.ac.uk/
Service Registrar: cd3a4044-12fc-4239-a9d9-b6afeec3f53d
