Service Registrar: da7bf327-e2cd-45de-b3b5-fe10b555c1a9
Java Space found.
TransactionManager found.
org notified 
org notified 
org notified 
org notified 
to be compared: [tuplespace.Cargo@6204904d]
from agent t1  obligation([cargo(_, _, _)], 10, [reduce_100(t1)])
to be compared: [Coin [id=10, cell=Cell [x=15, y=15], agent=a1, time=Tue Jan 08 12:30:49 GMT 2013, clock=1], Coin [id=20, cell=Cell [x=1, y=15], agent=a2, time=Tue Jan 08 12:30:49 GMT 2013, clock=1], Coin [id=30, cell=Cell [x=15, y=1], agent=a3, time=Tue Jan 08 12:30:49 GMT 2013, clock=1]]
to be compared: [tuplespace.Cargo@37cc1f09]
from agent t1  prohibition([cargo(_, _, 2)], [reduce_100(t1)])
from agent t1  prohibition([at(5, 5, t1)], [reduce_300(t1)])
from agent t1  prohibition([at(5, 6, t1)], [reduce_300(t1)])
from agent t1  prohibition([at(6, 5, t1)], [reduce_300(t1)])
from agent t1  prohibition([at(6, 6, t1)], [reduce_300(t1)])
[null]
java.lang.ClassCastException: apapl.data.APLIdent cannot be cast to apapl.data.APLFunction
	at envJavaSpace.SpaceTest.notifyAgent(SpaceTest.java:1109)
	at envJavaSpace.AgentHandler.notify(AgentHandler.java:58)
	at sun.reflect.NativeMethodAccessorImpl.invoke0(Native Method)
	at sun.reflect.NativeMethodAccessorImpl.invoke(NativeMethodAccessorImpl.java:39)
	at sun.reflect.DelegatingMethodAccessorImpl.invoke(DelegatingMethodAccessorImpl.java:25)
	at java.lang.reflect.Method.invoke(Method.java:597)
	at sun.rmi.server.UnicastServerRef.dispatch(UnicastServerRef.java:303)
	at sun.rmi.transport.Transport$1.run(Transport.java:159)
	at java.security.AccessController.doPrivileged(Native Method)
	at sun.rmi.transport.Transport.serviceCall(Transport.java:155)
	at sun.rmi.transport.tcp.TCPTransport.handleMessages(TCPTransport.java:535)
	at sun.rmi.transport.tcp.TCPTransport$ConnectionHandler.run0(TCPTransport.java:790)
	at sun.rmi.transport.tcp.TCPTransport$ConnectionHandler.run(TCPTransport.java:649)
	at java.util.concurrent.ThreadPoolExecutor$Worker.runTask(ThreadPoolExecutor.java:886)
	at java.util.concurrent.ThreadPoolExecutor$Worker.run(ThreadPoolExecutor.java:908)
	at java.lang.Thread.run(Thread.java:680)
to be compared: [Prohibition [agent=t1, prohibition=[at(6, 5, t1)], sanction=[reduce_300(t1)], clock=1, time=Tue Jan 08 12:30:51 GMT 2013]]
[Prohibition [agent=t1, prohibition=[at(6, 5, t1)], sanction=[reduce_300(t1)], clock=1, time=Tue Jan 08 12:30:51 GMT 2013]]
to be compared: [Prohibition [agent=t1, prohibition=[at(5, 5, t1)], sanction=[reduce_300(t1)], clock=1, time=Tue Jan 08 12:30:51 GMT 2013], Prohibition [agent=t1, prohibition=[at(6, 6, t1)], sanction=[reduce_300(t1)], clock=1, time=Tue Jan 08 12:30:51 GMT 2013]]
to be compared: [Prohibition [agent=t1, prohibition=[cargo(_, _, 2)], sanction=[reduce_100(t1)], clock=1, time=Tue Jan 08 12:30:51 GMT 2013], Prohibition [agent=t1, prohibition=[at(5, 6, t1)], sanction=[reduce_300(t1)], clock=1, time=Tue Jan 08 12:30:51 GMT 2013]]
java.lang.NullPointerException
	at envJavaSpace.SpaceTest$1.compare(SpaceTest.java:1095)
	at java.util.Arrays.mergeSort(Arrays.java:1270)
	at java.util.Arrays.sort(Arrays.java:1210)
	at java.util.Collections.sort(Collections.java:157)
	at envJavaSpace.SpaceTest.getLatest(SpaceTest.java:1091)
	at envJavaSpace.SpaceTest.getAll(SpaceTest.java:1034)
	at envJavaSpace.SpaceTest.readProhibition(SpaceTest.java:987)
	at envJavaSpace.AgentHandler.notify(AgentHandler.java:57)
	at sun.reflect.NativeMethodAccessorImpl.invoke0(Native Method)
	at sun.reflect.NativeMethodAccessorImpl.invoke(NativeMethodAccessorImpl.java:39)
	at sun.reflect.DelegatingMethodAccessorImpl.invoke(DelegatingMethodAccessorImpl.java:25)
	at java.lang.reflect.Method.invoke(Method.java:597)
	at sun.rmi.server.UnicastServerRef.dispatch(UnicastServerRef.java:303)
	at sun.rmi.transport.Transport$1.run(Transport.java:159)
	at java.security.AccessController.doPrivileged(Native Method)
	at sun.rmi.transport.Transport.serviceCall(Transport.java:155)
	at sun.rmi.transport.tcp.TCPTransport.handleMessages(TCPTransport.java:535)
	at sun.rmi.transport.tcp.TCPTransport$ConnectionHandler.run0(TCPTransport.java:790)
	at sun.rmi.transport.tcp.TCPTransport$ConnectionHandler.run(TCPTransport.java:649)
	at java.util.concurrent.ThreadPoolExecutor$Worker.runTask(ThreadPoolExecutor.java:886)
	at java.util.concurrent.ThreadPoolExecutor$Worker.run(ThreadPoolExecutor.java:908)
	at java.lang.Thread.run(Thread.java:680)
java.lang.NullPointerException
	at envJavaSpace.SpaceTest$1.compare(SpaceTest.java:1095)
	at java.util.Arrays.mergeSort(Arrays.java:1270)
	at java.util.Arrays.sort(Arrays.java:1210)
	at java.util.Collections.sort(Collections.java:157)
	at envJavaSpace.SpaceTest.getLatest(SpaceTest.java:1091)
	at envJavaSpace.SpaceTest.getAll(SpaceTest.java:1034)
	at envJavaSpace.SpaceTest.readProhibition(SpaceTest.java:987)
	at envJavaSpace.AgentHandler.notify(AgentHandler.java:57)
	at sun.reflect.NativeMethodAccessorImpl.invoke0(Native Method)
	at sun.reflect.NativeMethodAccessorImpl.invoke(NativeMethodAccessorImpl.java:39)
	at sun.reflect.DelegatingMethodAccessorImpl.invoke(DelegatingMethodAccessorImpl.java:25)
	at java.lang.reflect.Method.invoke(Method.java:597)
	at sun.rmi.server.UnicastServerRef.dispatch(UnicastServerRef.java:303)
	at sun.rmi.transport.Transport$1.run(Transport.java:159)
	at java.security.AccessController.doPrivileged(Native Method)
	at sun.rmi.transport.Transport.serviceCall(Transport.java:155)
	at sun.rmi.transport.tcp.TCPTransport.handleMessages(TCPTransport.java:535)
	at sun.rmi.transport.tcp.TCPTransport$ConnectionHandler.run0(TCPTransport.java:790)
	at sun.rmi.transport.tcp.TCPTransport$ConnectionHandler.run(TCPTransport.java:649)
	at java.util.concurrent.ThreadPoolExecutor$Worker.runTask(ThreadPoolExecutor.java:886)
	at java.util.concurrent.ThreadPoolExecutor$Worker.run(ThreadPoolExecutor.java:908)
	at java.lang.Thread.run(Thread.java:680)
prohibition(at(6, 5, t1), reduce_300(t1))
[null]
java.lang.ClassCastException: apapl.data.APLIdent cannot be cast to apapl.data.APLFunction
	at envJavaSpace.SpaceTest.notifyAgent(SpaceTest.java:1109)
	at envJavaSpace.AgentHandler.notify(AgentHandler.java:58)
	at sun.reflect.NativeMethodAccessorImpl.invoke0(Native Method)
	at sun.reflect.NativeMethodAccessorImpl.invoke(NativeMethodAccessorImpl.java:39)
	at sun.reflect.DelegatingMethodAccessorImpl.invoke(DelegatingMethodAccessorImpl.java:25)
	at java.lang.reflect.Method.invoke(Method.java:597)
	at sun.rmi.server.UnicastServerRef.dispatch(UnicastServerRef.java:303)
	at sun.rmi.transport.Transport$1.run(Transport.java:159)
	at java.security.AccessController.doPrivileged(Native Method)
	at sun.rmi.transport.Transport.serviceCall(Transport.java:155)
	at sun.rmi.transport.tcp.TCPTransport.handleMessages(TCPTransport.java:535)
	at sun.rmi.transport.tcp.TCPTransport$ConnectionHandler.run0(TCPTransport.java:790)
	at sun.rmi.transport.tcp.TCPTransport$ConnectionHandler.run(TCPTransport.java:649)
	at java.util.concurrent.ThreadPoolExecutor$Worker.runTask(ThreadPoolExecutor.java:886)
	at java.util.concurrent.ThreadPoolExecutor$Worker.run(ThreadPoolExecutor.java:908)
	at java.lang.Thread.run(Thread.java:680)
to be compared: [Prohibition [agent=t1, prohibition=[at(6, 5, t1)], sanction=[reduce_300(t1)], clock=1, time=Tue Jan 08 12:30:51 GMT 2013]]
[Prohibition [agent=t1, prohibition=[at(6, 5, t1)], sanction=[reduce_300(t1)], clock=1, time=Tue Jan 08 12:30:51 GMT 2013]]
prohibition(at(6, 5, t1), reduce_300(t1))
[null]
java.lang.ClassCastException: apapl.data.APLIdent cannot be cast to apapl.data.APLFunction
	at envJavaSpace.SpaceTest.notifyAgent(SpaceTest.java:1109)
	at envJavaSpace.AgentHandler.notify(AgentHandler.java:58)
	at sun.reflect.NativeMethodAccessorImpl.invoke0(Native Method)
	at sun.reflect.NativeMethodAccessorImpl.invoke(NativeMethodAccessorImpl.java:39)
	at sun.reflect.DelegatingMethodAccessorImpl.invoke(DelegatingMethodAccessorImpl.java:25)
	at java.lang.reflect.Method.invoke(Method.java:597)
	at sun.rmi.server.UnicastServerRef.dispatch(UnicastServerRef.java:303)
	at sun.rmi.transport.Transport$1.run(Transport.java:159)
	at java.security.AccessController.doPrivileged(Native Method)
	at sun.rmi.transport.Transport.serviceCall(Transport.java:155)
	at sun.rmi.transport.tcp.TCPTransport.handleMessages(TCPTransport.java:535)
	at sun.rmi.transport.tcp.TCPTransport$ConnectionHandler.run0(TCPTransport.java:790)
	at sun.rmi.transport.tcp.TCPTransport$ConnectionHandler.run(TCPTransport.java:649)
	at java.util.concurrent.ThreadPoolExecutor$Worker.runTask(ThreadPoolExecutor.java:886)
	at java.util.concurrent.ThreadPoolExecutor$Worker.run(ThreadPoolExecutor.java:908)
	at java.lang.Thread.run(Thread.java:680)
[null]
java.lang.ClassCastException: apapl.data.APLIdent cannot be cast to apapl.data.APLFunction
	at envJavaSpace.SpaceTest.notifyAgent(SpaceTest.java:1109)
	at envJavaSpace.AgentHandler.notify(AgentHandler.java:58)
	at sun.reflect.NativeMethodAccessorImpl.invoke0(Native Method)
	at sun.reflect.NativeMethodAccessorImpl.invoke(NativeMethodAccessorImpl.java:39)
	at sun.reflect.DelegatingMethodAccessorImpl.invoke(DelegatingMethodAccessorImpl.java:25)
	at java.lang.reflect.Method.invoke(Method.java:597)
	at sun.rmi.server.UnicastServerRef.dispatch(UnicastServerRef.java:303)
	at sun.rmi.transport.Transport$1.run(Transport.java:159)
	at java.security.AccessController.doPrivileged(Native Method)
	at sun.rmi.transport.Transport.serviceCall(Transport.java:155)
	at sun.rmi.transport.tcp.TCPTransport.handleMessages(TCPTransport.java:535)
	at sun.rmi.transport.tcp.TCPTransport$ConnectionHandler.run0(TCPTransport.java:790)
	at sun.rmi.transport.tcp.TCPTransport$ConnectionHandler.run(TCPTransport.java:649)
	at java.util.concurrent.ThreadPoolExecutor$Worker.runTask(ThreadPoolExecutor.java:886)
	at java.util.concurrent.ThreadPoolExecutor$Worker.run(ThreadPoolExecutor.java:908)
	at java.lang.Thread.run(Thread.java:680)
to be compared: [Prohibition [agent=t1, prohibition=[at(6, 5, t1)], sanction=[reduce_300(t1)], clock=1, time=Tue Jan 08 12:30:51 GMT 2013]]
[Prohibition [agent=t1, prohibition=[at(6, 5, t1)], sanction=[reduce_300(t1)], clock=1, time=Tue Jan 08 12:30:51 GMT 2013]]
[null]
prohibition(at(6, 5, t1), reduce_300(t1))
java.lang.ClassCastException: apapl.data.APLIdent cannot be cast to apapl.data.APLFunction
	at envJavaSpace.SpaceTest.notifyAgent(SpaceTest.java:1109)
	at envJavaSpace.AgentHandler.notify(AgentHandler.java:58)
	at sun.reflect.NativeMethodAccessorImpl.invoke0(Native Method)
	at sun.reflect.NativeMethodAccessorImpl.invoke(NativeMethodAccessorImpl.java:39)
	at sun.reflect.DelegatingMethodAccessorImpl.invoke(DelegatingMethodAccessorImpl.java:25)
	at java.lang.reflect.Method.invoke(Method.java:597)
	at sun.rmi.server.UnicastServerRef.dispatch(UnicastServerRef.java:303)
	at sun.rmi.transport.Transport$1.run(Transport.java:159)
	at java.security.AccessController.doPrivileged(Native Method)
	at sun.rmi.transport.Transport.serviceCall(Transport.java:155)
	at sun.rmi.transport.tcp.TCPTransport.handleMessages(TCPTransport.java:535)
	at sun.rmi.transport.tcp.TCPTransport$ConnectionHandler.run0(TCPTransport.java:790)
	at sun.rmi.transport.tcp.TCPTransport$ConnectionHandler.run(TCPTransport.java:649)
	at java.util.concurrent.ThreadPoolExecutor$Worker.runTask(ThreadPoolExecutor.java:886)
	at java.util.concurrent.ThreadPoolExecutor$Worker.run(ThreadPoolExecutor.java:908)
	at java.lang.Thread.run(Thread.java:680)
from agent c1  prohibition([coin(5, 5, _, a1)], [reduce_300(c1)])
from agent c1  prohibition([coin(5, 6, _, a1)], [reduce_300(c1)])
from agent c1  prohibition([coin(6, 5, _, a1)], [reduce_300(c1)])
from agent c1  prohibition([coin(6, 6, _, a1)], [reduce_300(c1)])
from agent c1  prohibition([coin(5, 5, _, a2)], [reduce_300(c1)])
from agent c1  prohibition([coin(5, 6, _, a2)], [reduce_300(c1)])
from agent c1  prohibition([coin(6, 5, _, a2)], [reduce_300(c1)])
from agent c1  prohibition([coin(6, 6, _, a2)], [reduce_300(c1)])
from agent c1  prohibition([coin(5, 5, _, a3)], [reduce_300(c1)])
from agent c1  prohibition([coin(5, 6, _, a3)], [reduce_300(c1)])
from agent c1  prohibition([coin(6, 5, _, a3)], [reduce_300(c1)])
from agent c1  prohibition([coin(6, 6, _, a3)], [reduce_300(c1)])
to be compared: [Prohibition [agent=c1, prohibition=[coin(5, 6, _, a1)], sanction=[reduce_300(c1)], clock=1, time=Tue Jan 08 12:30:52 GMT 2013], Prohibition [agent=c1, prohibition=[coin(5, 5, _, a2)], sanction=[reduce_300(c1)], clock=1, time=Tue Jan 08 12:30:52 GMT 2013]]
java.lang.NullPointerException
	at envJavaSpace.SpaceTest$1.compare(SpaceTest.java:1095)
	at java.util.Arrays.mergeSort(Arrays.java:1270)
	at java.util.Arrays.sort(Arrays.java:1210)
	at java.util.Collections.sort(Collections.java:157)
	at envJavaSpace.SpaceTest.getLatest(SpaceTest.java:1091)
	at envJavaSpace.SpaceTest.getAll(SpaceTest.java:1034)
	at envJavaSpace.SpaceTest.readProhibition(SpaceTest.java:987)
	at envJavaSpace.AgentHandler.notify(AgentHandler.java:57)
	at sun.reflect.NativeMethodAccessorImpl.invoke0(Native Method)
	at sun.reflect.NativeMethodAccessorImpl.invoke(NativeMethodAccessorImpl.java:39)
	at sun.reflect.DelegatingMethodAccessorImpl.invoke(DelegatingMethodAccessorImpl.java:25)
	at java.lang.reflect.Method.invoke(Method.java:597)
	at sun.rmi.server.UnicastServerRef.dispatch(UnicastServerRef.java:303)
	at sun.rmi.transport.Transport$1.run(Transport.java:159)
	at java.security.AccessController.doPrivileged(Native Method)
	at sun.rmi.transport.Transport.serviceCall(Transport.java:155)
	at sun.rmi.transport.tcp.TCPTransport.handleMessages(TCPTransport.java:535)
	at sun.rmi.transport.tcp.TCPTransport$ConnectionHandler.run0(TCPTransport.java:790)
	at sun.rmi.transport.tcp.TCPTransport$ConnectionHandler.run(TCPTransport.java:649)
	at java.util.concurrent.ThreadPoolExecutor$Worker.runTask(ThreadPoolExecutor.java:886)
	at java.util.concurrent.ThreadPoolExecutor$Worker.run(ThreadPoolExecutor.java:908)
	at java.lang.Thread.run(Thread.java:680)
to be compared: [Prohibition [agent=c1, prohibition=[coin(6, 5, _, a1)], sanction=[reduce_300(c1)], clock=1, time=Tue Jan 08 12:30:52 GMT 2013], Prohibition [agent=c1, prohibition=[coin(6, 5, _, a2)], sanction=[reduce_300(c1)], clock=1, time=Tue Jan 08 12:30:52 GMT 2013], Prohibition [agent=c1, prohibition=[coin(6, 5, _, a3)], sanction=[reduce_300(c1)], clock=1, time=Tue Jan 08 12:30:52 GMT 2013]]
java.lang.NullPointerException
	at envJavaSpace.SpaceTest$1.compare(SpaceTest.java:1095)
	at java.util.Arrays.mergeSort(Arrays.java:1270)
	at java.util.Arrays.sort(Arrays.java:1210)
	at java.util.Collections.sort(Collections.java:157)
	at envJavaSpace.SpaceTest.getLatest(SpaceTest.java:1091)
	at envJavaSpace.SpaceTest.getAll(SpaceTest.java:1034)
	at envJavaSpace.SpaceTest.readProhibition(SpaceTest.java:987)
	at envJavaSpace.AgentHandler.notify(AgentHandler.java:57)
	at sun.reflect.GeneratedMethodAccessor34.invoke(Unknown Source)
	at sun.reflect.DelegatingMethodAccessorImpl.invoke(DelegatingMethodAccessorImpl.java:25)
	at java.lang.reflect.Method.invoke(Method.java:597)
	at sun.rmi.server.UnicastServerRef.dispatch(UnicastServerRef.java:303)
	at sun.rmi.transport.Transport$1.run(Transport.java:159)
	at java.security.AccessController.doPrivileged(Native Method)
	at sun.rmi.transport.Transport.serviceCall(Transport.java:155)
	at sun.rmi.transport.tcp.TCPTransport.handleMessages(TCPTransport.java:535)
	at sun.rmi.transport.tcp.TCPTransport$ConnectionHandler.run0(TCPTransport.java:790)
	at sun.rmi.transport.tcp.TCPTransport$ConnectionHandler.run(TCPTransport.java:649)
	at java.util.concurrent.ThreadPoolExecutor$Worker.runTask(ThreadPoolExecutor.java:886)
	at java.util.concurrent.ThreadPoolExecutor$Worker.run(ThreadPoolExecutor.java:908)
	at java.lang.Thread.run(Thread.java:680)
to be compared: [Prohibition [agent=c1, prohibition=[coin(5, 5, _, a1)], sanction=[reduce_300(c1)], clock=1, time=Tue Jan 08 12:30:52 GMT 2013], Prohibition [agent=c1, prohibition=[coin(5, 6, _, a2)], sanction=[reduce_300(c1)], clock=1, time=Tue Jan 08 12:30:52 GMT 2013], Prohibition [agent=c1, prohibition=[coin(6, 6, _, a3)], sanction=[reduce_300(c1)], clock=1, time=Tue Jan 08 12:30:52 GMT 2013]]
to be compared: [Prohibition [agent=t1, prohibition=[at(6, 5, t1)], sanction=[reduce_300(t1)], clock=1, time=Tue Jan 08 12:30:51 GMT 2013], Prohibition [agent=c1, prohibition=[coin(6, 6, _, a1)], sanction=[reduce_300(c1)], clock=1, time=Tue Jan 08 12:30:52 GMT 2013], Prohibition [agent=c1, prohibition=[coin(5, 5, _, a3)], sanction=[reduce_300(c1)], clock=1, time=Tue Jan 08 12:30:52 GMT 2013]]
java.lang.NullPointerException
	at envJavaSpace.SpaceTest$1.compare(SpaceTest.java:1095)
	at java.util.Arrays.mergeSort(Arrays.java:1270)
	at java.util.Arrays.sort(Arrays.java:1210)
	at java.util.Collections.sort(Collections.java:157)
	at envJavaSpace.SpaceTest.getLatest(SpaceTest.java:1091)
	at envJavaSpace.SpaceTest.getAll(SpaceTest.java:1034)
	at envJavaSpace.SpaceTest.readProhibition(SpaceTest.java:987)
	at envJavaSpace.AgentHandler.notify(AgentHandler.java:57)
	at sun.reflect.NativeMethodAccessorImpl.invoke0(Native Method)
	at sun.reflect.NativeMethodAccessorImpl.invoke(NativeMethodAccessorImpl.java:39)
	at sun.reflect.DelegatingMethodAccessorImpl.invoke(DelegatingMethodAccessorImpl.java:25)
	at java.lang.reflect.Method.invoke(Method.java:597)
	at sun.rmi.server.UnicastServerRef.dispatch(UnicastServerRef.java:303)
	at sun.rmi.transport.Transport$1.run(Transport.java:159)
	at java.security.AccessController.doPrivileged(Native Method)
	at sun.rmi.transport.Transport.serviceCall(Transport.java:155)
	at sun.rmi.transport.tcp.TCPTransport.handleMessages(TCPTransport.java:535)
	at sun.rmi.transport.tcp.TCPTransport$ConnectionHandler.run0(TCPTransport.java:790)
	at sun.rmi.transport.tcp.TCPTransport$ConnectionHandler.run(TCPTransport.java:649)
	at java.util.concurrent.ThreadPoolExecutor$Worker.runTask(ThreadPoolExecutor.java:886)
	at java.util.concurrent.ThreadPoolExecutor$Worker.run(ThreadPoolExecutor.java:908)
	at java.lang.Thread.run(Thread.java:680)
to be compared: [Prohibition [agent=c1, prohibition=[coin(6, 6, _, a2)], sanction=[reduce_300(c1)], clock=1, time=Tue Jan 08 12:30:52 GMT 2013], Prohibition [agent=c1, prohibition=[coin(5, 6, _, a3)], sanction=[reduce_300(c1)], clock=1, time=Tue Jan 08 12:30:52 GMT 2013]]
java.lang.NullPointerException
	at envJavaSpace.SpaceTest$1.compare(SpaceTest.java:1095)
	at java.util.Arrays.mergeSort(Arrays.java:1270)
	at java.util.Arrays.sort(Arrays.java:1210)
	at java.util.Collections.sort(Collections.java:157)
	at envJavaSpace.SpaceTest.getLatest(SpaceTest.java:1091)
	at envJavaSpace.SpaceTest.getAll(SpaceTest.java:1034)
	at envJavaSpace.SpaceTest.readProhibition(SpaceTest.java:987)
	at envJavaSpace.AgentHandler.notify(AgentHandler.java:57)
	at sun.reflect.NativeMethodAccessorImpl.invoke0(Native Method)
	at sun.reflect.NativeMethodAccessorImpl.invoke(NativeMethodAccessorImpl.java:39)
	at sun.reflect.DelegatingMethodAccessorImpl.invoke(DelegatingMethodAccessorImpl.java:25)
	at java.lang.reflect.Method.invoke(Method.java:597)
	at sun.rmi.server.UnicastServerRef.dispatch(UnicastServerRef.java:303)
	at sun.rmi.transport.Transport$1.run(Transport.java:159)
	at java.security.AccessController.doPrivileged(Native Method)
	at sun.rmi.transport.Transport.serviceCall(Transport.java:155)
	at sun.rmi.transport.tcp.TCPTransport.handleMessages(TCPTransport.java:535)
	at sun.rmi.transport.tcp.TCPTransport$ConnectionHandler.run0(TCPTransport.java:790)
	at sun.rmi.transport.tcp.TCPTransport$ConnectionHandler.run(TCPTransport.java:649)
	at java.util.concurrent.ThreadPoolExecutor$Worker.runTask(ThreadPoolExecutor.java:886)
	at java.util.concurrent.ThreadPoolExecutor$Worker.run(ThreadPoolExecutor.java:908)
	at java.lang.Thread.run(Thread.java:680)
java.lang.NullPointerException
	at envJavaSpace.SpaceTest$1.compare(SpaceTest.java:1095)
	at java.util.Arrays.mergeSort(Arrays.java:1270)
	at java.util.Arrays.sort(Arrays.java:1210)
	at java.util.Collections.sort(Collections.java:157)
	at envJavaSpace.SpaceTest.getLatest(SpaceTest.java:1091)
	at envJavaSpace.SpaceTest.getAll(SpaceTest.java:1034)
	at envJavaSpace.SpaceTest.readProhibition(SpaceTest.java:987)
	at envJavaSpace.AgentHandler.notify(AgentHandler.java:57)
	at sun.reflect.NativeMethodAccessorImpl.invoke0(Native Method)
	at sun.reflect.NativeMethodAccessorImpl.invoke(NativeMethodAccessorImpl.java:39)
	at sun.reflect.DelegatingMethodAccessorImpl.invoke(DelegatingMethodAccessorImpl.java:25)
	at java.lang.reflect.Method.invoke(Method.java:597)
	at sun.rmi.server.UnicastServerRef.dispatch(UnicastServerRef.java:303)
	at sun.rmi.transport.Transport$1.run(Transport.java:159)
	at java.security.AccessController.doPrivileged(Native Method)
	at sun.rmi.transport.Transport.serviceCall(Transport.java:155)
	at sun.rmi.transport.tcp.TCPTransport.handleMessages(TCPTransport.java:535)
	at sun.rmi.transport.tcp.TCPTransport$ConnectionHandler.run0(TCPTransport.java:790)
	at sun.rmi.transport.tcp.TCPTransport$ConnectionHandler.run(TCPTransport.java:649)
	at java.util.concurrent.ThreadPoolExecutor$Worker.runTask(ThreadPoolExecutor.java:886)
	at java.util.concurrent.ThreadPoolExecutor$Worker.run(ThreadPoolExecutor.java:908)
	at java.lang.Thread.run(Thread.java:680)
from agent a1  prohibition([at(5, 5, a1)], [reduce_300(a1)])
from agent a1  prohibition([at(5, 6, a1)], [reduce_300(a1)])
from agent a1  prohibition([at(6, 5, a1)], [reduce_300(a1)])
from agent a1  prohibition([at(6, 6, a1)], [reduce_300(a1)])
from agent a2  prohibition([at(5, 5, a2)], [reduce_300(a2)])
from agent a2  prohibition([at(5, 6, a2)], [reduce_300(a2)])
from agent a2  prohibition([at(6, 5, a2)], [reduce_300(a2)])
from agent a2  prohibition([at(6, 6, a2)], [reduce_300(a2)])
from agent a3  prohibition([at(5, 5, a3)], [reduce_300(a3)])
from agent a3  prohibition([at(5, 6, a3)], [reduce_300(a3)])
from agent a3  prohibition([at(6, 5, a3)], [reduce_300(a3)])
from agent a3  prohibition([at(6, 6, a3)], [reduce_300(a3)])
to be compared: [tuplespace.Cargo@4cfa4dec]
to be compared: [tuplespace.Cargo@4eafccbe]
to be compared: [tuplespace.Cargo@2e739136]
to be compared: [tuplespace.Cargo@154ab8e4]
to be compared: [Prohibition [agent=a1, prohibition=[at(5, 5, a1)], sanction=[reduce_300(a1)], clock=1, time=Tue Jan 08 12:30:54 GMT 2013], Prohibition [agent=a1, prohibition=[at(5, 6, a1)], sanction=[reduce_300(a1)], clock=1, time=Tue Jan 08 12:30:54 GMT 2013], Prohibition [agent=a1, prohibition=[at(6, 5, a1)], sanction=[reduce_300(a1)], clock=1, time=Tue Jan 08 12:30:54 GMT 2013], Prohibition [agent=a1, prohibition=[at(6, 6, a1)], sanction=[reduce_300(a1)], clock=1, time=Tue Jan 08 12:30:54 GMT 2013], Prohibition [agent=a2, prohibition=[at(5, 5, a2)], sanction=[reduce_300(a2)], clock=1, time=Tue Jan 08 12:30:54 GMT 2013], Prohibition [agent=a2, prohibition=[at(5, 6, a2)], sanction=[reduce_300(a2)], clock=1, time=Tue Jan 08 12:30:54 GMT 2013], Prohibition [agent=a2, prohibition=[at(6, 5, a2)], sanction=[reduce_300(a2)], clock=1, time=Tue Jan 08 12:30:54 GMT 2013], Prohibition [agent=a2, prohibition=[at(6, 6, a2)], sanction=[reduce_300(a2)], clock=1, time=Tue Jan 08 12:30:54 GMT 2013], Prohibition [agent=a3, prohibition=[at(5, 5, a3)], sanction=[reduce_300(a3)], clock=1, time=Tue Jan 08 12:30:54 GMT 2013], Prohibition [agent=a3, prohibition=[at(5, 6, a3)], sanction=[reduce_300(a3)], clock=1, time=Tue Jan 08 12:30:54 GMT 2013], Prohibition [agent=a3, prohibition=[at(6, 5, a3)], sanction=[reduce_300(a3)], clock=1, time=Tue Jan 08 12:30:54 GMT 2013], Prohibition [agent=a3, prohibition=[at(6, 6, a3)], sanction=[reduce_300(a3)], clock=1, time=Tue Jan 08 12:30:54 GMT 2013]]
java.lang.NullPointerException
	at envJavaSpace.SpaceTest$1.compare(SpaceTest.java:1095)
	at java.util.Arrays.mergeSort(Arrays.java:1270)
	at java.util.Arrays.mergeSort(Arrays.java:1281)
	at java.util.Arrays.sort(Arrays.java:1210)
	at java.util.Collections.sort(Collections.java:157)
	at envJavaSpace.SpaceTest.getLatest(SpaceTest.java:1091)
	at envJavaSpace.SpaceTest.getAll(SpaceTest.java:1034)
	at envJavaSpace.SpaceTest.readProhibition(SpaceTest.java:987)
	at envJavaSpace.AgentHandler.notify(AgentHandler.java:57)
	at sun.reflect.GeneratedMethodAccessor34.invoke(Unknown Source)
	at sun.reflect.DelegatingMethodAccessorImpl.invoke(DelegatingMethodAccessorImpl.java:25)
	at java.lang.reflect.Method.invoke(Method.java:597)
	at sun.rmi.server.UnicastServerRef.dispatch(UnicastServerRef.java:303)
	at sun.rmi.transport.Transport$1.run(Transport.java:159)
	at java.security.AccessController.doPrivileged(Native Method)
	at sun.rmi.transport.Transport.serviceCall(Transport.java:155)
	at sun.rmi.transport.tcp.TCPTransport.handleMessages(TCPTransport.java:535)
	at sun.rmi.transport.tcp.TCPTransport$ConnectionHandler.run0(TCPTransport.java:790)
	at sun.rmi.transport.tcp.TCPTransport$ConnectionHandler.run(TCPTransport.java:649)
	at java.util.concurrent.ThreadPoolExecutor$Worker.runTask(ThreadPoolExecutor.java:886)
	at java.util.concurrent.ThreadPoolExecutor$Worker.run(ThreadPoolExecutor.java:908)
	at java.lang.Thread.run(Thread.java:680)
[null]
[null]
[null]
[null]
java.lang.ClassCastException: apapl.data.APLIdent cannot be cast to apapl.data.APLFunction
	at envJavaSpace.SpaceTest.notifyAgent(SpaceTest.java:1109)
	at envJavaSpace.AgentHandler.notify(AgentHandler.java:58)
	at sun.reflect.GeneratedMethodAccessor34.invoke(Unknown Source)
	at sun.reflect.DelegatingMethodAccessorImpl.invoke(DelegatingMethodAccessorImpl.java:25)
	at java.lang.reflect.Method.invoke(Method.java:597)
	at sun.rmi.server.UnicastServerRef.dispatch(UnicastServerRef.java:303)
	at sun.rmi.transport.Transport$1.run(Transport.java:159)
	at java.security.AccessController.doPrivileged(Native Method)
	at sun.rmi.transport.Transport.serviceCall(Transport.java:155)
	at sun.rmi.transport.tcp.TCPTransport.handleMessages(TCPTransport.java:535)
	at sun.rmi.transport.tcp.TCPTransport$ConnectionHandler.run0(TCPTransport.java:790)
	at sun.rmi.transport.tcp.TCPTransport$ConnectionHandler.run(TCPTransport.java:649)
	at java.util.concurrent.ThreadPoolExecutor$Worker.runTask(ThreadPoolExecutor.java:886)
	at java.util.concurrent.ThreadPoolExecutor$Worker.run(ThreadPoolExecutor.java:908)
	at java.lang.Thread.run(Thread.java:680)
java.lang.ClassCastException: apapl.data.APLIdent cannot be cast to apapl.data.APLFunction
	at envJavaSpace.SpaceTest.notifyAgent(SpaceTest.java:1109)
	at envJavaSpace.AgentHandler.notify(AgentHandler.java:58)
	at sun.reflect.GeneratedMethodAccessor34.invoke(Unknown Source)
	at sun.reflect.DelegatingMethodAccessorImpl.invoke(DelegatingMethodAccessorImpl.java:25)
	at java.lang.reflect.Method.invoke(Method.java:597)
	at sun.rmi.server.UnicastServerRef.dispatch(UnicastServerRef.java:303)
	at sun.rmi.transport.Transport$1.run(Transport.java:159)
	at java.security.AccessController.doPrivileged(Native Method)
	at sun.rmi.transport.Transport.serviceCall(Transport.java:155)
	at sun.rmi.transport.tcp.TCPTransport.handleMessages(TCPTransport.java:535)
	at sun.rmi.transport.tcp.TCPTransport$ConnectionHandler.run0(TCPTransport.java:790)
	at sun.rmi.transport.tcp.TCPTransport$ConnectionHandler.run(TCPTransport.java:649)
	at java.util.concurrent.ThreadPoolExecutor$Worker.runTask(ThreadPoolExecutor.java:886)
	at java.util.concurrent.ThreadPoolExecutor$Worker.run(ThreadPoolExecutor.java:908)
	at java.lang.Thread.run(Thread.java:680)
java.lang.ClassCastException: apapl.data.APLIdent cannot be cast to apapl.data.APLFunction
	at envJavaSpace.SpaceTest.notifyAgent(SpaceTest.java:1109)
	at envJavaSpace.AgentHandler.notify(AgentHandler.java:58)
	at sun.reflect.GeneratedMethodAccessor34.invoke(Unknown Source)
	at sun.reflect.DelegatingMethodAccessorImpl.invoke(DelegatingMethodAccessorImpl.java:25)
	at java.lang.reflect.Method.invoke(Method.java:597)
	at sun.rmi.server.UnicastServerRef.dispatch(UnicastServerRef.java:303)
	at sun.rmi.transport.Transport$1.run(Transport.java:159)
	at java.security.AccessController.doPrivileged(Native Method)
	at sun.rmi.transport.Transport.serviceCall(Transport.java:155)
	at sun.rmi.transport.tcp.TCPTransport.handleMessages(TCPTransport.java:535)
	at sun.rmi.transport.tcp.TCPTransport$ConnectionHandler.run0(TCPTransport.java:790)
	at sun.rmi.transport.tcp.TCPTransport$ConnectionHandler.run(TCPTransport.java:649)
	at java.util.concurrent.ThreadPoolExecutor$Worker.runTask(ThreadPoolExecutor.java:886)
	at java.util.concurrent.ThreadPoolExecutor$Worker.run(ThreadPoolExecutor.java:908)
	at java.lang.Thread.run(Thread.java:680)
java.lang.ClassCastException: apapl.data.APLIdent cannot be cast to apapl.data.APLFunction
	at envJavaSpace.SpaceTest.notifyAgent(SpaceTest.java:1109)
	at envJavaSpace.AgentHandler.notify(AgentHandler.java:58)
	at sun.reflect.GeneratedMethodAccessor34.invoke(Unknown Source)
	at sun.reflect.DelegatingMethodAccessorImpl.invoke(DelegatingMethodAccessorImpl.java:25)
	at java.lang.reflect.Method.invoke(Method.java:597)
	at sun.rmi.server.UnicastServerRef.dispatch(UnicastServerRef.java:303)
	at sun.rmi.transport.Transport$1.run(Transport.java:159)
	at java.security.AccessController.doPrivileged(Native Method)
	at sun.rmi.transport.Transport.serviceCall(Transport.java:155)
	at sun.rmi.transport.tcp.TCPTransport.handleMessages(TCPTransport.java:535)
	at sun.rmi.transport.tcp.TCPTransport$ConnectionHandler.run0(TCPTransport.java:790)
	at sun.rmi.transport.tcp.TCPTransport$ConnectionHandler.run(TCPTransport.java:649)
	at java.util.concurrent.ThreadPoolExecutor$Worker.runTask(ThreadPoolExecutor.java:886)
	at java.util.concurrent.ThreadPoolExecutor$Worker.run(ThreadPoolExecutor.java:908)
	at java.lang.Thread.run(Thread.java:680)
to be compared: [tuplespace.Cargo@4aa168c]
to be compared: [tuplespace.Cargo@30c028cc]
to be compared: [tuplespace.Cargo@3aeb203b]
to be compared: [tuplespace.Cargo@251e9862]
to be compared: [tuplespace.Cargo@5f43a515]
to be compared: [tuplespace.Cargo@61a32fd1]
from agent t1  obligation([cargo(_, _, _)], 10, [reduce_100(t1)])
to be compared: [Obligation [agent=t1, obligation=[cargo(_, _, _)], sanction=[reduce_100(t1)], deadline=10, time=Tue Jan 08 12:28:50 GMT 2013, clock=1], Obligation [agent=t1, obligation=[cargo(_, _, _)], sanction=[reduce_100(t1)], deadline=10, time=Tue Jan 08 12:30:49 GMT 2013, clock=1], Obligation [agent=t1, obligation=[cargo(_, _, _)], sanction=[reduce_100(t1)], deadline=10, time=Tue Jan 08 12:31:13 GMT 2013, clock=1]]
java.lang.NullPointerException
	at envJavaSpace.SpaceTest$1.compare(SpaceTest.java:1095)
	at java.util.Arrays.mergeSort(Arrays.java:1270)
	at java.util.Arrays.sort(Arrays.java:1210)
	at java.util.Collections.sort(Collections.java:157)
	at envJavaSpace.SpaceTest.getLatest(SpaceTest.java:1091)
	at envJavaSpace.SpaceTest.getAll(SpaceTest.java:1034)
	at envJavaSpace.SpaceTest.readObligation(SpaceTest.java:978)
	at envJavaSpace.AgentHandler.notify(AgentHandler.java:52)
	at sun.reflect.GeneratedMethodAccessor34.invoke(Unknown Source)
	at sun.reflect.DelegatingMethodAccessorImpl.invoke(DelegatingMethodAccessorImpl.java:25)
	at java.lang.reflect.Method.invoke(Method.java:597)
	at sun.rmi.server.UnicastServerRef.dispatch(UnicastServerRef.java:303)
	at sun.rmi.transport.Transport$1.run(Transport.java:159)
	at java.security.AccessController.doPrivileged(Native Method)
	at sun.rmi.transport.Transport.serviceCall(Transport.java:155)
	at sun.rmi.transport.tcp.TCPTransport.handleMessages(TCPTransport.java:535)
	at sun.rmi.transport.tcp.TCPTransport$ConnectionHandler.run0(TCPTransport.java:790)
	at sun.rmi.transport.tcp.TCPTransport$ConnectionHandler.run(TCPTransport.java:649)
	at java.util.concurrent.ThreadPoolExecutor$Worker.runTask(ThreadPoolExecutor.java:886)
	at java.util.concurrent.ThreadPoolExecutor$Worker.run(ThreadPoolExecutor.java:908)
	at java.lang.Thread.run(Thread.java:680)
to be compared: [tuplespace.Cargo@7ce229be]
to be compared: [tuplespace.Cargo@6999de59]
to be compared: [tuplespace.Cargo@1533badd]
to be compared: [tuplespace.Cargo@3154fc43]
to be compared: [tuplespace.Cargo@53eacdc4]
to be compared: [tuplespace.Cargo@109d3f8b]
to be compared: [tuplespace.Cargo@80f252]
to be compared: [tuplespace.Cargo@efa0bf4]
to be compared: [tuplespace.Cargo@4ec4f498]
to be compared: [tuplespace.Cargo@55ac9683]
org notified 
to be compared: [tuplespace.Cargo@22f42d53]
from agent t1  obligation([cargo(_, _, _)], 10, [reduce_100(t1)])
to be compared: [Obligation [agent=t1, obligation=[cargo(_, _, _)], sanction=[reduce_100(t1)], deadline=10, time=Tue Jan 08 12:31:37 GMT 2013, clock=1]]
[Obligation [agent=t1, obligation=[cargo(_, _, _)], sanction=[reduce_100(t1)], deadline=10, time=Tue Jan 08 12:31:37 GMT 2013, clock=1]]
obligation(cargo(_, _, _, t1), 10, reduce_100(t1))
to be compared: [tuplespace.Cargo@61202afe]
to be compared: [tuplespace.Cargo@5f30cda4]
to be compared: [tuplespace.Cargo@1edb587]
to be compared: [tuplespace.Cargo@3a4346cd]
to be compared: [tuplespace.Cargo@72f1cbd7]
to be compared: [tuplespace.Cargo@28278a47]
to be compared: [tuplespace.Cargo@6ebfc8d0]
to be compared: [tuplespace.Cargo@5106bcba]
to be compared: [tuplespace.Cargo@648ee94b]
to be compared: [tuplespace.Cargo@21a79b48]
org notified 
to be compared: [tuplespace.Cargo@65e95f04]
from agent t1  obligation([cargo(_, _, _)], 10, [reduce_100(t1)])
to be compared: [Obligation [agent=t1, obligation=[cargo(_, _, _)], sanction=[reduce_100(t1)], deadline=10, time=Tue Jan 08 12:31:37 GMT 2013, clock=1], Obligation [agent=t1, obligation=[cargo(_, _, _)], sanction=[reduce_100(t1)], deadline=10, time=Tue Jan 08 12:32:01 GMT 2013, clock=1]]
java.lang.NullPointerException
	at envJavaSpace.SpaceTest$1.compare(SpaceTest.java:1095)
	at java.util.Arrays.mergeSort(Arrays.java:1270)
	at java.util.Arrays.sort(Arrays.java:1210)
	at java.util.Collections.sort(Collections.java:157)
	at envJavaSpace.SpaceTest.getLatest(SpaceTest.java:1091)
	at envJavaSpace.SpaceTest.getAll(SpaceTest.java:1034)
	at envJavaSpace.SpaceTest.readObligation(SpaceTest.java:978)
	at envJavaSpace.AgentHandler.notify(AgentHandler.java:52)
	at sun.reflect.GeneratedMethodAccessor34.invoke(Unknown Source)
	at sun.reflect.DelegatingMethodAccessorImpl.invoke(DelegatingMethodAccessorImpl.java:25)
	at java.lang.reflect.Method.invoke(Method.java:597)
	at sun.rmi.server.UnicastServerRef.dispatch(UnicastServerRef.java:303)
	at sun.rmi.transport.Transport$1.run(Transport.java:159)
	at java.security.AccessController.doPrivileged(Native Method)
	at sun.rmi.transport.Transport.serviceCall(Transport.java:155)
	at sun.rmi.transport.tcp.TCPTransport.handleMessages(TCPTransport.java:535)
	at sun.rmi.transport.tcp.TCPTransport$ConnectionHandler.run0(TCPTransport.java:790)
	at sun.rmi.transport.tcp.TCPTransport$ConnectionHandler.run(TCPTransport.java:649)
	at java.util.concurrent.ThreadPoolExecutor$Worker.runTask(ThreadPoolExecutor.java:886)
	at java.util.concurrent.ThreadPoolExecutor$Worker.run(ThreadPoolExecutor.java:908)
	at java.lang.Thread.run(Thread.java:680)
to be compared: [tuplespace.Cargo@4df194d9]
to be compared: [tuplespace.Cargo@5360297a]
to be compared: [tuplespace.Cargo@41f6d156]
to be compared: [tuplespace.Cargo@43877c42]
to be compared: [tuplespace.Cargo@73cac08b]
to be compared: [tuplespace.Cargo@760ee920]
to be compared: [tuplespace.Cargo@7e19c472]
to be compared: [tuplespace.Cargo@5889b953]
to be compared: [tuplespace.Cargo@2cee1aa2]
to be compared: [tuplespace.Cargo@78d15e01]
org notified 
to be compared: [tuplespace.Cargo@79b2dc6]
from agent t1  obligation([cargo(_, _, _)], 10, [reduce_100(t1)])
to be compared: [Obligation [agent=t1, obligation=[cargo(_, _, _)], sanction=[reduce_100(t1)], deadline=10, time=Tue Jan 08 12:32:24 GMT 2013, clock=1]]
[Obligation [agent=t1, obligation=[cargo(_, _, _)], sanction=[reduce_100(t1)], deadline=10, time=Tue Jan 08 12:32:24 GMT 2013, clock=1]]
obligation(cargo(_, _, _, t1), 10, reduce_100(t1))
to be compared: [tuplespace.Cargo@27879eb8]
to be compared: [tuplespace.Cargo@4528055b]
to be compared: [tuplespace.Cargo@320dafa2]
to be compared: [tuplespace.Cargo@5868b72]
to be compared: [tuplespace.Cargo@7a98f6c7]
to be compared: [tuplespace.Cargo@24b2714a]
to be compared: [tuplespace.Cargo@754b3a9e]
to be compared: [tuplespace.Cargo@5c382de5]
to be compared: [tuplespace.Cargo@10daab16]
to be compared: [tuplespace.Cargo@5d504a84]
to be compared: [tuplespace.Cargo@517da438]
from agent t1  obligation([cargo(_, _, _)], 10, [reduce_100(t1)])
to be compared: [Obligation [agent=t1, obligation=[cargo(_, _, _)], sanction=[reduce_100(t1)], deadline=10, time=Tue Jan 08 12:32:24 GMT 2013, clock=1], Obligation [agent=t1, obligation=[cargo(_, _, _)], sanction=[reduce_100(t1)], deadline=10, time=Tue Jan 08 12:32:48 GMT 2013, clock=1]]
java.lang.NullPointerException
	at envJavaSpace.SpaceTest$1.compare(SpaceTest.java:1095)
	at java.util.Arrays.mergeSort(Arrays.java:1270)
	at java.util.Arrays.sort(Arrays.java:1210)
	at java.util.Collections.sort(Collections.java:157)
	at envJavaSpace.SpaceTest.getLatest(SpaceTest.java:1091)
	at envJavaSpace.SpaceTest.getAll(SpaceTest.java:1034)
	at envJavaSpace.SpaceTest.readObligation(SpaceTest.java:978)
	at envJavaSpace.AgentHandler.notify(AgentHandler.java:52)
	at sun.reflect.GeneratedMethodAccessor34.invoke(Unknown Source)
	at sun.reflect.DelegatingMethodAccessorImpl.invoke(DelegatingMethodAccessorImpl.java:25)
	at java.lang.reflect.Method.invoke(Method.java:597)
	at sun.rmi.server.UnicastServerRef.dispatch(UnicastServerRef.java:303)
	at sun.rmi.transport.Transport$1.run(Transport.java:159)
	at java.security.AccessController.doPrivileged(Native Method)
	at sun.rmi.transport.Transport.serviceCall(Transport.java:155)
	at sun.rmi.transport.tcp.TCPTransport.handleMessages(TCPTransport.java:535)
	at sun.rmi.transport.tcp.TCPTransport$ConnectionHandler.run0(TCPTransport.java:790)
	at sun.rmi.transport.tcp.TCPTransport$ConnectionHandler.run(TCPTransport.java:649)
	at java.util.concurrent.ThreadPoolExecutor$Worker.runTask(ThreadPoolExecutor.java:886)
	at java.util.concurrent.ThreadPoolExecutor$Worker.run(ThreadPoolExecutor.java:908)
	at java.lang.Thread.run(Thread.java:680)
to be compared: [tuplespace.Cargo@13742ad8]
to be compared: [tuplespace.Cargo@3823ed31]
to be compared: [tuplespace.Cargo@ea8e5ac]
to be compared: [tuplespace.Cargo@2b0dbc8d]
to be compared: [tuplespace.Cargo@79bc8795]
to be compared: [tuplespace.Cargo@12eea1e7]
to be compared: [tuplespace.Cargo@4db9bbf6]
to be compared: [tuplespace.Cargo@2a0850f8]
to be compared: [tuplespace.Cargo@27e9093a]
to be compared: [tuplespace.Cargo@271455a2]
to be compared: [tuplespace.Cargo@6d3206fd]
from agent t1  obligation([cargo(_, _, _)], 10, [reduce_100(t1)])
to be compared: [Obligation [agent=t1, obligation=[cargo(_, _, _)], sanction=[reduce_100(t1)], deadline=10, time=Tue Jan 08 12:33:12 GMT 2013, clock=1]]
[Obligation [agent=t1, obligation=[cargo(_, _, _)], sanction=[reduce_100(t1)], deadline=10, time=Tue Jan 08 12:33:12 GMT 2013, clock=1]]
obligation(cargo(_, _, _, t1), 10, reduce_100(t1))
to be compared: [tuplespace.Cargo@40993028]
to be compared: [tuplespace.Cargo@a70cf21]
to be compared: [tuplespace.Cargo@7b9d142f]
to be compared: [tuplespace.Cargo@13b1d7ff]
to be compared: [tuplespace.Cargo@304f3623]
to be compared: [tuplespace.Cargo@23b5c6b6]
to be compared: [tuplespace.Cargo@6c1383eb]
to be compared: [tuplespace.Cargo@1330c35c]
to be compared: [tuplespace.Cargo@368bca43]
to be compared: [tuplespace.Cargo@7536834e]
org notified 
org notified 
org notified 
to be compared: [tuplespace.Points@f18ae23, tuplespace.Points@1d508393]
java.lang.NullPointerException
	at envJavaSpace.SpaceTest$1.compare(SpaceTest.java:1095)
	at java.util.Arrays.mergeSort(Arrays.java:1270)
	at java.util.Arrays.sort(Arrays.java:1210)
	at java.util.Collections.sort(Collections.java:157)
	at envJavaSpace.SpaceTest.getLatest(SpaceTest.java:1091)
	at envJavaSpace.SpaceTest.getAll(SpaceTest.java:1034)
	at envJavaSpace.SpaceTest.readPoints(SpaceTest.java:1014)
	at envJavaSpace.AgentHandler.notify(AgentHandler.java:62)
	at sun.reflect.GeneratedMethodAccessor34.invoke(Unknown Source)
	at sun.reflect.DelegatingMethodAccessorImpl.invoke(DelegatingMethodAccessorImpl.java:25)
	at java.lang.reflect.Method.invoke(Method.java:597)
	at sun.rmi.server.UnicastServerRef.dispatch(UnicastServerRef.java:303)
	at sun.rmi.transport.Transport$1.run(Transport.java:159)
	at java.security.AccessController.doPrivileged(Native Method)
	at sun.rmi.transport.Transport.serviceCall(Transport.java:155)
	at sun.rmi.transport.tcp.TCPTransport.handleMessages(TCPTransport.java:535)
	at sun.rmi.transport.tcp.TCPTransport$ConnectionHandler.run0(TCPTransport.java:790)
	at sun.rmi.transport.tcp.TCPTransport$ConnectionHandler.run(TCPTransport.java:649)
	at java.util.concurrent.ThreadPoolExecutor$Worker.runTask(ThreadPoolExecutor.java:886)
	at java.util.concurrent.ThreadPoolExecutor$Worker.run(ThreadPoolExecutor.java:908)
	at java.lang.Thread.run(Thread.java:680)
to be compared: [tuplespace.Points@3ecc52fc, tuplespace.Points@585c3e99]
java.lang.NullPointerException
	at envJavaSpace.SpaceTest$1.compare(SpaceTest.java:1095)
	at java.util.Arrays.mergeSort(Arrays.java:1270)
	at java.util.Arrays.sort(Arrays.java:1210)
	at java.util.Collections.sort(Collections.java:157)
	at envJavaSpace.SpaceTest.getLatest(SpaceTest.java:1091)
	at envJavaSpace.SpaceTest.getAll(SpaceTest.java:1034)
	at envJavaSpace.SpaceTest.readPoints(SpaceTest.java:1014)
	at envJavaSpace.AgentHandler.notify(AgentHandler.java:62)
	at sun.reflect.GeneratedMethodAccessor34.invoke(Unknown Source)
	at sun.reflect.DelegatingMethodAccessorImpl.invoke(DelegatingMethodAccessorImpl.java:25)
	at java.lang.reflect.Method.invoke(Method.java:597)
	at sun.rmi.server.UnicastServerRef.dispatch(UnicastServerRef.java:303)
	at sun.rmi.transport.Transport$1.run(Transport.java:159)
	at java.security.AccessController.doPrivileged(Native Method)
	at sun.rmi.transport.Transport.serviceCall(Transport.java:155)
	at sun.rmi.transport.tcp.TCPTransport.handleMessages(TCPTransport.java:535)
	at sun.rmi.transport.tcp.TCPTransport$ConnectionHandler.run0(TCPTransport.java:790)
	at sun.rmi.transport.tcp.TCPTransport$ConnectionHandler.run(TCPTransport.java:649)
	at java.util.concurrent.ThreadPoolExecutor$Worker.runTask(ThreadPoolExecutor.java:886)
	at java.util.concurrent.ThreadPoolExecutor$Worker.run(ThreadPoolExecutor.java:908)
	at java.lang.Thread.run(Thread.java:680)
to be compared: [tuplespace.Points@1011dc21, tuplespace.Points@48b02c5]
java.lang.NullPointerException
	at envJavaSpace.SpaceTest$1.compare(SpaceTest.java:1095)
	at java.util.Arrays.mergeSort(Arrays.java:1270)
	at java.util.Arrays.sort(Arrays.java:1210)
	at java.util.Collections.sort(Collections.java:157)
	at envJavaSpace.SpaceTest.getLatest(SpaceTest.java:1091)
	at envJavaSpace.SpaceTest.getAll(SpaceTest.java:1034)
	at envJavaSpace.SpaceTest.readPoints(SpaceTest.java:1014)
	at envJavaSpace.AgentHandler.notify(AgentHandler.java:62)
	at sun.reflect.GeneratedMethodAccessor34.invoke(Unknown Source)
	at sun.reflect.DelegatingMethodAccessorImpl.invoke(DelegatingMethodAccessorImpl.java:25)
	at java.lang.reflect.Method.invoke(Method.java:597)
	at sun.rmi.server.UnicastServerRef.dispatch(UnicastServerRef.java:303)
	at sun.rmi.transport.Transport$1.run(Transport.java:159)
	at java.security.AccessController.doPrivileged(Native Method)
	at sun.rmi.transport.Transport.serviceCall(Transport.java:155)
	at sun.rmi.transport.tcp.TCPTransport.handleMessages(TCPTransport.java:535)
	at sun.rmi.transport.tcp.TCPTransport$ConnectionHandler.run0(TCPTransport.java:790)
	at sun.rmi.transport.tcp.TCPTransport$ConnectionHandler.run(TCPTransport.java:649)
	at java.util.concurrent.ThreadPoolExecutor$Worker.runTask(ThreadPoolExecutor.java:886)
	at java.util.concurrent.ThreadPoolExecutor$Worker.run(ThreadPoolExecutor.java:908)
	at java.lang.Thread.run(Thread.java:680)
to be compared: [tuplespace.Points@4262d5d7, tuplespace.Points@66c5384d]
java.lang.NullPointerException
	at envJavaSpace.SpaceTest$1.compare(SpaceTest.java:1095)
	at java.util.Arrays.mergeSort(Arrays.java:1270)
	at java.util.Arrays.sort(Arrays.java:1210)
	at java.util.Collections.sort(Collections.java:157)
	at envJavaSpace.SpaceTest.getLatest(SpaceTest.java:1091)
	at envJavaSpace.SpaceTest.getAll(SpaceTest.java:1034)
	at envJavaSpace.SpaceTest.readPoints(SpaceTest.java:1014)
	at envJavaSpace.AgentHandler.notify(AgentHandler.java:62)
	at sun.reflect.GeneratedMethodAccessor34.invoke(Unknown Source)
	at sun.reflect.DelegatingMethodAccessorImpl.invoke(DelegatingMethodAccessorImpl.java:25)
	at java.lang.reflect.Method.invoke(Method.java:597)
	at sun.rmi.server.UnicastServerRef.dispatch(UnicastServerRef.java:303)
	at sun.rmi.transport.Transport$1.run(Transport.java:159)
	at java.security.AccessController.doPrivileged(Native Method)
	at sun.rmi.transport.Transport.serviceCall(Transport.java:155)
	at sun.rmi.transport.tcp.TCPTransport.handleMessages(TCPTransport.java:535)
	at sun.rmi.transport.tcp.TCPTransport$ConnectionHandler.run0(TCPTransport.java:790)
	at sun.rmi.transport.tcp.TCPTransport$ConnectionHandler.run(TCPTransport.java:649)
	at java.util.concurrent.ThreadPoolExecutor$Worker.runTask(ThreadPoolExecutor.java:886)
	at java.util.concurrent.ThreadPoolExecutor$Worker.run(ThreadPoolExecutor.java:908)
	at java.lang.Thread.run(Thread.java:680)
to be compared: [tuplespace.Points@3a962da5, tuplespace.Points@598ec9af]
java.lang.NullPointerException
	at envJavaSpace.SpaceTest$1.compare(SpaceTest.java:1095)
	at java.util.Arrays.mergeSort(Arrays.java:1270)
	at java.util.Arrays.sort(Arrays.java:1210)
	at java.util.Collections.sort(Collections.java:157)
	at envJavaSpace.SpaceTest.getLatest(SpaceTest.java:1091)
	at envJavaSpace.SpaceTest.getAll(SpaceTest.java:1034)
	at envJavaSpace.SpaceTest.readPoints(SpaceTest.java:1014)
	at envJavaSpace.AgentHandler.notify(AgentHandler.java:62)
	at sun.reflect.GeneratedMethodAccessor34.invoke(Unknown Source)
	at sun.reflect.DelegatingMethodAccessorImpl.invoke(DelegatingMethodAccessorImpl.java:25)
	at java.lang.reflect.Method.invoke(Method.java:597)
	at sun.rmi.server.UnicastServerRef.dispatch(UnicastServerRef.java:303)
	at sun.rmi.transport.Transport$1.run(Transport.java:159)
	at java.security.AccessController.doPrivileged(Native Method)
	at sun.rmi.transport.Transport.serviceCall(Transport.java:155)
	at sun.rmi.transport.tcp.TCPTransport.handleMessages(TCPTransport.java:535)
	at sun.rmi.transport.tcp.TCPTransport$ConnectionHandler.run0(TCPTransport.java:790)
	at sun.rmi.transport.tcp.TCPTransport$ConnectionHandler.run(TCPTransport.java:649)
	at java.util.concurrent.ThreadPoolExecutor$Worker.runTask(ThreadPoolExecutor.java:886)
	at java.util.concurrent.ThreadPoolExecutor$Worker.run(ThreadPoolExecutor.java:908)
	at java.lang.Thread.run(Thread.java:680)
org notified 
to be compared: [tuplespace.Cargo@43f7c3e3, tuplespace.Cargo@3f5d8ef1]
to be compared: [Reading [id=11, agent=a1, cell=Cell [x=11, y=11], time=Tue Jan 08 12:30:49 GMT 2013, value=50.0, clock=1], Reading [id=11, agent=a1, cell=Cell [x=11, y=11], time=Tue Jan 08 12:34:39 GMT 2013, value=50.0, clock=1]]
java.lang.NullPointerException
	at envJavaSpace.SpaceTest$1.compare(SpaceTest.java:1095)
	at java.util.Arrays.mergeSort(Arrays.java:1270)
	at java.util.Arrays.sort(Arrays.java:1210)
	at java.util.Collections.sort(Collections.java:157)
	at envJavaSpace.SpaceTest.getLatest(SpaceTest.java:1091)
	at envJavaSpace.SpaceTest.getAll(SpaceTest.java:1034)
	at envJavaSpace.SpaceTest.readReading(SpaceTest.java:1005)
	at envJavaSpace.AgentHandler.notify(AgentHandler.java:47)
	at sun.reflect.GeneratedMethodAccessor34.invoke(Unknown Source)
	at sun.reflect.DelegatingMethodAccessorImpl.invoke(DelegatingMethodAccessorImpl.java:25)
	at java.lang.reflect.Method.invoke(Method.java:597)
	at sun.rmi.server.UnicastServerRef.dispatch(UnicastServerRef.java:303)
	at sun.rmi.transport.Transport$1.run(Transport.java:159)
	at java.security.AccessController.doPrivileged(Native Method)
	at sun.rmi.transport.Transport.serviceCall(Transport.java:155)
	at sun.rmi.transport.tcp.TCPTransport.handleMessages(TCPTransport.java:535)
	at sun.rmi.transport.tcp.TCPTransport$ConnectionHandler.run0(TCPTransport.java:790)
	at sun.rmi.transport.tcp.TCPTransport$ConnectionHandler.run(TCPTransport.java:649)
	at java.util.concurrent.ThreadPoolExecutor$Worker.runTask(ThreadPoolExecutor.java:886)
	at java.util.concurrent.ThreadPoolExecutor$Worker.run(ThreadPoolExecutor.java:908)
	at java.lang.Thread.run(Thread.java:680)
to be compared: [Reading [id=12, agent=a2, cell=Cell [x=1, y=11], time=Tue Jan 08 12:30:49 GMT 2013, value=60.0, clock=1], Reading [id=12, agent=a2, cell=Cell [x=1, y=11], time=Tue Jan 08 12:34:39 GMT 2013, value=60.0, clock=1]]
java.lang.NullPointerException
	at envJavaSpace.SpaceTest$1.compare(SpaceTest.java:1095)
	at java.util.Arrays.mergeSort(Arrays.java:1270)
	at java.util.Arrays.sort(Arrays.java:1210)
	at java.util.Collections.sort(Collections.java:157)
	at envJavaSpace.SpaceTest.getLatest(SpaceTest.java:1091)
	at envJavaSpace.SpaceTest.getAll(SpaceTest.java:1034)
	at envJavaSpace.SpaceTest.readReading(SpaceTest.java:1005)
	at envJavaSpace.AgentHandler.notify(AgentHandler.java:47)
	at sun.reflect.GeneratedMethodAccessor34.invoke(Unknown Source)
	at sun.reflect.DelegatingMethodAccessorImpl.invoke(DelegatingMethodAccessorImpl.java:25)
	at java.lang.reflect.Method.invoke(Method.java:597)
	at sun.rmi.server.UnicastServerRef.dispatch(UnicastServerRef.java:303)
	at sun.rmi.transport.Transport$1.run(Transport.java:159)
	at java.security.AccessController.doPrivileged(Native Method)
	at sun.rmi.transport.Transport.serviceCall(Transport.java:155)
	at sun.rmi.transport.tcp.TCPTransport.handleMessages(TCPTransport.java:535)
	at sun.rmi.transport.tcp.TCPTransport$ConnectionHandler.run0(TCPTransport.java:790)
	at sun.rmi.transport.tcp.TCPTransport$ConnectionHandler.run(TCPTransport.java:649)
	at java.util.concurrent.ThreadPoolExecutor$Worker.runTask(ThreadPoolExecutor.java:886)
	at java.util.concurrent.ThreadPoolExecutor$Worker.run(ThreadPoolExecutor.java:908)
	at java.lang.Thread.run(Thread.java:680)
to be compared: [Reading [id=13, agent=a3, cell=Cell [x=11, y=1], time=Tue Jan 08 12:30:49 GMT 2013, value=10.0, clock=1], Reading [id=13, agent=a3, cell=Cell [x=11, y=1], time=Tue Jan 08 12:34:39 GMT 2013, value=10.0, clock=1]]
java.lang.NullPointerException
	at envJavaSpace.SpaceTest$1.compare(SpaceTest.java:1095)
	at java.util.Arrays.mergeSort(Arrays.java:1270)
	at java.util.Arrays.sort(Arrays.java:1210)
	at java.util.Collections.sort(Collections.java:157)
	at envJavaSpace.SpaceTest.getLatest(SpaceTest.java:1091)
	at envJavaSpace.SpaceTest.getAll(SpaceTest.java:1034)
	at envJavaSpace.SpaceTest.readReading(SpaceTest.java:1005)
	at envJavaSpace.AgentHandler.notify(AgentHandler.java:47)
	at sun.reflect.GeneratedMethodAccessor34.invoke(Unknown Source)
	at sun.reflect.DelegatingMethodAccessorImpl.invoke(DelegatingMethodAccessorImpl.java:25)
	at java.lang.reflect.Method.invoke(Method.java:597)
	at sun.rmi.server.UnicastServerRef.dispatch(UnicastServerRef.java:303)
	at sun.rmi.transport.Transport$1.run(Transport.java:159)
	at java.security.AccessController.doPrivileged(Native Method)
	at sun.rmi.transport.Transport.serviceCall(Transport.java:155)
	at sun.rmi.transport.tcp.TCPTransport.handleMessages(TCPTransport.java:535)
	at sun.rmi.transport.tcp.TCPTransport$ConnectionHandler.run0(TCPTransport.java:790)
	at sun.rmi.transport.tcp.TCPTransport$ConnectionHandler.run(TCPTransport.java:649)
	at java.util.concurrent.ThreadPoolExecutor$Worker.runTask(ThreadPoolExecutor.java:886)
	at java.util.concurrent.ThreadPoolExecutor$Worker.run(ThreadPoolExecutor.java:908)
	at java.lang.Thread.run(Thread.java:680)
to be compared: [Coin [id=10, cell=Cell [x=15, y=15], agent=a1, time=Tue Jan 08 12:34:39 GMT 2013, clock=1], Coin [id=20, cell=Cell [x=1, y=15], agent=a2, time=Tue Jan 08 12:34:39 GMT 2013, clock=1], Coin [id=30, cell=Cell [x=15, y=1], agent=a3, time=Tue Jan 08 12:34:39 GMT 2013, clock=1]]
to be compared: [Prohibition [agent=t1, prohibition=[at(5, 6, t1)], sanction=[reduce_300(t1)], clock=1, time=Tue Jan 08 12:34:41 GMT 2013], Prohibition [agent=t1, prohibition=[at(6, 5, t1)], sanction=[reduce_300(t1)], clock=1, time=Tue Jan 08 12:34:41 GMT 2013]]
java.lang.NullPointerException
	at envJavaSpace.SpaceTest$1.compare(SpaceTest.java:1095)
	at java.util.Arrays.mergeSort(Arrays.java:1270)
	at java.util.Arrays.sort(Arrays.java:1210)
	at java.util.Collections.sort(Collections.java:157)
	at envJavaSpace.SpaceTest.getLatest(SpaceTest.java:1091)
	at envJavaSpace.SpaceTest.getAll(SpaceTest.java:1034)
	at envJavaSpace.SpaceTest.readProhibition(SpaceTest.java:987)
	at envJavaSpace.AgentHandler.notify(AgentHandler.java:57)
	at sun.reflect.GeneratedMethodAccessor34.invoke(Unknown Source)
	at sun.reflect.DelegatingMethodAccessorImpl.invoke(DelegatingMethodAccessorImpl.java:25)
	at java.lang.reflect.Method.invoke(Method.java:597)
	at sun.rmi.server.UnicastServerRef.dispatch(UnicastServerRef.java:303)
	at sun.rmi.transport.Transport$1.run(Transport.java:159)
	at java.security.AccessController.doPrivileged(Native Method)
	at sun.rmi.transport.Transport.serviceCall(Transport.java:155)
	at sun.rmi.transport.tcp.TCPTransport.handleMessages(TCPTransport.java:535)
	at sun.rmi.transport.tcp.TCPTransport$ConnectionHandler.run0(TCPTransport.java:790)
	at sun.rmi.transport.tcp.TCPTransport$ConnectionHandler.run(TCPTransport.java:649)
	at java.util.concurrent.ThreadPoolExecutor$Worker.runTask(ThreadPoolExecutor.java:886)
	at java.util.concurrent.ThreadPoolExecutor$Worker.run(ThreadPoolExecutor.java:908)
	at java.lang.Thread.run(Thread.java:680)
to be compared: [Prohibition [agent=t1, prohibition=[at(5, 5, t1)], sanction=[reduce_300(t1)], clock=1, time=Tue Jan 08 12:34:41 GMT 2013], Prohibition [agent=t1, prohibition=[at(6, 6, t1)], sanction=[reduce_300(t1)], clock=1, time=Tue Jan 08 12:34:41 GMT 2013]]
java.lang.NullPointerException
	at envJavaSpace.SpaceTest$1.compare(SpaceTest.java:1095)
	at java.util.Arrays.mergeSort(Arrays.java:1270)
	at java.util.Arrays.sort(Arrays.java:1210)
	at java.util.Collections.sort(Collections.java:157)
	at envJavaSpace.SpaceTest.getLatest(SpaceTest.java:1091)
	at envJavaSpace.SpaceTest.getAll(SpaceTest.java:1034)
	at envJavaSpace.SpaceTest.readProhibition(SpaceTest.java:987)
	at envJavaSpace.AgentHandler.notify(AgentHandler.java:57)
	at sun.reflect.GeneratedMethodAccessor34.invoke(Unknown Source)
	at sun.reflect.DelegatingMethodAccessorImpl.invoke(DelegatingMethodAccessorImpl.java:25)
	at java.lang.reflect.Method.invoke(Method.java:597)
	at sun.rmi.server.UnicastServerRef.dispatch(UnicastServerRef.java:303)
	at sun.rmi.transport.Transport$1.run(Transport.java:159)
	at java.security.AccessController.doPrivileged(Native Method)
	at sun.rmi.transport.Transport.serviceCall(Transport.java:155)
	at sun.rmi.transport.tcp.TCPTransport.handleMessages(TCPTransport.java:535)
	at sun.rmi.transport.tcp.TCPTransport$ConnectionHandler.run0(TCPTransport.java:790)
	at sun.rmi.transport.tcp.TCPTransport$ConnectionHandler.run(TCPTransport.java:649)
	at java.util.concurrent.ThreadPoolExecutor$Worker.runTask(ThreadPoolExecutor.java:886)
	at java.util.concurrent.ThreadPoolExecutor$Worker.run(ThreadPoolExecutor.java:908)
	at java.lang.Thread.run(Thread.java:680)
[null]
[null]
java.lang.ClassCastException: apapl.data.APLIdent cannot be cast to apapl.data.APLFunction
	at envJavaSpace.SpaceTest.notifyAgent(SpaceTest.java:1109)
	at envJavaSpace.AgentHandler.notify(AgentHandler.java:58)
	at sun.reflect.GeneratedMethodAccessor34.invoke(Unknown Source)
	at sun.reflect.DelegatingMethodAccessorImpl.invoke(DelegatingMethodAccessorImpl.java:25)
	at java.lang.reflect.Method.invoke(Method.java:597)
	at sun.rmi.server.UnicastServerRef.dispatch(UnicastServerRef.java:303)
	at sun.rmi.transport.Transport$1.run(Transport.java:159)
	at java.security.AccessController.doPrivileged(Native Method)
	at sun.rmi.transport.Transport.serviceCall(Transport.java:155)
	at sun.rmi.transport.tcp.TCPTransport.handleMessages(TCPTransport.java:535)
	at sun.rmi.transport.tcp.TCPTransport$ConnectionHandler.run0(TCPTransport.java:790)
	at sun.rmi.transport.tcp.TCPTransport$ConnectionHandler.run(TCPTransport.java:649)
	at java.util.concurrent.ThreadPoolExecutor$Worker.runTask(ThreadPoolExecutor.java:886)
	at java.util.concurrent.ThreadPoolExecutor$Worker.run(ThreadPoolExecutor.java:908)
	at java.lang.Thread.run(Thread.java:680)
java.lang.ClassCastException: apapl.data.APLIdent cannot be cast to apapl.data.APLFunction
	at envJavaSpace.SpaceTest.notifyAgent(SpaceTest.java:1109)
	at envJavaSpace.AgentHandler.notify(AgentHandler.java:58)
	at sun.reflect.GeneratedMethodAccessor34.invoke(Unknown Source)
	at sun.reflect.DelegatingMethodAccessorImpl.invoke(DelegatingMethodAccessorImpl.java:25)
	at java.lang.reflect.Method.invoke(Method.java:597)
	at sun.rmi.server.UnicastServerRef.dispatch(UnicastServerRef.java:303)
	at sun.rmi.transport.Transport$1.run(Transport.java:159)
	at java.security.AccessController.doPrivileged(Native Method)
	at sun.rmi.transport.Transport.serviceCall(Transport.java:155)
	at sun.rmi.transport.tcp.TCPTransport.handleMessages(TCPTransport.java:535)
	at sun.rmi.transport.tcp.TCPTransport$ConnectionHandler.run0(TCPTransport.java:790)
	at sun.rmi.transport.tcp.TCPTransport$ConnectionHandler.run(TCPTransport.java:649)
	at java.util.concurrent.ThreadPoolExecutor$Worker.runTask(ThreadPoolExecutor.java:886)
	at java.util.concurrent.ThreadPoolExecutor$Worker.run(ThreadPoolExecutor.java:908)
	at java.lang.Thread.run(Thread.java:680)
[null]
java.lang.ClassCastException: apapl.data.APLIdent cannot be cast to apapl.data.APLFunction
	at envJavaSpace.SpaceTest.notifyAgent(SpaceTest.java:1109)
	at envJavaSpace.AgentHandler.notify(AgentHandler.java:58)
	at sun.reflect.GeneratedMethodAccessor34.invoke(Unknown Source)
	at sun.reflect.DelegatingMethodAccessorImpl.invoke(DelegatingMethodAccessorImpl.java:25)
	at java.lang.reflect.Method.invoke(Method.java:597)
	at sun.rmi.server.UnicastServerRef.dispatch(UnicastServerRef.java:303)
	at sun.rmi.transport.Transport$1.run(Transport.java:159)
	at java.security.AccessController.doPrivileged(Native Method)
	at sun.rmi.transport.Transport.serviceCall(Transport.java:155)
	at sun.rmi.transport.tcp.TCPTransport.handleMessages(TCPTransport.java:535)
	at sun.rmi.transport.tcp.TCPTransport$ConnectionHandler.run0(TCPTransport.java:790)
	at sun.rmi.transport.tcp.TCPTransport$ConnectionHandler.run(TCPTransport.java:649)
	at java.util.concurrent.ThreadPoolExecutor$Worker.runTask(ThreadPoolExecutor.java:886)
	at java.util.concurrent.ThreadPoolExecutor$Worker.run(ThreadPoolExecutor.java:908)
	at java.lang.Thread.run(Thread.java:680)
to be compared: [Prohibition [agent=c1, prohibition=[coin(5, 5, _, a1)], sanction=[reduce_300(c1)], clock=1, time=Tue Jan 08 12:34:42 GMT 2013], Prohibition [agent=c1, prohibition=[coin(6, 5, _, a1)], sanction=[reduce_300(c1)], clock=1, time=Tue Jan 08 12:34:42 GMT 2013], Prohibition [agent=c1, prohibition=[coin(5, 5, _, a2)], sanction=[reduce_300(c1)], clock=1, time=Tue Jan 08 12:34:42 GMT 2013], Prohibition [agent=c1, prohibition=[coin(6, 5, _, a2)], sanction=[reduce_300(c1)], clock=1, time=Tue Jan 08 12:34:42 GMT 2013], Prohibition [agent=c1, prohibition=[coin(5, 5, _, a3)], sanction=[reduce_300(c1)], clock=1, time=Tue Jan 08 12:34:42 GMT 2013], Prohibition [agent=c1, prohibition=[coin(6, 5, _, a3)], sanction=[reduce_300(c1)], clock=1, time=Tue Jan 08 12:34:42 GMT 2013]]
java.lang.NullPointerException
	at envJavaSpace.SpaceTest$1.compare(SpaceTest.java:1095)
	at java.util.Arrays.mergeSort(Arrays.java:1270)
	at java.util.Arrays.sort(Arrays.java:1210)
	at java.util.Collections.sort(Collections.java:157)
	at envJavaSpace.SpaceTest.getLatest(SpaceTest.java:1091)
	at envJavaSpace.SpaceTest.getAll(SpaceTest.java:1034)
	at envJavaSpace.SpaceTest.readProhibition(SpaceTest.java:987)
	at envJavaSpace.AgentHandler.notify(AgentHandler.java:57)
	at sun.reflect.GeneratedMethodAccessor34.invoke(Unknown Source)
	at sun.reflect.DelegatingMethodAccessorImpl.invoke(DelegatingMethodAccessorImpl.java:25)
	at java.lang.reflect.Method.invoke(Method.java:597)
	at sun.rmi.server.UnicastServerRef.dispatch(UnicastServerRef.java:303)
	at sun.rmi.transport.Transport$1.run(Transport.java:159)
	at java.security.AccessController.doPrivileged(Native Method)
	at sun.rmi.transport.Transport.serviceCall(Transport.java:155)
	at sun.rmi.transport.tcp.TCPTransport.handleMessages(TCPTransport.java:535)
	at sun.rmi.transport.tcp.TCPTransport$ConnectionHandler.run0(TCPTransport.java:790)
	at sun.rmi.transport.tcp.TCPTransport$ConnectionHandler.run(TCPTransport.java:649)
	at java.util.concurrent.ThreadPoolExecutor$Worker.runTask(ThreadPoolExecutor.java:886)
	at java.util.concurrent.ThreadPoolExecutor$Worker.run(ThreadPoolExecutor.java:908)
	at java.lang.Thread.run(Thread.java:680)
to be compared: [Prohibition [agent=c1, prohibition=[coin(5, 6, _, a1)], sanction=[reduce_300(c1)], clock=1, time=Tue Jan 08 12:34:42 GMT 2013], Prohibition [agent=c1, prohibition=[coin(6, 6, _, a1)], sanction=[reduce_300(c1)], clock=1, time=Tue Jan 08 12:34:42 GMT 2013], Prohibition [agent=c1, prohibition=[coin(5, 6, _, a2)], sanction=[reduce_300(c1)], clock=1, time=Tue Jan 08 12:34:42 GMT 2013], Prohibition [agent=c1, prohibition=[coin(6, 6, _, a2)], sanction=[reduce_300(c1)], clock=1, time=Tue Jan 08 12:34:42 GMT 2013], Prohibition [agent=c1, prohibition=[coin(5, 6, _, a3)], sanction=[reduce_300(c1)], clock=1, time=Tue Jan 08 12:34:42 GMT 2013], Prohibition [agent=c1, prohibition=[coin(6, 6, _, a3)], sanction=[reduce_300(c1)], clock=1, time=Tue Jan 08 12:34:42 GMT 2013]]
java.lang.NullPointerException
	at envJavaSpace.SpaceTest$1.compare(SpaceTest.java:1095)
	at java.util.Arrays.mergeSort(Arrays.java:1270)
	at java.util.Arrays.sort(Arrays.java:1210)
	at java.util.Collections.sort(Collections.java:157)
	at envJavaSpace.SpaceTest.getLatest(SpaceTest.java:1091)
	at envJavaSpace.SpaceTest.getAll(SpaceTest.java:1034)
	at envJavaSpace.SpaceTest.readProhibition(SpaceTest.java:987)
	at envJavaSpace.AgentHandler.notify(AgentHandler.java:57)
	at sun.reflect.GeneratedMethodAccessor34.invoke(Unknown Source)
	at sun.reflect.DelegatingMethodAccessorImpl.invoke(DelegatingMethodAccessorImpl.java:25)
	at java.lang.reflect.Method.invoke(Method.java:597)
	at sun.rmi.server.UnicastServerRef.dispatch(UnicastServerRef.java:303)
	at sun.rmi.transport.Transport$1.run(Transport.java:159)
	at java.security.AccessController.doPrivileged(Native Method)
	at sun.rmi.transport.Transport.serviceCall(Transport.java:155)
	at sun.rmi.transport.tcp.TCPTransport.handleMessages(TCPTransport.java:535)
	at sun.rmi.transport.tcp.TCPTransport$ConnectionHandler.run0(TCPTransport.java:790)
	at sun.rmi.transport.tcp.TCPTransport$ConnectionHandler.run(TCPTransport.java:649)
	at java.util.concurrent.ThreadPoolExecutor$Worker.runTask(ThreadPoolExecutor.java:886)
	at java.util.concurrent.ThreadPoolExecutor$Worker.run(ThreadPoolExecutor.java:908)
	at java.lang.Thread.run(Thread.java:680)
[null]
java.lang.ClassCastException: apapl.data.APLIdent cannot be cast to apapl.data.APLFunction
	at envJavaSpace.SpaceTest.notifyAgent(SpaceTest.java:1109)
	at envJavaSpace.AgentHandler.notify(AgentHandler.java:58)
	at sun.reflect.GeneratedMethodAccessor34.invoke(Unknown Source)
	at sun.reflect.DelegatingMethodAccessorImpl.invoke(DelegatingMethodAccessorImpl.java:25)
	at java.lang.reflect.Method.invoke(Method.java:597)
	at sun.rmi.server.UnicastServerRef.dispatch(UnicastServerRef.java:303)
	at sun.rmi.transport.Transport$1.run(Transport.java:159)
	at java.security.AccessController.doPrivileged(Native Method)
	at sun.rmi.transport.Transport.serviceCall(Transport.java:155)
	at sun.rmi.transport.tcp.TCPTransport.handleMessages(TCPTransport.java:535)
	at sun.rmi.transport.tcp.TCPTransport$ConnectionHandler.run0(TCPTransport.java:790)
	at sun.rmi.transport.tcp.TCPTransport$ConnectionHandler.run(TCPTransport.java:649)
	at java.util.concurrent.ThreadPoolExecutor$Worker.runTask(ThreadPoolExecutor.java:886)
	at java.util.concurrent.ThreadPoolExecutor$Worker.run(ThreadPoolExecutor.java:908)
	at java.lang.Thread.run(Thread.java:680)
[null]
java.lang.ClassCastException: apapl.data.APLIdent cannot be cast to apapl.data.APLFunction
	at envJavaSpace.SpaceTest.notifyAgent(SpaceTest.java:1109)
	at envJavaSpace.AgentHandler.notify(AgentHandler.java:58)
	at sun.reflect.GeneratedMethodAccessor34.invoke(Unknown Source)
	at sun.reflect.DelegatingMethodAccessorImpl.invoke(DelegatingMethodAccessorImpl.java:25)
	at java.lang.reflect.Method.invoke(Method.java:597)
	at sun.rmi.server.UnicastServerRef.dispatch(UnicastServerRef.java:303)
	at sun.rmi.transport.Transport$1.run(Transport.java:159)
	at java.security.AccessController.doPrivileged(Native Method)
	at sun.rmi.transport.Transport.serviceCall(Transport.java:155)
	at sun.rmi.transport.tcp.TCPTransport.handleMessages(TCPTransport.java:535)
	at sun.rmi.transport.tcp.TCPTransport$ConnectionHandler.run0(TCPTransport.java:790)
	at sun.rmi.transport.tcp.TCPTransport$ConnectionHandler.run(TCPTransport.java:649)
	at java.util.concurrent.ThreadPoolExecutor$Worker.runTask(ThreadPoolExecutor.java:886)
	at java.util.concurrent.ThreadPoolExecutor$Worker.run(ThreadPoolExecutor.java:908)
	at java.lang.Thread.run(Thread.java:680)
[null]
java.lang.ClassCastException: apapl.data.APLIdent cannot be cast to apapl.data.APLFunction
	at envJavaSpace.SpaceTest.notifyAgent(SpaceTest.java:1109)
	at envJavaSpace.AgentHandler.notify(AgentHandler.java:58)
	at sun.reflect.GeneratedMethodAccessor34.invoke(Unknown Source)
	at sun.reflect.DelegatingMethodAccessorImpl.invoke(DelegatingMethodAccessorImpl.java:25)
	at java.lang.reflect.Method.invoke(Method.java:597)
	at sun.rmi.server.UnicastServerRef.dispatch(UnicastServerRef.java:303)
	at sun.rmi.transport.Transport$1.run(Transport.java:159)
	at java.security.AccessController.doPrivileged(Native Method)
	at sun.rmi.transport.Transport.serviceCall(Transport.java:155)
	at sun.rmi.transport.tcp.TCPTransport.handleMessages(TCPTransport.java:535)
	at sun.rmi.transport.tcp.TCPTransport$ConnectionHandler.run0(TCPTransport.java:790)
	at sun.rmi.transport.tcp.TCPTransport$ConnectionHandler.run(TCPTransport.java:649)
	at java.util.concurrent.ThreadPoolExecutor$Worker.runTask(ThreadPoolExecutor.java:886)
	at java.util.concurrent.ThreadPoolExecutor$Worker.run(ThreadPoolExecutor.java:908)
	at java.lang.Thread.run(Thread.java:680)
[null]
[null]
java.lang.ClassCastException: apapl.data.APLIdent cannot be cast to apapl.data.APLFunction
	at envJavaSpace.SpaceTest.notifyAgent(SpaceTest.java:1109)
	at envJavaSpace.AgentHandler.notify(AgentHandler.java:58)
	at sun.reflect.GeneratedMethodAccessor34.invoke(Unknown Source)
	at sun.reflect.DelegatingMethodAccessorImpl.invoke(DelegatingMethodAccessorImpl.java:25)
	at java.lang.reflect.Method.invoke(Method.java:597)
	at sun.rmi.server.UnicastServerRef.dispatch(UnicastServerRef.java:303)
	at sun.rmi.transport.Transport$1.run(Transport.java:159)
	at java.security.AccessController.doPrivileged(Native Method)
	at sun.rmi.transport.Transport.serviceCall(Transport.java:155)
	at sun.rmi.transport.tcp.TCPTransport.handleMessages(TCPTransport.java:535)
	at sun.rmi.transport.tcp.TCPTransport$ConnectionHandler.run0(TCPTransport.java:790)
	at sun.rmi.transport.tcp.TCPTransport$ConnectionHandler.run(TCPTransport.java:649)
	at java.util.concurrent.ThreadPoolExecutor$Worker.runTask(ThreadPoolExecutor.java:886)
	at java.util.concurrent.ThreadPoolExecutor$Worker.run(ThreadPoolExecutor.java:908)
	at java.lang.Thread.run(Thread.java:680)
java.lang.ClassCastException: apapl.data.APLIdent cannot be cast to apapl.data.APLFunction
	at envJavaSpace.SpaceTest.notifyAgent(SpaceTest.java:1109)
	at envJavaSpace.AgentHandler.notify(AgentHandler.java:58)
	at sun.reflect.GeneratedMethodAccessor34.invoke(Unknown Source)
	at sun.reflect.DelegatingMethodAccessorImpl.invoke(DelegatingMethodAccessorImpl.java:25)
	at java.lang.reflect.Method.invoke(Method.java:597)
	at sun.rmi.server.UnicastServerRef.dispatch(UnicastServerRef.java:303)
	at sun.rmi.transport.Transport$1.run(Transport.java:159)
	at java.security.AccessController.doPrivileged(Native Method)
	at sun.rmi.transport.Transport.serviceCall(Transport.java:155)
	at sun.rmi.transport.tcp.TCPTransport.handleMessages(TCPTransport.java:535)
	at sun.rmi.transport.tcp.TCPTransport$ConnectionHandler.run0(TCPTransport.java:790)
	at sun.rmi.transport.tcp.TCPTransport$ConnectionHandler.run(TCPTransport.java:649)
	at java.util.concurrent.ThreadPoolExecutor$Worker.runTask(ThreadPoolExecutor.java:886)
	at java.util.concurrent.ThreadPoolExecutor$Worker.run(ThreadPoolExecutor.java:908)
	at java.lang.Thread.run(Thread.java:680)
to be compared: [Prohibition [agent=a1, prohibition=[at(5, 6, a1)], sanction=[reduce_300(a1)], clock=1, time=Tue Jan 08 12:34:44 GMT 2013], Prohibition [agent=a1, prohibition=[at(6, 6, a1)], sanction=[reduce_300(a1)], clock=1, time=Tue Jan 08 12:34:44 GMT 2013], Prohibition [agent=a2, prohibition=[at(5, 5, a2)], sanction=[reduce_300(a2)], clock=1, time=Tue Jan 08 12:34:44 GMT 2013], Prohibition [agent=a2, prohibition=[at(6, 5, a2)], sanction=[reduce_300(a2)], clock=1, time=Tue Jan 08 12:34:44 GMT 2013], Prohibition [agent=a3, prohibition=[at(5, 6, a3)], sanction=[reduce_300(a3)], clock=1, time=Tue Jan 08 12:34:44 GMT 2013], Prohibition [agent=a3, prohibition=[at(6, 6, a3)], sanction=[reduce_300(a3)], clock=1, time=Tue Jan 08 12:34:44 GMT 2013]]
to be compared: [Prohibition [agent=a1, prohibition=[at(5, 5, a1)], sanction=[reduce_300(a1)], clock=1, time=Tue Jan 08 12:34:44 GMT 2013], Prohibition [agent=a1, prohibition=[at(6, 5, a1)], sanction=[reduce_300(a1)], clock=1, time=Tue Jan 08 12:34:44 GMT 2013], Prohibition [agent=a2, prohibition=[at(5, 6, a2)], sanction=[reduce_300(a2)], clock=1, time=Tue Jan 08 12:34:44 GMT 2013], Prohibition [agent=a2, prohibition=[at(6, 6, a2)], sanction=[reduce_300(a2)], clock=1, time=Tue Jan 08 12:34:44 GMT 2013], Prohibition [agent=a3, prohibition=[at(5, 5, a3)], sanction=[reduce_300(a3)], clock=1, time=Tue Jan 08 12:34:44 GMT 2013], Prohibition [agent=a3, prohibition=[at(6, 5, a3)], sanction=[reduce_300(a3)], clock=1, time=Tue Jan 08 12:34:44 GMT 2013]]
java.lang.NullPointerException
	at envJavaSpace.SpaceTest$1.compare(SpaceTest.java:1095)
	at java.util.Arrays.mergeSort(Arrays.java:1270)
	at java.util.Arrays.sort(Arrays.java:1210)
	at java.util.Collections.sort(Collections.java:157)
	at envJavaSpace.SpaceTest.getLatest(SpaceTest.java:1091)
	at envJavaSpace.SpaceTest.getAll(SpaceTest.java:1034)
	at envJavaSpace.SpaceTest.readProhibition(SpaceTest.java:987)
	at envJavaSpace.AgentHandler.notify(AgentHandler.java:57)
	at sun.reflect.GeneratedMethodAccessor34.invoke(Unknown Source)
	at sun.reflect.DelegatingMethodAccessorImpl.invoke(DelegatingMethodAccessorImpl.java:25)
	at java.lang.reflect.Method.invoke(Method.java:597)
	at sun.rmi.server.UnicastServerRef.dispatch(UnicastServerRef.java:303)
	at sun.rmi.transport.Transport$1.run(Transport.java:159)
	at java.security.AccessController.doPrivileged(Native Method)
	at sun.rmi.transport.Transport.serviceCall(Transport.java:155)
	at sun.rmi.transport.tcp.TCPTransport.handleMessages(TCPTransport.java:535)
	at sun.rmi.transport.tcp.TCPTransport$ConnectionHandler.run0(TCPTransport.java:790)
	at sun.rmi.transport.tcp.TCPTransport$ConnectionHandler.run(TCPTransport.java:649)
	at java.util.concurrent.ThreadPoolExecutor$Worker.runTask(ThreadPoolExecutor.java:886)
	at java.util.concurrent.ThreadPoolExecutor$Worker.run(ThreadPoolExecutor.java:908)
	at java.lang.Thread.run(Thread.java:680)
java.lang.NullPointerException
	at envJavaSpace.SpaceTest$1.compare(SpaceTest.java:1095)
	at java.util.Arrays.mergeSort(Arrays.java:1270)
	at java.util.Arrays.sort(Arrays.java:1210)
	at java.util.Collections.sort(Collections.java:157)
	at envJavaSpace.SpaceTest.getLatest(SpaceTest.java:1091)
	at envJavaSpace.SpaceTest.getAll(SpaceTest.java:1034)
	at envJavaSpace.SpaceTest.readProhibition(SpaceTest.java:987)
	at envJavaSpace.AgentHandler.notify(AgentHandler.java:57)
	at sun.reflect.GeneratedMethodAccessor34.invoke(Unknown Source)
	at sun.reflect.DelegatingMethodAccessorImpl.invoke(DelegatingMethodAccessorImpl.java:25)
	at java.lang.reflect.Method.invoke(Method.java:597)
	at sun.rmi.server.UnicastServerRef.dispatch(UnicastServerRef.java:303)
	at sun.rmi.transport.Transport$1.run(Transport.java:159)
	at java.security.AccessController.doPrivileged(Native Method)
	at sun.rmi.transport.Transport.serviceCall(Transport.java:155)
	at sun.rmi.transport.tcp.TCPTransport.handleMessages(TCPTransport.java:535)
	at sun.rmi.transport.tcp.TCPTransport$ConnectionHandler.run0(TCPTransport.java:790)
	at sun.rmi.transport.tcp.TCPTransport$ConnectionHandler.run(TCPTransport.java:649)
	at java.util.concurrent.ThreadPoolExecutor$Worker.runTask(ThreadPoolExecutor.java:886)
	at java.util.concurrent.ThreadPoolExecutor$Worker.run(ThreadPoolExecutor.java:908)
	at java.lang.Thread.run(Thread.java:680)
[null]
java.lang.ClassCastException: apapl.data.APLIdent cannot be cast to apapl.data.APLFunction
	at envJavaSpace.SpaceTest.notifyAgent(SpaceTest.java:1109)
	at envJavaSpace.AgentHandler.notify(AgentHandler.java:58)
	at sun.reflect.GeneratedMethodAccessor34.invoke(Unknown Source)
	at sun.reflect.DelegatingMethodAccessorImpl.invoke(DelegatingMethodAccessorImpl.java:25)
	at java.lang.reflect.Method.invoke(Method.java:597)
	at sun.rmi.server.UnicastServerRef.dispatch(UnicastServerRef.java:303)
	at sun.rmi.transport.Transport$1.run(Transport.java:159)
	at java.security.AccessController.doPrivileged(Native Method)
	at sun.rmi.transport.Transport.serviceCall(Transport.java:155)
	at sun.rmi.transport.tcp.TCPTransport.handleMessages(TCPTransport.java:535)
	at sun.rmi.transport.tcp.TCPTransport$ConnectionHandler.run0(TCPTransport.java:790)
	at sun.rmi.transport.tcp.TCPTransport$ConnectionHandler.run(TCPTransport.java:649)
	at java.util.concurrent.ThreadPoolExecutor$Worker.runTask(ThreadPoolExecutor.java:886)
	at java.util.concurrent.ThreadPoolExecutor$Worker.run(ThreadPoolExecutor.java:908)
	at java.lang.Thread.run(Thread.java:680)
[null]
java.lang.ClassCastException: apapl.data.APLIdent cannot be cast to apapl.data.APLFunction
	at envJavaSpace.SpaceTest.notifyAgent(SpaceTest.java:1109)
	at envJavaSpace.AgentHandler.notify(AgentHandler.java:58)
	at sun.reflect.GeneratedMethodAccessor34.invoke(Unknown Source)
	at sun.reflect.DelegatingMethodAccessorImpl.invoke(DelegatingMethodAccessorImpl.java:25)
	at java.lang.reflect.Method.invoke(Method.java:597)
	at sun.rmi.server.UnicastServerRef.dispatch(UnicastServerRef.java:303)
	at sun.rmi.transport.Transport$1.run(Transport.java:159)
	at java.security.AccessController.doPrivileged(Native Method)
	at sun.rmi.transport.Transport.serviceCall(Transport.java:155)
	at sun.rmi.transport.tcp.TCPTransport.handleMessages(TCPTransport.java:535)
	at sun.rmi.transport.tcp.TCPTransport$ConnectionHandler.run0(TCPTransport.java:790)
	at sun.rmi.transport.tcp.TCPTransport$ConnectionHandler.run(TCPTransport.java:649)
	at java.util.concurrent.ThreadPoolExecutor$Worker.runTask(ThreadPoolExecutor.java:886)
	at java.util.concurrent.ThreadPoolExecutor$Worker.run(ThreadPoolExecutor.java:908)
	at java.lang.Thread.run(Thread.java:680)
[null]
java.lang.ClassCastException: apapl.data.APLIdent cannot be cast to apapl.data.APLFunction
	at envJavaSpace.SpaceTest.notifyAgent(SpaceTest.java:1109)
	at envJavaSpace.AgentHandler.notify(AgentHandler.java:58)
	at sun.reflect.GeneratedMethodAccessor34.invoke(Unknown Source)
	at sun.reflect.DelegatingMethodAccessorImpl.invoke(DelegatingMethodAccessorImpl.java:25)
	at java.lang.reflect.Method.invoke(Method.java:597)
	at sun.rmi.server.UnicastServerRef.dispatch(UnicastServerRef.java:303)
	at sun.rmi.transport.Transport$1.run(Transport.java:159)
	at java.security.AccessController.doPrivileged(Native Method)
	at sun.rmi.transport.Transport.serviceCall(Transport.java:155)
	at sun.rmi.transport.tcp.TCPTransport.handleMessages(TCPTransport.java:535)
	at sun.rmi.transport.tcp.TCPTransport$ConnectionHandler.run0(TCPTransport.java:790)
	at sun.rmi.transport.tcp.TCPTransport$ConnectionHandler.run(TCPTransport.java:649)
	at java.util.concurrent.ThreadPoolExecutor$Worker.runTask(ThreadPoolExecutor.java:886)
	at java.util.concurrent.ThreadPoolExecutor$Worker.run(ThreadPoolExecutor.java:908)
	at java.lang.Thread.run(Thread.java:680)
org notified 
org notified 
org notified 
[null]
java.lang.ClassCastException: apapl.data.APLIdent cannot be cast to apapl.data.APLFunction
	at envJavaSpace.SpaceTest.notifyAgent(SpaceTest.java:1109)
	at envJavaSpace.AgentHandler.notify(AgentHandler.java:63)
	at sun.reflect.GeneratedMethodAccessor34.invoke(Unknown Source)
	at sun.reflect.DelegatingMethodAccessorImpl.invoke(DelegatingMethodAccessorImpl.java:25)
	at java.lang.reflect.Method.invoke(Method.java:597)
	at sun.rmi.server.UnicastServerRef.dispatch(UnicastServerRef.java:303)
	at sun.rmi.transport.Transport$1.run(Transport.java:159)
	at java.security.AccessController.doPrivileged(Native Method)
	at sun.rmi.transport.Transport.serviceCall(Transport.java:155)
	at sun.rmi.transport.tcp.TCPTransport.handleMessages(TCPTransport.java:535)
	at sun.rmi.transport.tcp.TCPTransport$ConnectionHandler.run0(TCPTransport.java:790)
	at sun.rmi.transport.tcp.TCPTransport$ConnectionHandler.run(TCPTransport.java:649)
	at java.util.concurrent.ThreadPoolExecutor$Worker.runTask(ThreadPoolExecutor.java:886)
	at java.util.concurrent.ThreadPoolExecutor$Worker.run(ThreadPoolExecutor.java:908)
	at java.lang.Thread.run(Thread.java:680)
[null]
java.lang.ClassCastException: apapl.data.APLIdent cannot be cast to apapl.data.APLFunction
	at envJavaSpace.SpaceTest.notifyAgent(SpaceTest.java:1109)
	at envJavaSpace.AgentHandler.notify(AgentHandler.java:63)
	at sun.reflect.GeneratedMethodAccessor34.invoke(Unknown Source)
	at sun.reflect.DelegatingMethodAccessorImpl.invoke(DelegatingMethodAccessorImpl.java:25)
	at java.lang.reflect.Method.invoke(Method.java:597)
	at sun.rmi.server.UnicastServerRef.dispatch(UnicastServerRef.java:303)
	at sun.rmi.transport.Transport$1.run(Transport.java:159)
	at java.security.AccessController.doPrivileged(Native Method)
	at sun.rmi.transport.Transport.serviceCall(Transport.java:155)
	at sun.rmi.transport.tcp.TCPTransport.handleMessages(TCPTransport.java:535)
	at sun.rmi.transport.tcp.TCPTransport$ConnectionHandler.run0(TCPTransport.java:790)
	at sun.rmi.transport.tcp.TCPTransport$ConnectionHandler.run(TCPTransport.java:649)
	at java.util.concurrent.ThreadPoolExecutor$Worker.runTask(ThreadPoolExecutor.java:886)
	at java.util.concurrent.ThreadPoolExecutor$Worker.run(ThreadPoolExecutor.java:908)
	at java.lang.Thread.run(Thread.java:680)
to be compared: [tuplespace.Cargo@4f4f4ec4]
from agent t1  obligation([cargo(_, _, _)], 10, [reduce_100(t1)])
to be compared: [tuplespace.Points@590864d2]
[tuplespace.Points@590864d2]
points(a3, 1, 1000)
to be compared: [tuplespace.Points@4932f4f0]
[tuplespace.Points@4932f4f0]
points(c1, 1, 1000)
org notified 
to be compared: [Coin [id=10, cell=Cell [x=15, y=15], agent=a1, time=Tue Jan 08 12:35:38 GMT 2013, clock=1], Coin [id=20, cell=Cell [x=1, y=15], agent=a2, time=Tue Jan 08 12:35:38 GMT 2013, clock=1], Coin [id=30, cell=Cell [x=15, y=1], agent=a3, time=Tue Jan 08 12:35:38 GMT 2013, clock=1]]
to be compared: [tuplespace.Points@64ce2228]
[tuplespace.Points@64ce2228]
points(t1, 1, 1000)
to be compared: [Reading [id=11, agent=a1, cell=Cell [x=11, y=11], time=Tue Jan 08 12:35:38 GMT 2013, value=50.0, clock=1]]
[Reading [id=11, agent=a1, cell=Cell [x=11, y=11], time=Tue Jan 08 12:35:38 GMT 2013, value=50.0, clock=1]]
tuple(a1, position(11, 11), 50, 1)
to be compared: [Reading [id=12, agent=a2, cell=Cell [x=1, y=11], time=Tue Jan 08 12:35:38 GMT 2013, value=60.0, clock=1]]
[Reading [id=12, agent=a2, cell=Cell [x=1, y=11], time=Tue Jan 08 12:35:38 GMT 2013, value=60.0, clock=1]]
tuple(a2, position(1, 11), 60, 1)
to be compared: [Reading [id=13, agent=a3, cell=Cell [x=11, y=1], time=Tue Jan 08 12:35:38 GMT 2013, value=10.0, clock=1]]
[Reading [id=13, agent=a3, cell=Cell [x=11, y=1], time=Tue Jan 08 12:35:38 GMT 2013, value=10.0, clock=1]]
tuple(a3, position(11, 1), 10, 1)
to be compared: [tuplespace.Cargo@61ee4296]
org notified 
to be compared: [tuplespace.Cargo@5c331fd8]
to be compared: [tuplespace.Cargo@67cc3210]
to be compared: [tuplespace.Cargo@6425b780]
to be compared: [tuplespace.Cargo@46c1121e]
to be compared: [tuplespace.Cargo@d1af848]
to be compared: [tuplespace.Cargo@6539defe]
to be compared: [tuplespace.Cargo@6be5bd3]
to be compared: [tuplespace.Cargo@2ca33d2c]
to be compared: [tuplespace.Cargo@6cf76647]
