Service Registrar: 2131b097-6371-46da-b860-ae9238a6fc5d
Java Space found.
TransactionManager found.
org notified 
org notified 
org notified 
org notified 
obligation([cargo(_, _, _)], 58, [reduce_100(t1)])
agent t1
create entry obligation [[cargo(_, _, _)], 58, [reduce_100(t1)]]
prohibition([cargo(_, _, 2)], [reduce_100(t1)])
agent t1
create entry prohibition [[cargo(_, _, 2)], [reduce_100(t1)]]
prohibition([at(5, 5, t1)], [reduce_300(t1)])
agent t1
create entry prohibition [[at(5, 5, t1)], [reduce_300(t1)]]
prohibition([at(5, 6, t1)], [reduce_300(t1)])
agent t1
create entry prohibition [[at(5, 6, t1)], [reduce_300(t1)]]
prohibition([at(6, 5, t1)], [reduce_300(t1)])
agent t1
create entry prohibition [[at(6, 5, t1)], [reduce_300(t1)]]
prohibition([at(6, 6, t1)], [reduce_300(t1)])
agent t1
create entry prohibition [[at(6, 6, t1)], [reduce_300(t1)]]
coin(position(8, 6), 48, a1)
agent c1
create entry coin [position(8, 6), 48, a1]
cargo(position(20, 20), 47)
agent t1
create entry cargo [position(20, 20), 47]
prohibition([coin(5, 5, _, a1)], [reduce_300(c1)])
agent c1
create entry prohibition [[coin(5, 5, _, a1)], [reduce_300(c1)]]
prohibition([coin(5, 6, _, a1)], [reduce_300(c1)])
agent c1
create entry prohibition [[coin(5, 6, _, a1)], [reduce_300(c1)]]
prohibition([coin(6, 5, _, a1)], [reduce_300(c1)])
agent c1
create entry prohibition [[coin(6, 5, _, a1)], [reduce_300(c1)]]
prohibition([coin(6, 6, _, a1)], [reduce_300(c1)])
agent c1
create entry prohibition [[coin(6, 6, _, a1)], [reduce_300(c1)]]
prohibition([coin(5, 5, _, a2)], [reduce_300(c1)])
agent c1
create entry prohibition [[coin(5, 5, _, a2)], [reduce_300(c1)]]
prohibition([coin(5, 6, _, a2)], [reduce_300(c1)])
agent c1
create entry prohibition [[coin(5, 6, _, a2)], [reduce_300(c1)]]
prohibition([coin(6, 5, _, a2)], [reduce_300(c1)])
agent c1
create entry prohibition [[coin(6, 5, _, a2)], [reduce_300(c1)]]
prohibition([coin(6, 6, _, a2)], [reduce_300(c1)])
agent c1
create entry prohibition [[coin(6, 6, _, a2)], [reduce_300(c1)]]
prohibition([coin(5, 5, _, a3)], [reduce_300(c1)])
agent c1
create entry prohibition [[coin(5, 5, _, a3)], [reduce_300(c1)]]
prohibition([coin(5, 6, _, a3)], [reduce_300(c1)])
agent c1
create entry prohibition [[coin(5, 6, _, a3)], [reduce_300(c1)]]
prohibition([coin(6, 5, _, a3)], [reduce_300(c1)])
agent c1
create entry prohibition [[coin(6, 5, _, a3)], [reduce_300(c1)]]
prohibition([coin(6, 6, _, a3)], [reduce_300(c1)])
agent c1
create entry prohibition [[coin(6, 6, _, a3)], [reduce_300(c1)]]
status(position(3, 4), 47)
agent a2
status(position(3, 4), 48)
agent a3
status(position(3, 4), 46)
agent a1
coin(position(16, 6), 47, a2)
agent c1
create entry coin [position(16, 6), 47, a2]
status(position(19, 20), 48)
agent t1
status(position(3, 5), 46)
agent a2
status(position(3, 5), 47)
agent a1
status(position(3, 5), 48)
agent a3
prohibition([at(5, 5, a1)], [reduce_300(a1)])
agent a1
create entry prohibition [[at(5, 5, a1)], [reduce_300(a1)]]
prohibition([at(5, 6, a1)], [reduce_300(a1)])
agent a1
create entry prohibition [[at(5, 6, a1)], [reduce_300(a1)]]
prohibition([at(6, 5, a1)], [reduce_300(a1)])
agent a1
create entry prohibition [[at(6, 5, a1)], [reduce_300(a1)]]
prohibition([at(6, 6, a1)], [reduce_300(a1)])
agent a1
create entry prohibition [[at(6, 6, a1)], [reduce_300(a1)]]
prohibition([at(5, 5, a2)], [reduce_300(a2)])
agent a2
create entry prohibition [[at(5, 5, a2)], [reduce_300(a2)]]
prohibition([at(5, 6, a2)], [reduce_300(a2)])
agent a2
create entry prohibition [[at(5, 6, a2)], [reduce_300(a2)]]
prohibition([at(6, 5, a2)], [reduce_300(a2)])
agent a2
create entry prohibition [[at(6, 5, a2)], [reduce_300(a2)]]
prohibition([at(6, 6, a2)], [reduce_300(a2)])
agent a2
create entry prohibition [[at(6, 6, a2)], [reduce_300(a2)]]
prohibition([at(5, 5, a3)], [reduce_300(a3)])
agent a3
create entry prohibition [[at(5, 5, a3)], [reduce_300(a3)]]
prohibition([at(5, 6, a3)], [reduce_300(a3)])
agent a3
create entry prohibition [[at(5, 6, a3)], [reduce_300(a3)]]
prohibition([at(6, 5, a3)], [reduce_300(a3)])
agent a3
create entry prohibition [[at(6, 5, a3)], [reduce_300(a3)]]
prohibition([at(6, 6, a3)], [reduce_300(a3)])
agent a3
create entry prohibition [[at(6, 6, a3)], [reduce_300(a3)]]
coin(position(3, 9), 48, a3)
agent c1
create entry coin [position(3, 9), 48, a3]
status(position(18, 20), 47)
agent t1
status(position(3, 6), 47)
agent a2
status(position(3, 6), 48)
agent a1
status(position(3, 6), 46)
agent a3
status(position(17, 20), 48)
agent t1
org notified 
status(position(3, 7), 46)
agent a1
status(position(3, 7), 45)
agent a2
status(position(3, 7), 48)
agent a3
status(position(16, 20), 48)
agent t1
status(position(3, 8), 47)
agent a3
status(position(3, 8), 45)
agent a1
status(position(15, 20), 47)
agent t1
status(position(3, 8), 45)
agent a2
obligation([cargo(_, _, _)], 58, [reduce_100(t1)])
agent t1
create entry obligation [[cargo(_, _, _)], 58, [reduce_100(t1)]]
prohibition([cargo(_, _, 48)], [reduce_100(t1)])
agent t1
create entry prohibition [[cargo(_, _, 48)], [reduce_100(t1)]]
