Service Registrar: 2131b097-6371-46da-b860-ae9238a6fc5d
Java Space found.
TransactionManager found.
org notified 
org notified 
java.lang.ClassCastException: apapl.data.APLIdent cannot be cast to apapl.data.APLFunction
	at envJavaSpace.SpaceTest.notifyAgent(SpaceTest.java:1108)
	at envJavaSpace.AgentHandler.notify(AgentHandler.java:68)
	at sun.reflect.GeneratedMethodAccessor32.invoke(Unknown Source)
	at sun.reflect.DelegatingMethodAccessorImpl.invoke(DelegatingMethodAccessorImpl.java:25)
	at java.lang.reflect.Method.invoke(Method.java:597)
	at sun.rmi.server.UnicastServerRef.dispatch(UnicastServerRef.java:303)
	at sun.rmi.transport.Transport$1.run(Transport.java:159)
	at java.security.AccessController.doPrivileged(Native Method)
	at sun.rmi.transport.Transport.serviceCall(Transport.java:155)
	at sun.rmi.transport.tcp.TCPTransport.handleMessages(TCPTransport.java:535)
	at sun.rmi.transport.tcp.TCPTransport$ConnectionHandler.run0(TCPTransport.java:790)
	at sun.rmi.transport.tcp.TCPTransport$ConnectionHandler.run(TCPTransport.java:649)
	at java.util.concurrent.ThreadPoolExecutor$Worker.runTask(ThreadPoolExecutor.java:886)
	at java.util.concurrent.ThreadPoolExecutor$Worker.run(ThreadPoolExecutor.java:908)
	at java.lang.Thread.run(Thread.java:680)
org notified 
java.lang.ClassCastException: apapl.data.APLIdent cannot be cast to apapl.data.APLFunction
	at envJavaSpace.SpaceTest.notifyAgent(SpaceTest.java:1108)
	at envJavaSpace.AgentHandler.notify(AgentHandler.java:68)
	at sun.reflect.GeneratedMethodAccessor32.invoke(Unknown Source)
	at sun.reflect.DelegatingMethodAccessorImpl.invoke(DelegatingMethodAccessorImpl.java:25)
	at java.lang.reflect.Method.invoke(Method.java:597)
	at sun.rmi.server.UnicastServerRef.dispatch(UnicastServerRef.java:303)
	at sun.rmi.transport.Transport$1.run(Transport.java:159)
	at java.security.AccessController.doPrivileged(Native Method)
	at sun.rmi.transport.Transport.serviceCall(Transport.java:155)
	at sun.rmi.transport.tcp.TCPTransport.handleMessages(TCPTransport.java:535)
	at sun.rmi.transport.tcp.TCPTransport$ConnectionHandler.run0(TCPTransport.java:790)
	at sun.rmi.transport.tcp.TCPTransport$ConnectionHandler.run(TCPTransport.java:649)
	at java.util.concurrent.ThreadPoolExecutor$Worker.runTask(ThreadPoolExecutor.java:886)
	at java.util.concurrent.ThreadPoolExecutor$Worker.run(ThreadPoolExecutor.java:908)
	at java.lang.Thread.run(Thread.java:680)
java.lang.ClassCastException: apapl.data.APLIdent cannot be cast to apapl.data.APLFunction
	at envJavaSpace.SpaceTest.notifyAgent(SpaceTest.java:1108)
	at envJavaSpace.AgentHandler.notify(AgentHandler.java:68)
	at sun.reflect.GeneratedMethodAccessor32.invoke(Unknown Source)
	at sun.reflect.DelegatingMethodAccessorImpl.invoke(DelegatingMethodAccessorImpl.java:25)
	at java.lang.reflect.Method.invoke(Method.java:597)
	at sun.rmi.server.UnicastServerRef.dispatch(UnicastServerRef.java:303)
	at sun.rmi.transport.Transport$1.run(Transport.java:159)
	at java.security.AccessController.doPrivileged(Native Method)
	at sun.rmi.transport.Transport.serviceCall(Transport.java:155)
	at sun.rmi.transport.tcp.TCPTransport.handleMessages(TCPTransport.java:535)
	at sun.rmi.transport.tcp.TCPTransport$ConnectionHandler.run0(TCPTransport.java:790)
	at sun.rmi.transport.tcp.TCPTransport$ConnectionHandler.run(TCPTransport.java:649)
	at java.util.concurrent.ThreadPoolExecutor$Worker.runTask(ThreadPoolExecutor.java:886)
	at java.util.concurrent.ThreadPoolExecutor$Worker.run(ThreadPoolExecutor.java:908)
	at java.lang.Thread.run(Thread.java:680)
org notified 
java.lang.ClassCastException: apapl.data.APLIdent cannot be cast to apapl.data.APLFunction
	at envJavaSpace.SpaceTest.notifyAgent(SpaceTest.java:1108)
	at envJavaSpace.AgentHandler.notify(AgentHandler.java:68)
	at sun.reflect.GeneratedMethodAccessor32.invoke(Unknown Source)
	at sun.reflect.DelegatingMethodAccessorImpl.invoke(DelegatingMethodAccessorImpl.java:25)
	at java.lang.reflect.Method.invoke(Method.java:597)
	at sun.rmi.server.UnicastServerRef.dispatch(UnicastServerRef.java:303)
	at sun.rmi.transport.Transport$1.run(Transport.java:159)
	at java.security.AccessController.doPrivileged(Native Method)
	at sun.rmi.transport.Transport.serviceCall(Transport.java:155)
	at sun.rmi.transport.tcp.TCPTransport.handleMessages(TCPTransport.java:535)
	at sun.rmi.transport.tcp.TCPTransport$ConnectionHandler.run0(TCPTransport.java:790)
	at sun.rmi.transport.tcp.TCPTransport$ConnectionHandler.run(TCPTransport.java:649)
	at java.util.concurrent.ThreadPoolExecutor$Worker.runTask(ThreadPoolExecutor.java:886)
	at java.util.concurrent.ThreadPoolExecutor$Worker.run(ThreadPoolExecutor.java:908)
	at java.lang.Thread.run(Thread.java:680)
java.lang.ClassCastException: apapl.data.APLIdent cannot be cast to apapl.data.APLFunction
	at envJavaSpace.SpaceTest.notifyAgent(SpaceTest.java:1108)
	at envJavaSpace.AgentHandler.notify(AgentHandler.java:68)
	at sun.reflect.GeneratedMethodAccessor32.invoke(Unknown Source)
	at sun.reflect.DelegatingMethodAccessorImpl.invoke(DelegatingMethodAccessorImpl.java:25)
	at java.lang.reflect.Method.invoke(Method.java:597)
	at sun.rmi.server.UnicastServerRef.dispatch(UnicastServerRef.java:303)
	at sun.rmi.transport.Transport$1.run(Transport.java:159)
	at java.security.AccessController.doPrivileged(Native Method)
	at sun.rmi.transport.Transport.serviceCall(Transport.java:155)
	at sun.rmi.transport.tcp.TCPTransport.handleMessages(TCPTransport.java:535)
	at sun.rmi.transport.tcp.TCPTransport$ConnectionHandler.run0(TCPTransport.java:790)
	at sun.rmi.transport.tcp.TCPTransport$ConnectionHandler.run(TCPTransport.java:649)
	at java.util.concurrent.ThreadPoolExecutor$Worker.runTask(ThreadPoolExecutor.java:886)
	at java.util.concurrent.ThreadPoolExecutor$Worker.run(ThreadPoolExecutor.java:908)
	at java.lang.Thread.run(Thread.java:680)
java.lang.ClassCastException: apapl.data.APLIdent cannot be cast to apapl.data.APLFunction
	at envJavaSpace.SpaceTest.notifyAgent(SpaceTest.java:1108)
	at envJavaSpace.AgentHandler.notify(AgentHandler.java:48)
	at sun.reflect.GeneratedMethodAccessor32.invoke(Unknown Source)
	at sun.reflect.DelegatingMethodAccessorImpl.invoke(DelegatingMethodAccessorImpl.java:25)
	at java.lang.reflect.Method.invoke(Method.java:597)
	at sun.rmi.server.UnicastServerRef.dispatch(UnicastServerRef.java:303)
	at sun.rmi.transport.Transport$1.run(Transport.java:159)
	at java.security.AccessController.doPrivileged(Native Method)
	at sun.rmi.transport.Transport.serviceCall(Transport.java:155)
	at sun.rmi.transport.tcp.TCPTransport.handleMessages(TCPTransport.java:535)
	at sun.rmi.transport.tcp.TCPTransport$ConnectionHandler.run0(TCPTransport.java:790)
	at sun.rmi.transport.tcp.TCPTransport$ConnectionHandler.run(TCPTransport.java:649)
	at java.util.concurrent.ThreadPoolExecutor$Worker.runTask(ThreadPoolExecutor.java:886)
	at java.util.concurrent.ThreadPoolExecutor$Worker.run(ThreadPoolExecutor.java:908)
	at java.lang.Thread.run(Thread.java:680)
org notified 
java.lang.ClassCastException: apapl.data.APLIdent cannot be cast to apapl.data.APLFunction
	at envJavaSpace.SpaceTest.notifyAgent(SpaceTest.java:1108)
	at envJavaSpace.AgentHandler.notify(AgentHandler.java:48)
	at sun.reflect.GeneratedMethodAccessor32.invoke(Unknown Source)
	at sun.reflect.DelegatingMethodAccessorImpl.invoke(DelegatingMethodAccessorImpl.java:25)
	at java.lang.reflect.Method.invoke(Method.java:597)
	at sun.rmi.server.UnicastServerRef.dispatch(UnicastServerRef.java:303)
	at sun.rmi.transport.Transport$1.run(Transport.java:159)
	at java.security.AccessController.doPrivileged(Native Method)
	at sun.rmi.transport.Transport.serviceCall(Transport.java:155)
	at sun.rmi.transport.tcp.TCPTransport.handleMessages(TCPTransport.java:535)
	at sun.rmi.transport.tcp.TCPTransport$ConnectionHandler.run0(TCPTransport.java:790)
	at sun.rmi.transport.tcp.TCPTransport$ConnectionHandler.run(TCPTransport.java:649)
	at java.util.concurrent.ThreadPoolExecutor$Worker.runTask(ThreadPoolExecutor.java:886)
	at java.util.concurrent.ThreadPoolExecutor$Worker.run(ThreadPoolExecutor.java:908)
	at java.lang.Thread.run(Thread.java:680)
java.lang.ClassCastException: apapl.data.APLIdent cannot be cast to apapl.data.APLFunction
	at envJavaSpace.SpaceTest.notifyAgent(SpaceTest.java:1108)
	at envJavaSpace.AgentHandler.notify(AgentHandler.java:48)
	at sun.reflect.GeneratedMethodAccessor32.invoke(Unknown Source)
	at sun.reflect.DelegatingMethodAccessorImpl.invoke(DelegatingMethodAccessorImpl.java:25)
	at java.lang.reflect.Method.invoke(Method.java:597)
	at sun.rmi.server.UnicastServerRef.dispatch(UnicastServerRef.java:303)
	at sun.rmi.transport.Transport$1.run(Transport.java:159)
	at java.security.AccessController.doPrivileged(Native Method)
	at sun.rmi.transport.Transport.serviceCall(Transport.java:155)
	at sun.rmi.transport.tcp.TCPTransport.handleMessages(TCPTransport.java:535)
	at sun.rmi.transport.tcp.TCPTransport$ConnectionHandler.run0(TCPTransport.java:790)
	at sun.rmi.transport.tcp.TCPTransport$ConnectionHandler.run(TCPTransport.java:649)
	at java.util.concurrent.ThreadPoolExecutor$Worker.runTask(ThreadPoolExecutor.java:886)
	at java.util.concurrent.ThreadPoolExecutor$Worker.run(ThreadPoolExecutor.java:908)
	at java.lang.Thread.run(Thread.java:680)
org notified 
obligation([cargo(_, _, _)], 15, [reduce_100(t1)])
agent t1
create entry obligation [[cargo(_, _, _)], 15, [reduce_100(t1)]]
Obligation [agent=t1, obligation=[cargo(_, _, _)], sanction=[reduce_100(t1)], deadline=15, time=Mon Jan 07 17:18:47 GMT 2013, clock=1]
obligation(cargo(_, _, _, t1), 15, reduce_100(t1))
obligation(cargo(_, _, _, t1), 39, reduce_100(t1))
obligation([cargo(_, _, _)], 18, [reduce_100(t1)])
agent t1
create entry obligation [[cargo(_, _, _)], 18, [reduce_100(t1)]]
Obligation [agent=t1, obligation=[cargo(_, _, _)], sanction=[reduce_100(t1)], deadline=18, time=Mon Jan 07 17:18:48 GMT 2013, clock=1]
coin(position(8, 6), 0, a1)
agent c1
create entry coin [position(8, 6), 0, a1]
cargo(position(20, 20), 0)
agent t1
create entry cargo [position(20, 20), 0]
obligation(cargo(_, _, _, t1), 39, reduce_100(t1))
obligation(cargo(_, _, _, t1), 18, reduce_100(t1))
prohibition([cargo(_, _, 1)], [reduce_100(t1)])
agent t1
create entry prohibition [[cargo(_, _, 1)], [reduce_100(t1)]]
Prohibition [agent=t1, prohibition=[cargo(_, _, 1)], sanction=[reduce_100(t1)], clock=1, time=Mon Jan 07 17:18:49 GMT 2013]
coin(position(16, 6), 5, a2)
agent c1
create entry coin [position(16, 6), 5, a2]
status(position(3, 4), 6)
agent a1
status(position(3, 4), 7)
agent a3
status(position(19, 20), 8)
agent t1
status(position(3, 4), 9)
agent a2
prohibition(cargo(_, _, 5, t1), reduce_100(t1))
prohibition(cargo(_, _, 5, t1), reduce_100(t1))
prohibition([cargo(_, _, 1)], [reduce_100(t1)])
agent t1
create entry prohibition [[cargo(_, _, 1)], [reduce_100(t1)]]
Prohibition [agent=t1, prohibition=[cargo(_, _, 1)], sanction=[reduce_100(t1)], clock=1, time=Mon Jan 07 17:18:50 GMT 2013]
prohibition(at(6, 5, a3), reduce_300(a3))
prohibition([at(5, 5, t1)], [reduce_300(t1)])
agent t1
create entry prohibition [[at(5, 5, t1)], [reduce_300(t1)]]
Prohibition [agent=t1, prohibition=[at(5, 5, t1)], sanction=[reduce_300(t1)], clock=1, time=Mon Jan 07 17:18:50 GMT 2013]
prohibition([at(5, 6, t1)], [reduce_300(t1)])
agent t1
create entry prohibition [[at(5, 6, t1)], [reduce_300(t1)]]
Prohibition [agent=t1, prohibition=[at(5, 6, t1)], sanction=[reduce_300(t1)], clock=1, time=Mon Jan 07 17:18:50 GMT 2013]
prohibition([at(6, 5, t1)], [reduce_300(t1)])
agent t1
create entry prohibition [[at(6, 5, t1)], [reduce_300(t1)]]
Prohibition [agent=t1, prohibition=[at(6, 5, t1)], sanction=[reduce_300(t1)], clock=1, time=Mon Jan 07 17:18:50 GMT 2013]
prohibition([at(6, 6, t1)], [reduce_300(t1)])
agent t1
create entry prohibition [[at(6, 6, t1)], [reduce_300(t1)]]
Prohibition [agent=t1, prohibition=[at(6, 6, t1)], sanction=[reduce_300(t1)], clock=1, time=Mon Jan 07 17:18:50 GMT 2013]
prohibition(at(6, 5, t1), reduce_300(t1))
prohibition(at(6, 6, t1), reduce_300(t1))
status(position(3, 5), 7)
agent a3
status(position(3, 5), 8)
agent a1
status(position(18, 20), 9)
agent t1
prohibition(at(6, 5, t1), reduce_300(t1))
prohibition(at(6, 6, t1), reduce_300(t1))
coin(position(3, 9), 8, a3)
agent c1
create entry coin [position(3, 9), 8, a3]
status(position(3, 5), 9)
agent a2
prohibition([coin(5, 5, _, a1)], [reduce_300(c1)])
agent c1
create entry prohibition [[coin(5, 5, _, a1)], [reduce_300(c1)]]
Prohibition [agent=c1, prohibition=[coin(5, 5, _, a1)], sanction=[reduce_300(c1)], clock=1, time=Mon Jan 07 17:18:51 GMT 2013]
prohibition([coin(5, 6, _, a1)], [reduce_300(c1)])
agent c1
create entry prohibition [[coin(5, 6, _, a1)], [reduce_300(c1)]]
Prohibition [agent=c1, prohibition=[coin(5, 6, _, a1)], sanction=[reduce_300(c1)], clock=1, time=Mon Jan 07 17:18:51 GMT 2013]
prohibition([coin(6, 5, _, a1)], [reduce_300(c1)])
agent c1
create entry prohibition [[coin(6, 5, _, a1)], [reduce_300(c1)]]
Prohibition [agent=c1, prohibition=[coin(6, 5, _, a1)], sanction=[reduce_300(c1)], clock=1, time=Mon Jan 07 17:18:51 GMT 2013]
prohibition([coin(6, 6, _, a1)], [reduce_300(c1)])
agent c1
create entry prohibition [[coin(6, 6, _, a1)], [reduce_300(c1)]]
Prohibition [agent=c1, prohibition=[coin(6, 6, _, a1)], sanction=[reduce_300(c1)], clock=1, time=Mon Jan 07 17:18:51 GMT 2013]
prohibition([coin(5, 5, _, a2)], [reduce_300(c1)])
agent c1
create entry prohibition [[coin(5, 5, _, a2)], [reduce_300(c1)]]
Prohibition [agent=c1, prohibition=[coin(5, 5, _, a2)], sanction=[reduce_300(c1)], clock=1, time=Mon Jan 07 17:18:51 GMT 2013]
prohibition([coin(5, 6, _, a2)], [reduce_300(c1)])
agent c1
create entry prohibition [[coin(5, 6, _, a2)], [reduce_300(c1)]]
Prohibition [agent=c1, prohibition=[coin(5, 6, _, a2)], sanction=[reduce_300(c1)], clock=1, time=Mon Jan 07 17:18:51 GMT 2013]
prohibition([coin(6, 5, _, a2)], [reduce_300(c1)])
agent c1
create entry prohibition [[coin(6, 5, _, a2)], [reduce_300(c1)]]
Prohibition [agent=c1, prohibition=[coin(6, 5, _, a2)], sanction=[reduce_300(c1)], clock=1, time=Mon Jan 07 17:18:51 GMT 2013]
prohibition([coin(6, 6, _, a2)], [reduce_300(c1)])
agent c1
create entry prohibition [[coin(6, 6, _, a2)], [reduce_300(c1)]]
Prohibition [agent=c1, prohibition=[coin(6, 6, _, a2)], sanction=[reduce_300(c1)], clock=1, time=Mon Jan 07 17:18:51 GMT 2013]
prohibition([coin(5, 5, _, a3)], [reduce_300(c1)])
agent c1
create entry prohibition [[coin(5, 5, _, a3)], [reduce_300(c1)]]
Prohibition [agent=c1, prohibition=[coin(5, 5, _, a3)], sanction=[reduce_300(c1)], clock=1, time=Mon Jan 07 17:18:51 GMT 2013]
prohibition([coin(5, 6, _, a3)], [reduce_300(c1)])
agent c1
create entry prohibition [[coin(5, 6, _, a3)], [reduce_300(c1)]]
Prohibition [agent=c1, prohibition=[coin(5, 6, _, a3)], sanction=[reduce_300(c1)], clock=1, time=Mon Jan 07 17:18:51 GMT 2013]
prohibition([coin(6, 5, _, a3)], [reduce_300(c1)])
agent c1
create entry prohibition [[coin(6, 5, _, a3)], [reduce_300(c1)]]
Prohibition [agent=c1, prohibition=[coin(6, 5, _, a3)], sanction=[reduce_300(c1)], clock=1, time=Mon Jan 07 17:18:51 GMT 2013]
prohibition([coin(6, 6, _, a3)], [reduce_300(c1)])
agent c1
create entry prohibition [[coin(6, 6, _, a3)], [reduce_300(c1)]]
Prohibition [agent=c1, prohibition=[coin(6, 6, _, a3)], sanction=[reduce_300(c1)], clock=1, time=Mon Jan 07 17:18:51 GMT 2013]
prohibition(coin(5, 5, _, c1), reduce_300(c1))
prohibition(coin(5, 6, _, c1), reduce_300(c1))
prohibition(coin(5, 5, _, c1), reduce_300(c1))
org notified 
status(position(3, 6), 10)
agent a3
status(position(3, 6), 10)
agent a2
status(position(17, 20), 10)
agent t1
status(position(3, 7), 6)
agent a3
prohibition([at(5, 5, a1)], [reduce_300(a1)])
agent a1
create entry prohibition [[at(5, 5, a1)], [reduce_300(a1)]]
Prohibition [agent=a1, prohibition=[at(5, 5, a1)], sanction=[reduce_300(a1)], clock=1, time=Mon Jan 07 17:18:54 GMT 2013]
prohibition([at(5, 6, a1)], [reduce_300(a1)])
agent a1
create entry prohibition [[at(5, 6, a1)], [reduce_300(a1)]]
Prohibition [agent=a1, prohibition=[at(5, 6, a1)], sanction=[reduce_300(a1)], clock=1, time=Mon Jan 07 17:18:54 GMT 2013]
prohibition([at(6, 5, a1)], [reduce_300(a1)])
agent a1
create entry prohibition [[at(6, 5, a1)], [reduce_300(a1)]]
Prohibition [agent=a1, prohibition=[at(6, 5, a1)], sanction=[reduce_300(a1)], clock=1, time=Mon Jan 07 17:18:54 GMT 2013]
prohibition([at(6, 6, a1)], [reduce_300(a1)])
agent a1
create entry prohibition [[at(6, 6, a1)], [reduce_300(a1)]]
Prohibition [agent=a1, prohibition=[at(6, 6, a1)], sanction=[reduce_300(a1)], clock=1, time=Mon Jan 07 17:18:54 GMT 2013]
prohibition([at(5, 5, a2)], [reduce_300(a2)])
agent a2
create entry prohibition [[at(5, 5, a2)], [reduce_300(a2)]]
Prohibition [agent=a2, prohibition=[at(5, 5, a2)], sanction=[reduce_300(a2)], clock=1, time=Mon Jan 07 17:18:54 GMT 2013]
prohibition([at(5, 6, a2)], [reduce_300(a2)])
agent a2
create entry prohibition [[at(5, 6, a2)], [reduce_300(a2)]]
Prohibition [agent=a2, prohibition=[at(5, 6, a2)], sanction=[reduce_300(a2)], clock=1, time=Mon Jan 07 17:18:54 GMT 2013]
prohibition([at(6, 5, a2)], [reduce_300(a2)])
agent a2
create entry prohibition [[at(6, 5, a2)], [reduce_300(a2)]]
Prohibition [agent=a2, prohibition=[at(6, 5, a2)], sanction=[reduce_300(a2)], clock=1, time=Mon Jan 07 17:18:54 GMT 2013]
prohibition([at(6, 6, a2)], [reduce_300(a2)])
agent a2
create entry prohibition [[at(6, 6, a2)], [reduce_300(a2)]]
Prohibition [agent=a2, prohibition=[at(6, 6, a2)], sanction=[reduce_300(a2)], clock=1, time=Mon Jan 07 17:18:54 GMT 2013]
prohibition([at(5, 5, a3)], [reduce_300(a3)])
agent a3
create entry prohibition [[at(5, 5, a3)], [reduce_300(a3)]]
Prohibition [agent=a3, prohibition=[at(5, 5, a3)], sanction=[reduce_300(a3)], clock=1, time=Mon Jan 07 17:18:54 GMT 2013]
prohibition([at(5, 6, a3)], [reduce_300(a3)])
agent a3
create entry prohibition [[at(5, 6, a3)], [reduce_300(a3)]]
Prohibition [agent=a3, prohibition=[at(5, 6, a3)], sanction=[reduce_300(a3)], clock=1, time=Mon Jan 07 17:18:54 GMT 2013]
prohibition([at(6, 5, a3)], [reduce_300(a3)])
agent a3
create entry prohibition [[at(6, 5, a3)], [reduce_300(a3)]]
Prohibition [agent=a3, prohibition=[at(6, 5, a3)], sanction=[reduce_300(a3)], clock=1, time=Mon Jan 07 17:18:54 GMT 2013]
prohibition([at(6, 6, a3)], [reduce_300(a3)])
agent a3
create entry prohibition [[at(6, 6, a3)], [reduce_300(a3)]]
Prohibition [agent=a3, prohibition=[at(6, 6, a3)], sanction=[reduce_300(a3)], clock=1, time=Mon Jan 07 17:18:54 GMT 2013]
status(position(3, 6), 6)
agent a1
org notified 
status(position(3, 7), 13)
agent a2
status(position(3, 7), 14)
agent a1
status(position(16, 20), 14)
agent t1
status(position(3, 8), 15)
agent a2
status(position(3, 8), 14)
agent a1
status(position(15, 20), 6)
agent t1
status(position(3, 8), 14)
agent a3
status(position(3, 9), 6)
agent a2
status(position(3, 9), 14)
agent a3
status(position(14, 20), 14)
agent t1
status(position(3, 9), 11)
agent a1
status(position(3, 10), 16)
agent a3
status(position(3, 10), 17)
agent a2
obligation([cargo(_, _, _)], 18, [reduce_100(t1)])
agent t1
create entry obligation [[cargo(_, _, _)], 18, [reduce_100(t1)]]
Obligation [agent=t1, obligation=[cargo(_, _, _)], sanction=[reduce_100(t1)], deadline=18, time=Mon Jan 07 17:19:00 GMT 2013, clock=1]
prohibition([cargo(_, _, 2)], [reduce_100(t1)])
agent t1
create entry prohibition [[cargo(_, _, 2)], [reduce_100(t1)]]
Prohibition [agent=t1, prohibition=[cargo(_, _, 2)], sanction=[reduce_100(t1)], clock=1, time=Mon Jan 07 17:19:01 GMT 2013]
org notified 
obligation([cargo(_, _, _)], 32, [reduce_100(t1)])
agent t1
create entry obligation [[cargo(_, _, _)], 32, [reduce_100(t1)]]
Obligation [agent=t1, obligation=[cargo(_, _, _)], sanction=[reduce_100(t1)], deadline=32, time=Mon Jan 07 17:19:19 GMT 2013, clock=1]
org notified 
obligation([cargo(_, _, _)], 32, [reduce_100(t1)])
agent t1
create entry obligation [[cargo(_, _, _)], 32, [reduce_100(t1)]]
Obligation [agent=t1, obligation=[cargo(_, _, _)], sanction=[reduce_100(t1)], deadline=32, time=Mon Jan 07 17:19:29 GMT 2013, clock=1]
obligation([cargo(_, _, _)], 32, [reduce_100(t1)])
agent t1
create entry obligation [[cargo(_, _, _)], 32, [reduce_100(t1)]]
Obligation [agent=t1, obligation=[cargo(_, _, _)], sanction=[reduce_100(t1)], deadline=32, time=Mon Jan 07 17:19:39 GMT 2013, clock=1]
org notified 
obligation([cargo(_, _, _)], 32, [reduce_100(t1)])
agent t1
create entry obligation [[cargo(_, _, _)], 32, [reduce_100(t1)]]
Obligation [agent=t1, obligation=[cargo(_, _, _)], sanction=[reduce_100(t1)], deadline=32, time=Mon Jan 07 17:19:49 GMT 2013, clock=1]
obligation([cargo(_, _, _)], 32, [reduce_100(t1)])
agent t1
create entry obligation [[cargo(_, _, _)], 32, [reduce_100(t1)]]
Obligation [agent=t1, obligation=[cargo(_, _, _)], sanction=[reduce_100(t1)], deadline=32, time=Mon Jan 07 17:19:59 GMT 2013, clock=1]
org notified 
obligation([cargo(_, _, _)], 32, [reduce_100(t1)])
agent t1
create entry obligation [[cargo(_, _, _)], 32, [reduce_100(t1)]]
Obligation [agent=t1, obligation=[cargo(_, _, _)], sanction=[reduce_100(t1)], deadline=32, time=Mon Jan 07 17:20:09 GMT 2013, clock=1]
org notified 
obligation([cargo(_, _, _)], 32, [reduce_100(t1)])
agent t1
create entry obligation [[cargo(_, _, _)], 32, [reduce_100(t1)]]
Obligation [agent=t1, obligation=[cargo(_, _, _)], sanction=[reduce_100(t1)], deadline=32, time=Mon Jan 07 17:20:30 GMT 2013, clock=1]
org notified 
obligation([cargo(_, _, _)], 32, [reduce_100(t1)])
agent t1
create entry obligation [[cargo(_, _, _)], 32, [reduce_100(t1)]]
Obligation [agent=t1, obligation=[cargo(_, _, _)], sanction=[reduce_100(t1)], deadline=32, time=Mon Jan 07 17:20:37 GMT 2013, clock=1]
prohibition(cargo(_, _, 2, t1), reduce_100(t1))
obligation([cargo(_, _, _)], 32, [reduce_100(t1)])
agent t1
create entry obligation [[cargo(_, _, _)], 32, [reduce_100(t1)]]
Obligation [agent=t1, obligation=[cargo(_, _, _)], sanction=[reduce_100(t1)], deadline=32, time=Mon Jan 07 17:20:59 GMT 2013, clock=1]
prohibition(cargo(_, _, 2, t1), reduce_100(t1))
prohibition(cargo(_, _, 2, t1), reduce_100(t1))
prohibition(cargo(_, _, 2, t1), reduce_100(t1))
prohibition(cargo(_, _, 2, t1), reduce_100(t1))
prohibition(cargo(_, _, 2, t1), reduce_100(t1))
prohibition(cargo(_, _, 2, t1), reduce_100(t1))
prohibition(cargo(_, _, 2, t1), reduce_100(t1))
prohibition(cargo(_, _, 2, t1), reduce_100(t1))
prohibition(cargo(_, _, 2, t1), reduce_100(t1))
obligation([cargo(_, _, _)], 32, [reduce_100(t1)])
agent t1
create entry obligation [[cargo(_, _, _)], 32, [reduce_100(t1)]]
Obligation [agent=t1, obligation=[cargo(_, _, _)], sanction=[reduce_100(t1)], deadline=32, time=Mon Jan 07 17:21:06 GMT 2013, clock=1]
obligation(cargo(_, _, _, t1), 32, reduce_100(t1))
obligation(cargo(_, _, _, t1), 32, reduce_100(t1))
org notified 
obligation([cargo(_, _, _)], 32, [reduce_100(t1)])
agent t1
create entry obligation [[cargo(_, _, _)], 32, [reduce_100(t1)]]
Obligation [agent=t1, obligation=[cargo(_, _, _)], sanction=[reduce_100(t1)], deadline=32, time=Mon Jan 07 17:21:29 GMT 2013, clock=1]
obligation(cargo(_, _, _, t1), 32, reduce_100(t1))
obligation(cargo(_, _, _, t1), 32, reduce_100(t1))
obligation([cargo(_, _, _)], 32, [reduce_100(t1)])
agent t1
create entry obligation [[cargo(_, _, _)], 32, [reduce_100(t1)]]
Obligation [agent=t1, obligation=[cargo(_, _, _)], sanction=[reduce_100(t1)], deadline=32, time=Mon Jan 07 17:21:35 GMT 2013, clock=1]
obligation(cargo(_, _, _, t1), 32, reduce_100(t1))
obligation(cargo(_, _, _, t1), 32, reduce_100(t1))
prohibition([cargo(_, _, 1)], [reduce_100(t1)])
agent t1
create entry prohibition [[cargo(_, _, 1)], [reduce_100(t1)]]
Prohibition [agent=t1, prohibition=[cargo(_, _, 1)], sanction=[reduce_100(t1)], clock=1, time=Mon Jan 07 17:21:36 GMT 2013]
prohibition(cargo(_, _, 2, t1), reduce_100(t1))
prohibition(at(6, 6, a3), reduce_300(a3))
prohibition(cargo(_, _, 1, t1), reduce_100(t1))
prohibition(at(6, 6, a3), reduce_300(a3))
prohibition(cargo(_, _, 2, t1), reduce_100(t1))
prohibition(at(5, 6, a3), reduce_300(a3))
prohibition(at(6, 6, a3), reduce_300(a3))
prohibition(at(6, 5, a2), reduce_300(a2))
prohibition(at(5, 6, a3), reduce_300(a3))
prohibition(at(6, 6, a3), reduce_300(a3))
obligation([cargo(_, _, _)], 32, [reduce_100(t1)])
agent t1
create entry obligation [[cargo(_, _, _)], 32, [reduce_100(t1)]]
Obligation [agent=t1, obligation=[cargo(_, _, _)], sanction=[reduce_100(t1)], deadline=32, time=Mon Jan 07 17:21:45 GMT 2013, clock=1]
obligation(cargo(_, _, _, t1), 32, reduce_100(t1))
obligation(cargo(_, _, _, t1), 32, reduce_100(t1))
obligation([cargo(_, _, _)], 32, [reduce_100(t1)])
agent t1
create entry obligation [[cargo(_, _, _)], 32, [reduce_100(t1)]]
Obligation [agent=t1, obligation=[cargo(_, _, _)], sanction=[reduce_100(t1)], deadline=32, time=Mon Jan 07 17:22:00 GMT 2013, clock=1]
obligation(cargo(_, _, _, t1), 32, reduce_100(t1))
obligation(cargo(_, _, _, t1), 32, reduce_100(t1))
obligation([cargo(_, _, _)], 32, [reduce_100(t1)])
agent t1
create entry obligation [[cargo(_, _, _)], 32, [reduce_100(t1)]]
Obligation [agent=t1, obligation=[cargo(_, _, _)], sanction=[reduce_100(t1)], deadline=32, time=Mon Jan 07 17:22:14 GMT 2013, clock=1]
obligation(cargo(_, _, _, t1), 32, reduce_100(t1))
obligation(cargo(_, _, _, t1), 32, reduce_100(t1))
obligation([cargo(_, _, _)], 32, [reduce_100(t1)])
agent t1
create entry obligation [[cargo(_, _, _)], 32, [reduce_100(t1)]]
Obligation [agent=t1, obligation=[cargo(_, _, _)], sanction=[reduce_100(t1)], deadline=32, time=Mon Jan 07 17:22:30 GMT 2013, clock=1]
obligation(cargo(_, _, _, t1), 32, reduce_100(t1))
obligation(cargo(_, _, _, t1), 32, reduce_100(t1))
obligation([cargo(_, _, _)], 32, [reduce_100(t1)])
agent t1
create entry obligation [[cargo(_, _, _)], 32, [reduce_100(t1)]]
Obligation [agent=t1, obligation=[cargo(_, _, _)], sanction=[reduce_100(t1)], deadline=32, time=Mon Jan 07 17:22:43 GMT 2013, clock=1]
obligation(cargo(_, _, _, t1), 32, reduce_100(t1))
obligation(cargo(_, _, _, t1), 32, reduce_100(t1))
