test2.
Service Registrar: ed975e13-e103-4eec-94c2-adf1bab9fcd5
Java Space found.
TransactionManager found.
from/for agent c1  coin(position(8, 6), 0, a1)
org notified 
org notified 
org notified 
org notified 
org notified 
from/for agent t1  cargo(position(19, 19), 0)
org notified 
org notified 
org notified 
org notified 
org notified 
!!!!! from org !!!!!!
cargo(null, null)
Cargo [id=null, cell=null, time=null, clock=null]
from/for agent a3  status(position(11, 2), 0)
from/for agent a2  status(position(7, 19), 0)
from/for agent t1  status(position(18, 19), 0)
from/for agent a1  status(position(3, 4), 0)
from/for agent c1  coin(position(16, 6), 0, a2)
from/for agent a2  status(position(6, 19), 0)
from/for agent a3  status(position(11, 3), 0)
from/for agent t1  status(position(17, 19), 0)
from/for agent c1  coin(position(3, 9), 0, a3)
from/for agent a1  status(position(3, 5), 0)
from/for agent a2  status(position(5, 19), 0)
from/for agent a3  status(position(11, 4), 0)
from/for agent t1  status(position(16, 19), 0)
from/for agent a1  status(position(3, 6), 0)
from/for agent a2  status(position(4, 19), 0)
from/for agent a3  status(position(11, 5), 0)
from/for agent t1  status(position(15, 19), 0)
from/for agent a1  status(position(3, 7), 0)
from/for agent a2  status(position(3, 19), 0)
from/for agent a3  status(position(11, 6), 0)
from/for agent t1  status(position(14, 19), 0)
from/for agent a1  status(position(3, 8), 0)
from/for agent a2  status(position(3, 18), 0)
from/for agent a3  status(position(11, 7), 0)
from/for agent t1  status(position(13, 19), 0)
from/for agent a1  status(position(3, 9), 0)
from/for agent a2  status(position(3, 17), 0)
from/for agent a3  status(position(11, 8), 0)
from/for agent t1  status(position(12, 19), 0)
from/for agent a1  status(position(3, 10), 0)
from/for agent a2  status(position(3, 16), 0)
from/for agent a3  status(position(11, 9), 0)
from/for agent t1  status(position(11, 19), 0)
from/for agent a1  status(position(4, 10), 0)
from/for agent a2  status(position(3, 15), 0)
from/for agent a3  status(position(11, 10), 0)
from/for agent t1  status(position(10, 19), 0)
from/for agent a1  status(position(5, 10), 0)
from/for agent a2  status(position(3, 14), 0)
from/for agent a3  status(position(11, 11), 0)
from/for agent t1  status(position(9, 19), 0)
from/for agent a1  status(position(6, 10), 0)
from/for agent a2  status(position(3, 13), 0)
from/for agent a3  status(position(11, 12), 0)
from/for agent t1  status(position(8, 19), 0)
from/for agent a1  status(position(7, 10), 0)
from/for agent a2  status(position(3, 12), 0)
from/for agent a3  status(position(11, 13), 0)
from/for agent t1  status(position(7, 19), 0)
from/for agent a1  status(position(8, 10), 0)
from/for agent a2  status(position(3, 11), 0)
from/for agent a3  status(position(11, 14), 0)
from/for agent t1  status(position(6, 19), 0)
from/for agent a1  status(position(9, 10), 0)
from/for agent a2  status(position(3, 10), 0)
from/for agent a3  status(position(11, 15), 0)
from/for agent t1  status(position(5, 19), 0)
from/for agent a1  status(position(10, 10), 0)
from/for agent a2  status(position(3, 9), 0)
from/for agent a3  status(position(11, 16), 0)
from/for agent t1  status(position(4, 19), 0)
from/for agent a2  status(position(3, 8), 0)
from/for agent a3  status(position(11, 17), 0)
from/for agent t1  status(position(3, 19), 0)
from/for agent a2  status(position(3, 7), 0)
from/for agent a3  status(position(11, 18), 0)
from/for agent t1  status(position(2, 19), 0)
from/for agent a2  status(position(3, 6), 0)
from/for agent a3  status(position(11, 19), 0)
from/for agent t1  status(position(2, 18), 0)
from/for agent a3  status(position(12, 19), 0)
from/for agent t1  status(position(2, 17), 0)
from/for agent a3  status(position(13, 19), 0)
from/for agent t1  status(position(2, 16), 0)
from/for agent a3  status(position(14, 19), 0)
from/for agent t1  status(position(2, 15), 0)
from/for agent a3  status(position(15, 19), 0)
from/for agent t1  status(position(2, 14), 0)
from/for agent a3  status(position(16, 19), 0)
from/for agent t1  status(position(2, 13), 0)
from/for agent a3  status(position(17, 19), 0)
from/for agent t1  status(position(2, 12), 0)
from/for agent a3  status(position(18, 19), 0)
from/for agent t1  status(position(2, 11), 0)
from/for agent a3  status(position(19, 19), 0)
from/for agent t1  status(position(2, 10), 0)
from/for agent t1  status(position(2, 9), 0)
!!!!! from org !!!!!!
coin(null, null, null)
Coin [id=null, cell=null, agent=null, time=null, clock=null]
from/for agent t1  status(position(2, 8), 0)
from/for agent t1  status(position(2, 7), 0)
from/for agent t1  status(position(2, 6), 0)
from/for agent t1  status(position(2, 5), 0)
from/for agent t1  status(position(2, 4), 0)
from/for agent t1  status(position(2, 3), 0)
from/for agent t1  status(position(2, 2), 0)
!!!!! from org !!!!!!
coin(null, null, null)
Coin [id=null, cell=null, agent=null, time=null, clock=null]
!!!!! from org !!!!!!
coin(null, null, null)
Coin [id=null, cell=null, agent=null, time=null, clock=null]
!!!!! from org !!!!!!
reading(null, null, a1, null)
Reading [id=null, agent=a1, cell=null, time=null, value=null, clock=null]
!!!!! from org !!!!!!
reading(null, null, a2, null)
Reading [id=null, agent=a2, cell=null, time=null, value=null, clock=null]
!!!!! from org !!!!!!
reading(null, null, a3, null)
Reading [id=null, agent=a3, cell=null, time=null, value=null, clock=null]
!!!!! from org !!!!!!
reading(null, null, a1, null)
Reading [id=null, agent=a1, cell=null, time=null, value=null, clock=null]
!!!!! from org !!!!!!
reading(null, null, a2, null)
Reading [id=null, agent=a2, cell=null, time=null, value=null, clock=null]
!!!!! from org !!!!!!
reading(null, null, a3, null)
Reading [id=null, agent=a3, cell=null, time=null, value=null, clock=null]
!!!!! from org !!!!!!
cargo(null, null)
Cargo [id=null, cell=null, time=null, clock=null]
from/for agent t1  prohibition([at(5, 5, t1)], [reduce_300(t1)])
from/for agent t1  prohibition([at(5, 6, t1)], [reduce_300(t1)])
from/for agent t1  prohibition([at(6, 5, t1)], [reduce_300(t1)])
from/for agent t1  prohibition([at(6, 6, t1)], [reduce_300(t1)])
!!!!! from org !!!!!!
coin(null, _, null)
Coin [id=null, cell=null, agent=null, time=null, clock=null]
!!!!! from org !!!!!!
coin(cell(_, _), null, null)
Coin [id=null, cell=null, agent=null, time=null, clock=null]
!!!!! from org !!!!!!
position(a1, null)
Position [agent=a1, id=null, cell=null, time=null, clock=null]
