test2.
Service Registrar: cfe55ea0-5a13-4fc4-abbe-447b65b1c20c
Java Space found.
TransactionManager found.
-------------------------last log tuples start--------------------------------
Obligation [agent=a1, obligation=[makeReading(8, 6)], sanction=[reduce_400(a1)], deadline=50, time=Tue Jun 04 17:12:30 BST 2013, clock=0]
Obligation [agent=a1, obligation=[makeReading(16, 6)], sanction=[reduce_400(a1)], deadline=50, time=Tue Jun 04 17:12:31 BST 2013, clock=0]
Position [agent=a3, id=null, cell=Cell [x=11, y=2], time=Tue Jun 04 17:12:29 BST 2013, clock=0]
Obligation [agent=a1, obligation=[makeReading(3, 9)], sanction=[reduce_400(a1)], deadline=50, time=Tue Jun 04 17:12:32 BST 2013, clock=0]
Obligation [agent=a2, obligation=[makeReading(8, 6)], sanction=[reduce_400(a2)], deadline=50, time=Tue Jun 04 17:12:32 BST 2013, clock=0]
Obligation [agent=a2, obligation=[makeReading(16, 6)], sanction=[reduce_400(a2)], deadline=50, time=Tue Jun 04 17:12:32 BST 2013, clock=0]
Obligation [agent=a2, obligation=[makeReading(3, 9)], sanction=[reduce_400(a2)], deadline=50, time=Tue Jun 04 17:12:33 BST 2013, clock=0]
Obligation [agent=a3, obligation=[makeReading(8, 6)], sanction=[reduce_400(a3)], deadline=50, time=Tue Jun 04 17:12:34 BST 2013, clock=0]
Obligation [agent=a3, obligation=[makeReading(16, 6)], sanction=[reduce_400(a3)], deadline=50, time=Tue Jun 04 17:12:34 BST 2013, clock=0]
Position [agent=a2, id=null, cell=Cell [x=7, y=19], time=Tue Jun 04 17:12:29 BST 2013, clock=0]
Obligation [agent=a3, obligation=[makeReading(3, 9)], sanction=[reduce_400(a3)], deadline=50, time=Tue Jun 04 17:12:34 BST 2013, clock=0]
Prohibition [agent=t1, prohibition=[at(5, 5, t1)], sanction=[reduce_300(t1)], clock=0, time=Tue Jun 04 17:12:34 BST 2013]
Prohibition [agent=t1, prohibition=[at(5, 6, t1)], sanction=[reduce_300(t1)], clock=0, time=Tue Jun 04 17:12:34 BST 2013]
Cargo [id=null, cell=Cell [x=19, y=19], time=Tue Jun 04 17:12:29 BST 2013, clock=0]
Prohibition [agent=t1, prohibition=[at(6, 5, t1)], sanction=[reduce_300(t1)], clock=0, time=Tue Jun 04 17:12:34 BST 2013]
Prohibition [agent=t1, prohibition=[at(6, 6, t1)], sanction=[reduce_300(t1)], clock=0, time=Tue Jun 04 17:12:34 BST 2013]
Prohibition [agent=c1, prohibition=[coin(5, 5, a1)], sanction=[reduce_300(c1)], clock=0, time=Tue Jun 04 17:12:35 BST 2013]
Coin [id=null, cell=Cell [x=8, y=6], agent=a1, time=Tue Jun 04 17:12:29 BST 2013, clock=0]
Prohibition [agent=c1, prohibition=[coin(5, 6, a1)], sanction=[reduce_300(c1)], clock=0, time=Tue Jun 04 17:12:35 BST 2013]
Coin [id=null, cell=Cell [x=16, y=6], agent=a2, time=Tue Jun 04 17:12:29 BST 2013, clock=0]
Position [agent=t1, id=null, cell=Cell [x=18, y=19], time=Tue Jun 04 17:12:30 BST 2013, clock=0]
Prohibition [agent=c1, prohibition=[coin(6, 5, a1)], sanction=[reduce_300(c1)], clock=0, time=Tue Jun 04 17:12:36 BST 2013]
Position [agent=a2, id=null, cell=Cell [x=6, y=19], time=Tue Jun 04 17:12:30 BST 2013, clock=0]
Position [agent=a1, id=null, cell=Cell [x=3, y=4], time=Tue Jun 04 17:12:30 BST 2013, clock=0]
Position [agent=a1, id=null, cell=Cell [x=3, y=4], time=Tue Jun 04 17:12:30 BST 2013, clock=0]
Position [agent=a3, id=null, cell=Cell [x=11, y=3], time=Tue Jun 04 17:12:31 BST 2013, clock=0]
Position [agent=a2, id=null, cell=Cell [x=5, y=19], time=Tue Jun 04 17:12:31 BST 2013, clock=0]
Position [agent=t1, id=null, cell=Cell [x=17, y=19], time=Tue Jun 04 17:12:31 BST 2013, clock=0]
Position [agent=a3, id=null, cell=Cell [x=11, y=4], time=Tue Jun 04 17:12:32 BST 2013, clock=0]
Position [agent=a2, id=null, cell=Cell [x=4, y=19], time=Tue Jun 04 17:12:32 BST 2013, clock=0]
Position [agent=a1, id=null, cell=Cell [x=3, y=5], time=Tue Jun 04 17:12:32 BST 2013, clock=0]
Prohibition [agent=c1, prohibition=[coin(6, 6, a1)], sanction=[reduce_300(c1)], clock=0, time=Tue Jun 04 17:12:36 BST 2013]
Prohibition [agent=c1, prohibition=[coin(5, 5, a2)], sanction=[reduce_300(c1)], clock=0, time=Tue Jun 04 17:12:36 BST 2013]
Position [agent=a1, id=null, cell=Cell [x=3, y=5], time=Tue Jun 04 17:12:32 BST 2013, clock=0]
Prohibition [agent=c1, prohibition=[coin(5, 6, a2)], sanction=[reduce_300(c1)], clock=0, time=Tue Jun 04 17:12:36 BST 2013]
Prohibition [agent=c1, prohibition=[coin(6, 5, a2)], sanction=[reduce_300(c1)], clock=0, time=Tue Jun 04 17:12:36 BST 2013]
Prohibition [agent=c1, prohibition=[coin(6, 6, a2)], sanction=[reduce_300(c1)], clock=0, time=Tue Jun 04 17:12:36 BST 2013]
Prohibition [agent=c1, prohibition=[coin(5, 5, a3)], sanction=[reduce_300(c1)], clock=0, time=Tue Jun 04 17:12:36 BST 2013]
Prohibition [agent=c1, prohibition=[coin(5, 6, a3)], sanction=[reduce_300(c1)], clock=0, time=Tue Jun 04 17:12:36 BST 2013]
Position [agent=t1, id=null, cell=Cell [x=16, y=19], time=Tue Jun 04 17:12:33 BST 2013, clock=0]
Prohibition [agent=c1, prohibition=[coin(6, 5, a3)], sanction=[reduce_300(c1)], clock=0, time=Tue Jun 04 17:12:36 BST 2013]
Prohibition [agent=c1, prohibition=[coin(6, 6, a3)], sanction=[reduce_300(c1)], clock=0, time=Tue Jun 04 17:12:36 BST 2013]
Prohibition [agent=a1, prohibition=[at(5, 5, a1)], sanction=[reduce_300(a1)], clock=0, time=Tue Jun 04 17:12:40 BST 2013]
Prohibition [agent=a1, prohibition=[at(5, 6, a1)], sanction=[reduce_300(a1)], clock=0, time=Tue Jun 04 17:12:40 BST 2013]
Position [agent=a2, id=null, cell=Cell [x=3, y=19], time=Tue Jun 04 17:12:33 BST 2013, clock=0]
Position [agent=a3, id=null, cell=Cell [x=11, y=5], time=Tue Jun 04 17:12:34 BST 2013, clock=0]
Prohibition [agent=a1, prohibition=[at(6, 5, a1)], sanction=[reduce_300(a1)], clock=0, time=Tue Jun 04 17:12:40 BST 2013]
Position [agent=a2, id=null, cell=Cell [x=3, y=18], time=Tue Jun 04 17:12:34 BST 2013, clock=0]
Prohibition [agent=a1, prohibition=[at(6, 6, a1)], sanction=[reduce_300(a1)], clock=0, time=Tue Jun 04 17:12:40 BST 2013]
Position [agent=a1, id=null, cell=Cell [x=4, y=5], time=Tue Jun 04 17:12:34 BST 2013, clock=0]
Position [agent=a1, id=null, cell=Cell [x=3, y=6], time=Tue Jun 04 17:12:34 BST 2013, clock=0]
Prohibition [agent=a2, prohibition=[at(5, 5, a2)], sanction=[reduce_300(a2)], clock=0, time=Tue Jun 04 17:12:40 BST 2013]
Prohibition [agent=a2, prohibition=[at(5, 6, a2)], sanction=[reduce_300(a2)], clock=0, time=Tue Jun 04 17:12:40 BST 2013]
Position [agent=t1, id=null, cell=Cell [x=15, y=19], time=Tue Jun 04 17:12:35 BST 2013, clock=0]
Position [agent=a2, id=null, cell=Cell [x=3, y=17], time=Tue Jun 04 17:12:35 BST 2013, clock=0]
Prohibition [agent=a2, prohibition=[at(6, 5, a2)], sanction=[reduce_300(a2)], clock=0, time=Tue Jun 04 17:12:40 BST 2013]
Position [agent=a3, id=null, cell=Cell [x=11, y=6], time=Tue Jun 04 17:12:36 BST 2013, clock=0]
Position [agent=a2, id=null, cell=Cell [x=3, y=16], time=Tue Jun 04 17:12:36 BST 2013, clock=0]
Position [agent=a1, id=null, cell=Cell [x=4, y=6], time=Tue Jun 04 17:12:36 BST 2013, clock=0]
Position [agent=a1, id=null, cell=Cell [x=3, y=7], time=Tue Jun 04 17:12:36 BST 2013, clock=0]
Prohibition [agent=a2, prohibition=[at(6, 6, a2)], sanction=[reduce_300(a2)], clock=0, time=Tue Jun 04 17:12:40 BST 2013]
Prohibition [agent=a3, prohibition=[at(5, 5, a3)], sanction=[reduce_300(a3)], clock=0, time=Tue Jun 04 17:12:40 BST 2013]
Prohibition [agent=a3, prohibition=[at(5, 6, a3)], sanction=[reduce_300(a3)], clock=0, time=Tue Jun 04 17:12:40 BST 2013]
Position [agent=t1, id=null, cell=Cell [x=14, y=19], time=Tue Jun 04 17:12:37 BST 2013, clock=0]
Position [agent=a3, id=null, cell=Cell [x=11, y=7], time=Tue Jun 04 17:12:38 BST 2013, clock=0]
Prohibition [agent=a3, prohibition=[at(6, 5, a3)], sanction=[reduce_300(a3)], clock=0, time=Tue Jun 04 17:12:40 BST 2013]
Prohibition [agent=a3, prohibition=[at(6, 6, a3)], sanction=[reduce_300(a3)], clock=0, time=Tue Jun 04 17:12:40 BST 2013]
Position [agent=a2, id=null, cell=Cell [x=3, y=15], time=Tue Jun 04 17:12:38 BST 2013, clock=0]
Position [agent=t1, id=null, cell=Cell [x=13, y=19], time=Tue Jun 04 17:12:39 BST 2013, clock=0]
Position [agent=a1, id=null, cell=Cell [x=4, y=7], time=Tue Jun 04 17:12:40 BST 2013, clock=0]
Position [agent=a1, id=null, cell=Cell [x=3, y=8], time=Tue Jun 04 17:12:40 BST 2013, clock=0]
Position [agent=t1, id=null, cell=Cell [x=12, y=19], time=Tue Jun 04 17:12:40 BST 2013, clock=0]
Position [agent=a2, id=null, cell=Cell [x=3, y=15], time=Tue Jun 04 17:12:40 BST 2013, clock=0]
Position [agent=a3, id=null, cell=Cell [x=11, y=8], time=Tue Jun 04 17:12:40 BST 2013, clock=0]
Position [agent=a3, id=null, cell=Cell [x=11, y=8], time=Tue Jun 04 17:12:40 BST 2013, clock=0]
Position [agent=a2, id=null, cell=Cell [x=3, y=14], time=Tue Jun 04 17:12:40 BST 2013, clock=0]
Position [agent=a1, id=null, cell=Cell [x=3, y=8], time=Tue Jun 04 17:12:40 BST 2013, clock=0]
Position [agent=t1, id=null, cell=Cell [x=11, y=19], time=Tue Jun 04 17:12:41 BST 2013, clock=0]
Position [agent=a2, id=null, cell=Cell [x=3, y=14], time=Tue Jun 04 17:12:42 BST 2013, clock=0]
Position [agent=t1, id=null, cell=Cell [x=10, y=19], time=Tue Jun 04 17:12:43 BST 2013, clock=0]
Prohibition [agent=a1, prohibition=[at(5, 5, a1)], sanction=[reduce_300(a1)], clock=0, time=Tue Jun 04 17:13:45 BST 2013]
Prohibition [agent=a1, prohibition=[at(5, 5, a1)], sanction=[reduce_300(a1)], clock=0, time=Tue Jun 04 17:14:17 BST 2013]
Position [agent=a2, id=null, cell=Cell [x=3, y=13], time=Tue Jun 04 17:12:43 BST 2013, clock=0]
Position [agent=a3, id=null, cell=Cell [x=11, y=9], time=Tue Jun 04 17:12:43 BST 2013, clock=0]
Position [agent=a1, id=null, cell=Cell [x=4, y=8], time=Tue Jun 04 17:12:43 BST 2013, clock=0]
Position [agent=a3, id=null, cell=Cell [x=11, y=9], time=Tue Jun 04 17:12:43 BST 2013, clock=0]
Position [agent=t1, id=null, cell=Cell [x=9, y=19], time=Tue Jun 04 17:12:44 BST 2013, clock=0]
Prohibition [agent=a1, prohibition=[at(5, 5, a1)], sanction=[reduce_300(a1)], clock=0, time=Tue Jun 04 17:14:48 BST 2013]
Position [agent=a1, id=null, cell=Cell [x=3, y=9], time=Tue Jun 04 17:12:44 BST 2013, clock=0]
Position [agent=a1, id=null, cell=Cell [x=3, y=9], time=Tue Jun 04 17:12:44 BST 2013, clock=0]
Position [agent=t1, id=null, cell=Cell [x=8, y=19], time=Tue Jun 04 17:12:45 BST 2013, clock=0]
Position [agent=a3, id=null, cell=Cell [x=11, y=10], time=Tue Jun 04 17:12:45 BST 2013, clock=0]
Prohibition [agent=a1, prohibition=[at(5, 5, a1)], sanction=[reduce_300(a1)], clock=0, time=Tue Jun 04 17:15:19 BST 2013]
Position [agent=a3, id=null, cell=Cell [x=10, y=9], time=Tue Jun 04 17:12:45 BST 2013, clock=0]
Prohibition [agent=a1, prohibition=[at(5, 5, a1)], sanction=[reduce_300(a1)], clock=0, time=Tue Jun 04 17:15:49 BST 2013]
Position [agent=a2, id=null, cell=Cell [x=3, y=13], time=Tue Jun 04 17:12:45 BST 2013, clock=0]
Prohibition [agent=a1, prohibition=[at(5, 5, a1)], sanction=[reduce_300(a1)], clock=0, time=Tue Jun 04 17:16:20 BST 2013]
Position [agent=t1, id=null, cell=Cell [x=7, y=19], time=Tue Jun 04 17:12:46 BST 2013, clock=0]
Position [agent=a2, id=null, cell=Cell [x=3, y=12], time=Tue Jun 04 17:12:46 BST 2013, clock=0]
Position [agent=a1, id=null, cell=Cell [x=4, y=9], time=Tue Jun 04 17:12:47 BST 2013, clock=0]
Prohibition [agent=a1, prohibition=[at(5, 5, a1)], sanction=[reduce_300(a1)], clock=0, time=Tue Jun 04 17:16:51 BST 2013]
Position [agent=t1, id=null, cell=Cell [x=6, y=19], time=Tue Jun 04 17:12:47 BST 2013, clock=0]
Position [agent=a3, id=null, cell=Cell [x=10, y=10], time=Tue Jun 04 17:12:47 BST 2013, clock=0]
Position [agent=a1, id=null, cell=Cell [x=3, y=10], time=Tue Jun 04 17:12:47 BST 2013, clock=0]
Position [agent=a3, id=null, cell=Cell [x=9, y=9], time=Tue Jun 04 17:12:48 BST 2013, clock=0]
Position [agent=t1, id=null, cell=Cell [x=5, y=19], time=Tue Jun 04 17:12:48 BST 2013, clock=0]
Position [agent=a2, id=null, cell=Cell [x=3, y=12], time=Tue Jun 04 17:12:50 BST 2013, clock=0]
Position [agent=a1, id=null, cell=Cell [x=4, y=10], time=Tue Jun 04 17:12:50 BST 2013, clock=0]
Position [agent=a3, id=null, cell=Cell [x=9, y=10], time=Tue Jun 04 17:12:50 BST 2013, clock=0]
Position [agent=a1, id=null, cell=Cell [x=4, y=10], time=Tue Jun 04 17:12:50 BST 2013, clock=0]
Position [agent=t1, id=null, cell=Cell [x=4, y=19], time=Tue Jun 04 17:12:50 BST 2013, clock=0]
Position [agent=a2, id=null, cell=Cell [x=3, y=11], time=Tue Jun 04 17:12:50 BST 2013, clock=0]
Position [agent=a3, id=null, cell=Cell [x=8, y=9], time=Tue Jun 04 17:12:50 BST 2013, clock=0]
Position [agent=t1, id=null, cell=Cell [x=3, y=19], time=Tue Jun 04 17:12:52 BST 2013, clock=0]
Position [agent=a3, id=null, cell=Cell [x=8, y=10], time=Tue Jun 04 17:12:52 BST 2013, clock=0]
Position [agent=a2, id=null, cell=Cell [x=3, y=11], time=Tue Jun 04 17:12:52 BST 2013, clock=0]
Position [agent=a2, id=null, cell=Cell [x=3, y=10], time=Tue Jun 04 17:12:52 BST 2013, clock=0]
Position [agent=a3, id=null, cell=Cell [x=7, y=9], time=Tue Jun 04 17:12:52 BST 2013, clock=0]
Position [agent=a1, id=null, cell=Cell [x=5, y=10], time=Tue Jun 04 17:12:52 BST 2013, clock=0]
Position [agent=a1, id=null, cell=Cell [x=5, y=10], time=Tue Jun 04 17:12:52 BST 2013, clock=0]
Position [agent=a3, id=null, cell=Cell [x=7, y=10], time=Tue Jun 04 17:12:54 BST 2013, clock=0]
Position [agent=a2, id=null, cell=Cell [x=3, y=10], time=Tue Jun 04 17:12:54 BST 2013, clock=0]
Position [agent=t1, id=null, cell=Cell [x=2, y=19], time=Tue Jun 04 17:12:54 BST 2013, clock=0]
Position [agent=a3, id=null, cell=Cell [x=6, y=9], time=Tue Jun 04 17:12:54 BST 2013, clock=0]
Position [agent=a1, id=null, cell=Cell [x=5, y=9], time=Tue Jun 04 17:12:55 BST 2013, clock=0]
Position [agent=a2, id=null, cell=Cell [x=3, y=9], time=Tue Jun 04 17:12:55 BST 2013, clock=0]
Position [agent=a1, id=null, cell=Cell [x=6, y=10], time=Tue Jun 04 17:12:55 BST 2013, clock=0]
Position [agent=t1, id=null, cell=Cell [x=2, y=18], time=Tue Jun 04 17:12:56 BST 2013, clock=0]
Position [agent=a3, id=null, cell=Cell [x=6, y=10], time=Tue Jun 04 17:12:56 BST 2013, clock=0]
Position [agent=a1, id=null, cell=Cell [x=5, y=10], time=Tue Jun 04 17:12:56 BST 2013, clock=0]
Position [agent=a3, id=null, cell=Cell [x=5, y=9], time=Tue Jun 04 17:12:56 BST 2013, clock=0]
Position [agent=t1, id=null, cell=Cell [x=2, y=17], time=Tue Jun 04 17:12:56 BST 2013, clock=0]
Position [agent=a1, id=null, cell=Cell [x=7, y=10], time=Tue Jun 04 17:12:57 BST 2013, clock=0]
Position [agent=t1, id=null, cell=Cell [x=2, y=16], time=Tue Jun 04 17:12:58 BST 2013, clock=0]
Position [agent=a2, id=null, cell=Cell [x=3, y=9], time=Tue Jun 04 17:12:58 BST 2013, clock=0]
Position [agent=a1, id=null, cell=Cell [x=6, y=10], time=Tue Jun 04 17:12:58 BST 2013, clock=0]
Position [agent=a2, id=null, cell=Cell [x=3, y=8], time=Tue Jun 04 17:12:58 BST 2013, clock=0]
Position [agent=a3, id=null, cell=Cell [x=5, y=10], time=Tue Jun 04 17:12:58 BST 2013, clock=0]
Position [agent=a1, id=null, cell=Cell [x=8, y=10], time=Tue Jun 04 17:12:58 BST 2013, clock=0]
Position [agent=a3, id=null, cell=Cell [x=4, y=9], time=Tue Jun 04 17:12:59 BST 2013, clock=0]
Position [agent=t1, id=null, cell=Cell [x=2, y=15], time=Tue Jun 04 17:13:00 BST 2013, clock=0]
Position [agent=a3, id=null, cell=Cell [x=4, y=10], time=Tue Jun 04 17:13:00 BST 2013, clock=0]
Position [agent=a1, id=null, cell=Cell [x=7, y=10], time=Tue Jun 04 17:13:00 BST 2013, clock=0]
Position [agent=a2, id=null, cell=Cell [x=3, y=7], time=Tue Jun 04 17:13:00 BST 2013, clock=0]
Position [agent=a3, id=null, cell=Cell [x=3, y=9], time=Tue Jun 04 17:13:00 BST 2013, clock=0]
Position [agent=a1, id=null, cell=Cell [x=9, y=10], time=Tue Jun 04 17:13:00 BST 2013, clock=0]
Position [agent=t1, id=null, cell=Cell [x=2, y=14], time=Tue Jun 04 17:13:01 BST 2013, clock=0]
Position [agent=a2, id=null, cell=Cell [x=3, y=6], time=Tue Jun 04 17:13:02 BST 2013, clock=0]
Position [agent=a3, id=null, cell=Cell [x=3, y=10], time=Tue Jun 04 17:13:02 BST 2013, clock=0]
Position [agent=t1, id=null, cell=Cell [x=2, y=13], time=Tue Jun 04 17:13:02 BST 2013, clock=0]
Position [agent=a1, id=null, cell=Cell [x=8, y=10], time=Tue Jun 04 17:13:03 BST 2013, clock=0]
Position [agent=t1, id=null, cell=Cell [x=2, y=12], time=Tue Jun 04 17:13:03 BST 2013, clock=0]
Position [agent=a3, id=null, cell=Cell [x=3, y=11], time=Tue Jun 04 17:13:03 BST 2013, clock=0]
Position [agent=a1, id=null, cell=Cell [x=10, y=10], time=Tue Jun 04 17:13:03 BST 2013, clock=0]
Position [agent=t1, id=null, cell=Cell [x=2, y=11], time=Tue Jun 04 17:13:04 BST 2013, clock=0]
Position [agent=a1, id=null, cell=Cell [x=9, y=10], time=Tue Jun 04 17:13:04 BST 2013, clock=0]
Position [agent=a3, id=null, cell=Cell [x=3, y=12], time=Tue Jun 04 17:13:05 BST 2013, clock=0]
Position [agent=a1, id=null, cell=Cell [x=8, y=10], time=Tue Jun 04 17:13:05 BST 2013, clock=0]
Position [agent=t1, id=null, cell=Cell [x=2, y=10], time=Tue Jun 04 17:13:06 BST 2013, clock=0]
Position [agent=a1, id=null, cell=Cell [x=7, y=10], time=Tue Jun 04 17:13:06 BST 2013, clock=0]
Position [agent=a3, id=null, cell=Cell [x=3, y=13], time=Tue Jun 04 17:13:06 BST 2013, clock=0]
Position [agent=a1, id=null, cell=Cell [x=6, y=10], time=Tue Jun 04 17:13:06 BST 2013, clock=0]
Position [agent=t1, id=null, cell=Cell [x=2, y=9], time=Tue Jun 04 17:13:07 BST 2013, clock=0]
Position [agent=a1, id=null, cell=Cell [x=5, y=10], time=Tue Jun 04 17:13:07 BST 2013, clock=0]
Position [agent=a3, id=null, cell=Cell [x=3, y=14], time=Tue Jun 04 17:13:08 BST 2013, clock=0]
Position [agent=a1, id=null, cell=Cell [x=5, y=9], time=Tue Jun 04 17:13:08 BST 2013, clock=0]
Position [agent=t1, id=null, cell=Cell [x=2, y=8], time=Tue Jun 04 17:13:09 BST 2013, clock=0]
Position [agent=a1, id=null, cell=Cell [x=5, y=8], time=Tue Jun 04 17:13:09 BST 2013, clock=0]
Position [agent=a3, id=null, cell=Cell [x=3, y=15], time=Tue Jun 04 17:13:10 BST 2013, clock=0]
Position [agent=a1, id=null, cell=Cell [x=5, y=7], time=Tue Jun 04 17:13:10 BST 2013, clock=0]
Position [agent=t1, id=null, cell=Cell [x=2, y=7], time=Tue Jun 04 17:13:11 BST 2013, clock=0]
Position [agent=a1, id=null, cell=Cell [x=5, y=6], time=Tue Jun 04 17:13:11 BST 2013, clock=0]
Position [agent=a3, id=null, cell=Cell [x=3, y=16], time=Tue Jun 04 17:13:12 BST 2013, clock=0]
Position [agent=a1, id=null, cell=Cell [x=5, y=5], time=Tue Jun 04 17:13:12 BST 2013, clock=0]
Position [agent=t1, id=null, cell=Cell [x=2, y=6], time=Tue Jun 04 17:13:12 BST 2013, clock=0]
Position [agent=a3, id=null, cell=Cell [x=3, y=17], time=Tue Jun 04 17:13:13 BST 2013, clock=0]
Position [agent=t1, id=null, cell=Cell [x=2, y=5], time=Tue Jun 04 17:13:13 BST 2013, clock=0]
Position [agent=a3, id=null, cell=Cell [x=3, y=18], time=Tue Jun 04 17:13:14 BST 2013, clock=0]
Position [agent=t1, id=null, cell=Cell [x=2, y=4], time=Tue Jun 04 17:13:14 BST 2013, clock=0]
Position [agent=a3, id=null, cell=Cell [x=3, y=19], time=Tue Jun 04 17:13:15 BST 2013, clock=0]
Position [agent=t1, id=null, cell=Cell [x=2, y=3], time=Tue Jun 04 17:13:15 BST 2013, clock=0]
Position [agent=a3, id=null, cell=Cell [x=4, y=19], time=Tue Jun 04 17:13:16 BST 2013, clock=0]
Position [agent=t1, id=null, cell=Cell [x=2, y=2], time=Tue Jun 04 17:13:16 BST 2013, clock=0]
Position [agent=a3, id=null, cell=Cell [x=5, y=19], time=Tue Jun 04 17:13:16 BST 2013, clock=0]
Position [agent=a3, id=null, cell=Cell [x=6, y=19], time=Tue Jun 04 17:13:17 BST 2013, clock=0]
Position [agent=a3, id=null, cell=Cell [x=7, y=19], time=Tue Jun 04 17:13:18 BST 2013, clock=0]
Position [agent=a3, id=null, cell=Cell [x=8, y=19], time=Tue Jun 04 17:13:18 BST 2013, clock=0]
Position [agent=a3, id=null, cell=Cell [x=9, y=19], time=Tue Jun 04 17:13:19 BST 2013, clock=0]
Position [agent=a3, id=null, cell=Cell [x=10, y=19], time=Tue Jun 04 17:13:20 BST 2013, clock=0]
Position [agent=a3, id=null, cell=Cell [x=11, y=19], time=Tue Jun 04 17:13:20 BST 2013, clock=0]
Position [agent=a3, id=null, cell=Cell [x=12, y=19], time=Tue Jun 04 17:13:21 BST 2013, clock=0]
Position [agent=a3, id=null, cell=Cell [x=13, y=19], time=Tue Jun 04 17:13:22 BST 2013, clock=0]
Position [agent=a3, id=null, cell=Cell [x=14, y=19], time=Tue Jun 04 17:13:22 BST 2013, clock=0]
Position [agent=a3, id=null, cell=Cell [x=15, y=19], time=Tue Jun 04 17:13:23 BST 2013, clock=0]
Position [agent=a3, id=null, cell=Cell [x=16, y=19], time=Tue Jun 04 17:13:23 BST 2013, clock=0]
Position [agent=a3, id=null, cell=Cell [x=17, y=19], time=Tue Jun 04 17:13:24 BST 2013, clock=0]
Position [agent=a3, id=null, cell=Cell [x=18, y=19], time=Tue Jun 04 17:13:25 BST 2013, clock=0]
Position [agent=a3, id=null, cell=Cell [x=19, y=19], time=Tue Jun 04 17:13:25 BST 2013, clock=0]
-------------------------last log tuples end----------------------------------
register a1
register a2
register a3
register c1
register t1
org cargo notification
Organization notifies agent (write): Obligation [agent=a1, obligation=[makeReading(8, 6)], sanction=[reduce_400(a1)], deadline=50, time=Tue Jun 04 17:19:51 BST 2013, clock=0]
agent obligation notification a1 number 1
Event sent to agent      a1 obligation(makeReading(8, 6), 50, reduce_400(a1))
Event processed adoptObligation(makeReading(8, 6), 50, reduce_400(a1))
Organization notifies agent (write): Obligation [agent=a2, obligation=[makeReading(8, 6)], sanction=[reduce_400(a2)], deadline=50, time=Tue Jun 04 17:19:53 BST 2013, clock=0]
Organization notifies agent (write): Obligation [agent=a2, obligation=[makeReading(16, 6)], sanction=[reduce_400(a2)], deadline=50, time=Tue Jun 04 17:19:53 BST 2013, clock=0]
Organization notifies agent (write): Obligation [agent=a2, obligation=[makeReading(3, 9)], sanction=[reduce_400(a2)], deadline=50, time=Tue Jun 04 17:19:54 BST 2013, clock=0]
agent obligation notification a2 number 3
Event sent to agent      a2 obligation(makeReading(3, 9), 50, reduce_400(a2))
Organization notifies agent (write): Obligation [agent=a3, obligation=[makeReading(8, 6)], sanction=[reduce_400(a3)], deadline=50, time=Tue Jun 04 17:19:56 BST 2013, clock=0]
agent obligation notification a3 number 1
Event processed adoptObligation(makeReading(3, 9), 50, reduce_400(a2))
Event sent to agent      a3 obligation(makeReading(8, 6), 50, reduce_400(a3))
Organization notifies agent (write): Obligation [agent=a3, obligation=[makeReading(16, 6)], sanction=[reduce_400(a3)], deadline=50, time=Tue Jun 04 17:19:57 BST 2013, clock=0]
agent obligation notification a3 number 2
Event processed adoptObligation(makeReading(8, 6), 50, reduce_400(a3))
Event sent to agent      a3 obligation(makeReading(16, 6), 50, reduce_400(a3))
Event processed adoptObligation(makeReading(16, 6), 50, reduce_400(a3))
Organization notifies agent (write): Obligation [agent=a3, obligation=[makeReading(3, 9)], sanction=[reduce_400(a3)], deadline=50, time=Tue Jun 04 17:19:58 BST 2013, clock=0]
agent obligation notification a3 number 3
Event sent to agent      a3 obligation(makeReading(3, 9), 50, reduce_400(a3))
Organization notifies agent (write): Prohibition [agent=t1, prohibition=[at(5, 5, t1)], sanction=[reduce_300(t1)], clock=0, time=Tue Jun 04 17:19:59 BST 2013]
agent prohibition notification t1 number 1
Event processed adoptObligation(makeReading(3, 9), 50, reduce_400(a3))
Event sent to agent      t1 prohibition(at(5, 5, t1), reduce_300(t1))
Organization notifies agent (write): Prohibition [agent=t1, prohibition=[at(5, 6, t1)], sanction=[reduce_300(t1)], clock=0, time=Tue Jun 04 17:20:00 BST 2013]
agent prohibition notification t1 number 2
Event processed aprohibition(at(5, 5, t1), reduce_300(t1))
Event sent to agent      t1 prohibition(at(5, 6, t1), reduce_300(t1))
Organization notifies agent (write): Prohibition [agent=t1, prohibition=[at(6, 5, t1)], sanction=[reduce_300(t1)], clock=0, time=Tue Jun 04 17:20:00 BST 2013]
agent prohibition notification t1 number 3
Event processed aprohibition(at(5, 6, t1), reduce_300(t1))
Event sent to agent      t1 prohibition(at(6, 5, t1), reduce_300(t1))
Organization notifies agent (write): Prohibition [agent=t1, prohibition=[at(6, 6, t1)], sanction=[reduce_300(t1)], clock=0, time=Tue Jun 04 17:20:01 BST 2013]
agent prohibition notification t1 number 4
Event processed aprohibition(at(6, 5, t1), reduce_300(t1))
Event sent to agent      t1 prohibition(at(6, 6, t1), reduce_300(t1))
Event processed aprohibition(at(6, 6, t1), reduce_300(t1))
Organization notifies agent (write): Prohibition [agent=c1, prohibition=[coin(5, 5, a1)], sanction=[reduce_300(c1)], clock=0, time=Tue Jun 04 17:20:03 BST 2013]
Organization notifies agent (write): Prohibition [agent=c1, prohibition=[coin(5, 6, a1)], sanction=[reduce_300(c1)], clock=0, time=Tue Jun 04 17:20:03 BST 2013]
Organization notifies agent (write): Prohibition [agent=c1, prohibition=[coin(6, 5, a1)], sanction=[reduce_300(c1)], clock=0, time=Tue Jun 04 17:20:03 BST 2013]
agent prohibition notification c1 number 2
Event sent to agent      c1 prohibition(coin(6, 5, a1), reduce_300(c1))
Organization notifies agent (write): Prohibition [agent=c1, prohibition=[coin(6, 6, a1)], sanction=[reduce_300(c1)], clock=0, time=Tue Jun 04 17:20:03 BST 2013]
agent prohibition notification c1 number 3
Organization notifies agent (write): Prohibition [agent=c1, prohibition=[coin(5, 5, a2)], sanction=[reduce_300(c1)], clock=0, time=Tue Jun 04 17:20:03 BST 2013]
Event processed aprohibition(coin(6, 5, a1), reduce_300(c1))
Event sent to agent      c1 prohibition(coin(5, 5, a2), reduce_300(c1))
agent prohibition notification c1 number 5
Event processed aprohibition(coin(5, 5, a2), reduce_300(c1))
Organization notifies agent (write): Prohibition [agent=c1, prohibition=[coin(5, 6, a2)], sanction=[reduce_300(c1)], clock=0, time=Tue Jun 04 17:20:04 BST 2013]
Event sent to agent      c1 prohibition(coin(5, 6, a2), reduce_300(c1))
agent prohibition notification c1 number 6
Event processed aprohibition(coin(5, 6, a2), reduce_300(c1))
Organization notifies agent (write): Prohibition [agent=c1, prohibition=[coin(6, 5, a2)], sanction=[reduce_300(c1)], clock=0, time=Tue Jun 04 17:20:05 BST 2013]
Event sent to agent      c1 prohibition(coin(6, 5, a2), reduce_300(c1))
agent prohibition notification c1 number 7
Event processed aprohibition(coin(6, 5, a2), reduce_300(c1))
Event sent to agent      c1 prohibition(coin(6, 5, a2), reduce_300(c1))
Event processed aprohibition(coin(6, 5, a2), reduce_300(c1))
Organization notifies agent (write): Prohibition [agent=c1, prohibition=[coin(6, 6, a2)], sanction=[reduce_300(c1)], clock=0, time=Tue Jun 04 17:20:06 BST 2013]
agent prohibition notification c1 number 8
Organization notifies agent (write): Prohibition [agent=c1, prohibition=[coin(5, 5, a3)], sanction=[reduce_300(c1)], clock=0, time=Tue Jun 04 17:20:06 BST 2013]
Event sent to agent      c1 prohibition(coin(5, 5, a3), reduce_300(c1))
agent prohibition notification c1 number 9
Event processed aprohibition(coin(5, 5, a3), reduce_300(c1))
Organization notifies agent (write): Prohibition [agent=c1, prohibition=[coin(5, 6, a3)], sanction=[reduce_300(c1)], clock=0, time=Tue Jun 04 17:20:07 BST 2013]
Event sent to agent      c1 prohibition(coin(5, 6, a3), reduce_300(c1))
agent prohibition notification c1 number 10
Event processed aprohibition(coin(5, 6, a3), reduce_300(c1))
Organization notifies agent (write): Prohibition [agent=c1, prohibition=[coin(6, 5, a3)], sanction=[reduce_300(c1)], clock=0, time=Tue Jun 04 17:20:08 BST 2013]
Event sent to agent      c1 prohibition(coin(6, 5, a3), reduce_300(c1))
agent prohibition notification c1 number 11
Event processed aprohibition(coin(6, 5, a3), reduce_300(c1))
Organization notifies agent (write): Prohibition [agent=c1, prohibition=[coin(6, 6, a3)], sanction=[reduce_300(c1)], clock=0, time=Tue Jun 04 17:20:09 BST 2013]
Event sent to agent      c1 prohibition(coin(6, 6, a3), reduce_300(c1))
agent prohibition notification c1 number 12
Event processed aprohibition(coin(6, 6, a3), reduce_300(c1))
Event sent to agent      c1 prohibition(coin(6, 6, a3), reduce_300(c1))
Organization notifies agent (write): Prohibition [agent=a1, prohibition=[at(5, 5, a1)], sanction=[reduce_300(a1)], clock=0, time=Tue Jun 04 17:20:10 BST 2013]
Organization notifies agent (write): Prohibition [agent=a1, prohibition=[at(5, 6, a1)], sanction=[reduce_300(a1)], clock=0, time=Tue Jun 04 17:20:10 BST 2013]
agent prohibition notification a1 number 1
Organization notifies agent (write): Prohibition [agent=a1, prohibition=[at(6, 5, a1)], sanction=[reduce_300(a1)], clock=0, time=Tue Jun 04 17:20:10 BST 2013]
Event sent to agent      a1 prohibition(at(6, 5, a1), reduce_300(a1))
Organization notifies agent (write): Prohibition [agent=a1, prohibition=[at(6, 6, a1)], sanction=[reduce_300(a1)], clock=0, time=Tue Jun 04 17:20:11 BST 2013]
Organization notifies agent (write): Prohibition [agent=a2, prohibition=[at(5, 5, a2)], sanction=[reduce_300(a2)], clock=0, time=Tue Jun 04 17:20:11 BST 2013]
agent prohibition notification a1 number 4
Event processed aprohibition(at(6, 5, a1), reduce_300(a1))
Event processed aprohibition(coin(6, 6, a3), reduce_300(c1))
Event sent to agent      a1 prohibition(at(6, 6, a1), reduce_300(a1))
agent prohibition notification a2 number 1
Event processed aprohibition(at(6, 6, a1), reduce_300(a1))
Organization notifies agent (write): Prohibition [agent=a2, prohibition=[at(5, 6, a2)], sanction=[reduce_300(a2)], clock=0, time=Tue Jun 04 17:20:11 BST 2013]
Event sent to agent      a2 prohibition(at(5, 6, a2), reduce_300(a2))
agent prohibition notification a2 number 2
Event processed aprohibition(at(5, 6, a2), reduce_300(a2))
Organization notifies agent (write): Prohibition [agent=a2, prohibition=[at(6, 5, a2)], sanction=[reduce_300(a2)], clock=0, time=Tue Jun 04 17:20:13 BST 2013]
Event sent to agent      a2 prohibition(at(6, 5, a2), reduce_300(a2))
Organization notifies agent (write): Prohibition [agent=a2, prohibition=[at(6, 6, a2)], sanction=[reduce_300(a2)], clock=0, time=Tue Jun 04 17:20:13 BST 2013]
Organization notifies agent (write): Prohibition [agent=a3, prohibition=[at(5, 5, a3)], sanction=[reduce_300(a3)], clock=0, time=Tue Jun 04 17:20:13 BST 2013]
Organization notifies agent (write): Prohibition [agent=a3, prohibition=[at(5, 6, a3)], sanction=[reduce_300(a3)], clock=0, time=Tue Jun 04 17:20:13 BST 2013]
Organization notifies agent (write): Prohibition [agent=a3, prohibition=[at(6, 5, a3)], sanction=[reduce_300(a3)], clock=0, time=Tue Jun 04 17:20:13 BST 2013]
Organization notifies agent (write): Prohibition [agent=a3, prohibition=[at(6, 6, a3)], sanction=[reduce_300(a3)], clock=0, time=Tue Jun 04 17:20:13 BST 2013]
agent prohibition notification a2 number 4
agent prohibition notification a3 number 4
Event sent to agent      a3 prohibition(at(6, 6, a3), reduce_300(a3))
Event sent to agent      a2 prohibition(at(6, 6, a2), reduce_300(a2))
Event processed aprohibition(at(6, 5, a2), reduce_300(a2))
Event processed aprohibition(at(6, 6, a2), reduce_300(a2))
Event processed aprohibition(at(6, 6, a3), reduce_300(a3))
Organization notifies agent (write): Obligation [agent=a1, obligation=[makeReading(16, 6)], sanction=[reduce_400(a1)], deadline=50, time=Tue Jun 04 17:20:32 BST 2013, clock=0]
agent obligation notification a1 number 2
Event sent to agent      a1 obligation(makeReading(16, 6), 50, reduce_400(a1))
Organization notifies agent (write): Obligation [agent=a1, obligation=[makeReading(3, 9)], sanction=[reduce_400(a1)], deadline=50, time=Tue Jun 04 17:20:33 BST 2013, clock=0]
agent obligation notification a1 number 3
Event sent to agent      a1 obligation(makeReading(3, 9), 50, reduce_400(a1))
Event processed adoptObligation(makeReading(16, 6), 50, reduce_400(a1))
Event processed adoptObligation(makeReading(3, 9), 50, reduce_400(a1))
org coin notification
org position notification
org coin notification
