Service Registrar: 2131b097-6371-46da-b860-ae9238a6fc5d
Java Space found.
TransactionManager found.
org notified 
org notified 
org notified 
org notified 
obligation([cargo(_, _, _)], 47, [reduce_100(t1)])
t1
create entry obligation [[cargo(_, _, _)], 47, [reduce_100(t1)]]
prohibition([cargo(_, _, 2)], [reduce_100(t1)])
t1
create entry prohibition [[cargo(_, _, 2)], [reduce_100(t1)]]
prohibition([at(5, 5, t1)], [reduce_300(t1)])
t1
create entry prohibition [[at(5, 5, t1)], [reduce_300(t1)]]
prohibition([at(5, 6, t1)], [reduce_300(t1)])
t1
create entry prohibition [[at(5, 6, t1)], [reduce_300(t1)]]
prohibition([at(6, 5, t1)], [reduce_300(t1)])
t1
create entry prohibition [[at(6, 5, t1)], [reduce_300(t1)]]
prohibition([at(6, 6, t1)], [reduce_300(t1)])
t1
create entry prohibition [[at(6, 6, t1)], [reduce_300(t1)]]
prohibition([coin(5, 5, _, a1)], [reduce_300(c1)])
c1
create entry prohibition [[coin(5, 5, _, a1)], [reduce_300(c1)]]
prohibition([coin(5, 6, _, a1)], [reduce_300(c1)])
c1
create entry prohibition [[coin(5, 6, _, a1)], [reduce_300(c1)]]
prohibition([coin(6, 5, _, a1)], [reduce_300(c1)])
c1
create entry prohibition [[coin(6, 5, _, a1)], [reduce_300(c1)]]
prohibition([coin(6, 6, _, a1)], [reduce_300(c1)])
c1
create entry prohibition [[coin(6, 6, _, a1)], [reduce_300(c1)]]
prohibition([coin(5, 5, _, a2)], [reduce_300(c1)])
c1
create entry prohibition [[coin(5, 5, _, a2)], [reduce_300(c1)]]
prohibition([coin(5, 6, _, a2)], [reduce_300(c1)])
c1
create entry prohibition [[coin(5, 6, _, a2)], [reduce_300(c1)]]
prohibition([coin(6, 5, _, a2)], [reduce_300(c1)])
c1
create entry prohibition [[coin(6, 5, _, a2)], [reduce_300(c1)]]
prohibition([coin(6, 6, _, a2)], [reduce_300(c1)])
c1
create entry prohibition [[coin(6, 6, _, a2)], [reduce_300(c1)]]
prohibition([coin(5, 5, _, a3)], [reduce_300(c1)])
c1
create entry prohibition [[coin(5, 5, _, a3)], [reduce_300(c1)]]
prohibition([coin(5, 6, _, a3)], [reduce_300(c1)])
c1
create entry prohibition [[coin(5, 6, _, a3)], [reduce_300(c1)]]
prohibition([coin(6, 5, _, a3)], [reduce_300(c1)])
c1
create entry prohibition [[coin(6, 5, _, a3)], [reduce_300(c1)]]
prohibition([coin(6, 6, _, a3)], [reduce_300(c1)])
c1
create entry prohibition [[coin(6, 6, _, a3)], [reduce_300(c1)]]
coin(8, 6, a1)
drop(20, 20)
reading(3, 3)
reading(3, 3)
reading(3, 3)
prohibition([at(5, 5, a1)], [reduce_300(a1)])
a1
create entry prohibition [[at(5, 5, a1)], [reduce_300(a1)]]
prohibition([at(5, 6, a1)], [reduce_300(a1)])
a1
create entry prohibition [[at(5, 6, a1)], [reduce_300(a1)]]
prohibition([at(6, 5, a1)], [reduce_300(a1)])
a1
create entry prohibition [[at(6, 5, a1)], [reduce_300(a1)]]
prohibition([at(6, 6, a1)], [reduce_300(a1)])
a1
create entry prohibition [[at(6, 6, a1)], [reduce_300(a1)]]
prohibition([at(5, 5, a2)], [reduce_300(a2)])
a2
create entry prohibition [[at(5, 5, a2)], [reduce_300(a2)]]
prohibition([at(5, 6, a2)], [reduce_300(a2)])
a2
create entry prohibition [[at(5, 6, a2)], [reduce_300(a2)]]
prohibition([at(6, 5, a2)], [reduce_300(a2)])
a2
create entry prohibition [[at(6, 5, a2)], [reduce_300(a2)]]
prohibition([at(6, 6, a2)], [reduce_300(a2)])
a2
create entry prohibition [[at(6, 6, a2)], [reduce_300(a2)]]
prohibition([at(5, 5, a3)], [reduce_300(a3)])
a3
create entry prohibition [[at(5, 5, a3)], [reduce_300(a3)]]
prohibition([at(5, 6, a3)], [reduce_300(a3)])
a3
create entry prohibition [[at(5, 6, a3)], [reduce_300(a3)]]
prohibition([at(6, 5, a3)], [reduce_300(a3)])
a3
create entry prohibition [[at(6, 5, a3)], [reduce_300(a3)]]
prohibition([at(6, 6, a3)], [reduce_300(a3)])
a3
create entry prohibition [[at(6, 6, a3)], [reduce_300(a3)]]
event(prohibition(at(6, 6, t1), reduce_300(t1)), space)
event(prohibition(at(6, 6, t1), reduce_300(t1)), space)
event(prohibition(at(6, 6, t1), reduce_300(t1)), space)
event(prohibition(at(6, 6, t1), reduce_300(t1)), space)
event(prohibition(at(6, 6, t1), reduce_300(t1)), space)
event(prohibition(at(6, 6, t1), reduce_300(t1)), space)
event(prohibition(at(6, 6, t1), reduce_300(t1)), space)
event(prohibition(at(6, 6, t1), reduce_300(t1)), space)
event(prohibition(at(6, 6, t1), reduce_300(t1)), space)
event(prohibition(at(6, 5, t1), reduce_300(t1)), space)
event(prohibition(at(6, 5, t1), reduce_300(t1)), space)
event(prohibition(at(6, 5, t1), reduce_300(t1)), space)
event(prohibition(at(6, 5, t1), reduce_300(t1)), space)
event(prohibition(at(6, 5, t1), reduce_300(t1)), space)
event(prohibition(at(6, 5, t1), reduce_300(t1)), space)
event(prohibition(at(6, 5, t1), reduce_300(t1)), space)
event(prohibition(at(6, 5, t1), reduce_300(t1)), space)
event(prohibition(at(6, 5, t1), reduce_300(t1)), space)
obligation([cargo(_, _, _)], 48, [reduce_100(t1)])
t1
create entry obligation [[cargo(_, _, _)], 48, [reduce_100(t1)]]
obligation([cargo(_, _, _)], 48, [reduce_100(t1)])
t1
create entry obligation [[cargo(_, _, _)], 48, [reduce_100(t1)]]
org notified 
org notified 
org notified 
org notified 
java.lang.ClassCastException: apapl.data.APLIdent cannot be cast to apapl.data.APLFunction
	at envJavaSpace.SpaceTest.notifyAgent(SpaceTest.java:1100)
	at envJavaSpace.AgentHandler.notify(AgentHandler.java:68)
	at sun.reflect.GeneratedMethodAccessor34.invoke(Unknown Source)
	at sun.reflect.DelegatingMethodAccessorImpl.invoke(DelegatingMethodAccessorImpl.java:25)
	at java.lang.reflect.Method.invoke(Method.java:597)
	at sun.rmi.server.UnicastServerRef.dispatch(UnicastServerRef.java:303)
	at sun.rmi.transport.Transport$1.run(Transport.java:159)
	at java.security.AccessController.doPrivileged(Native Method)
	at sun.rmi.transport.Transport.serviceCall(Transport.java:155)
	at sun.rmi.transport.tcp.TCPTransport.handleMessages(TCPTransport.java:535)
	at sun.rmi.transport.tcp.TCPTransport$ConnectionHandler.run0(TCPTransport.java:790)
	at sun.rmi.transport.tcp.TCPTransport$ConnectionHandler.run(TCPTransport.java:649)
	at java.util.concurrent.ThreadPoolExecutor$Worker.runTask(ThreadPoolExecutor.java:886)
	at java.util.concurrent.ThreadPoolExecutor$Worker.run(ThreadPoolExecutor.java:908)
	at java.lang.Thread.run(Thread.java:680)
java.lang.ClassCastException: apapl.data.APLIdent cannot be cast to apapl.data.APLFunction
	at envJavaSpace.SpaceTest.notifyAgent(SpaceTest.java:1100)
	at envJavaSpace.AgentHandler.notify(AgentHandler.java:68)
	at sun.reflect.GeneratedMethodAccessor34.invoke(Unknown Source)
	at sun.reflect.DelegatingMethodAccessorImpl.invoke(DelegatingMethodAccessorImpl.java:25)
	at java.lang.reflect.Method.invoke(Method.java:597)
	at sun.rmi.server.UnicastServerRef.dispatch(UnicastServerRef.java:303)
	at sun.rmi.transport.Transport$1.run(Transport.java:159)
	at java.security.AccessController.doPrivileged(Native Method)
	at sun.rmi.transport.Transport.serviceCall(Transport.java:155)
	at sun.rmi.transport.tcp.TCPTransport.handleMessages(TCPTransport.java:535)
	at sun.rmi.transport.tcp.TCPTransport$ConnectionHandler.run0(TCPTransport.java:790)
	at sun.rmi.transport.tcp.TCPTransport$ConnectionHandler.run(TCPTransport.java:649)
	at java.util.concurrent.ThreadPoolExecutor$Worker.runTask(ThreadPoolExecutor.java:886)
	at java.util.concurrent.ThreadPoolExecutor$Worker.run(ThreadPoolExecutor.java:908)
	at java.lang.Thread.run(Thread.java:680)
java.lang.ClassCastException: apapl.data.APLIdent cannot be cast to apapl.data.APLFunction
	at envJavaSpace.SpaceTest.notifyAgent(SpaceTest.java:1100)
	at envJavaSpace.AgentHandler.notify(AgentHandler.java:68)
	at sun.reflect.GeneratedMethodAccessor34.invoke(Unknown Source)
	at sun.reflect.DelegatingMethodAccessorImpl.invoke(DelegatingMethodAccessorImpl.java:25)
	at java.lang.reflect.Method.invoke(Method.java:597)
	at sun.rmi.server.UnicastServerRef.dispatch(UnicastServerRef.java:303)
	at sun.rmi.transport.Transport$1.run(Transport.java:159)
	at java.security.AccessController.doPrivileged(Native Method)
	at sun.rmi.transport.Transport.serviceCall(Transport.java:155)
	at sun.rmi.transport.tcp.TCPTransport.handleMessages(TCPTransport.java:535)
	at sun.rmi.transport.tcp.TCPTransport$ConnectionHandler.run0(TCPTransport.java:790)
	at sun.rmi.transport.tcp.TCPTransport$ConnectionHandler.run(TCPTransport.java:649)
	at java.util.concurrent.ThreadPoolExecutor$Worker.runTask(ThreadPoolExecutor.java:886)
	at java.util.concurrent.ThreadPoolExecutor$Worker.run(ThreadPoolExecutor.java:908)
	at java.lang.Thread.run(Thread.java:680)
java.lang.ClassCastException: apapl.data.APLIdent cannot be cast to apapl.data.APLFunction
	at envJavaSpace.SpaceTest.notifyAgent(SpaceTest.java:1100)
	at envJavaSpace.AgentHandler.notify(AgentHandler.java:68)
	at sun.reflect.GeneratedMethodAccessor34.invoke(Unknown Source)
	at sun.reflect.DelegatingMethodAccessorImpl.invoke(DelegatingMethodAccessorImpl.java:25)
	at java.lang.reflect.Method.invoke(Method.java:597)
	at sun.rmi.server.UnicastServerRef.dispatch(UnicastServerRef.java:303)
	at sun.rmi.transport.Transport$1.run(Transport.java:159)
	at java.security.AccessController.doPrivileged(Native Method)
	at sun.rmi.transport.Transport.serviceCall(Transport.java:155)
	at sun.rmi.transport.tcp.TCPTransport.handleMessages(TCPTransport.java:535)
	at sun.rmi.transport.tcp.TCPTransport$ConnectionHandler.run0(TCPTransport.java:790)
	at sun.rmi.transport.tcp.TCPTransport$ConnectionHandler.run(TCPTransport.java:649)
	at java.util.concurrent.ThreadPoolExecutor$Worker.runTask(ThreadPoolExecutor.java:886)
	at java.util.concurrent.ThreadPoolExecutor$Worker.run(ThreadPoolExecutor.java:908)
	at java.lang.Thread.run(Thread.java:680)
java.lang.ClassCastException: apapl.data.APLIdent cannot be cast to apapl.data.APLFunction
	at envJavaSpace.SpaceTest.notifyAgent(SpaceTest.java:1100)
	at envJavaSpace.AgentHandler.notify(AgentHandler.java:68)
	at sun.reflect.GeneratedMethodAccessor34.invoke(Unknown Source)
	at sun.reflect.DelegatingMethodAccessorImpl.invoke(DelegatingMethodAccessorImpl.java:25)
	at java.lang.reflect.Method.invoke(Method.java:597)
	at sun.rmi.server.UnicastServerRef.dispatch(UnicastServerRef.java:303)
	at sun.rmi.transport.Transport$1.run(Transport.java:159)
	at java.security.AccessController.doPrivileged(Native Method)
	at sun.rmi.transport.Transport.serviceCall(Transport.java:155)
	at sun.rmi.transport.tcp.TCPTransport.handleMessages(TCPTransport.java:535)
	at sun.rmi.transport.tcp.TCPTransport$ConnectionHandler.run0(TCPTransport.java:790)
	at sun.rmi.transport.tcp.TCPTransport$ConnectionHandler.run(TCPTransport.java:649)
	at java.util.concurrent.ThreadPoolExecutor$Worker.runTask(ThreadPoolExecutor.java:886)
	at java.util.concurrent.ThreadPoolExecutor$Worker.run(ThreadPoolExecutor.java:908)
	at java.lang.Thread.run(Thread.java:680)
org notified 
java.lang.ClassCastException: apapl.data.APLIdent cannot be cast to apapl.data.APLFunction
	at envJavaSpace.SpaceTest.notifyAgent(SpaceTest.java:1100)
	at envJavaSpace.AgentHandler.notify(AgentHandler.java:48)
	at sun.reflect.GeneratedMethodAccessor34.invoke(Unknown Source)
	at sun.reflect.DelegatingMethodAccessorImpl.invoke(DelegatingMethodAccessorImpl.java:25)
	at java.lang.reflect.Method.invoke(Method.java:597)
	at sun.rmi.server.UnicastServerRef.dispatch(UnicastServerRef.java:303)
	at sun.rmi.transport.Transport$1.run(Transport.java:159)
	at java.security.AccessController.doPrivileged(Native Method)
	at sun.rmi.transport.Transport.serviceCall(Transport.java:155)
	at sun.rmi.transport.tcp.TCPTransport.handleMessages(TCPTransport.java:535)
	at sun.rmi.transport.tcp.TCPTransport$ConnectionHandler.run0(TCPTransport.java:790)
	at sun.rmi.transport.tcp.TCPTransport$ConnectionHandler.run(TCPTransport.java:649)
	at java.util.concurrent.ThreadPoolExecutor$Worker.runTask(ThreadPoolExecutor.java:886)
	at java.util.concurrent.ThreadPoolExecutor$Worker.run(ThreadPoolExecutor.java:908)
	at java.lang.Thread.run(Thread.java:680)
java.lang.ClassCastException: apapl.data.APLIdent cannot be cast to apapl.data.APLFunction
	at envJavaSpace.SpaceTest.notifyAgent(SpaceTest.java:1100)
	at envJavaSpace.AgentHandler.notify(AgentHandler.java:48)
	at sun.reflect.GeneratedMethodAccessor34.invoke(Unknown Source)
	at sun.reflect.DelegatingMethodAccessorImpl.invoke(DelegatingMethodAccessorImpl.java:25)
	at java.lang.reflect.Method.invoke(Method.java:597)
	at sun.rmi.server.UnicastServerRef.dispatch(UnicastServerRef.java:303)
	at sun.rmi.transport.Transport$1.run(Transport.java:159)
	at java.security.AccessController.doPrivileged(Native Method)
	at sun.rmi.transport.Transport.serviceCall(Transport.java:155)
	at sun.rmi.transport.tcp.TCPTransport.handleMessages(TCPTransport.java:535)
	at sun.rmi.transport.tcp.TCPTransport$ConnectionHandler.run0(TCPTransport.java:790)
	at sun.rmi.transport.tcp.TCPTransport$ConnectionHandler.run(TCPTransport.java:649)
	at java.util.concurrent.ThreadPoolExecutor$Worker.runTask(ThreadPoolExecutor.java:886)
	at java.util.concurrent.ThreadPoolExecutor$Worker.run(ThreadPoolExecutor.java:908)
	at java.lang.Thread.run(Thread.java:680)
java.lang.ClassCastException: apapl.data.APLIdent cannot be cast to apapl.data.APLFunction
	at envJavaSpace.SpaceTest.notifyAgent(SpaceTest.java:1100)
	at envJavaSpace.AgentHandler.notify(AgentHandler.java:48)
	at sun.reflect.GeneratedMethodAccessor34.invoke(Unknown Source)
	at sun.reflect.DelegatingMethodAccessorImpl.invoke(DelegatingMethodAccessorImpl.java:25)
	at java.lang.reflect.Method.invoke(Method.java:597)
	at sun.rmi.server.UnicastServerRef.dispatch(UnicastServerRef.java:303)
	at sun.rmi.transport.Transport$1.run(Transport.java:159)
	at java.security.AccessController.doPrivileged(Native Method)
	at sun.rmi.transport.Transport.serviceCall(Transport.java:155)
	at sun.rmi.transport.tcp.TCPTransport.handleMessages(TCPTransport.java:535)
	at sun.rmi.transport.tcp.TCPTransport$ConnectionHandler.run0(TCPTransport.java:790)
	at sun.rmi.transport.tcp.TCPTransport$ConnectionHandler.run(TCPTransport.java:649)
	at java.util.concurrent.ThreadPoolExecutor$Worker.runTask(ThreadPoolExecutor.java:886)
	at java.util.concurrent.ThreadPoolExecutor$Worker.run(ThreadPoolExecutor.java:908)
	at java.lang.Thread.run(Thread.java:680)
java.lang.ClassCastException: apapl.data.APLIdent cannot be cast to apapl.data.APLFunction
	at envJavaSpace.SpaceTest.notifyAgent(SpaceTest.java:1100)
	at envJavaSpace.AgentHandler.notify(AgentHandler.java:63)
	at sun.reflect.GeneratedMethodAccessor34.invoke(Unknown Source)
	at sun.reflect.DelegatingMethodAccessorImpl.invoke(DelegatingMethodAccessorImpl.java:25)
	at java.lang.reflect.Method.invoke(Method.java:597)
	at sun.rmi.server.UnicastServerRef.dispatch(UnicastServerRef.java:303)
	at sun.rmi.transport.Transport$1.run(Transport.java:159)
	at java.security.AccessController.doPrivileged(Native Method)
	at sun.rmi.transport.Transport.serviceCall(Transport.java:155)
	at sun.rmi.transport.tcp.TCPTransport.handleMessages(TCPTransport.java:535)
	at sun.rmi.transport.tcp.TCPTransport$ConnectionHandler.run0(TCPTransport.java:790)
	at sun.rmi.transport.tcp.TCPTransport$ConnectionHandler.run(TCPTransport.java:649)
	at java.util.concurrent.ThreadPoolExecutor$Worker.runTask(ThreadPoolExecutor.java:886)
	at java.util.concurrent.ThreadPoolExecutor$Worker.run(ThreadPoolExecutor.java:908)
	at java.lang.Thread.run(Thread.java:680)
java.lang.ClassCastException: apapl.data.APLIdent cannot be cast to apapl.data.APLFunction
	at envJavaSpace.SpaceTest.notifyAgent(SpaceTest.java:1100)
	at envJavaSpace.AgentHandler.notify(AgentHandler.java:63)
	at sun.reflect.GeneratedMethodAccessor34.invoke(Unknown Source)
	at sun.reflect.DelegatingMethodAccessorImpl.invoke(DelegatingMethodAccessorImpl.java:25)
	at java.lang.reflect.Method.invoke(Method.java:597)
	at sun.rmi.server.UnicastServerRef.dispatch(UnicastServerRef.java:303)
	at sun.rmi.transport.Transport$1.run(Transport.java:159)
	at java.security.AccessController.doPrivileged(Native Method)
	at sun.rmi.transport.Transport.serviceCall(Transport.java:155)
	at sun.rmi.transport.tcp.TCPTransport.handleMessages(TCPTransport.java:535)
	at sun.rmi.transport.tcp.TCPTransport$ConnectionHandler.run0(TCPTransport.java:790)
	at sun.rmi.transport.tcp.TCPTransport$ConnectionHandler.run(TCPTransport.java:649)
	at java.util.concurrent.ThreadPoolExecutor$Worker.runTask(ThreadPoolExecutor.java:886)
	at java.util.concurrent.ThreadPoolExecutor$Worker.run(ThreadPoolExecutor.java:908)
	at java.lang.Thread.run(Thread.java:680)
java.lang.ClassCastException: apapl.data.APLIdent cannot be cast to apapl.data.APLFunction
	at envJavaSpace.SpaceTest.notifyAgent(SpaceTest.java:1100)
	at envJavaSpace.AgentHandler.notify(AgentHandler.java:63)
	at sun.reflect.GeneratedMethodAccessor34.invoke(Unknown Source)
	at sun.reflect.DelegatingMethodAccessorImpl.invoke(DelegatingMethodAccessorImpl.java:25)
	at java.lang.reflect.Method.invoke(Method.java:597)
	at sun.rmi.server.UnicastServerRef.dispatch(UnicastServerRef.java:303)
	at sun.rmi.transport.Transport$1.run(Transport.java:159)
	at java.security.AccessController.doPrivileged(Native Method)
	at sun.rmi.transport.Transport.serviceCall(Transport.java:155)
	at sun.rmi.transport.tcp.TCPTransport.handleMessages(TCPTransport.java:535)
	at sun.rmi.transport.tcp.TCPTransport$ConnectionHandler.run0(TCPTransport.java:790)
	at sun.rmi.transport.tcp.TCPTransport$ConnectionHandler.run(TCPTransport.java:649)
	at java.util.concurrent.ThreadPoolExecutor$Worker.runTask(ThreadPoolExecutor.java:886)
	at java.util.concurrent.ThreadPoolExecutor$Worker.run(ThreadPoolExecutor.java:908)
	at java.lang.Thread.run(Thread.java:680)
obligation([cargo(_, _, _)], 48, [reduce_100(t1)])
t1
create entry obligation [[cargo(_, _, _)], 48, [reduce_100(t1)]]
prohibition([cargo(_, _, 35)], [reduce_100(t1)])
t1
create entry prohibition [[cargo(_, _, 35)], [reduce_100(t1)]]
org notified 
obligation([cargo(_, _, _)], 48, [reduce_100(t1)])
t1
create entry obligation [[cargo(_, _, _)], 48, [reduce_100(t1)]]
org notified 
obligation([cargo(_, _, _)], 48, [reduce_100(t1)])
t1
create entry obligation [[cargo(_, _, _)], 48, [reduce_100(t1)]]
obligation([cargo(_, _, _)], 48, [reduce_100(t1)])
t1
create entry obligation [[cargo(_, _, _)], 48, [reduce_100(t1)]]
org notified 
obligation([cargo(_, _, _)], 48, [reduce_100(t1)])
t1
create entry obligation [[cargo(_, _, _)], 48, [reduce_100(t1)]]
