Service Registrar: b3aab564-c477-48be-84df-cb63c11200d8
Java Space found.
TransactionManager found.
org notified 
org notified 
org notified 
org notified 
obligation([cargo(_, _, _)], 37, [reduce_100(t1)])
agent t1
create entry obligation [[cargo(_, _, _)], 37, [reduce_100(t1)]]
Obligation [agent=t1, obligation=[cargo(_, _, _)], sanction=[reduce_100(t1)], deadline=37, time=Tue Jan 08 10:28:29 GMT 2013, clock=1]
prohibition([cargo(_, _, 2)], [reduce_100(t1)])
agent t1
create entry prohibition [[cargo(_, _, 2)], [reduce_100(t1)]]
Prohibition [agent=t1, prohibition=[cargo(_, _, 2)], sanction=[reduce_100(t1)], clock=1, time=Tue Jan 08 10:28:31 GMT 2013]
prohibition([at(5, 5, t1)], [reduce_300(t1)])
agent t1
create entry prohibition [[at(5, 5, t1)], [reduce_300(t1)]]
Prohibition [agent=t1, prohibition=[at(5, 5, t1)], sanction=[reduce_300(t1)], clock=1, time=Tue Jan 08 10:28:31 GMT 2013]
prohibition([at(5, 6, t1)], [reduce_300(t1)])
agent t1
create entry prohibition [[at(5, 6, t1)], [reduce_300(t1)]]
Prohibition [agent=t1, prohibition=[at(5, 6, t1)], sanction=[reduce_300(t1)], clock=1, time=Tue Jan 08 10:28:31 GMT 2013]
prohibition([at(6, 5, t1)], [reduce_300(t1)])
agent t1
create entry prohibition [[at(6, 5, t1)], [reduce_300(t1)]]
Prohibition [agent=t1, prohibition=[at(6, 5, t1)], sanction=[reduce_300(t1)], clock=1, time=Tue Jan 08 10:28:31 GMT 2013]
prohibition([at(6, 6, t1)], [reduce_300(t1)])
agent t1
create entry prohibition [[at(6, 6, t1)], [reduce_300(t1)]]
Prohibition [agent=t1, prohibition=[at(6, 6, t1)], sanction=[reduce_300(t1)], clock=1, time=Tue Jan 08 10:28:31 GMT 2013]
prohibition(at(6, 6, t1), reduce_300(t1))
prohibition(at(6, 5, t1), reduce_300(t1))
prohibition(at(5, 6, t1), reduce_300(t1))
prohibition(cargo(_, _, 2, t1), reduce_100(t1))
prohibition(at(6, 6, t1), reduce_300(t1))
prohibition(coin(5, 5, _, c1), reduce_300(c1))
prohibition(at(6, 6, t1), reduce_300(t1))
prohibition(at(5, 5, a2), reduce_300(a2))
prohibition(at(6, 5, a3), reduce_300(a3))
prohibition([coin(5, 5, _, a1)], [reduce_300(c1)])
agent c1
create entry prohibition [[coin(5, 5, _, a1)], [reduce_300(c1)]]
Prohibition [agent=c1, prohibition=[coin(5, 5, _, a1)], sanction=[reduce_300(c1)], clock=1, time=Tue Jan 08 10:28:33 GMT 2013]
prohibition([coin(5, 6, _, a1)], [reduce_300(c1)])
agent c1
create entry prohibition [[coin(5, 6, _, a1)], [reduce_300(c1)]]
Prohibition [agent=c1, prohibition=[coin(5, 6, _, a1)], sanction=[reduce_300(c1)], clock=1, time=Tue Jan 08 10:28:33 GMT 2013]
prohibition([coin(6, 5, _, a1)], [reduce_300(c1)])
agent c1
create entry prohibition [[coin(6, 5, _, a1)], [reduce_300(c1)]]
Prohibition [agent=c1, prohibition=[coin(6, 5, _, a1)], sanction=[reduce_300(c1)], clock=1, time=Tue Jan 08 10:28:33 GMT 2013]
prohibition([coin(6, 6, _, a1)], [reduce_300(c1)])
agent c1
create entry prohibition [[coin(6, 6, _, a1)], [reduce_300(c1)]]
Prohibition [agent=c1, prohibition=[coin(6, 6, _, a1)], sanction=[reduce_300(c1)], clock=1, time=Tue Jan 08 10:28:33 GMT 2013]
prohibition([coin(5, 5, _, a2)], [reduce_300(c1)])
agent c1
create entry prohibition [[coin(5, 5, _, a2)], [reduce_300(c1)]]
Prohibition [agent=c1, prohibition=[coin(5, 5, _, a2)], sanction=[reduce_300(c1)], clock=1, time=Tue Jan 08 10:28:33 GMT 2013]
prohibition([coin(5, 6, _, a2)], [reduce_300(c1)])
agent c1
create entry prohibition [[coin(5, 6, _, a2)], [reduce_300(c1)]]
Prohibition [agent=c1, prohibition=[coin(5, 6, _, a2)], sanction=[reduce_300(c1)], clock=1, time=Tue Jan 08 10:28:33 GMT 2013]
prohibition([coin(6, 5, _, a2)], [reduce_300(c1)])
agent c1
create entry prohibition [[coin(6, 5, _, a2)], [reduce_300(c1)]]
Prohibition [agent=c1, prohibition=[coin(6, 5, _, a2)], sanction=[reduce_300(c1)], clock=1, time=Tue Jan 08 10:28:33 GMT 2013]
prohibition([coin(6, 6, _, a2)], [reduce_300(c1)])
agent c1
create entry prohibition [[coin(6, 6, _, a2)], [reduce_300(c1)]]
Prohibition [agent=c1, prohibition=[coin(6, 6, _, a2)], sanction=[reduce_300(c1)], clock=1, time=Tue Jan 08 10:28:33 GMT 2013]
prohibition([coin(5, 5, _, a3)], [reduce_300(c1)])
agent c1
create entry prohibition [[coin(5, 5, _, a3)], [reduce_300(c1)]]
Prohibition [agent=c1, prohibition=[coin(5, 5, _, a3)], sanction=[reduce_300(c1)], clock=1, time=Tue Jan 08 10:28:33 GMT 2013]
prohibition([coin(5, 6, _, a3)], [reduce_300(c1)])
agent c1
create entry prohibition [[coin(5, 6, _, a3)], [reduce_300(c1)]]
Prohibition [agent=c1, prohibition=[coin(5, 6, _, a3)], sanction=[reduce_300(c1)], clock=1, time=Tue Jan 08 10:28:33 GMT 2013]
prohibition([coin(6, 5, _, a3)], [reduce_300(c1)])
agent c1
create entry prohibition [[coin(6, 5, _, a3)], [reduce_300(c1)]]
Prohibition [agent=c1, prohibition=[coin(6, 5, _, a3)], sanction=[reduce_300(c1)], clock=1, time=Tue Jan 08 10:28:33 GMT 2013]
prohibition([coin(6, 6, _, a3)], [reduce_300(c1)])
agent c1
create entry prohibition [[coin(6, 6, _, a3)], [reduce_300(c1)]]
Prohibition [agent=c1, prohibition=[coin(6, 6, _, a3)], sanction=[reduce_300(c1)], clock=1, time=Tue Jan 08 10:28:33 GMT 2013]
prohibition(coin(6, 5, _, c1), reduce_300(c1))
prohibition(coin(5, 5, _, c1), reduce_300(c1))
prohibition(coin(6, 5, _, c1), reduce_300(c1))
prohibition(coin(6, 6, _, c1), reduce_300(c1))
prohibition(coin(6, 6, _, c1), reduce_300(c1))
prohibition(coin(6, 5, _, c1), reduce_300(c1))
prohibition(coin(5, 5, _, c1), reduce_300(c1))
prohibition(coin(5, 6, _, c1), reduce_300(c1))
cargo(position(19, 19), 29)
agent t1
create entry cargo [position(19, 19), 29]
coin(position(8, 6), 30, a1)
agent c1
create entry coin [position(8, 6), 30, a1]
prohibition(coin(6, 6, _, c1), reduce_300(c1))
status(position(3, 4), 30)
agent a1
status(position(3, 4), 28)
agent a3
status(position(3, 4), 32)
agent a2
prohibition([at(5, 5, a1)], [reduce_300(a1)])
agent a1
create entry prohibition [[at(5, 5, a1)], [reduce_300(a1)]]
Prohibition [agent=a1, prohibition=[at(5, 5, a1)], sanction=[reduce_300(a1)], clock=1, time=Tue Jan 08 10:28:35 GMT 2013]
prohibition([at(5, 6, a1)], [reduce_300(a1)])
agent a1
create entry prohibition [[at(5, 6, a1)], [reduce_300(a1)]]
Prohibition [agent=a1, prohibition=[at(5, 6, a1)], sanction=[reduce_300(a1)], clock=1, time=Tue Jan 08 10:28:35 GMT 2013]
prohibition([at(6, 5, a1)], [reduce_300(a1)])
agent a1
create entry prohibition [[at(6, 5, a1)], [reduce_300(a1)]]
Prohibition [agent=a1, prohibition=[at(6, 5, a1)], sanction=[reduce_300(a1)], clock=1, time=Tue Jan 08 10:28:35 GMT 2013]
prohibition([at(6, 6, a1)], [reduce_300(a1)])
agent a1
create entry prohibition [[at(6, 6, a1)], [reduce_300(a1)]]
Prohibition [agent=a1, prohibition=[at(6, 6, a1)], sanction=[reduce_300(a1)], clock=1, time=Tue Jan 08 10:28:35 GMT 2013]
prohibition([at(5, 5, a2)], [reduce_300(a2)])
agent a2
create entry prohibition [[at(5, 5, a2)], [reduce_300(a2)]]
Prohibition [agent=a2, prohibition=[at(5, 5, a2)], sanction=[reduce_300(a2)], clock=1, time=Tue Jan 08 10:28:35 GMT 2013]
prohibition([at(5, 6, a2)], [reduce_300(a2)])
agent a2
create entry prohibition [[at(5, 6, a2)], [reduce_300(a2)]]
Prohibition [agent=a2, prohibition=[at(5, 6, a2)], sanction=[reduce_300(a2)], clock=1, time=Tue Jan 08 10:28:35 GMT 2013]
prohibition([at(6, 5, a2)], [reduce_300(a2)])
agent a2
create entry prohibition [[at(6, 5, a2)], [reduce_300(a2)]]
Prohibition [agent=a2, prohibition=[at(6, 5, a2)], sanction=[reduce_300(a2)], clock=1, time=Tue Jan 08 10:28:35 GMT 2013]
prohibition([at(6, 6, a2)], [reduce_300(a2)])
agent a2
create entry prohibition [[at(6, 6, a2)], [reduce_300(a2)]]
Prohibition [agent=a2, prohibition=[at(6, 6, a2)], sanction=[reduce_300(a2)], clock=1, time=Tue Jan 08 10:28:35 GMT 2013]
prohibition([at(5, 5, a3)], [reduce_300(a3)])
agent a3
create entry prohibition [[at(5, 5, a3)], [reduce_300(a3)]]
Prohibition [agent=a3, prohibition=[at(5, 5, a3)], sanction=[reduce_300(a3)], clock=1, time=Tue Jan 08 10:28:35 GMT 2013]
prohibition([at(5, 6, a3)], [reduce_300(a3)])
agent a3
create entry prohibition [[at(5, 6, a3)], [reduce_300(a3)]]
Prohibition [agent=a3, prohibition=[at(5, 6, a3)], sanction=[reduce_300(a3)], clock=1, time=Tue Jan 08 10:28:35 GMT 2013]
prohibition([at(6, 5, a3)], [reduce_300(a3)])
agent a3
create entry prohibition [[at(6, 5, a3)], [reduce_300(a3)]]
Prohibition [agent=a3, prohibition=[at(6, 5, a3)], sanction=[reduce_300(a3)], clock=1, time=Tue Jan 08 10:28:35 GMT 2013]
prohibition([at(6, 6, a3)], [reduce_300(a3)])
agent a3
create entry prohibition [[at(6, 6, a3)], [reduce_300(a3)]]
Prohibition [agent=a3, prohibition=[at(6, 6, a3)], sanction=[reduce_300(a3)], clock=1, time=Tue Jan 08 10:28:35 GMT 2013]
status(position(18, 19), 32)
agent t1
coin(position(16, 6), 32, a2)
agent c1
create entry coin [position(16, 6), 32, a2]
status(position(3, 5), 27)
agent a2
status(position(3, 5), 32)
agent a3
status(position(3, 5), 33)
agent a1
status(position(17, 19), 33)
agent t1
coin(position(3, 9), 33, a3)
agent c1
create entry coin [position(3, 9), 33, a3]
status(position(3, 6), 32)
agent a1
status(position(3, 6), 33)
agent a3
status(position(3, 6), 34)
agent a2
status(position(16, 19), 35)
agent t1
org notified 
prohibition(at(6, 6, a3), reduce_300(a3))
prohibition(at(6, 6, a3), reduce_300(a3))
prohibition(at(6, 6, a3), reduce_300(a3))
status(position(3, 7), 35)
agent a3
status(position(3, 7), 34)
agent a1
prohibition(at(6, 6, a3), reduce_300(a3))
status(position(3, 7), 35)
agent a2
status(position(15, 19), 34)
agent t1
prohibition(at(6, 6, a3), reduce_300(a3))
status(position(3, 8), 37)
agent a3
status(position(3, 8), 36)
agent a1
status(position(3, 8), 36)
agent a2
status(position(14, 19), 37)
agent t1
obligation([cargo(_, _, _)], 37, [reduce_100(t1)])
agent t1
create entry obligation [[cargo(_, _, _)], 37, [reduce_100(t1)]]
Obligation [agent=t1, obligation=[cargo(_, _, _)], sanction=[reduce_100(t1)], deadline=37, time=Tue Jan 08 10:28:40 GMT 2013, clock=1]
status(position(3, 9), 37)
agent a1
status(position(3, 9), 38)
agent a3
status(position(3, 9), 38)
agent a2
status(position(13, 19), 37)
agent t1
status(position(3, 10), 38)
agent a1
status(position(3, 10), 39)
agent a3
prohibition([cargo(_, _, 30)], [reduce_100(t1)])
agent t1
create entry prohibition [[cargo(_, _, 30)], [reduce_100(t1)]]
Prohibition [agent=t1, prohibition=[cargo(_, _, 30)], sanction=[reduce_100(t1)], clock=1, time=Tue Jan 08 10:28:42 GMT 2013]
obligation(cargo(_, _, _, t1), 37, reduce_100(t1))
status(position(12, 19), 38)
agent t1
status(position(3, 10), 39)
agent a2
prohibition(at(6, 6, a3), reduce_300(a3))
prohibition(cargo(_, _, 30, t1), reduce_100(t1))
prohibition(at(6, 6, a3), reduce_300(a3))
prohibition(cargo(_, _, 30, t1), reduce_100(t1))
prohibition(cargo(_, _, 30, t1), reduce_100(t1))
status(position(4, 10), 40)
agent a3
status(position(4, 10), 39)
agent a1
status(position(11, 19), 40)
agent t1
status(position(4, 10), 40)
agent a2
status(position(5, 10), 41)
agent a1
status(position(5, 10), 40)
agent a3
status(position(10, 19), 42)
agent t1
status(position(5, 10), 42)
agent a2
status(position(6, 10), 42)
agent a3
status(position(9, 19), 0)
agent t1
status(position(6, 10), 42)
agent a1
status(position(6, 10), 43)
agent a2
status(position(7, 10), 44)
agent a3
status(position(8, 19), 43)
agent t1
status(position(7, 10), 44)
agent a1
status(position(7, 10), 44)
agent a2
status(position(8, 10), 45)
agent a3
status(position(7, 19), 45)
agent t1
status(position(8, 10), 44)
agent a1
status(position(8, 10), 45)
agent a2
status(position(9, 10), 46)
agent a3
status(position(6, 19), 46)
agent t1
status(position(9, 10), 40)
agent a1
status(position(9, 10), 47)
agent a2
status(position(10, 10), 47)
agent a3
status(position(10, 10), 47)
agent a1
status(position(10, 10), 45)
agent a2
status(position(5, 19), 47)
agent t1
status(position(4, 19), 49)
agent t1
status(position(3, 19), 50)
agent t1
status(position(2, 19), 52)
agent t1
status(position(2, 18), 53)
agent t1
status(position(2, 17), 54)
agent t1
status(position(2, 16), 56)
agent t1
status(position(2, 15), 57)
agent t1
status(position(2, 14), 58)
agent t1
status(position(2, 13), 59)
agent t1
status(position(2, 12), 61)
agent t1
status(position(2, 11), 62)
agent t1
status(position(2, 10), 63)
agent t1
org notified 
obligation([cargo(_, _, _)], 75, [reduce_100(t1)])
agent t1
create entry obligation [[cargo(_, _, _)], 75, [reduce_100(t1)]]
Obligation [agent=t1, obligation=[cargo(_, _, _)], sanction=[reduce_100(t1)], deadline=75, time=Tue Jan 08 10:29:08 GMT 2013, clock=1]
status(position(2, 9), 64)
agent t1
obligation(cargo(_, _, _, t1), 75, reduce_100(t1))
status(position(2, 8), 67)
agent t1
status(position(2, 7), 68)
agent t1
status(position(2, 6), 70)
agent t1
status(position(2, 5), 71)
agent t1
status(position(2, 4), 73)
agent t1
status(position(2, 3), 75)
agent t1
status(position(2, 2), 76)
agent t1
obligation([cargo(_, _, _)], 101, [reduce_100(t1)])
agent t1
create entry obligation [[cargo(_, _, _)], 101, [reduce_100(t1)]]
Obligation [agent=t1, obligation=[cargo(_, _, _)], sanction=[reduce_100(t1)], deadline=101, time=Tue Jan 08 10:29:34 GMT 2013, clock=1]
obligation(cargo(_, _, _, t1), 101, reduce_100(t1))
org notified 
obligation([cargo(_, _, _)], 101, [reduce_100(t1)])
agent t1
create entry obligation [[cargo(_, _, _)], 101, [reduce_100(t1)]]
Obligation [agent=t1, obligation=[cargo(_, _, _)], sanction=[reduce_100(t1)], deadline=101, time=Tue Jan 08 10:30:00 GMT 2013, clock=1]
obligation(cargo(_, _, _, t1), 101, reduce_100(t1))
org notified 
obligation([cargo(_, _, _)], 101, [reduce_100(t1)])
agent t1
create entry obligation [[cargo(_, _, _)], 101, [reduce_100(t1)]]
Obligation [agent=t1, obligation=[cargo(_, _, _)], sanction=[reduce_100(t1)], deadline=101, time=Tue Jan 08 10:30:26 GMT 2013, clock=1]
obligation(cargo(_, _, _, t1), 101, reduce_100(t1))
org notified 
obligation([cargo(_, _, _)], 101, [reduce_100(t1)])
agent t1
create entry obligation [[cargo(_, _, _)], 101, [reduce_100(t1)]]
Obligation [agent=t1, obligation=[cargo(_, _, _)], sanction=[reduce_100(t1)], deadline=101, time=Tue Jan 08 10:30:52 GMT 2013, clock=1]
obligation(cargo(_, _, _, t1), 101, reduce_100(t1))
org notified 
obligation([cargo(_, _, _)], 101, [reduce_100(t1)])
agent t1
create entry obligation [[cargo(_, _, _)], 101, [reduce_100(t1)]]
Obligation [agent=t1, obligation=[cargo(_, _, _)], sanction=[reduce_100(t1)], deadline=101, time=Tue Jan 08 10:31:18 GMT 2013, clock=1]
obligation(cargo(_, _, _, t1), 101, reduce_100(t1))
obligation([cargo(_, _, _)], 101, [reduce_100(t1)])
agent t1
create entry obligation [[cargo(_, _, _)], 101, [reduce_100(t1)]]
Obligation [agent=t1, obligation=[cargo(_, _, _)], sanction=[reduce_100(t1)], deadline=101, time=Tue Jan 08 10:31:44 GMT 2013, clock=1]
obligation(cargo(_, _, _, t1), 101, reduce_100(t1))
