test2.
Service Registrar: 407365e0-cb43-4d51-bb4d-4997a47d11d2
Java Space found.
TransactionManager found.
-------------------------last log tuples start--------------------------------
Obligation [agent=a2, obligation=[makeReading(8, 6)], sanction=[reduce_400(a2)], deadline=50, time=Wed Jun 05 11:47:40 BST 2013, clock=0]
Obligation [agent=a3, obligation=[makeReading(8, 6)], sanction=[reduce_400(a3)], deadline=50, time=Wed Jun 05 11:47:41 BST 2013, clock=0]
Obligation [agent=a2, obligation=[makeReading(16, 6)], sanction=[reduce_400(a2)], deadline=50, time=Wed Jun 05 11:48:21 BST 2013, clock=0]
Obligation [agent=a3, obligation=[makeReading(16, 6)], sanction=[reduce_400(a3)], deadline=50, time=Wed Jun 05 11:48:22 BST 2013, clock=0]
Position [agent=a1, id=null, cell=Cell [x=3, y=4], time=Wed Jun 05 10:50:58 BST 2013, clock=0]
Obligation [agent=a2, obligation=[makeReading(3, 9)], sanction=[reduce_400(a2)], deadline=50, time=Wed Jun 05 11:48:46 BST 2013, clock=0]
Obligation [agent=a3, obligation=[makeReading(3, 9)], sanction=[reduce_400(a3)], deadline=50, time=Wed Jun 05 11:48:47 BST 2013, clock=0]
Cargo [id=null, cell=Cell [x=19, y=19], time=Wed Jun 05 11:48:19 BST 2013, clock=0]
Prohibition [agent=t1, prohibition=[at(5, 5, t1)], sanction=[reduce_300(t1)], clock=0, time=Wed Jun 05 11:47:41 BST 2013]
Prohibition [agent=t1, prohibition=[at(5, 6, t1)], sanction=[reduce_300(t1)], clock=0, time=Wed Jun 05 11:47:41 BST 2013]
Coin [id=null, cell=Cell [x=8, y=6], agent=a1, time=Wed Jun 05 11:12:45 BST 2013, clock=0]
Prohibition [agent=t1, prohibition=[at(6, 5, t1)], sanction=[reduce_300(t1)], clock=0, time=Wed Jun 05 11:47:41 BST 2013]
Position [agent=a1, id=null, cell=Cell [x=3, y=4], time=Wed Jun 05 10:50:58 BST 2013, clock=0]
Prohibition [agent=t1, prohibition=[at(6, 6, t1)], sanction=[reduce_300(t1)], clock=0, time=Wed Jun 05 11:47:41 BST 2013]
Coin [id=null, cell=Cell [x=16, y=6], agent=a2, time=Wed Jun 05 11:13:18 BST 2013, clock=0]
Coin [id=null, cell=Cell [x=8, y=6], agent=a1, time=Wed Jun 05 11:23:11 BST 2013, clock=0]
Prohibition [agent=a1, prohibition=[at(5, 5, a1)], sanction=[reduce_300(a1)], clock=0, time=Wed Jun 05 11:47:42 BST 2013]
Prohibition [agent=a1, prohibition=[at(5, 6, a1)], sanction=[reduce_300(a1)], clock=0, time=Wed Jun 05 11:47:42 BST 2013]
Position [agent=a1, id=null, cell=Cell [x=3, y=5], time=Wed Jun 05 10:51:00 BST 2013, clock=0]
Position [agent=a1, id=null, cell=Cell [x=3, y=5], time=Wed Jun 05 10:51:00 BST 2013, clock=0]
Prohibition [agent=a1, prohibition=[at(6, 5, a1)], sanction=[reduce_300(a1)], clock=0, time=Wed Jun 05 11:47:42 BST 2013]
Position [agent=a1, id=null, cell=Cell [x=4, y=5], time=Wed Jun 05 10:51:02 BST 2013, clock=0]
Prohibition [agent=a1, prohibition=[at(6, 6, a1)], sanction=[reduce_300(a1)], clock=0, time=Wed Jun 05 11:47:42 BST 2013]
Position [agent=a1, id=null, cell=Cell [x=3, y=6], time=Wed Jun 05 10:51:02 BST 2013, clock=0]
Position [agent=a1, id=null, cell=Cell [x=4, y=6], time=Wed Jun 05 10:51:04 BST 2013, clock=0]
Prohibition [agent=a2, prohibition=[at(5, 5, a2)], sanction=[reduce_300(a2)], clock=0, time=Wed Jun 05 11:47:42 BST 2013]
Coin [id=null, cell=Cell [x=8, y=6], agent=a1, time=Wed Jun 05 11:47:39 BST 2013, clock=0]
Position [agent=a1, id=null, cell=Cell [x=3, y=7], time=Wed Jun 05 10:51:04 BST 2013, clock=0]
Prohibition [agent=a2, prohibition=[at(5, 6, a2)], sanction=[reduce_300(a2)], clock=0, time=Wed Jun 05 11:47:42 BST 2013]
Position [agent=a1, id=null, cell=Cell [x=4, y=7], time=Wed Jun 05 10:51:08 BST 2013, clock=0]
Prohibition [agent=a2, prohibition=[at(6, 5, a2)], sanction=[reduce_300(a2)], clock=0, time=Wed Jun 05 11:47:42 BST 2013]
Prohibition [agent=a2, prohibition=[at(6, 6, a2)], sanction=[reduce_300(a2)], clock=0, time=Wed Jun 05 11:47:42 BST 2013]
Prohibition [agent=a3, prohibition=[at(5, 5, a3)], sanction=[reduce_300(a3)], clock=0, time=Wed Jun 05 11:47:42 BST 2013]
Prohibition [agent=a3, prohibition=[at(5, 6, a3)], sanction=[reduce_300(a3)], clock=0, time=Wed Jun 05 11:47:42 BST 2013]
Coin [id=null, cell=Cell [x=16, y=6], agent=a2, time=Wed Jun 05 11:48:19 BST 2013, clock=0]
Position [agent=a1, id=null, cell=Cell [x=3, y=8], time=Wed Jun 05 10:51:09 BST 2013, clock=0]
Prohibition [agent=a3, prohibition=[at(6, 5, a3)], sanction=[reduce_300(a3)], clock=0, time=Wed Jun 05 11:47:42 BST 2013]
Position [agent=a1, id=null, cell=Cell [x=3, y=8], time=Wed Jun 05 10:51:10 BST 2013, clock=0]
Position [agent=a1, id=null, cell=Cell [x=4, y=7], time=Wed Jun 05 10:51:10 BST 2013, clock=0]
Prohibition [agent=a3, prohibition=[at(6, 6, a3)], sanction=[reduce_300(a3)], clock=0, time=Wed Jun 05 11:47:42 BST 2013]
Position [agent=a1, id=null, cell=Cell [x=4, y=7], time=Wed Jun 05 10:51:11 BST 2013, clock=0]
Coin [id=null, cell=Cell [x=3, y=9], agent=a3, time=Wed Jun 05 11:48:44 BST 2013, clock=0]
Position [agent=a1, id=null, cell=Cell [x=4, y=8], time=Wed Jun 05 10:51:14 BST 2013, clock=0]
Position [agent=a1, id=null, cell=Cell [x=3, y=9], time=Wed Jun 05 10:51:15 BST 2013, clock=0]
Position [agent=a1, id=null, cell=Cell [x=4, y=8], time=Wed Jun 05 10:51:15 BST 2013, clock=0]
Position [agent=a1, id=null, cell=Cell [x=5, y=7], time=Wed Jun 05 10:51:16 BST 2013, clock=0]
Position [agent=a1, id=null, cell=Cell [x=5, y=7], time=Wed Jun 05 10:51:16 BST 2013, clock=0]
Position [agent=a1, id=null, cell=Cell [x=5, y=8], time=Wed Jun 05 10:51:20 BST 2013, clock=0]
Position [agent=a1, id=null, cell=Cell [x=4, y=9], time=Wed Jun 05 10:51:20 BST 2013, clock=0]
Position [agent=a1, id=null, cell=Cell [x=5, y=8], time=Wed Jun 05 10:51:21 BST 2013, clock=0]
Position [agent=a1, id=null, cell=Cell [x=6, y=7], time=Wed Jun 05 10:51:21 BST 2013, clock=0]
Position [agent=a1, id=null, cell=Cell [x=6, y=7], time=Wed Jun 05 10:51:21 BST 2013, clock=0]
Position [agent=a1, id=null, cell=Cell [x=5, y=7], time=Wed Jun 05 10:51:27 BST 2013, clock=0]
Position [agent=a1, id=null, cell=Cell [x=5, y=9], time=Wed Jun 05 10:51:27 BST 2013, clock=0]
Position [agent=a1, id=null, cell=Cell [x=6, y=8], time=Wed Jun 05 10:51:28 BST 2013, clock=0]
Position [agent=a1, id=null, cell=Cell [x=7, y=7], time=Wed Jun 05 10:51:28 BST 2013, clock=0]
Position [agent=a1, id=null, cell=Cell [x=7, y=7], time=Wed Jun 05 10:51:29 BST 2013, clock=0]
Position [agent=a1, id=null, cell=Cell [x=5, y=8], time=Wed Jun 05 10:51:32 BST 2013, clock=0]
Position [agent=a1, id=null, cell=Cell [x=6, y=9], time=Wed Jun 05 10:51:32 BST 2013, clock=0]
Position [agent=a1, id=null, cell=Cell [x=7, y=8], time=Wed Jun 05 10:51:33 BST 2013, clock=0]
Position [agent=a1, id=null, cell=Cell [x=8, y=7], time=Wed Jun 05 10:51:33 BST 2013, clock=0]
Position [agent=a1, id=null, cell=Cell [x=8, y=7], time=Wed Jun 05 10:51:34 BST 2013, clock=0]
Position [agent=a1, id=null, cell=Cell [x=6, y=8], time=Wed Jun 05 10:51:38 BST 2013, clock=0]
Position [agent=a1, id=null, cell=Cell [x=7, y=9], time=Wed Jun 05 10:51:39 BST 2013, clock=0]
Position [agent=a1, id=null, cell=Cell [x=8, y=8], time=Wed Jun 05 10:51:40 BST 2013, clock=0]
Position [agent=a1, id=null, cell=Cell [x=9, y=7], time=Wed Jun 05 10:51:40 BST 2013, clock=0]
Position [agent=a1, id=null, cell=Cell [x=8, y=6], time=Wed Jun 05 10:51:41 BST 2013, clock=0]
Position [agent=a1, id=null, cell=Cell [x=7, y=8], time=Wed Jun 05 10:51:46 BST 2013, clock=0]
Position [agent=a1, id=null, cell=Cell [x=8, y=9], time=Wed Jun 05 10:51:47 BST 2013, clock=0]
Position [agent=a1, id=null, cell=Cell [x=9, y=8], time=Wed Jun 05 10:51:47 BST 2013, clock=0]
Position [agent=a1, id=null, cell=Cell [x=9, y=6], time=Wed Jun 05 10:51:48 BST 2013, clock=0]
Position [agent=a1, id=null, cell=Cell [x=8, y=8], time=Wed Jun 05 10:51:53 BST 2013, clock=0]
Position [agent=a1, id=null, cell=Cell [x=9, y=9], time=Wed Jun 05 10:51:53 BST 2013, clock=0]
Position [agent=a1, id=null, cell=Cell [x=9, y=7], time=Wed Jun 05 10:51:54 BST 2013, clock=0]
Position [agent=a1, id=null, cell=Cell [x=10, y=6], time=Wed Jun 05 10:51:54 BST 2013, clock=0]
Position [agent=a1, id=null, cell=Cell [x=8, y=7], time=Wed Jun 05 10:51:59 BST 2013, clock=0]
Position [agent=a1, id=null, cell=Cell [x=9, y=8], time=Wed Jun 05 10:52:00 BST 2013, clock=0]
Position [agent=a1, id=null, cell=Cell [x=10, y=7], time=Wed Jun 05 10:52:01 BST 2013, clock=0]
Position [agent=a1, id=null, cell=Cell [x=11, y=6], time=Wed Jun 05 10:52:01 BST 2013, clock=0]
Position [agent=a1, id=null, cell=Cell [x=9, y=7], time=Wed Jun 05 10:52:05 BST 2013, clock=0]
Position [agent=a1, id=null, cell=Cell [x=10, y=8], time=Wed Jun 05 10:52:05 BST 2013, clock=0]
Position [agent=a1, id=null, cell=Cell [x=11, y=7], time=Wed Jun 05 10:52:05 BST 2013, clock=0]
Position [agent=a1, id=null, cell=Cell [x=12, y=6], time=Wed Jun 05 10:52:05 BST 2013, clock=0]
Position [agent=a1, id=null, cell=Cell [x=10, y=7], time=Wed Jun 05 10:52:07 BST 2013, clock=0]
Position [agent=a1, id=null, cell=Cell [x=11, y=8], time=Wed Jun 05 10:52:07 BST 2013, clock=0]
Position [agent=a1, id=null, cell=Cell [x=12, y=7], time=Wed Jun 05 10:52:08 BST 2013, clock=0]
Position [agent=a1, id=null, cell=Cell [x=13, y=6], time=Wed Jun 05 10:52:08 BST 2013, clock=0]
Position [agent=a1, id=null, cell=Cell [x=11, y=7], time=Wed Jun 05 10:52:11 BST 2013, clock=0]
Position [agent=a1, id=null, cell=Cell [x=12, y=8], time=Wed Jun 05 10:52:11 BST 2013, clock=0]
Position [agent=a1, id=null, cell=Cell [x=13, y=7], time=Wed Jun 05 10:52:11 BST 2013, clock=0]
Position [agent=a1, id=null, cell=Cell [x=14, y=6], time=Wed Jun 05 10:52:11 BST 2013, clock=0]
Position [agent=a1, id=null, cell=Cell [x=12, y=7], time=Wed Jun 05 10:52:14 BST 2013, clock=0]
Position [agent=a1, id=null, cell=Cell [x=13, y=8], time=Wed Jun 05 10:52:14 BST 2013, clock=0]
Position [agent=a1, id=null, cell=Cell [x=14, y=7], time=Wed Jun 05 10:52:15 BST 2013, clock=0]
Position [agent=a1, id=null, cell=Cell [x=15, y=6], time=Wed Jun 05 10:52:15 BST 2013, clock=0]
Position [agent=a1, id=null, cell=Cell [x=13, y=7], time=Wed Jun 05 10:52:19 BST 2013, clock=0]
Position [agent=a1, id=null, cell=Cell [x=14, y=8], time=Wed Jun 05 10:52:20 BST 2013, clock=0]
Position [agent=a1, id=null, cell=Cell [x=15, y=7], time=Wed Jun 05 10:52:20 BST 2013, clock=0]
Position [agent=a1, id=null, cell=Cell [x=16, y=6], time=Wed Jun 05 10:52:20 BST 2013, clock=0]
Position [agent=a1, id=null, cell=Cell [x=14, y=7], time=Wed Jun 05 10:52:23 BST 2013, clock=0]
Position [agent=a1, id=null, cell=Cell [x=15, y=8], time=Wed Jun 05 10:52:23 BST 2013, clock=0]
Position [agent=a1, id=null, cell=Cell [x=16, y=7], time=Wed Jun 05 10:52:24 BST 2013, clock=0]
Position [agent=a1, id=null, cell=Cell [x=15, y=7], time=Wed Jun 05 10:52:26 BST 2013, clock=0]
Position [agent=a1, id=null, cell=Cell [x=16, y=8], time=Wed Jun 05 10:52:26 BST 2013, clock=0]
Position [agent=a1, id=null, cell=Cell [x=16, y=8], time=Wed Jun 05 10:52:26 BST 2013, clock=0]
Position [agent=a1, id=null, cell=Cell [x=15, y=8], time=Wed Jun 05 10:52:28 BST 2013, clock=0]
Position [agent=a1, id=null, cell=Cell [x=16, y=9], time=Wed Jun 05 10:52:28 BST 2013, clock=0]
Position [agent=a1, id=null, cell=Cell [x=16, y=9], time=Wed Jun 05 10:52:29 BST 2013, clock=0]
Position [agent=a1, id=null, cell=Cell [x=15, y=9], time=Wed Jun 05 10:52:30 BST 2013, clock=0]
Position [agent=a1, id=null, cell=Cell [x=16, y=10], time=Wed Jun 05 10:52:30 BST 2013, clock=0]
Position [agent=a1, id=null, cell=Cell [x=15, y=9], time=Wed Jun 05 10:52:30 BST 2013, clock=0]
Position [agent=a1, id=null, cell=Cell [x=14, y=9], time=Wed Jun 05 10:52:32 BST 2013, clock=0]
Position [agent=a1, id=null, cell=Cell [x=15, y=10], time=Wed Jun 05 10:52:32 BST 2013, clock=0]
Position [agent=a1, id=null, cell=Cell [x=14, y=9], time=Wed Jun 05 10:52:32 BST 2013, clock=0]
Position [agent=a1, id=null, cell=Cell [x=13, y=9], time=Wed Jun 05 10:52:34 BST 2013, clock=0]
Position [agent=a1, id=null, cell=Cell [x=14, y=10], time=Wed Jun 05 10:52:35 BST 2013, clock=0]
Position [agent=a1, id=null, cell=Cell [x=13, y=9], time=Wed Jun 05 10:52:35 BST 2013, clock=0]
Position [agent=a1, id=null, cell=Cell [x=12, y=9], time=Wed Jun 05 10:52:37 BST 2013, clock=0]
Position [agent=a1, id=null, cell=Cell [x=13, y=10], time=Wed Jun 05 10:52:37 BST 2013, clock=0]
Position [agent=a1, id=null, cell=Cell [x=12, y=9], time=Wed Jun 05 10:52:37 BST 2013, clock=0]
Position [agent=a1, id=null, cell=Cell [x=11, y=9], time=Wed Jun 05 10:52:40 BST 2013, clock=0]
Position [agent=a1, id=null, cell=Cell [x=12, y=10], time=Wed Jun 05 10:52:40 BST 2013, clock=0]
Position [agent=a1, id=null, cell=Cell [x=11, y=9], time=Wed Jun 05 10:52:41 BST 2013, clock=0]
Position [agent=a1, id=null, cell=Cell [x=10, y=9], time=Wed Jun 05 10:52:43 BST 2013, clock=0]
Position [agent=a1, id=null, cell=Cell [x=11, y=10], time=Wed Jun 05 10:52:44 BST 2013, clock=0]
Position [agent=a1, id=null, cell=Cell [x=10, y=9], time=Wed Jun 05 10:52:44 BST 2013, clock=0]
Position [agent=a1, id=null, cell=Cell [x=9, y=9], time=Wed Jun 05 10:52:45 BST 2013, clock=0]
Position [agent=a1, id=null, cell=Cell [x=10, y=10], time=Wed Jun 05 10:52:46 BST 2013, clock=0]
Position [agent=a1, id=null, cell=Cell [x=9, y=10], time=Wed Jun 05 10:52:47 BST 2013, clock=0]
Position [agent=a1, id=null, cell=Cell [x=8, y=10], time=Wed Jun 05 10:52:49 BST 2013, clock=0]
Position [agent=a1, id=null, cell=Cell [x=7, y=10], time=Wed Jun 05 10:52:50 BST 2013, clock=0]
Position [agent=a1, id=null, cell=Cell [x=6, y=10], time=Wed Jun 05 10:52:52 BST 2013, clock=0]
Position [agent=a1, id=null, cell=Cell [x=5, y=10], time=Wed Jun 05 10:52:53 BST 2013, clock=0]
Position [agent=a1, id=null, cell=Cell [x=5, y=9], time=Wed Jun 05 10:52:54 BST 2013, clock=0]
Position [agent=a1, id=null, cell=Cell [x=5, y=8], time=Wed Jun 05 10:52:55 BST 2013, clock=0]
Position [agent=a1, id=null, cell=Cell [x=5, y=7], time=Wed Jun 05 10:52:57 BST 2013, clock=0]
Position [agent=a3, id=null, cell=Cell [x=11, y=2], time=Wed Jun 05 10:55:18 BST 2013, clock=0]
Position [agent=a3, id=null, cell=Cell [x=11, y=3], time=Wed Jun 05 10:55:20 BST 2013, clock=0]
Position [agent=a3, id=null, cell=Cell [x=11, y=4], time=Wed Jun 05 10:55:21 BST 2013, clock=0]
Position [agent=a3, id=null, cell=Cell [x=11, y=5], time=Wed Jun 05 10:55:22 BST 2013, clock=0]
Position [agent=a3, id=null, cell=Cell [x=11, y=6], time=Wed Jun 05 10:55:24 BST 2013, clock=0]
Position [agent=a3, id=null, cell=Cell [x=11, y=7], time=Wed Jun 05 10:55:25 BST 2013, clock=0]
Position [agent=a3, id=null, cell=Cell [x=11, y=8], time=Wed Jun 05 10:55:26 BST 2013, clock=0]
Position [agent=a3, id=null, cell=Cell [x=11, y=9], time=Wed Jun 05 10:55:29 BST 2013, clock=0]
Position [agent=a3, id=null, cell=Cell [x=10, y=8], time=Wed Jun 05 10:55:29 BST 2013, clock=0]
Position [agent=a3, id=null, cell=Cell [x=11, y=8], time=Wed Jun 05 10:55:31 BST 2013, clock=0]
Position [agent=a3, id=null, cell=Cell [x=10, y=9], time=Wed Jun 05 10:55:32 BST 2013, clock=0]
Position [agent=a3, id=null, cell=Cell [x=9, y=8], time=Wed Jun 05 10:55:33 BST 2013, clock=0]
Position [agent=a3, id=null, cell=Cell [x=10, y=9], time=Wed Jun 05 10:55:34 BST 2013, clock=0]
Position [agent=a3, id=null, cell=Cell [x=10, y=8], time=Wed Jun 05 10:55:35 BST 2013, clock=0]
Position [agent=a3, id=null, cell=Cell [x=9, y=9], time=Wed Jun 05 10:55:37 BST 2013, clock=0]
Position [agent=t1, id=null, cell=Cell [x=18, y=19], time=Wed Jun 05 11:39:21 BST 2013, clock=0]
Position [agent=t1, id=null, cell=Cell [x=17, y=19], time=Wed Jun 05 11:39:36 BST 2013, clock=0]
Position [agent=t1, id=null, cell=Cell [x=16, y=19], time=Wed Jun 05 11:40:02 BST 2013, clock=0]
Position [agent=t1, id=null, cell=Cell [x=15, y=19], time=Wed Jun 05 11:40:27 BST 2013, clock=0]
Position [agent=t1, id=null, cell=Cell [x=14, y=19], time=Wed Jun 05 11:40:57 BST 2013, clock=0]
Position [agent=t1, id=null, cell=Cell [x=13, y=19], time=Wed Jun 05 11:41:13 BST 2013, clock=0]
Position [agent=t1, id=null, cell=Cell [x=12, y=19], time=Wed Jun 05 11:41:44 BST 2013, clock=0]
Position [agent=t1, id=null, cell=Cell [x=11, y=19], time=Wed Jun 05 11:41:59 BST 2013, clock=0]
Position [agent=t1, id=null, cell=Cell [x=10, y=19], time=Wed Jun 05 11:42:15 BST 2013, clock=0]
Position [agent=t1, id=null, cell=Cell [x=9, y=19], time=Wed Jun 05 11:42:31 BST 2013, clock=0]
Position [agent=t1, id=null, cell=Cell [x=8, y=19], time=Wed Jun 05 11:42:46 BST 2013, clock=0]
Position [agent=t1, id=null, cell=Cell [x=7, y=19], time=Wed Jun 05 11:43:17 BST 2013, clock=0]
Position [agent=t1, id=null, cell=Cell [x=6, y=19], time=Wed Jun 05 11:43:48 BST 2013, clock=0]
Position [agent=a3, id=null, cell=Cell [x=11, y=2], time=Wed Jun 05 11:47:38 BST 2013, clock=0]
Position [agent=a2, id=null, cell=Cell [x=7, y=19], time=Wed Jun 05 11:47:39 BST 2013, clock=0]
Position [agent=a3, id=null, cell=Cell [x=11, y=3], time=Wed Jun 05 11:48:18 BST 2013, clock=0]
Position [agent=a2, id=null, cell=Cell [x=6, y=19], time=Wed Jun 05 11:48:43 BST 2013, clock=0]
Position [agent=a1, id=null, cell=Cell [x=3, y=4], time=Wed Jun 05 11:48:44 BST 2013, clock=0]
Position [agent=t1, id=null, cell=Cell [x=18, y=19], time=Wed Jun 05 11:48:44 BST 2013, clock=0]
Position [agent=a1, id=null, cell=Cell [x=3, y=4], time=Wed Jun 05 11:48:44 BST 2013, clock=0]
Position [agent=a3, id=null, cell=Cell [x=11, y=4], time=Wed Jun 05 11:49:09 BST 2013, clock=0]
Position [agent=t1, id=null, cell=Cell [x=17, y=19], time=Wed Jun 05 11:49:09 BST 2013, clock=0]
Position [agent=a3, id=null, cell=Cell [x=11, y=4], time=Wed Jun 05 11:49:10 BST 2013, clock=0]
Position [agent=a2, id=null, cell=Cell [x=8, y=19], time=Wed Jun 05 11:49:10 BST 2013, clock=0]
Position [agent=t1, id=null, cell=Cell [x=16, y=19], time=Wed Jun 05 11:49:25 BST 2013, clock=0]
Position [agent=a1, id=null, cell=Cell [x=3, y=4], time=Wed Jun 05 11:49:25 BST 2013, clock=0]
Position [agent=a2, id=null, cell=Cell [x=5, y=19], time=Wed Jun 05 11:49:26 BST 2013, clock=0]
Position [agent=t1, id=null, cell=Cell [x=15, y=19], time=Wed Jun 05 11:49:41 BST 2013, clock=0]
Position [agent=a1, id=null, cell=Cell [x=3, y=5], time=Wed Jun 05 11:49:41 BST 2013, clock=0]
Position [agent=a3, id=null, cell=Cell [x=11, y=4], time=Wed Jun 05 11:49:41 BST 2013, clock=0]
Position [agent=a2, id=null, cell=Cell [x=7, y=19], time=Wed Jun 05 11:49:41 BST 2013, clock=0]
Position [agent=a1, id=null, cell=Cell [x=3, y=5], time=Wed Jun 05 11:49:56 BST 2013, clock=0]
Position [agent=t1, id=null, cell=Cell [x=14, y=19], time=Wed Jun 05 11:49:56 BST 2013, clock=0]
Position [agent=a2, id=null, cell=Cell [x=8, y=18], time=Wed Jun 05 11:50:12 BST 2013, clock=0]
Position [agent=a3, id=null, cell=Cell [x=11, y=5], time=Wed Jun 05 11:50:12 BST 2013, clock=0]
Position [agent=t1, id=null, cell=Cell [x=13, y=19], time=Wed Jun 05 11:50:12 BST 2013, clock=0]
Position [agent=a3, id=null, cell=Cell [x=11, y=5], time=Wed Jun 05 11:50:12 BST 2013, clock=0]
Position [agent=a2, id=null, cell=Cell [x=7, y=19], time=Wed Jun 05 11:50:27 BST 2013, clock=0]
Position [agent=t1, id=null, cell=Cell [x=12, y=19], time=Wed Jun 05 11:50:28 BST 2013, clock=0]
Position [agent=a2, id=null, cell=Cell [x=6, y=19], time=Wed Jun 05 11:50:28 BST 2013, clock=0]
Position [agent=a1, id=null, cell=Cell [x=4, y=5], time=Wed Jun 05 11:50:43 BST 2013, clock=0]
Position [agent=a3, id=null, cell=Cell [x=11, y=5], time=Wed Jun 05 11:50:43 BST 2013, clock=0]
Position [agent=a2, id=null, cell=Cell [x=8, y=19], time=Wed Jun 05 11:50:43 BST 2013, clock=0]
Position [agent=t1, id=null, cell=Cell [x=11, y=19], time=Wed Jun 05 11:50:43 BST 2013, clock=0]
Position [agent=a1, id=null, cell=Cell [x=3, y=6], time=Wed Jun 05 11:50:43 BST 2013, clock=0]
Position [agent=a3, id=null, cell=Cell [x=11, y=6], time=Wed Jun 05 11:50:59 BST 2013, clock=0]
Position [agent=t1, id=null, cell=Cell [x=10, y=19], time=Wed Jun 05 11:50:59 BST 2013, clock=0]
Position [agent=a1, id=null, cell=Cell [x=4, y=6], time=Wed Jun 05 11:51:14 BST 2013, clock=0]
Position [agent=t1, id=null, cell=Cell [x=9, y=19], time=Wed Jun 05 11:51:14 BST 2013, clock=0]
Position [agent=a3, id=null, cell=Cell [x=11, y=7], time=Wed Jun 05 11:51:14 BST 2013, clock=0]
Position [agent=a1, id=null, cell=Cell [x=3, y=7], time=Wed Jun 05 11:51:14 BST 2013, clock=0]
Position [agent=a2, id=null, cell=Cell [x=7, y=19], time=Wed Jun 05 11:51:30 BST 2013, clock=0]
Position [agent=a1, id=null, cell=Cell [x=4, y=7], time=Wed Jun 05 11:51:45 BST 2013, clock=0]
Position [agent=t1, id=null, cell=Cell [x=8, y=19], time=Wed Jun 05 11:51:45 BST 2013, clock=0]
Position [agent=a3, id=null, cell=Cell [x=11, y=8], time=Wed Jun 05 11:51:45 BST 2013, clock=0]
Position [agent=a1, id=null, cell=Cell [x=3, y=8], time=Wed Jun 05 11:51:45 BST 2013, clock=0]
Position [agent=t1, id=null, cell=Cell [x=7, y=19], time=Wed Jun 05 11:52:00 BST 2013, clock=0]
Position [agent=a2, id=null, cell=Cell [x=6, y=19], time=Wed Jun 05 11:52:01 BST 2013, clock=0]
Position [agent=a1, id=null, cell=Cell [x=4, y=8], time=Wed Jun 05 11:52:16 BST 2013, clock=0]
Position [agent=t1, id=null, cell=Cell [x=6, y=19], time=Wed Jun 05 11:52:16 BST 2013, clock=0]
Position [agent=a3, id=null, cell=Cell [x=11, y=9], time=Wed Jun 05 11:52:16 BST 2013, clock=0]
Position [agent=a1, id=null, cell=Cell [x=3, y=9], time=Wed Jun 05 11:52:16 BST 2013, clock=0]
Position [agent=t1, id=null, cell=Cell [x=5, y=19], time=Wed Jun 05 11:52:31 BST 2013, clock=0]
Position [agent=a2, id=null, cell=Cell [x=5, y=19], time=Wed Jun 05 11:52:32 BST 2013, clock=0]
Position [agent=a1, id=null, cell=Cell [x=4, y=9], time=Wed Jun 05 11:52:47 BST 2013, clock=0]
Position [agent=t1, id=null, cell=Cell [x=4, y=19], time=Wed Jun 05 11:52:47 BST 2013, clock=0]
Position [agent=a3, id=null, cell=Cell [x=11, y=10], time=Wed Jun 05 11:52:47 BST 2013, clock=0]
Position [agent=a1, id=null, cell=Cell [x=3, y=10], time=Wed Jun 05 11:52:47 BST 2013, clock=0]
Position [agent=t1, id=null, cell=Cell [x=3, y=19], time=Wed Jun 05 11:53:03 BST 2013, clock=0]
Position [agent=a2, id=null, cell=Cell [x=4, y=19], time=Wed Jun 05 11:53:03 BST 2013, clock=0]
Position [agent=a1, id=null, cell=Cell [x=4, y=10], time=Wed Jun 05 11:53:03 BST 2013, clock=0]
Position [agent=a3, id=null, cell=Cell [x=11, y=11], time=Wed Jun 05 11:53:18 BST 2013, clock=0]
Position [agent=a1, id=null, cell=Cell [x=5, y=10], time=Wed Jun 05 11:53:18 BST 2013, clock=0]
Position [agent=t1, id=null, cell=Cell [x=2, y=19], time=Wed Jun 05 11:53:34 BST 2013, clock=0]
Position [agent=a2, id=null, cell=Cell [x=3, y=19], time=Wed Jun 05 11:53:34 BST 2013, clock=0]
Position [agent=a3, id=null, cell=Cell [x=11, y=12], time=Wed Jun 05 11:53:49 BST 2013, clock=0]
Position [agent=a1, id=null, cell=Cell [x=6, y=10], time=Wed Jun 05 11:53:49 BST 2013, clock=0]
Position [agent=t1, id=null, cell=Cell [x=2, y=18], time=Wed Jun 05 11:54:04 BST 2013, clock=0]
Position [agent=a2, id=null, cell=Cell [x=3, y=18], time=Wed Jun 05 11:54:05 BST 2013, clock=0]
Position [agent=a1, id=null, cell=Cell [x=7, y=10], time=Wed Jun 05 11:54:05 BST 2013, clock=0]
Position [agent=t1, id=null, cell=Cell [x=2, y=17], time=Wed Jun 05 11:54:20 BST 2013, clock=0]
Position [agent=a3, id=null, cell=Cell [x=11, y=13], time=Wed Jun 05 11:54:20 BST 2013, clock=0]
Position [agent=a1, id=null, cell=Cell [x=8, y=10], time=Wed Jun 05 11:54:20 BST 2013, clock=0]
Position [agent=t1, id=null, cell=Cell [x=2, y=16], time=Wed Jun 05 11:54:36 BST 2013, clock=0]
Position [agent=a2, id=null, cell=Cell [x=3, y=17], time=Wed Jun 05 11:54:36 BST 2013, clock=0]
Position [agent=a1, id=null, cell=Cell [x=9, y=10], time=Wed Jun 05 11:54:36 BST 2013, clock=0]
Position [agent=t1, id=null, cell=Cell [x=2, y=15], time=Wed Jun 05 11:54:51 BST 2013, clock=0]
Position [agent=a3, id=null, cell=Cell [x=11, y=14], time=Wed Jun 05 11:54:52 BST 2013, clock=0]
Position [agent=a1, id=null, cell=Cell [x=10, y=10], time=Wed Jun 05 11:54:52 BST 2013, clock=0]
Position [agent=t1, id=null, cell=Cell [x=2, y=14], time=Wed Jun 05 11:55:07 BST 2013, clock=0]
Position [agent=a2, id=null, cell=Cell [x=3, y=16], time=Wed Jun 05 11:55:07 BST 2013, clock=0]
Position [agent=t1, id=null, cell=Cell [x=2, y=13], time=Wed Jun 05 11:55:22 BST 2013, clock=0]
Position [agent=a3, id=null, cell=Cell [x=11, y=15], time=Wed Jun 05 11:55:23 BST 2013, clock=0]
Position [agent=t1, id=null, cell=Cell [x=2, y=12], time=Wed Jun 05 11:55:38 BST 2013, clock=0]
Position [agent=a2, id=null, cell=Cell [x=3, y=15], time=Wed Jun 05 11:55:38 BST 2013, clock=0]
Position [agent=t1, id=null, cell=Cell [x=2, y=11], time=Wed Jun 05 11:55:53 BST 2013, clock=0]
Position [agent=a3, id=null, cell=Cell [x=11, y=16], time=Wed Jun 05 11:55:53 BST 2013, clock=0]
Position [agent=t1, id=null, cell=Cell [x=2, y=10], time=Wed Jun 05 11:56:09 BST 2013, clock=0]
Position [agent=a2, id=null, cell=Cell [x=3, y=14], time=Wed Jun 05 11:56:09 BST 2013, clock=0]
Position [agent=t1, id=null, cell=Cell [x=2, y=9], time=Wed Jun 05 11:56:24 BST 2013, clock=0]
Position [agent=a3, id=null, cell=Cell [x=11, y=17], time=Wed Jun 05 11:56:24 BST 2013, clock=0]
Position [agent=t1, id=null, cell=Cell [x=2, y=8], time=Wed Jun 05 11:56:39 BST 2013, clock=0]
Position [agent=a2, id=null, cell=Cell [x=3, y=13], time=Wed Jun 05 11:56:40 BST 2013, clock=0]
Position [agent=a3, id=null, cell=Cell [x=11, y=18], time=Wed Jun 05 13:07:35 BST 2013, clock=0]
Position [agent=a2, id=null, cell=Cell [x=3, y=12], time=Wed Jun 05 15:07:53 BST 2013, clock=0]
Position [agent=a3, id=null, cell=Cell [x=11, y=19], time=Wed Jun 05 16:02:05 BST 2013, clock=0]
Position [agent=a2, id=null, cell=Cell [x=3, y=11], time=Wed Jun 05 16:02:05 BST 2013, clock=0]
Position [agent=a3, id=null, cell=Cell [x=12, y=19], time=Wed Jun 05 16:02:06 BST 2013, clock=0]
Position [agent=a2, id=null, cell=Cell [x=3, y=10], time=Wed Jun 05 16:02:06 BST 2013, clock=0]
Position [agent=a3, id=null, cell=Cell [x=13, y=19], time=Wed Jun 05 16:02:07 BST 2013, clock=0]
Position [agent=a2, id=null, cell=Cell [x=3, y=9], time=Wed Jun 05 16:02:07 BST 2013, clock=0]
Position [agent=a3, id=null, cell=Cell [x=14, y=19], time=Wed Jun 05 16:02:08 BST 2013, clock=0]
Position [agent=a2, id=null, cell=Cell [x=3, y=8], time=Wed Jun 05 16:02:08 BST 2013, clock=0]
Position [agent=a3, id=null, cell=Cell [x=15, y=19], time=Wed Jun 05 16:02:08 BST 2013, clock=0]
Position [agent=a2, id=null, cell=Cell [x=3, y=7], time=Wed Jun 05 16:02:09 BST 2013, clock=0]
Position [agent=a3, id=null, cell=Cell [x=16, y=19], time=Wed Jun 05 16:02:09 BST 2013, clock=0]
Position [agent=a2, id=null, cell=Cell [x=3, y=6], time=Wed Jun 05 16:02:10 BST 2013, clock=0]
Position [agent=a3, id=null, cell=Cell [x=17, y=19], time=Wed Jun 05 16:02:10 BST 2013, clock=0]
Position [agent=a3, id=null, cell=Cell [x=18, y=19], time=Wed Jun 05 16:02:11 BST 2013, clock=0]
Position [agent=a3, id=null, cell=Cell [x=19, y=19], time=Wed Jun 05 16:02:12 BST 2013, clock=0]
-------------------------last log tuples end----------------------------------
register a1
register a2
register a3
register c1
register t1
org cargo notification
Organization notifies agent (write): Obligation [agent=a1, obligation=[makeReading(8, 6)], sanction=[reduce_400(a1)], deadline=50, time=Thu Jun 06 11:01:11 BST 2013, clock=0]
Organization notifies agent (write): Obligation [agent=a2, obligation=[makeReading(8, 6)], sanction=[reduce_400(a2)], deadline=50, time=Thu Jun 06 11:01:12 BST 2013, clock=0]
Organization notifies agent (write): Obligation [agent=a3, obligation=[makeReading(8, 6)], sanction=[reduce_400(a3)], deadline=50, time=Thu Jun 06 11:01:12 BST 2013, clock=0]
Organization notifies agent (write): Prohibition [agent=t1, prohibition=[at(5, 5, t1)], sanction=[reduce_300(t1)], clock=0, time=Thu Jun 06 11:01:13 BST 2013]
Organization notifies agent (write): Prohibition [agent=t1, prohibition=[at(5, 6, t1)], sanction=[reduce_300(t1)], clock=0, time=Thu Jun 06 11:01:13 BST 2013]
Organization notifies agent (write): Prohibition [agent=t1, prohibition=[at(6, 5, t1)], sanction=[reduce_300(t1)], clock=0, time=Thu Jun 06 11:01:13 BST 2013]
Organization notifies agent (write): Prohibition [agent=t1, prohibition=[at(6, 6, t1)], sanction=[reduce_300(t1)], clock=0, time=Thu Jun 06 11:01:13 BST 2013]
Organization notifies agent (write): Prohibition [agent=c1, prohibition=[coin(5, 5, a1)], sanction=[reduce_300(c1)], clock=0, time=Thu Jun 06 11:01:13 BST 2013]
Organization notifies agent (write): Prohibition [agent=c1, prohibition=[coin(5, 6, a1)], sanction=[reduce_300(c1)], clock=0, time=Thu Jun 06 11:01:13 BST 2013]
Organization notifies agent (write): Prohibition [agent=c1, prohibition=[coin(6, 5, a1)], sanction=[reduce_300(c1)], clock=0, time=Thu Jun 06 11:01:13 BST 2013]
Organization notifies agent (write): Prohibition [agent=c1, prohibition=[coin(6, 6, a1)], sanction=[reduce_300(c1)], clock=0, time=Thu Jun 06 11:01:13 BST 2013]
Organization notifies agent (write): Prohibition [agent=c1, prohibition=[coin(5, 5, a2)], sanction=[reduce_300(c1)], clock=0, time=Thu Jun 06 11:01:13 BST 2013]
Organization notifies agent (write): Prohibition [agent=c1, prohibition=[coin(5, 6, a2)], sanction=[reduce_300(c1)], clock=0, time=Thu Jun 06 11:01:13 BST 2013]
Organization notifies agent (write): Prohibition [agent=c1, prohibition=[coin(6, 5, a2)], sanction=[reduce_300(c1)], clock=0, time=Thu Jun 06 11:01:13 BST 2013]
Organization notifies agent (write): Prohibition [agent=c1, prohibition=[coin(6, 6, a2)], sanction=[reduce_300(c1)], clock=0, time=Thu Jun 06 11:01:13 BST 2013]
Organization notifies agent (write): Prohibition [agent=c1, prohibition=[coin(5, 5, a3)], sanction=[reduce_300(c1)], clock=0, time=Thu Jun 06 11:01:13 BST 2013]
Organization notifies agent (write): Prohibition [agent=c1, prohibition=[coin(5, 6, a3)], sanction=[reduce_300(c1)], clock=0, time=Thu Jun 06 11:01:13 BST 2013]
Organization notifies agent (write): Prohibition [agent=c1, prohibition=[coin(6, 5, a3)], sanction=[reduce_300(c1)], clock=0, time=Thu Jun 06 11:01:13 BST 2013]
Organization notifies agent (write): Prohibition [agent=c1, prohibition=[coin(6, 6, a3)], sanction=[reduce_300(c1)], clock=0, time=Thu Jun 06 11:01:13 BST 2013]
Organization notifies agent (write): Prohibition [agent=a1, prohibition=[at(5, 5, a1)], sanction=[reduce_300(a1)], clock=0, time=Thu Jun 06 11:01:13 BST 2013]
Organization notifies agent (write): Prohibition [agent=a1, prohibition=[at(5, 6, a1)], sanction=[reduce_300(a1)], clock=0, time=Thu Jun 06 11:01:13 BST 2013]
Organization notifies agent (write): Prohibition [agent=a1, prohibition=[at(6, 5, a1)], sanction=[reduce_300(a1)], clock=0, time=Thu Jun 06 11:01:13 BST 2013]
Organization notifies agent (write): Prohibition [agent=a1, prohibition=[at(6, 6, a1)], sanction=[reduce_300(a1)], clock=0, time=Thu Jun 06 11:01:13 BST 2013]
Organization notifies agent (write): Prohibition [agent=a2, prohibition=[at(5, 5, a2)], sanction=[reduce_300(a2)], clock=0, time=Thu Jun 06 11:01:13 BST 2013]
Organization notifies agent (write): Prohibition [agent=a2, prohibition=[at(5, 6, a2)], sanction=[reduce_300(a2)], clock=0, time=Thu Jun 06 11:01:13 BST 2013]
Organization notifies agent (write): Prohibition [agent=a2, prohibition=[at(6, 5, a2)], sanction=[reduce_300(a2)], clock=0, time=Thu Jun 06 11:01:13 BST 2013]
Organization notifies agent (write): Prohibition [agent=a2, prohibition=[at(6, 6, a2)], sanction=[reduce_300(a2)], clock=0, time=Thu Jun 06 11:01:13 BST 2013]
Organization notifies agent (write): Prohibition [agent=a3, prohibition=[at(5, 5, a3)], sanction=[reduce_300(a3)], clock=0, time=Thu Jun 06 11:01:13 BST 2013]
Organization notifies agent (write): Prohibition [agent=a3, prohibition=[at(5, 6, a3)], sanction=[reduce_300(a3)], clock=0, time=Thu Jun 06 11:01:13 BST 2013]
Organization notifies agent (write): Prohibition [agent=a3, prohibition=[at(6, 5, a3)], sanction=[reduce_300(a3)], clock=0, time=Thu Jun 06 11:01:13 BST 2013]
Organization notifies agent (write): Prohibition [agent=a3, prohibition=[at(6, 6, a3)], sanction=[reduce_300(a3)], clock=0, time=Thu Jun 06 11:01:13 BST 2013]
org position notification
agent obligation notification a1 number 1
agent obligation notification a2 number 1
