test2.
Service Registrar: ed975e13-e103-4eec-94c2-adf1bab9fcd5
Java Space found.
TransactionManager found.
from/for agent c1  coin(position(8, 6), 0, a1)
from/for agent t1  cargo(position(19, 19), 0)
from/for agent a3  status(position(11, 2), 0)
from/for agent a2  status(position(7, 19), 0)
from/for agent t1  status(position(18, 19), 0)
from/for agent c1  coin(position(16, 6), 0, a2)
from/for agent a1  status(position(3, 4), 0)
from/for agent a3  status(position(11, 3), 0)
from/for agent a2  status(position(6, 19), 0)
from/for agent t1  status(position(17, 19), 0)
from/for agent c1  coin(position(3, 9), 0, a3)
from/for agent a1  status(position(3, 5), 0)
from/for agent a3  status(position(11, 4), 0)
from/for agent a2  status(position(5, 19), 0)
from/for agent t1  status(position(16, 19), 0)
from/for agent a1  status(position(3, 6), 0)
from/for agent a3  status(position(11, 5), 0)
from/for agent a2  status(position(4, 19), 0)
from/for agent t1  status(position(15, 19), 0)
from/for agent a1  status(position(3, 7), 0)
from/for agent a3  status(position(11, 6), 0)
from/for agent a2  status(position(3, 19), 0)
from/for agent t1  status(position(14, 19), 0)
from/for agent a1  status(position(3, 8), 0)
from/for agent a3  status(position(11, 7), 0)
from/for agent a2  status(position(3, 18), 0)
from/for agent t1  status(position(13, 19), 0)
from/for agent a1  status(position(3, 9), 0)
from/for agent a3  status(position(11, 8), 0)
from/for agent a2  status(position(3, 17), 0)
from/for agent t1  status(position(12, 19), 0)
from/for agent a1  status(position(3, 10), 0)
from/for agent a3  status(position(11, 9), 0)
from/for agent a2  status(position(3, 16), 0)
from/for agent t1  status(position(11, 19), 0)
from/for agent a1  status(position(4, 10), 0)
from/for agent a3  status(position(11, 10), 0)
from/for agent a2  status(position(3, 15), 0)
from/for agent t1  status(position(10, 19), 0)
from/for agent a1  status(position(5, 10), 0)
from/for agent a3  status(position(11, 11), 0)
from/for agent a2  status(position(3, 14), 0)
from/for agent t1  status(position(9, 19), 0)
from/for agent a1  status(position(6, 10), 0)
from/for agent a3  status(position(11, 12), 0)
from/for agent a2  status(position(3, 13), 0)
from/for agent t1  status(position(8, 19), 0)
from/for agent a1  status(position(7, 10), 0)
from/for agent a3  status(position(11, 13), 0)
from/for agent a2  status(position(3, 12), 0)
from/for agent t1  status(position(7, 19), 0)
