test2.
Service Registrar: 53307202-e003-4733-b243-1151b6b36f09
Java Space found.
TransactionManager found.
!!!!! from org !!!!!!
coin(null, null, a3)
Coin [id=null, cell=null, agent=a3, time=null, clock=null]
!!!!! from org !!!!!!
coin(null, null, a3)
Coin [id=null, cell=null, agent=a3, time=null, clock=null]
!!!!! from org !!!!!!
position(a1, null)
Position [agent=a1, id=null, cell=null, time=null, clock=null]
!!!!! from org !!!!!!
position(a1, null)
Position [agent=a1, id=null, cell=null, time=null, clock=null]
!!!!! from org !!!!!!
position(a1, null)
Position [agent=a1, id=null, cell=null, time=null, clock=null]
!!!!! from org !!!!!!
position(a1, null)
Position [agent=a1, id=null, cell=null, time=null, clock=null]
!!!!! from org !!!!!!
position(a2, null)
Position [agent=a2, id=null, cell=null, time=null, clock=null]
!!!!! from org !!!!!!
position(a2, null)
Position [agent=a2, id=null, cell=null, time=null, clock=null]
!!!!! from org !!!!!!
position(a2, null)
Position [agent=a2, id=null, cell=null, time=null, clock=null]
!!!!! from org !!!!!!
position(a2, null)
Position [agent=a2, id=null, cell=null, time=null, clock=null]
!!!!! from org !!!!!!
position(a3, null)
Position [agent=a3, id=null, cell=null, time=null, clock=null]
!!!!! from org !!!!!!
position(a3, null)
Position [agent=a3, id=null, cell=null, time=null, clock=null]
!!!!! from org !!!!!!
position(a3, null)
Position [agent=a3, id=null, cell=null, time=null, clock=null]
from/for agent a3  status(position(11, 2), 38)
from/for agent a2  status(position(7, 19), 5)
!!!!! from org !!!!!!
position(a3, null)
Position [agent=a3, id=null, cell=null, time=null, clock=null]
from/for agent t1  cargo(position(19, 19), 58)
from/for agent t1  status(position(18, 19), 97)
from/for agent a1  status(position(3, 4), 42)
!!!!! from org !!!!!!
cargo(null, null)
Cargo [id=null, cell=null, time=null, clock=null]
!!!!! from org !!!!!!
position(t1, null)
Position [agent=t1, id=null, cell=null, time=null, clock=null]
from/for agent c1  coin(position(8, 6), 1, a1)
from/for agent a3  status(position(11, 3), 53)
from/for agent a2  status(position(6, 19), 81)
!!!!! from org !!!!!!
position(t1, null)
Position [agent=t1, id=null, cell=null, time=null, clock=null]
from/for agent t1  status(position(17, 19), 58)
from/for agent a1  status(position(3, 5), 22)
!!!!! from org !!!!!!
position(t1, null)
Position [agent=t1, id=null, cell=null, time=null, clock=null]
from/for agent c1  coin(position(16, 6), 58, a2)
from/for agent a3  status(position(11, 4), 59)
from/for agent a2  status(position(5, 19), 60)
!!!!! from org !!!!!!
position(t1, null)
Position [agent=t1, id=null, cell=null, time=null, clock=null]
from/for agent t1  status(position(16, 19), 58)
from/for agent a1  status(position(3, 6), 22)
!!!!! from org !!!!!!
coin(null, null, a1)
Coin [id=null, cell=null, agent=a1, time=null, clock=null]
from/for agent c1  coin(position(3, 9), 58, a3)
!!!!! from org !!!!!!
coin(null, null, a2)
Coin [id=null, cell=null, agent=a2, time=null, clock=null]
from/for agent a2  status(position(4, 19), 40)
!!!!! from org !!!!!!
coin(null, null, a3)
Coin [id=null, cell=null, agent=a3, time=null, clock=null]
!!!!! from org !!!!!!
coin(null, null, a1)
Coin [id=null, cell=null, agent=a1, time=null, clock=null]
from/for agent a1  status(position(3, 7), 14)
from/for agent a3  status(position(11, 5), 3)
from/for agent t1  status(position(15, 19), 109)
!!!!! from org !!!!!!
coin(null, null, a1)
Coin [id=null, cell=null, agent=a1, time=null, clock=null]
!!!!! from org !!!!!!
coin(null, null, a1)
Coin [id=null, cell=null, agent=a1, time=null, clock=null]
!!!!! from org !!!!!!
coin(null, null, a1)
Coin [id=null, cell=null, agent=a1, time=null, clock=null]
from/for agent a2  status(position(3, 19), 58)
!!!!! from org !!!!!!
coin(null, null, a2)
Coin [id=null, cell=null, agent=a2, time=null, clock=null]
!!!!! from org !!!!!!
coin(null, null, a2)
Coin [id=null, cell=null, agent=a2, time=null, clock=null]
from/for agent a1  status(position(3, 8), 58)
!!!!! from org !!!!!!
coin(null, null, a2)
Coin [id=null, cell=null, agent=a2, time=null, clock=null]
from/for agent t1  status(position(14, 19), 60)
from/for agent a3  status(position(11, 6), 59)
!!!!! from org !!!!!!
coin(null, null, a2)
Coin [id=null, cell=null, agent=a2, time=null, clock=null]
!!!!! from org !!!!!!
coin(null, null, a3)
Coin [id=null, cell=null, agent=a3, time=null, clock=null]
!!!!! from org !!!!!!
coin(null, null, a3)
Coin [id=null, cell=null, agent=a3, time=null, clock=null]
!!!!! from org !!!!!!
coin(null, null, a3)
Coin [id=null, cell=null, agent=a3, time=null, clock=null]
from/for agent a2  status(position(3, 18), 58)
!!!!! from org !!!!!!
coin(null, null, a3)
Coin [id=null, cell=null, agent=a3, time=null, clock=null]
!!!!! from org !!!!!!
position(a1, null)
Position [agent=a1, id=null, cell=null, time=null, clock=null]
from/for agent a1  status(position(3, 9), 58)
from/for agent a3  status(position(11, 7), 32)
from/for agent t1  status(position(13, 19), 3)
!!!!! from org !!!!!!
position(a1, null)
Position [agent=a1, id=null, cell=null, time=null, clock=null]
!!!!! from org !!!!!!
position(a1, null)
Position [agent=a1, id=null, cell=null, time=null, clock=null]
!!!!! from org !!!!!!
position(a1, null)
Position [agent=a1, id=null, cell=null, time=null, clock=null]
!!!!! from org !!!!!!
position(a2, null)
Position [agent=a2, id=null, cell=null, time=null, clock=null]
from/for agent a2  status(position(3, 17), 58)
from/for agent a3  status(position(11, 8), 17)
from/for agent a1  status(position(3, 10), 78)
!!!!! from org !!!!!!
position(a2, null)
Position [agent=a2, id=null, cell=null, time=null, clock=null]
!!!!! from org !!!!!!
position(a2, null)
Position [agent=a2, id=null, cell=null, time=null, clock=null]
from/for agent t1  status(position(12, 19), 14)
!!!!! from org !!!!!!
position(a2, null)
Position [agent=a2, id=null, cell=null, time=null, clock=null]
!!!!! from org !!!!!!
position(a3, null)
Position [agent=a3, id=null, cell=null, time=null, clock=null]
!!!!! from org !!!!!!
position(a3, null)
Position [agent=a3, id=null, cell=null, time=null, clock=null]
from/for agent a2  status(position(3, 16), 58)
from/for agent a1  status(position(4, 10), 40)
from/for agent a3  status(position(11, 9), 6)
!!!!! from org !!!!!!
position(a3, null)
Position [agent=a3, id=null, cell=null, time=null, clock=null]
!!!!! from org !!!!!!
position(a3, null)
Position [agent=a3, id=null, cell=null, time=null, clock=null]
from/for agent t1  status(position(11, 19), 58)
!!!!! from org !!!!!!
cargo(null, null)
Cargo [id=null, cell=null, time=null, clock=null]
!!!!! from org !!!!!!
position(t1, null)
Position [agent=t1, id=null, cell=null, time=null, clock=null]
from/for agent a1  status(position(5, 10), 31)
from/for agent a2  status(position(3, 15), 58)
from/for agent a3  status(position(11, 10), 45)
!!!!! from org !!!!!!
position(t1, null)
Position [agent=t1, id=null, cell=null, time=null, clock=null]
!!!!! from org !!!!!!
position(t1, null)
Position [agent=t1, id=null, cell=null, time=null, clock=null]
from/for agent t1  status(position(10, 19), 31)
!!!!! from org !!!!!!
position(t1, null)
Position [agent=t1, id=null, cell=null, time=null, clock=null]
from/for agent a1  status(position(6, 10), 58)
from/for agent a3  status(position(11, 11), 23)
from/for agent a2  status(position(3, 14), 12)
!!!!! from org !!!!!!
coin(null, null, a1)
Coin [id=null, cell=null, agent=a1, time=null, clock=null]
!!!!! from org !!!!!!
coin(null, null, a2)
Coin [id=null, cell=null, agent=a2, time=null, clock=null]
!!!!! from org !!!!!!
coin(null, null, a3)
Coin [id=null, cell=null, agent=a3, time=null, clock=null]
from/for agent t1  status(position(9, 19), 23)
!!!!! from org !!!!!!
coin(null, null, a1)
Coin [id=null, cell=null, agent=a1, time=null, clock=null]
!!!!! from org !!!!!!
coin(null, null, a1)
Coin [id=null, cell=null, agent=a1, time=null, clock=null]
!!!!! from org !!!!!!
coin(null, null, a1)
Coin [id=null, cell=null, agent=a1, time=null, clock=null]
!!!!! from org !!!!!!
coin(null, null, a1)
Coin [id=null, cell=null, agent=a1, time=null, clock=null]
from/for agent a2  status(position(3, 13), 18)
from/for agent a1  status(position(7, 10), 58)
from/for agent a3  status(position(11, 12), 4)
!!!!! from org !!!!!!
coin(null, null, a2)
Coin [id=null, cell=null, agent=a2, time=null, clock=null]
!!!!! from org !!!!!!
coin(null, null, a2)
Coin [id=null, cell=null, agent=a2, time=null, clock=null]
!!!!! from org !!!!!!
coin(null, null, a2)
Coin [id=null, cell=null, agent=a2, time=null, clock=null]
from/for agent t1  status(position(8, 19), 18)
!!!!! from org !!!!!!
coin(null, null, a2)
Coin [id=null, cell=null, agent=a2, time=null, clock=null]
!!!!! from org !!!!!!
coin(null, null, a3)
Coin [id=null, cell=null, agent=a3, time=null, clock=null]
!!!!! from org !!!!!!
coin(null, null, a3)
Coin [id=null, cell=null, agent=a3, time=null, clock=null]
!!!!! from org !!!!!!
coin(null, null, a3)
Coin [id=null, cell=null, agent=a3, time=null, clock=null]
!!!!! from org !!!!!!
coin(null, null, a3)
Coin [id=null, cell=null, agent=a3, time=null, clock=null]
!!!!! from org !!!!!!
position(a1, null)
Position [agent=a1, id=null, cell=null, time=null, clock=null]
!!!!! from org !!!!!!
position(a1, null)
Position [agent=a1, id=null, cell=null, time=null, clock=null]
!!!!! from org !!!!!!
position(a1, null)
Position [agent=a1, id=null, cell=null, time=null, clock=null]
!!!!! from org !!!!!!
position(a1, null)
Position [agent=a1, id=null, cell=null, time=null, clock=null]
!!!!! from org !!!!!!
position(a2, null)
Position [agent=a2, id=null, cell=null, time=null, clock=null]
!!!!! from org !!!!!!
position(a2, null)
Position [agent=a2, id=null, cell=null, time=null, clock=null]
