test2.
Service Registrar: 052cc499-efa3-4995-a9c4-d29ebfc01764
Java Space found.
TransactionManager found.
-------------------------last log tuples start--------------------------------
Time [clock=1, time=2013-06-11 12:42:34.418]
ActionRequest [id=null, agent=a2, type=reading, cell=Cell [x=8, y=19], clock=null, time=2013-06-11 12:42:36.813]
ActionRequest [id=null, agent=a3, type=reading, cell=Cell [x=11, y=1], clock=null, time=2013-06-11 12:42:36.818]
Time [clock=2, time=2013-06-11 12:42:35.001]
Time [clock=3, time=2013-06-11 12:42:36.002]
Time [clock=4, time=2013-06-11 12:42:37.004]
Prohibition [agent=t1, prohibition=[at(5, 5, t1)], sanction=[reduce_300(t1)], clock=0, time=2013-06-11 12:42:50.28]
Time [clock=5, time=2013-06-11 12:42:38.005]
Time [clock=6, time=2013-06-11 12:42:39.006]
Time [clock=7, time=2013-06-11 12:42:40.007]
Time [clock=8, time=2013-06-11 12:42:41.008]
Time [clock=9, time=2013-06-11 12:42:42.009]
Time [clock=10, time=2013-06-11 12:42:43.01]
Time [clock=11, time=2013-06-11 12:42:44.013]
Time [clock=12, time=2013-06-11 12:42:45.015]
Time [clock=13, time=2013-06-11 12:42:46.014]
Time [clock=14, time=2013-06-11 12:42:47.014]
Prohibition [agent=t1, prohibition=[at(5, 6, t1)], sanction=[reduce_300(t1)], clock=0, time=2013-06-11 12:42:50.282]
Time [clock=15, time=2013-06-11 12:42:48.016]
Time [clock=16, time=2013-06-11 12:42:49.018]
Time [clock=17, time=2013-06-11 12:42:50.019]
Time [clock=18, time=2013-06-11 12:42:51.02]
Time [clock=19, time=2013-06-11 12:42:52.02]
Time [clock=20, time=2013-06-11 12:42:53.022]
Time [clock=21, time=2013-06-11 12:42:54.023]
Time [clock=22, time=2013-06-11 12:42:55.023]
Time [clock=23, time=2013-06-11 12:42:56.024]
Time [clock=24, time=2013-06-11 12:42:57.025]
Time [clock=25, time=2013-06-11 12:42:58.022]
Time [clock=26, time=2013-06-11 12:42:59.025]
Prohibition [agent=t1, prohibition=[at(6, 5, t1)], sanction=[reduce_300(t1)], clock=0, time=2013-06-11 12:42:50.284]
Reading [id=null, agent=a2, cell=Cell [x=8, y=19], time=2013-06-11 12:42:44.686, value=0.0, clock=11]
Reading [id=null, agent=a3, cell=Cell [x=11, y=1], time=2013-06-11 12:42:44.745, value=0.0, clock=11]
Prohibition [agent=t1, prohibition=[at(6, 6, t1)], sanction=[reduce_300(t1)], clock=0, time=2013-06-11 12:42:50.285]
Prohibition [agent=c1, prohibition=[coin(5, 5, a1)], sanction=[reduce_300(c1)], clock=0, time=2013-06-11 12:42:50.492]
Prohibition [agent=c1, prohibition=[coin(5, 6, a1)], sanction=[reduce_300(c1)], clock=0, time=2013-06-11 12:42:50.493]
Prohibition [agent=c1, prohibition=[coin(6, 5, a1)], sanction=[reduce_300(c1)], clock=0, time=2013-06-11 12:42:50.494]
Prohibition [agent=c1, prohibition=[coin(6, 6, a1)], sanction=[reduce_300(c1)], clock=0, time=2013-06-11 12:42:50.495]
Prohibition [agent=c1, prohibition=[coin(5, 5, a2)], sanction=[reduce_300(c1)], clock=0, time=2013-06-11 12:42:50.496]
Prohibition [agent=c1, prohibition=[coin(5, 6, a2)], sanction=[reduce_300(c1)], clock=0, time=2013-06-11 12:42:50.497]
Prohibition [agent=c1, prohibition=[coin(6, 5, a2)], sanction=[reduce_300(c1)], clock=0, time=2013-06-11 12:42:50.498]
Prohibition [agent=c1, prohibition=[coin(6, 6, a2)], sanction=[reduce_300(c1)], clock=0, time=2013-06-11 12:42:50.5]
Prohibition [agent=c1, prohibition=[coin(5, 5, a3)], sanction=[reduce_300(c1)], clock=0, time=2013-06-11 12:42:50.501]
Prohibition [agent=c1, prohibition=[coin(5, 6, a3)], sanction=[reduce_300(c1)], clock=0, time=2013-06-11 12:42:50.502]
Prohibition [agent=c1, prohibition=[coin(6, 5, a3)], sanction=[reduce_300(c1)], clock=0, time=2013-06-11 12:42:50.503]
Prohibition [agent=c1, prohibition=[coin(6, 6, a3)], sanction=[reduce_300(c1)], clock=0, time=2013-06-11 12:42:50.505]
Prohibition [agent=a2, prohibition=[makeReading(8, 19, a2)], sanction=[reduce_300(a2)], clock=0, time=2013-06-11 12:42:50.922]
Prohibition [agent=a3, prohibition=[makeReading(11, 1, a3)], sanction=[reduce_300(a3)], clock=0, time=2013-06-11 12:42:51.134]
Prohibition [agent=a1, prohibition=[at(5, 5, a1)], sanction=[reduce_300(a1)], clock=0, time=2013-06-11 12:42:51.136]
Prohibition [agent=a1, prohibition=[at(5, 6, a1)], sanction=[reduce_300(a1)], clock=0, time=2013-06-11 12:42:51.138]
Prohibition [agent=a1, prohibition=[at(6, 5, a1)], sanction=[reduce_300(a1)], clock=0, time=2013-06-11 12:42:51.141]
Prohibition [agent=a1, prohibition=[at(6, 6, a1)], sanction=[reduce_300(a1)], clock=0, time=2013-06-11 12:42:51.142]
Prohibition [agent=a2, prohibition=[at(5, 5, a2)], sanction=[reduce_300(a2)], clock=0, time=2013-06-11 12:42:51.144]
Prohibition [agent=a2, prohibition=[at(5, 6, a2)], sanction=[reduce_300(a2)], clock=0, time=2013-06-11 12:42:51.145]
Prohibition [agent=a2, prohibition=[at(6, 5, a2)], sanction=[reduce_300(a2)], clock=0, time=2013-06-11 12:42:51.147]
Prohibition [agent=a2, prohibition=[at(6, 6, a2)], sanction=[reduce_300(a2)], clock=0, time=2013-06-11 12:42:51.149]
Prohibition [agent=a3, prohibition=[at(5, 5, a3)], sanction=[reduce_300(a3)], clock=0, time=2013-06-11 12:42:51.15]
Prohibition [agent=a3, prohibition=[at(5, 6, a3)], sanction=[reduce_300(a3)], clock=0, time=2013-06-11 12:42:51.152]
Prohibition [agent=a3, prohibition=[at(6, 5, a3)], sanction=[reduce_300(a3)], clock=0, time=2013-06-11 12:42:51.153]
Prohibition [agent=a3, prohibition=[at(6, 6, a3)], sanction=[reduce_300(a3)], clock=0, time=2013-06-11 12:42:51.155]
-------------------------last log tuples end----------------------------------
register a1
register a2
register a3
register c1
register t1
from/for agent a2  readingRequest(position(8, 19))
from/for agent a2  reading(position(8, 19))
from/for agent a3  readingRequest(position(11, 1))
from/for agent a3  reading(position(11, 1))
org reading notification
Organization notifies agent (write): Obligation [agent=a1, obligation=[makeReading(8, 6)], sanction=[reduce_400(a1)], deadline=54, time=2013-06-11 12:47:56.385, clock=0]
agent obligation notification a1 number 1
Obligation [agent=a1, obligation=null, sanction=null, deadline=null, time=null, clock=null] 1970-01-01 01:00:00.0 - 2013-06-11 12:47:56.411
Event sent to agent      a1 obligation(makeReading(8, 6), 54, reduce_400(a1))
Organization notifies agent (write): Obligation [agent=a1, obligation=[makeReading(16, 6)], sanction=[reduce_400(a1)], deadline=54, time=2013-06-11 12:47:57.06, clock=0]
agent obligation notification a1 number 2
Organization notifies agent (write): Obligation [agent=a1, obligation=[makeReading(3, 9)], sanction=[reduce_400(a1)], deadline=54, time=2013-06-11 12:47:57.271, clock=0]
Obligation [agent=a1, obligation=null, sanction=null, deadline=null, time=null, clock=null] 2013-06-11 12:47:56.411 - 2013-06-11 12:47:57.065
Event sent to agent      a1 obligation(makeReading(16, 6), 54, reduce_400(a1))
agent obligation notification a1 number 3
Organization notifies agent (write): Obligation [agent=a2, obligation=[makeReading(8, 6)], sanction=[reduce_400(a2)], deadline=54, time=2013-06-11 12:47:57.483, clock=0]
agent obligation notification a2 number 1
Organization notifies agent (write): Obligation [agent=a2, obligation=[makeReading(16, 6)], sanction=[reduce_400(a2)], deadline=54, time=2013-06-11 12:47:57.696, clock=0]
Obligation [agent=a1, obligation=null, sanction=null, deadline=null, time=null, clock=null] 2013-06-11 12:47:57.065 - 2013-06-11 12:47:57.48
Event sent to agent      a1 obligation(makeReading(3, 9), 54, reduce_400(a1))
Obligation [agent=a2, obligation=null, sanction=null, deadline=null, time=null, clock=null] 1970-01-01 01:00:00.0 - 2013-06-11 12:47:57.492
Event sent to agent      a2 obligation(makeReading(8, 6), 54, reduce_400(a2))
agent obligation notification a2 number 2
Organization notifies agent (write): Obligation [agent=a2, obligation=[makeReading(3, 9)], sanction=[reduce_400(a2)], deadline=54, time=2013-06-11 12:47:57.906, clock=0]
Organization notifies agent (write): Obligation [agent=a3, obligation=[makeReading(8, 6)], sanction=[reduce_400(a3)], deadline=54, time=2013-06-11 12:47:58.117, clock=0]
Obligation [agent=a2, obligation=null, sanction=null, deadline=null, time=null, clock=null] 2013-06-11 12:47:57.492 - 2013-06-11 12:47:57.905
Event sent to agent      a2 obligation(makeReading(16, 6), 54, reduce_400(a2))
agent obligation notification a2 number 3
agent obligation notification a3 number 1
Organization notifies agent (write): Obligation [agent=a3, obligation=[makeReading(16, 6)], sanction=[reduce_400(a3)], deadline=54, time=2013-06-11 12:47:58.329, clock=0]
Obligation [agent=a2, obligation=null, sanction=null, deadline=null, time=null, clock=null] 2013-06-11 12:47:57.905 - 2013-06-11 12:47:58.12
Event sent to agent      a2 obligation(makeReading(3, 9), 54, reduce_400(a2))
Obligation [agent=a3, obligation=null, sanction=null, deadline=null, time=null, clock=null] 1970-01-01 01:00:00.0 - 2013-06-11 12:47:58.122
Event sent to agent      a3 obligation(makeReading(8, 6), 54, reduce_400(a3))
agent obligation notification a3 number 2
Organization notifies agent (write): Obligation [agent=a3, obligation=[makeReading(3, 9)], sanction=[reduce_400(a3)], deadline=54, time=2013-06-11 12:47:58.543, clock=0]
Organization notifies agent (write): Prohibition [agent=t1, prohibition=[at(5, 5, t1)], sanction=[reduce_300(t1)], clock=0, time=2013-06-11 12:47:58.545]
Organization notifies agent (write): Prohibition [agent=t1, prohibition=[at(5, 6, t1)], sanction=[reduce_300(t1)], clock=0, time=2013-06-11 12:47:58.547]
Organization notifies agent (write): Prohibition [agent=t1, prohibition=[at(6, 5, t1)], sanction=[reduce_300(t1)], clock=0, time=2013-06-11 12:47:58.55]
agent prohibition notification t1 number 1
Organization notifies agent (write): Prohibition [agent=t1, prohibition=[at(6, 6, t1)], sanction=[reduce_300(t1)], clock=0, time=2013-06-11 12:47:58.552]
Obligation [agent=a3, obligation=null, sanction=null, deadline=null, time=null, clock=null] 2013-06-11 12:47:58.122 - 2013-06-11 12:47:58.539
Event sent to agent      a3 obligation(makeReading(16, 6), 54, reduce_400(a3))
agent obligation notification a3 number 3
Prohibition [agent=t1, prohibition=null, sanction=null, clock=null, time=null] 1970-01-01 01:00:00.0 - 2013-06-11 12:47:58.55
Event sent to agent      t1 prohibition(at(5, 5, t1), reduce_300(t1))
Event sent to agent      t1 prohibition(at(5, 6, t1), reduce_300(t1))
Organization notifies agent (write): Prohibition [agent=c1, prohibition=[coin(5, 5, a1)], sanction=[reduce_300(c1)], clock=0, time=2013-06-11 12:47:58.77]
Organization notifies agent (write): Prohibition [agent=c1, prohibition=[coin(5, 6, a1)], sanction=[reduce_300(c1)], clock=0, time=2013-06-11 12:47:58.773]
agent prohibition notification t1 number 4
Organization notifies agent (write): Prohibition [agent=c1, prohibition=[coin(6, 5, a1)], sanction=[reduce_300(c1)], clock=0, time=2013-06-11 12:47:58.776]
Organization notifies agent (write): Prohibition [agent=c1, prohibition=[coin(6, 6, a1)], sanction=[reduce_300(c1)], clock=0, time=2013-06-11 12:47:58.779]
agent prohibition notification c1 number 2
Organization notifies agent (write): Prohibition [agent=c1, prohibition=[coin(5, 5, a2)], sanction=[reduce_300(c1)], clock=0, time=2013-06-11 12:47:58.782]
Organization notifies agent (write): Prohibition [agent=c1, prohibition=[coin(5, 6, a2)], sanction=[reduce_300(c1)], clock=0, time=2013-06-11 12:47:58.784]
Organization notifies agent (write): Prohibition [agent=c1, prohibition=[coin(6, 5, a2)], sanction=[reduce_300(c1)], clock=0, time=2013-06-11 12:47:58.793]
Organization notifies agent (write): Prohibition [agent=c1, prohibition=[coin(6, 6, a2)], sanction=[reduce_300(c1)], clock=0, time=2013-06-11 12:47:58.795]
Organization notifies agent (write): Prohibition [agent=c1, prohibition=[coin(5, 5, a3)], sanction=[reduce_300(c1)], clock=0, time=2013-06-11 12:47:58.797]
Organization notifies agent (write): Prohibition [agent=c1, prohibition=[coin(5, 6, a3)], sanction=[reduce_300(c1)], clock=0, time=2013-06-11 12:47:58.799]
Organization notifies agent (write): Prohibition [agent=c1, prohibition=[coin(6, 5, a3)], sanction=[reduce_300(c1)], clock=0, time=2013-06-11 12:47:58.802]
Organization notifies agent (write): Prohibition [agent=c1, prohibition=[coin(6, 6, a3)], sanction=[reduce_300(c1)], clock=0, time=2013-06-11 12:47:58.804]
Obligation [agent=a3, obligation=null, sanction=null, deadline=null, time=null, clock=null] 2013-06-11 12:47:58.539 - 2013-06-11 12:47:58.755
Event sent to agent      a3 obligation(makeReading(3, 9), 54, reduce_400(a3))
Prohibition [agent=t1, prohibition=null, sanction=null, clock=null, time=null] 2013-06-11 12:47:58.55 - 2013-06-11 12:47:58.773
Event sent to agent      t1 prohibition(at(6, 6, t1), reduce_300(t1))
Prohibition [agent=c1, prohibition=null, sanction=null, clock=null, time=null] 1970-01-01 01:00:00.0 - 2013-06-11 12:47:58.781
Event sent to agent      c1 prohibition(coin(5, 5, a1), reduce_300(c1))
Event sent to agent      c1 prohibition(coin(5, 6, a1), reduce_300(c1))
Event sent to agent      c1 prohibition(coin(6, 5, a1), reduce_300(c1))
Event sent to agent      c1 prohibition(coin(6, 6, a1), reduce_300(c1))
agent prohibition notification c1 number 12
Event processed aprohibition(coin(5, 5, a1), reduce_300(c1))
Event processed aprohibition(coin(5, 6, a1), reduce_300(c1))
Event processed aprohibition(coin(6, 5, a1), reduce_300(c1))
Event processed aprohibition(coin(6, 6, a1), reduce_300(c1))
Organization notifies agent (write): Prohibition [agent=a2, prohibition=[makeReading(8, 19, a2)], sanction=[reduce_300(a2)], clock=0, time=2013-06-11 12:47:59.218]
agent prohibition notification a2 number 1
Prohibition [agent=c1, prohibition=null, sanction=null, clock=null, time=null] 2013-06-11 12:47:58.781 - 2013-06-11 12:47:59.025
Event sent to agent      c1 prohibition(coin(5, 5, a2), reduce_300(c1))
Event sent to agent      c1 prohibition(coin(5, 6, a2), reduce_300(c1))
Event sent to agent      c1 prohibition(coin(6, 5, a2), reduce_300(c1))
Event sent to agent      c1 prohibition(coin(6, 6, a2), reduce_300(c1))
Event sent to agent      c1 prohibition(coin(5, 5, a3), reduce_300(c1))
Event sent to agent      c1 prohibition(coin(5, 6, a3), reduce_300(c1))
Event sent to agent      c1 prohibition(coin(6, 5, a3), reduce_300(c1))
Event sent to agent      c1 prohibition(coin(6, 6, a3), reduce_300(c1))
Event processed aprohibition(coin(5, 5, a2), reduce_300(c1))
Event processed aprohibition(coin(5, 6, a2), reduce_300(c1))
Event processed aprohibition(coin(6, 5, a2), reduce_300(c1))
Event processed aprohibition(coin(6, 6, a2), reduce_300(c1))
Event processed aprohibition(coin(5, 5, a3), reduce_300(c1))
Event processed aprohibition(coin(5, 6, a3), reduce_300(c1))
Event processed aprohibition(coin(6, 5, a3), reduce_300(c1))
Event processed aprohibition(coin(6, 6, a3), reduce_300(c1))
Prohibition [agent=a2, prohibition=null, sanction=null, clock=null, time=null] 1970-01-01 01:00:00.0 - 2013-06-11 12:47:59.222
Event sent to agent      a2 prohibition(makeReading(8, 19, a2), reduce_300(a2))
Organization notifies agent (write): Prohibition [agent=a3, prohibition=[makeReading(11, 1, a3)], sanction=[reduce_300(a3)], clock=0, time=2013-06-11 12:47:59.429]
Organization notifies agent (write): Prohibition [agent=a1, prohibition=[at(5, 5, a1)], sanction=[reduce_300(a1)], clock=0, time=2013-06-11 12:47:59.431]
agent prohibition notification a3 number 1
Organization notifies agent (write): Prohibition [agent=a1, prohibition=[at(5, 6, a1)], sanction=[reduce_300(a1)], clock=0, time=2013-06-11 12:47:59.433]
Organization notifies agent (write): Prohibition [agent=a1, prohibition=[at(6, 5, a1)], sanction=[reduce_300(a1)], clock=0, time=2013-06-11 12:47:59.438]
agent prohibition notification a1 number 1
Organization notifies agent (write): Prohibition [agent=a1, prohibition=[at(6, 6, a1)], sanction=[reduce_300(a1)], clock=0, time=2013-06-11 12:47:59.44]
Organization notifies agent (write): Prohibition [agent=a2, prohibition=[at(5, 5, a2)], sanction=[reduce_300(a2)], clock=0, time=2013-06-11 12:47:59.443]
Organization notifies agent (write): Prohibition [agent=a2, prohibition=[at(5, 6, a2)], sanction=[reduce_300(a2)], clock=0, time=2013-06-11 12:47:59.446]
Organization notifies agent (write): Prohibition [agent=a2, prohibition=[at(6, 5, a2)], sanction=[reduce_300(a2)], clock=0, time=2013-06-11 12:47:59.449]
Organization notifies agent (write): Prohibition [agent=a2, prohibition=[at(6, 6, a2)], sanction=[reduce_300(a2)], clock=0, time=2013-06-11 12:47:59.452]
Organization notifies agent (write): Prohibition [agent=a3, prohibition=[at(5, 5, a3)], sanction=[reduce_300(a3)], clock=0, time=2013-06-11 12:47:59.459]
Organization notifies agent (write): Prohibition [agent=a3, prohibition=[at(5, 6, a3)], sanction=[reduce_300(a3)], clock=0, time=2013-06-11 12:47:59.461]
Organization notifies agent (write): Prohibition [agent=a3, prohibition=[at(6, 5, a3)], sanction=[reduce_300(a3)], clock=0, time=2013-06-11 12:47:59.463]
Organization notifies agent (write): Prohibition [agent=a3, prohibition=[at(6, 6, a3)], sanction=[reduce_300(a3)], clock=0, time=2013-06-11 12:47:59.466]
agent prohibition notification a2 number 5
Prohibition [agent=a1, prohibition=null, sanction=null, clock=null, time=null] 1970-01-01 01:00:00.0 - 2013-06-11 12:47:59.439
Event sent to agent      a1 prohibition(at(5, 5, a1), reduce_300(a1))
Event sent to agent      a1 prohibition(at(5, 6, a1), reduce_300(a1))
Event sent to agent      a1 prohibition(at(6, 5, a1), reduce_300(a1))
agent prohibition notification a1 number 4
Prohibition [agent=a3, prohibition=null, sanction=null, clock=null, time=null] 1970-01-01 01:00:00.0 - 2013-06-11 12:47:59.432
Event sent to agent      a3 prohibition(makeReading(11, 1, a3), reduce_300(a3))
agent prohibition notification a3 number 5
Prohibition [agent=a2, prohibition=null, sanction=null, clock=null, time=null] 2013-06-11 12:47:59.222 - 2013-06-11 12:47:59.479
Event sent to agent      a2 prohibition(at(5, 5, a2), reduce_300(a2))
Event sent to agent      a2 prohibition(at(5, 6, a2), reduce_300(a2))
Event sent to agent      a2 prohibition(at(6, 5, a2), reduce_300(a2))
Event sent to agent      a2 prohibition(at(6, 6, a2), reduce_300(a2))
Prohibition [agent=a1, prohibition=null, sanction=null, clock=null, time=null] 2013-06-11 12:47:59.439 - 2013-06-11 12:47:59.668
Event sent to agent      a1 prohibition(at(6, 6, a1), reduce_300(a1))
Prohibition [agent=a3, prohibition=null, sanction=null, clock=null, time=null] 2013-06-11 12:47:59.432 - 2013-06-11 12:47:59.696
Event sent to agent      a3 prohibition(at(5, 5, a3), reduce_300(a3))
Event sent to agent      a3 prohibition(at(5, 6, a3), reduce_300(a3))
Event sent to agent      a3 prohibition(at(6, 5, a3), reduce_300(a3))
Event sent to agent      a3 prohibition(at(6, 6, a3), reduce_300(a3))
org coin notification
Organization notifies agent (write): Obligation [agent=a1, obligation=[makeReading(8, 6)], sanction=[reduce_400(a1)], deadline=78, time=2013-06-11 12:48:20.46, clock=0]
agent obligation notification a1 number 4
Organization notifies agent (write): Obligation [agent=a1, obligation=[makeReading(16, 6)], sanction=[reduce_400(a1)], deadline=78, time=2013-06-11 12:48:20.669, clock=0]
Obligation [agent=a1, obligation=null, sanction=null, deadline=null, time=null, clock=null] 2013-06-11 12:47:57.48 - 2013-06-11 12:48:20.463
Event sent to agent      a1 obligation(makeReading(8, 6), 78, reduce_400(a1))
agent obligation notification a1 number 5
Organization notifies agent (write): Obligation [agent=a1, obligation=[makeReading(3, 9)], sanction=[reduce_400(a1)], deadline=78, time=2013-06-11 12:48:20.877, clock=0]
Organization notifies agent (write): Obligation [agent=a2, obligation=[makeReading(8, 6)], sanction=[reduce_400(a2)], deadline=78, time=2013-06-11 12:48:21.085, clock=0]
agent obligation notification a2 number 4
Obligation [agent=a1, obligation=null, sanction=null, deadline=null, time=null, clock=null] 2013-06-11 12:48:20.463 - 2013-06-11 12:48:20.875
Event sent to agent      a1 obligation(makeReading(16, 6), 78, reduce_400(a1))
agent obligation notification a1 number 6
Organization notifies agent (write): Obligation [agent=a2, obligation=[makeReading(16, 6)], sanction=[reduce_400(a2)], deadline=78, time=2013-06-11 12:48:21.294, clock=0]
Obligation [agent=a1, obligation=null, sanction=null, deadline=null, time=null, clock=null] 2013-06-11 12:48:20.875 - 2013-06-11 12:48:21.091
Event sent to agent      a1 obligation(makeReading(3, 9), 78, reduce_400(a1))
Obligation [agent=a2, obligation=null, sanction=null, deadline=null, time=null, clock=null] 2013-06-11 12:47:58.12 - 2013-06-11 12:48:21.09
Event sent to agent      a2 obligation(makeReading(8, 6), 78, reduce_400(a2))
agent obligation notification a2 number 5
Organization notifies agent (write): Obligation [agent=a2, obligation=[makeReading(3, 9)], sanction=[reduce_400(a2)], deadline=78, time=2013-06-11 12:48:21.5, clock=0]
Organization notifies agent (write): Obligation [agent=a3, obligation=[makeReading(8, 6)], sanction=[reduce_400(a3)], deadline=78, time=2013-06-11 12:48:21.71, clock=0]
agent obligation notification a3 number 4
Obligation [agent=a2, obligation=null, sanction=null, deadline=null, time=null, clock=null] 2013-06-11 12:48:21.09 - 2013-06-11 12:48:21.5
Event sent to agent      a2 obligation(makeReading(16, 6), 78, reduce_400(a2))
agent obligation notification a2 number 6
Organization notifies agent (write): Obligation [agent=a3, obligation=[makeReading(16, 6)], sanction=[reduce_400(a3)], deadline=78, time=2013-06-11 12:48:21.918, clock=0]
Obligation [agent=a2, obligation=null, sanction=null, deadline=null, time=null, clock=null] 2013-06-11 12:48:21.5 - 2013-06-11 12:48:21.718
Obligation [agent=a3, obligation=null, sanction=null, deadline=null, time=null, clock=null] 2013-06-11 12:47:58.755 - 2013-06-11 12:48:21.713
Event sent to agent      a3 obligation(makeReading(8, 6), 78, reduce_400(a3))
agent obligation notification a3 number 5
Organization notifies agent (write): Obligation [agent=a3, obligation=[makeReading(3, 9)], sanction=[reduce_400(a3)], deadline=78, time=2013-06-11 12:48:22.125, clock=0]
Obligation [agent=a3, obligation=null, sanction=null, deadline=null, time=null, clock=null] 2013-06-11 12:48:21.713 - 2013-06-11 12:48:22.124
Event sent to agent      a3 obligation(makeReading(16, 6), 78, reduce_400(a3))
agent obligation notification a3 number 6
Obligation [agent=a3, obligation=null, sanction=null, deadline=null, time=null, clock=null] 2013-06-11 12:48:22.124 - 2013-06-11 12:48:22.342
Event sent to agent      a3 obligation(makeReading(3, 9), 78, reduce_400(a3))
