test2.
Service Registrar: 407365e0-cb43-4d51-bb4d-4997a47d11d2
Java Space found.
TransactionManager found.
-------------------------last log tuples start--------------------------------
Obligation [agent=a3, obligation=[makeReading(8, 6)], sanction=[reduce_400(a3)], deadline=50, time=Thu Jun 06 11:25:36 BST 2013, clock=0]
Position [agent=a2, id=null, cell=Cell [x=7, y=19], time=Thu Jun 06 11:25:33 BST 2013, clock=0]
Obligation [agent=a3, obligation=[makeReading(16, 6)], sanction=[reduce_400(a3)], deadline=50, time=Thu Jun 06 11:25:36 BST 2013, clock=0]
Obligation [agent=a3, obligation=[makeReading(3, 9)], sanction=[reduce_400(a3)], deadline=50, time=Thu Jun 06 11:25:37 BST 2013, clock=0]
Cargo [id=null, cell=Cell [x=19, y=19], time=Thu Jun 06 11:25:36 BST 2013, clock=0]
Position [agent=t1, id=null, cell=Cell [x=18, y=19], time=Thu Jun 06 11:25:36 BST 2013, clock=0]
Coin [id=null, cell=Cell [x=8, y=6], agent=a1, time=Thu Jun 06 11:25:36 BST 2013, clock=0]
Position [agent=a2, id=null, cell=Cell [x=6, y=19], time=Thu Jun 06 11:25:36 BST 2013, clock=0]
Position [agent=a1, id=null, cell=Cell [x=3, y=4], time=Thu Jun 06 11:25:36 BST 2013, clock=0]
Position [agent=a1, id=null, cell=Cell [x=3, y=4], time=Thu Jun 06 11:25:36 BST 2013, clock=0]
Position [agent=a2, id=null, cell=Cell [x=5, y=19], time=Thu Jun 06 11:25:37 BST 2013, clock=0]
Position [agent=t1, id=null, cell=Cell [x=17, y=19], time=Thu Jun 06 11:25:38 BST 2013, clock=0]
Position [agent=a1, id=null, cell=Cell [x=3, y=5], time=Thu Jun 06 11:25:38 BST 2013, clock=0]
Coin [id=null, cell=Cell [x=16, y=6], agent=a2, time=Thu Jun 06 11:25:36 BST 2013, clock=0]
Position [agent=a1, id=null, cell=Cell [x=3, y=5], time=Thu Jun 06 11:25:38 BST 2013, clock=0]
Position [agent=t1, id=null, cell=Cell [x=16, y=19], time=Thu Jun 06 11:25:38 BST 2013, clock=0]
Coin [id=null, cell=Cell [x=3, y=9], agent=a3, time=Thu Jun 06 11:25:36 BST 2013, clock=0]
Position [agent=a2, id=null, cell=Cell [x=4, y=19], time=Thu Jun 06 11:25:39 BST 2013, clock=0]
Prohibition [agent=c1, prohibition=[coin(5, 5, a1)], sanction=[reduce_300(c1)], clock=0, time=Wed Jun 05 11:22:18 BST 2013]
Position [agent=t1, id=null, cell=Cell [x=15, y=19], time=Thu Jun 06 11:25:39 BST 2013, clock=0]
Prohibition [agent=c1, prohibition=[coin(5, 6, a1)], sanction=[reduce_300(c1)], clock=0, time=Wed Jun 05 11:22:18 BST 2013]
Position [agent=t1, id=null, cell=Cell [x=14, y=19], time=Thu Jun 06 11:25:40 BST 2013, clock=0]
Prohibition [agent=c1, prohibition=[coin(6, 5, a1)], sanction=[reduce_300(c1)], clock=0, time=Wed Jun 05 11:22:18 BST 2013]
Position [agent=a2, id=null, cell=Cell [x=3, y=19], time=Thu Jun 06 11:25:40 BST 2013, clock=0]
Position [agent=t1, id=null, cell=Cell [x=13, y=19], time=Thu Jun 06 11:25:41 BST 2013, clock=0]
Position [agent=a1, id=null, cell=Cell [x=4, y=5], time=Thu Jun 06 11:25:41 BST 2013, clock=0]
Prohibition [agent=c1, prohibition=[coin(6, 6, a1)], sanction=[reduce_300(c1)], clock=0, time=Wed Jun 05 11:22:18 BST 2013]
Position [agent=a1, id=null, cell=Cell [x=3, y=6], time=Thu Jun 06 11:25:41 BST 2013, clock=0]
Position [agent=t1, id=null, cell=Cell [x=12, y=19], time=Thu Jun 06 11:25:41 BST 2013, clock=0]
Prohibition [agent=c1, prohibition=[coin(5, 5, a2)], sanction=[reduce_300(c1)], clock=0, time=Wed Jun 05 11:22:18 BST 2013]
Position [agent=a2, id=null, cell=Cell [x=3, y=18], time=Thu Jun 06 11:25:42 BST 2013, clock=0]
Position [agent=t1, id=null, cell=Cell [x=11, y=19], time=Thu Jun 06 11:25:42 BST 2013, clock=0]
Position [agent=t1, id=null, cell=Cell [x=10, y=19], time=Thu Jun 06 11:25:43 BST 2013, clock=0]
Prohibition [agent=c1, prohibition=[coin(5, 6, a2)], sanction=[reduce_300(c1)], clock=0, time=Wed Jun 05 11:22:18 BST 2013]
Prohibition [agent=c1, prohibition=[coin(6, 5, a2)], sanction=[reduce_300(c1)], clock=0, time=Wed Jun 05 11:22:18 BST 2013]
Position [agent=a2, id=null, cell=Cell [x=3, y=17], time=Thu Jun 06 11:25:43 BST 2013, clock=0]
Position [agent=t1, id=null, cell=Cell [x=9, y=19], time=Thu Jun 06 11:25:44 BST 2013, clock=0]
Position [agent=a1, id=null, cell=Cell [x=4, y=6], time=Thu Jun 06 11:25:44 BST 2013, clock=0]
Prohibition [agent=c1, prohibition=[coin(6, 6, a2)], sanction=[reduce_300(c1)], clock=0, time=Wed Jun 05 11:22:18 BST 2013]
Prohibition [agent=c1, prohibition=[coin(5, 5, a3)], sanction=[reduce_300(c1)], clock=0, time=Wed Jun 05 11:22:18 BST 2013]
Prohibition [agent=c1, prohibition=[coin(5, 6, a3)], sanction=[reduce_300(c1)], clock=0, time=Wed Jun 05 11:22:18 BST 2013]
Prohibition [agent=c1, prohibition=[coin(6, 5, a3)], sanction=[reduce_300(c1)], clock=0, time=Wed Jun 05 11:22:18 BST 2013]
Position [agent=a1, id=null, cell=Cell [x=3, y=7], time=Thu Jun 06 11:25:44 BST 2013, clock=0]
Prohibition [agent=c1, prohibition=[coin(6, 6, a3)], sanction=[reduce_300(c1)], clock=0, time=Wed Jun 05 11:22:18 BST 2013]
Position [agent=a2, id=null, cell=Cell [x=3, y=16], time=Thu Jun 06 11:25:45 BST 2013, clock=0]
Prohibition [agent=a1, prohibition=[at(5, 5, a1)], sanction=[reduce_300(a1)], clock=0, time=Wed Jun 05 11:22:18 BST 2013]
Position [agent=t1, id=null, cell=Cell [x=8, y=19], time=Thu Jun 06 11:25:45 BST 2013, clock=0]
Position [agent=a1, id=null, cell=Cell [x=4, y=7], time=Thu Jun 06 11:25:46 BST 2013, clock=0]
Position [agent=a1, id=null, cell=Cell [x=3, y=8], time=Thu Jun 06 11:25:46 BST 2013, clock=0]
Position [agent=a2, id=null, cell=Cell [x=3, y=15], time=Thu Jun 06 11:25:46 BST 2013, clock=0]
Position [agent=t1, id=null, cell=Cell [x=7, y=19], time=Thu Jun 06 11:25:46 BST 2013, clock=0]
Position [agent=a1, id=null, cell=Cell [x=4, y=8], time=Thu Jun 06 11:25:47 BST 2013, clock=0]
Prohibition [agent=a1, prohibition=[at(5, 6, a1)], sanction=[reduce_300(a1)], clock=0, time=Wed Jun 05 11:22:18 BST 2013]
Position [agent=a1, id=null, cell=Cell [x=3, y=9], time=Thu Jun 06 11:25:47 BST 2013, clock=0]
Prohibition [agent=a1, prohibition=[at(6, 5, a1)], sanction=[reduce_300(a1)], clock=0, time=Wed Jun 05 11:22:18 BST 2013]
Position [agent=a2, id=null, cell=Cell [x=3, y=14], time=Thu Jun 06 11:25:47 BST 2013, clock=0]
Position [agent=t1, id=null, cell=Cell [x=6, y=19], time=Thu Jun 06 11:25:48 BST 2013, clock=0]
Position [agent=a1, id=null, cell=Cell [x=4, y=9], time=Thu Jun 06 11:25:48 BST 2013, clock=0]
Prohibition [agent=a1, prohibition=[at(6, 6, a1)], sanction=[reduce_300(a1)], clock=0, time=Wed Jun 05 11:22:18 BST 2013]
Prohibition [agent=a3, prohibition=[at(5, 5, a3)], sanction=[reduce_300(a3)], clock=0, time=Wed Jun 05 11:22:18 BST 2013]
Position [agent=a1, id=null, cell=Cell [x=3, y=10], time=Thu Jun 06 11:25:48 BST 2013, clock=0]
Prohibition [agent=a3, prohibition=[at(5, 6, a3)], sanction=[reduce_300(a3)], clock=0, time=Wed Jun 05 11:22:18 BST 2013]
Position [agent=a2, id=null, cell=Cell [x=3, y=13], time=Thu Jun 06 11:25:48 BST 2013, clock=0]
Position [agent=t1, id=null, cell=Cell [x=5, y=19], time=Thu Jun 06 11:25:49 BST 2013, clock=0]
Prohibition [agent=a3, prohibition=[at(6, 5, a3)], sanction=[reduce_300(a3)], clock=0, time=Wed Jun 05 11:22:18 BST 2013]
Position [agent=a1, id=null, cell=Cell [x=4, y=10], time=Thu Jun 06 11:25:49 BST 2013, clock=0]
Position [agent=a1, id=null, cell=Cell [x=4, y=10], time=Thu Jun 06 11:25:49 BST 2013, clock=0]
Prohibition [agent=a3, prohibition=[at(6, 6, a3)], sanction=[reduce_300(a3)], clock=0, time=Wed Jun 05 11:22:18 BST 2013]
Prohibition [agent=t1, prohibition=[at(5, 5, t1)], sanction=[reduce_300(t1)], clock=0, time=Thu Jun 06 11:25:37 BST 2013]
Prohibition [agent=t1, prohibition=[at(5, 6, t1)], sanction=[reduce_300(t1)], clock=0, time=Thu Jun 06 11:25:37 BST 2013]
Position [agent=a2, id=null, cell=Cell [x=3, y=12], time=Thu Jun 06 11:25:50 BST 2013, clock=0]
Position [agent=a3, id=null, cell=Cell [x=11, y=7], time=Thu Jun 06 11:25:50 BST 2013, clock=0]
Position [agent=t1, id=null, cell=Cell [x=4, y=19], time=Thu Jun 06 11:25:50 BST 2013, clock=0]
Position [agent=a1, id=null, cell=Cell [x=5, y=10], time=Thu Jun 06 11:25:51 BST 2013, clock=0]
Prohibition [agent=t1, prohibition=[at(6, 5, t1)], sanction=[reduce_300(t1)], clock=0, time=Thu Jun 06 11:25:37 BST 2013]
Prohibition [agent=t1, prohibition=[at(6, 6, t1)], sanction=[reduce_300(t1)], clock=0, time=Thu Jun 06 11:25:37 BST 2013]
Position [agent=a1, id=null, cell=Cell [x=5, y=10], time=Thu Jun 06 11:25:51 BST 2013, clock=0]
Position [agent=a2, id=null, cell=Cell [x=3, y=11], time=Thu Jun 06 11:25:51 BST 2013, clock=0]
Prohibition [agent=c1, prohibition=[coin(5, 5, a1)], sanction=[reduce_300(c1)], clock=0, time=Thu Jun 06 11:25:37 BST 2013]
Position [agent=t1, id=null, cell=Cell [x=3, y=19], time=Thu Jun 06 11:25:52 BST 2013, clock=0]
Position [agent=a1, id=null, cell=Cell [x=5, y=9], time=Thu Jun 06 11:25:52 BST 2013, clock=0]
Prohibition [agent=c1, prohibition=[coin(5, 6, a1)], sanction=[reduce_300(c1)], clock=0, time=Thu Jun 06 11:25:37 BST 2013]
Prohibition [agent=c1, prohibition=[coin(6, 5, a1)], sanction=[reduce_300(c1)], clock=0, time=Thu Jun 06 11:25:37 BST 2013]
Prohibition [agent=c1, prohibition=[coin(6, 6, a1)], sanction=[reduce_300(c1)], clock=0, time=Thu Jun 06 11:25:37 BST 2013]
Position [agent=a1, id=null, cell=Cell [x=6, y=10], time=Thu Jun 06 11:25:52 BST 2013, clock=0]
Prohibition [agent=c1, prohibition=[coin(5, 5, a2)], sanction=[reduce_300(c1)], clock=0, time=Thu Jun 06 11:25:37 BST 2013]
Position [agent=a2, id=null, cell=Cell [x=3, y=10], time=Thu Jun 06 11:25:53 BST 2013, clock=0]
Position [agent=a3, id=null, cell=Cell [x=10, y=7], time=Thu Jun 06 11:25:53 BST 2013, clock=0]
Prohibition [agent=c1, prohibition=[coin(5, 6, a2)], sanction=[reduce_300(c1)], clock=0, time=Thu Jun 06 11:25:37 BST 2013]
Position [agent=a3, id=null, cell=Cell [x=11, y=6], time=Thu Jun 06 11:25:53 BST 2013, clock=0]
Position [agent=a3, id=null, cell=Cell [x=10, y=7], time=Thu Jun 06 11:25:53 BST 2013, clock=0]
Position [agent=a3, id=null, cell=Cell [x=11, y=8], time=Thu Jun 06 11:25:53 BST 2013, clock=0]
Position [agent=t1, id=null, cell=Cell [x=2, y=19], time=Thu Jun 06 11:25:53 BST 2013, clock=0]
Position [agent=a1, id=null, cell=Cell [x=5, y=10], time=Thu Jun 06 11:25:54 BST 2013, clock=0]
Prohibition [agent=c1, prohibition=[coin(6, 5, a2)], sanction=[reduce_300(c1)], clock=0, time=Thu Jun 06 11:25:37 BST 2013]
Position [agent=a1, id=null, cell=Cell [x=7, y=10], time=Thu Jun 06 11:25:54 BST 2013, clock=0]
Prohibition [agent=c1, prohibition=[coin(6, 6, a2)], sanction=[reduce_300(c1)], clock=0, time=Thu Jun 06 11:25:37 BST 2013]
Prohibition [agent=c1, prohibition=[coin(5, 5, a3)], sanction=[reduce_300(c1)], clock=0, time=Thu Jun 06 11:25:37 BST 2013]
Position [agent=a2, id=null, cell=Cell [x=3, y=9], time=Thu Jun 06 11:25:54 BST 2013, clock=0]
Prohibition [agent=c1, prohibition=[coin(5, 6, a3)], sanction=[reduce_300(c1)], clock=0, time=Thu Jun 06 11:25:37 BST 2013]
Position [agent=t1, id=null, cell=Cell [x=2, y=18], time=Thu Jun 06 11:25:54 BST 2013, clock=0]
Prohibition [agent=c1, prohibition=[coin(6, 5, a3)], sanction=[reduce_300(c1)], clock=0, time=Thu Jun 06 11:25:37 BST 2013]
Position [agent=a1, id=null, cell=Cell [x=6, y=10], time=Thu Jun 06 11:25:55 BST 2013, clock=0]
Position [agent=a1, id=null, cell=Cell [x=8, y=10], time=Thu Jun 06 11:25:55 BST 2013, clock=0]
Position [agent=a2, id=null, cell=Cell [x=3, y=8], time=Thu Jun 06 11:25:55 BST 2013, clock=0]
Prohibition [agent=c1, prohibition=[coin(6, 6, a3)], sanction=[reduce_300(c1)], clock=0, time=Thu Jun 06 11:25:37 BST 2013]
Prohibition [agent=a1, prohibition=[at(5, 5, a1)], sanction=[reduce_300(a1)], clock=0, time=Thu Jun 06 11:25:39 BST 2013]
Prohibition [agent=a1, prohibition=[at(5, 6, a1)], sanction=[reduce_300(a1)], clock=0, time=Thu Jun 06 11:25:39 BST 2013]
Prohibition [agent=a1, prohibition=[at(6, 5, a1)], sanction=[reduce_300(a1)], clock=0, time=Thu Jun 06 11:25:39 BST 2013]
Prohibition [agent=a1, prohibition=[at(6, 6, a1)], sanction=[reduce_300(a1)], clock=0, time=Thu Jun 06 11:25:39 BST 2013]
Prohibition [agent=a2, prohibition=[at(5, 5, a2)], sanction=[reduce_300(a2)], clock=0, time=Thu Jun 06 11:25:39 BST 2013]
Position [agent=t1, id=null, cell=Cell [x=2, y=17], time=Thu Jun 06 11:25:56 BST 2013, clock=0]
Position [agent=a1, id=null, cell=Cell [x=7, y=10], time=Thu Jun 06 11:25:56 BST 2013, clock=0]
Prohibition [agent=a2, prohibition=[at(5, 6, a2)], sanction=[reduce_300(a2)], clock=0, time=Thu Jun 06 11:25:39 BST 2013]
Position [agent=a1, id=null, cell=Cell [x=9, y=10], time=Thu Jun 06 11:25:56 BST 2013, clock=0]
Position [agent=a2, id=null, cell=Cell [x=3, y=7], time=Thu Jun 06 11:25:56 BST 2013, clock=0]
Position [agent=t1, id=null, cell=Cell [x=2, y=16], time=Thu Jun 06 11:25:57 BST 2013, clock=0]
Position [agent=a1, id=null, cell=Cell [x=8, y=10], time=Thu Jun 06 11:25:57 BST 2013, clock=0]
Position [agent=a1, id=null, cell=Cell [x=10, y=10], time=Thu Jun 06 11:25:57 BST 2013, clock=0]
Position [agent=a2, id=null, cell=Cell [x=3, y=6], time=Thu Jun 06 11:25:57 BST 2013, clock=0]
Position [agent=a1, id=null, cell=Cell [x=9, y=10], time=Thu Jun 06 11:25:58 BST 2013, clock=0]
Position [agent=a3, id=null, cell=Cell [x=10, y=8], time=Thu Jun 06 11:25:58 BST 2013, clock=0]
Position [agent=a3, id=null, cell=Cell [x=11, y=7], time=Thu Jun 06 11:25:58 BST 2013, clock=0]
Prohibition [agent=a2, prohibition=[at(6, 5, a2)], sanction=[reduce_300(a2)], clock=0, time=Thu Jun 06 11:25:39 BST 2013]
Position [agent=a3, id=null, cell=Cell [x=10, y=8], time=Thu Jun 06 11:25:58 BST 2013, clock=0]
Prohibition [agent=a2, prohibition=[at(6, 6, a2)], sanction=[reduce_300(a2)], clock=0, time=Thu Jun 06 11:25:39 BST 2013]
Position [agent=a3, id=null, cell=Cell [x=11, y=9], time=Thu Jun 06 11:25:58 BST 2013, clock=0]
Position [agent=t1, id=null, cell=Cell [x=2, y=15], time=Thu Jun 06 11:25:58 BST 2013, clock=0]
Prohibition [agent=a3, prohibition=[at(5, 5, a3)], sanction=[reduce_300(a3)], clock=0, time=Thu Jun 06 11:25:39 BST 2013]
Prohibition [agent=a3, prohibition=[at(5, 6, a3)], sanction=[reduce_300(a3)], clock=0, time=Thu Jun 06 11:25:39 BST 2013]
Position [agent=a1, id=null, cell=Cell [x=8, y=10], time=Thu Jun 06 11:25:59 BST 2013, clock=0]
Prohibition [agent=a3, prohibition=[at(6, 5, a3)], sanction=[reduce_300(a3)], clock=0, time=Thu Jun 06 11:25:39 BST 2013]
Position [agent=t1, id=null, cell=Cell [x=2, y=14], time=Thu Jun 06 11:25:59 BST 2013, clock=0]
Position [agent=a1, id=null, cell=Cell [x=7, y=10], time=Thu Jun 06 11:26:00 BST 2013, clock=0]
Position [agent=a1, id=null, cell=Cell [x=6, y=10], time=Thu Jun 06 11:26:00 BST 2013, clock=0]
Position [agent=a3, id=null, cell=Cell [x=10, y=9], time=Thu Jun 06 11:26:00 BST 2013, clock=0]
Prohibition [agent=a3, prohibition=[at(6, 6, a3)], sanction=[reduce_300(a3)], clock=0, time=Thu Jun 06 11:25:39 BST 2013]
Position [agent=a3, id=null, cell=Cell [x=11, y=8], time=Thu Jun 06 11:26:00 BST 2013, clock=0]
Position [agent=a3, id=null, cell=Cell [x=10, y=9], time=Thu Jun 06 11:26:00 BST 2013, clock=0]
Position [agent=a3, id=null, cell=Cell [x=11, y=10], time=Thu Jun 06 11:26:01 BST 2013, clock=0]
Position [agent=t1, id=null, cell=Cell [x=2, y=13], time=Thu Jun 06 11:26:01 BST 2013, clock=0]
Position [agent=a1, id=null, cell=Cell [x=5, y=10], time=Thu Jun 06 11:26:01 BST 2013, clock=0]
Position [agent=a1, id=null, cell=Cell [x=5, y=9], time=Thu Jun 06 11:26:01 BST 2013, clock=0]
Position [agent=t1, id=null, cell=Cell [x=2, y=12], time=Thu Jun 06 11:26:02 BST 2013, clock=0]
Position [agent=a1, id=null, cell=Cell [x=5, y=8], time=Thu Jun 06 11:26:02 BST 2013, clock=0]
Position [agent=a1, id=null, cell=Cell [x=5, y=7], time=Thu Jun 06 11:26:03 BST 2013, clock=0]
Position [agent=t1, id=null, cell=Cell [x=2, y=11], time=Thu Jun 06 11:26:03 BST 2013, clock=0]
Position [agent=t1, id=null, cell=Cell [x=2, y=10], time=Thu Jun 06 11:26:03 BST 2013, clock=0]
Position [agent=a3, id=null, cell=Cell [x=9, y=9], time=Thu Jun 06 11:26:04 BST 2013, clock=0]
Position [agent=a3, id=null, cell=Cell [x=11, y=9], time=Thu Jun 06 11:26:04 BST 2013, clock=0]
Position [agent=a3, id=null, cell=Cell [x=10, y=10], time=Thu Jun 06 11:26:04 BST 2013, clock=0]
Position [agent=a3, id=null, cell=Cell [x=11, y=11], time=Thu Jun 06 11:26:04 BST 2013, clock=0]
Position [agent=t1, id=null, cell=Cell [x=2, y=9], time=Thu Jun 06 11:26:04 BST 2013, clock=0]
Position [agent=t1, id=null, cell=Cell [x=2, y=8], time=Thu Jun 06 11:26:05 BST 2013, clock=0]
Position [agent=t1, id=null, cell=Cell [x=2, y=7], time=Thu Jun 06 11:26:06 BST 2013, clock=0]
Position [agent=t1, id=null, cell=Cell [x=2, y=6], time=Thu Jun 06 11:26:06 BST 2013, clock=0]
-------------------------last log tuples end----------------------------------
register a1
register a2
register a3
register c1
register t1
org cargo notification
Organization notifies agent (write): Obligation [agent=a1, obligation=[makeReading(8, 6)], sanction=[reduce_400(a1)], deadline=50, time=Thu Jun 06 11:28:14 BST 2013, clock=0]
agent obligation notification a1 number 1
Organization notifies agent (write): Obligation [agent=a1, obligation=[makeReading(16, 6)], sanction=[reduce_400(a1)], deadline=50, time=Thu Jun 06 11:28:14 BST 2013, clock=0]
agent obligation notification a1 number 2
Organization notifies agent (write): Obligation [agent=a1, obligation=[makeReading(3, 9)], sanction=[reduce_400(a1)], deadline=50, time=Thu Jun 06 11:28:15 BST 2013, clock=0]
agent obligation notification a1 number 3
Event sent to agent      a1 obligation(makeReading(8, 6), 50, reduce_400(a1))
Event sent to agent      a1 obligation(makeReading(16, 6), 50, reduce_400(a1))
Event processed adoptObligation(makeReading(8, 6), 50, reduce_400(a1))
Event processed adoptObligation(makeReading(16, 6), 50, reduce_400(a1))
Organization notifies agent (write): Obligation [agent=a2, obligation=[makeReading(8, 6)], sanction=[reduce_400(a2)], deadline=50, time=Thu Jun 06 11:28:16 BST 2013, clock=0]
agent obligation notification a2 number 1
Organization notifies agent (write): Obligation [agent=a2, obligation=[makeReading(16, 6)], sanction=[reduce_400(a2)], deadline=50, time=Thu Jun 06 11:28:16 BST 2013, clock=0]
agent obligation notification a2 number 2
Organization notifies agent (write): Obligation [agent=a2, obligation=[makeReading(3, 9)], sanction=[reduce_400(a2)], deadline=50, time=Thu Jun 06 11:28:17 BST 2013, clock=0]
agent obligation notification a2 number 3
Event sent to agent      a2 obligation(makeReading(8, 6), 50, reduce_400(a2))
Event sent to agent      a2 obligation(makeReading(16, 6), 50, reduce_400(a2))
Event processed adoptObligation(makeReading(8, 6), 50, reduce_400(a2))
Event processed adoptObligation(makeReading(16, 6), 50, reduce_400(a2))
Organization notifies agent (write): Obligation [agent=a3, obligation=[makeReading(8, 6)], sanction=[reduce_400(a3)], deadline=50, time=Thu Jun 06 11:28:18 BST 2013, clock=0]
agent obligation notification a3 number 1
Organization notifies agent (write): Obligation [agent=a3, obligation=[makeReading(16, 6)], sanction=[reduce_400(a3)], deadline=50, time=Thu Jun 06 11:28:19 BST 2013, clock=0]
agent obligation notification a3 number 2
Event sent to agent      a3 obligation(makeReading(8, 6), 50, reduce_400(a3))
Event processed adoptObligation(makeReading(8, 6), 50, reduce_400(a3))
Organization notifies agent (write): Obligation [agent=a3, obligation=[makeReading(3, 9)], sanction=[reduce_400(a3)], deadline=50, time=Thu Jun 06 11:28:21 BST 2013, clock=0]
Organization notifies agent (write): Prohibition [agent=t1, prohibition=[at(5, 5, t1)], sanction=[reduce_300(t1)], clock=0, time=Thu Jun 06 11:28:21 BST 2013]
Organization notifies agent (write): Prohibition [agent=t1, prohibition=[at(5, 6, t1)], sanction=[reduce_300(t1)], clock=0, time=Thu Jun 06 11:28:21 BST 2013]
agent obligation notification a3 number 3
Organization notifies agent (write): Prohibition [agent=t1, prohibition=[at(6, 5, t1)], sanction=[reduce_300(t1)], clock=0, time=Thu Jun 06 11:28:21 BST 2013]
Organization notifies agent (write): Prohibition [agent=t1, prohibition=[at(6, 6, t1)], sanction=[reduce_300(t1)], clock=0, time=Thu Jun 06 11:28:21 BST 2013]
Event sent to agent      a3 obligation(makeReading(8, 6), 50, reduce_400(a3))
Event sent to agent      a3 obligation(makeReading(16, 6), 50, reduce_400(a3))
agent prohibition notification t1 number 4
Event processed adoptObligation(makeReading(8, 6), 50, reduce_400(a3))
Event processed adoptObligation(makeReading(16, 6), 50, reduce_400(a3))
Organization notifies agent (write): Prohibition [agent=c1, prohibition=[coin(5, 5, a1)], sanction=[reduce_300(c1)], clock=0, time=Thu Jun 06 11:28:22 BST 2013]
Organization notifies agent (write): Prohibition [agent=c1, prohibition=[coin(5, 6, a1)], sanction=[reduce_300(c1)], clock=0, time=Thu Jun 06 11:28:22 BST 2013]
Organization notifies agent (write): Prohibition [agent=c1, prohibition=[coin(6, 5, a1)], sanction=[reduce_300(c1)], clock=0, time=Thu Jun 06 11:28:22 BST 2013]
agent prohibition notification c1 number 1
Organization notifies agent (write): Prohibition [agent=c1, prohibition=[coin(6, 6, a1)], sanction=[reduce_300(c1)], clock=0, time=Thu Jun 06 11:28:22 BST 2013]
Organization notifies agent (write): Prohibition [agent=c1, prohibition=[coin(5, 5, a2)], sanction=[reduce_300(c1)], clock=0, time=Thu Jun 06 11:28:22 BST 2013]
Organization notifies agent (write): Prohibition [agent=c1, prohibition=[coin(5, 6, a2)], sanction=[reduce_300(c1)], clock=0, time=Thu Jun 06 11:28:22 BST 2013]
Organization notifies agent (write): Prohibition [agent=c1, prohibition=[coin(6, 5, a2)], sanction=[reduce_300(c1)], clock=0, time=Thu Jun 06 11:28:22 BST 2013]
Organization notifies agent (write): Prohibition [agent=c1, prohibition=[coin(6, 6, a2)], sanction=[reduce_300(c1)], clock=0, time=Thu Jun 06 11:28:22 BST 2013]
Organization notifies agent (write): Prohibition [agent=c1, prohibition=[coin(5, 5, a3)], sanction=[reduce_300(c1)], clock=0, time=Thu Jun 06 11:28:22 BST 2013]
Organization notifies agent (write): Prohibition [agent=c1, prohibition=[coin(5, 6, a3)], sanction=[reduce_300(c1)], clock=0, time=Thu Jun 06 11:28:22 BST 2013]
Organization notifies agent (write): Prohibition [agent=c1, prohibition=[coin(6, 5, a3)], sanction=[reduce_300(c1)], clock=0, time=Thu Jun 06 11:28:22 BST 2013]
Organization notifies agent (write): Prohibition [agent=c1, prohibition=[coin(6, 6, a3)], sanction=[reduce_300(c1)], clock=0, time=Thu Jun 06 11:28:22 BST 2013]
agent prohibition notification c1 number 12
Organization notifies agent (write): Prohibition [agent=a1, prohibition=[at(5, 5, a1)], sanction=[reduce_300(a1)], clock=0, time=Thu Jun 06 11:28:27 BST 2013]
Organization notifies agent (write): Prohibition [agent=a1, prohibition=[at(5, 6, a1)], sanction=[reduce_300(a1)], clock=0, time=Thu Jun 06 11:28:27 BST 2013]
agent prohibition notification a1 number 1
Organization notifies agent (write): Prohibition [agent=a1, prohibition=[at(6, 5, a1)], sanction=[reduce_300(a1)], clock=0, time=Thu Jun 06 11:28:27 BST 2013]
Organization notifies agent (write): Prohibition [agent=a1, prohibition=[at(6, 6, a1)], sanction=[reduce_300(a1)], clock=0, time=Thu Jun 06 11:28:27 BST 2013]
Organization notifies agent (write): Prohibition [agent=a2, prohibition=[at(5, 5, a2)], sanction=[reduce_300(a2)], clock=0, time=Thu Jun 06 11:28:27 BST 2013]
Organization notifies agent (write): Prohibition [agent=a2, prohibition=[at(5, 6, a2)], sanction=[reduce_300(a2)], clock=0, time=Thu Jun 06 11:28:27 BST 2013]
Organization notifies agent (write): Prohibition [agent=a2, prohibition=[at(6, 5, a2)], sanction=[reduce_300(a2)], clock=0, time=Thu Jun 06 11:28:27 BST 2013]
agent prohibition notification a2 number 1
Organization notifies agent (write): Prohibition [agent=a2, prohibition=[at(6, 6, a2)], sanction=[reduce_300(a2)], clock=0, time=Thu Jun 06 11:28:27 BST 2013]
Organization notifies agent (write): Prohibition [agent=a3, prohibition=[at(5, 5, a3)], sanction=[reduce_300(a3)], clock=0, time=Thu Jun 06 11:28:27 BST 2013]
Organization notifies agent (write): Prohibition [agent=a3, prohibition=[at(5, 6, a3)], sanction=[reduce_300(a3)], clock=0, time=Thu Jun 06 11:28:27 BST 2013]
Organization notifies agent (write): Prohibition [agent=a3, prohibition=[at(6, 5, a3)], sanction=[reduce_300(a3)], clock=0, time=Thu Jun 06 11:28:27 BST 2013]
Organization notifies agent (write): Prohibition [agent=a3, prohibition=[at(6, 6, a3)], sanction=[reduce_300(a3)], clock=0, time=Thu Jun 06 11:28:27 BST 2013]
agent prohibition notification a1 number 4
agent prohibition notification a2 number 4
agent prohibition notification a3 number 4
