test2.
Service Registrar: c7488491-bbc3-4cb8-8466-bf24da25c988
Java Space found.
TransactionManager found.
from/for agent c1  coin(position(8, 6), 0, a1)
from/for agent t1  cargo(position(19, 19), 0)
org notified 
org notified 
!!!!! from org !!!!!!
from/for agent a1  status(position(3, 4), 0)
from/for agent c1  coin(position(16, 6), 0, a2)
org notified 
from/for agent a2  status(position(3, 4), 0)
from/for agent a3  status(position(3, 4), 0)
from/for agent t1  status(position(18, 19), 0)
from/for agent c1  coin(position(3, 9), 0, a3)
from/for agent a1  status(position(3, 5), 0)
from/for agent a2  status(position(3, 5), 0)
from/for agent a3  status(position(3, 5), 0)
from/for agent t1  status(position(17, 19), 0)
from/for agent a1  status(position(3, 6), 0)
from/for agent a2  status(position(3, 6), 0)
from/for agent a3  status(position(3, 6), 0)
from/for agent t1  status(position(16, 19), 0)
from/for agent a1  status(position(3, 7), 0)
from/for agent a2  status(position(3, 7), 0)
from/for agent a3  status(position(3, 7), 0)
from/for agent t1  status(position(15, 19), 0)
from/for agent a1  status(position(3, 8), 0)
from/for agent a2  status(position(3, 8), 0)
from/for agent a3  status(position(3, 8), 0)
from/for agent t1  status(position(14, 19), 0)
from/for agent a1  status(position(3, 9), 0)
from/for agent a2  status(position(3, 9), 0)
from/for agent a3  status(position(3, 9), 0)
from/for agent t1  status(position(13, 19), 0)
from/for agent a1  status(position(3, 10), 0)
from/for agent a2  status(position(3, 10), 0)
from/for agent a3  status(position(3, 10), 0)
from/for agent t1  status(position(12, 19), 0)
from/for agent a1  status(position(4, 10), 0)
from/for agent a2  status(position(4, 10), 0)
from/for agent a3  status(position(4, 10), 0)
from/for agent t1  status(position(11, 19), 0)
from/for agent a1  status(position(5, 10), 0)
from/for agent a2  status(position(5, 10), 0)
from/for agent a3  status(position(5, 10), 0)
from/for agent t1  status(position(10, 19), 0)
from/for agent a1  status(position(6, 10), 0)
from/for agent a2  status(position(6, 10), 0)
from/for agent a3  status(position(6, 10), 0)
from/for agent t1  status(position(9, 19), 0)
from/for agent a1  status(position(7, 10), 0)
from/for agent a2  status(position(7, 10), 0)
from/for agent a3  status(position(7, 10), 0)
from/for agent t1  status(position(8, 19), 0)
from/for agent a1  status(position(8, 10), 0)
from/for agent a2  status(position(8, 10), 0)
from/for agent a3  status(position(8, 10), 0)
from/for agent t1  status(position(7, 19), 0)
from/for agent a1  status(position(9, 10), 0)
from/for agent a2  status(position(9, 10), 0)
from/for agent a3  status(position(9, 10), 0)
from/for agent t1  status(position(6, 19), 0)
from/for agent a1  status(position(10, 10), 0)
from/for agent a2  status(position(10, 10), 0)
from/for agent a3  status(position(10, 10), 0)
from/for agent t1  status(position(5, 19), 0)
from/for agent t1  status(position(4, 19), 0)
from/for agent t1  status(position(3, 19), 0)
from/for agent t1  status(position(2, 19), 0)
from/for agent t1  status(position(2, 18), 0)
from/for agent t1  status(position(2, 17), 0)
from/for agent t1  status(position(2, 16), 0)
from/for agent t1  status(position(2, 15), 0)
from/for agent t1  status(position(2, 14), 0)
from/for agent t1  status(position(2, 13), 0)
from/for agent t1  status(position(2, 12), 0)
from/for agent t1  status(position(2, 11), 0)
from/for agent t1  status(position(2, 10), 0)
from/for agent t1  status(position(2, 9), 0)
from/for agent t1  status(position(2, 8), 0)
from/for agent t1  status(position(2, 7), 0)
from/for agent t1  status(position(2, 6), 0)
from/for agent t1  status(position(2, 5), 0)
from/for agent t1  status(position(2, 4), 0)
from/for agent t1  status(position(2, 3), 0)
from/for agent t1  status(position(2, 2), 0)
read(cargo(null, null), 0)
from/for agent t1  obligation([cargo(_, _, _)], 10, [reduce_100(t1)])
!!!!! from org !!!!!!
[Obligation [agent=t1, obligation=[cargo(_, _, _)], sanction=[reduce_100(t1)], deadline=10, time=Mon May 27 20:04:49 BST 2013, clock=1]]
obligation(cargo(_, _, _, t1), 10, reduce_100(t1))
read(coin(null, null), 0)
!!!!! from org !!!!!!
read(coin(null, null), 0)
!!!!! from org !!!!!!
read(coin(null, null), 0)
!!!!! from org !!!!!!
