test2.
Service Registrar: 86723201-c216-48c0-b667-f786bee55a9e
Java Space found.
TransactionManager found.
-------------------------last log tuples start--------------------------------
Obligation [agent=a1, obligation=[makeReading(8, 6)], sanction=[reduce_400(a1)], deadline=50, time=2013-06-06 14:47:05.948, clock=0]
Obligation [agent=a1, obligation=[makeReading(16, 6)], sanction=[reduce_400(a1)], deadline=50, time=2013-06-06 14:47:07.188, clock=0]
Position [agent=a2, id=null, cell=Cell [x=7, y=19], time=2013-06-06 14:47:03.263, clock=0]
Obligation [agent=a1, obligation=[makeReading(3, 9)], sanction=[reduce_400(a1)], deadline=50, time=2013-06-06 14:47:08.423, clock=0]
Obligation [agent=a2, obligation=[makeReading(8, 6)], sanction=[reduce_400(a2)], deadline=50, time=2013-06-06 14:47:09.649, clock=0]
Obligation [agent=a2, obligation=[makeReading(16, 6)], sanction=[reduce_400(a2)], deadline=50, time=2013-06-06 14:47:11.084, clock=0]
Obligation [agent=a2, obligation=[makeReading(3, 9)], sanction=[reduce_400(a2)], deadline=50, time=2013-06-06 14:47:12.319, clock=0]
Obligation [agent=a3, obligation=[makeReading(8, 6)], sanction=[reduce_400(a3)], deadline=50, time=2013-06-06 14:47:13.758, clock=0]
Obligation [agent=a3, obligation=[makeReading(16, 6)], sanction=[reduce_400(a3)], deadline=50, time=2013-06-06 14:47:15.195, clock=0]
Obligation [agent=a3, obligation=[makeReading(3, 9)], sanction=[reduce_400(a3)], deadline=50, time=2013-06-06 14:47:16.626, clock=0]
Coin [id=null, cell=Cell [x=8, y=6], agent=a1, time=2013-06-06 14:47:03.624, clock=0]
Position [agent=a3, id=null, cell=Cell [x=11, y=2], time=2013-06-06 14:47:03.633, clock=0]
Cargo [id=null, cell=Cell [x=19, y=19], time=2013-06-06 14:47:03.764, clock=0]
Prohibition [agent=t1, prohibition=[at(5, 5, t1)], sanction=[reduce_300(t1)], clock=0, time=2013-06-06 14:47:16.629]
Prohibition [agent=t1, prohibition=[at(5, 6, t1)], sanction=[reduce_300(t1)], clock=0, time=2013-06-06 14:47:16.631]
Position [agent=t1, id=null, cell=Cell [x=18, y=19], time=2013-06-06 14:47:03.958, clock=0]
Prohibition [agent=t1, prohibition=[at(6, 5, t1)], sanction=[reduce_300(t1)], clock=0, time=2013-06-06 14:47:16.633]
Position [agent=a2, id=null, cell=Cell [x=6, y=19], time=2013-06-06 14:47:04.205, clock=0]
Coin [id=null, cell=Cell [x=16, y=6], agent=a2, time=2013-06-06 14:47:03.735, clock=0]
Coin [id=null, cell=Cell [x=3, y=9], agent=a3, time=2013-06-06 14:47:03.807, clock=0]
Position [agent=t1, id=null, cell=Cell [x=17, y=19], time=2013-06-06 14:47:04.625, clock=0]
Position [agent=a3, id=null, cell=Cell [x=11, y=3], time=2013-06-06 14:47:04.856, clock=0]
Prohibition [agent=t1, prohibition=[at(6, 6, t1)], sanction=[reduce_300(t1)], clock=0, time=2013-06-06 14:47:16.635]
Position [agent=t1, id=null, cell=Cell [x=16, y=19], time=2013-06-06 14:47:05.563, clock=0]
Prohibition [agent=c1, prohibition=[coin(5, 5, a1)], sanction=[reduce_300(c1)], clock=0, time=2013-06-06 14:47:18.28]
Prohibition [agent=c1, prohibition=[coin(5, 6, a1)], sanction=[reduce_300(c1)], clock=0, time=2013-06-06 14:47:18.283]
Prohibition [agent=c1, prohibition=[coin(6, 5, a1)], sanction=[reduce_300(c1)], clock=0, time=2013-06-06 14:47:18.285]
Prohibition [agent=c1, prohibition=[coin(6, 6, a1)], sanction=[reduce_300(c1)], clock=0, time=2013-06-06 14:47:18.287]
Position [agent=a2, id=null, cell=Cell [x=5, y=19], time=2013-06-06 14:47:05.736, clock=0]
Prohibition [agent=c1, prohibition=[coin(5, 5, a2)], sanction=[reduce_300(c1)], clock=0, time=2013-06-06 14:47:18.288]
Prohibition [agent=c1, prohibition=[coin(5, 6, a2)], sanction=[reduce_300(c1)], clock=0, time=2013-06-06 14:47:18.29]
Position [agent=a3, id=null, cell=Cell [x=11, y=4], time=2013-06-06 14:47:06.051, clock=0]
Position [agent=t1, id=null, cell=Cell [x=15, y=19], time=2013-06-06 14:47:06.359, clock=0]
Position [agent=a3, id=null, cell=Cell [x=11, y=5], time=2013-06-06 14:47:07.039, clock=0]
Position [agent=a2, id=null, cell=Cell [x=4, y=19], time=2013-06-06 14:47:07.209, clock=0]
Position [agent=t1, id=null, cell=Cell [x=14, y=19], time=2013-06-06 14:47:07.736, clock=0]
Prohibition [agent=c1, prohibition=[coin(6, 5, a2)], sanction=[reduce_300(c1)], clock=0, time=2013-06-06 14:47:18.292]
Prohibition [agent=c1, prohibition=[coin(6, 6, a2)], sanction=[reduce_300(c1)], clock=0, time=2013-06-06 14:47:18.293]
Prohibition [agent=c1, prohibition=[coin(5, 5, a3)], sanction=[reduce_300(c1)], clock=0, time=2013-06-06 14:47:18.295]
Position [agent=a2, id=null, cell=Cell [x=3, y=19], time=2013-06-06 14:47:08.147, clock=0]
Position [agent=a3, id=null, cell=Cell [x=11, y=6], time=2013-06-06 14:47:08.402, clock=0]
Position [agent=a2, id=null, cell=Cell [x=3, y=18], time=2013-06-06 14:47:08.756, clock=0]
Position [agent=t1, id=null, cell=Cell [x=13, y=19], time=2013-06-06 14:47:08.982, clock=0]
Position [agent=a2, id=null, cell=Cell [x=3, y=17], time=2013-06-06 14:47:09.438, clock=0]
Prohibition [agent=c1, prohibition=[coin(5, 6, a3)], sanction=[reduce_300(c1)], clock=0, time=2013-06-06 14:47:18.297]
Position [agent=a3, id=null, cell=Cell [x=11, y=7], time=2013-06-06 14:47:09.625, clock=0]
Position [agent=a2, id=null, cell=Cell [x=3, y=16], time=2013-06-06 14:47:09.984, clock=0]
Position [agent=t1, id=null, cell=Cell [x=12, y=19], time=2013-06-06 14:47:10.375, clock=0]
Position [agent=a3, id=null, cell=Cell [x=11, y=8], time=2013-06-06 14:47:10.985, clock=0]
Prohibition [agent=c1, prohibition=[coin(6, 5, a3)], sanction=[reduce_300(c1)], clock=0, time=2013-06-06 14:47:18.298]
Position [agent=a2, id=null, cell=Cell [x=4, y=17], time=2013-06-06 14:47:11.353, clock=0]
Position [agent=a2, id=null, cell=Cell [x=3, y=15], time=2013-06-06 14:47:11.427, clock=0]
Position [agent=t1, id=null, cell=Cell [x=11, y=19], time=2013-06-06 14:47:11.605, clock=0]
Position [agent=a3, id=null, cell=Cell [x=11, y=9], time=2013-06-06 14:47:12.225, clock=0]
Prohibition [agent=c1, prohibition=[coin(6, 6, a3)], sanction=[reduce_300(c1)], clock=0, time=2013-06-06 14:47:18.3]
Position [agent=t1, id=null, cell=Cell [x=10, y=19], time=2013-06-06 14:47:13.044, clock=0]
Prohibition [agent=a1, prohibition=[at(5, 5, a1)], sanction=[reduce_300(a1)], clock=0, time=2013-06-06 14:47:22.985]
Prohibition [agent=a1, prohibition=[at(5, 6, a1)], sanction=[reduce_300(a1)], clock=0, time=2013-06-06 14:47:22.988]
Position [agent=a2, id=null, cell=Cell [x=5, y=17], time=2013-06-06 14:47:13.467, clock=0]
Position [agent=a2, id=null, cell=Cell [x=5, y=17], time=2013-06-06 14:47:13.469, clock=0]
Position [agent=a3, id=null, cell=Cell [x=11, y=10], time=2013-06-06 14:47:13.659, clock=0]
Prohibition [agent=a1, prohibition=[at(6, 5, a1)], sanction=[reduce_300(a1)], clock=0, time=2013-06-06 14:47:22.991]
Prohibition [agent=a1, prohibition=[at(6, 6, a1)], sanction=[reduce_300(a1)], clock=0, time=2013-06-06 14:47:22.993]
Position [agent=a2, id=null, cell=Cell [x=3, y=14], time=2013-06-06 14:47:13.964, clock=0]
Position [agent=t1, id=null, cell=Cell [x=9, y=19], time=2013-06-06 14:47:14.485, clock=0]
Position [agent=a3, id=null, cell=Cell [x=11, y=11], time=2013-06-06 14:47:15.105, clock=0]
Position [agent=a2, id=null, cell=Cell [x=4, y=17], time=2013-06-06 14:47:15.674, clock=0]
Position [agent=t1, id=null, cell=Cell [x=8, y=19], time=2013-06-06 14:47:15.913, clock=0]
Prohibition [agent=a2, prohibition=[at(5, 5, a2)], sanction=[reduce_300(a2)], clock=0, time=2013-06-06 14:47:22.995]
Prohibition [agent=a2, prohibition=[at(5, 6, a2)], sanction=[reduce_300(a2)], clock=0, time=2013-06-06 14:47:22.997]
Position [agent=a2, id=null, cell=Cell [x=6, y=17], time=2013-06-06 14:47:16.287, clock=0]
Position [agent=a2, id=null, cell=Cell [x=6, y=17], time=2013-06-06 14:47:16.288, clock=0]
Prohibition [agent=a2, prohibition=[at(6, 5, a2)], sanction=[reduce_300(a2)], clock=0, time=2013-06-06 14:47:22.998]
Prohibition [agent=a2, prohibition=[at(6, 6, a2)], sanction=[reduce_300(a2)], clock=0, time=2013-06-06 14:47:23.001]
Position [agent=a3, id=null, cell=Cell [x=10, y=10], time=2013-06-06 14:47:16.481, clock=0]
Prohibition [agent=a3, prohibition=[at(5, 5, a3)], sanction=[reduce_300(a3)], clock=0, time=2013-06-06 14:47:23.003]
Position [agent=a3, id=null, cell=Cell [x=11, y=12], time=2013-06-06 14:47:16.832, clock=0]
Position [agent=a2, id=null, cell=Cell [x=3, y=13], time=2013-06-06 14:47:17.038, clock=0]
Prohibition [agent=a3, prohibition=[at(5, 6, a3)], sanction=[reduce_300(a3)], clock=0, time=2013-06-06 14:47:23.005]
Prohibition [agent=a3, prohibition=[at(6, 5, a3)], sanction=[reduce_300(a3)], clock=0, time=2013-06-06 14:47:23.006]
Prohibition [agent=a3, prohibition=[at(6, 6, a3)], sanction=[reduce_300(a3)], clock=0, time=2013-06-06 14:47:23.008]
Position [agent=t1, id=null, cell=Cell [x=7, y=19], time=2013-06-06 14:47:17.57, clock=0]
Position [agent=a3, id=null, cell=Cell [x=11, y=10], time=2013-06-06 14:47:18.137, clock=0]
Position [agent=a3, id=null, cell=Cell [x=9, y=10], time=2013-06-06 14:47:18.581, clock=0]
Position [agent=a2, id=null, cell=Cell [x=5, y=17], time=2013-06-06 14:47:19.056, clock=0]
Position [agent=t1, id=null, cell=Cell [x=6, y=19], time=2013-06-06 14:47:19.207, clock=0]
Position [agent=a2, id=null, cell=Cell [x=7, y=17], time=2013-06-06 14:47:19.39, clock=0]
Position [agent=a2, id=null, cell=Cell [x=7, y=17], time=2013-06-06 14:47:19.391, clock=0]
Position [agent=a3, id=null, cell=Cell [x=11, y=13], time=2013-06-06 14:47:20.122, clock=0]
Position [agent=a2, id=null, cell=Cell [x=3, y=12], time=2013-06-06 14:47:20.528, clock=0]
Position [agent=t1, id=null, cell=Cell [x=5, y=19], time=2013-06-06 14:47:20.848, clock=0]
Position [agent=a3, id=null, cell=Cell [x=10, y=10], time=2013-06-06 14:47:21.349, clock=0]
Position [agent=a3, id=null, cell=Cell [x=10, y=10], time=2013-06-06 14:47:21.425, clock=0]
Position [agent=a3, id=null, cell=Cell [x=8, y=10], time=2013-06-06 14:47:21.829, clock=0]
Position [agent=t1, id=null, cell=Cell [x=4, y=19], time=2013-06-06 14:47:22.305, clock=0]
Position [agent=a2, id=null, cell=Cell [x=6, y=17], time=2013-06-06 14:47:22.478, clock=0]
Position [agent=a3, id=null, cell=Cell [x=10, y=11], time=2013-06-06 14:47:23.193, clock=0]
Position [agent=a2, id=null, cell=Cell [x=8, y=17], time=2013-06-06 14:47:23.68, clock=0]
Position [agent=a2, id=null, cell=Cell [x=8, y=17], time=2013-06-06 14:47:23.681, clock=0]
Position [agent=t1, id=null, cell=Cell [x=3, y=19], time=2013-06-06 14:47:23.913, clock=0]
Position [agent=a2, id=null, cell=Cell [x=3, y=11], time=2013-06-06 14:47:24.008, clock=0]
Position [agent=a3, id=null, cell=Cell [x=9, y=10], time=2013-06-06 14:47:24.418, clock=0]
Position [agent=a3, id=null, cell=Cell [x=9, y=10], time=2013-06-06 14:47:24.502, clock=0]
Position [agent=a3, id=null, cell=Cell [x=8, y=9], time=2013-06-06 14:47:24.944, clock=0]
Position [agent=t1, id=null, cell=Cell [x=2, y=19], time=2013-06-06 14:47:25.789, clock=0]
Position [agent=a2, id=null, cell=Cell [x=7, y=17], time=2013-06-06 14:47:26.174, clock=0]
Position [agent=a3, id=null, cell=Cell [x=9, y=11], time=2013-06-06 14:47:26.74, clock=0]
Position [agent=a2, id=null, cell=Cell [x=8, y=16], time=2013-06-06 14:47:27.025, clock=0]
Position [agent=a2, id=null, cell=Cell [x=9, y=17], time=2013-06-06 14:47:27.026, clock=0]
Position [agent=t1, id=null, cell=Cell [x=2, y=18], time=2013-06-06 14:47:27.466, clock=0]
Position [agent=a2, id=null, cell=Cell [x=3, y=10], time=2013-06-06 14:47:27.756, clock=0]
Position [agent=a3, id=null, cell=Cell [x=8, y=10], time=2013-06-06 14:47:27.961, clock=0]
Position [agent=a3, id=null, cell=Cell [x=9, y=9], time=2013-06-06 14:47:28.055, clock=0]
Position [agent=a3, id=null, cell=Cell [x=8, y=8], time=2013-06-06 14:47:28.488, clock=0]
Position [agent=t1, id=null, cell=Cell [x=2, y=17], time=2013-06-06 14:47:28.927, clock=0]
Position [agent=a2, id=null, cell=Cell [x=8, y=17], time=2013-06-06 14:47:29.334, clock=0]
Position [agent=a3, id=null, cell=Cell [x=8, y=11], time=2013-06-06 14:47:29.876, clock=0]
Position [agent=a2, id=null, cell=Cell [x=8, y=17], time=2013-06-06 14:47:30.162, clock=0]
Position [agent=a2, id=null, cell=Cell [x=10, y=17], time=2013-06-06 14:47:30.164, clock=0]
Position [agent=t1, id=null, cell=Cell [x=2, y=16], time=2013-06-06 14:47:30.606, clock=0]
Position [agent=a2, id=null, cell=Cell [x=3, y=9], time=2013-06-06 14:47:30.893, clock=0]
Position [agent=a3, id=null, cell=Cell [x=8, y=9], time=2013-06-06 14:47:31.098, clock=0]
Position [agent=a3, id=null, cell=Cell [x=9, y=8], time=2013-06-06 14:47:31.173, clock=0]
Position [agent=a3, id=null, cell=Cell [x=8, y=7], time=2013-06-06 14:47:31.6, clock=0]
Position [agent=t1, id=null, cell=Cell [x=2, y=15], time=2013-06-06 14:47:32.238, clock=0]
Position [agent=a2, id=null, cell=Cell [x=9, y=17], time=2013-06-06 14:47:32.887, clock=0]
Position [agent=a2, id=null, cell=Cell [x=9, y=17], time=2013-06-06 14:47:33.425, clock=0]
Position [agent=a2, id=null, cell=Cell [x=11, y=17], time=2013-06-06 14:47:33.426, clock=0]
Position [agent=t1, id=null, cell=Cell [x=2, y=14], time=2013-06-06 14:47:33.674, clock=0]
Position [agent=a2, id=null, cell=Cell [x=3, y=8], time=2013-06-06 14:47:33.76, clock=0]
Position [agent=a3, id=null, cell=Cell [x=8, y=10], time=2013-06-06 14:47:34.173, clock=0]
Position [agent=a2, id=null, cell=Cell [x=10, y=17], time=2013-06-06 14:47:35.64, clock=0]
Position [agent=t1, id=null, cell=Cell [x=2, y=13], time=2013-06-06 14:47:35.738, clock=0]
Position [agent=a2, id=null, cell=Cell [x=10, y=17], time=2013-06-06 14:47:36.313, clock=0]
Position [agent=a2, id=null, cell=Cell [x=12, y=17], time=2013-06-06 14:47:36.314, clock=0]
Position [agent=a3, id=null, cell=Cell [x=9, y=9], time=2013-06-06 14:47:36.447, clock=0]
Position [agent=a3, id=null, cell=Cell [x=9, y=7], time=2013-06-06 14:47:36.522, clock=0]
Position [agent=a2, id=null, cell=Cell [x=3, y=7], time=2013-06-06 14:47:36.652, clock=0]
Position [agent=t1, id=null, cell=Cell [x=2, y=12], time=2013-06-06 14:47:37.338, clock=0]
Position [agent=a3, id=null, cell=Cell [x=8, y=6], time=2013-06-06 14:47:38.394, clock=0]
Position [agent=a2, id=null, cell=Cell [x=11, y=17], time=2013-06-06 14:47:38.579, clock=0]
Position [agent=t1, id=null, cell=Cell [x=2, y=11], time=2013-06-06 14:47:39.033, clock=0]
Position [agent=a2, id=null, cell=Cell [x=11, y=17], time=2013-06-06 14:47:39.604, clock=0]
Position [agent=a2, id=null, cell=Cell [x=13, y=17], time=2013-06-06 14:47:39.605, clock=0]
Position [agent=a2, id=null, cell=Cell [x=3, y=6], time=2013-06-06 14:47:39.941, clock=0]
Position [agent=t1, id=null, cell=Cell [x=2, y=10], time=2013-06-06 14:47:40.469, clock=0]
Position [agent=a3, id=null, cell=Cell [x=9, y=10], time=2013-06-06 14:47:41.179, clock=0]
Position [agent=a3, id=null, cell=Cell [x=9, y=8], time=2013-06-06 14:47:41.247, clock=0]
Position [agent=a3, id=null, cell=Cell [x=9, y=6], time=2013-06-06 14:47:41.315, clock=0]
Position [agent=a2, id=null, cell=Cell [x=12, y=17], time=2013-06-06 14:47:41.462, clock=0]
Position [agent=a2, id=null, cell=Cell [x=12, y=17], time=2013-06-06 14:47:41.525, clock=0]
Position [agent=a2, id=null, cell=Cell [x=14, y=17], time=2013-06-06 14:47:41.526, clock=0]
Position [agent=t1, id=null, cell=Cell [x=2, y=9], time=2013-06-06 14:47:41.914, clock=0]
Position [agent=t1, id=null, cell=Cell [x=2, y=8], time=2013-06-06 14:47:43.375, clock=0]
Position [agent=a2, id=null, cell=Cell [x=13, y=17], time=2013-06-06 14:47:43.92, clock=0]
Position [agent=a2, id=null, cell=Cell [x=13, y=17], time=2013-06-06 14:47:43.992, clock=0]
Position [agent=a2, id=null, cell=Cell [x=15, y=17], time=2013-06-06 14:47:43.993, clock=0]
Position [agent=t1, id=null, cell=Cell [x=2, y=7], time=2013-06-06 14:47:44.584, clock=0]
Position [agent=a3, id=null, cell=Cell [x=9, y=9], time=2013-06-06 14:47:45.091, clock=0]
Position [agent=a3, id=null, cell=Cell [x=9, y=7], time=2013-06-06 14:47:45.167, clock=0]
Position [agent=a3, id=null, cell=Cell [x=10, y=6], time=2013-06-06 14:47:45.239, clock=0]
Position [agent=t1, id=null, cell=Cell [x=2, y=6], time=2013-06-06 14:47:46.065, clock=0]
Position [agent=t1, id=null, cell=Cell [x=2, y=5], time=2013-06-06 14:47:46.537, clock=0]
Position [agent=a3, id=null, cell=Cell [x=9, y=8], time=2013-06-06 14:47:47.235, clock=0]
Position [agent=a3, id=null, cell=Cell [x=10, y=7], time=2013-06-06 14:47:47.399, clock=0]
Position [agent=a3, id=null, cell=Cell [x=11, y=6], time=2013-06-06 14:47:47.478, clock=0]
Position [agent=t1, id=null, cell=Cell [x=2, y=4], time=2013-06-06 14:47:47.802, clock=0]
Position [agent=t1, id=null, cell=Cell [x=2, y=3], time=2013-06-06 14:47:48.317, clock=0]
Position [agent=a2, id=null, cell=Cell [x=14, y=17], time=2013-06-06 14:47:48.853, clock=0]
Position [agent=a2, id=null, cell=Cell [x=14, y=17], time=2013-06-06 14:47:48.932, clock=0]
Position [agent=a2, id=null, cell=Cell [x=16, y=17], time=2013-06-06 14:47:48.933, clock=0]
Position [agent=t1, id=null, cell=Cell [x=2, y=2], time=2013-06-06 14:47:49.293, clock=0]
Position [agent=a3, id=null, cell=Cell [x=10, y=8], time=2013-06-06 14:47:50.129, clock=0]
Position [agent=a3, id=null, cell=Cell [x=11, y=7], time=2013-06-06 14:47:50.193, clock=0]
Position [agent=a3, id=null, cell=Cell [x=12, y=6], time=2013-06-06 14:47:50.265, clock=0]
Position [agent=a3, id=null, cell=Cell [x=11, y=8], time=2013-06-06 14:47:51.883, clock=0]
Position [agent=a3, id=null, cell=Cell [x=12, y=7], time=2013-06-06 14:47:51.951, clock=0]
Position [agent=a3, id=null, cell=Cell [x=13, y=6], time=2013-06-06 14:47:52.02, clock=0]
Position [agent=a2, id=null, cell=Cell [x=15, y=17], time=2013-06-06 14:47:53.066, clock=0]
Position [agent=a2, id=null, cell=Cell [x=15, y=17], time=2013-06-06 14:47:53.131, clock=0]
Position [agent=a2, id=null, cell=Cell [x=16, y=16], time=2013-06-06 14:47:53.131, clock=0]
Position [agent=a3, id=null, cell=Cell [x=12, y=8], time=2013-06-06 14:47:54.105, clock=0]
Position [agent=a3, id=null, cell=Cell [x=13, y=7], time=2013-06-06 14:47:54.559, clock=0]
Position [agent=a3, id=null, cell=Cell [x=14, y=6], time=2013-06-06 14:47:54.654, clock=0]
Position [agent=a2, id=null, cell=Cell [x=15, y=16], time=2013-06-06 14:47:55.348, clock=0]
Position [agent=a2, id=null, cell=Cell [x=15, y=16], time=2013-06-06 14:47:55.559, clock=0]
Position [agent=a2, id=null, cell=Cell [x=16, y=15], time=2013-06-06 14:47:55.56, clock=0]
Position [agent=a3, id=null, cell=Cell [x=13, y=8], time=2013-06-06 14:47:56.58, clock=0]
Position [agent=a3, id=null, cell=Cell [x=14, y=7], time=2013-06-06 14:47:56.635, clock=0]
Position [agent=a3, id=null, cell=Cell [x=15, y=6], time=2013-06-06 14:47:56.699, clock=0]
Position [agent=a2, id=null, cell=Cell [x=15, y=15], time=2013-06-06 14:47:57.155, clock=0]
Position [agent=a2, id=null, cell=Cell [x=15, y=15], time=2013-06-06 14:47:57.305, clock=0]
Position [agent=a2, id=null, cell=Cell [x=16, y=14], time=2013-06-06 14:47:57.306, clock=0]
Position [agent=a3, id=null, cell=Cell [x=14, y=8], time=2013-06-06 14:47:58.771, clock=0]
Position [agent=a3, id=null, cell=Cell [x=15, y=7], time=2013-06-06 14:47:58.828, clock=0]
Position [agent=a3, id=null, cell=Cell [x=16, y=6], time=2013-06-06 14:47:58.888, clock=0]
Position [agent=a2, id=null, cell=Cell [x=15, y=14], time=2013-06-06 14:47:59.542, clock=0]
Position [agent=a2, id=null, cell=Cell [x=15, y=14], time=2013-06-06 14:47:59.693, clock=0]
Position [agent=a2, id=null, cell=Cell [x=16, y=13], time=2013-06-06 14:47:59.695, clock=0]
Position [agent=a3, id=null, cell=Cell [x=15, y=8], time=2013-06-06 14:47:59.936, clock=0]
Position [agent=a3, id=null, cell=Cell [x=16, y=7], time=2013-06-06 14:48:00.012, clock=0]
Position [agent=a2, id=null, cell=Cell [x=15, y=13], time=2013-06-06 14:48:01.722, clock=0]
Position [agent=a2, id=null, cell=Cell [x=15, y=13], time=2013-06-06 14:48:01.861, clock=0]
Position [agent=a2, id=null, cell=Cell [x=16, y=12], time=2013-06-06 14:48:01.862, clock=0]
Position [agent=a3, id=null, cell=Cell [x=16, y=8], time=2013-06-06 14:48:02.269, clock=0]
Position [agent=a3, id=null, cell=Cell [x=16, y=8], time=2013-06-06 14:48:02.327, clock=0]
Position [agent=a3, id=null, cell=Cell [x=16, y=9], time=2013-06-06 14:48:03.481, clock=0]
Position [agent=a3, id=null, cell=Cell [x=16, y=9], time=2013-06-06 14:48:03.537, clock=0]
Position [agent=a2, id=null, cell=Cell [x=15, y=12], time=2013-06-06 14:48:03.765, clock=0]
Position [agent=a2, id=null, cell=Cell [x=15, y=12], time=2013-06-06 14:48:03.896, clock=0]
Position [agent=a2, id=null, cell=Cell [x=16, y=11], time=2013-06-06 14:48:03.897, clock=0]
Position [agent=a3, id=null, cell=Cell [x=16, y=10], time=2013-06-06 14:48:04.502, clock=0]
Position [agent=a3, id=null, cell=Cell [x=15, y=9], time=2013-06-06 14:48:04.557, clock=0]
Position [agent=a3, id=null, cell=Cell [x=15, y=10], time=2013-06-06 14:48:05.726, clock=0]
Position [agent=a3, id=null, cell=Cell [x=14, y=9], time=2013-06-06 14:48:05.783, clock=0]
Position [agent=a2, id=null, cell=Cell [x=15, y=11], time=2013-06-06 14:48:05.997, clock=0]
Position [agent=a2, id=null, cell=Cell [x=15, y=11], time=2013-06-06 14:48:06.166, clock=0]
Position [agent=a2, id=null, cell=Cell [x=16, y=10], time=2013-06-06 14:48:06.167, clock=0]
Position [agent=a3, id=null, cell=Cell [x=14, y=10], time=2013-06-06 14:48:06.756, clock=0]
Position [agent=a3, id=null, cell=Cell [x=13, y=9], time=2013-06-06 14:48:06.823, clock=0]
Position [agent=a3, id=null, cell=Cell [x=13, y=10], time=2013-06-06 14:48:07.974, clock=0]
Position [agent=a3, id=null, cell=Cell [x=12, y=9], time=2013-06-06 14:48:08.042, clock=0]
Position [agent=a2, id=null, cell=Cell [x=15, y=10], time=2013-06-06 14:48:08.27, clock=0]
Position [agent=a2, id=null, cell=Cell [x=15, y=10], time=2013-06-06 14:48:08.421, clock=0]
Position [agent=a2, id=null, cell=Cell [x=16, y=9], time=2013-06-06 14:48:08.422, clock=0]
Position [agent=a3, id=null, cell=Cell [x=12, y=10], time=2013-06-06 14:48:08.999, clock=0]
Position [agent=a3, id=null, cell=Cell [x=11, y=9], time=2013-06-06 14:48:09.055, clock=0]
Position [agent=a3, id=null, cell=Cell [x=11, y=10], time=2013-06-06 14:48:10.242, clock=0]
Position [agent=a3, id=null, cell=Cell [x=10, y=9], time=2013-06-06 14:48:10.311, clock=0]
Position [agent=a2, id=null, cell=Cell [x=15, y=9], time=2013-06-06 14:48:10.533, clock=0]
Position [agent=a2, id=null, cell=Cell [x=15, y=9], time=2013-06-06 14:48:10.671, clock=0]
Position [agent=a2, id=null, cell=Cell [x=16, y=8], time=2013-06-06 14:48:10.672, clock=0]
Position [agent=a3, id=null, cell=Cell [x=10, y=10], time=2013-06-06 14:48:11.281, clock=0]
Position [agent=a3, id=null, cell=Cell [x=9, y=9], time=2013-06-06 14:48:11.355, clock=0]
Position [agent=a3, id=null, cell=Cell [x=9, y=10], time=2013-06-06 14:48:12.473, clock=0]
Position [agent=a3, id=null, cell=Cell [x=8, y=9], time=2013-06-06 14:48:12.542, clock=0]
Position [agent=a2, id=null, cell=Cell [x=16, y=9], time=2013-06-06 14:48:12.764, clock=0]
Position [agent=a2, id=null, cell=Cell [x=15, y=8], time=2013-06-06 14:48:12.934, clock=0]
Position [agent=a2, id=null, cell=Cell [x=16, y=7], time=2013-06-06 14:48:12.935, clock=0]
Position [agent=a3, id=null, cell=Cell [x=8, y=10], time=2013-06-06 14:48:13.485, clock=0]
Position [agent=a3, id=null, cell=Cell [x=7, y=9], time=2013-06-06 14:48:13.544, clock=0]
Position [agent=a3, id=null, cell=Cell [x=7, y=10], time=2013-06-06 14:48:14.304, clock=0]
Position [agent=a3, id=null, cell=Cell [x=6, y=9], time=2013-06-06 14:48:14.361, clock=0]
Position [agent=a3, id=null, cell=Cell [x=6, y=10], time=2013-06-06 14:48:15.125, clock=0]
Position [agent=a3, id=null, cell=Cell [x=5, y=9], time=2013-06-06 14:48:15.195, clock=0]
Position [agent=a2, id=null, cell=Cell [x=16, y=8], time=2013-06-06 14:48:15.424, clock=0]
Position [agent=a2, id=null, cell=Cell [x=15, y=7], time=2013-06-06 14:48:15.564, clock=0]
Position [agent=a2, id=null, cell=Cell [x=16, y=6], time=2013-06-06 14:48:15.565, clock=0]
Position [agent=a3, id=null, cell=Cell [x=5, y=10], time=2013-06-06 14:48:16.209, clock=0]
Position [agent=a3, id=null, cell=Cell [x=4, y=9], time=2013-06-06 14:48:16.277, clock=0]
Position [agent=a2, id=null, cell=Cell [x=16, y=7], time=2013-06-06 14:48:16.958, clock=0]
Position [agent=a2, id=null, cell=Cell [x=15, y=6], time=2013-06-06 14:48:17.144, clock=0]
Position [agent=a3, id=null, cell=Cell [x=4, y=10], time=2013-06-06 14:48:17.528, clock=0]
Position [agent=a3, id=null, cell=Cell [x=3, y=9], time=2013-06-06 14:48:17.59, clock=0]
Position [agent=a2, id=null, cell=Cell [x=15, y=7], time=2013-06-06 14:48:18.228, clock=0]
Position [agent=a2, id=null, cell=Cell [x=14, y=6], time=2013-06-06 14:48:18.403, clock=0]
Position [agent=a3, id=null, cell=Cell [x=3, y=10], time=2013-06-06 14:48:18.626, clock=0]
Position [agent=a3, id=null, cell=Cell [x=3, y=11], time=2013-06-06 14:48:19.221, clock=0]
Position [agent=a2, id=null, cell=Cell [x=14, y=7], time=2013-06-06 14:48:19.658, clock=0]
Position [agent=a2, id=null, cell=Cell [x=13, y=6], time=2013-06-06 14:48:19.828, clock=0]
Position [agent=a3, id=null, cell=Cell [x=3, y=12], time=2013-06-06 14:48:20.072, clock=0]
Position [agent=a3, id=null, cell=Cell [x=3, y=13], time=2013-06-06 14:48:20.663, clock=0]
Position [agent=a2, id=null, cell=Cell [x=13, y=7], time=2013-06-06 14:48:21.109, clock=0]
Position [agent=a2, id=null, cell=Cell [x=12, y=6], time=2013-06-06 14:48:21.271, clock=0]
Position [agent=a3, id=null, cell=Cell [x=3, y=14], time=2013-06-06 14:48:21.48, clock=0]
Position [agent=a3, id=null, cell=Cell [x=3, y=15], time=2013-06-06 14:48:22.101, clock=0]
Position [agent=a2, id=null, cell=Cell [x=12, y=7], time=2013-06-06 14:48:22.544, clock=0]
Position [agent=a2, id=null, cell=Cell [x=11, y=6], time=2013-06-06 14:48:22.724, clock=0]
Position [agent=a3, id=null, cell=Cell [x=3, y=16], time=2013-06-06 14:48:22.953, clock=0]
Position [agent=a3, id=null, cell=Cell [x=3, y=17], time=2013-06-06 14:48:23.58, clock=0]
Position [agent=a3, id=null, cell=Cell [x=3, y=18], time=2013-06-06 14:48:24.087, clock=0]
Position [agent=a2, id=null, cell=Cell [x=11, y=7], time=2013-06-06 14:48:24.394, clock=0]
Position [agent=a2, id=null, cell=Cell [x=10, y=6], time=2013-06-06 14:48:24.556, clock=0]
Position [agent=a3, id=null, cell=Cell [x=3, y=19], time=2013-06-06 14:48:24.865, clock=0]
Position [agent=a3, id=null, cell=Cell [x=4, y=19], time=2013-06-06 14:48:25.329, clock=0]
Position [agent=a2, id=null, cell=Cell [x=10, y=7], time=2013-06-06 14:48:26.069, clock=0]
Position [agent=a2, id=null, cell=Cell [x=9, y=6], time=2013-06-06 14:48:26.265, clock=0]
Position [agent=a3, id=null, cell=Cell [x=5, y=19], time=2013-06-06 14:48:26.516, clock=0]
Position [agent=a3, id=null, cell=Cell [x=6, y=19], time=2013-06-06 14:48:27.117, clock=0]
Position [agent=a2, id=null, cell=Cell [x=9, y=7], time=2013-06-06 14:48:27.906, clock=0]
Position [agent=a2, id=null, cell=Cell [x=8, y=6], time=2013-06-06 14:48:28.123, clock=0]
Position [agent=a3, id=null, cell=Cell [x=7, y=19], time=2013-06-06 14:48:28.347, clock=0]
Position [agent=a3, id=null, cell=Cell [x=8, y=19], time=2013-06-06 14:48:28.968, clock=0]
Position [agent=a2, id=null, cell=Cell [x=8, y=7], time=2013-06-06 14:48:29.402, clock=0]
Position [agent=a3, id=null, cell=Cell [x=9, y=19], time=2013-06-06 14:48:29.815, clock=0]
Position [agent=a3, id=null, cell=Cell [x=10, y=19], time=2013-06-06 14:48:30.346, clock=0]
Position [agent=a2, id=null, cell=Cell [x=8, y=8], time=2013-06-06 14:48:30.781, clock=0]
Position [agent=a3, id=null, cell=Cell [x=11, y=19], time=2013-06-06 14:48:31.188, clock=0]
Position [agent=a2, id=null, cell=Cell [x=8, y=9], time=2013-06-06 14:48:31.711, clock=0]
Position [agent=a3, id=null, cell=Cell [x=12, y=19], time=2013-06-06 14:48:31.976, clock=0]
Position [agent=a3, id=null, cell=Cell [x=13, y=19], time=2013-06-06 14:48:32.639, clock=0]
Position [agent=a2, id=null, cell=Cell [x=7, y=9], time=2013-06-06 14:48:33.043, clock=0]
Position [agent=a3, id=null, cell=Cell [x=14, y=19], time=2013-06-06 14:48:33.451, clock=0]
Position [agent=a2, id=null, cell=Cell [x=6, y=9], time=2013-06-06 14:48:34.123, clock=0]
Position [agent=a3, id=null, cell=Cell [x=15, y=19], time=2013-06-06 14:48:34.381, clock=0]
Position [agent=a2, id=null, cell=Cell [x=5, y=9], time=2013-06-06 14:48:35.059, clock=0]
Position [agent=a3, id=null, cell=Cell [x=16, y=19], time=2013-06-06 14:48:35.347, clock=0]
Position [agent=a3, id=null, cell=Cell [x=17, y=19], time=2013-06-06 14:48:35.916, clock=0]
Position [agent=a2, id=null, cell=Cell [x=4, y=9], time=2013-06-06 14:48:36.308, clock=0]
Position [agent=a3, id=null, cell=Cell [x=18, y=19], time=2013-06-06 14:48:36.709, clock=0]
Position [agent=a3, id=null, cell=Cell [x=19, y=19], time=2013-06-06 14:48:37.144, clock=0]
Position [agent=a2, id=null, cell=Cell [x=3, y=9], time=2013-06-06 14:48:37.561, clock=0]
-------------------------last log tuples end----------------------------------
register a1
register a2
register a3
register c1
register t1
