test2.
Service Registrar: 2e54dc9d-c303-4373-99b3-1f419f6c4d91
Java Space found.
TransactionManager found.
from/for agent t1  cargo(position(19, 19), 0)
from/for agent c1  coin(position(8, 6), 0, a1)
org notified 
org notified 
org notified 
org notified 
!!!!! from org !!!!!!
cargo(null, null)
Cargo [id=null, cell=null, time=null, clock=null]
!!!!! from org !!!!!!
cargo(null, null)
Cargo [id=null, cell=null, time=null, clock=null]
from/for agent t1  obligation([cargo(_, _, _)], 10, [reduce_100(t1)])
from/for agent t1  obligation([cargo(_, _, _)], 10, [reduce_100(t1)])
!!!!! from org !!!!!!
coin(null, null)
!!!!! from org !!!!!!
coin(null, null)
Coin [id=null, cell=null, agent=null, time=null, clock=null]
Coin [id=null, cell=null, agent=null, time=null, clock=null]
!!!!! from org !!!!!!
coin(null, null)
Coin [id=null, cell=null, agent=null, time=null, clock=null]
!!!!! from org !!!!!!
coin(null, null)
Coin [id=null, cell=null, agent=null, time=null, clock=null]
[Obligation [agent=t1, obligation=[cargo(_, _, _)], sanction=[reduce_100(t1)], deadline=10, time=Tue May 28 14:52:42 BST 2013, clock=0]]
[Obligation [agent=t1, obligation=[cargo(_, _, _)], sanction=[reduce_100(t1)], deadline=10, time=Tue May 28 14:35:38 BST 2013, clock=0]]
obligation(cargo(_, _, _, t1), 10, reduce_100(t1))
obligation(cargo(_, _, _, t1), 10, reduce_100(t1))
!!!!! from org !!!!!!
coin(null, null)
Coin [id=null, cell=null, agent=null, time=null, clock=null]
!!!!! from org !!!!!!
coin(null, null)
Coin [id=null, cell=null, agent=null, time=null, clock=null]
from/for agent a2  status(position(3, 4), 0)
org notified 
org notified 
from/for agent a3  status(position(3, 4), 0)
from/for agent a1  status(position(3, 4), 0)
!!!!! from org !!!!!!
!!!!! from org !!!!!!
reading(null, null, a1, null)
reading(null, null, a1, null)
Reading [id=null, agent=a1, cell=null, time=null, value=null, clock=null]
Reading [id=null, agent=a1, cell=null, time=null, value=null, clock=null]
from/for agent c1  coin(position(16, 6), 0, a2)
!!!!! from org !!!!!!
reading(null, null, a2, null)
!!!!! from org !!!!!!
reading(null, null, a2, null)
Reading [id=null, agent=a2, cell=null, time=null, value=null, clock=null]
Reading [id=null, agent=a2, cell=null, time=null, value=null, clock=null]
from/for agent t1  status(position(18, 19), 0)
!!!!! from org !!!!!!
!!!!! from org !!!!!!
reading(null, null, a3, null)
reading(null, null, a3, null)
Reading [id=null, agent=a3, cell=null, time=null, value=null, clock=null]
Reading [id=null, agent=a3, cell=null, time=null, value=null, clock=null]
!!!!! from org !!!!!!
reading(null, null, a1, null)
Reading [id=null, agent=a1, cell=null, time=null, value=null, clock=null]
!!!!! from org !!!!!!
reading(null, null, a1, null)
Reading [id=null, agent=a1, cell=null, time=null, value=null, clock=null]
!!!!! from org !!!!!!
!!!!! from org !!!!!!
reading(null, null, a2, null)
reading(null, null, a2, null)
Reading [id=null, agent=a2, cell=null, time=null, value=null, clock=null]
Reading [id=null, agent=a2, cell=null, time=null, value=null, clock=null]
!!!!! from org !!!!!!
reading(null, null, a3, null)
Reading [id=null, agent=a3, cell=null, time=null, value=null, clock=null]
!!!!! from org !!!!!!
reading(null, null, a3, null)
Reading [id=null, agent=a3, cell=null, time=null, value=null, clock=null]
from/for agent c1  coin(position(3, 9), 0, a3)
from/for agent a2  status(position(3, 5), 0)
!!!!! from org !!!!!!
!!!!! from org !!!!!!
cargo(null, null)
cargo(null, null)
Cargo [id=null, cell=null, time=null, clock=null]
Cargo [id=null, cell=null, time=null, clock=null]
from/for agent a3  status(position(3, 5), 0)
from/for agent a1  status(position(3, 5), 0)
from/for agent t1  prohibition([cargo(_, _, 1)], [reduce_100(t1)])
!!!!! from org !!!!!!
coin(null, null, c1)
Coin [id=null, cell=null, agent=c1, time=null, clock=null]
from/for agent t1  prohibition([at(5, 5, t1)], [reduce_300(t1)])
from/for agent t1  prohibition([at(5, 6, t1)], [reduce_300(t1)])
from/for agent t1  prohibition([at(6, 5, t1)], [reduce_300(t1)])
from/for agent t1  prohibition([at(6, 6, t1)], [reduce_300(t1)])
!!!!! from org !!!!!!
coin(null, null, c1)
Coin [id=null, cell=null, agent=c1, time=null, clock=null]
from/for agent t1  status(position(17, 19), 0)
!!!!! from org !!!!!!
coin(null, null, c1)
Coin [id=null, cell=null, agent=c1, time=null, clock=null]
!!!!! from org !!!!!!
coin(null, null, c1)
Coin [id=null, cell=null, agent=c1, time=null, clock=null]
[Prohibition [agent=t1, prohibition=[cargo(_, _, 1)], sanction=[reduce_100(t1)], clock=0, time=Tue May 28 14:35:41 BST 2013]]
prohibition(at(5, 6, t1), reduce_300(t1))
[Prohibition [agent=t1, prohibition=[at(5, 5, t1)], sanction=[reduce_300(t1)], clock=0, time=Tue May 28 14:35:41 BST 2013]]
prohibition(at(6, 6, t1), reduce_300(t1))
!!!!! from org !!!!!!
position(a1, null)
Position [agent=a1, id=null, cell=null, time=null, clock=null]
!!!!! from org !!!!!!
position(a1, null)
Position [agent=a1, id=null, cell=null, time=null, clock=null]
[Prohibition [agent=t1, prohibition=[at(5, 5, t1)], sanction=[reduce_300(t1)], clock=0, time=Tue May 28 14:35:41 BST 2013]]
[Prohibition [agent=t1, prohibition=[cargo(_, _, 1)], sanction=[reduce_100(t1)], clock=0, time=Tue May 28 14:35:41 BST 2013]]
prohibition(at(6, 5, t1), reduce_300(t1))
prohibition(at(6, 6, t1), reduce_300(t1))
from/for agent a2  status(position(3, 6), 0)
!!!!! from org !!!!!!
position(a2, null)
Position [agent=a2, id=null, cell=null, time=null, clock=null]
!!!!! from org !!!!!!
position(a2, null)
Position [agent=a2, id=null, cell=null, time=null, clock=null]
from/for agent a3  status(position(3, 6), 0)
!!!!! from org !!!!!!
position(a3, null)
Position [agent=a3, id=null, cell=null, time=null, clock=null]
!!!!! from org !!!!!!
position(a3, null)
Position [agent=a3, id=null, cell=null, time=null, clock=null]
from/for agent a1  status(position(3, 6), 0)
from/for agent t1  status(position(16, 19), 0)
from/for agent c1  prohibition([coin(5, 5, _, a1)], [reduce_300(c1)])
!!!!! from org !!!!!!
position(a1, null)
Position [agent=a1, id=null, cell=null, time=null, clock=null]
from/for agent c1  prohibition([coin(5, 6, _, a1)], [reduce_300(c1)])
from/for agent c1  prohibition([coin(6, 5, _, a1)], [reduce_300(c1)])
from/for agent c1  prohibition([coin(6, 6, _, a1)], [reduce_300(c1)])
from/for agent c1  prohibition([coin(5, 5, _, a2)], [reduce_300(c1)])
from/for agent c1  prohibition([coin(5, 6, _, a2)], [reduce_300(c1)])
from/for agent c1  prohibition([coin(6, 5, _, a2)], [reduce_300(c1)])
from/for agent c1  prohibition([coin(6, 6, _, a2)], [reduce_300(c1)])
from/for agent c1  prohibition([coin(5, 5, _, a3)], [reduce_300(c1)])
from/for agent c1  prohibition([coin(5, 6, _, a3)], [reduce_300(c1)])
from/for agent c1  prohibition([coin(6, 5, _, a3)], [reduce_300(c1)])
from/for agent c1  prohibition([coin(6, 6, _, a3)], [reduce_300(c1)])
!!!!! from org !!!!!!
position(a1, null)
Position [agent=a1, id=null, cell=null, time=null, clock=null]
from/for agent a2  status(position(3, 7), 0)
!!!!! from org !!!!!!
position(a2, null)
Position [agent=a2, id=null, cell=null, time=null, clock=null]
[Prohibition [agent=c1, prohibition=[coin(5, 5, _, a1)], sanction=[reduce_300(c1)], clock=0, time=Tue May 28 14:35:42 BST 2013]]
prohibition(coin(6, 6, _, c1), reduce_300(c1))
[Prohibition [agent=c1, prohibition=[coin(5, 6, _, a1)], sanction=[reduce_300(c1)], clock=0, time=Tue May 28 14:35:42 BST 2013]]
prohibition(coin(6, 5, _, c1), reduce_300(c1))
!!!!! from org !!!!!!
position(a2, null)
Position [agent=a2, id=null, cell=null, time=null, clock=null]
!!!!! from org !!!!!!
position(a3, null)
Position [agent=a3, id=null, cell=null, time=null, clock=null]
[Prohibition [agent=c1, prohibition=[coin(5, 5, _, a1)], sanction=[reduce_300(c1)], clock=0, time=Tue May 28 14:35:42 BST 2013]]
[Prohibition [agent=c1, prohibition=[coin(6, 5, _, a1)], sanction=[reduce_300(c1)], clock=0, time=Tue May 28 14:35:42 BST 2013]]
prohibition(coin(6, 5, _, c1), reduce_300(c1))
prohibition(coin(6, 6, _, c1), reduce_300(c1))
!!!!! from org !!!!!!
position(a1, null)
Position [agent=a1, id=null, cell=null, time=null, clock=null]
!!!!! from org !!!!!!
position(a3, null)
Position [agent=a3, id=null, cell=null, time=null, clock=null]
from/for agent a3  status(position(3, 7), 0)
from/for agent a1  status(position(3, 7), 0)
from/for agent t1  status(position(15, 19), 0)
!!!!! from org !!!!!!
position(a1, null)
!!!!! from org !!!!!!
position(a2, null)
Position [agent=a2, id=null, cell=null, time=null, clock=null]
Position [agent=a1, id=null, cell=null, time=null, clock=null]
from/for agent a2  status(position(3, 8), 0)
!!!!! from org !!!!!!
position(a2, null)
Position [agent=a2, id=null, cell=null, time=null, clock=null]
!!!!! from org !!!!!!
position(a3, null)
Position [agent=a3, id=null, cell=null, time=null, clock=null]
!!!!! from org !!!!!!
position(a3, null)
Position [agent=a3, id=null, cell=null, time=null, clock=null]
!!!!! from org !!!!!!
reading(null, null, a1, null)
Reading [id=null, agent=a1, cell=null, time=null, value=null, clock=null]
from/for agent a3  status(position(3, 8), 0)
from/for agent a1  status(position(3, 8), 0)
from/for agent t1  status(position(14, 19), 0)
!!!!! from org !!!!!!
reading(null, null, a2, null)
Reading [id=null, agent=a2, cell=null, time=null, value=null, clock=null]
!!!!! from org !!!!!!
reading(null, null, a1, null)
Reading [id=null, agent=a1, cell=null, time=null, value=null, clock=null]
from/for agent a2  status(position(3, 9), 0)
!!!!! from org !!!!!!
reading(null, null, a3, null)
Reading [id=null, agent=a3, cell=null, time=null, value=null, clock=null]
!!!!! from org !!!!!!
reading(null, null, a2, null)
Reading [id=null, agent=a2, cell=null, time=null, value=null, clock=null]
from/for agent a1  prohibition([at(5, 5, a1)], [reduce_300(a1)])
from/for agent a1  prohibition([at(5, 6, a1)], [reduce_300(a1)])
from/for agent a1  prohibition([at(6, 5, a1)], [reduce_300(a1)])
from/for agent a1  prohibition([at(6, 6, a1)], [reduce_300(a1)])
from/for agent a2  prohibition([at(5, 5, a2)], [reduce_300(a2)])
from/for agent a2  prohibition([at(5, 6, a2)], [reduce_300(a2)])
from/for agent a2  prohibition([at(6, 5, a2)], [reduce_300(a2)])
from/for agent a2  prohibition([at(6, 6, a2)], [reduce_300(a2)])
from/for agent a3  prohibition([at(5, 5, a3)], [reduce_300(a3)])
from/for agent a3  prohibition([at(5, 6, a3)], [reduce_300(a3)])
from/for agent a3  prohibition([at(6, 5, a3)], [reduce_300(a3)])
from/for agent a3  prohibition([at(6, 6, a3)], [reduce_300(a3)])
!!!!! from org !!!!!!
cargo(null, null)
Cargo [id=null, cell=null, time=null, clock=null]
!!!!! from org !!!!!!
reading(null, null, a3, null)
Reading [id=null, agent=a3, cell=null, time=null, value=null, clock=null]
from/for agent a3  status(position(3, 9), 0)
!!!!! from org !!!!!!
cargo(null, null)
Cargo [id=null, cell=null, time=null, clock=null]
!!!!! from org !!!!!!
cargo(null, null)
Cargo [id=null, cell=null, time=null, clock=null]
from/for agent a1  status(position(3, 9), 0)
from/for agent t1  status(position(13, 19), 0)
from/for agent a2  status(position(3, 10), 0)
!!!!! from org !!!!!!
cargo(null, null)
Cargo [id=null, cell=null, time=null, clock=null]
!!!!! from org !!!!!!
position(t1, null)
Position [agent=t1, id=null, cell=null, time=null, clock=null]
!!!!! from org !!!!!!
cargo(null, null)
Cargo [id=null, cell=null, time=null, clock=null]
!!!!! from org !!!!!!
position(t1, null)
Position [agent=t1, id=null, cell=null, time=null, clock=null]
!!!!! from org !!!!!!
position(t1, null)
Position [agent=t1, id=null, cell=null, time=null, clock=null]
from/for agent a3  status(position(3, 10), 0)
!!!!! from org !!!!!!
position(t1, null)
Position [agent=t1, id=null, cell=null, time=null, clock=null]
!!!!! from org !!!!!!
position(t1, null)
Position [agent=t1, id=null, cell=null, time=null, clock=null]
!!!!! from org !!!!!!
position(t1, null)
Position [agent=t1, id=null, cell=null, time=null, clock=null]
!!!!! from org !!!!!!
position(t1, null)
Position [agent=t1, id=null, cell=null, time=null, clock=null]
from/for agent a1  status(position(3, 10), 0)
from/for agent t1  status(position(12, 19), 0)
from/for agent a2  status(position(4, 10), 0)
!!!!! from org !!!!!!
position(a1, null)
Position [agent=a1, id=null, cell=null, time=null, clock=null]
!!!!! from org !!!!!!
position(a1, null)
Position [agent=a1, id=null, cell=null, time=null, clock=null]
!!!!! from org !!!!!!
position(t1, null)
Position [agent=t1, id=null, cell=null, time=null, clock=null]
!!!!! from org !!!!!!
position(a1, null)
Position [agent=a1, id=null, cell=null, time=null, clock=null]
from/for agent a3  status(position(4, 10), 0)
!!!!! from org !!!!!!
position(a1, null)
Position [agent=a1, id=null, cell=null, time=null, clock=null]
!!!!! from org !!!!!!
position(a1, null)
Position [agent=a1, id=null, cell=null, time=null, clock=null]
[Prohibition [agent=a1, prohibition=[at(5, 5, a1)], sanction=[reduce_300(a1)], clock=0, time=Tue May 28 14:35:44 BST 2013]]
prohibition(at(6, 6, a1), reduce_300(a1))
!!!!! from org !!!!!!
position(a2, null)
!!!!! from org !!!!!!
Position [agent=a2, id=null, cell=null, time=null, clock=null]
position(a1, null)
Position [agent=a1, id=null, cell=null, time=null, clock=null]
from/for agent a1  status(position(4, 10), 0)
[Prohibition [agent=a1, prohibition=[at(5, 5, a1)], sanction=[reduce_300(a1)], clock=0, time=Tue May 28 14:35:44 BST 2013]]
prohibition(at(6, 6, a1), reduce_300(a1))
from/for agent t1  status(position(11, 19), 0)
from/for agent a2  status(position(5, 10), 0)
!!!!! from org !!!!!!
position(a1, null)
Position [agent=a1, id=null, cell=null, time=null, clock=null]
[Prohibition [agent=a2, prohibition=[at(5, 5, a2)], sanction=[reduce_300(a2)], clock=0, time=Tue May 28 14:35:44 BST 2013]]
prohibition(at(6, 6, a2), reduce_300(a2))
!!!!! from org !!!!!!
position(a2, null)
Position [agent=a2, id=null, cell=null, time=null, clock=null]
from/for agent a3  status(position(5, 10), 0)
!!!!! from org !!!!!!
position(a1, null)
Position [agent=a1, id=null, cell=null, time=null, clock=null]
[Prohibition [agent=a2, prohibition=[at(5, 5, a2)], sanction=[reduce_300(a2)], clock=0, time=Tue May 28 14:35:44 BST 2013]]
prohibition(at(6, 6, a2), reduce_300(a2))
!!!!! from org !!!!!!
position(a2, null)
Position [agent=a2, id=null, cell=null, time=null, clock=null]
[Prohibition [agent=a3, prohibition=[at(5, 5, a3)], sanction=[reduce_300(a3)], clock=0, time=Tue May 28 14:35:44 BST 2013]]
[Prohibition [agent=a3, prohibition=[at(5, 6, a3)], sanction=[reduce_300(a3)], clock=0, time=Tue May 28 14:35:44 BST 2013]]
prohibition(at(6, 6, a3), reduce_300(a3))
prohibition(at(5, 6, a3), reduce_300(a3))
!!!!! from org !!!!!!
position(a2, null)
Position [agent=a2, id=null, cell=null, time=null, clock=null]
!!!!! from org !!!!!!
position(a2, null)
Position [agent=a2, id=null, cell=null, time=null, clock=null]
!!!!! from org !!!!!!
!!!!! from org !!!!!!
position(a3, null)
position(a2, null)
Position [agent=a3, id=null, cell=null, time=null, clock=null]
Position [agent=a2, id=null, cell=null, time=null, clock=null]
from/for agent a1  status(position(5, 10), 0)
from/for agent t1  status(position(10, 19), 0)
from/for agent a2  status(position(6, 10), 0)
!!!!! from org !!!!!!
position(a3, null)
Position [agent=a3, id=null, cell=null, time=null, clock=null]
from/for agent a3  status(position(6, 10), 0)
!!!!! from org !!!!!!
position(a2, null)
Position [agent=a2, id=null, cell=null, time=null, clock=null]
!!!!! from org !!!!!!
position(a3, null)
Position [agent=a3, id=null, cell=null, time=null, clock=null]
!!!!! from org !!!!!!
position(a2, null)
Position [agent=a2, id=null, cell=null, time=null, clock=null]
from/for agent a1  status(position(6, 10), 0)
!!!!! from org !!!!!!
position(a3, null)
Position [agent=a3, id=null, cell=null, time=null, clock=null]
!!!!! from org !!!!!!
position(a3, null)
Position [agent=a3, id=null, cell=null, time=null, clock=null]
!!!!! from org !!!!!!
cargo(null, null)
Cargo [id=null, cell=null, time=null, clock=null]
from/for agent t1  status(position(9, 19), 0)
from/for agent a2  status(position(7, 10), 0)
from/for agent a3  status(position(7, 10), 0)
!!!!! from org !!!!!!
cargo(null, null)
Cargo [id=null, cell=null, time=null, clock=null]
!!!!! from org !!!!!!
position(a3, null)
Position [agent=a3, id=null, cell=null, time=null, clock=null]
!!!!! from org !!!!!!
cargo(null, null)
Cargo [id=null, cell=null, time=null, clock=null]
from/for agent a1  status(position(7, 10), 0)
!!!!! from org !!!!!!
position(a3, null)
Position [agent=a3, id=null, cell=null, time=null, clock=null]
!!!!! from org !!!!!!
cargo(null, null)
Cargo [id=null, cell=null, time=null, clock=null]
from/for agent t1  status(position(8, 19), 0)
!!!!! from org !!!!!!
position(a3, null)
Position [agent=a3, id=null, cell=null, time=null, clock=null]
!!!!! from org !!!!!!
coin(null, null)
Coin [id=null, cell=null, agent=null, time=null, clock=null]
from/for agent a2  status(position(8, 10), 0)
from/for agent a3  status(position(8, 10), 0)
!!!!! from org !!!!!!
coin(null, null)
Coin [id=null, cell=null, agent=null, time=null, clock=null]
!!!!! from org !!!!!!
cargo(null, null)
Cargo [id=null, cell=null, time=null, clock=null]
from/for agent a1  status(position(8, 10), 0)
!!!!! from org !!!!!!
coin(null, null)
Coin [id=null, cell=null, agent=null, time=null, clock=null]
!!!!! from org !!!!!!
coin(null, null)
Coin [id=null, cell=null, agent=null, time=null, clock=null]
!!!!! from org !!!!!!
reading(null, null, a1, null)
Reading [id=null, agent=a1, cell=null, time=null, value=null, clock=null]
from/for agent t1  status(position(7, 19), 0)
from/for agent a2  status(position(9, 10), 0)
!!!!! from org !!!!!!
reading(null, null, a2, null)
Reading [id=null, agent=a2, cell=null, time=null, value=null, clock=null]
!!!!! from org !!!!!!
coin(null, null)
Coin [id=null, cell=null, agent=null, time=null, clock=null]
from/for agent a3  status(position(9, 10), 0)
from/for agent a1  status(position(9, 10), 0)
!!!!! from org !!!!!!
reading(null, null, a3, null)
Reading [id=null, agent=a3, cell=null, time=null, value=null, clock=null]
!!!!! from org !!!!!!
coin(null, null)
Coin [id=null, cell=null, agent=null, time=null, clock=null]
!!!!! from org !!!!!!
reading(null, null, a1, null)
Reading [id=null, agent=a1, cell=null, time=null, value=null, clock=null]
!!!!! from org !!!!!!
reading(null, null, a1, null)
Reading [id=null, agent=a1, cell=null, time=null, value=null, clock=null]
from/for agent t1  status(position(6, 19), 0)
!!!!! from org !!!!!!
reading(null, null, a2, null)
Reading [id=null, agent=a2, cell=null, time=null, value=null, clock=null]
!!!!! from org !!!!!!
reading(null, null, a2, null)
Reading [id=null, agent=a2, cell=null, time=null, value=null, clock=null]
from/for agent a2  status(position(10, 10), 0)
!!!!! from org !!!!!!
reading(null, null, a3, null)
Reading [id=null, agent=a3, cell=null, time=null, value=null, clock=null]
from/for agent a3  status(position(10, 10), 0)
!!!!! from org !!!!!!
reading(null, null, a3, null)
Reading [id=null, agent=a3, cell=null, time=null, value=null, clock=null]
from/for agent a1  status(position(10, 10), 0)
!!!!! from org !!!!!!
cargo(null, null)
Cargo [id=null, cell=null, time=null, clock=null]
!!!!! from org !!!!!!
reading(null, null, a1, null)
Reading [id=null, agent=a1, cell=null, time=null, value=null, clock=null]
!!!!! from org !!!!!!
coin(null, null, c1)
Coin [id=null, cell=null, agent=c1, time=null, clock=null]
from/for agent t1  status(position(5, 19), 0)
!!!!! from org !!!!!!
reading(null, null, a2, null)
Reading [id=null, agent=a2, cell=null, time=null, value=null, clock=null]
!!!!! from org !!!!!!
coin(null, null, c1)
Coin [id=null, cell=null, agent=c1, time=null, clock=null]
!!!!! from org !!!!!!
reading(null, null, a3, null)
Reading [id=null, agent=a3, cell=null, time=null, value=null, clock=null]
!!!!! from org !!!!!!
position(a1, null)
Position [agent=a1, id=null, cell=null, time=null, clock=null]
!!!!! from org !!!!!!
cargo(null, null)
Cargo [id=null, cell=null, time=null, clock=null]
from/for agent t1  status(position(4, 19), 0)
!!!!! from org !!!!!!
coin(null, null, c1)
Coin [id=null, cell=null, agent=c1, time=null, clock=null]
!!!!! from org !!!!!!
position(a2, null)
Position [agent=a2, id=null, cell=null, time=null, clock=null]
!!!!! from org !!!!!!
coin(null, null, c1)
Coin [id=null, cell=null, agent=c1, time=null, clock=null]
!!!!! from org !!!!!!
position(a3, null)
Position [agent=a3, id=null, cell=null, time=null, clock=null]
from/for agent t1  status(position(3, 19), 0)
!!!!! from org !!!!!!
position(a1, null)
Position [agent=a1, id=null, cell=null, time=null, clock=null]
!!!!! from org !!!!!!
position(a1, null)
Position [agent=a1, id=null, cell=null, time=null, clock=null]
!!!!! from org !!!!!!
position(a2, null)
Position [agent=a2, id=null, cell=null, time=null, clock=null]
from/for agent t1  status(position(2, 19), 0)
!!!!! from org !!!!!!
position(a2, null)
Position [agent=a2, id=null, cell=null, time=null, clock=null]
!!!!! from org !!!!!!
position(a3, null)
Position [agent=a3, id=null, cell=null, time=null, clock=null]
!!!!! from org !!!!!!
position(a3, null)
Position [agent=a3, id=null, cell=null, time=null, clock=null]
!!!!! from org !!!!!!
position(a1, null)
Position [agent=a1, id=null, cell=null, time=null, clock=null]
from/for agent t1  status(position(2, 18), 0)
!!!!! from org !!!!!!
position(a2, null)
Position [agent=a2, id=null, cell=null, time=null, clock=null]
!!!!! from org !!!!!!
position(a1, null)
Position [agent=a1, id=null, cell=null, time=null, clock=null]
!!!!! from org !!!!!!
position(a3, null)
Position [agent=a3, id=null, cell=null, time=null, clock=null]
!!!!! from org !!!!!!
position(a2, null)
Position [agent=a2, id=null, cell=null, time=null, clock=null]
from/for agent t1  status(position(2, 17), 0)
!!!!! from org !!!!!!
position(a1, null)
Position [agent=a1, id=null, cell=null, time=null, clock=null]
!!!!! from org !!!!!!
position(a3, null)
Position [agent=a3, id=null, cell=null, time=null, clock=null]
!!!!! from org !!!!!!
position(a2, null)
Position [agent=a2, id=null, cell=null, time=null, clock=null]
!!!!! from org !!!!!!
reading(null, null, a1, null)
Reading [id=null, agent=a1, cell=null, time=null, value=null, clock=null]
from/for agent t1  status(position(2, 16), 0)
!!!!! from org !!!!!!
reading(null, null, a2, null)
Reading [id=null, agent=a2, cell=null, time=null, value=null, clock=null]
!!!!! from org !!!!!!
position(a3, null)
Position [agent=a3, id=null, cell=null, time=null, clock=null]
!!!!! from org !!!!!!
reading(null, null, a3, null)
Reading [id=null, agent=a3, cell=null, time=null, value=null, clock=null]
from/for agent t1  status(position(2, 15), 0)
!!!!! from org !!!!!!
reading(null, null, a1, null)
Reading [id=null, agent=a1, cell=null, time=null, value=null, clock=null]
!!!!! from org !!!!!!
cargo(null, null)
Cargo [id=null, cell=null, time=null, clock=null]
!!!!! from org !!!!!!
reading(null, null, a2, null)
Reading [id=null, agent=a2, cell=null, time=null, value=null, clock=null]
!!!!! from org !!!!!!
position(t1, null)
Position [agent=t1, id=null, cell=null, time=null, clock=null]
!!!!! from org !!!!!!
reading(null, null, a3, null)
Reading [id=null, agent=a3, cell=null, time=null, value=null, clock=null]
from/for agent t1  status(position(2, 14), 0)
!!!!! from org !!!!!!
cargo(null, null)
Cargo [id=null, cell=null, time=null, clock=null]
!!!!! from org !!!!!!
position(t1, null)
Position [agent=t1, id=null, cell=null, time=null, clock=null]
!!!!! from org !!!!!!
position(t1, null)
Position [agent=t1, id=null, cell=null, time=null, clock=null]
from/for agent t1  status(position(2, 13), 0)
!!!!! from org !!!!!!
position(t1, null)
Position [agent=t1, id=null, cell=null, time=null, clock=null]
!!!!! from org !!!!!!
position(t1, null)
Position [agent=t1, id=null, cell=null, time=null, clock=null]
from/for agent t1  status(position(2, 12), 0)
!!!!! from org !!!!!!
position(t1, null)
Position [agent=t1, id=null, cell=null, time=null, clock=null]
!!!!! from org !!!!!!
position(t1, null)
Position [agent=t1, id=null, cell=null, time=null, clock=null]
from/for agent t1  status(position(2, 11), 0)
!!!!! from org !!!!!!
position(t1, null)
Position [agent=t1, id=null, cell=null, time=null, clock=null]
!!!!! from org !!!!!!
position(a1, null)
Position [agent=a1, id=null, cell=null, time=null, clock=null]
!!!!! from org !!!!!!
position(a1, null)
Position [agent=a1, id=null, cell=null, time=null, clock=null]
from/for agent t1  status(position(2, 10), 0)
!!!!! from org !!!!!!
!!!!! from org !!!!!!
position(a1, null)
position(a1, null)
Position [agent=a1, id=null, cell=null, time=null, clock=null]
Position [agent=a1, id=null, cell=null, time=null, clock=null]
!!!!! from org !!!!!!
position(a1, null)
!!!!! from org !!!!!!
Position [agent=a1, id=null, cell=null, time=null, clock=null]
position(a1, null)
Position [agent=a1, id=null, cell=null, time=null, clock=null]
from/for agent t1  status(position(2, 9), 0)
!!!!! from org !!!!!!
!!!!! from org !!!!!!
position(a1, null)
position(a1, null)
Position [agent=a1, id=null, cell=null, time=null, clock=null]
Position [agent=a1, id=null, cell=null, time=null, clock=null]
!!!!! from org !!!!!!
!!!!! from org !!!!!!
position(a2, null)
position(a2, null)
Position [agent=a2, id=null, cell=null, time=null, clock=null]
Position [agent=a2, id=null, cell=null, time=null, clock=null]
from/for agent t1  status(position(2, 8), 0)
!!!!! from org !!!!!!
position(a2, null)
!!!!! from org !!!!!!
Position [agent=a2, id=null, cell=null, time=null, clock=null]
position(a2, null)
Position [agent=a2, id=null, cell=null, time=null, clock=null]
!!!!! from org !!!!!!
position(a2, null)
Position [agent=a2, id=null, cell=null, time=null, clock=null]
!!!!! from org !!!!!!
position(a2, null)
Position [agent=a2, id=null, cell=null, time=null, clock=null]
from/for agent t1  status(position(2, 7), 0)
!!!!! from org !!!!!!
position(a2, null)
Position [agent=a2, id=null, cell=null, time=null, clock=null]
!!!!! from org !!!!!!
position(a2, null)
Position [agent=a2, id=null, cell=null, time=null, clock=null]
!!!!! from org !!!!!!
!!!!! from org !!!!!!
position(a3, null)
position(a3, null)
Position [agent=a3, id=null, cell=null, time=null, clock=null]
Position [agent=a3, id=null, cell=null, time=null, clock=null]
from/for agent t1  status(position(2, 6), 0)
!!!!! from org !!!!!!
!!!!! from org !!!!!!
position(a3, null)
Position [agent=a3, id=null, cell=null, time=null, clock=null]
position(a3, null)
Position [agent=a3, id=null, cell=null, time=null, clock=null]
!!!!! from org !!!!!!
!!!!! from org !!!!!!
position(a3, null)
position(a3, null)
Position [agent=a3, id=null, cell=null, time=null, clock=null]
Position [agent=a3, id=null, cell=null, time=null, clock=null]
from/for agent t1  status(position(2, 5), 0)
!!!!! from org !!!!!!
position(a3, null)
!!!!! from org !!!!!!
Position [agent=a3, id=null, cell=null, time=null, clock=null]
position(a3, null)
Position [agent=a3, id=null, cell=null, time=null, clock=null]
!!!!! from org !!!!!!
cargo(null, null)
!!!!! from org !!!!!!
cargo(null, null)
Cargo [id=null, cell=null, time=null, clock=null]
Cargo [id=null, cell=null, time=null, clock=null]
from/for agent t1  status(position(2, 4), 0)
!!!!! from org !!!!!!
!!!!! from org !!!!!!
position(t1, null)
position(t1, null)
Position [agent=t1, id=null, cell=null, time=null, clock=null]
Position [agent=t1, id=null, cell=null, time=null, clock=null]
!!!!! from org !!!!!!
!!!!! from org !!!!!!
position(t1, null)
position(t1, null)
Position [agent=t1, id=null, cell=null, time=null, clock=null]
Position [agent=t1, id=null, cell=null, time=null, clock=null]
from/for agent t1  status(position(2, 3), 0)
!!!!! from org !!!!!!
position(t1, null)
Position [agent=t1, id=null, cell=null, time=null, clock=null]
!!!!! from org !!!!!!
position(t1, null)
!!!!! from org !!!!!!
Position [agent=t1, id=null, cell=null, time=null, clock=null]
position(t1, null)
Position [agent=t1, id=null, cell=null, time=null, clock=null]
from/for agent t1  status(position(2, 2), 0)
!!!!! from org !!!!!!
position(t1, null)
Position [agent=t1, id=null, cell=null, time=null, clock=null]
!!!!! from org !!!!!!
position(a1, null)
Position [agent=a1, id=null, cell=null, time=null, clock=null]
!!!!! from org !!!!!!
position(a1, null)
Position [agent=a1, id=null, cell=null, time=null, clock=null]
from/for agent t1  cargo(position(19, 19), 0)
!!!!! from org !!!!!!
position(a1, null)
Position [agent=a1, id=null, cell=null, time=null, clock=null]
!!!!! from org !!!!!!
!!!!! from org !!!!!!
position(a1, null)
position(a1, null)
Position [agent=a1, id=null, cell=null, time=null, clock=null]
Position [agent=a1, id=null, cell=null, time=null, clock=null]
!!!!! from org !!!!!!
!!!!! from org !!!!!!
position(a1, null)
position(a1, null)
Position [agent=a1, id=null, cell=null, time=null, clock=null]
Position [agent=a1, id=null, cell=null, time=null, clock=null]
!!!!! from org !!!!!!
position(a1, null)
!!!!! from org !!!!!!
position(a2, null)
Position [agent=a1, id=null, cell=null, time=null, clock=null]
Position [agent=a2, id=null, cell=null, time=null, clock=null]
!!!!! from org !!!!!!
position(a2, null)
Position [agent=a2, id=null, cell=null, time=null, clock=null]
!!!!! from org !!!!!!
position(a2, null)
Position [agent=a2, id=null, cell=null, time=null, clock=null]
!!!!! from org !!!!!!
!!!!! from org !!!!!!
position(a2, null)
position(a2, null)
Position [agent=a2, id=null, cell=null, time=null, clock=null]
Position [agent=a2, id=null, cell=null, time=null, clock=null]
!!!!! from org !!!!!!
position(a2, null)
!!!!! from org !!!!!!
position(a2, null)
Position [agent=a2, id=null, cell=null, time=null, clock=null]
Position [agent=a2, id=null, cell=null, time=null, clock=null]
!!!!! from org !!!!!!
position(a2, null)
Position [agent=a2, id=null, cell=null, time=null, clock=null]
!!!!! from org !!!!!!
position(a3, null)
!!!!! from org !!!!!!
Position [agent=a3, id=null, cell=null, time=null, clock=null]
position(a3, null)
Position [agent=a3, id=null, cell=null, time=null, clock=null]
!!!!! from org !!!!!!
!!!!! from org !!!!!!
position(a3, null)
position(a3, null)
Position [agent=a3, id=null, cell=null, time=null, clock=null]
Position [agent=a3, id=null, cell=null, time=null, clock=null]
!!!!! from org !!!!!!
!!!!! from org !!!!!!
position(a3, null)
position(a3, null)
Position [agent=a3, id=null, cell=null, time=null, clock=null]
Position [agent=a3, id=null, cell=null, time=null, clock=null]
!!!!! from org !!!!!!
position(a3, null)
Position [agent=a3, id=null, cell=null, time=null, clock=null]
!!!!! from org !!!!!!
position(a3, null)
Position [agent=a3, id=null, cell=null, time=null, clock=null]
!!!!! from org !!!!!!
!!!!! from org !!!!!!
cargo(null, null)
cargo(null, null)
Cargo [id=null, cell=null, time=null, clock=null]
Cargo [id=null, cell=null, time=null, clock=null]
!!!!! from org !!!!!!
position(t1, null)
!!!!! from org !!!!!!
position(t1, null)
Position [agent=t1, id=null, cell=null, time=null, clock=null]
Position [agent=t1, id=null, cell=null, time=null, clock=null]
!!!!! from org !!!!!!
!!!!! from org !!!!!!
position(t1, null)
position(t1, null)
Position [agent=t1, id=null, cell=null, time=null, clock=null]
Position [agent=t1, id=null, cell=null, time=null, clock=null]
!!!!! from org !!!!!!
position(t1, null)
!!!!! from org !!!!!!
position(t1, null)
Position [agent=t1, id=null, cell=null, time=null, clock=null]
Position [agent=t1, id=null, cell=null, time=null, clock=null]
!!!!! from org !!!!!!
position(t1, null)
!!!!! from org !!!!!!
position(t1, null)
Position [agent=t1, id=null, cell=null, time=null, clock=null]
Position [agent=t1, id=null, cell=null, time=null, clock=null]
!!!!! from org !!!!!!
position(a1, null)
!!!!! from org !!!!!!
Position [agent=a1, id=null, cell=null, time=null, clock=null]
position(a1, null)
Position [agent=a1, id=null, cell=null, time=null, clock=null]
!!!!! from org !!!!!!
position(a1, null)
Position [agent=a1, id=null, cell=null, time=null, clock=null]
!!!!! from org !!!!!!
position(a1, null)
Position [agent=a1, id=null, cell=null, time=null, clock=null]
!!!!! from org !!!!!!
!!!!! from org !!!!!!
position(a1, null)
position(a1, null)
Position [agent=a1, id=null, cell=null, time=null, clock=null]
Position [agent=a1, id=null, cell=null, time=null, clock=null]
!!!!! from org !!!!!!
position(a1, null)
!!!!! from org !!!!!!
Position [agent=a1, id=null, cell=null, time=null, clock=null]
position(a1, null)
Position [agent=a1, id=null, cell=null, time=null, clock=null]
!!!!! from org !!!!!!
position(a2, null)
!!!!! from org !!!!!!
Position [agent=a2, id=null, cell=null, time=null, clock=null]
position(a2, null)
Position [agent=a2, id=null, cell=null, time=null, clock=null]
!!!!! from org !!!!!!
!!!!! from org !!!!!!
position(a2, null)
position(a2, null)
Position [agent=a2, id=null, cell=null, time=null, clock=null]
Position [agent=a2, id=null, cell=null, time=null, clock=null]
!!!!! from org !!!!!!
position(a2, null)
!!!!! from org !!!!!!
Position [agent=a2, id=null, cell=null, time=null, clock=null]
position(a2, null)
Position [agent=a2, id=null, cell=null, time=null, clock=null]
!!!!! from org !!!!!!
position(a2, null)
!!!!! from org !!!!!!
Position [agent=a2, id=null, cell=null, time=null, clock=null]
position(a2, null)
Position [agent=a2, id=null, cell=null, time=null, clock=null]
!!!!! from org !!!!!!
!!!!! from org !!!!!!
position(a3, null)
position(a3, null)
Position [agent=a3, id=null, cell=null, time=null, clock=null]
Position [agent=a3, id=null, cell=null, time=null, clock=null]
!!!!! from org !!!!!!
position(a3, null)
Position [agent=a3, id=null, cell=null, time=null, clock=null]
!!!!! from org !!!!!!
position(a3, null)
Position [agent=a3, id=null, cell=null, time=null, clock=null]
!!!!! from org !!!!!!
!!!!! from org !!!!!!
position(a3, null)
position(a3, null)
Position [agent=a3, id=null, cell=null, time=null, clock=null]
Position [agent=a3, id=null, cell=null, time=null, clock=null]
!!!!! from org !!!!!!
position(a3, null)
Position [agent=a3, id=null, cell=null, time=null, clock=null]
!!!!! from org !!!!!!
position(a3, null)
Position [agent=a3, id=null, cell=null, time=null, clock=null]
org notified 
org notified 
!!!!! from org !!!!!!
!!!!! from org !!!!!!
cargo(null, null)
cargo(null, null)
Cargo [id=null, cell=null, time=null, clock=null]
Cargo [id=null, cell=null, time=null, clock=null]
from/for agent t1  from/for agent t1  obligation([cargo(_, _, _)], 10, [reduce_100(t1)])
obligation([cargo(_, _, _)], 10, [reduce_100(t1)])
!!!!! from org !!!!!!
coin(null, null)
Coin [id=null, cell=null, agent=null, time=null, clock=null]
!!!!! from org !!!!!!
coin(null, null)
Coin [id=null, cell=null, agent=null, time=null, clock=null]
!!!!! from org !!!!!!
coin(null, null)
!!!!! from org !!!!!!
Coin [id=null, cell=null, agent=null, time=null, clock=null]
coin(null, null)
Coin [id=null, cell=null, agent=null, time=null, clock=null]
[Obligation [agent=t1, obligation=[cargo(_, _, _)], sanction=[reduce_100(t1)], deadline=10, time=Tue May 28 14:36:08 BST 2013, clock=0]]
[Obligation [agent=t1, obligation=[cargo(_, _, _)], sanction=[reduce_100(t1)], deadline=10, time=Tue May 28 14:35:38 BST 2013, clock=0]]
obligation(cargo(_, _, _, t1), 10, reduce_100(t1))
obligation(cargo(_, _, _, t1), 10, reduce_100(t1))
!!!!! from org !!!!!!
!!!!! from org !!!!!!
coin(null, null)
coin(null, null)
Coin [id=null, cell=null, agent=null, time=null, clock=null]
Coin [id=null, cell=null, agent=null, time=null, clock=null]
!!!!! from org !!!!!!
!!!!! from org !!!!!!
reading(null, null, a1, null)
reading(null, null, a1, null)
Reading [id=null, agent=a1, cell=null, time=null, value=null, clock=null]
Reading [id=null, agent=a1, cell=null, time=null, value=null, clock=null]
!!!!! from org !!!!!!
reading(null, null, a2, null)
Reading [id=null, agent=a2, cell=null, time=null, value=null, clock=null]
!!!!! from org !!!!!!
reading(null, null, a2, null)
Reading [id=null, agent=a2, cell=null, time=null, value=null, clock=null]
from/for agent t1  cargo(position(2, 2), 0)
!!!!! from org !!!!!!
reading(null, null, a3, null)
!!!!! from org !!!!!!
Reading [id=null, agent=a3, cell=null, time=null, value=null, clock=null]
reading(null, null, a3, null)
Reading [id=null, agent=a3, cell=null, time=null, value=null, clock=null]
!!!!! from org !!!!!!
reading(null, null, a1, null)
Reading [id=null, agent=a1, cell=null, time=null, value=null, clock=null]
!!!!! from org !!!!!!
reading(null, null, a1, null)
Reading [id=null, agent=a1, cell=null, time=null, value=null, clock=null]
!!!!! from org !!!!!!
reading(null, null, a2, null)
Reading [id=null, agent=a2, cell=null, time=null, value=null, clock=null]
!!!!! from org !!!!!!
reading(null, null, a2, null)
Reading [id=null, agent=a2, cell=null, time=null, value=null, clock=null]
!!!!! from org !!!!!!
reading(null, null, a3, null)
!!!!! from org !!!!!!
Reading [id=null, agent=a3, cell=null, time=null, value=null, clock=null]
reading(null, null, a3, null)
Reading [id=null, agent=a3, cell=null, time=null, value=null, clock=null]
!!!!! from org !!!!!!
!!!!! from org !!!!!!
cargo(null, null)
cargo(null, null)
Cargo [id=null, cell=null, time=null, clock=null]
Cargo [id=null, cell=null, time=null, clock=null]
!!!!! from org !!!!!!
!!!!! from org !!!!!!
coin(null, null, c1)
coin(null, null, c1)
Coin [id=null, cell=null, agent=c1, time=null, clock=null]
Coin [id=null, cell=null, agent=c1, time=null, clock=null]
!!!!! from org !!!!!!
!!!!! from org !!!!!!
coin(null, null, c1)
coin(null, null, c1)
Coin [id=null, cell=null, agent=c1, time=null, clock=null]
Coin [id=null, cell=null, agent=c1, time=null, clock=null]
!!!!! from org !!!!!!
!!!!! from org !!!!!!
position(a1, null)
position(a1, null)
Position [agent=a1, id=null, cell=null, time=null, clock=null]
Position [agent=a1, id=null, cell=null, time=null, clock=null]
!!!!! from org !!!!!!
!!!!! from org !!!!!!
position(a2, null)
position(a2, null)
Position [agent=a2, id=null, cell=null, time=null, clock=null]
Position [agent=a2, id=null, cell=null, time=null, clock=null]
!!!!! from org !!!!!!
position(a3, null)
!!!!! from org !!!!!!
Position [agent=a3, id=null, cell=null, time=null, clock=null]
position(a3, null)
Position [agent=a3, id=null, cell=null, time=null, clock=null]
!!!!! from org !!!!!!
!!!!! from org !!!!!!
position(a1, null)
position(a1, null)
Position [agent=a1, id=null, cell=null, time=null, clock=null]
Position [agent=a1, id=null, cell=null, time=null, clock=null]
!!!!! from org !!!!!!
!!!!! from org !!!!!!
position(a2, null)
position(a2, null)
Position [agent=a2, id=null, cell=null, time=null, clock=null]
Position [agent=a2, id=null, cell=null, time=null, clock=null]
!!!!! from org !!!!!!
!!!!! from org !!!!!!
position(a3, null)
position(a3, null)
Position [agent=a3, id=null, cell=null, time=null, clock=null]
Position [agent=a3, id=null, cell=null, time=null, clock=null]
!!!!! from org !!!!!!
!!!!! from org !!!!!!
position(a1, null)
position(a1, null)
Position [agent=a1, id=null, cell=null, time=null, clock=null]
Position [agent=a1, id=null, cell=null, time=null, clock=null]
!!!!! from org !!!!!!
!!!!! from org !!!!!!
position(a2, null)
position(a2, null)
Position [agent=a2, id=null, cell=null, time=null, clock=null]
Position [agent=a2, id=null, cell=null, time=null, clock=null]
!!!!! from org !!!!!!
!!!!! from org !!!!!!
position(a3, null)
position(a3, null)
Position [agent=a3, id=null, cell=null, time=null, clock=null]
Position [agent=a3, id=null, cell=null, time=null, clock=null]
!!!!! from org !!!!!!
reading(null, null, a1, null)
Reading [id=null, agent=a1, cell=null, time=null, value=null, clock=null]
!!!!! from org !!!!!!
reading(null, null, a1, null)
Reading [id=null, agent=a1, cell=null, time=null, value=null, clock=null]
!!!!! from org !!!!!!
!!!!! from org !!!!!!
reading(null, null, a2, null)
reading(null, null, a2, null)
Reading [id=null, agent=a2, cell=null, time=null, value=null, clock=null]
Reading [id=null, agent=a2, cell=null, time=null, value=null, clock=null]
!!!!! from org !!!!!!
reading(null, null, a3, null)
!!!!! from org !!!!!!
Reading [id=null, agent=a3, cell=null, time=null, value=null, clock=null]
reading(null, null, a3, null)
Reading [id=null, agent=a3, cell=null, time=null, value=null, clock=null]
!!!!! from org !!!!!!
cargo(null, null)
Cargo [id=null, cell=null, time=null, clock=null]
!!!!! from org !!!!!!
cargo(null, null)
Cargo [id=null, cell=null, time=null, clock=null]
!!!!! from org !!!!!!
position(t1, null)
Position [agent=t1, id=null, cell=null, time=null, clock=null]
!!!!! from org !!!!!!
position(t1, null)
Position [agent=t1, id=null, cell=null, time=null, clock=null]
!!!!! from org !!!!!!
position(t1, null)
Position [agent=t1, id=null, cell=null, time=null, clock=null]
!!!!! from org !!!!!!
position(t1, null)
Position [agent=t1, id=null, cell=null, time=null, clock=null]
!!!!! from org !!!!!!
!!!!! from org !!!!!!
position(t1, null)
position(t1, null)
Position [agent=t1, id=null, cell=null, time=null, clock=null]
Position [agent=t1, id=null, cell=null, time=null, clock=null]
!!!!! from org !!!!!!
position(t1, null)
Position [agent=t1, id=null, cell=null, time=null, clock=null]
!!!!! from org !!!!!!
position(t1, null)
Position [agent=t1, id=null, cell=null, time=null, clock=null]
!!!!! from org !!!!!!
!!!!! from org !!!!!!
position(a1, null)
position(a1, null)
Position [agent=a1, id=null, cell=null, time=null, clock=null]
Position [agent=a1, id=null, cell=null, time=null, clock=null]
!!!!! from org !!!!!!
position(a1, null)
Position [agent=a1, id=null, cell=null, time=null, clock=null]
!!!!! from org !!!!!!
position(a1, null)
Position [agent=a1, id=null, cell=null, time=null, clock=null]
!!!!! from org !!!!!!
!!!!! from org !!!!!!
position(a1, null)
position(a1, null)
Position [agent=a1, id=null, cell=null, time=null, clock=null]
Position [agent=a1, id=null, cell=null, time=null, clock=null]
!!!!! from org !!!!!!
position(a1, null)
Position [agent=a1, id=null, cell=null, time=null, clock=null]
!!!!! from org !!!!!!
position(a1, null)
Position [agent=a1, id=null, cell=null, time=null, clock=null]
!!!!! from org !!!!!!
position(a2, null)
Position [agent=a2, id=null, cell=null, time=null, clock=null]
!!!!! from org !!!!!!
position(a2, null)
Position [agent=a2, id=null, cell=null, time=null, clock=null]
!!!!! from org !!!!!!
position(a2, null)
Position [agent=a2, id=null, cell=null, time=null, clock=null]
!!!!! from org !!!!!!
position(a2, null)
Position [agent=a2, id=null, cell=null, time=null, clock=null]
!!!!! from org !!!!!!
!!!!! from org !!!!!!
position(a2, null)
position(a2, null)
Position [agent=a2, id=null, cell=null, time=null, clock=null]
Position [agent=a2, id=null, cell=null, time=null, clock=null]
!!!!! from org !!!!!!
!!!!! from org !!!!!!
position(a2, null)
position(a2, null)
Position [agent=a2, id=null, cell=null, time=null, clock=null]
Position [agent=a2, id=null, cell=null, time=null, clock=null]
!!!!! from org !!!!!!
!!!!! from org !!!!!!
position(a3, null)
position(a3, null)
Position [agent=a3, id=null, cell=null, time=null, clock=null]
Position [agent=a3, id=null, cell=null, time=null, clock=null]
!!!!! from org !!!!!!
position(a3, null)
!!!!! from org !!!!!!
Position [agent=a3, id=null, cell=null, time=null, clock=null]
position(a3, null)
Position [agent=a3, id=null, cell=null, time=null, clock=null]
!!!!! from org !!!!!!
!!!!! from org !!!!!!
position(a3, null)
position(a3, null)
Position [agent=a3, id=null, cell=null, time=null, clock=null]
Position [agent=a3, id=null, cell=null, time=null, clock=null]
!!!!! from org !!!!!!
!!!!! from org !!!!!!
position(a3, null)
position(a3, null)
Position [agent=a3, id=null, cell=null, time=null, clock=null]
Position [agent=a3, id=null, cell=null, time=null, clock=null]
!!!!! from org !!!!!!
!!!!! from org !!!!!!
cargo(null, null)
cargo(null, null)
Cargo [id=null, cell=null, time=null, clock=null]
Cargo [id=null, cell=null, time=null, clock=null]
!!!!! from org !!!!!!
cargo(null, null)
Cargo [id=null, cell=null, time=null, clock=null]
!!!!! from org !!!!!!
cargo(null, null)
Cargo [id=null, cell=null, time=null, clock=null]
!!!!! from org !!!!!!
cargo(null, null)
Cargo [id=null, cell=null, time=null, clock=null]
!!!!! from org !!!!!!
cargo(null, null)
Cargo [id=null, cell=null, time=null, clock=null]
!!!!! from org !!!!!!
!!!!! from org !!!!!!
cargo(null, null)
cargo(null, null)
Cargo [id=null, cell=null, time=null, clock=null]
Cargo [id=null, cell=null, time=null, clock=null]
!!!!! from org !!!!!!
!!!!! from org !!!!!!
coin(null, null)
Coin [id=null, cell=null, agent=null, time=null, clock=null]
coin(null, null)
Coin [id=null, cell=null, agent=null, time=null, clock=null]
!!!!! from org !!!!!!
!!!!! from org !!!!!!
coin(null, null)
coin(null, null)
Coin [id=null, cell=null, agent=null, time=null, clock=null]
Coin [id=null, cell=null, agent=null, time=null, clock=null]
!!!!! from org !!!!!!
!!!!! from org !!!!!!
coin(null, null)
coin(null, null)
Coin [id=null, cell=null, agent=null, time=null, clock=null]
Coin [id=null, cell=null, agent=null, time=null, clock=null]
!!!!! from org !!!!!!
!!!!! from org !!!!!!
reading(null, null, a1, null)
reading(null, null, a1, null)
Reading [id=null, agent=a1, cell=null, time=null, value=null, clock=null]
Reading [id=null, agent=a1, cell=null, time=null, value=null, clock=null]
!!!!! from org !!!!!!
reading(null, null, a2, null)
Reading [id=null, agent=a2, cell=null, time=null, value=null, clock=null]
!!!!! from org !!!!!!
reading(null, null, a2, null)
Reading [id=null, agent=a2, cell=null, time=null, value=null, clock=null]
!!!!! from org !!!!!!
reading(null, null, a3, null)
Reading [id=null, agent=a3, cell=null, time=null, value=null, clock=null]
!!!!! from org !!!!!!
reading(null, null, a3, null)
Reading [id=null, agent=a3, cell=null, time=null, value=null, clock=null]
!!!!! from org !!!!!!
reading(null, null, a1, null)
Reading [id=null, agent=a1, cell=null, time=null, value=null, clock=null]
!!!!! from org !!!!!!
reading(null, null, a1, null)
Reading [id=null, agent=a1, cell=null, time=null, value=null, clock=null]
!!!!! from org !!!!!!
reading(null, null, a2, null)
Reading [id=null, agent=a2, cell=null, time=null, value=null, clock=null]
!!!!! from org !!!!!!
reading(null, null, a2, null)
Reading [id=null, agent=a2, cell=null, time=null, value=null, clock=null]
!!!!! from org !!!!!!
reading(null, null, a3, null)
Reading [id=null, agent=a3, cell=null, time=null, value=null, clock=null]
!!!!! from org !!!!!!
reading(null, null, a3, null)
Reading [id=null, agent=a3, cell=null, time=null, value=null, clock=null]
!!!!! from org !!!!!!
cargo(null, null)
!!!!! from org !!!!!!
Cargo [id=null, cell=null, time=null, clock=null]
cargo(null, null)
Cargo [id=null, cell=null, time=null, clock=null]
!!!!! from org !!!!!!
!!!!! from org !!!!!!
coin(null, null, c1)
Coin [id=null, cell=null, agent=c1, time=null, clock=null]
coin(null, null, c1)
Coin [id=null, cell=null, agent=c1, time=null, clock=null]
!!!!! from org !!!!!!
!!!!! from org !!!!!!
coin(null, null, c1)
coin(null, null, c1)
Coin [id=null, cell=null, agent=c1, time=null, clock=null]
Coin [id=null, cell=null, agent=c1, time=null, clock=null]
!!!!! from org !!!!!!
!!!!! from org !!!!!!
position(a1, null)
position(a1, null)
Position [agent=a1, id=null, cell=null, time=null, clock=null]
Position [agent=a1, id=null, cell=null, time=null, clock=null]
!!!!! from org !!!!!!
!!!!! from org !!!!!!
position(a2, null)
position(a2, null)
Position [agent=a2, id=null, cell=null, time=null, clock=null]
Position [agent=a2, id=null, cell=null, time=null, clock=null]
!!!!! from org !!!!!!
!!!!! from org !!!!!!
position(a3, null)
position(a3, null)
Position [agent=a3, id=null, cell=null, time=null, clock=null]
Position [agent=a3, id=null, cell=null, time=null, clock=null]
!!!!! from org !!!!!!
position(a1, null)
Position [agent=a1, id=null, cell=null, time=null, clock=null]
!!!!! from org !!!!!!
position(a1, null)
Position [agent=a1, id=null, cell=null, time=null, clock=null]
!!!!! from org !!!!!!
position(a2, null)
!!!!! from org !!!!!!
Position [agent=a2, id=null, cell=null, time=null, clock=null]
position(a2, null)
Position [agent=a2, id=null, cell=null, time=null, clock=null]
!!!!! from org !!!!!!
position(a3, null)
Position [agent=a3, id=null, cell=null, time=null, clock=null]
!!!!! from org !!!!!!
position(a3, null)
Position [agent=a3, id=null, cell=null, time=null, clock=null]
!!!!! from org !!!!!!
position(a1, null)
!!!!! from org !!!!!!
Position [agent=a1, id=null, cell=null, time=null, clock=null]
position(a1, null)
Position [agent=a1, id=null, cell=null, time=null, clock=null]
!!!!! from org !!!!!!
!!!!! from org !!!!!!
position(a2, null)
position(a2, null)
Position [agent=a2, id=null, cell=null, time=null, clock=null]
Position [agent=a2, id=null, cell=null, time=null, clock=null]
!!!!! from org !!!!!!
position(a3, null)
Position [agent=a3, id=null, cell=null, time=null, clock=null]
!!!!! from org !!!!!!
position(a3, null)
Position [agent=a3, id=null, cell=null, time=null, clock=null]
!!!!! from org !!!!!!
!!!!! from org !!!!!!
reading(null, null, a1, null)
reading(null, null, a1, null)
Reading [id=null, agent=a1, cell=null, time=null, value=null, clock=null]
Reading [id=null, agent=a1, cell=null, time=null, value=null, clock=null]
!!!!! from org !!!!!!
reading(null, null, a2, null)
!!!!! from org !!!!!!
Reading [id=null, agent=a2, cell=null, time=null, value=null, clock=null]
reading(null, null, a2, null)
Reading [id=null, agent=a2, cell=null, time=null, value=null, clock=null]
!!!!! from org !!!!!!
!!!!! from org !!!!!!
reading(null, null, a3, null)
reading(null, null, a3, null)
Reading [id=null, agent=a3, cell=null, time=null, value=null, clock=null]
Reading [id=null, agent=a3, cell=null, time=null, value=null, clock=null]
!!!!! from org !!!!!!
cargo(null, null)
!!!!! from org !!!!!!
Cargo [id=null, cell=null, time=null, clock=null]
cargo(null, null)
Cargo [id=null, cell=null, time=null, clock=null]
!!!!! from org !!!!!!
!!!!! from org !!!!!!
position(t1, null)
position(t1, null)
Position [agent=t1, id=null, cell=null, time=null, clock=null]
Position [agent=t1, id=null, cell=null, time=null, clock=null]
!!!!! from org !!!!!!
!!!!! from org !!!!!!
position(t1, null)
position(t1, null)
Position [agent=t1, id=null, cell=null, time=null, clock=null]
Position [agent=t1, id=null, cell=null, time=null, clock=null]
!!!!! from org !!!!!!
!!!!! from org !!!!!!
position(t1, null)
position(t1, null)
Position [agent=t1, id=null, cell=null, time=null, clock=null]
Position [agent=t1, id=null, cell=null, time=null, clock=null]
!!!!! from org !!!!!!
!!!!! from org !!!!!!
position(t1, null)
position(t1, null)
Position [agent=t1, id=null, cell=null, time=null, clock=null]
Position [agent=t1, id=null, cell=null, time=null, clock=null]
!!!!! from org !!!!!!
!!!!! from org !!!!!!
position(a1, null)
position(a1, null)
Position [agent=a1, id=null, cell=null, time=null, clock=null]
Position [agent=a1, id=null, cell=null, time=null, clock=null]
!!!!! from org !!!!!!
!!!!! from org !!!!!!
position(a1, null)
position(a1, null)
Position [agent=a1, id=null, cell=null, time=null, clock=null]
Position [agent=a1, id=null, cell=null, time=null, clock=null]
!!!!! from org !!!!!!
!!!!! from org !!!!!!
position(a1, null)
position(a1, null)
Position [agent=a1, id=null, cell=null, time=null, clock=null]
Position [agent=a1, id=null, cell=null, time=null, clock=null]
!!!!! from org !!!!!!
!!!!! from org !!!!!!
position(a1, null)
position(a1, null)
Position [agent=a1, id=null, cell=null, time=null, clock=null]
Position [agent=a1, id=null, cell=null, time=null, clock=null]
!!!!! from org !!!!!!
position(a2, null)
!!!!! from org !!!!!!
Position [agent=a2, id=null, cell=null, time=null, clock=null]
position(a2, null)
Position [agent=a2, id=null, cell=null, time=null, clock=null]
!!!!! from org !!!!!!
position(a2, null)
Position [agent=a2, id=null, cell=null, time=null, clock=null]
!!!!! from org !!!!!!
!!!!! from org !!!!!!
position(a2, null)
position(a2, null)
Position [agent=a2, id=null, cell=null, time=null, clock=null]
Position [agent=a2, id=null, cell=null, time=null, clock=null]
!!!!! from org !!!!!!
position(a2, null)
!!!!! from org !!!!!!
Position [agent=a2, id=null, cell=null, time=null, clock=null]
position(a2, null)
Position [agent=a2, id=null, cell=null, time=null, clock=null]
!!!!! from org !!!!!!
!!!!! from org !!!!!!
position(a2, null)
position(a3, null)
Position [agent=a2, id=null, cell=null, time=null, clock=null]
Position [agent=a3, id=null, cell=null, time=null, clock=null]
!!!!! from org !!!!!!
!!!!! from org !!!!!!
position(a3, null)
position(a3, null)
Position [agent=a3, id=null, cell=null, time=null, clock=null]
Position [agent=a3, id=null, cell=null, time=null, clock=null]
!!!!! from org !!!!!!
position(a3, null)
Position [agent=a3, id=null, cell=null, time=null, clock=null]
!!!!! from org !!!!!!
position(a3, null)
Position [agent=a3, id=null, cell=null, time=null, clock=null]
!!!!! from org !!!!!!
position(a3, null)
Position [agent=a3, id=null, cell=null, time=null, clock=null]
!!!!! from org !!!!!!
position(a3, null)
Position [agent=a3, id=null, cell=null, time=null, clock=null]
!!!!! from org !!!!!!
position(a3, null)
Position [agent=a3, id=null, cell=null, time=null, clock=null]
!!!!! from org !!!!!!
cargo(null, null)
Cargo [id=null, cell=null, time=null, clock=null]
!!!!! from org !!!!!!
cargo(null, null)
Cargo [id=null, cell=null, time=null, clock=null]
!!!!! from org !!!!!!
position(t1, null)
Position [agent=t1, id=null, cell=null, time=null, clock=null]
!!!!! from org !!!!!!
position(t1, null)
Position [agent=t1, id=null, cell=null, time=null, clock=null]
!!!!! from org !!!!!!
!!!!! from org !!!!!!
position(t1, null)
position(t1, null)
Position [agent=t1, id=null, cell=null, time=null, clock=null]
Position [agent=t1, id=null, cell=null, time=null, clock=null]
!!!!! from org !!!!!!
!!!!! from org !!!!!!
position(t1, null)
position(t1, null)
Position [agent=t1, id=null, cell=null, time=null, clock=null]
Position [agent=t1, id=null, cell=null, time=null, clock=null]
!!!!! from org !!!!!!
!!!!! from org !!!!!!
position(t1, null)
position(t1, null)
Position [agent=t1, id=null, cell=null, time=null, clock=null]
Position [agent=t1, id=null, cell=null, time=null, clock=null]
!!!!! from org !!!!!!
!!!!! from org !!!!!!
position(a1, null)
position(a1, null)
Position [agent=a1, id=null, cell=null, time=null, clock=null]
Position [agent=a1, id=null, cell=null, time=null, clock=null]
!!!!! from org !!!!!!
position(a1, null)
!!!!! from org !!!!!!
Position [agent=a1, id=null, cell=null, time=null, clock=null]
position(a1, null)
Position [agent=a1, id=null, cell=null, time=null, clock=null]
!!!!! from org !!!!!!
!!!!! from org !!!!!!
position(a1, null)
position(a1, null)
Position [agent=a1, id=null, cell=null, time=null, clock=null]
Position [agent=a1, id=null, cell=null, time=null, clock=null]
!!!!! from org !!!!!!
position(a1, null)
!!!!! from org !!!!!!
Position [agent=a1, id=null, cell=null, time=null, clock=null]
position(a1, null)
Position [agent=a1, id=null, cell=null, time=null, clock=null]
!!!!! from org !!!!!!
position(a2, null)
!!!!! from org !!!!!!
Position [agent=a2, id=null, cell=null, time=null, clock=null]
position(a2, null)
Position [agent=a2, id=null, cell=null, time=null, clock=null]
!!!!! from org !!!!!!
!!!!! from org !!!!!!
position(a2, null)
Position [agent=a2, id=null, cell=null, time=null, clock=null]
position(a2, null)
Position [agent=a2, id=null, cell=null, time=null, clock=null]
!!!!! from org !!!!!!
position(a2, null)
Position [agent=a2, id=null, cell=null, time=null, clock=null]
!!!!! from org !!!!!!
position(a2, null)
Position [agent=a2, id=null, cell=null, time=null, clock=null]
!!!!! from org !!!!!!
!!!!! from org !!!!!!
position(a2, null)
position(a2, null)
Position [agent=a2, id=null, cell=null, time=null, clock=null]
Position [agent=a2, id=null, cell=null, time=null, clock=null]
!!!!! from org !!!!!!
!!!!! from org !!!!!!
position(a3, null)
position(a3, null)
Position [agent=a3, id=null, cell=null, time=null, clock=null]
Position [agent=a3, id=null, cell=null, time=null, clock=null]
!!!!! from org !!!!!!
!!!!! from org !!!!!!
position(a3, null)
position(a3, null)
Position [agent=a3, id=null, cell=null, time=null, clock=null]
Position [agent=a3, id=null, cell=null, time=null, clock=null]
!!!!! from org !!!!!!
!!!!! from org !!!!!!
position(a3, null)
position(a3, null)
Position [agent=a3, id=null, cell=null, time=null, clock=null]
Position [agent=a3, id=null, cell=null, time=null, clock=null]
!!!!! from org !!!!!!
position(a3, null)
!!!!! from org !!!!!!
Position [agent=a3, id=null, cell=null, time=null, clock=null]
position(a3, null)
Position [agent=a3, id=null, cell=null, time=null, clock=null]
!!!!! from org !!!!!!
cargo(null, null)
!!!!! from org !!!!!!
Cargo [id=null, cell=null, time=null, clock=null]
cargo(null, null)
Cargo [id=null, cell=null, time=null, clock=null]
!!!!! from org !!!!!!
!!!!! from org !!!!!!
position(t1, null)
position(t1, null)
Position [agent=t1, id=null, cell=null, time=null, clock=null]
Position [agent=t1, id=null, cell=null, time=null, clock=null]
!!!!! from org !!!!!!
position(t1, null)
!!!!! from org !!!!!!
Position [agent=t1, id=null, cell=null, time=null, clock=null]
position(t1, null)
Position [agent=t1, id=null, cell=null, time=null, clock=null]
!!!!! from org !!!!!!
position(t1, null)
!!!!! from org !!!!!!
Position [agent=t1, id=null, cell=null, time=null, clock=null]
position(t1, null)
Position [agent=t1, id=null, cell=null, time=null, clock=null]
!!!!! from org !!!!!!
!!!!! from org !!!!!!
position(t1, null)
position(t1, null)
Position [agent=t1, id=null, cell=null, time=null, clock=null]
Position [agent=t1, id=null, cell=null, time=null, clock=null]
!!!!! from org !!!!!!
!!!!! from org !!!!!!
position(a1, null)
position(a1, null)
Position [agent=a1, id=null, cell=null, time=null, clock=null]
Position [agent=a1, id=null, cell=null, time=null, clock=null]
!!!!! from org !!!!!!
!!!!! from org !!!!!!
position(a1, null)
position(a1, null)
Position [agent=a1, id=null, cell=null, time=null, clock=null]
Position [agent=a1, id=null, cell=null, time=null, clock=null]
!!!!! from org !!!!!!
!!!!! from org !!!!!!
position(a1, null)
position(a1, null)
Position [agent=a1, id=null, cell=null, time=null, clock=null]
Position [agent=a1, id=null, cell=null, time=null, clock=null]
!!!!! from org !!!!!!
position(a1, null)
!!!!! from org !!!!!!
Position [agent=a1, id=null, cell=null, time=null, clock=null]
position(a1, null)
Position [agent=a1, id=null, cell=null, time=null, clock=null]
!!!!! from org !!!!!!
!!!!! from org !!!!!!
position(a2, null)
position(a2, null)
Position [agent=a2, id=null, cell=null, time=null, clock=null]
Position [agent=a2, id=null, cell=null, time=null, clock=null]
!!!!! from org !!!!!!
position(a2, null)
!!!!! from org !!!!!!
position(a2, null)
Position [agent=a2, id=null, cell=null, time=null, clock=null]
Position [agent=a2, id=null, cell=null, time=null, clock=null]
!!!!! from org !!!!!!
position(a2, null)
Position [agent=a2, id=null, cell=null, time=null, clock=null]
!!!!! from org !!!!!!
position(a2, null)
Position [agent=a2, id=null, cell=null, time=null, clock=null]
!!!!! from org !!!!!!
!!!!! from org !!!!!!
position(a2, null)
position(a2, null)
Position [agent=a2, id=null, cell=null, time=null, clock=null]
Position [agent=a2, id=null, cell=null, time=null, clock=null]
!!!!! from org !!!!!!
!!!!! from org !!!!!!
position(a3, null)
position(a3, null)
Position [agent=a3, id=null, cell=null, time=null, clock=null]
Position [agent=a3, id=null, cell=null, time=null, clock=null]
!!!!! from org !!!!!!
!!!!! from org !!!!!!
position(a3, null)
position(a3, null)
Position [agent=a3, id=null, cell=null, time=null, clock=null]
Position [agent=a3, id=null, cell=null, time=null, clock=null]
!!!!! from org !!!!!!
position(a3, null)
Position [agent=a3, id=null, cell=null, time=null, clock=null]
!!!!! from org !!!!!!
position(a3, null)
Position [agent=a3, id=null, cell=null, time=null, clock=null]
!!!!! from org !!!!!!
!!!!! from org !!!!!!
position(a3, null)
position(a3, null)
Position [agent=a3, id=null, cell=null, time=null, clock=null]
Position [agent=a3, id=null, cell=null, time=null, clock=null]
org notified 
org notified 
!!!!! from org !!!!!!
!!!!! from org !!!!!!
cargo(null, null)
cargo(null, null)
Cargo [id=null, cell=null, time=null, clock=null]
Cargo [id=null, cell=null, time=null, clock=null]
from/for agent t1  obligation([cargo(_, _, _)], 10, [reduce_100(t1)])
!!!!! from org !!!!!!
coin(null, null)
Coin [id=null, cell=null, agent=null, time=null, clock=null]
from/for agent t1  obligation([cargo(_, _, _)], 10, [reduce_100(t1)])
!!!!! from org !!!!!!
coin(null, null)
Coin [id=null, cell=null, agent=null, time=null, clock=null]
!!!!! from org !!!!!!
coin(null, null)
Coin [id=null, cell=null, agent=null, time=null, clock=null]
[Obligation [agent=t1, obligation=[cargo(_, _, _)], sanction=[reduce_100(t1)], deadline=10, time=Tue May 28 14:52:42 BST 2013, clock=0]]
obligation(cargo(_, _, _, t1), 10, reduce_100(t1))
!!!!! from org !!!!!!
coin(null, null)
Coin [id=null, cell=null, agent=null, time=null, clock=null]
!!!!! from org !!!!!!
coin(null, null)
Coin [id=null, cell=null, agent=null, time=null, clock=null]
[Obligation [agent=t1, obligation=[cargo(_, _, _)], sanction=[reduce_100(t1)], deadline=10, time=Tue May 28 14:53:40 BST 2013, clock=0]]
[Obligation [agent=t1, obligation=[cargo(_, _, _)], sanction=[reduce_100(t1)], deadline=10, time=Tue May 28 14:35:38 BST 2013, clock=0]]
obligation(cargo(_, _, _, t1), 10, reduce_100(t1))
obligation(cargo(_, _, _, t1), 10, reduce_100(t1))
!!!!! from org !!!!!!
coin(null, null)
!!!!! from org !!!!!!
reading(null, null, a1, null)
Coin [id=null, cell=null, agent=null, time=null, clock=null]
Reading [id=null, agent=a1, cell=null, time=null, value=null, clock=null]
[Obligation [agent=t1, obligation=[cargo(_, _, _)], sanction=[reduce_100(t1)], deadline=10, time=Tue May 28 14:35:38 BST 2013, clock=0]]
obligation(cargo(_, _, _, t1), 10, reduce_100(t1))
!!!!! from org !!!!!!
reading(null, null, a2, null)
Reading [id=null, agent=a2, cell=null, time=null, value=null, clock=null]
!!!!! from org !!!!!!
reading(null, null, a1, null)
Reading [id=null, agent=a1, cell=null, time=null, value=null, clock=null]
!!!!! from org !!!!!!
reading(null, null, a3, null)
Reading [id=null, agent=a3, cell=null, time=null, value=null, clock=null]
!!!!! from org !!!!!!
reading(null, null, a2, null)
Reading [id=null, agent=a2, cell=null, time=null, value=null, clock=null]
!!!!! from org !!!!!!
reading(null, null, a1, null)
Reading [id=null, agent=a1, cell=null, time=null, value=null, clock=null]
!!!!! from org !!!!!!
reading(null, null, a3, null)
Reading [id=null, agent=a3, cell=null, time=null, value=null, clock=null]
!!!!! from org !!!!!!
reading(null, null, a2, null)
Reading [id=null, agent=a2, cell=null, time=null, value=null, clock=null]
!!!!! from org !!!!!!
reading(null, null, a1, null)
Reading [id=null, agent=a1, cell=null, time=null, value=null, clock=null]
!!!!! from org !!!!!!
reading(null, null, a3, null)
Reading [id=null, agent=a3, cell=null, time=null, value=null, clock=null]
!!!!! from org !!!!!!
reading(null, null, a2, null)
Reading [id=null, agent=a2, cell=null, time=null, value=null, clock=null]
!!!!! from org !!!!!!
cargo(null, null)
Cargo [id=null, cell=null, time=null, clock=null]
!!!!! from org !!!!!!
reading(null, null, a3, null)
Reading [id=null, agent=a3, cell=null, time=null, value=null, clock=null]
!!!!! from org !!!!!!
cargo(null, null)
Cargo [id=null, cell=null, time=null, clock=null]
!!!!! from org !!!!!!
coin(null, null, c1)
Coin [id=null, cell=null, agent=c1, time=null, clock=null]
!!!!! from org !!!!!!
coin(null, null, c1)
Coin [id=null, cell=null, agent=c1, time=null, clock=null]
!!!!! from org !!!!!!
coin(null, null, c1)
Coin [id=null, cell=null, agent=c1, time=null, clock=null]
!!!!! from org !!!!!!
position(a1, null)
Position [agent=a1, id=null, cell=null, time=null, clock=null]
!!!!! from org !!!!!!
coin(null, null, c1)
Coin [id=null, cell=null, agent=c1, time=null, clock=null]
!!!!! from org !!!!!!
position(a1, null)
Position [agent=a1, id=null, cell=null, time=null, clock=null]
!!!!! from org !!!!!!
position(a2, null)
Position [agent=a2, id=null, cell=null, time=null, clock=null]
!!!!! from org !!!!!!
position(a2, null)
Position [agent=a2, id=null, cell=null, time=null, clock=null]
!!!!! from org !!!!!!
position(a3, null)
Position [agent=a3, id=null, cell=null, time=null, clock=null]
!!!!! from org !!!!!!
position(a3, null)
Position [agent=a3, id=null, cell=null, time=null, clock=null]
!!!!! from org !!!!!!
position(a1, null)
Position [agent=a1, id=null, cell=null, time=null, clock=null]
!!!!! from org !!!!!!
position(a2, null)
Position [agent=a2, id=null, cell=null, time=null, clock=null]
!!!!! from org !!!!!!
position(a1, null)
Position [agent=a1, id=null, cell=null, time=null, clock=null]
!!!!! from org !!!!!!
position(a2, null)
Position [agent=a2, id=null, cell=null, time=null, clock=null]
!!!!! from org !!!!!!
position(a3, null)
Position [agent=a3, id=null, cell=null, time=null, clock=null]
!!!!! from org !!!!!!
position(a1, null)
!!!!! from org !!!!!!
Position [agent=a1, id=null, cell=null, time=null, clock=null]
position(a3, null)
Position [agent=a3, id=null, cell=null, time=null, clock=null]
!!!!! from org !!!!!!
position(a2, null)
Position [agent=a2, id=null, cell=null, time=null, clock=null]
!!!!! from org !!!!!!
position(a1, null)
Position [agent=a1, id=null, cell=null, time=null, clock=null]
!!!!! from org !!!!!!
position(a2, null)
Position [agent=a2, id=null, cell=null, time=null, clock=null]
!!!!! from org !!!!!!
position(a3, null)
Position [agent=a3, id=null, cell=null, time=null, clock=null]
!!!!! from org !!!!!!
!!!!! from org !!!!!!
position(a3, null)
reading(null, null, a1, null)
Position [agent=a3, id=null, cell=null, time=null, clock=null]
Reading [id=null, agent=a1, cell=null, time=null, value=null, clock=null]
!!!!! from org !!!!!!
reading(null, null, a2, null)
Reading [id=null, agent=a2, cell=null, time=null, value=null, clock=null]
!!!!! from org !!!!!!
reading(null, null, a1, null)
Reading [id=null, agent=a1, cell=null, time=null, value=null, clock=null]
!!!!! from org !!!!!!
reading(null, null, a3, null)
Reading [id=null, agent=a3, cell=null, time=null, value=null, clock=null]
!!!!! from org !!!!!!
reading(null, null, a2, null)
Reading [id=null, agent=a2, cell=null, time=null, value=null, clock=null]
!!!!! from org !!!!!!
cargo(null, null)
Cargo [id=null, cell=null, time=null, clock=null]
!!!!! from org !!!!!!
reading(null, null, a3, null)
Reading [id=null, agent=a3, cell=null, time=null, value=null, clock=null]
!!!!! from org !!!!!!
position(t1, null)
Position [agent=t1, id=null, cell=null, time=null, clock=null]
!!!!! from org !!!!!!
cargo(null, null)
Cargo [id=null, cell=null, time=null, clock=null]
!!!!! from org !!!!!!
position(t1, null)
Position [agent=t1, id=null, cell=null, time=null, clock=null]
!!!!! from org !!!!!!
position(t1, null)
Position [agent=t1, id=null, cell=null, time=null, clock=null]
!!!!! from org !!!!!!
!!!!! from org !!!!!!
position(t1, null)
position(t1, null)
Position [agent=t1, id=null, cell=null, time=null, clock=null]
Position [agent=t1, id=null, cell=null, time=null, clock=null]
!!!!! from org !!!!!!
!!!!! from org !!!!!!
position(t1, null)
position(t1, null)
Position [agent=t1, id=null, cell=null, time=null, clock=null]
Position [agent=t1, id=null, cell=null, time=null, clock=null]
!!!!! from org !!!!!!
position(t1, null)
Position [agent=t1, id=null, cell=null, time=null, clock=null]
!!!!! from org !!!!!!
position(a1, null)
Position [agent=a1, id=null, cell=null, time=null, clock=null]
!!!!! from org !!!!!!
position(a1, null)
Position [agent=a1, id=null, cell=null, time=null, clock=null]
!!!!! from org !!!!!!
position(a1, null)
Position [agent=a1, id=null, cell=null, time=null, clock=null]
!!!!! from org !!!!!!
position(a1, null)
Position [agent=a1, id=null, cell=null, time=null, clock=null]
!!!!! from org !!!!!!
!!!!! from org !!!!!!
position(a1, null)
position(a1, null)
Position [agent=a1, id=null, cell=null, time=null, clock=null]
Position [agent=a1, id=null, cell=null, time=null, clock=null]
!!!!! from org !!!!!!
!!!!! from org !!!!!!
position(a2, null)
position(a1, null)
Position [agent=a2, id=null, cell=null, time=null, clock=null]
Position [agent=a1, id=null, cell=null, time=null, clock=null]
!!!!! from org !!!!!!
position(a1, null)
Position [agent=a1, id=null, cell=null, time=null, clock=null]
!!!!! from org !!!!!!
position(a2, null)
Position [agent=a2, id=null, cell=null, time=null, clock=null]
!!!!! from org !!!!!!
position(a2, null)
Position [agent=a2, id=null, cell=null, time=null, clock=null]
!!!!! from org !!!!!!
position(a2, null)
Position [agent=a2, id=null, cell=null, time=null, clock=null]
!!!!! from org !!!!!!
!!!!! from org !!!!!!
position(a2, null)
position(a2, null)
Position [agent=a2, id=null, cell=null, time=null, clock=null]
Position [agent=a2, id=null, cell=null, time=null, clock=null]
!!!!! from org !!!!!!
!!!!! from org !!!!!!
position(a2, null)
position(a3, null)
Position [agent=a2, id=null, cell=null, time=null, clock=null]
Position [agent=a3, id=null, cell=null, time=null, clock=null]
!!!!! from org !!!!!!
position(a3, null)
!!!!! from org !!!!!!
Position [agent=a3, id=null, cell=null, time=null, clock=null]
position(a2, null)
Position [agent=a2, id=null, cell=null, time=null, clock=null]
!!!!! from org !!!!!!
!!!!! from org !!!!!!
position(a3, null)
position(a3, null)
Position [agent=a3, id=null, cell=null, time=null, clock=null]
Position [agent=a3, id=null, cell=null, time=null, clock=null]
!!!!! from org !!!!!!
!!!!! from org !!!!!!
position(a3, null)
position(a3, null)
Position [agent=a3, id=null, cell=null, time=null, clock=null]
Position [agent=a3, id=null, cell=null, time=null, clock=null]
!!!!! from org !!!!!!
!!!!! from org !!!!!!
position(a3, null)
cargo(null, null)
Position [agent=a3, id=null, cell=null, time=null, clock=null]
Cargo [id=null, cell=null, time=null, clock=null]
!!!!! from org !!!!!!
cargo(null, null)
Cargo [id=null, cell=null, time=null, clock=null]
!!!!! from org !!!!!!
position(a3, null)
Position [agent=a3, id=null, cell=null, time=null, clock=null]
!!!!! from org !!!!!!
cargo(null, null)
Cargo [id=null, cell=null, time=null, clock=null]
!!!!! from org !!!!!!
cargo(null, null)
Cargo [id=null, cell=null, time=null, clock=null]
!!!!! from org !!!!!!
cargo(null, null)
Cargo [id=null, cell=null, time=null, clock=null]
!!!!! from org !!!!!!
!!!!! from org !!!!!!
coin(null, null)
cargo(null, null)
Cargo [id=null, cell=null, time=null, clock=null]
Coin [id=null, cell=null, agent=null, time=null, clock=null]
!!!!! from org !!!!!!
cargo(null, null)
Cargo [id=null, cell=null, time=null, clock=null]
!!!!! from org !!!!!!
coin(null, null)
Coin [id=null, cell=null, agent=null, time=null, clock=null]
!!!!! from org !!!!!!
cargo(null, null)
Cargo [id=null, cell=null, time=null, clock=null]
!!!!! from org !!!!!!
coin(null, null)
Coin [id=null, cell=null, agent=null, time=null, clock=null]
!!!!! from org !!!!!!
coin(null, null)
Coin [id=null, cell=null, agent=null, time=null, clock=null]
!!!!! from org !!!!!!
reading(null, null, a1, null)
Reading [id=null, agent=a1, cell=null, time=null, value=null, clock=null]
!!!!! from org !!!!!!
reading(null, null, a2, null)
Reading [id=null, agent=a2, cell=null, time=null, value=null, clock=null]
!!!!! from org !!!!!!
coin(null, null)
Coin [id=null, cell=null, agent=null, time=null, clock=null]
!!!!! from org !!!!!!
reading(null, null, a3, null)
Reading [id=null, agent=a3, cell=null, time=null, value=null, clock=null]
!!!!! from org !!!!!!
coin(null, null)
Coin [id=null, cell=null, agent=null, time=null, clock=null]
!!!!! from org !!!!!!
reading(null, null, a1, null)
Reading [id=null, agent=a1, cell=null, time=null, value=null, clock=null]
!!!!! from org !!!!!!
reading(null, null, a1, null)
Reading [id=null, agent=a1, cell=null, time=null, value=null, clock=null]
!!!!! from org !!!!!!
reading(null, null, a2, null)
Reading [id=null, agent=a2, cell=null, time=null, value=null, clock=null]
!!!!! from org !!!!!!
reading(null, null, a2, null)
Reading [id=null, agent=a2, cell=null, time=null, value=null, clock=null]
!!!!! from org !!!!!!
reading(null, null, a3, null)
Reading [id=null, agent=a3, cell=null, time=null, value=null, clock=null]
!!!!! from org !!!!!!
reading(null, null, a3, null)
Reading [id=null, agent=a3, cell=null, time=null, value=null, clock=null]
!!!!! from org !!!!!!
cargo(null, null)
Cargo [id=null, cell=null, time=null, clock=null]
!!!!! from org !!!!!!
reading(null, null, a1, null)
Reading [id=null, agent=a1, cell=null, time=null, value=null, clock=null]
!!!!! from org !!!!!!
coin(null, null, c1)
Coin [id=null, cell=null, agent=c1, time=null, clock=null]
!!!!! from org !!!!!!
reading(null, null, a2, null)
Reading [id=null, agent=a2, cell=null, time=null, value=null, clock=null]
!!!!! from org !!!!!!
coin(null, null, c1)
Coin [id=null, cell=null, agent=c1, time=null, clock=null]
!!!!! from org !!!!!!
reading(null, null, a3, null)
Reading [id=null, agent=a3, cell=null, time=null, value=null, clock=null]
!!!!! from org !!!!!!
position(a1, null)
Position [agent=a1, id=null, cell=null, time=null, clock=null]
!!!!! from org !!!!!!
cargo(null, null)
Cargo [id=null, cell=null, time=null, clock=null]
!!!!! from org !!!!!!
coin(null, null, c1)
Coin [id=null, cell=null, agent=c1, time=null, clock=null]
!!!!! from org !!!!!!
position(a2, null)
Position [agent=a2, id=null, cell=null, time=null, clock=null]
!!!!! from org !!!!!!
coin(null, null, c1)
Coin [id=null, cell=null, agent=c1, time=null, clock=null]
!!!!! from org !!!!!!
position(a3, null)
Position [agent=a3, id=null, cell=null, time=null, clock=null]
!!!!! from org !!!!!!
position(a1, null)
Position [agent=a1, id=null, cell=null, time=null, clock=null]
!!!!! from org !!!!!!
position(a1, null)
Position [agent=a1, id=null, cell=null, time=null, clock=null]
!!!!! from org !!!!!!
position(a2, null)
Position [agent=a2, id=null, cell=null, time=null, clock=null]
!!!!! from org !!!!!!
position(a2, null)
Position [agent=a2, id=null, cell=null, time=null, clock=null]
!!!!! from org !!!!!!
position(a3, null)
Position [agent=a3, id=null, cell=null, time=null, clock=null]
!!!!! from org !!!!!!
position(a3, null)
Position [agent=a3, id=null, cell=null, time=null, clock=null]
!!!!! from org !!!!!!
position(a1, null)
Position [agent=a1, id=null, cell=null, time=null, clock=null]
!!!!! from org !!!!!!
position(a2, null)
Position [agent=a2, id=null, cell=null, time=null, clock=null]
!!!!! from org !!!!!!
position(a1, null)
Position [agent=a1, id=null, cell=null, time=null, clock=null]
!!!!! from org !!!!!!
position(a2, null)
Position [agent=a2, id=null, cell=null, time=null, clock=null]
!!!!! from org !!!!!!
position(a3, null)
Position [agent=a3, id=null, cell=null, time=null, clock=null]
!!!!! from org !!!!!!
position(a3, null)
Position [agent=a3, id=null, cell=null, time=null, clock=null]
!!!!! from org !!!!!!
position(a1, null)
Position [agent=a1, id=null, cell=null, time=null, clock=null]
!!!!! from org !!!!!!
position(a2, null)
Position [agent=a2, id=null, cell=null, time=null, clock=null]
!!!!! from org !!!!!!
reading(null, null, a1, null)
Reading [id=null, agent=a1, cell=null, time=null, value=null, clock=null]
!!!!! from org !!!!!!
reading(null, null, a2, null)
Reading [id=null, agent=a2, cell=null, time=null, value=null, clock=null]
!!!!! from org !!!!!!
position(a3, null)
Position [agent=a3, id=null, cell=null, time=null, clock=null]
!!!!! from org !!!!!!
reading(null, null, a3, null)
Reading [id=null, agent=a3, cell=null, time=null, value=null, clock=null]
!!!!! from org !!!!!!
reading(null, null, a1, null)
Reading [id=null, agent=a1, cell=null, time=null, value=null, clock=null]
!!!!! from org !!!!!!
cargo(null, null)
Cargo [id=null, cell=null, time=null, clock=null]
!!!!! from org !!!!!!
reading(null, null, a2, null)
Reading [id=null, agent=a2, cell=null, time=null, value=null, clock=null]
!!!!! from org !!!!!!
position(t1, null)
Position [agent=t1, id=null, cell=null, time=null, clock=null]
!!!!! from org !!!!!!
reading(null, null, a3, null)
Reading [id=null, agent=a3, cell=null, time=null, value=null, clock=null]
!!!!! from org !!!!!!
cargo(null, null)
Cargo [id=null, cell=null, time=null, clock=null]
!!!!! from org !!!!!!
position(t1, null)
Position [agent=t1, id=null, cell=null, time=null, clock=null]
!!!!! from org !!!!!!
position(t1, null)
Position [agent=t1, id=null, cell=null, time=null, clock=null]
!!!!! from org !!!!!!
position(t1, null)
Position [agent=t1, id=null, cell=null, time=null, clock=null]
!!!!! from org !!!!!!
position(t1, null)
!!!!! from org !!!!!!
Position [agent=t1, id=null, cell=null, time=null, clock=null]
position(t1, null)
Position [agent=t1, id=null, cell=null, time=null, clock=null]
!!!!! from org !!!!!!
position(t1, null)
Position [agent=t1, id=null, cell=null, time=null, clock=null]
!!!!! from org !!!!!!
position(a1, null)
Position [agent=a1, id=null, cell=null, time=null, clock=null]
!!!!! from org !!!!!!
position(a1, null)
Position [agent=a1, id=null, cell=null, time=null, clock=null]
!!!!! from org !!!!!!
position(t1, null)
Position [agent=t1, id=null, cell=null, time=null, clock=null]
!!!!! from org !!!!!!
position(a1, null)
Position [agent=a1, id=null, cell=null, time=null, clock=null]
!!!!! from org !!!!!!
position(a1, null)
Position [agent=a1, id=null, cell=null, time=null, clock=null]
!!!!! from org !!!!!!
position(a1, null)
Position [agent=a1, id=null, cell=null, time=null, clock=null]
!!!!! from org !!!!!!
!!!!! from org !!!!!!
position(a1, null)
position(a2, null)
Position [agent=a1, id=null, cell=null, time=null, clock=null]
Position [agent=a2, id=null, cell=null, time=null, clock=null]
!!!!! from org !!!!!!
position(a1, null)
Position [agent=a1, id=null, cell=null, time=null, clock=null]
!!!!! from org !!!!!!
position(a2, null)
Position [agent=a2, id=null, cell=null, time=null, clock=null]
!!!!! from org !!!!!!
position(a1, null)
Position [agent=a1, id=null, cell=null, time=null, clock=null]
!!!!! from org !!!!!!
position(a2, null)
Position [agent=a2, id=null, cell=null, time=null, clock=null]
!!!!! from org !!!!!!
position(a2, null)
Position [agent=a2, id=null, cell=null, time=null, clock=null]
!!!!! from org !!!!!!
position(a2, null)
Position [agent=a2, id=null, cell=null, time=null, clock=null]
!!!!! from org !!!!!!
position(a3, null)
!!!!! from org !!!!!!
position(a2, null)
Position [agent=a3, id=null, cell=null, time=null, clock=null]
Position [agent=a2, id=null, cell=null, time=null, clock=null]
!!!!! from org !!!!!!
!!!!! from org !!!!!!
position(a2, null)
position(a3, null)
Position [agent=a2, id=null, cell=null, time=null, clock=null]
Position [agent=a3, id=null, cell=null, time=null, clock=null]
!!!!! from org !!!!!!
!!!!! from org !!!!!!
position(a2, null)
position(a3, null)
Position [agent=a2, id=null, cell=null, time=null, clock=null]
Position [agent=a3, id=null, cell=null, time=null, clock=null]
!!!!! from org !!!!!!
position(a3, null)
Position [agent=a3, id=null, cell=null, time=null, clock=null]
!!!!! from org !!!!!!
position(a3, null)
Position [agent=a3, id=null, cell=null, time=null, clock=null]
test.
Lookup locator: jini://kafka.cs.nott.ac.uk/
Service Registrar: 2e54dc9d-c303-4373-99b3-1f419f6c4d91
