test2.
Service Registrar: 53307202-e003-4733-b243-1151b6b36f09
Java Space found.
TransactionManager found.
from/for agent c1  coin(position(8, 6), 59, a1)
org notified 
org notified 
org notified 
org notified 
org notified 
from/for agent a2  status(position(7, 19), 47)
org notified 
org notified 
org notified 
org notified 
from/for agent a3  status(position(11, 2), 31)
org notified 
from/for agent a1  status(position(3, 4), 60)
!!!!! from org !!!!!!
cargo(null, null)
Cargo [id=null, cell=null, time=null, clock=null]
from/for agent t1  obligation([cargo(_, _, _)], 79, [reduce_100(t1)])
!!!!! from org !!!!!!
coin(null, null, null)
Coin [id=null, cell=null, agent=null, time=null, clock=null]
from/for agent t1  cargo(position(19, 19), 58)
from/for agent t1  status(position(18, 19), 58)
!!!!! from org !!!!!!
coin(null, null, null)
Coin [id=null, cell=null, agent=null, time=null, clock=null]
!!!!! from org !!!!!!
coin(null, null, null)
Coin [id=null, cell=null, agent=null, time=null, clock=null]
from/for agent a3  status(position(11, 3), 16)
!!!!! from org !!!!!!
reading(null, null, a1, null)
Reading [id=null, agent=a1, cell=null, time=null, value=null, clock=null]
!!!!! from org !!!!!!
reading(null, null, a2, null)
Reading [id=null, agent=a2, cell=null, time=null, value=null, clock=null]
from/for agent c1  coin(position(16, 6), 64, a2)
!!!!! from org !!!!!!
reading(null, null, a3, null)
Reading [id=null, agent=a3, cell=null, time=null, value=null, clock=null]
from/for agent a2  status(position(6, 19), 20)
from/for agent a1  status(position(3, 5), 20)
!!!!! from org !!!!!!
reading(null, null, a1, null)
Reading [id=null, agent=a1, cell=null, time=null, value=null, clock=null]
!!!!! from org !!!!!!
reading(null, null, a2, null)
Reading [id=null, agent=a2, cell=null, time=null, value=null, clock=null]
!!!!! from org !!!!!!
reading(null, null, a3, null)
Reading [id=null, agent=a3, cell=null, time=null, value=null, clock=null]
from/for agent t1  status(position(17, 19), 20)
from/for agent a3  status(position(11, 4), 97)
!!!!! from org !!!!!!
cargo(null, null)
Cargo [id=null, cell=null, time=null, clock=null]
from/for agent t1  prohibition([cargo(_, _, 16)], [reduce_100(t1)])
from/for agent t1  prohibition([at(5, 5, t1)], [reduce_300(t1)])
from/for agent t1  prohibition([at(5, 6, t1)], [reduce_300(t1)])
from/for agent t1  prohibition([at(6, 5, t1)], [reduce_300(t1)])
from/for agent t1  prohibition([at(6, 6, t1)], [reduce_300(t1)])
!!!!! from org !!!!!!
coin(null, _, null)
Coin [id=null, cell=null, agent=null, time=null, clock=null]
!!!!! from org !!!!!!
coin(cell(_, _), null, null)
Coin [id=null, cell=null, agent=null, time=null, clock=null]
from/for agent c1  coin(position(3, 9), 58, a3)
from/for agent a1  status(position(3, 6), 12)
from/for agent a2  status(position(5, 19), 51)
from/for agent c1  prohibition([coin(9, 21, _, _)], [reduce_100(c1)])
!!!!! from org !!!!!!
position(a1, null)
Position [agent=a1, id=null, cell=null, time=null, clock=null]
!!!!! from org !!!!!!
position(a2, null)
Position [agent=a2, id=null, cell=null, time=null, clock=null]
from/for agent t1  status(position(16, 19), 12)
!!!!! from org !!!!!!
position(a3, null)
Position [agent=a3, id=null, cell=null, time=null, clock=null]
from/for agent a3  status(position(11, 5), 15)
from/for agent c1  prohibition([coin(5, 5, _, a1)], [reduce_300(c1)])
from/for agent c1  prohibition([coin(5, 6, _, a1)], [reduce_300(c1)])
from/for agent c1  prohibition([coin(6, 5, _, a1)], [reduce_300(c1)])
from/for agent c1  prohibition([coin(6, 6, _, a1)], [reduce_300(c1)])
from/for agent c1  prohibition([coin(5, 5, _, a2)], [reduce_300(c1)])
from/for agent c1  prohibition([coin(5, 6, _, a2)], [reduce_300(c1)])
from/for agent c1  prohibition([coin(6, 5, _, a2)], [reduce_300(c1)])
from/for agent c1  prohibition([coin(6, 6, _, a2)], [reduce_300(c1)])
from/for agent c1  prohibition([coin(5, 5, _, a3)], [reduce_300(c1)])
from/for agent c1  prohibition([coin(5, 6, _, a3)], [reduce_300(c1)])
from/for agent c1  prohibition([coin(6, 5, _, a3)], [reduce_300(c1)])
from/for agent c1  prohibition([coin(6, 6, _, a3)], [reduce_300(c1)])
!!!!! from org !!!!!!
coin(null, null, a1)
Coin [id=null, cell=null, agent=a1, time=null, clock=null]
!!!!! from org !!!!!!
coin(null, null, a2)
Coin [id=null, cell=null, agent=a2, time=null, clock=null]
!!!!! from org !!!!!!
coin(null, null, a3)
Coin [id=null, cell=null, agent=a3, time=null, clock=null]
from/for agent a1  status(position(3, 7), 58)
from/for agent a2  status(position(4, 19), 6)
!!!!! from org !!!!!!
position(a1, null)
Position [agent=a1, id=null, cell=null, time=null, clock=null]
!!!!! from org !!!!!!
position(a2, null)
Position [agent=a2, id=null, cell=null, time=null, clock=null]
from/for agent t1  status(position(15, 19), 6)
from/for agent a3  status(position(11, 6), 8)
!!!!! from org !!!!!!
position(a3, null)
Position [agent=a3, id=null, cell=null, time=null, clock=null]
!!!!! from org !!!!!!
position(a1, null)
Position [agent=a1, id=null, cell=null, time=null, clock=null]
!!!!! from org !!!!!!
position(a2, null)
Position [agent=a2, id=null, cell=null, time=null, clock=null]
from/for agent a1  status(position(3, 8), 58)
from/for agent a2  status(position(3, 19), 1)
!!!!! from org !!!!!!
position(a3, null)
Position [agent=a3, id=null, cell=null, time=null, clock=null]
!!!!! from org !!!!!!
reading(null, null, a1, null)
Reading [id=null, agent=a1, cell=null, time=null, value=null, clock=null]
from/for agent t1  status(position(14, 19), 58)
!!!!! from org !!!!!!
reading(null, null, a2, null)
Reading [id=null, agent=a2, cell=null, time=null, value=null, clock=null]
from/for agent a3  status(position(11, 7), 59)
!!!!! from org !!!!!!
reading(null, null, a3, null)
Reading [id=null, agent=a3, cell=null, time=null, value=null, clock=null]
from/for agent a1  prohibition([at(5, 5, a1)], [reduce_300(a1)])
from/for agent a1  prohibition([at(5, 6, a1)], [reduce_300(a1)])
from/for agent a1  prohibition([at(6, 5, a1)], [reduce_300(a1)])
from/for agent a1  prohibition([at(6, 6, a1)], [reduce_300(a1)])
from/for agent a2  prohibition([at(5, 5, a2)], [reduce_300(a2)])
from/for agent a2  prohibition([at(5, 6, a2)], [reduce_300(a2)])
from/for agent a2  prohibition([at(6, 5, a2)], [reduce_300(a2)])
from/for agent a2  prohibition([at(6, 6, a2)], [reduce_300(a2)])
from/for agent a3  prohibition([at(5, 5, a3)], [reduce_300(a3)])
from/for agent a3  prohibition([at(5, 6, a3)], [reduce_300(a3)])
from/for agent a3  prohibition([at(6, 5, a3)], [reduce_300(a3)])
from/for agent a3  prohibition([at(6, 6, a3)], [reduce_300(a3)])
!!!!! from org !!!!!!
cargo(null, null)
Cargo [id=null, cell=null, time=null, clock=null]
from/for agent a1  status(position(3, 9), 58)
from/for agent a2  status(position(3, 18), 2)
!!!!! from org !!!!!!
cargo(null, null)
Cargo [id=null, cell=null, time=null, clock=null]
!!!!! from org !!!!!!
cargo(null, null)
Cargo [id=null, cell=null, time=null, clock=null]
from/for agent a3  status(position(11, 8), 4)
!!!!! from org !!!!!!
cargo(null, null)
Cargo [id=null, cell=null, time=null, clock=null]
from/for agent t1  status(position(13, 19), 2)
!!!!! from org !!!!!!
position(t1, null)
Position [agent=t1, id=null, cell=null, time=null, clock=null]
from/for agent a1  status(position(3, 10), 58)
!!!!! from org !!!!!!
position(t1, null)
Position [agent=t1, id=null, cell=null, time=null, clock=null]
!!!!! from org !!!!!!
position(t1, null)
Position [agent=t1, id=null, cell=null, time=null, clock=null]
from/for agent t1  status(position(12, 19), 60)
from/for agent a2  status(position(3, 17), 6)
!!!!! from org !!!!!!
position(t1, null)
Position [agent=t1, id=null, cell=null, time=null, clock=null]
from/for agent a3  status(position(11, 9), 58)
!!!!! from org !!!!!!
coin(null, null, a1)
Coin [id=null, cell=null, agent=a1, time=null, clock=null]
from/for agent a1  status(position(4, 10), 58)
!!!!! from org !!!!!!
coin(null, null, a2)
Coin [id=null, cell=null, agent=a2, time=null, clock=null]
!!!!! from org !!!!!!
coin(null, null, a3)
Coin [id=null, cell=null, agent=a3, time=null, clock=null]
!!!!! from org !!!!!!
coin(null, null, a1)
Coin [id=null, cell=null, agent=a1, time=null, clock=null]
from/for agent a2  status(position(3, 16), 59)
from/for agent t1  status(position(11, 19), 58)
from/for agent a3  status(position(11, 10), 99)
!!!!! from org !!!!!!
coin(null, null, a1)
Coin [id=null, cell=null, agent=a1, time=null, clock=null]
!!!!! from org !!!!!!
coin(null, null, a1)
Coin [id=null, cell=null, agent=a1, time=null, clock=null]
!!!!! from org !!!!!!
coin(null, null, a1)
Coin [id=null, cell=null, agent=a1, time=null, clock=null]
from/for agent a1  status(position(5, 10), 58)
!!!!! from org !!!!!!
coin(null, null, a2)
Coin [id=null, cell=null, agent=a2, time=null, clock=null]
!!!!! from org !!!!!!
coin(null, null, a2)
Coin [id=null, cell=null, agent=a2, time=null, clock=null]
from/for agent t1  status(position(10, 19), 59)
from/for agent a3  status(position(11, 11), 60)
from/for agent a2  status(position(3, 15), 58)
!!!!! from org !!!!!!
coin(null, null, a2)
Coin [id=null, cell=null, agent=a2, time=null, clock=null]
!!!!! from org !!!!!!
coin(null, null, a2)
Coin [id=null, cell=null, agent=a2, time=null, clock=null]
!!!!! from org !!!!!!
coin(null, null, a3)
Coin [id=null, cell=null, agent=a3, time=null, clock=null]
from/for agent a1  status(position(6, 10), 58)
!!!!! from org !!!!!!
coin(null, null, a3)
Coin [id=null, cell=null, agent=a3, time=null, clock=null]
!!!!! from org !!!!!!
coin(null, null, a3)
Coin [id=null, cell=null, agent=a3, time=null, clock=null]
!!!!! from org !!!!!!
coin(null, null, a3)
Coin [id=null, cell=null, agent=a3, time=null, clock=null]
from/for agent a2  status(position(3, 14), 60)
from/for agent t1  status(position(9, 19), 59)
from/for agent a3  status(position(11, 12), 58)
!!!!! from org !!!!!!
position(a1, null)
Position [agent=a1, id=null, cell=null, time=null, clock=null]
!!!!! from org !!!!!!
position(a1, null)
Position [agent=a1, id=null, cell=null, time=null, clock=null]
from/for agent a1  status(position(7, 10), 58)
!!!!! from org !!!!!!
position(a1, null)
Position [agent=a1, id=null, cell=null, time=null, clock=null]
from/for agent a2  status(position(3, 13), 58)
from/for agent t1  status(position(8, 19), 59)
!!!!! from org !!!!!!
position(a1, null)
Position [agent=a1, id=null, cell=null, time=null, clock=null]
!!!!! from org !!!!!!
position(a2, null)
Position [agent=a2, id=null, cell=null, time=null, clock=null]
from/for agent a3  status(position(11, 13), 60)
!!!!! from org !!!!!!
position(a2, null)
Position [agent=a2, id=null, cell=null, time=null, clock=null]
from/for agent a1  status(position(8, 10), 60)
!!!!! from org !!!!!!
position(a2, null)
Position [agent=a2, id=null, cell=null, time=null, clock=null]
!!!!! from org !!!!!!
position(a2, null)
Position [agent=a2, id=null, cell=null, time=null, clock=null]
from/for agent a2  status(position(3, 12), 60)
!!!!! from org !!!!!!
position(a3, null)
Position [agent=a3, id=null, cell=null, time=null, clock=null]
from/for agent t1  status(position(7, 19), 58)
from/for agent a3  status(position(11, 14), 59)
!!!!! from org !!!!!!
position(a3, null)
Position [agent=a3, id=null, cell=null, time=null, clock=null]
from/for agent a1  status(position(9, 10), 58)
!!!!! from org !!!!!!
position(a3, null)
Position [agent=a3, id=null, cell=null, time=null, clock=null]
!!!!! from org !!!!!!
position(a3, null)
Position [agent=a3, id=null, cell=null, time=null, clock=null]
!!!!! from org !!!!!!
cargo(null, null)
Cargo [id=null, cell=null, time=null, clock=null]
from/for agent a2  status(position(3, 11), 58)
from/for agent a3  status(position(11, 15), 11)
from/for agent t1  status(position(6, 19), 54)
!!!!! from org !!!!!!
coin(null, null, null)
Coin [id=null, cell=null, agent=null, time=null, clock=null]
!!!!! from org !!!!!!
coin(null, null, null)
Coin [id=null, cell=null, agent=null, time=null, clock=null]
from/for agent a1  status(position(10, 10), 58)
!!!!! from org !!!!!!
coin(null, null, null)
Coin [id=null, cell=null, agent=null, time=null, clock=null]
!!!!! from org !!!!!!
reading(null, null, a1, null)
Reading [id=null, agent=a1, cell=null, time=null, value=null, clock=null]
!!!!! from org !!!!!!
reading(null, null, a2, null)
Reading [id=null, agent=a2, cell=null, time=null, value=null, clock=null]
from/for agent a2  status(position(3, 10), 58)
from/for agent t1  status(position(5, 19), 60)
!!!!! from org !!!!!!
reading(null, null, a3, null)
Reading [id=null, agent=a3, cell=null, time=null, value=null, clock=null]
from/for agent a3  status(position(11, 16), 59)
!!!!! from org !!!!!!
reading(null, null, a1, null)
Reading [id=null, agent=a1, cell=null, time=null, value=null, clock=null]
!!!!! from org !!!!!!
reading(null, null, a2, null)
Reading [id=null, agent=a2, cell=null, time=null, value=null, clock=null]
!!!!! from org !!!!!!
reading(null, null, a3, null)
Reading [id=null, agent=a3, cell=null, time=null, value=null, clock=null]
from/for agent a2  status(position(3, 9), 58)
from/for agent t1  status(position(4, 19), 6)
!!!!! from org !!!!!!
cargo(null, null)
Cargo [id=null, cell=null, time=null, clock=null]
!!!!! from org !!!!!!
coin(null, _, null)
Coin [id=null, cell=null, agent=null, time=null, clock=null]
from/for agent a3  status(position(11, 17), 6)
!!!!! from org !!!!!!
coin(cell(_, _), null, null)
Coin [id=null, cell=null, agent=null, time=null, clock=null]
from/for agent a2  status(position(3, 8), 6)
!!!!! from org !!!!!!
position(a1, null)
Position [agent=a1, id=null, cell=null, time=null, clock=null]
from/for agent t1  status(position(3, 19), 58)
!!!!! from org !!!!!!
position(a2, null)
Position [agent=a2, id=null, cell=null, time=null, clock=null]
from/for agent a3  status(position(11, 18), 6)
!!!!! from org !!!!!!
position(a3, null)
Position [agent=a3, id=null, cell=null, time=null, clock=null]
from/for agent a2  status(position(3, 7), 6)
!!!!! from org !!!!!!
coin(null, null, a1)
Coin [id=null, cell=null, agent=a1, time=null, clock=null]
!!!!! from org !!!!!!
coin(null, null, a2)
Coin [id=null, cell=null, agent=a2, time=null, clock=null]
from/for agent t1  status(position(2, 19), 58)
from/for agent a3  status(position(11, 19), 60)
!!!!! from org !!!!!!
coin(null, null, a3)
Coin [id=null, cell=null, agent=a3, time=null, clock=null]
!!!!! from org !!!!!!
position(a1, null)
Position [agent=a1, id=null, cell=null, time=null, clock=null]
from/for agent a2  status(position(3, 6), 58)
!!!!! from org !!!!!!
position(a2, null)
Position [agent=a2, id=null, cell=null, time=null, clock=null]
!!!!! from org !!!!!!
position(a3, null)
Position [agent=a3, id=null, cell=null, time=null, clock=null]
from/for agent t1  status(position(2, 18), 58)
from/for agent a3  status(position(12, 19), 59)
!!!!! from org !!!!!!
position(a1, null)
Position [agent=a1, id=null, cell=null, time=null, clock=null]
!!!!! from org !!!!!!
position(a2, null)
Position [agent=a2, id=null, cell=null, time=null, clock=null]
from/for agent a3  status(position(13, 19), 3)
from/for agent t1  status(position(2, 17), 58)
!!!!! from org !!!!!!
position(a3, null)
Position [agent=a3, id=null, cell=null, time=null, clock=null]
!!!!! from org !!!!!!
reading(null, null, a1, null)
Reading [id=null, agent=a1, cell=null, time=null, value=null, clock=null]
!!!!! from org !!!!!!
reading(null, null, a2, null)
Reading [id=null, agent=a2, cell=null, time=null, value=null, clock=null]
from/for agent a3  status(position(14, 19), 58)
from/for agent t1  status(position(2, 16), 4)
!!!!! from org !!!!!!
reading(null, null, a3, null)
Reading [id=null, agent=a3, cell=null, time=null, value=null, clock=null]
!!!!! from org !!!!!!
cargo(null, null)
Cargo [id=null, cell=null, time=null, clock=null]
!!!!! from org !!!!!!
position(t1, null)
Position [agent=t1, id=null, cell=null, time=null, clock=null]
from/for agent a3  status(position(15, 19), 58)
from/for agent t1  status(position(2, 15), 3)
!!!!! from org !!!!!!
position(t1, null)
Position [agent=t1, id=null, cell=null, time=null, clock=null]
!!!!! from org !!!!!!
position(t1, null)
Position [agent=t1, id=null, cell=null, time=null, clock=null]
from/for agent a3  status(position(16, 19), 58)
!!!!! from org !!!!!!
position(t1, null)
Position [agent=t1, id=null, cell=null, time=null, clock=null]
from/for agent t1  status(position(2, 14), 6)
!!!!! from org !!!!!!
coin(null, null, a1)
Coin [id=null, cell=null, agent=a1, time=null, clock=null]
from/for agent a3  status(position(17, 19), 6)
!!!!! from org !!!!!!
coin(null, null, a2)
Coin [id=null, cell=null, agent=a2, time=null, clock=null]
!!!!! from org !!!!!!
coin(null, null, a3)
Coin [id=null, cell=null, agent=a3, time=null, clock=null]
!!!!! from org !!!!!!
coin(null, null, a1)
Coin [id=null, cell=null, agent=a1, time=null, clock=null]
from/for agent t1  status(position(2, 13), 6)
!!!!! from org !!!!!!
coin(null, null, a1)
Coin [id=null, cell=null, agent=a1, time=null, clock=null]
!!!!! from org !!!!!!
coin(null, null, a1)
Coin [id=null, cell=null, agent=a1, time=null, clock=null]
from/for agent a3  status(position(18, 19), 6)
!!!!! from org !!!!!!
coin(null, null, a1)
Coin [id=null, cell=null, agent=a1, time=null, clock=null]
!!!!! from org !!!!!!
coin(null, null, a2)
Coin [id=null, cell=null, agent=a2, time=null, clock=null]
from/for agent t1  status(position(2, 12), 6)
!!!!! from org !!!!!!
coin(null, null, a2)
Coin [id=null, cell=null, agent=a2, time=null, clock=null]
!!!!! from org !!!!!!
coin(null, null, a2)
Coin [id=null, cell=null, agent=a2, time=null, clock=null]
from/for agent a3  status(position(19, 19), 6)
!!!!! from org !!!!!!
coin(null, null, a2)
Coin [id=null, cell=null, agent=a2, time=null, clock=null]
!!!!! from org !!!!!!
coin(null, null, a3)
Coin [id=null, cell=null, agent=a3, time=null, clock=null]
from/for agent t1  status(position(2, 11), 6)
!!!!! from org !!!!!!
coin(null, null, a3)
Coin [id=null, cell=null, agent=a3, time=null, clock=null]
!!!!! from org !!!!!!
coin(null, null, a3)
Coin [id=null, cell=null, agent=a3, time=null, clock=null]
!!!!! from org !!!!!!
coin(null, null, a3)
Coin [id=null, cell=null, agent=a3, time=null, clock=null]
!!!!! from org !!!!!!
position(a1, null)
Position [agent=a1, id=null, cell=null, time=null, clock=null]
from/for agent t1  status(position(2, 10), 58)
!!!!! from org !!!!!!
position(a1, null)
Position [agent=a1, id=null, cell=null, time=null, clock=null]
!!!!! from org !!!!!!
position(a1, null)
Position [agent=a1, id=null, cell=null, time=null, clock=null]
from/for agent t1  status(position(2, 9), 58)
!!!!! from org !!!!!!
position(a1, null)
Position [agent=a1, id=null, cell=null, time=null, clock=null]
!!!!! from org !!!!!!
position(a2, null)
Position [agent=a2, id=null, cell=null, time=null, clock=null]
!!!!! from org !!!!!!
position(a2, null)
Position [agent=a2, id=null, cell=null, time=null, clock=null]
from/for agent t1  status(position(2, 8), 58)
!!!!! from org !!!!!!
position(a2, null)
Position [agent=a2, id=null, cell=null, time=null, clock=null]
!!!!! from org !!!!!!
position(a2, null)
Position [agent=a2, id=null, cell=null, time=null, clock=null]
!!!!! from org !!!!!!
position(a3, null)
Position [agent=a3, id=null, cell=null, time=null, clock=null]
from/for agent t1  status(position(2, 7), 58)
!!!!! from org !!!!!!
position(a3, null)
Position [agent=a3, id=null, cell=null, time=null, clock=null]
!!!!! from org !!!!!!
position(a3, null)
Position [agent=a3, id=null, cell=null, time=null, clock=null]
from/for agent t1  status(position(2, 6), 58)
!!!!! from org !!!!!!
position(a3, null)
Position [agent=a3, id=null, cell=null, time=null, clock=null]
!!!!! from org !!!!!!
cargo(null, null)
Cargo [id=null, cell=null, time=null, clock=null]
!!!!! from org !!!!!!
position(t1, null)
Position [agent=t1, id=null, cell=null, time=null, clock=null]
from/for agent t1  status(position(2, 5), 58)
!!!!! from org !!!!!!
position(t1, null)
Position [agent=t1, id=null, cell=null, time=null, clock=null]
!!!!! from org !!!!!!
position(t1, null)
Position [agent=t1, id=null, cell=null, time=null, clock=null]
from/for agent t1  status(position(2, 4), 58)
!!!!! from org !!!!!!
position(t1, null)
Position [agent=t1, id=null, cell=null, time=null, clock=null]
!!!!! from org !!!!!!
coin(null, null, a1)
Coin [id=null, cell=null, agent=a1, time=null, clock=null]
from/for agent t1  status(position(2, 3), 58)
!!!!! from org !!!!!!
coin(null, null, a2)
Coin [id=null, cell=null, agent=a2, time=null, clock=null]
!!!!! from org !!!!!!
coin(null, null, a3)
Coin [id=null, cell=null, agent=a3, time=null, clock=null]
!!!!! from org !!!!!!
coin(null, null, a1)
Coin [id=null, cell=null, agent=a1, time=null, clock=null]
from/for agent t1  status(position(2, 2), 58)
!!!!! from org !!!!!!
coin(null, null, a1)
Coin [id=null, cell=null, agent=a1, time=null, clock=null]
!!!!! from org !!!!!!
coin(null, null, a1)
Coin [id=null, cell=null, agent=a1, time=null, clock=null]
!!!!! from org !!!!!!
coin(null, null, a1)
Coin [id=null, cell=null, agent=a1, time=null, clock=null]
!!!!! from org !!!!!!
coin(null, null, a2)
Coin [id=null, cell=null, agent=a2, time=null, clock=null]
!!!!! from org !!!!!!
coin(null, null, a2)
Coin [id=null, cell=null, agent=a2, time=null, clock=null]
!!!!! from org !!!!!!
coin(null, null, a2)
Coin [id=null, cell=null, agent=a2, time=null, clock=null]
!!!!! from org !!!!!!
coin(null, null, a2)
Coin [id=null, cell=null, agent=a2, time=null, clock=null]
!!!!! from org !!!!!!
coin(null, null, a3)
Coin [id=null, cell=null, agent=a3, time=null, clock=null]
!!!!! from org !!!!!!
coin(null, null, a3)
Coin [id=null, cell=null, agent=a3, time=null, clock=null]
!!!!! from org !!!!!!
coin(null, null, a3)
Coin [id=null, cell=null, agent=a3, time=null, clock=null]
!!!!! from org !!!!!!
coin(null, null, a3)
Coin [id=null, cell=null, agent=a3, time=null, clock=null]
!!!!! from org !!!!!!
position(a1, null)
Position [agent=a1, id=null, cell=null, time=null, clock=null]
!!!!! from org !!!!!!
position(a1, null)
Position [agent=a1, id=null, cell=null, time=null, clock=null]
!!!!! from org !!!!!!
position(a1, null)
Position [agent=a1, id=null, cell=null, time=null, clock=null]
!!!!! from org !!!!!!
position(a1, null)
Position [agent=a1, id=null, cell=null, time=null, clock=null]
!!!!! from org !!!!!!
position(a2, null)
Position [agent=a2, id=null, cell=null, time=null, clock=null]
!!!!! from org !!!!!!
position(a2, null)
Position [agent=a2, id=null, cell=null, time=null, clock=null]
!!!!! from org !!!!!!
position(a2, null)
Position [agent=a2, id=null, cell=null, time=null, clock=null]
!!!!! from org !!!!!!
position(a2, null)
Position [agent=a2, id=null, cell=null, time=null, clock=null]
!!!!! from org !!!!!!
position(a3, null)
Position [agent=a3, id=null, cell=null, time=null, clock=null]
!!!!! from org !!!!!!
position(a3, null)
Position [agent=a3, id=null, cell=null, time=null, clock=null]
!!!!! from org !!!!!!
position(a3, null)
Position [agent=a3, id=null, cell=null, time=null, clock=null]
!!!!! from org !!!!!!
position(a3, null)
Position [agent=a3, id=null, cell=null, time=null, clock=null]
!!!!! from org !!!!!!
cargo(null, null)
Cargo [id=null, cell=null, time=null, clock=null]
!!!!! from org !!!!!!
position(t1, null)
Position [agent=t1, id=null, cell=null, time=null, clock=null]
!!!!! from org !!!!!!
position(t1, null)
Position [agent=t1, id=null, cell=null, time=null, clock=null]
!!!!! from org !!!!!!
position(t1, null)
Position [agent=t1, id=null, cell=null, time=null, clock=null]
!!!!! from org !!!!!!
position(t1, null)
Position [agent=t1, id=null, cell=null, time=null, clock=null]
!!!!! from org !!!!!!
coin(null, null, a1)
Coin [id=null, cell=null, agent=a1, time=null, clock=null]
!!!!! from org !!!!!!
coin(null, null, a2)
Coin [id=null, cell=null, agent=a2, time=null, clock=null]
!!!!! from org !!!!!!
coin(null, null, a3)
Coin [id=null, cell=null, agent=a3, time=null, clock=null]
!!!!! from org !!!!!!
coin(null, null, a1)
Coin [id=null, cell=null, agent=a1, time=null, clock=null]
!!!!! from org !!!!!!
coin(null, null, a1)
Coin [id=null, cell=null, agent=a1, time=null, clock=null]
!!!!! from org !!!!!!
coin(null, null, a1)
Coin [id=null, cell=null, agent=a1, time=null, clock=null]
!!!!! from org !!!!!!
coin(null, null, a1)
Coin [id=null, cell=null, agent=a1, time=null, clock=null]
!!!!! from org !!!!!!
coin(null, null, a2)
Coin [id=null, cell=null, agent=a2, time=null, clock=null]
!!!!! from org !!!!!!
coin(null, null, a2)
Coin [id=null, cell=null, agent=a2, time=null, clock=null]
!!!!! from org !!!!!!
coin(null, null, a2)
Coin [id=null, cell=null, agent=a2, time=null, clock=null]
!!!!! from org !!!!!!
coin(null, null, a2)
Coin [id=null, cell=null, agent=a2, time=null, clock=null]
!!!!! from org !!!!!!
coin(null, null, a3)
Coin [id=null, cell=null, agent=a3, time=null, clock=null]
!!!!! from org !!!!!!
coin(null, null, a3)
Coin [id=null, cell=null, agent=a3, time=null, clock=null]
!!!!! from org !!!!!!
coin(null, null, a3)
Coin [id=null, cell=null, agent=a3, time=null, clock=null]
!!!!! from org !!!!!!
coin(null, null, a3)
Coin [id=null, cell=null, agent=a3, time=null, clock=null]
!!!!! from org !!!!!!
position(a1, null)
Position [agent=a1, id=null, cell=null, time=null, clock=null]
!!!!! from org !!!!!!
position(a1, null)
Position [agent=a1, id=null, cell=null, time=null, clock=null]
!!!!! from org !!!!!!
position(a1, null)
Position [agent=a1, id=null, cell=null, time=null, clock=null]
!!!!! from org !!!!!!
position(a1, null)
Position [agent=a1, id=null, cell=null, time=null, clock=null]
!!!!! from org !!!!!!
position(a2, null)
Position [agent=a2, id=null, cell=null, time=null, clock=null]
!!!!! from org !!!!!!
position(a2, null)
Position [agent=a2, id=null, cell=null, time=null, clock=null]
!!!!! from org !!!!!!
position(a2, null)
Position [agent=a2, id=null, cell=null, time=null, clock=null]
!!!!! from org !!!!!!
position(a2, null)
Position [agent=a2, id=null, cell=null, time=null, clock=null]
!!!!! from org !!!!!!
position(a3, null)
Position [agent=a3, id=null, cell=null, time=null, clock=null]
!!!!! from org !!!!!!
position(a3, null)
Position [agent=a3, id=null, cell=null, time=null, clock=null]
!!!!! from org !!!!!!
position(a3, null)
Position [agent=a3, id=null, cell=null, time=null, clock=null]
!!!!! from org !!!!!!
position(a3, null)
Position [agent=a3, id=null, cell=null, time=null, clock=null]
!!!!! from org !!!!!!
cargo(null, null)
Cargo [id=null, cell=null, time=null, clock=null]
from/for agent t1  obligation([cargo(_, _, _)], 73, [reduce_100(t1)])
!!!!! from org !!!!!!
coin(null, null, null)
Coin [id=null, cell=null, agent=null, time=null, clock=null]
!!!!! from org !!!!!!
coin(null, null, null)
Coin [id=null, cell=null, agent=null, time=null, clock=null]
!!!!! from org !!!!!!
coin(null, null, null)
Coin [id=null, cell=null, agent=null, time=null, clock=null]
!!!!! from org !!!!!!
reading(null, null, a1, null)
Reading [id=null, agent=a1, cell=null, time=null, value=null, clock=null]
[Obligation [agent=t1, obligation=[cargo(_, _, _)], sanction=[reduce_100(t1)], deadline=15, time=Tue May 28 17:41:37 BST 2013, clock=0]]
obligation(cargo(_, _, _, t1), 73, reduce_100(t1))
org notified 
!!!!! from org !!!!!!
reading(null, null, a2, null)
Reading [id=null, agent=a2, cell=null, time=null, value=null, clock=null]
!!!!! from org !!!!!!
reading(null, null, a3, null)
Reading [id=null, agent=a3, cell=null, time=null, value=null, clock=null]
!!!!! from org !!!!!!
reading(null, null, a1, null)
Reading [id=null, agent=a1, cell=null, time=null, value=null, clock=null]
!!!!! from org !!!!!!
reading(null, null, a2, null)
Reading [id=null, agent=a2, cell=null, time=null, value=null, clock=null]
from/for agent t1  cargo(position(2, 2), 58)
!!!!! from org !!!!!!
reading(null, null, a3, null)
Reading [id=null, agent=a3, cell=null, time=null, value=null, clock=null]
!!!!! from org !!!!!!
cargo(null, null)
Cargo [id=null, cell=null, time=null, clock=null]
!!!!! from org !!!!!!
coin(null, _, null)
Coin [id=null, cell=null, agent=null, time=null, clock=null]
!!!!! from org !!!!!!
coin(cell(_, _), null, null)
Coin [id=null, cell=null, agent=null, time=null, clock=null]
!!!!! from org !!!!!!
position(a1, null)
Position [agent=a1, id=null, cell=null, time=null, clock=null]
!!!!! from org !!!!!!
position(a2, null)
Position [agent=a2, id=null, cell=null, time=null, clock=null]
!!!!! from org !!!!!!
position(a3, null)
Position [agent=a3, id=null, cell=null, time=null, clock=null]
!!!!! from org !!!!!!
coin(null, null, a1)
Coin [id=null, cell=null, agent=a1, time=null, clock=null]
!!!!! from org !!!!!!
coin(null, null, a2)
Coin [id=null, cell=null, agent=a2, time=null, clock=null]
!!!!! from org !!!!!!
coin(null, null, a3)
Coin [id=null, cell=null, agent=a3, time=null, clock=null]
!!!!! from org !!!!!!
position(a1, null)
Position [agent=a1, id=null, cell=null, time=null, clock=null]
!!!!! from org !!!!!!
position(a2, null)
Position [agent=a2, id=null, cell=null, time=null, clock=null]
!!!!! from org !!!!!!
position(a3, null)
Position [agent=a3, id=null, cell=null, time=null, clock=null]
!!!!! from org !!!!!!
position(a1, null)
Position [agent=a1, id=null, cell=null, time=null, clock=null]
!!!!! from org !!!!!!
position(a2, null)
Position [agent=a2, id=null, cell=null, time=null, clock=null]
!!!!! from org !!!!!!
position(a3, null)
Position [agent=a3, id=null, cell=null, time=null, clock=null]
!!!!! from org !!!!!!
reading(null, null, a1, null)
Reading [id=null, agent=a1, cell=null, time=null, value=null, clock=null]
!!!!! from org !!!!!!
reading(null, null, a2, null)
Reading [id=null, agent=a2, cell=null, time=null, value=null, clock=null]
!!!!! from org !!!!!!
reading(null, null, a3, null)
Reading [id=null, agent=a3, cell=null, time=null, value=null, clock=null]
!!!!! from org !!!!!!
cargo(null, null)
Cargo [id=null, cell=null, time=null, clock=null]
!!!!! from org !!!!!!
position(t1, null)
Position [agent=t1, id=null, cell=null, time=null, clock=null]
!!!!! from org !!!!!!
position(t1, null)
Position [agent=t1, id=null, cell=null, time=null, clock=null]
!!!!! from org !!!!!!
position(t1, null)
Position [agent=t1, id=null, cell=null, time=null, clock=null]
!!!!! from org !!!!!!
position(t1, null)
Position [agent=t1, id=null, cell=null, time=null, clock=null]
!!!!! from org !!!!!!
coin(null, null, a1)
Coin [id=null, cell=null, agent=a1, time=null, clock=null]
!!!!! from org !!!!!!
coin(null, null, a2)
Coin [id=null, cell=null, agent=a2, time=null, clock=null]
!!!!! from org !!!!!!
coin(null, null, a3)
Coin [id=null, cell=null, agent=a3, time=null, clock=null]
!!!!! from org !!!!!!
coin(null, null, a1)
Coin [id=null, cell=null, agent=a1, time=null, clock=null]
!!!!! from org !!!!!!
coin(null, null, a1)
Coin [id=null, cell=null, agent=a1, time=null, clock=null]
!!!!! from org !!!!!!
coin(null, null, a1)
Coin [id=null, cell=null, agent=a1, time=null, clock=null]
!!!!! from org !!!!!!
coin(null, null, a1)
Coin [id=null, cell=null, agent=a1, time=null, clock=null]
!!!!! from org !!!!!!
coin(null, null, a2)
Coin [id=null, cell=null, agent=a2, time=null, clock=null]
!!!!! from org !!!!!!
coin(null, null, a2)
Coin [id=null, cell=null, agent=a2, time=null, clock=null]
!!!!! from org !!!!!!
coin(null, null, a2)
Coin [id=null, cell=null, agent=a2, time=null, clock=null]
!!!!! from org !!!!!!
coin(null, null, a2)
Coin [id=null, cell=null, agent=a2, time=null, clock=null]
!!!!! from org !!!!!!
coin(null, null, a3)
Coin [id=null, cell=null, agent=a3, time=null, clock=null]
!!!!! from org !!!!!!
coin(null, null, a3)
Coin [id=null, cell=null, agent=a3, time=null, clock=null]
!!!!! from org !!!!!!
coin(null, null, a3)
Coin [id=null, cell=null, agent=a3, time=null, clock=null]
!!!!! from org !!!!!!
coin(null, null, a3)
Coin [id=null, cell=null, agent=a3, time=null, clock=null]
!!!!! from org !!!!!!
position(a1, null)
Position [agent=a1, id=null, cell=null, time=null, clock=null]
!!!!! from org !!!!!!
position(a1, null)
Position [agent=a1, id=null, cell=null, time=null, clock=null]
!!!!! from org !!!!!!
position(a1, null)
Position [agent=a1, id=null, cell=null, time=null, clock=null]
!!!!! from org !!!!!!
position(a1, null)
Position [agent=a1, id=null, cell=null, time=null, clock=null]
!!!!! from org !!!!!!
position(a2, null)
Position [agent=a2, id=null, cell=null, time=null, clock=null]
!!!!! from org !!!!!!
position(a2, null)
Position [agent=a2, id=null, cell=null, time=null, clock=null]
!!!!! from org !!!!!!
position(a2, null)
Position [agent=a2, id=null, cell=null, time=null, clock=null]
!!!!! from org !!!!!!
position(a2, null)
Position [agent=a2, id=null, cell=null, time=null, clock=null]
!!!!! from org !!!!!!
position(a3, null)
Position [agent=a3, id=null, cell=null, time=null, clock=null]
!!!!! from org !!!!!!
position(a3, null)
Position [agent=a3, id=null, cell=null, time=null, clock=null]
!!!!! from org !!!!!!
position(a3, null)
Position [agent=a3, id=null, cell=null, time=null, clock=null]
!!!!! from org !!!!!!
position(a3, null)
Position [agent=a3, id=null, cell=null, time=null, clock=null]
!!!!! from org !!!!!!
cargo(null, null)
Cargo [id=null, cell=null, time=null, clock=null]
!!!!! from org !!!!!!
cargo(null, null)
Cargo [id=null, cell=null, time=null, clock=null]
!!!!! from org !!!!!!
cargo(null, null)
Cargo [id=null, cell=null, time=null, clock=null]
!!!!! from org !!!!!!
cargo(null, null)
Cargo [id=null, cell=null, time=null, clock=null]
!!!!! from org !!!!!!
coin(null, null, null)
Coin [id=null, cell=null, agent=null, time=null, clock=null]
!!!!! from org !!!!!!
coin(null, null, null)
Coin [id=null, cell=null, agent=null, time=null, clock=null]
!!!!! from org !!!!!!
coin(null, null, null)
Coin [id=null, cell=null, agent=null, time=null, clock=null]
!!!!! from org !!!!!!
reading(null, null, a1, null)
Reading [id=null, agent=a1, cell=null, time=null, value=null, clock=null]
!!!!! from org !!!!!!
reading(null, null, a2, null)
Reading [id=null, agent=a2, cell=null, time=null, value=null, clock=null]
!!!!! from org !!!!!!
reading(null, null, a3, null)
Reading [id=null, agent=a3, cell=null, time=null, value=null, clock=null]
!!!!! from org !!!!!!
reading(null, null, a1, null)
Reading [id=null, agent=a1, cell=null, time=null, value=null, clock=null]
!!!!! from org !!!!!!
reading(null, null, a2, null)
Reading [id=null, agent=a2, cell=null, time=null, value=null, clock=null]
!!!!! from org !!!!!!
reading(null, null, a3, null)
Reading [id=null, agent=a3, cell=null, time=null, value=null, clock=null]
!!!!! from org !!!!!!
cargo(null, null)
Cargo [id=null, cell=null, time=null, clock=null]
!!!!! from org !!!!!!
coin(null, _, null)
Coin [id=null, cell=null, agent=null, time=null, clock=null]
!!!!! from org !!!!!!
coin(cell(_, _), null, null)
Coin [id=null, cell=null, agent=null, time=null, clock=null]
!!!!! from org !!!!!!
position(a1, null)
Position [agent=a1, id=null, cell=null, time=null, clock=null]
!!!!! from org !!!!!!
position(a2, null)
Position [agent=a2, id=null, cell=null, time=null, clock=null]
!!!!! from org !!!!!!
position(a3, null)
Position [agent=a3, id=null, cell=null, time=null, clock=null]
!!!!! from org !!!!!!
coin(null, null, a1)
Coin [id=null, cell=null, agent=a1, time=null, clock=null]
!!!!! from org !!!!!!
coin(null, null, a2)
Coin [id=null, cell=null, agent=a2, time=null, clock=null]
!!!!! from org !!!!!!
coin(null, null, a3)
Coin [id=null, cell=null, agent=a3, time=null, clock=null]
!!!!! from org !!!!!!
position(a1, null)
Position [agent=a1, id=null, cell=null, time=null, clock=null]
!!!!! from org !!!!!!
position(a2, null)
Position [agent=a2, id=null, cell=null, time=null, clock=null]
!!!!! from org !!!!!!
position(a3, null)
Position [agent=a3, id=null, cell=null, time=null, clock=null]
!!!!! from org !!!!!!
position(a1, null)
Position [agent=a1, id=null, cell=null, time=null, clock=null]
!!!!! from org !!!!!!
position(a2, null)
Position [agent=a2, id=null, cell=null, time=null, clock=null]
!!!!! from org !!!!!!
position(a3, null)
Position [agent=a3, id=null, cell=null, time=null, clock=null]
!!!!! from org !!!!!!
reading(null, null, a1, null)
Reading [id=null, agent=a1, cell=null, time=null, value=null, clock=null]
!!!!! from org !!!!!!
reading(null, null, a2, null)
Reading [id=null, agent=a2, cell=null, time=null, value=null, clock=null]
!!!!! from org !!!!!!
reading(null, null, a3, null)
Reading [id=null, agent=a3, cell=null, time=null, value=null, clock=null]
!!!!! from org !!!!!!
cargo(null, null)
Cargo [id=null, cell=null, time=null, clock=null]
!!!!! from org !!!!!!
position(t1, null)
Position [agent=t1, id=null, cell=null, time=null, clock=null]
!!!!! from org !!!!!!
position(t1, null)
Position [agent=t1, id=null, cell=null, time=null, clock=null]
!!!!! from org !!!!!!
position(t1, null)
Position [agent=t1, id=null, cell=null, time=null, clock=null]
!!!!! from org !!!!!!
position(t1, null)
Position [agent=t1, id=null, cell=null, time=null, clock=null]
!!!!! from org !!!!!!
coin(null, null, a1)
Coin [id=null, cell=null, agent=a1, time=null, clock=null]
!!!!! from org !!!!!!
coin(null, null, a2)
Coin [id=null, cell=null, agent=a2, time=null, clock=null]
!!!!! from org !!!!!!
coin(null, null, a3)
Coin [id=null, cell=null, agent=a3, time=null, clock=null]
!!!!! from org !!!!!!
coin(null, null, a1)
Coin [id=null, cell=null, agent=a1, time=null, clock=null]
!!!!! from org !!!!!!
coin(null, null, a1)
Coin [id=null, cell=null, agent=a1, time=null, clock=null]
!!!!! from org !!!!!!
coin(null, null, a1)
Coin [id=null, cell=null, agent=a1, time=null, clock=null]
!!!!! from org !!!!!!
coin(null, null, a1)
Coin [id=null, cell=null, agent=a1, time=null, clock=null]
!!!!! from org !!!!!!
coin(null, null, a2)
Coin [id=null, cell=null, agent=a2, time=null, clock=null]
!!!!! from org !!!!!!
coin(null, null, a2)
Coin [id=null, cell=null, agent=a2, time=null, clock=null]
!!!!! from org !!!!!!
coin(null, null, a2)
Coin [id=null, cell=null, agent=a2, time=null, clock=null]
!!!!! from org !!!!!!
coin(null, null, a2)
Coin [id=null, cell=null, agent=a2, time=null, clock=null]
!!!!! from org !!!!!!
coin(null, null, a3)
Coin [id=null, cell=null, agent=a3, time=null, clock=null]
!!!!! from org !!!!!!
coin(null, null, a3)
Coin [id=null, cell=null, agent=a3, time=null, clock=null]
!!!!! from org !!!!!!
coin(null, null, a3)
Coin [id=null, cell=null, agent=a3, time=null, clock=null]
!!!!! from org !!!!!!
coin(null, null, a3)
Coin [id=null, cell=null, agent=a3, time=null, clock=null]
!!!!! from org !!!!!!
position(a1, null)
Position [agent=a1, id=null, cell=null, time=null, clock=null]
!!!!! from org !!!!!!
position(a1, null)
Position [agent=a1, id=null, cell=null, time=null, clock=null]
!!!!! from org !!!!!!
position(a1, null)
Position [agent=a1, id=null, cell=null, time=null, clock=null]
!!!!! from org !!!!!!
position(a1, null)
Position [agent=a1, id=null, cell=null, time=null, clock=null]
!!!!! from org !!!!!!
position(a2, null)
Position [agent=a2, id=null, cell=null, time=null, clock=null]
!!!!! from org !!!!!!
position(a2, null)
Position [agent=a2, id=null, cell=null, time=null, clock=null]
!!!!! from org !!!!!!
position(a2, null)
Position [agent=a2, id=null, cell=null, time=null, clock=null]
!!!!! from org !!!!!!
position(a2, null)
Position [agent=a2, id=null, cell=null, time=null, clock=null]
!!!!! from org !!!!!!
position(a3, null)
Position [agent=a3, id=null, cell=null, time=null, clock=null]
!!!!! from org !!!!!!
position(a3, null)
Position [agent=a3, id=null, cell=null, time=null, clock=null]
!!!!! from org !!!!!!
position(a3, null)
Position [agent=a3, id=null, cell=null, time=null, clock=null]
!!!!! from org !!!!!!
position(a3, null)
Position [agent=a3, id=null, cell=null, time=null, clock=null]
!!!!! from org !!!!!!
cargo(null, null)
Cargo [id=null, cell=null, time=null, clock=null]
!!!!! from org !!!!!!
position(t1, null)
Position [agent=t1, id=null, cell=null, time=null, clock=null]
!!!!! from org !!!!!!
position(t1, null)
Position [agent=t1, id=null, cell=null, time=null, clock=null]
!!!!! from org !!!!!!
position(t1, null)
Position [agent=t1, id=null, cell=null, time=null, clock=null]
!!!!! from org !!!!!!
position(t1, null)
Position [agent=t1, id=null, cell=null, time=null, clock=null]
!!!!! from org !!!!!!
coin(null, null, a1)
Coin [id=null, cell=null, agent=a1, time=null, clock=null]
!!!!! from org !!!!!!
coin(null, null, a2)
Coin [id=null, cell=null, agent=a2, time=null, clock=null]
!!!!! from org !!!!!!
coin(null, null, a3)
Coin [id=null, cell=null, agent=a3, time=null, clock=null]
!!!!! from org !!!!!!
coin(null, null, a1)
Coin [id=null, cell=null, agent=a1, time=null, clock=null]
!!!!! from org !!!!!!
coin(null, null, a1)
Coin [id=null, cell=null, agent=a1, time=null, clock=null]
!!!!! from org !!!!!!
coin(null, null, a1)
Coin [id=null, cell=null, agent=a1, time=null, clock=null]
!!!!! from org !!!!!!
coin(null, null, a1)
Coin [id=null, cell=null, agent=a1, time=null, clock=null]
!!!!! from org !!!!!!
coin(null, null, a2)
Coin [id=null, cell=null, agent=a2, time=null, clock=null]
!!!!! from org !!!!!!
coin(null, null, a2)
Coin [id=null, cell=null, agent=a2, time=null, clock=null]
!!!!! from org !!!!!!
coin(null, null, a2)
Coin [id=null, cell=null, agent=a2, time=null, clock=null]
!!!!! from org !!!!!!
coin(null, null, a2)
Coin [id=null, cell=null, agent=a2, time=null, clock=null]
!!!!! from org !!!!!!
coin(null, null, a3)
Coin [id=null, cell=null, agent=a3, time=null, clock=null]
!!!!! from org !!!!!!
coin(null, null, a3)
Coin [id=null, cell=null, agent=a3, time=null, clock=null]
!!!!! from org !!!!!!
coin(null, null, a3)
Coin [id=null, cell=null, agent=a3, time=null, clock=null]
!!!!! from org !!!!!!
coin(null, null, a3)
Coin [id=null, cell=null, agent=a3, time=null, clock=null]
!!!!! from org !!!!!!
position(a1, null)
Position [agent=a1, id=null, cell=null, time=null, clock=null]
!!!!! from org !!!!!!
position(a1, null)
Position [agent=a1, id=null, cell=null, time=null, clock=null]
!!!!! from org !!!!!!
position(a1, null)
Position [agent=a1, id=null, cell=null, time=null, clock=null]
!!!!! from org !!!!!!
position(a1, null)
Position [agent=a1, id=null, cell=null, time=null, clock=null]
!!!!! from org !!!!!!
position(a2, null)
Position [agent=a2, id=null, cell=null, time=null, clock=null]
!!!!! from org !!!!!!
position(a2, null)
Position [agent=a2, id=null, cell=null, time=null, clock=null]
!!!!! from org !!!!!!
position(a2, null)
Position [agent=a2, id=null, cell=null, time=null, clock=null]
!!!!! from org !!!!!!
position(a2, null)
Position [agent=a2, id=null, cell=null, time=null, clock=null]
!!!!! from org !!!!!!
position(a3, null)
Position [agent=a3, id=null, cell=null, time=null, clock=null]
!!!!! from org !!!!!!
position(a3, null)
Position [agent=a3, id=null, cell=null, time=null, clock=null]
!!!!! from org !!!!!!
position(a3, null)
Position [agent=a3, id=null, cell=null, time=null, clock=null]
!!!!! from org !!!!!!
position(a3, null)
Position [agent=a3, id=null, cell=null, time=null, clock=null]
!!!!! from org !!!!!!
cargo(null, null)
Cargo [id=null, cell=null, time=null, clock=null]
!!!!! from org !!!!!!
position(t1, null)
Position [agent=t1, id=null, cell=null, time=null, clock=null]
!!!!! from org !!!!!!
position(t1, null)
Position [agent=t1, id=null, cell=null, time=null, clock=null]
!!!!! from org !!!!!!
position(t1, null)
Position [agent=t1, id=null, cell=null, time=null, clock=null]
!!!!! from org !!!!!!
position(t1, null)
Position [agent=t1, id=null, cell=null, time=null, clock=null]
!!!!! from org !!!!!!
coin(null, null, a1)
Coin [id=null, cell=null, agent=a1, time=null, clock=null]
!!!!! from org !!!!!!
coin(null, null, a2)
Coin [id=null, cell=null, agent=a2, time=null, clock=null]
!!!!! from org !!!!!!
coin(null, null, a3)
Coin [id=null, cell=null, agent=a3, time=null, clock=null]
!!!!! from org !!!!!!
coin(null, null, a1)
Coin [id=null, cell=null, agent=a1, time=null, clock=null]
!!!!! from org !!!!!!
coin(null, null, a1)
Coin [id=null, cell=null, agent=a1, time=null, clock=null]
!!!!! from org !!!!!!
coin(null, null, a1)
Coin [id=null, cell=null, agent=a1, time=null, clock=null]
!!!!! from org !!!!!!
coin(null, null, a1)
Coin [id=null, cell=null, agent=a1, time=null, clock=null]
!!!!! from org !!!!!!
coin(null, null, a2)
Coin [id=null, cell=null, agent=a2, time=null, clock=null]
!!!!! from org !!!!!!
coin(null, null, a2)
Coin [id=null, cell=null, agent=a2, time=null, clock=null]
!!!!! from org !!!!!!
coin(null, null, a2)
Coin [id=null, cell=null, agent=a2, time=null, clock=null]
!!!!! from org !!!!!!
coin(null, null, a2)
Coin [id=null, cell=null, agent=a2, time=null, clock=null]
!!!!! from org !!!!!!
coin(null, null, a3)
Coin [id=null, cell=null, agent=a3, time=null, clock=null]
!!!!! from org !!!!!!
coin(null, null, a3)
Coin [id=null, cell=null, agent=a3, time=null, clock=null]
!!!!! from org !!!!!!
coin(null, null, a3)
Coin [id=null, cell=null, agent=a3, time=null, clock=null]
!!!!! from org !!!!!!
coin(null, null, a3)
Coin [id=null, cell=null, agent=a3, time=null, clock=null]
!!!!! from org !!!!!!
position(a1, null)
Position [agent=a1, id=null, cell=null, time=null, clock=null]
!!!!! from org !!!!!!
position(a1, null)
Position [agent=a1, id=null, cell=null, time=null, clock=null]
