Service Registrar: 2131b097-6371-46da-b860-ae9238a6fc5d
Java Space found.
TransactionManager found.
org notified 
org notified 
org notified 
org notified 
org notified 
org notified 
java.lang.ClassCastException: apapl.data.APLIdent cannot be cast to apapl.data.APLFunction
	at envJavaSpace.SpaceTest.notifyAgent(SpaceTest.java:1112)
	at envJavaSpace.AgentHandler.notify(AgentHandler.java:68)
	at sun.reflect.GeneratedMethodAccessor32.invoke(Unknown Source)
	at sun.reflect.DelegatingMethodAccessorImpl.invoke(DelegatingMethodAccessorImpl.java:25)
	at java.lang.reflect.Method.invoke(Method.java:597)
	at sun.rmi.server.UnicastServerRef.dispatch(UnicastServerRef.java:303)
	at sun.rmi.transport.Transport$1.run(Transport.java:159)
	at java.security.AccessController.doPrivileged(Native Method)
	at sun.rmi.transport.Transport.serviceCall(Transport.java:155)
	at sun.rmi.transport.tcp.TCPTransport.handleMessages(TCPTransport.java:535)
	at sun.rmi.transport.tcp.TCPTransport$ConnectionHandler.run0(TCPTransport.java:790)
	at sun.rmi.transport.tcp.TCPTransport$ConnectionHandler.run(TCPTransport.java:649)
	at java.util.concurrent.ThreadPoolExecutor$Worker.runTask(ThreadPoolExecutor.java:886)
	at java.util.concurrent.ThreadPoolExecutor$Worker.run(ThreadPoolExecutor.java:908)
	at java.lang.Thread.run(Thread.java:680)
java.lang.ClassCastException: apapl.data.APLIdent cannot be cast to apapl.data.APLFunction
	at envJavaSpace.SpaceTest.notifyAgent(SpaceTest.java:1112)
	at envJavaSpace.AgentHandler.notify(AgentHandler.java:68)
	at sun.reflect.GeneratedMethodAccessor32.invoke(Unknown Source)
	at sun.reflect.DelegatingMethodAccessorImpl.invoke(DelegatingMethodAccessorImpl.java:25)
	at java.lang.reflect.Method.invoke(Method.java:597)
	at sun.rmi.server.UnicastServerRef.dispatch(UnicastServerRef.java:303)
	at sun.rmi.transport.Transport$1.run(Transport.java:159)
	at java.security.AccessController.doPrivileged(Native Method)
	at sun.rmi.transport.Transport.serviceCall(Transport.java:155)
	at sun.rmi.transport.tcp.TCPTransport.handleMessages(TCPTransport.java:535)
	at sun.rmi.transport.tcp.TCPTransport$ConnectionHandler.run0(TCPTransport.java:790)
	at sun.rmi.transport.tcp.TCPTransport$ConnectionHandler.run(TCPTransport.java:649)
	at java.util.concurrent.ThreadPoolExecutor$Worker.runTask(ThreadPoolExecutor.java:886)
	at java.util.concurrent.ThreadPoolExecutor$Worker.run(ThreadPoolExecutor.java:908)
	at java.lang.Thread.run(Thread.java:680)
java.lang.ClassCastException: apapl.data.APLIdent cannot be cast to apapl.data.APLFunction
	at envJavaSpace.SpaceTest.notifyAgent(SpaceTest.java:1112)
	at envJavaSpace.AgentHandler.notify(AgentHandler.java:68)
	at sun.reflect.GeneratedMethodAccessor32.invoke(Unknown Source)
	at sun.reflect.DelegatingMethodAccessorImpl.invoke(DelegatingMethodAccessorImpl.java:25)
	at java.lang.reflect.Method.invoke(Method.java:597)
	at sun.rmi.server.UnicastServerRef.dispatch(UnicastServerRef.java:303)
	at sun.rmi.transport.Transport$1.run(Transport.java:159)
	at java.security.AccessController.doPrivileged(Native Method)
	at sun.rmi.transport.Transport.serviceCall(Transport.java:155)
	at sun.rmi.transport.tcp.TCPTransport.handleMessages(TCPTransport.java:535)
	at sun.rmi.transport.tcp.TCPTransport$ConnectionHandler.run0(TCPTransport.java:790)
	at sun.rmi.transport.tcp.TCPTransport$ConnectionHandler.run(TCPTransport.java:649)
	at java.util.concurrent.ThreadPoolExecutor$Worker.runTask(ThreadPoolExecutor.java:886)
	at java.util.concurrent.ThreadPoolExecutor$Worker.run(ThreadPoolExecutor.java:908)
	at java.lang.Thread.run(Thread.java:680)
java.lang.ClassCastException: apapl.data.APLIdent cannot be cast to apapl.data.APLFunction
	at envJavaSpace.SpaceTest.notifyAgent(SpaceTest.java:1112)
	at envJavaSpace.AgentHandler.notify(AgentHandler.java:68)
	at sun.reflect.GeneratedMethodAccessor32.invoke(Unknown Source)
	at sun.reflect.DelegatingMethodAccessorImpl.invoke(DelegatingMethodAccessorImpl.java:25)
	at java.lang.reflect.Method.invoke(Method.java:597)
	at sun.rmi.server.UnicastServerRef.dispatch(UnicastServerRef.java:303)
	at sun.rmi.transport.Transport$1.run(Transport.java:159)
	at java.security.AccessController.doPrivileged(Native Method)
	at sun.rmi.transport.Transport.serviceCall(Transport.java:155)
	at sun.rmi.transport.tcp.TCPTransport.handleMessages(TCPTransport.java:535)
	at sun.rmi.transport.tcp.TCPTransport$ConnectionHandler.run0(TCPTransport.java:790)
	at sun.rmi.transport.tcp.TCPTransport$ConnectionHandler.run(TCPTransport.java:649)
	at java.util.concurrent.ThreadPoolExecutor$Worker.runTask(ThreadPoolExecutor.java:886)
	at java.util.concurrent.ThreadPoolExecutor$Worker.run(ThreadPoolExecutor.java:908)
	at java.lang.Thread.run(Thread.java:680)
java.lang.ClassCastException: apapl.data.APLIdent cannot be cast to apapl.data.APLFunction
	at envJavaSpace.SpaceTest.notifyAgent(SpaceTest.java:1112)
	at envJavaSpace.AgentHandler.notify(AgentHandler.java:68)
	at sun.reflect.GeneratedMethodAccessor32.invoke(Unknown Source)
	at sun.reflect.DelegatingMethodAccessorImpl.invoke(DelegatingMethodAccessorImpl.java:25)
	at java.lang.reflect.Method.invoke(Method.java:597)
	at sun.rmi.server.UnicastServerRef.dispatch(UnicastServerRef.java:303)
	at sun.rmi.transport.Transport$1.run(Transport.java:159)
	at java.security.AccessController.doPrivileged(Native Method)
	at sun.rmi.transport.Transport.serviceCall(Transport.java:155)
	at sun.rmi.transport.tcp.TCPTransport.handleMessages(TCPTransport.java:535)
	at sun.rmi.transport.tcp.TCPTransport$ConnectionHandler.run0(TCPTransport.java:790)
	at sun.rmi.transport.tcp.TCPTransport$ConnectionHandler.run(TCPTransport.java:649)
	at java.util.concurrent.ThreadPoolExecutor$Worker.runTask(ThreadPoolExecutor.java:886)
	at java.util.concurrent.ThreadPoolExecutor$Worker.run(ThreadPoolExecutor.java:908)
	at java.lang.Thread.run(Thread.java:680)
java.lang.ClassCastException: apapl.data.APLIdent cannot be cast to apapl.data.APLFunction
	at envJavaSpace.SpaceTest.notifyAgent(SpaceTest.java:1112)
	at envJavaSpace.AgentHandler.notify(AgentHandler.java:68)
	at sun.reflect.GeneratedMethodAccessor32.invoke(Unknown Source)
	at sun.reflect.DelegatingMethodAccessorImpl.invoke(DelegatingMethodAccessorImpl.java:25)
	at java.lang.reflect.Method.invoke(Method.java:597)
	at sun.rmi.server.UnicastServerRef.dispatch(UnicastServerRef.java:303)
	at sun.rmi.transport.Transport$1.run(Transport.java:159)
	at java.security.AccessController.doPrivileged(Native Method)
	at sun.rmi.transport.Transport.serviceCall(Transport.java:155)
	at sun.rmi.transport.tcp.TCPTransport.handleMessages(TCPTransport.java:535)
	at sun.rmi.transport.tcp.TCPTransport$ConnectionHandler.run0(TCPTransport.java:790)
	at sun.rmi.transport.tcp.TCPTransport$ConnectionHandler.run(TCPTransport.java:649)
	at java.util.concurrent.ThreadPoolExecutor$Worker.runTask(ThreadPoolExecutor.java:886)
	at java.util.concurrent.ThreadPoolExecutor$Worker.run(ThreadPoolExecutor.java:908)
	at java.lang.Thread.run(Thread.java:680)
java.lang.ClassCastException: apapl.data.APLIdent cannot be cast to apapl.data.APLFunction
	at envJavaSpace.SpaceTest.notifyAgent(SpaceTest.java:1112)
	at envJavaSpace.AgentHandler.notify(AgentHandler.java:68)
	at sun.reflect.GeneratedMethodAccessor32.invoke(Unknown Source)
	at sun.reflect.DelegatingMethodAccessorImpl.invoke(DelegatingMethodAccessorImpl.java:25)
	at java.lang.reflect.Method.invoke(Method.java:597)
	at sun.rmi.server.UnicastServerRef.dispatch(UnicastServerRef.java:303)
	at sun.rmi.transport.Transport$1.run(Transport.java:159)
	at java.security.AccessController.doPrivileged(Native Method)
	at sun.rmi.transport.Transport.serviceCall(Transport.java:155)
	at sun.rmi.transport.tcp.TCPTransport.handleMessages(TCPTransport.java:535)
	at sun.rmi.transport.tcp.TCPTransport$ConnectionHandler.run0(TCPTransport.java:790)
	at sun.rmi.transport.tcp.TCPTransport$ConnectionHandler.run(TCPTransport.java:649)
	at java.util.concurrent.ThreadPoolExecutor$Worker.runTask(ThreadPoolExecutor.java:886)
	at java.util.concurrent.ThreadPoolExecutor$Worker.run(ThreadPoolExecutor.java:908)
	at java.lang.Thread.run(Thread.java:680)
java.lang.ClassCastException: apapl.data.APLIdent cannot be cast to apapl.data.APLFunction
	at envJavaSpace.SpaceTest.notifyAgent(SpaceTest.java:1112)
	at envJavaSpace.AgentHandler.notify(AgentHandler.java:68)
	at sun.reflect.GeneratedMethodAccessor32.invoke(Unknown Source)
	at sun.reflect.DelegatingMethodAccessorImpl.invoke(DelegatingMethodAccessorImpl.java:25)
	at java.lang.reflect.Method.invoke(Method.java:597)
	at sun.rmi.server.UnicastServerRef.dispatch(UnicastServerRef.java:303)
	at sun.rmi.transport.Transport$1.run(Transport.java:159)
	at java.security.AccessController.doPrivileged(Native Method)
	at sun.rmi.transport.Transport.serviceCall(Transport.java:155)
	at sun.rmi.transport.tcp.TCPTransport.handleMessages(TCPTransport.java:535)
	at sun.rmi.transport.tcp.TCPTransport$ConnectionHandler.run0(TCPTransport.java:790)
	at sun.rmi.transport.tcp.TCPTransport$ConnectionHandler.run(TCPTransport.java:649)
	at java.util.concurrent.ThreadPoolExecutor$Worker.runTask(ThreadPoolExecutor.java:886)
	at java.util.concurrent.ThreadPoolExecutor$Worker.run(ThreadPoolExecutor.java:908)
	at java.lang.Thread.run(Thread.java:680)
org notified 
obligation([cargo(_, _, _)], 178, [reduce_100(t1)])
agent t1
create entry obligation [[cargo(_, _, _)], 178, [reduce_100(t1)]]
Obligation [agent=t1, obligation=[cargo(_, _, _)], sanction=[reduce_100(t1)], deadline=178, time=Mon Jan 07 16:42:18 GMT 2013, clock=1]
java.lang.ClassCastException: apapl.data.APLIdent cannot be cast to apapl.data.APLFunction
	at envJavaSpace.SpaceTest.notifyAgent(SpaceTest.java:1112)
	at envJavaSpace.AgentHandler.notify(AgentHandler.java:68)
	at sun.reflect.GeneratedMethodAccessor32.invoke(Unknown Source)
	at sun.reflect.DelegatingMethodAccessorImpl.invoke(DelegatingMethodAccessorImpl.java:25)
	at java.lang.reflect.Method.invoke(Method.java:597)
	at sun.rmi.server.UnicastServerRef.dispatch(UnicastServerRef.java:303)
	at sun.rmi.transport.Transport$1.run(Transport.java:159)
	at java.security.AccessController.doPrivileged(Native Method)
	at sun.rmi.transport.Transport.serviceCall(Transport.java:155)
	at sun.rmi.transport.tcp.TCPTransport.handleMessages(TCPTransport.java:535)
	at sun.rmi.transport.tcp.TCPTransport$ConnectionHandler.run0(TCPTransport.java:790)
	at sun.rmi.transport.tcp.TCPTransport$ConnectionHandler.run(TCPTransport.java:649)
	at java.util.concurrent.ThreadPoolExecutor$Worker.runTask(ThreadPoolExecutor.java:886)
	at java.util.concurrent.ThreadPoolExecutor$Worker.run(ThreadPoolExecutor.java:908)
	at java.lang.Thread.run(Thread.java:680)
java.lang.ClassCastException: apapl.data.APLIdent cannot be cast to apapl.data.APLFunction
	at envJavaSpace.SpaceTest.notifyAgent(SpaceTest.java:1112)
	at envJavaSpace.AgentHandler.notify(AgentHandler.java:68)
	at sun.reflect.GeneratedMethodAccessor32.invoke(Unknown Source)
	at sun.reflect.DelegatingMethodAccessorImpl.invoke(DelegatingMethodAccessorImpl.java:25)
	at java.lang.reflect.Method.invoke(Method.java:597)
	at sun.rmi.server.UnicastServerRef.dispatch(UnicastServerRef.java:303)
	at sun.rmi.transport.Transport$1.run(Transport.java:159)
	at java.security.AccessController.doPrivileged(Native Method)
	at sun.rmi.transport.Transport.serviceCall(Transport.java:155)
	at sun.rmi.transport.tcp.TCPTransport.handleMessages(TCPTransport.java:535)
	at sun.rmi.transport.tcp.TCPTransport$ConnectionHandler.run0(TCPTransport.java:790)
	at sun.rmi.transport.tcp.TCPTransport$ConnectionHandler.run(TCPTransport.java:649)
	at java.util.concurrent.ThreadPoolExecutor$Worker.runTask(ThreadPoolExecutor.java:886)
	at java.util.concurrent.ThreadPoolExecutor$Worker.run(ThreadPoolExecutor.java:908)
	at java.lang.Thread.run(Thread.java:680)
org notified 
java.lang.ClassCastException: apapl.data.APLIdent cannot be cast to apapl.data.APLFunction
	at envJavaSpace.SpaceTest.notifyAgent(SpaceTest.java:1112)
	at envJavaSpace.AgentHandler.notify(AgentHandler.java:48)
	at sun.reflect.GeneratedMethodAccessor32.invoke(Unknown Source)
	at sun.reflect.DelegatingMethodAccessorImpl.invoke(DelegatingMethodAccessorImpl.java:25)
	at java.lang.reflect.Method.invoke(Method.java:597)
	at sun.rmi.server.UnicastServerRef.dispatch(UnicastServerRef.java:303)
	at sun.rmi.transport.Transport$1.run(Transport.java:159)
	at java.security.AccessController.doPrivileged(Native Method)
	at sun.rmi.transport.Transport.serviceCall(Transport.java:155)
	at sun.rmi.transport.tcp.TCPTransport.handleMessages(TCPTransport.java:535)
	at sun.rmi.transport.tcp.TCPTransport$ConnectionHandler.run0(TCPTransport.java:790)
	at sun.rmi.transport.tcp.TCPTransport$ConnectionHandler.run(TCPTransport.java:649)
	at java.util.concurrent.ThreadPoolExecutor$Worker.runTask(ThreadPoolExecutor.java:886)
	at java.util.concurrent.ThreadPoolExecutor$Worker.run(ThreadPoolExecutor.java:908)
	at java.lang.Thread.run(Thread.java:680)
org notified 
obligation([cargo(_, _, _)], 174, [reduce_100(t1)])
agent t1
create entry obligation [[cargo(_, _, _)], 174, [reduce_100(t1)]]
Obligation [agent=t1, obligation=[cargo(_, _, _)], sanction=[reduce_100(t1)], deadline=174, time=Mon Jan 07 16:42:18 GMT 2013, clock=1]
java.lang.ClassCastException: apapl.data.APLIdent cannot be cast to apapl.data.APLFunction
	at envJavaSpace.SpaceTest.notifyAgent(SpaceTest.java:1112)
	at envJavaSpace.AgentHandler.notify(AgentHandler.java:48)
	at sun.reflect.GeneratedMethodAccessor32.invoke(Unknown Source)
	at sun.reflect.DelegatingMethodAccessorImpl.invoke(DelegatingMethodAccessorImpl.java:25)
	at java.lang.reflect.Method.invoke(Method.java:597)
	at sun.rmi.server.UnicastServerRef.dispatch(UnicastServerRef.java:303)
	at sun.rmi.transport.Transport$1.run(Transport.java:159)
	at java.security.AccessController.doPrivileged(Native Method)
	at sun.rmi.transport.Transport.serviceCall(Transport.java:155)
	at sun.rmi.transport.tcp.TCPTransport.handleMessages(TCPTransport.java:535)
	at sun.rmi.transport.tcp.TCPTransport$ConnectionHandler.run0(TCPTransport.java:790)
	at sun.rmi.transport.tcp.TCPTransport$ConnectionHandler.run(TCPTransport.java:649)
	at java.util.concurrent.ThreadPoolExecutor$Worker.runTask(ThreadPoolExecutor.java:886)
	at java.util.concurrent.ThreadPoolExecutor$Worker.run(ThreadPoolExecutor.java:908)
	at java.lang.Thread.run(Thread.java:680)
java.lang.ClassCastException: apapl.data.APLIdent cannot be cast to apapl.data.APLFunction
	at envJavaSpace.SpaceTest.notifyAgent(SpaceTest.java:1112)
	at envJavaSpace.AgentHandler.notify(AgentHandler.java:48)
	at sun.reflect.GeneratedMethodAccessor32.invoke(Unknown Source)
	at sun.reflect.DelegatingMethodAccessorImpl.invoke(DelegatingMethodAccessorImpl.java:25)
	at java.lang.reflect.Method.invoke(Method.java:597)
	at sun.rmi.server.UnicastServerRef.dispatch(UnicastServerRef.java:303)
	at sun.rmi.transport.Transport$1.run(Transport.java:159)
	at java.security.AccessController.doPrivileged(Native Method)
	at sun.rmi.transport.Transport.serviceCall(Transport.java:155)
	at sun.rmi.transport.tcp.TCPTransport.handleMessages(TCPTransport.java:535)
	at sun.rmi.transport.tcp.TCPTransport$ConnectionHandler.run0(TCPTransport.java:790)
	at sun.rmi.transport.tcp.TCPTransport$ConnectionHandler.run(TCPTransport.java:649)
	at java.util.concurrent.ThreadPoolExecutor$Worker.runTask(ThreadPoolExecutor.java:886)
	at java.util.concurrent.ThreadPoolExecutor$Worker.run(ThreadPoolExecutor.java:908)
	at java.lang.Thread.run(Thread.java:680)
obligation([cargo(_, _, _)], 178, [reduce_100(t1)])
agent t1
create entry obligation [[cargo(_, _, _)], 178, [reduce_100(t1)]]
Obligation [agent=t1, obligation=[cargo(_, _, _)], sanction=[reduce_100(t1)], deadline=178, time=Mon Jan 07 16:42:18 GMT 2013, clock=1]
java.lang.ClassCastException: apapl.data.APLIdent cannot be cast to apapl.data.APLFunction
	at envJavaSpace.SpaceTest.notifyAgent(SpaceTest.java:1112)
	at envJavaSpace.AgentHandler.notify(AgentHandler.java:48)
	at sun.reflect.GeneratedMethodAccessor32.invoke(Unknown Source)
	at sun.reflect.DelegatingMethodAccessorImpl.invoke(DelegatingMethodAccessorImpl.java:25)
	at java.lang.reflect.Method.invoke(Method.java:597)
	at sun.rmi.server.UnicastServerRef.dispatch(UnicastServerRef.java:303)
	at sun.rmi.transport.Transport$1.run(Transport.java:159)
	at java.security.AccessController.doPrivileged(Native Method)
	at sun.rmi.transport.Transport.serviceCall(Transport.java:155)
	at sun.rmi.transport.tcp.TCPTransport.handleMessages(TCPTransport.java:535)
	at sun.rmi.transport.tcp.TCPTransport$ConnectionHandler.run0(TCPTransport.java:790)
	at sun.rmi.transport.tcp.TCPTransport$ConnectionHandler.run(TCPTransport.java:649)
	at java.util.concurrent.ThreadPoolExecutor$Worker.runTask(ThreadPoolExecutor.java:886)
	at java.util.concurrent.ThreadPoolExecutor$Worker.run(ThreadPoolExecutor.java:908)
	at java.lang.Thread.run(Thread.java:680)
java.lang.ClassCastException: apapl.data.APLIdent cannot be cast to apapl.data.APLFunction
	at envJavaSpace.SpaceTest.notifyAgent(SpaceTest.java:1112)
	at envJavaSpace.AgentHandler.notify(AgentHandler.java:48)
	at sun.reflect.GeneratedMethodAccessor32.invoke(Unknown Source)
	at sun.reflect.DelegatingMethodAccessorImpl.invoke(DelegatingMethodAccessorImpl.java:25)
	at java.lang.reflect.Method.invoke(Method.java:597)
	at sun.rmi.server.UnicastServerRef.dispatch(UnicastServerRef.java:303)
	at sun.rmi.transport.Transport$1.run(Transport.java:159)
	at java.security.AccessController.doPrivileged(Native Method)
	at sun.rmi.transport.Transport.serviceCall(Transport.java:155)
	at sun.rmi.transport.tcp.TCPTransport.handleMessages(TCPTransport.java:535)
	at sun.rmi.transport.tcp.TCPTransport$ConnectionHandler.run0(TCPTransport.java:790)
	at sun.rmi.transport.tcp.TCPTransport$ConnectionHandler.run(TCPTransport.java:649)
	at java.util.concurrent.ThreadPoolExecutor$Worker.runTask(ThreadPoolExecutor.java:886)
	at java.util.concurrent.ThreadPoolExecutor$Worker.run(ThreadPoolExecutor.java:908)
	at java.lang.Thread.run(Thread.java:680)
java.lang.ClassCastException: apapl.data.APLIdent cannot be cast to apapl.data.APLFunction
	at envJavaSpace.SpaceTest.notifyAgent(SpaceTest.java:1112)
	at envJavaSpace.AgentHandler.notify(AgentHandler.java:48)
	at sun.reflect.GeneratedMethodAccessor32.invoke(Unknown Source)
	at sun.reflect.DelegatingMethodAccessorImpl.invoke(DelegatingMethodAccessorImpl.java:25)
	at java.lang.reflect.Method.invoke(Method.java:597)
	at sun.rmi.server.UnicastServerRef.dispatch(UnicastServerRef.java:303)
	at sun.rmi.transport.Transport$1.run(Transport.java:159)
	at java.security.AccessController.doPrivileged(Native Method)
	at sun.rmi.transport.Transport.serviceCall(Transport.java:155)
	at sun.rmi.transport.tcp.TCPTransport.handleMessages(TCPTransport.java:535)
	at sun.rmi.transport.tcp.TCPTransport$ConnectionHandler.run0(TCPTransport.java:790)
	at sun.rmi.transport.tcp.TCPTransport$ConnectionHandler.run(TCPTransport.java:649)
	at java.util.concurrent.ThreadPoolExecutor$Worker.runTask(ThreadPoolExecutor.java:886)
	at java.util.concurrent.ThreadPoolExecutor$Worker.run(ThreadPoolExecutor.java:908)
	at java.lang.Thread.run(Thread.java:680)
org notified 
prohibition([cargo(_, _, 2)], [reduce_100(t1)])
agent t1
create entry prohibition [[cargo(_, _, 2)], [reduce_100(t1)]]
Prohibition [agent=t1, prohibition=[cargo(_, _, 2)], sanction=[reduce_100(t1)], clock=1, time=Mon Jan 07 16:42:20 GMT 2013]
prohibition([at(5, 5, t1)], [reduce_300(t1)])
agent t1
create entry prohibition [[at(5, 5, t1)], [reduce_300(t1)]]
Prohibition [agent=t1, prohibition=[at(5, 5, t1)], sanction=[reduce_300(t1)], clock=1, time=Mon Jan 07 16:42:20 GMT 2013]
prohibition([at(5, 6, t1)], [reduce_300(t1)])
agent t1
create entry prohibition [[at(5, 6, t1)], [reduce_300(t1)]]
Prohibition [agent=t1, prohibition=[at(5, 6, t1)], sanction=[reduce_300(t1)], clock=1, time=Mon Jan 07 16:42:20 GMT 2013]
prohibition([at(6, 5, t1)], [reduce_300(t1)])
agent t1
create entry prohibition [[at(6, 5, t1)], [reduce_300(t1)]]
Prohibition [agent=t1, prohibition=[at(6, 5, t1)], sanction=[reduce_300(t1)], clock=1, time=Mon Jan 07 16:42:20 GMT 2013]
prohibition([at(6, 6, t1)], [reduce_300(t1)])
agent t1
create entry prohibition [[at(6, 6, t1)], [reduce_300(t1)]]
Prohibition [agent=t1, prohibition=[at(6, 6, t1)], sanction=[reduce_300(t1)], clock=1, time=Mon Jan 07 16:42:20 GMT 2013]
prohibition([coin(5, 5, _, a1)], [reduce_300(c1)])
agent c1
create entry prohibition [[coin(5, 5, _, a1)], [reduce_300(c1)]]
Prohibition [agent=c1, prohibition=[coin(5, 5, _, a1)], sanction=[reduce_300(c1)], clock=1, time=Mon Jan 07 16:42:21 GMT 2013]
prohibition([coin(5, 6, _, a1)], [reduce_300(c1)])
agent c1
create entry prohibition [[coin(5, 6, _, a1)], [reduce_300(c1)]]
Prohibition [agent=c1, prohibition=[coin(5, 6, _, a1)], sanction=[reduce_300(c1)], clock=1, time=Mon Jan 07 16:42:21 GMT 2013]
prohibition([coin(6, 5, _, a1)], [reduce_300(c1)])
agent c1
create entry prohibition [[coin(6, 5, _, a1)], [reduce_300(c1)]]
Prohibition [agent=c1, prohibition=[coin(6, 5, _, a1)], sanction=[reduce_300(c1)], clock=1, time=Mon Jan 07 16:42:21 GMT 2013]
prohibition([coin(6, 6, _, a1)], [reduce_300(c1)])
agent c1
create entry prohibition [[coin(6, 6, _, a1)], [reduce_300(c1)]]
Prohibition [agent=c1, prohibition=[coin(6, 6, _, a1)], sanction=[reduce_300(c1)], clock=1, time=Mon Jan 07 16:42:21 GMT 2013]
prohibition([coin(5, 5, _, a2)], [reduce_300(c1)])
agent c1
create entry prohibition [[coin(5, 5, _, a2)], [reduce_300(c1)]]
Prohibition [agent=c1, prohibition=[coin(5, 5, _, a2)], sanction=[reduce_300(c1)], clock=1, time=Mon Jan 07 16:42:21 GMT 2013]
prohibition([coin(5, 6, _, a2)], [reduce_300(c1)])
agent c1
create entry prohibition [[coin(5, 6, _, a2)], [reduce_300(c1)]]
Prohibition [agent=c1, prohibition=[coin(5, 6, _, a2)], sanction=[reduce_300(c1)], clock=1, time=Mon Jan 07 16:42:21 GMT 2013]
prohibition([coin(6, 5, _, a2)], [reduce_300(c1)])
agent c1
create entry prohibition [[coin(6, 5, _, a2)], [reduce_300(c1)]]
Prohibition [agent=c1, prohibition=[coin(6, 5, _, a2)], sanction=[reduce_300(c1)], clock=1, time=Mon Jan 07 16:42:21 GMT 2013]
prohibition([coin(6, 6, _, a2)], [reduce_300(c1)])
agent c1
create entry prohibition [[coin(6, 6, _, a2)], [reduce_300(c1)]]
Prohibition [agent=c1, prohibition=[coin(6, 6, _, a2)], sanction=[reduce_300(c1)], clock=1, time=Mon Jan 07 16:42:21 GMT 2013]
prohibition([coin(5, 5, _, a3)], [reduce_300(c1)])
agent c1
create entry prohibition [[coin(5, 5, _, a3)], [reduce_300(c1)]]
Prohibition [agent=c1, prohibition=[coin(5, 5, _, a3)], sanction=[reduce_300(c1)], clock=1, time=Mon Jan 07 16:42:21 GMT 2013]
prohibition([coin(5, 6, _, a3)], [reduce_300(c1)])
agent c1
create entry prohibition [[coin(5, 6, _, a3)], [reduce_300(c1)]]
Prohibition [agent=c1, prohibition=[coin(5, 6, _, a3)], sanction=[reduce_300(c1)], clock=1, time=Mon Jan 07 16:42:21 GMT 2013]
prohibition([coin(6, 5, _, a3)], [reduce_300(c1)])
agent c1
create entry prohibition [[coin(6, 5, _, a3)], [reduce_300(c1)]]
Prohibition [agent=c1, prohibition=[coin(6, 5, _, a3)], sanction=[reduce_300(c1)], clock=1, time=Mon Jan 07 16:42:21 GMT 2013]
prohibition([coin(6, 6, _, a3)], [reduce_300(c1)])
agent c1
create entry prohibition [[coin(6, 6, _, a3)], [reduce_300(c1)]]
Prohibition [agent=c1, prohibition=[coin(6, 6, _, a3)], sanction=[reduce_300(c1)], clock=1, time=Mon Jan 07 16:42:21 GMT 2013]
prohibition([at(5, 5, a1)], [reduce_300(a1)])
agent a1
create entry prohibition [[at(5, 5, a1)], [reduce_300(a1)]]
Prohibition [agent=a1, prohibition=[at(5, 5, a1)], sanction=[reduce_300(a1)], clock=1, time=Mon Jan 07 16:42:23 GMT 2013]
prohibition([at(5, 6, a1)], [reduce_300(a1)])
agent a1
create entry prohibition [[at(5, 6, a1)], [reduce_300(a1)]]
Prohibition [agent=a1, prohibition=[at(5, 6, a1)], sanction=[reduce_300(a1)], clock=1, time=Mon Jan 07 16:42:23 GMT 2013]
prohibition([at(6, 5, a1)], [reduce_300(a1)])
agent a1
create entry prohibition [[at(6, 5, a1)], [reduce_300(a1)]]
Prohibition [agent=a1, prohibition=[at(6, 5, a1)], sanction=[reduce_300(a1)], clock=1, time=Mon Jan 07 16:42:23 GMT 2013]
prohibition([at(6, 6, a1)], [reduce_300(a1)])
agent a1
create entry prohibition [[at(6, 6, a1)], [reduce_300(a1)]]
Prohibition [agent=a1, prohibition=[at(6, 6, a1)], sanction=[reduce_300(a1)], clock=1, time=Mon Jan 07 16:42:23 GMT 2013]
prohibition([at(5, 5, a2)], [reduce_300(a2)])
agent a2
create entry prohibition [[at(5, 5, a2)], [reduce_300(a2)]]
Prohibition [agent=a2, prohibition=[at(5, 5, a2)], sanction=[reduce_300(a2)], clock=1, time=Mon Jan 07 16:42:23 GMT 2013]
prohibition([at(5, 6, a2)], [reduce_300(a2)])
agent a2
create entry prohibition [[at(5, 6, a2)], [reduce_300(a2)]]
Prohibition [agent=a2, prohibition=[at(5, 6, a2)], sanction=[reduce_300(a2)], clock=1, time=Mon Jan 07 16:42:23 GMT 2013]
prohibition([at(6, 5, a2)], [reduce_300(a2)])
agent a2
create entry prohibition [[at(6, 5, a2)], [reduce_300(a2)]]
Prohibition [agent=a2, prohibition=[at(6, 5, a2)], sanction=[reduce_300(a2)], clock=1, time=Mon Jan 07 16:42:23 GMT 2013]
prohibition([at(6, 6, a2)], [reduce_300(a2)])
agent a2
create entry prohibition [[at(6, 6, a2)], [reduce_300(a2)]]
Prohibition [agent=a2, prohibition=[at(6, 6, a2)], sanction=[reduce_300(a2)], clock=1, time=Mon Jan 07 16:42:23 GMT 2013]
prohibition([at(5, 5, a3)], [reduce_300(a3)])
agent a3
create entry prohibition [[at(5, 5, a3)], [reduce_300(a3)]]
Prohibition [agent=a3, prohibition=[at(5, 5, a3)], sanction=[reduce_300(a3)], clock=1, time=Mon Jan 07 16:42:23 GMT 2013]
prohibition([at(5, 6, a3)], [reduce_300(a3)])
agent a3
create entry prohibition [[at(5, 6, a3)], [reduce_300(a3)]]
Prohibition [agent=a3, prohibition=[at(5, 6, a3)], sanction=[reduce_300(a3)], clock=1, time=Mon Jan 07 16:42:23 GMT 2013]
prohibition([at(6, 5, a3)], [reduce_300(a3)])
agent a3
create entry prohibition [[at(6, 5, a3)], [reduce_300(a3)]]
Prohibition [agent=a3, prohibition=[at(6, 5, a3)], sanction=[reduce_300(a3)], clock=1, time=Mon Jan 07 16:42:23 GMT 2013]
prohibition([at(6, 6, a3)], [reduce_300(a3)])
agent a3
create entry prohibition [[at(6, 6, a3)], [reduce_300(a3)]]
Prohibition [agent=a3, prohibition=[at(6, 6, a3)], sanction=[reduce_300(a3)], clock=1, time=Mon Jan 07 16:42:23 GMT 2013]
obligation([cargo(_, _, _)], 178, [reduce_100(t1)])
agent t1
create entry obligation [[cargo(_, _, _)], 178, [reduce_100(t1)]]
Obligation [agent=t1, obligation=[cargo(_, _, _)], sanction=[reduce_100(t1)], deadline=178, time=Mon Jan 07 16:42:29 GMT 2013, clock=1]
coin(position(8, 6), 3, a1)
agent c1
create entry coin [position(8, 6), 3, a1]
cargo(position(20, 20), 4)
agent t1
create entry cargo [position(20, 20), 4]
status(position(3, 4), 4)
agent a2
status(position(3, 4), 3)
agent a1
status(position(3, 4), 2)
agent a3
coin(position(16, 6), 5, a2)
agent c1
create entry coin [position(16, 6), 5, a2]
status(position(19, 20), 4)
agent t1
status(position(3, 5), 5)
agent a3
status(position(3, 5), 4)
agent a2
coin(position(3, 9), 5, a3)
agent c1
create entry coin [position(3, 9), 5, a3]
status(position(18, 20), 2)
agent t1
status(position(3, 5), 2)
agent a1
status(position(3, 6), 4)
agent a2
status(position(3, 6), 6)
agent a3
status(position(17, 20), 6)
agent t1
status(position(3, 7), 0)
agent a2
status(position(3, 7), 0)
agent a3
status(position(16, 20), 0)
agent t1
status(position(3, 6), 9)
agent a1
status(position(15, 20), 9)
agent t1
status(position(3, 8), 8)
agent a3
status(position(3, 8), 7)
agent a2
status(position(3, 7), 10)
agent a1
status(position(3, 8), 8)
agent a1
status(position(14, 20), 9)
agent t1
status(position(3, 9), 10)
agent a2
status(position(3, 9), 12)
agent a3
status(position(3, 9), 11)
agent a1
status(position(13, 20), 12)
agent t1
status(position(3, 10), 10)
agent a2
status(position(3, 10), 13)
agent a3
status(position(12, 20), 11)
agent t1
status(position(4, 10), 5)
agent a3
status(position(3, 10), 8)
agent a1
prohibition([cargo(_, _, 5)], [reduce_100(t1)])
agent t1
create entry prohibition [[cargo(_, _, 5)], [reduce_100(t1)]]
Prohibition [agent=t1, prohibition=[cargo(_, _, 5)], sanction=[reduce_100(t1)], clock=1, time=Mon Jan 07 16:42:42 GMT 2013]
status(position(4, 10), 15)
agent a2
status(position(11, 20), 13)
agent t1
status(position(4, 10), 15)
agent a1
status(position(5, 10), 14)
agent a3
status(position(5, 10), 14)
agent a2
status(position(6, 10), 10)
agent a3
status(position(10, 20), 10)
agent t1
status(position(7, 10), 14)
agent a3
status(position(6, 10), 15)
agent a2
status(position(5, 10), 16)
agent a1
status(position(9, 20), 18)
agent t1
status(position(6, 10), 17)
agent a1
status(position(7, 10), 18)
agent a2
status(position(8, 20), 17)
agent t1
status(position(8, 10), 17)
agent a3
status(position(7, 20), 19)
agent t1
status(position(8, 10), 20)
agent a2
status(position(9, 10), 19)
agent a3
status(position(7, 10), 20)
agent a1
java.lang.ClassCastException: apapl.data.APLIdent cannot be cast to apapl.data.APLFunction
	at envJavaSpace.SpaceTest.notifyAgent(SpaceTest.java:1112)
	at envJavaSpace.AgentHandler.notify(AgentHandler.java:63)
	at sun.reflect.GeneratedMethodAccessor32.invoke(Unknown Source)
	at sun.reflect.DelegatingMethodAccessorImpl.invoke(DelegatingMethodAccessorImpl.java:25)
	at java.lang.reflect.Method.invoke(Method.java:597)
	at sun.rmi.server.UnicastServerRef.dispatch(UnicastServerRef.java:303)
	at sun.rmi.transport.Transport$1.run(Transport.java:159)
	at java.security.AccessController.doPrivileged(Native Method)
	at sun.rmi.transport.Transport.serviceCall(Transport.java:155)
	at sun.rmi.transport.tcp.TCPTransport.handleMessages(TCPTransport.java:535)
	at sun.rmi.transport.tcp.TCPTransport$ConnectionHandler.run0(TCPTransport.java:790)
	at sun.rmi.transport.tcp.TCPTransport$ConnectionHandler.run(TCPTransport.java:649)
	at java.util.concurrent.ThreadPoolExecutor$Worker.runTask(ThreadPoolExecutor.java:886)
	at java.util.concurrent.ThreadPoolExecutor$Worker.run(ThreadPoolExecutor.java:908)
	at java.lang.Thread.run(Thread.java:680)
org notified 
obligation([cargo(_, _, _)], 31, [reduce_100(t1)])
agent t1
create entry obligation [[cargo(_, _, _)], 31, [reduce_100(t1)]]
Obligation [agent=t1, obligation=[cargo(_, _, _)], sanction=[reduce_100(t1)], deadline=31, time=Mon Jan 07 16:42:48 GMT 2013, clock=1]
status(position(6, 20), 20)
agent t1
status(position(9, 10), 19)
agent a2
status(position(10, 10), 20)
agent a3
status(position(5, 20), 20)
agent t1
status(position(8, 10), 20)
agent a1
java.lang.ClassCastException: apapl.data.APLIdent cannot be cast to apapl.data.APLFunction
	at envJavaSpace.SpaceTest.notifyAgent(SpaceTest.java:1112)
	at envJavaSpace.AgentHandler.notify(AgentHandler.java:63)
	at sun.reflect.GeneratedMethodAccessor32.invoke(Unknown Source)
	at sun.reflect.DelegatingMethodAccessorImpl.invoke(DelegatingMethodAccessorImpl.java:25)
	at java.lang.reflect.Method.invoke(Method.java:597)
	at sun.rmi.server.UnicastServerRef.dispatch(UnicastServerRef.java:303)
	at sun.rmi.transport.Transport$1.run(Transport.java:159)
	at java.security.AccessController.doPrivileged(Native Method)
	at sun.rmi.transport.Transport.serviceCall(Transport.java:155)
	at sun.rmi.transport.tcp.TCPTransport.handleMessages(TCPTransport.java:535)
	at sun.rmi.transport.tcp.TCPTransport$ConnectionHandler.run0(TCPTransport.java:790)
	at sun.rmi.transport.tcp.TCPTransport$ConnectionHandler.run(TCPTransport.java:649)
	at java.util.concurrent.ThreadPoolExecutor$Worker.runTask(ThreadPoolExecutor.java:886)
	at java.util.concurrent.ThreadPoolExecutor$Worker.run(ThreadPoolExecutor.java:908)
	at java.lang.Thread.run(Thread.java:680)
org notified 
status(position(10, 10), 21)
agent a2
status(position(4, 20), 22)
agent t1
obligation([cargo(_, _, _)], 33, [reduce_100(t1)])
agent t1
create entry obligation [[cargo(_, _, _)], 33, [reduce_100(t1)]]
Obligation [agent=t1, obligation=[cargo(_, _, _)], sanction=[reduce_100(t1)], deadline=33, time=Mon Jan 07 16:42:51 GMT 2013, clock=1]
status(position(9, 10), 24)
agent a1
status(position(10, 10), 24)
agent a1
status(position(3, 20), 24)
agent t1
status(position(2, 20), 26)
agent t1
status(position(2, 19), 27)
agent t1
status(position(2, 18), 28)
agent t1
status(position(2, 17), 29)
agent t1
status(position(2, 16), 30)
agent t1
status(position(2, 15), 31)
agent t1
status(position(2, 14), 32)
agent t1
status(position(2, 13), 33)
agent t1
status(position(2, 12), 34)
agent t1
status(position(2, 11), 35)
agent t1
status(position(2, 10), 36)
agent t1
status(position(2, 9), 37)
agent t1
status(position(2, 8), 38)
agent t1
status(position(2, 7), 39)
agent t1
status(position(2, 6), 40)
agent t1
status(position(2, 5), 41)
agent t1
status(position(2, 4), 42)
agent t1
status(position(2, 3), 43)
agent t1
status(position(2, 2), 44)
agent t1
java.lang.ClassCastException: apapl.data.APLIdent cannot be cast to apapl.data.APLFunction
	at envJavaSpace.SpaceTest.notifyAgent(SpaceTest.java:1112)
	at envJavaSpace.AgentHandler.notify(AgentHandler.java:63)
	at sun.reflect.GeneratedMethodAccessor32.invoke(Unknown Source)
	at sun.reflect.DelegatingMethodAccessorImpl.invoke(DelegatingMethodAccessorImpl.java:25)
	at java.lang.reflect.Method.invoke(Method.java:597)
	at sun.rmi.server.UnicastServerRef.dispatch(UnicastServerRef.java:303)
	at sun.rmi.transport.Transport$1.run(Transport.java:159)
	at java.security.AccessController.doPrivileged(Native Method)
	at sun.rmi.transport.Transport.serviceCall(Transport.java:155)
	at sun.rmi.transport.tcp.TCPTransport.handleMessages(TCPTransport.java:535)
	at sun.rmi.transport.tcp.TCPTransport$ConnectionHandler.run0(TCPTransport.java:790)
	at sun.rmi.transport.tcp.TCPTransport$ConnectionHandler.run(TCPTransport.java:649)
	at java.util.concurrent.ThreadPoolExecutor$Worker.runTask(ThreadPoolExecutor.java:886)
	at java.util.concurrent.ThreadPoolExecutor$Worker.run(ThreadPoolExecutor.java:908)
	at java.lang.Thread.run(Thread.java:680)
java.lang.ClassCastException: apapl.data.APLIdent cannot be cast to apapl.data.APLFunction
	at envJavaSpace.SpaceTest.notifyAgent(SpaceTest.java:1112)
	at envJavaSpace.AgentHandler.notify(AgentHandler.java:63)
	at sun.reflect.GeneratedMethodAccessor32.invoke(Unknown Source)
	at sun.reflect.DelegatingMethodAccessorImpl.invoke(DelegatingMethodAccessorImpl.java:25)
	at java.lang.reflect.Method.invoke(Method.java:597)
	at sun.rmi.server.UnicastServerRef.dispatch(UnicastServerRef.java:303)
	at sun.rmi.transport.Transport$1.run(Transport.java:159)
	at java.security.AccessController.doPrivileged(Native Method)
	at sun.rmi.transport.Transport.serviceCall(Transport.java:155)
	at sun.rmi.transport.tcp.TCPTransport.handleMessages(TCPTransport.java:535)
	at sun.rmi.transport.tcp.TCPTransport$ConnectionHandler.run0(TCPTransport.java:790)
	at sun.rmi.transport.tcp.TCPTransport$ConnectionHandler.run(TCPTransport.java:649)
	at java.util.concurrent.ThreadPoolExecutor$Worker.runTask(ThreadPoolExecutor.java:886)
	at java.util.concurrent.ThreadPoolExecutor$Worker.run(ThreadPoolExecutor.java:908)
	at java.lang.Thread.run(Thread.java:680)
java.lang.ClassCastException: apapl.data.APLIdent cannot be cast to apapl.data.APLFunction
	at envJavaSpace.SpaceTest.notifyAgent(SpaceTest.java:1112)
	at envJavaSpace.AgentHandler.notify(AgentHandler.java:63)
	at sun.reflect.GeneratedMethodAccessor32.invoke(Unknown Source)
	at sun.reflect.DelegatingMethodAccessorImpl.invoke(DelegatingMethodAccessorImpl.java:25)
	at java.lang.reflect.Method.invoke(Method.java:597)
	at sun.rmi.server.UnicastServerRef.dispatch(UnicastServerRef.java:303)
	at sun.rmi.transport.Transport$1.run(Transport.java:159)
	at java.security.AccessController.doPrivileged(Native Method)
	at sun.rmi.transport.Transport.serviceCall(Transport.java:155)
	at sun.rmi.transport.tcp.TCPTransport.handleMessages(TCPTransport.java:535)
	at sun.rmi.transport.tcp.TCPTransport$ConnectionHandler.run0(TCPTransport.java:790)
	at sun.rmi.transport.tcp.TCPTransport$ConnectionHandler.run(TCPTransport.java:649)
	at java.util.concurrent.ThreadPoolExecutor$Worker.runTask(ThreadPoolExecutor.java:886)
	at java.util.concurrent.ThreadPoolExecutor$Worker.run(ThreadPoolExecutor.java:908)
	at java.lang.Thread.run(Thread.java:680)
java.lang.ClassCastException: apapl.data.APLIdent cannot be cast to apapl.data.APLFunction
	at envJavaSpace.SpaceTest.notifyAgent(SpaceTest.java:1112)
	at envJavaSpace.AgentHandler.notify(AgentHandler.java:63)
	at sun.reflect.GeneratedMethodAccessor32.invoke(Unknown Source)
	at sun.reflect.DelegatingMethodAccessorImpl.invoke(DelegatingMethodAccessorImpl.java:25)
	at java.lang.reflect.Method.invoke(Method.java:597)
	at sun.rmi.server.UnicastServerRef.dispatch(UnicastServerRef.java:303)
	at sun.rmi.transport.Transport$1.run(Transport.java:159)
	at java.security.AccessController.doPrivileged(Native Method)
	at sun.rmi.transport.Transport.serviceCall(Transport.java:155)
	at sun.rmi.transport.tcp.TCPTransport.handleMessages(TCPTransport.java:535)
	at sun.rmi.transport.tcp.TCPTransport$ConnectionHandler.run0(TCPTransport.java:790)
	at sun.rmi.transport.tcp.TCPTransport$ConnectionHandler.run(TCPTransport.java:649)
	at java.util.concurrent.ThreadPoolExecutor$Worker.runTask(ThreadPoolExecutor.java:886)
	at java.util.concurrent.ThreadPoolExecutor$Worker.run(ThreadPoolExecutor.java:908)
	at java.lang.Thread.run(Thread.java:680)
obligation([cargo(_, _, _)], 54, [reduce_100(t1)])
agent t1
create entry obligation [[cargo(_, _, _)], 54, [reduce_100(t1)]]
Obligation [agent=t1, obligation=[cargo(_, _, _)], sanction=[reduce_100(t1)], deadline=54, time=Mon Jan 07 16:43:11 GMT 2013, clock=1]
obligation([cargo(_, _, _)], 62, [reduce_100(t1)])
agent t1
create entry obligation [[cargo(_, _, _)], 62, [reduce_100(t1)]]
Obligation [agent=t1, obligation=[cargo(_, _, _)], sanction=[reduce_100(t1)], deadline=62, time=Mon Jan 07 16:43:19 GMT 2013, clock=1]
org notified 
obligation([cargo(_, _, _)], 66, [reduce_100(t1)])
agent t1
create entry obligation [[cargo(_, _, _)], 66, [reduce_100(t1)]]
Obligation [agent=t1, obligation=[cargo(_, _, _)], sanction=[reduce_100(t1)], deadline=66, time=Mon Jan 07 16:43:23 GMT 2013, clock=1]
org notified 
org notified 
org notified 
obligation([cargo(_, _, _)], 75, [reduce_100(t1)])
agent t1
create entry obligation [[cargo(_, _, _)], 75, [reduce_100(t1)]]
Obligation [agent=t1, obligation=[cargo(_, _, _)], sanction=[reduce_100(t1)], deadline=75, time=Mon Jan 07 16:43:37 GMT 2013, clock=1]
org notified 
obligation([cargo(_, _, _)], 75, [reduce_100(t1)])
agent t1
create entry obligation [[cargo(_, _, _)], 75, [reduce_100(t1)]]
Obligation [agent=t1, obligation=[cargo(_, _, _)], sanction=[reduce_100(t1)], deadline=75, time=Mon Jan 07 16:43:49 GMT 2013, clock=1]
org notified 
obligation([cargo(_, _, _)], 75, [reduce_100(t1)])
agent t1
create entry obligation [[cargo(_, _, _)], 75, [reduce_100(t1)]]
Obligation [agent=t1, obligation=[cargo(_, _, _)], sanction=[reduce_100(t1)], deadline=75, time=Mon Jan 07 16:43:53 GMT 2013, clock=1]
org notified 
obligation([cargo(_, _, _)], 75, [reduce_100(t1)])
agent t1
create entry obligation [[cargo(_, _, _)], 75, [reduce_100(t1)]]
Obligation [agent=t1, obligation=[cargo(_, _, _)], sanction=[reduce_100(t1)], deadline=75, time=Mon Jan 07 16:44:06 GMT 2013, clock=1]
org notified 
obligation([cargo(_, _, _)], 75, [reduce_100(t1)])
agent t1
create entry obligation [[cargo(_, _, _)], 75, [reduce_100(t1)]]
Obligation [agent=t1, obligation=[cargo(_, _, _)], sanction=[reduce_100(t1)], deadline=75, time=Mon Jan 07 16:44:18 GMT 2013, clock=1]
org notified 
obligation([cargo(_, _, _)], 75, [reduce_100(t1)])
agent t1
create entry obligation [[cargo(_, _, _)], 75, [reduce_100(t1)]]
Obligation [agent=t1, obligation=[cargo(_, _, _)], sanction=[reduce_100(t1)], deadline=75, time=Mon Jan 07 16:44:24 GMT 2013, clock=1]
org notified 
obligation([cargo(_, _, _)], 75, [reduce_100(t1)])
agent t1
create entry obligation [[cargo(_, _, _)], 75, [reduce_100(t1)]]
Obligation [agent=t1, obligation=[cargo(_, _, _)], sanction=[reduce_100(t1)], deadline=75, time=Mon Jan 07 16:44:36 GMT 2013, clock=1]
obligation([cargo(_, _, _)], 75, [reduce_100(t1)])
agent t1
create entry obligation [[cargo(_, _, _)], 75, [reduce_100(t1)]]
Obligation [agent=t1, obligation=[cargo(_, _, _)], sanction=[reduce_100(t1)], deadline=75, time=Mon Jan 07 16:44:48 GMT 2013, clock=1]
obligation([cargo(_, _, _)], 75, [reduce_100(t1)])
agent t1
create entry obligation [[cargo(_, _, _)], 75, [reduce_100(t1)]]
Obligation [agent=t1, obligation=[cargo(_, _, _)], sanction=[reduce_100(t1)], deadline=75, time=Mon Jan 07 16:44:55 GMT 2013, clock=1]
obligation([cargo(_, _, _)], 75, [reduce_100(t1)])
agent t1
create entry obligation [[cargo(_, _, _)], 75, [reduce_100(t1)]]
Obligation [agent=t1, obligation=[cargo(_, _, _)], sanction=[reduce_100(t1)], deadline=75, time=Mon Jan 07 16:45:05 GMT 2013, clock=1]
obligation([cargo(_, _, _)], 75, [reduce_100(t1)])
agent t1
create entry obligation [[cargo(_, _, _)], 75, [reduce_100(t1)]]
Obligation [agent=t1, obligation=[cargo(_, _, _)], sanction=[reduce_100(t1)], deadline=75, time=Mon Jan 07 16:45:15 GMT 2013, clock=1]
obligation([cargo(_, _, _)], 75, [reduce_100(t1)])
agent t1
create entry obligation [[cargo(_, _, _)], 75, [reduce_100(t1)]]
Obligation [agent=t1, obligation=[cargo(_, _, _)], sanction=[reduce_100(t1)], deadline=75, time=Mon Jan 07 16:45:17 GMT 2013, clock=1]
obligation([cargo(_, _, _)], 75, [reduce_100(t1)])
agent t1
create entry obligation [[cargo(_, _, _)], 75, [reduce_100(t1)]]
Obligation [agent=t1, obligation=[cargo(_, _, _)], sanction=[reduce_100(t1)], deadline=75, time=Mon Jan 07 16:45:25 GMT 2013, clock=1]
obligation([cargo(_, _, _)], 75, [reduce_100(t1)])
agent t1
create entry obligation [[cargo(_, _, _)], 75, [reduce_100(t1)]]
Obligation [agent=t1, obligation=[cargo(_, _, _)], sanction=[reduce_100(t1)], deadline=75, time=Mon Jan 07 16:45:36 GMT 2013, clock=1]
