test2.
Service Registrar: c80e567e-4c46-4a64-8478-22184e4bcd5c
Java Space found.
TransactionManager found.
-------------------------last log tuples start--------------------------------
Time [clock=9, time=2013-06-13 12:00:59.595]
Time [clock=10, time=2013-06-13 12:01:00.639]
Time [clock=11, time=2013-06-13 12:01:01.599]
Time [clock=12, time=2013-06-13 12:01:02.592]
Time [clock=13, time=2013-06-13 12:01:03.594]
Time [clock=14, time=2013-06-13 12:01:04.594]
Time [clock=15, time=2013-06-13 12:01:05.595]
Time [clock=16, time=2013-06-13 12:01:06.597]
Time [clock=17, time=2013-06-13 12:01:07.598]
Time [clock=18, time=2013-06-13 12:01:08.598]
Time [clock=19, time=2013-06-13 12:01:09.597]
Time [clock=20, time=2013-06-13 12:01:10.598]
Time [clock=21, time=2013-06-13 12:01:11.599]
Time [clock=22, time=2013-06-13 12:01:12.601]
Time [clock=23, time=2013-06-13 12:01:13.601]
Time [clock=24, time=2013-06-13 12:01:14.601]
Time [clock=25, time=2013-06-13 12:01:15.603]
Time [clock=26, time=2013-06-13 12:01:16.604]
Time [clock=27, time=2013-06-13 12:01:17.646]
Time [clock=28, time=2013-06-13 12:01:18.609]
Time [clock=29, time=2013-06-13 12:01:19.608]
Time [clock=30, time=2013-06-13 12:01:20.608]
Time [clock=31, time=2013-06-13 12:01:21.609]
Time [clock=32, time=2013-06-13 12:01:22.61]
Time [clock=33, time=2013-06-13 12:01:23.611]
Time [clock=34, time=2013-06-13 12:01:24.612]
Time [clock=35, time=2013-06-13 12:01:25.613]
Time [clock=36, time=2013-06-13 12:01:26.614]
Time [clock=37, time=2013-06-13 12:01:27.613]
Time [clock=38, time=2013-06-13 12:01:28.616]
Time [clock=39, time=2013-06-13 12:01:29.616]
-------------------------last log tuples end----------------------------------
register a1
register a2
register a3
register c1
register t1
org points notification
org points notification
agent points notification a1 number 1
org points notification
agent points notification a2 number 1
agent points notification a3 number 1
Points [agent=a3, time=null, clock=null, value=null, id=null] 1970-01-01 01:00:00.0 - 2013-06-13 12:25:51.184
Points [agent=a1, time=null, clock=null, value=null, id=null] 1970-01-01 01:00:00.0 - 2013-06-13 12:25:51.18
Points [agent=a2, time=null, clock=null, value=null, id=null] 1970-01-01 01:00:00.0 - 2013-06-13 12:25:51.183
Event sent to agent      a3 points(a3, 1000, 0)
Event sent to agent      a2 points(a2, 1000, 0)
Event sent to agent      a1 points(a1, 1000, 0)
agent points notification c1 number 1
org points notification
org points notification
Points [agent=c1, time=null, clock=null, value=null, id=null] 1970-01-01 01:00:00.0 - 2013-06-13 12:25:51.475
Event sent to agent      c1 points(c1, 1000, 0)
agent points notification t1 number 1
Points [agent=t1, time=null, clock=null, value=null, id=null] 1970-01-01 01:00:00.0 - 2013-06-13 12:25:51.691
Event sent to agent      t1 points(t1, 1000, 0)
Organization notifies agent (write): Prohibition [agent=t1, prohibition=[at(5, 5, t1)], sanction=[reduce_300(t1)], clock=0, time=2013-06-13 12:25:53.589]
Organization notifies agent (write): Prohibition [agent=t1, prohibition=[at(5, 6, t1)], sanction=[reduce_300(t1)], clock=0, time=2013-06-13 12:25:53.593]
agent prohibition notification t1 number 1
Organization notifies agent (write): Prohibition [agent=t1, prohibition=[at(6, 5, t1)], sanction=[reduce_300(t1)], clock=0, time=2013-06-13 12:25:53.595]
Organization notifies agent (write): Prohibition [agent=t1, prohibition=[at(6, 6, t1)], sanction=[reduce_300(t1)], clock=0, time=2013-06-13 12:25:53.596]
Organization notifies agent (write): Prohibition [agent=c1, prohibition=[coin(5, 5, a1)], sanction=[reduce_300(c1)], clock=0, time=2013-06-13 12:25:53.805]
Organization notifies agent (write): Prohibition [agent=c1, prohibition=[coin(5, 6, a1)], sanction=[reduce_300(c1)], clock=0, time=2013-06-13 12:25:53.806]
Organization notifies agent (write): Prohibition [agent=c1, prohibition=[coin(6, 5, a1)], sanction=[reduce_300(c1)], clock=0, time=2013-06-13 12:25:53.807]
Organization notifies agent (write): Prohibition [agent=c1, prohibition=[coin(6, 6, a1)], sanction=[reduce_300(c1)], clock=0, time=2013-06-13 12:25:53.809]
Prohibition [agent=t1, prohibition=null, sanction=null, clock=null, time=null] 1970-01-01 01:00:00.0 - 2013-06-13 12:25:53.593
Event sent to agent      t1 prohibition(at(5, 5, t1), reduce_300(t1))
Organization notifies agent (write): Prohibition [agent=c1, prohibition=[coin(5, 5, a2)], sanction=[reduce_300(c1)], clock=0, time=2013-06-13 12:25:53.881]
agent prohibition notification t1 number 4
Organization notifies agent (write): Prohibition [agent=c1, prohibition=[coin(5, 6, a2)], sanction=[reduce_300(c1)], clock=0, time=2013-06-13 12:25:53.885]
Organization notifies agent (write): Prohibition [agent=c1, prohibition=[coin(6, 5, a2)], sanction=[reduce_300(c1)], clock=0, time=2013-06-13 12:25:53.887]
Organization notifies agent (write): Prohibition [agent=c1, prohibition=[coin(6, 6, a2)], sanction=[reduce_300(c1)], clock=0, time=2013-06-13 12:25:53.895]
Organization notifies agent (write): Prohibition [agent=c1, prohibition=[coin(5, 5, a3)], sanction=[reduce_300(c1)], clock=0, time=2013-06-13 12:25:53.897]
Organization notifies agent (write): Prohibition [agent=c1, prohibition=[coin(5, 6, a3)], sanction=[reduce_300(c1)], clock=0, time=2013-06-13 12:25:53.901]
Organization notifies agent (write): Prohibition [agent=c1, prohibition=[coin(6, 5, a3)], sanction=[reduce_300(c1)], clock=0, time=2013-06-13 12:25:53.905]
Organization notifies agent (write): Prohibition [agent=c1, prohibition=[coin(6, 6, a3)], sanction=[reduce_300(c1)], clock=0, time=2013-06-13 12:25:53.908]
Prohibition [agent=t1, prohibition=null, sanction=null, clock=null, time=null] 2013-06-13 12:25:53.593 - 2013-06-13 12:25:53.881
Event sent to agent      t1 prohibition(at(6, 5, t1), reduce_300(t1))
Event sent to agent      t1 prohibition(at(6, 6, t1), reduce_300(t1))
agent prohibition notification c1 number 12
Prohibition [agent=c1, prohibition=null, sanction=null, clock=null, time=null] 1970-01-01 01:00:00.0 - 2013-06-13 12:25:54.118
Event sent to agent      c1 prohibition(coin(5, 5, a1), reduce_300(c1))
Event sent to agent      c1 prohibition(coin(5, 6, a1), reduce_300(c1))
Event sent to agent      c1 prohibition(coin(6, 5, a1), reduce_300(c1))
Event sent to agent      c1 prohibition(coin(6, 6, a1), reduce_300(c1))
Event sent to agent      c1 prohibition(coin(5, 5, a2), reduce_300(c1))
Event sent to agent      c1 prohibition(coin(5, 6, a2), reduce_300(c1))
Event sent to agent      c1 prohibition(coin(6, 5, a2), reduce_300(c1))
Event sent to agent      c1 prohibition(coin(6, 6, a2), reduce_300(c1))
Event sent to agent      c1 prohibition(coin(5, 5, a3), reduce_300(c1))
Event sent to agent      c1 prohibition(coin(5, 6, a3), reduce_300(c1))
Event sent to agent      c1 prohibition(coin(6, 5, a3), reduce_300(c1))
Event sent to agent      c1 prohibition(coin(6, 6, a3), reduce_300(c1))
Organization notifies agent (write): Prohibition [agent=a1, prohibition=[at(5, 5, a1)], sanction=[reduce_300(a1)], clock=0, time=2013-06-13 12:25:54.525]
Organization notifies agent (write): Prohibition [agent=a1, prohibition=[at(5, 6, a1)], sanction=[reduce_300(a1)], clock=0, time=2013-06-13 12:25:54.526]
agent prohibition notification a1 number 1
Organization notifies agent (write): Prohibition [agent=a1, prohibition=[at(6, 5, a1)], sanction=[reduce_300(a1)], clock=0, time=2013-06-13 12:25:54.528]
Organization notifies agent (write): Prohibition [agent=a1, prohibition=[at(6, 6, a1)], sanction=[reduce_300(a1)], clock=0, time=2013-06-13 12:25:54.53]
Organization notifies agent (write): Prohibition [agent=a2, prohibition=[at(5, 5, a2)], sanction=[reduce_300(a2)], clock=0, time=2013-06-13 12:25:54.532]
Organization notifies agent (write): Prohibition [agent=a2, prohibition=[at(5, 6, a2)], sanction=[reduce_300(a2)], clock=0, time=2013-06-13 12:25:54.534]
Organization notifies agent (write): Prohibition [agent=a2, prohibition=[at(6, 5, a2)], sanction=[reduce_300(a2)], clock=0, time=2013-06-13 12:25:54.536]
Organization notifies agent (write): Prohibition [agent=a2, prohibition=[at(6, 6, a2)], sanction=[reduce_300(a2)], clock=0, time=2013-06-13 12:25:54.537]
Organization notifies agent (write): Prohibition [agent=a3, prohibition=[at(5, 5, a3)], sanction=[reduce_300(a3)], clock=0, time=2013-06-13 12:25:54.539]
Organization notifies agent (write): Prohibition [agent=a3, prohibition=[at(5, 6, a3)], sanction=[reduce_300(a3)], clock=0, time=2013-06-13 12:25:54.541]
Organization notifies agent (write): Prohibition [agent=a3, prohibition=[at(6, 5, a3)], sanction=[reduce_300(a3)], clock=0, time=2013-06-13 12:25:54.559]
Organization notifies agent (write): Prohibition [agent=a3, prohibition=[at(6, 6, a3)], sanction=[reduce_300(a3)], clock=0, time=2013-06-13 12:25:54.562]
Prohibition [agent=a1, prohibition=null, sanction=null, clock=null, time=null] 1970-01-01 01:00:00.0 - 2013-06-13 12:25:54.528
Event sent to agent      a1 prohibition(at(5, 5, a1), reduce_300(a1))
Event sent to agent      a1 prohibition(at(5, 6, a1), reduce_300(a1))
agent prohibition notification a1 number 4
Prohibition [agent=a1, prohibition=null, sanction=null, clock=null, time=null] 2013-06-13 12:25:54.528 - 2013-06-13 12:25:54.765
Event sent to agent      a1 prohibition(at(6, 6, a1), reduce_300(a1))
agent prohibition notification a2 number 4
Prohibition [agent=a2, prohibition=null, sanction=null, clock=null, time=null] 1970-01-01 01:00:00.0 - 2013-06-13 12:25:54.982
Event sent to agent      a2 prohibition(at(5, 5, a2), reduce_300(a2))
Event sent to agent      a2 prohibition(at(5, 6, a2), reduce_300(a2))
Event sent to agent      a2 prohibition(at(6, 5, a2), reduce_300(a2))
Event sent to agent      a2 prohibition(at(6, 6, a2), reduce_300(a2))
agent prohibition notification a3 number 4
Prohibition [agent=a3, prohibition=null, sanction=null, clock=null, time=null] 1970-01-01 01:00:00.0 - 2013-06-13 12:25:55.198
Event sent to agent      a3 prohibition(at(5, 5, a3), reduce_300(a3))
Event sent to agent      a3 prohibition(at(5, 6, a3), reduce_300(a3))
Event sent to agent      a3 prohibition(at(6, 5, a3), reduce_300(a3))
Event sent to agent      a3 prohibition(at(6, 6, a3), reduce_300(a3))
