test2.
Service Registrar: c80e567e-4c46-4a64-8478-22184e4bcd5c
Java Space found.
TransactionManager found.
-------------------------last log tuples start--------------------------------
Position [agent=a1, id=null, cell=Cell [x=3, y=4], time=2013-06-13 10:25:22.85, clock=4]
Time [clock=1311, time=2013-06-13 10:47:08.329]
Time [clock=1312, time=2013-06-13 10:47:09.329]
Time [clock=1, time=2013-06-13 12:00:52.478]
Time [clock=2, time=2013-06-13 12:00:52.585]
Time [clock=3, time=2013-06-13 12:00:53.584]
Time [clock=4, time=2013-06-13 12:00:54.586]
Time [clock=5, time=2013-06-13 12:00:55.586]
Time [clock=6, time=2013-06-13 12:00:56.587]
Cargo [id=null, cell=Cell [x=19, y=19], time=2013-06-13 10:25:23.081, clock=5]
ActionRequest [id=null, agent=a3, type=reading, cell=Cell [x=11, y=1], clock=0, time=2013-06-13 10:25:20.79]
ActionRequest [id=null, agent=a2, type=reading, cell=Cell [x=8, y=19], clock=0, time=2013-06-13 10:25:20.798]
Coin [id=null, cell=Cell [x=8, y=6], agent=a1, time=2013-06-13 10:25:23.03, clock=5]
Reading [id=null, agent=a2, cell=Cell [x=8, y=19], time=2013-06-13 10:25:21.122, value=0.0, clock=0]
ActionRequest [id=null, agent=a2, type=reading, cell=Cell [x=2, y=2], clock=0, time=2013-06-13 10:35:31.471]
ActionRequest [id=null, agent=a1, type=reading, cell=Cell [x=2, y=2], clock=0, time=2013-06-13 10:36:09.799]
Obligation [agent=a1, obligation=[makeReading(8, 6)], sanction=[reduce_400(a1)], deadline=21, time=2013-06-13 10:25:49.017, clock=0]
Obligation [agent=a1, obligation=[makeReading(16, 16)], sanction=[reduce_400(a1)], deadline=21, time=2013-06-13 10:25:49.464, clock=0]
ActionRequest [id=null, agent=a2, type=reading, cell=Cell [x=16, y=16], clock=0, time=2013-06-13 10:36:23.707]
Obligation [agent=a1, obligation=[makeReading(2, 2)], sanction=[reduce_400(a1)], deadline=21, time=2013-06-13 10:25:49.672, clock=0]
Reading [id=null, agent=a3, cell=Cell [x=11, y=1], time=2013-06-13 10:25:21.164, value=0.0, clock=0]
Position [agent=a2, id=null, cell=Cell [x=7, y=19], time=2013-06-13 10:25:23.866, clock=7]
ActionRequest [id=null, agent=a3, type=reading, cell=Cell [x=2, y=2], clock=0, time=2013-06-13 10:36:31.091]
Coin [id=null, cell=Cell [x=16, y=16], agent=a2, time=2013-06-13 10:25:24.58, clock=8]
ActionRequest [id=null, agent=a1, type=reading, cell=Cell [x=2, y=2], clock=0, time=2013-06-13 10:38:07.762]
ActionRequest [id=null, agent=a3, type=reading, cell=Cell [x=2, y=2], clock=0, time=2013-06-13 10:38:08.746]
Obligation [agent=a2, obligation=[makeReading(8, 6)], sanction=[reduce_400(a2)], deadline=21, time=2013-06-13 10:25:50.128, clock=0]
Position [agent=t1, id=null, cell=Cell [x=18, y=19], time=2013-06-13 10:25:24.053, clock=7]
Points [agent=a1, time=2013-06-13 10:25:17.529, clock=0, value=1000, id=null]
Obligation [agent=a2, obligation=[makeReading(16, 16)], sanction=[reduce_400(a2)], deadline=21, time=2013-06-13 10:25:50.336, clock=0]
Obligation [agent=a2, obligation=[makeReading(2, 2)], sanction=[reduce_400(a2)], deadline=21, time=2013-06-13 10:25:50.771, clock=0]
ActionRequest [id=null, agent=a2, type=reading, cell=Cell [x=2, y=2], clock=0, time=2013-06-13 10:39:06.9]
ActionRequest [id=null, agent=a1, type=reading, cell=Cell [x=16, y=16], clock=0, time=2013-06-13 10:39:30.769]
ActionRequest [id=null, agent=a3, type=reading, cell=Cell [x=16, y=16], clock=0, time=2013-06-13 10:39:46.186]
Coin [id=null, cell=Cell [x=2, y=2], agent=a3, time=2013-06-13 10:25:25.488, clock=8]
ActionRequest [id=null, agent=a2, type=reading, cell=Cell [x=16, y=16], clock=0, time=2013-06-13 10:40:03.153]
ActionRequest [id=null, agent=a2, type=reading, cell=Cell [x=8, y=6], clock=0, time=2013-06-13 10:40:21.693]
Obligation [agent=a3, obligation=[makeReading(8, 6)], sanction=[reduce_400(a3)], deadline=21, time=2013-06-13 10:25:50.981, clock=0]
ActionRequest [id=null, agent=a2, type=reading, cell=Cell [x=2, y=2], clock=0, time=2013-06-13 10:43:01.048]
Reading [id=null, agent=a2, cell=Cell [x=2, y=2], time=2013-06-13 10:35:32.068, value=100.0, clock=0]
Position [agent=a3, id=null, cell=Cell [x=11, y=2], time=2013-06-13 10:25:24.834, clock=8]
Position [agent=a1, id=null, cell=Cell [x=3, y=5], time=2013-06-13 10:25:25.356, clock=8]
Position [agent=t1, id=null, cell=Cell [x=17, y=19], time=2013-06-13 10:25:25.763, clock=9]
Prohibition [agent=t1, prohibition=[at(5, 5, t1)], sanction=[reduce_300(t1)], clock=0, time=2013-06-13 10:25:19.978]
ActionRequest [id=null, agent=a1, type=reading, cell=Cell [x=2, y=2], clock=0, time=2013-06-13 10:44:15.298]
Position [agent=a2, id=null, cell=Cell [x=6, y=19], time=2013-06-13 10:25:25.956, clock=9]
Obligation [agent=a3, obligation=[makeReading(16, 16)], sanction=[reduce_400(a3)], deadline=21, time=2013-06-13 10:25:51.431, clock=0]
Prohibition [agent=t1, prohibition=[at(5, 6, t1)], sanction=[reduce_300(t1)], clock=0, time=2013-06-13 10:25:19.982]
Position [agent=a1, id=null, cell=Cell [x=4, y=5], time=2013-06-13 10:25:26.449, clock=9]
ActionRequest [id=null, agent=a3, type=reading, cell=Cell [x=2, y=2], clock=0, time=2013-06-13 10:44:36.509]
Position [agent=a3, id=null, cell=Cell [x=11, y=3], time=2013-06-13 10:25:27.001, clock=10]
Obligation [agent=a3, obligation=[makeReading(2, 2)], sanction=[reduce_400(a3)], deadline=21, time=2013-06-13 10:25:51.641, clock=0]
Reading [id=null, agent=a1, cell=Cell [x=2, y=2], time=2013-06-13 10:37:58.942, value=100.0, clock=0]
Points [agent=a2, time=2013-06-13 10:25:17.542, clock=0, value=1000, id=null]
Time [clock=7, time=2013-06-13 12:00:57.589]
Position [agent=a2, id=null, cell=Cell [x=5, y=19], time=2013-06-13 10:25:27.186, clock=10]
ActionRequest [id=null, agent=a2, type=reading, cell=Cell [x=16, y=16], clock=0, time=2013-06-13 10:45:16.801]
Position [agent=t1, id=null, cell=Cell [x=16, y=19], time=2013-06-13 10:25:27.347, clock=10]
ActionRequest [id=null, agent=a3, type=reading, cell=Cell [x=16, y=16], clock=0, time=2013-06-13 10:46:01.976]
Reading [id=null, agent=a2, cell=Cell [x=16, y=16], time=2013-06-13 10:38:04.928, value=0.0, clock=0]
Obligation [agent=a1, obligation=[makeReading(8, 6)], sanction=[reduce_400(a1)], deadline=123, time=2013-06-13 10:27:00.086, clock=0]
Position [agent=a3, id=null, cell=Cell [x=11, y=4], time=2013-06-13 10:25:27.588, clock=11]
Reading [id=null, agent=a3, cell=Cell [x=2, y=2], time=2013-06-13 10:38:06.882, value=100.0, clock=0]
Obligation [agent=a1, obligation=[makeReading(16, 16)], sanction=[reduce_400(a1)], deadline=123, time=2013-06-13 10:27:00.293, clock=0]
ActionRequest [id=null, agent=a3, type=reading, cell=Cell [x=8, y=6], clock=0, time=2013-06-13 10:46:44.848]
ActionRequest [id=null, agent=a1, type=reading, cell=Cell [x=16, y=16], clock=0, time=2013-06-13 10:46:56.654]
ActionRequest [id=null, agent=a2, type=reading, cell=Cell [x=8, y=6], clock=0, time=2013-06-13 10:46:58.337]
Points [agent=a3, time=2013-06-13 10:25:17.546, clock=0, value=1000, id=null]
Position [agent=a1, id=null, cell=Cell [x=4, y=6], time=2013-06-13 10:25:28.101, clock=11]
Obligation [agent=a1, obligation=[makeReading(2, 2)], sanction=[reduce_400(a1)], deadline=123, time=2013-06-13 10:27:00.498, clock=0]
Position [agent=a3, id=null, cell=Cell [x=11, y=5], time=2013-06-13 10:25:28.442, clock=11]
Position [agent=t1, id=null, cell=Cell [x=15, y=19], time=2013-06-13 10:25:28.631, clock=12]
Reading [id=null, agent=a1, cell=Cell [x=2, y=2], time=2013-06-13 10:42:27.736, value=100.0, clock=0]
Position [agent=a2, id=null, cell=Cell [x=4, y=19], time=2013-06-13 10:25:28.848, clock=12]
Points [agent=c1, time=2013-06-13 10:25:17.55, clock=0, value=1000, id=null]
Reading [id=null, agent=a1, cell=Cell [x=16, y=16], time=2013-06-13 10:42:27.771, value=0.0, clock=0]
Reading [id=null, agent=a3, cell=Cell [x=2, y=2], time=2013-06-13 10:42:28.646, value=100.0, clock=0]
Position [agent=a3, id=null, cell=Cell [x=11, y=6], time=2013-06-13 10:25:29.066, clock=12]
Position [agent=a1, id=null, cell=Cell [x=4, y=7], time=2013-06-13 10:25:29.556, clock=12]
Prohibition [agent=t1, prohibition=[at(6, 5, t1)], sanction=[reduce_300(t1)], clock=0, time=2013-06-13 10:25:19.984]
Obligation [agent=a2, obligation=[makeReading(8, 6)], sanction=[reduce_400(a2)], deadline=123, time=2013-06-13 10:27:00.703, clock=0]
Obligation [agent=a2, obligation=[makeReading(16, 16)], sanction=[reduce_400(a2)], deadline=123, time=2013-06-13 10:27:00.91, clock=0]
Reading [id=null, agent=a3, cell=Cell [x=16, y=16], time=2013-06-13 10:42:28.667, value=0.0, clock=0]
Obligation [agent=a2, obligation=[makeReading(2, 2)], sanction=[reduce_400(a2)], deadline=123, time=2013-06-13 10:27:01.117, clock=0]
Obligation [agent=a3, obligation=[makeReading(8, 6)], sanction=[reduce_400(a3)], deadline=123, time=2013-06-13 10:27:01.323, clock=0]
Position [agent=a3, id=null, cell=Cell [x=11, y=7], time=2013-06-13 10:25:29.977, clock=13]
Prohibition [agent=t1, prohibition=[at(6, 6, t1)], sanction=[reduce_300(t1)], clock=0, time=2013-06-13 10:25:19.986]
Reading [id=null, agent=a2, cell=Cell [x=2, y=2], time=2013-06-13 10:42:33.527, value=100.0, clock=0]
Position [agent=a2, id=null, cell=Cell [x=3, y=19], time=2013-06-13 10:25:30.077, clock=13]
Position [agent=t1, id=null, cell=Cell [x=14, y=19], time=2013-06-13 10:25:30.254, clock=13]
Points [agent=t1, time=2013-06-13 10:25:17.554, clock=0, value=1000, id=null]
Prohibition [agent=c1, prohibition=[coin(5, 5, a1)], sanction=[reduce_300(c1)], clock=0, time=2013-06-13 10:25:20.194]
Obligation [agent=a3, obligation=[makeReading(16, 16)], sanction=[reduce_400(a3)], deadline=123, time=2013-06-13 10:27:01.53, clock=0]
Position [agent=a1, id=null, cell=Cell [x=4, y=8], time=2013-06-13 10:25:30.699, clock=13]
Obligation [agent=a3, obligation=[makeReading(2, 2)], sanction=[reduce_400(a3)], deadline=123, time=2013-06-13 10:27:01.739, clock=0]
Prohibition [agent=c1, prohibition=[coin(5, 6, a1)], sanction=[reduce_300(c1)], clock=0, time=2013-06-13 10:25:20.196]
Points [agent=a1, time=2013-06-13 12:00:52.173, clock=0, value=1000, id=null]
Points [agent=a2, time=2013-06-13 12:00:52.194, clock=0, value=1000, id=null]
Reading [id=null, agent=a2, cell=Cell [x=16, y=16], time=2013-06-13 10:42:33.552, value=0.0, clock=0]
Prohibition [agent=c1, prohibition=[coin(6, 5, a1)], sanction=[reduce_300(c1)], clock=0, time=2013-06-13 10:25:20.199]
Obligation [agent=a1, obligation=[makeReading(8, 6)], sanction=[reduce_400(a1)], deadline=205, time=2013-06-13 10:28:22.021, clock=0]
Points [agent=a3, time=2013-06-13 12:00:52.195, clock=0, value=1000, id=null]
Obligation [agent=a1, obligation=[makeReading(16, 16)], sanction=[reduce_400(a1)], deadline=205, time=2013-06-13 10:28:22.228, clock=0]
Prohibition [agent=c1, prohibition=[coin(6, 6, a1)], sanction=[reduce_300(c1)], clock=0, time=2013-06-13 10:25:20.202]
Points [agent=c1, time=2013-06-13 12:00:52.196, clock=0, value=1000, id=null]
Points [agent=t1, time=2013-06-13 12:00:52.197, clock=0, value=1000, id=null]
Position [agent=a2, id=null, cell=Cell [x=3, y=18], time=2013-06-13 10:25:31.14, clock=14]
Reading [id=null, agent=a2, cell=Cell [x=8, y=6], time=2013-06-13 10:42:33.579, value=0.0, clock=0]
Prohibition [agent=c1, prohibition=[coin(5, 5, a2)], sanction=[reduce_300(c1)], clock=0, time=2013-06-13 10:25:20.204]
Obligation [agent=a1, obligation=[makeReading(2, 2)], sanction=[reduce_400(a1)], deadline=205, time=2013-06-13 10:28:22.434, clock=0]
Reading [id=null, agent=a2, cell=Cell [x=2, y=2], time=2013-06-13 10:43:01.509, value=100.0, clock=0]
Reading [id=null, agent=a1, cell=Cell [x=2, y=2], time=2013-06-13 10:44:15.742, value=100.0, clock=0]
Prohibition [agent=c1, prohibition=[coin(5, 6, a2)], sanction=[reduce_300(c1)], clock=0, time=2013-06-13 10:25:20.206]
Reading [id=null, agent=a3, cell=Cell [x=2, y=2], time=2013-06-13 10:44:36.921, value=100.0, clock=0]
Position [agent=a3, id=null, cell=Cell [x=11, y=8], time=2013-06-13 10:25:31.283, clock=14]
Position [agent=t1, id=null, cell=Cell [x=13, y=19], time=2013-06-13 10:25:31.413, clock=14]
Reading [id=null, agent=a2, cell=Cell [x=16, y=16], time=2013-06-13 10:45:17.274, value=0.0, clock=0]
Reading [id=null, agent=a3, cell=Cell [x=16, y=16], time=2013-06-13 10:46:02.533, value=0.0, clock=0]
Position [agent=a2, id=null, cell=Cell [x=3, y=17], time=2013-06-13 10:25:31.711, clock=15]
Position [agent=a1, id=null, cell=Cell [x=4, y=9], time=2013-06-13 10:25:32.168, clock=15]
Position [agent=a2, id=null, cell=Cell [x=3, y=16], time=2013-06-13 10:25:32.819, clock=15]
Obligation [agent=a2, obligation=[makeReading(8, 6)], sanction=[reduce_400(a2)], deadline=205, time=2013-06-13 10:28:22.641, clock=0]
Obligation [agent=a2, obligation=[makeReading(16, 16)], sanction=[reduce_400(a2)], deadline=205, time=2013-06-13 10:28:22.848, clock=0]
Position [agent=t1, id=null, cell=Cell [x=12, y=19], time=2013-06-13 10:25:33.194, clock=15]
Obligation [agent=a2, obligation=[makeReading(2, 2)], sanction=[reduce_400(a2)], deadline=205, time=2013-06-13 10:28:23.054, clock=0]
Position [agent=a3, id=null, cell=Cell [x=11, y=9], time=2013-06-13 10:25:33.297, clock=16]
Position [agent=a1, id=null, cell=Cell [x=4, y=10], time=2013-06-13 10:25:33.429, clock=16]
Obligation [agent=a3, obligation=[makeReading(8, 6)], sanction=[reduce_400(a3)], deadline=205, time=2013-06-13 10:28:23.261, clock=0]
Position [agent=a2, id=null, cell=Cell [x=3, y=15], time=2013-06-13 10:25:33.992, clock=17]
Obligation [agent=a3, obligation=[makeReading(16, 16)], sanction=[reduce_400(a3)], deadline=205, time=2013-06-13 10:28:23.467, clock=0]
Reading [id=null, agent=a3, cell=Cell [x=8, y=6], time=2013-06-13 10:46:45.326, value=0.0, clock=0]
Obligation [agent=a3, obligation=[makeReading(2, 2)], sanction=[reduce_400(a3)], deadline=205, time=2013-06-13 10:28:23.673, clock=0]
Position [agent=a1, id=null, cell=Cell [x=5, y=10], time=2013-06-13 10:25:34.377, clock=17]
Obligation [agent=a1, obligation=[makeReading(8, 6)], sanction=[reduce_400(a1)], deadline=286, time=2013-06-13 10:29:43.869, clock=0]
Prohibition [agent=c1, prohibition=[coin(6, 5, a2)], sanction=[reduce_300(c1)], clock=0, time=2013-06-13 10:25:20.221]
Obligation [agent=a1, obligation=[makeReading(16, 16)], sanction=[reduce_400(a1)], deadline=286, time=2013-06-13 10:29:44.081, clock=0]
Prohibition [agent=c1, prohibition=[coin(6, 6, a2)], sanction=[reduce_300(c1)], clock=0, time=2013-06-13 10:25:20.236]
Position [agent=a3, id=null, cell=Cell [x=11, y=10], time=2013-06-13 10:25:34.455, clock=17]
Obligation [agent=a1, obligation=[makeReading(2, 2)], sanction=[reduce_400(a1)], deadline=286, time=2013-06-13 10:29:44.288, clock=0]
Position [agent=t1, id=null, cell=Cell [x=11, y=19], time=2013-06-13 10:25:34.686, clock=18]
Obligation [agent=a2, obligation=[makeReading(8, 6)], sanction=[reduce_400(a2)], deadline=286, time=2013-06-13 10:29:44.496, clock=0]
Reading [id=null, agent=a1, cell=Cell [x=16, y=16], time=2013-06-13 10:46:56.894, value=0.0, clock=0]
Prohibition [agent=c1, prohibition=[coin(5, 5, a3)], sanction=[reduce_300(c1)], clock=0, time=2013-06-13 10:25:20.239]
Position [agent=a3, id=null, cell=Cell [x=11, y=11], time=2013-06-13 10:25:36.165, clock=18]
Prohibition [agent=c1, prohibition=[coin(5, 6, a3)], sanction=[reduce_300(c1)], clock=0, time=2013-06-13 10:25:20.242]
Obligation [agent=a2, obligation=[makeReading(16, 16)], sanction=[reduce_400(a2)], deadline=286, time=2013-06-13 10:29:44.706, clock=0]
Position [agent=a1, id=null, cell=Cell [x=6, y=10], time=2013-06-13 10:25:36.213, clock=19]
Obligation [agent=a2, obligation=[makeReading(2, 2)], sanction=[reduce_400(a2)], deadline=286, time=2013-06-13 10:29:44.912, clock=0]
Prohibition [agent=c1, prohibition=[coin(6, 5, a3)], sanction=[reduce_300(c1)], clock=0, time=2013-06-13 10:25:20.254]
Obligation [agent=a3, obligation=[makeReading(8, 6)], sanction=[reduce_400(a3)], deadline=286, time=2013-06-13 10:29:45.123, clock=0]
Obligation [agent=a3, obligation=[makeReading(16, 16)], sanction=[reduce_400(a3)], deadline=286, time=2013-06-13 10:29:45.329, clock=0]
Position [agent=a2, id=null, cell=Cell [x=3, y=14], time=2013-06-13 10:25:36.503, clock=19]
Reading [id=null, agent=a2, cell=Cell [x=8, y=6], time=2013-06-13 10:46:58.908, value=0.0, clock=0]
Prohibition [agent=c1, prohibition=[coin(6, 6, a3)], sanction=[reduce_300(c1)], clock=0, time=2013-06-13 10:25:20.265]
Obligation [agent=a3, obligation=[makeReading(2, 2)], sanction=[reduce_400(a3)], deadline=286, time=2013-06-13 10:29:45.536, clock=0]
Obligation [agent=a1, obligation=[makeReading(8, 6)], sanction=[reduce_400(a1)], deadline=368, time=2013-06-13 10:31:05.953, clock=0]
Prohibition [agent=a1, prohibition=[at(5, 5, a1)], sanction=[reduce_300(a1)], clock=0, time=2013-06-13 10:25:20.944]
Obligation [agent=a1, obligation=[makeReading(16, 16)], sanction=[reduce_400(a1)], deadline=368, time=2013-06-13 10:31:06.158, clock=0]
Prohibition [agent=a1, prohibition=[at(5, 6, a1)], sanction=[reduce_300(a1)], clock=0, time=2013-06-13 10:25:20.946]
Position [agent=t1, id=null, cell=Cell [x=10, y=19], time=2013-06-13 10:25:36.818, clock=19]
Obligation [agent=a1, obligation=[makeReading(2, 2)], sanction=[reduce_400(a1)], deadline=368, time=2013-06-13 10:31:06.364, clock=0]
Position [agent=a2, id=null, cell=Cell [x=3, y=13], time=2013-06-13 10:25:37.197, clock=20]
Obligation [agent=a2, obligation=[makeReading(8, 6)], sanction=[reduce_400(a2)], deadline=368, time=2013-06-13 10:31:06.571, clock=0]
Position [agent=a1, id=null, cell=Cell [x=7, y=10], time=2013-06-13 10:25:37.99, clock=21]
Position [agent=a3, id=null, cell=Cell [x=11, y=12], time=2013-06-13 10:25:38.4, clock=21]
Obligation [agent=a2, obligation=[makeReading(16, 16)], sanction=[reduce_400(a2)], deadline=368, time=2013-06-13 10:31:06.78, clock=0]
Obligation [agent=a2, obligation=[makeReading(2, 2)], sanction=[reduce_400(a2)], deadline=368, time=2013-06-13 10:31:06.987, clock=0]
Obligation [agent=a3, obligation=[makeReading(8, 6)], sanction=[reduce_400(a3)], deadline=368, time=2013-06-13 10:31:07.193, clock=0]
Position [agent=a2, id=null, cell=Cell [x=3, y=12], time=2013-06-13 10:25:38.569, clock=21]
Position [agent=t1, id=null, cell=Cell [x=9, y=19], time=2013-06-13 10:25:38.635, clock=21]
Obligation [agent=a3, obligation=[makeReading(16, 16)], sanction=[reduce_400(a3)], deadline=368, time=2013-06-13 10:31:07.399, clock=0]
Prohibition [agent=a1, prohibition=[at(6, 5, a1)], sanction=[reduce_300(a1)], clock=0, time=2013-06-13 10:25:20.948]
Position [agent=a1, id=null, cell=Cell [x=8, y=10], time=2013-06-13 10:25:39.222, clock=22]
Obligation [agent=a3, obligation=[makeReading(2, 2)], sanction=[reduce_400(a3)], deadline=368, time=2013-06-13 10:31:07.607, clock=0]
Prohibition [agent=a1, prohibition=[at(6, 6, a1)], sanction=[reduce_300(a1)], clock=0, time=2013-06-13 10:25:20.95]
Position [agent=a3, id=null, cell=Cell [x=11, y=13], time=2013-06-13 10:25:39.439, clock=22]
Position [agent=t1, id=null, cell=Cell [x=8, y=19], time=2013-06-13 10:25:39.724, clock=23]
Prohibition [agent=a2, prohibition=[at(5, 5, a2)], sanction=[reduce_300(a2)], clock=0, time=2013-06-13 10:25:20.954]
Position [agent=a2, id=null, cell=Cell [x=3, y=11], time=2013-06-13 10:25:39.972, clock=23]
Position [agent=a3, id=null, cell=Cell [x=11, y=14], time=2013-06-13 10:25:40.173, clock=23]
Position [agent=a1, id=null, cell=Cell [x=9, y=10], time=2013-06-13 10:25:40.61, clock=23]
Obligation [agent=a1, obligation=[makeReading(8, 6)], sanction=[reduce_400(a1)], deadline=451, time=2013-06-13 10:32:28.247, clock=0]
Position [agent=a3, id=null, cell=Cell [x=11, y=15], time=2013-06-13 10:25:40.953, clock=24]
Obligation [agent=a1, obligation=[makeReading(16, 16)], sanction=[reduce_400(a1)], deadline=451, time=2013-06-13 10:32:28.454, clock=0]
Position [agent=a2, id=null, cell=Cell [x=3, y=10], time=2013-06-13 10:25:41.126, clock=24]
Position [agent=t1, id=null, cell=Cell [x=7, y=19], time=2013-06-13 10:25:41.326, clock=24]
Prohibition [agent=a2, prohibition=[at(5, 6, a2)], sanction=[reduce_300(a2)], clock=0, time=2013-06-13 10:25:20.957]
Prohibition [agent=a2, prohibition=[at(6, 5, a2)], sanction=[reduce_300(a2)], clock=0, time=2013-06-13 10:25:20.961]
Position [agent=a3, id=null, cell=Cell [x=11, y=16], time=2013-06-13 10:25:41.62, clock=25]
Prohibition [agent=a2, prohibition=[at(6, 6, a2)], sanction=[reduce_300(a2)], clock=0, time=2013-06-13 10:25:20.965]
Position [agent=a1, id=null, cell=Cell [x=10, y=10], time=2013-06-13 10:25:42.103, clock=25]
Prohibition [agent=a3, prohibition=[at(5, 5, a3)], sanction=[reduce_300(a3)], clock=0, time=2013-06-13 10:25:20.967]
Position [agent=a3, id=null, cell=Cell [x=11, y=17], time=2013-06-13 10:25:42.822, clock=25]
Position [agent=t1, id=null, cell=Cell [x=6, y=19], time=2013-06-13 10:25:43.231, clock=26]
Prohibition [agent=a3, prohibition=[at(5, 6, a3)], sanction=[reduce_300(a3)], clock=0, time=2013-06-13 10:25:20.97]
Position [agent=a2, id=null, cell=Cell [x=3, y=9], time=2013-06-13 10:25:43.438, clock=26]
Position [agent=a3, id=null, cell=Cell [x=11, y=18], time=2013-06-13 10:25:44.262, clock=27]
Prohibition [agent=a3, prohibition=[at(6, 5, a3)], sanction=[reduce_300(a3)], clock=0, time=2013-06-13 10:25:20.974]
Position [agent=t1, id=null, cell=Cell [x=5, y=19], time=2013-06-13 10:25:44.573, clock=27]
Position [agent=a2, id=null, cell=Cell [x=3, y=8], time=2013-06-13 10:25:45.138, clock=28]
Obligation [agent=a1, obligation=[makeReading(2, 2)], sanction=[reduce_400(a1)], deadline=451, time=2013-06-13 10:32:28.662, clock=0]
Obligation [agent=a2, obligation=[makeReading(8, 6)], sanction=[reduce_400(a2)], deadline=451, time=2013-06-13 10:32:28.87, clock=0]
Position [agent=a3, id=null, cell=Cell [x=11, y=19], time=2013-06-13 10:25:45.581, clock=28]
Position [agent=t1, id=null, cell=Cell [x=4, y=19], time=2013-06-13 10:25:45.816, clock=28]
Obligation [agent=a2, obligation=[makeReading(16, 16)], sanction=[reduce_400(a2)], deadline=451, time=2013-06-13 10:32:29.079, clock=0]
Obligation [agent=a2, obligation=[makeReading(2, 2)], sanction=[reduce_400(a2)], deadline=451, time=2013-06-13 10:32:29.284, clock=0]
Position [agent=a2, id=null, cell=Cell [x=3, y=7], time=2013-06-13 10:25:46.47, clock=29]
Prohibition [agent=a3, prohibition=[at(6, 6, a3)], sanction=[reduce_300(a3)], clock=0, time=2013-06-13 10:25:20.977]
Position [agent=a3, id=null, cell=Cell [x=12, y=19], time=2013-06-13 10:25:46.835, clock=29]
Position [agent=t1, id=null, cell=Cell [x=3, y=19], time=2013-06-13 10:25:47.277, clock=30]
Position [agent=a2, id=null, cell=Cell [x=3, y=6], time=2013-06-13 10:25:47.845, clock=30]
Prohibition [agent=a2, prohibition=[reading(8, 19, a2)], sanction=[reduce_300(a2)], clock=0, time=2013-06-13 10:25:52.893]
Prohibition [agent=a3, prohibition=[reading(11, 1, a3)], sanction=[reduce_300(a3)], clock=0, time=2013-06-13 10:25:53.344]
Position [agent=a3, id=null, cell=Cell [x=13, y=19], time=2013-06-13 10:25:48.155, clock=31]
Obligation [agent=a3, obligation=[makeReading(8, 6)], sanction=[reduce_400(a3)], deadline=451, time=2013-06-13 10:32:29.492, clock=0]
Position [agent=t1, id=null, cell=Cell [x=2, y=19], time=2013-06-13 10:25:48.62, clock=31]
Position [agent=a3, id=null, cell=Cell [x=14, y=19], time=2013-06-13 10:25:49.345, clock=32]
Position [agent=t1, id=null, cell=Cell [x=2, y=18], time=2013-06-13 10:25:49.845, clock=32]
Position [agent=a3, id=null, cell=Cell [x=15, y=19], time=2013-06-13 10:25:50.454, clock=33]
Position [agent=t1, id=null, cell=Cell [x=2, y=17], time=2013-06-13 10:25:51.13, clock=34]
Obligation [agent=a3, obligation=[makeReading(16, 16)], sanction=[reduce_400(a3)], deadline=451, time=2013-06-13 10:32:29.698, clock=0]
Position [agent=a3, id=null, cell=Cell [x=16, y=19], time=2013-06-13 10:25:51.695, clock=34]
Prohibition [agent=a2, prohibition=[reading(8, 19, a2)], sanction=[reduce_300(a2)], clock=0, time=2013-06-13 10:27:02.357]
Position [agent=t1, id=null, cell=Cell [x=2, y=16], time=2013-06-13 10:25:52.44, clock=35]
Prohibition [agent=a3, prohibition=[reading(11, 1, a3)], sanction=[reduce_300(a3)], clock=0, time=2013-06-13 10:27:02.564]
Position [agent=a3, id=null, cell=Cell [x=17, y=19], time=2013-06-13 10:25:53.054, clock=36]
Obligation [agent=a3, obligation=[makeReading(2, 2)], sanction=[reduce_400(a3)], deadline=451, time=2013-06-13 10:32:29.907, clock=0]
Position [agent=t1, id=null, cell=Cell [x=2, y=15], time=2013-06-13 10:25:53.706, clock=36]
Obligation [agent=a1, obligation=[makeReading(8, 6)], sanction=[reduce_400(a1)], deadline=532, time=2013-06-13 10:33:50.078, clock=0]
Position [agent=a3, id=null, cell=Cell [x=18, y=19], time=2013-06-13 10:25:54.278, clock=37]
Prohibition [agent=a2, prohibition=[reading(8, 19, a2)], sanction=[reduce_300(a2)], clock=0, time=2013-06-13 10:28:24.298]
Obligation [agent=a1, obligation=[makeReading(16, 16)], sanction=[reduce_400(a1)], deadline=532, time=2013-06-13 10:33:50.299, clock=0]
Obligation [agent=a1, obligation=[makeReading(2, 2)], sanction=[reduce_400(a1)], deadline=532, time=2013-06-13 10:33:50.507, clock=0]
Obligation [agent=a2, obligation=[makeReading(8, 6)], sanction=[reduce_400(a2)], deadline=532, time=2013-06-13 10:33:50.713, clock=0]
Position [agent=t1, id=null, cell=Cell [x=2, y=14], time=2013-06-13 10:25:55.006, clock=38]
Prohibition [agent=a3, prohibition=[reading(11, 1, a3)], sanction=[reduce_300(a3)], clock=0, time=2013-06-13 10:28:24.505]
Position [agent=a3, id=null, cell=Cell [x=19, y=19], time=2013-06-13 10:25:55.561, clock=38]
Obligation [agent=a2, obligation=[makeReading(16, 16)], sanction=[reduce_400(a2)], deadline=532, time=2013-06-13 10:33:50.92, clock=0]
Obligation [agent=a2, obligation=[makeReading(2, 2)], sanction=[reduce_400(a2)], deadline=532, time=2013-06-13 10:33:51.126, clock=0]
Position [agent=t1, id=null, cell=Cell [x=2, y=13], time=2013-06-13 10:25:56.193, clock=39]
Position [agent=t1, id=null, cell=Cell [x=2, y=12], time=2013-06-13 10:25:56.957, clock=40]
Position [agent=t1, id=null, cell=Cell [x=2, y=11], time=2013-06-13 10:25:57.801, clock=41]
Position [agent=t1, id=null, cell=Cell [x=2, y=10], time=2013-06-13 10:25:58.958, clock=42]
Obligation [agent=a3, obligation=[makeReading(8, 6)], sanction=[reduce_400(a3)], deadline=532, time=2013-06-13 10:33:51.33, clock=0]
Position [agent=t1, id=null, cell=Cell [x=2, y=9], time=2013-06-13 10:25:59.793, clock=43]
Position [agent=t1, id=null, cell=Cell [x=2, y=8], time=2013-06-13 10:26:00.558, clock=43]
Position [agent=t1, id=null, cell=Cell [x=2, y=7], time=2013-06-13 10:26:01.734, clock=45]
Position [agent=t1, id=null, cell=Cell [x=2, y=6], time=2013-06-13 10:26:02.384, clock=45]
Prohibition [agent=a2, prohibition=[reading(8, 19, a2)], sanction=[reduce_300(a2)], clock=0, time=2013-06-13 10:29:46.151]
Position [agent=t1, id=null, cell=Cell [x=2, y=5], time=2013-06-13 10:26:03.632, clock=46]
Position [agent=t1, id=null, cell=Cell [x=2, y=4], time=2013-06-13 10:26:04.693, clock=47]
Obligation [agent=a3, obligation=[makeReading(16, 16)], sanction=[reduce_400(a3)], deadline=532, time=2013-06-13 10:33:51.535, clock=0]
Position [agent=t1, id=null, cell=Cell [x=2, y=3], time=2013-06-13 10:26:06.014, clock=49]
Obligation [agent=a3, obligation=[makeReading(2, 2)], sanction=[reduce_400(a3)], deadline=532, time=2013-06-13 10:33:51.741, clock=0]
Position [agent=t1, id=null, cell=Cell [x=2, y=2], time=2013-06-13 10:26:06.907, clock=50]
Obligation [agent=a1, obligation=[makeReading(8, 6)], sanction=[reduce_400(a1)], deadline=615, time=2013-06-13 10:35:12.375, clock=0]
Position [agent=a1, id=null, cell=Cell [x=9, y=10], time=2013-06-13 10:35:13.867, clock=596]
Obligation [agent=a1, obligation=[makeReading(16, 16)], sanction=[reduce_400(a1)], deadline=615, time=2013-06-13 10:35:12.584, clock=0]
Obligation [agent=a1, obligation=[makeReading(2, 2)], sanction=[reduce_400(a1)], deadline=615, time=2013-06-13 10:35:15.481, clock=0]
Position [agent=a3, id=null, cell=Cell [x=18, y=19], time=2013-06-13 10:35:14.622, clock=597]
Obligation [agent=a2, obligation=[makeReading(8, 6)], sanction=[reduce_400(a2)], deadline=615, time=2013-06-13 10:35:15.688, clock=0]
Obligation [agent=a2, obligation=[makeReading(16, 16)], sanction=[reduce_400(a2)], deadline=615, time=2013-06-13 10:35:18.327, clock=0]
Position [agent=a2, id=null, cell=Cell [x=2, y=6], time=2013-06-13 10:35:15.44, clock=598]
Obligation [agent=a2, obligation=[makeReading(2, 2)], sanction=[reduce_400(a2)], deadline=615, time=2013-06-13 10:35:20.174, clock=0]
Position [agent=a3, id=null, cell=Cell [x=17, y=19], time=2013-06-13 10:35:16.618, clock=599]
Obligation [agent=a3, obligation=[makeReading(8, 6)], sanction=[reduce_400(a3)], deadline=615, time=2013-06-13 10:35:22.174, clock=0]
Obligation [agent=a3, obligation=[makeReading(16, 16)], sanction=[reduce_400(a3)], deadline=615, time=2013-06-13 10:35:24.185, clock=0]
Position [agent=a1, id=null, cell=Cell [x=8, y=10], time=2013-06-13 10:35:17.578, clock=600]
Position [agent=a3, id=null, cell=Cell [x=16, y=19], time=2013-06-13 10:35:18.303, clock=601]
Position [agent=a2, id=null, cell=Cell [x=2, y=5], time=2013-06-13 10:35:19.274, clock=602]
Obligation [agent=a3, obligation=[makeReading(2, 2)], sanction=[reduce_400(a3)], deadline=615, time=2013-06-13 10:35:26.189, clock=0]
Position [agent=a3, id=null, cell=Cell [x=15, y=19], time=2013-06-13 10:35:20.133, clock=603]
Prohibition [agent=a3, prohibition=[reading(11, 1, a3)], sanction=[reduce_300(a3)], clock=0, time=2013-06-13 10:29:46.358]
Position [agent=a1, id=null, cell=Cell [x=7, y=10], time=2013-06-13 10:35:21.299, clock=604]
Prohibition [agent=a2, prohibition=[reading(8, 19, a2)], sanction=[reduce_300(a2)], clock=0, time=2013-06-13 10:31:08.235]
Obligation [agent=a1, obligation=[makeReading(8, 6)], sanction=[reduce_400(a1)], deadline=778, time=2013-06-13 10:37:55.511, clock=0]
Position [agent=a3, id=null, cell=Cell [x=14, y=19], time=2013-06-13 10:35:22.109, clock=605]
Position [agent=a2, id=null, cell=Cell [x=2, y=4], time=2013-06-13 10:35:23.172, clock=606]
Position [agent=a3, id=null, cell=Cell [x=13, y=19], time=2013-06-13 10:35:24.184, clock=607]
Obligation [agent=a1, obligation=[makeReading(16, 16)], sanction=[reduce_400(a1)], deadline=778, time=2013-06-13 10:37:55.716, clock=0]
Position [agent=a1, id=null, cell=Cell [x=6, y=10], time=2013-06-13 10:35:25.496, clock=608]
Prohibition [agent=a3, prohibition=[reading(11, 1, a3)], sanction=[reduce_300(a3)], clock=0, time=2013-06-13 10:31:08.442]
Prohibition [agent=a2, prohibition=[reading(8, 19, a2)], sanction=[reduce_300(a2)], clock=0, time=2013-06-13 10:32:30.528]
Position [agent=a3, id=null, cell=Cell [x=12, y=19], time=2013-06-13 10:35:26.164, clock=609]
Prohibition [agent=a3, prohibition=[reading(11, 1, a3)], sanction=[reduce_300(a3)], clock=0, time=2013-06-13 10:32:30.732]
Prohibition [agent=a2, prohibition=[reading(8, 19, a2)], sanction=[reduce_300(a2)], clock=0, time=2013-06-13 10:33:52.362]
Prohibition [agent=a3, prohibition=[reading(11, 1, a3)], sanction=[reduce_300(a3)], clock=0, time=2013-06-13 10:33:52.569]
Position [agent=a2, id=null, cell=Cell [x=2, y=3], time=2013-06-13 10:35:27.277, clock=610]
Prohibition [agent=a2, prohibition=[reading(8, 19, a2)], sanction=[reduce_300(a2)], clock=0, time=2013-06-13 10:35:30.41]
Position [agent=a3, id=null, cell=Cell [x=11, y=19], time=2013-06-13 10:35:28.139, clock=611]
Obligation [agent=a1, obligation=[makeReading(2, 2)], sanction=[reduce_400(a1)], deadline=778, time=2013-06-13 10:37:55.923, clock=0]
Obligation [agent=a2, obligation=[makeReading(8, 6)], sanction=[reduce_400(a2)], deadline=778, time=2013-06-13 10:37:56.127, clock=0]
Prohibition [agent=a3, prohibition=[reading(11, 1, a3)], sanction=[reduce_300(a3)], clock=0, time=2013-06-13 10:35:31.378]
Position [agent=a1, id=null, cell=Cell [x=5, y=10], time=2013-06-13 10:35:29.388, clock=612]
Obligation [agent=a2, obligation=[makeReading(16, 16)], sanction=[reduce_400(a2)], deadline=778, time=2013-06-13 10:37:56.332, clock=0]
Obligation [agent=a2, obligation=[makeReading(2, 2)], sanction=[reduce_400(a2)], deadline=778, time=2013-06-13 10:37:56.537, clock=0]
Position [agent=a3, id=null, cell=Cell [x=10, y=19], time=2013-06-13 10:35:30.139, clock=613]
Obligation [agent=a3, obligation=[makeReading(8, 6)], sanction=[reduce_400(a3)], deadline=778, time=2013-06-13 10:37:56.743, clock=0]
Position [agent=a2, id=null, cell=Cell [x=2, y=2], time=2013-06-13 10:35:31.324, clock=614]
Obligation [agent=a3, obligation=[makeReading(16, 16)], sanction=[reduce_400(a3)], deadline=778, time=2013-06-13 10:37:56.948, clock=0]
Prohibition [agent=a2, prohibition=[reading(2, 2, a2)], sanction=[reduce_300(a2)], clock=0, time=2013-06-13 10:36:59.465]
Position [agent=a3, id=null, cell=Cell [x=9, y=19], time=2013-06-13 10:35:32.334, clock=615]
Obligation [agent=a3, obligation=[makeReading(2, 2)], sanction=[reduce_400(a3)], deadline=778, time=2013-06-13 10:37:57.153, clock=0]
Obligation [agent=a1, obligation=[makeReading(8, 6)], sanction=[reduce_400(a1)], deadline=982, time=2013-06-13 10:41:20.078, clock=0]
Obligation [agent=a1, obligation=[makeReading(16, 16)], sanction=[reduce_400(a1)], deadline=982, time=2013-06-13 10:41:20.282, clock=0]
Prohibition [agent=a2, prohibition=[reading(2, 2, a2)], sanction=[reduce_300(a2)], clock=0, time=2013-06-13 10:37:57.769]
Position [agent=a1, id=null, cell=Cell [x=4, y=10], time=2013-06-13 10:35:33.308, clock=616]
Position [agent=a2, id=null, cell=Cell [x=2, y=3], time=2013-06-13 10:35:33.929, clock=616]
Position [agent=a3, id=null, cell=Cell [x=8, y=19], time=2013-06-13 10:35:34.629, clock=617]
Position [agent=a2, id=null, cell=Cell [x=2, y=4], time=2013-06-13 10:35:35.558, clock=618]
Prohibition [agent=a3, prohibition=[reading(11, 1, a3)], sanction=[reduce_300(a3)], clock=0, time=2013-06-13 10:37:57.973]
Position [agent=a1, id=null, cell=Cell [x=3, y=10], time=2013-06-13 10:35:36.583, clock=619]
Position [agent=a2, id=null, cell=Cell [x=2, y=5], time=2013-06-13 10:35:37.253, clock=620]
Prohibition [agent=a1, prohibition=[reading(2, 2, a1)], sanction=[reduce_300(a1)], clock=0, time=2013-06-13 10:40:25.952]
Position [agent=a3, id=null, cell=Cell [x=7, y=19], time=2013-06-13 10:35:38.176, clock=621]
Position [agent=a2, id=null, cell=Cell [x=2, y=6], time=2013-06-13 10:35:39.169, clock=622]
Prohibition [agent=a2, prohibition=[reading(16, 16, a2)], sanction=[reduce_300(a2)], clock=0, time=2013-06-13 10:40:26.158]
Position [agent=a1, id=null, cell=Cell [x=2, y=10], time=2013-06-13 10:35:40.031, clock=622]
Position [agent=a2, id=null, cell=Cell [x=2, y=7], time=2013-06-13 10:35:40.672, clock=623]
Prohibition [agent=a3, prohibition=[reading(2, 2, a3)], sanction=[reduce_300(a3)], clock=0, time=2013-06-13 10:40:26.364]
Prohibition [agent=a1, prohibition=[reading(2, 2, a1)], sanction=[reduce_300(a1)], clock=0, time=2013-06-13 10:41:22.133]
Obligation [agent=a1, obligation=[makeReading(2, 2)], sanction=[reduce_400(a1)], deadline=982, time=2013-06-13 10:41:20.488, clock=0]
Position [agent=a3, id=null, cell=Cell [x=6, y=19], time=2013-06-13 10:35:41.36, clock=624]
Obligation [agent=a2, obligation=[makeReading(8, 6)], sanction=[reduce_400(a2)], deadline=982, time=2013-06-13 10:41:20.692, clock=0]
Position [agent=a2, id=null, cell=Cell [x=2, y=8], time=2013-06-13 10:35:42.301, clock=625]
Prohibition [agent=a2, prohibition=[reading(16, 16, a2)], sanction=[reduce_300(a2)], clock=0, time=2013-06-13 10:41:22.341]
Position [agent=a1, id=null, cell=Cell [x=2, y=9], time=2013-06-13 10:35:43.346, clock=626]
Prohibition [agent=a3, prohibition=[reading(2, 2, a3)], sanction=[reduce_300(a3)], clock=0, time=2013-06-13 10:41:22.561]
Position [agent=a2, id=null, cell=Cell [x=2, y=9], time=2013-06-13 10:35:44.195, clock=627]
Prohibition [agent=a1, prohibition=[reading(16, 16, a1)], sanction=[reduce_300(a1)], clock=0, time=2013-06-13 10:43:20.543]
Obligation [agent=a2, obligation=[makeReading(16, 16)], sanction=[reduce_400(a2)], deadline=982, time=2013-06-13 10:41:20.898, clock=0]
Obligation [agent=a2, obligation=[makeReading(2, 2)], sanction=[reduce_400(a2)], deadline=982, time=2013-06-13 10:41:21.106, clock=0]
Prohibition [agent=a3, prohibition=[reading(16, 16, a3)], sanction=[reduce_300(a3)], clock=0, time=2013-06-13 10:43:20.962]
Position [agent=a3, id=null, cell=Cell [x=5, y=19], time=2013-06-13 10:35:44.958, clock=627]
Obligation [agent=a3, obligation=[makeReading(8, 6)], sanction=[reduce_400(a3)], deadline=982, time=2013-06-13 10:41:21.312, clock=0]
Obligation [agent=a3, obligation=[makeReading(16, 16)], sanction=[reduce_400(a3)], deadline=982, time=2013-06-13 10:41:21.517, clock=0]
Position [agent=a2, id=null, cell=Cell [x=2, y=10], time=2013-06-13 10:35:45.856, clock=628]
Obligation [agent=a3, obligation=[makeReading(2, 2)], sanction=[reduce_400(a3)], deadline=982, time=2013-06-13 10:41:21.722, clock=0]
Position [agent=a1, id=null, cell=Cell [x=2, y=8], time=2013-06-13 10:35:46.77, clock=629]
Obligation [agent=a1, obligation=[makeReading(8, 6)], sanction=[reduce_400(a1)], deadline=1051, time=2013-06-13 10:42:34.976, clock=0]
Obligation [agent=a1, obligation=[makeReading(16, 16)], sanction=[reduce_400(a1)], deadline=1051, time=2013-06-13 10:42:38.781, clock=0]
Position [agent=a2, id=null, cell=Cell [x=2, y=11], time=2013-06-13 10:35:47.475, clock=630]
Position [agent=a3, id=null, cell=Cell [x=4, y=19], time=2013-06-13 10:35:48.216, clock=631]
Position [agent=a2, id=null, cell=Cell [x=2, y=12], time=2013-06-13 10:35:49.168, clock=632]
Obligation [agent=a1, obligation=[makeReading(2, 2)], sanction=[reduce_400(a1)], deadline=1051, time=2013-06-13 10:42:44.517, clock=0]
Position [agent=a1, id=null, cell=Cell [x=2, y=7], time=2013-06-13 10:35:50.224, clock=632]
Position [agent=a2, id=null, cell=Cell [x=2, y=13], time=2013-06-13 10:35:50.903, clock=633]
Obligation [agent=a2, obligation=[makeReading(8, 6)], sanction=[reduce_400(a2)], deadline=1051, time=2013-06-13 10:42:49.67, clock=0]
Position [agent=a3, id=null, cell=Cell [x=3, y=19], time=2013-06-13 10:35:51.624, clock=634]
Obligation [agent=a2, obligation=[makeReading(16, 16)], sanction=[reduce_400(a2)], deadline=1051, time=2013-06-13 10:42:54.755, clock=0]
Position [agent=a2, id=null, cell=Cell [x=2, y=14], time=2013-06-13 10:35:52.495, clock=635]
Obligation [agent=a2, obligation=[makeReading(2, 2)], sanction=[reduce_400(a2)], deadline=1051, time=2013-06-13 10:42:59.524, clock=0]
Position [agent=a1, id=null, cell=Cell [x=2, y=6], time=2013-06-13 10:35:53.49, clock=636]
Obligation [agent=a3, obligation=[makeReading(8, 6)], sanction=[reduce_400(a3)], deadline=1051, time=2013-06-13 10:43:04.616, clock=0]
Obligation [agent=a3, obligation=[makeReading(16, 16)], sanction=[reduce_400(a3)], deadline=1051, time=2013-06-13 10:43:09.672, clock=0]
Position [agent=a2, id=null, cell=Cell [x=2, y=15], time=2013-06-13 10:35:54.345, clock=637]
Position [agent=a3, id=null, cell=Cell [x=2, y=19], time=2013-06-13 10:35:55.197, clock=638]
Position [agent=a2, id=null, cell=Cell [x=2, y=16], time=2013-06-13 10:35:56.295, clock=639]
Position [agent=a1, id=null, cell=Cell [x=2, y=5], time=2013-06-13 10:35:57.406, clock=640]
Obligation [agent=a3, obligation=[makeReading(2, 2)], sanction=[reduce_400(a3)], deadline=1051, time=2013-06-13 10:43:14.552, clock=0]
Position [agent=a2, id=null, cell=Cell [x=3, y=16], time=2013-06-13 10:35:58.157, clock=641]
Position [agent=a3, id=null, cell=Cell [x=2, y=18], time=2013-06-13 10:35:59.261, clock=642]
Position [agent=a2, id=null, cell=Cell [x=4, y=16], time=2013-06-13 10:36:00.249, clock=643]
Position [agent=a1, id=null, cell=Cell [x=2, y=4], time=2013-06-13 10:36:01.409, clock=644]
Position [agent=a2, id=null, cell=Cell [x=5, y=16], time=2013-06-13 10:36:02.267, clock=645]
Position [agent=a3, id=null, cell=Cell [x=2, y=17], time=2013-06-13 10:36:03.235, clock=646]
Position [agent=a2, id=null, cell=Cell [x=6, y=16], time=2013-06-13 10:36:04.22, clock=647]
Position [agent=a1, id=null, cell=Cell [x=2, y=3], time=2013-06-13 10:36:05.468, clock=648]
Position [agent=a2, id=null, cell=Cell [x=7, y=16], time=2013-06-13 10:36:06.371, clock=649]
Position [agent=a3, id=null, cell=Cell [x=2, y=16], time=2013-06-13 10:36:07.187, clock=650]
Position [agent=a2, id=null, cell=Cell [x=8, y=16], time=2013-06-13 10:36:08.225, clock=651]
Position [agent=a1, id=null, cell=Cell [x=2, y=2], time=2013-06-13 10:36:09.482, clock=652]
Position [agent=a2, id=null, cell=Cell [x=9, y=16], time=2013-06-13 10:36:10.264, clock=653]
Position [agent=a3, id=null, cell=Cell [x=2, y=15], time=2013-06-13 10:36:11.205, clock=654]
Position [agent=a2, id=null, cell=Cell [x=10, y=16], time=2013-06-13 10:36:12.208, clock=655]
Position [agent=a3, id=null, cell=Cell [x=2, y=14], time=2013-06-13 10:36:12.91, clock=655]
Position [agent=a2, id=null, cell=Cell [x=11, y=16], time=2013-06-13 10:36:13.878, clock=656]
Position [agent=a3, id=null, cell=Cell [x=2, y=13], time=2013-06-13 10:36:14.681, clock=657]
Position [agent=a2, id=null, cell=Cell [x=12, y=16], time=2013-06-13 10:36:15.71, clock=658]
Position [agent=a3, id=null, cell=Cell [x=2, y=12], time=2013-06-13 10:36:16.454, clock=659]
Position [agent=a2, id=null, cell=Cell [x=13, y=16], time=2013-06-13 10:36:17.377, clock=660]
Position [agent=a3, id=null, cell=Cell [x=2, y=11], time=2013-06-13 10:36:18.221, clock=661]
Position [agent=a2, id=null, cell=Cell [x=14, y=16], time=2013-06-13 10:36:19.253, clock=662]
Position [agent=a3, id=null, cell=Cell [x=2, y=10], time=2013-06-13 10:36:20.202, clock=663]
Position [agent=a2, id=null, cell=Cell [x=15, y=16], time=2013-06-13 10:36:21.426, clock=664]
Position [agent=a3, id=null, cell=Cell [x=2, y=9], time=2013-06-13 10:36:22.385, clock=665]
Position [agent=a2, id=null, cell=Cell [x=16, y=16], time=2013-06-13 10:36:23.531, clock=666]
Position [agent=a3, id=null, cell=Cell [x=2, y=8], time=2013-06-13 10:36:24.432, clock=667]
Position [agent=a3, id=null, cell=Cell [x=2, y=7], time=2013-06-13 10:36:25.5, clock=668]
Position [agent=a3, id=null, cell=Cell [x=2, y=6], time=2013-06-13 10:36:26.549, clock=669]
Position [agent=a3, id=null, cell=Cell [x=2, y=5], time=2013-06-13 10:36:27.62, clock=670]
Position [agent=a3, id=null, cell=Cell [x=2, y=4], time=2013-06-13 10:36:28.68, clock=671]
Position [agent=a3, id=null, cell=Cell [x=2, y=3], time=2013-06-13 10:36:29.84, clock=672]
Position [agent=a3, id=null, cell=Cell [x=2, y=2], time=2013-06-13 10:36:30.955, clock=673]
Position [agent=a2, id=null, cell=Cell [x=15, y=16], time=2013-06-13 10:38:06.824, clock=769]
Position [agent=a1, id=null, cell=Cell [x=2, y=3], time=2013-06-13 10:38:08.036, clock=770]
Position [agent=a3, id=null, cell=Cell [x=2, y=3], time=2013-06-13 10:38:10.637, clock=771]
Position [agent=a1, id=null, cell=Cell [x=2, y=4], time=2013-06-13 10:38:10.967, clock=773]
Position [agent=a2, id=null, cell=Cell [x=14, y=16], time=2013-06-13 10:38:12.088, clock=774]
Position [agent=a3, id=null, cell=Cell [x=2, y=4], time=2013-06-13 10:38:12.909, clock=775]
Position [agent=a2, id=null, cell=Cell [x=13, y=16], time=2013-06-13 10:38:13.741, clock=776]
Position [agent=a1, id=null, cell=Cell [x=2, y=5], time=2013-06-13 10:38:14.683, clock=777]
Position [agent=a2, id=null, cell=Cell [x=12, y=16], time=2013-06-13 10:38:15.608, clock=778]
Position [agent=a3, id=null, cell=Cell [x=2, y=5], time=2013-06-13 10:38:16.468, clock=779]
Position [agent=a2, id=null, cell=Cell [x=11, y=16], time=2013-06-13 10:38:17.334, clock=780]
Position [agent=a1, id=null, cell=Cell [x=2, y=6], time=2013-06-13 10:38:18.452, clock=781]
Position [agent=a2, id=null, cell=Cell [x=10, y=16], time=2013-06-13 10:38:19.357, clock=782]
Position [agent=a3, id=null, cell=Cell [x=2, y=6], time=2013-06-13 10:38:20.313, clock=783]
Position [agent=a2, id=null, cell=Cell [x=9, y=16], time=2013-06-13 10:38:21.325, clock=784]
Position [agent=a1, id=null, cell=Cell [x=2, y=7], time=2013-06-13 10:38:22.482, clock=785]
Position [agent=a2, id=null, cell=Cell [x=8, y=16], time=2013-06-13 10:38:23.362, clock=786]
Position [agent=a3, id=null, cell=Cell [x=2, y=7], time=2013-06-13 10:38:24.336, clock=787]
Position [agent=a2, id=null, cell=Cell [x=7, y=16], time=2013-06-13 10:38:25.334, clock=788]
Position [agent=a1, id=null, cell=Cell [x=2, y=8], time=2013-06-13 10:38:26.477, clock=789]
Position [agent=a2, id=null, cell=Cell [x=6, y=16], time=2013-06-13 10:38:27.561, clock=790]
Position [agent=a3, id=null, cell=Cell [x=2, y=8], time=2013-06-13 10:38:28.381, clock=791]
Position [agent=a2, id=null, cell=Cell [x=5, y=16], time=2013-06-13 10:38:29.33, clock=792]
Position [agent=a1, id=null, cell=Cell [x=2, y=9], time=2013-06-13 10:38:30.461, clock=793]
Position [agent=a2, id=null, cell=Cell [x=4, y=16], time=2013-06-13 10:38:31.393, clock=794]
Position [agent=a3, id=null, cell=Cell [x=2, y=9], time=2013-06-13 10:38:32.321, clock=795]
Position [agent=a2, id=null, cell=Cell [x=3, y=16], time=2013-06-13 10:38:33.34, clock=796]
Position [agent=a1, id=null, cell=Cell [x=2, y=10], time=2013-06-13 10:38:34.482, clock=797]
Position [agent=a2, id=null, cell=Cell [x=2, y=16], time=2013-06-13 10:38:35.4, clock=798]
Position [agent=a3, id=null, cell=Cell [x=2, y=10], time=2013-06-13 10:38:36.331, clock=799]
Position [agent=a2, id=null, cell=Cell [x=2, y=15], time=2013-06-13 10:38:37.347, clock=800]
Position [agent=a1, id=null, cell=Cell [x=2, y=11], time=2013-06-13 10:38:38.489, clock=801]
Position [agent=a2, id=null, cell=Cell [x=2, y=14], time=2013-06-13 10:38:39.41, clock=802]
Position [agent=a3, id=null, cell=Cell [x=2, y=11], time=2013-06-13 10:38:40.333, clock=803]
Position [agent=a2, id=null, cell=Cell [x=2, y=13], time=2013-06-13 10:38:41.359, clock=804]
Position [agent=a1, id=null, cell=Cell [x=2, y=12], time=2013-06-13 10:38:42.32, clock=805]
Position [agent=a2, id=null, cell=Cell [x=2, y=12], time=2013-06-13 10:38:43.357, clock=806]
Position [agent=a3, id=null, cell=Cell [x=2, y=12], time=2013-06-13 10:38:46.327, clock=807]
Position [agent=a2, id=null, cell=Cell [x=2, y=11], time=2013-06-13 10:38:46.333, clock=807]
Position [agent=a1, id=null, cell=Cell [x=2, y=13], time=2013-06-13 10:38:46.355, clock=808]
Position [agent=a1, id=null, cell=Cell [x=2, y=14], time=2013-06-13 10:38:48.014, clock=810]
Position [agent=a2, id=null, cell=Cell [x=2, y=10], time=2013-06-13 10:38:48.786, clock=811]
Position [agent=a3, id=null, cell=Cell [x=2, y=13], time=2013-06-13 10:38:49.649, clock=812]
Position [agent=a2, id=null, cell=Cell [x=2, y=9], time=2013-06-13 10:38:50.519, clock=813]
Position [agent=a1, id=null, cell=Cell [x=2, y=15], time=2013-06-13 10:38:51.535, clock=814]
Position [agent=a2, id=null, cell=Cell [x=2, y=8], time=2013-06-13 10:38:52.457, clock=815]
Position [agent=a3, id=null, cell=Cell [x=2, y=14], time=2013-06-13 10:38:53.351, clock=816]
Position [agent=a2, id=null, cell=Cell [x=2, y=7], time=2013-06-13 10:38:54.367, clock=817]
Position [agent=a1, id=null, cell=Cell [x=2, y=16], time=2013-06-13 10:38:55.521, clock=818]
Position [agent=a2, id=null, cell=Cell [x=2, y=6], time=2013-06-13 10:38:56.443, clock=819]
Position [agent=a3, id=null, cell=Cell [x=2, y=15], time=2013-06-13 10:38:57.351, clock=820]
Position [agent=a2, id=null, cell=Cell [x=2, y=5], time=2013-06-13 10:38:58.375, clock=821]
Position [agent=a1, id=null, cell=Cell [x=3, y=16], time=2013-06-13 10:38:59.481, clock=822]
Position [agent=a2, id=null, cell=Cell [x=2, y=4], time=2013-06-13 10:39:00.456, clock=823]
Position [agent=a3, id=null, cell=Cell [x=2, y=16], time=2013-06-13 10:39:01.608, clock=824]
Position [agent=a2, id=null, cell=Cell [x=2, y=3], time=2013-06-13 10:39:02.526, clock=825]
Position [agent=a1, id=null, cell=Cell [x=4, y=16], time=2013-06-13 10:39:03.347, clock=826]
Position [agent=a2, id=null, cell=Cell [x=2, y=2], time=2013-06-13 10:39:06.389, clock=827]
Position [agent=a3, id=null, cell=Cell [x=3, y=16], time=2013-06-13 10:39:06.575, clock=828]
Position [agent=a1, id=null, cell=Cell [x=5, y=16], time=2013-06-13 10:39:06.591, clock=828]
Position [agent=a1, id=null, cell=Cell [x=6, y=16], time=2013-06-13 10:39:08.165, clock=830]
Position [agent=a3, id=null, cell=Cell [x=4, y=16], time=2013-06-13 10:39:08.913, clock=831]
Position [agent=a1, id=null, cell=Cell [x=7, y=16], time=2013-06-13 10:39:09.93, clock=832]
Position [agent=a2, id=null, cell=Cell [x=2, y=3], time=2013-06-13 10:39:10.666, clock=833]
Position [agent=a1, id=null, cell=Cell [x=8, y=16], time=2013-06-13 10:39:11.861, clock=834]
Position [agent=a3, id=null, cell=Cell [x=5, y=16], time=2013-06-13 10:39:12.606, clock=835]
Position [agent=a1, id=null, cell=Cell [x=9, y=16], time=2013-06-13 10:39:13.645, clock=836]
Position [agent=a2, id=null, cell=Cell [x=2, y=4], time=2013-06-13 10:39:14.366, clock=837]
Position [agent=a2, id=null, cell=Cell [x=2, y=5], time=2013-06-13 10:39:15.382, clock=838]
Position [agent=a1, id=null, cell=Cell [x=10, y=16], time=2013-06-13 10:39:16.469, clock=839]
Position [agent=a3, id=null, cell=Cell [x=6, y=16], time=2013-06-13 10:39:17.333, clock=840]
Position [agent=a1, id=null, cell=Cell [x=11, y=16], time=2013-06-13 10:39:18.526, clock=841]
Position [agent=a2, id=null, cell=Cell [x=2, y=6], time=2013-06-13 10:39:19.303, clock=842]
Position [agent=a1, id=null, cell=Cell [x=12, y=16], time=2013-06-13 10:39:20.506, clock=843]
Position [agent=a3, id=null, cell=Cell [x=7, y=16], time=2013-06-13 10:39:21.328, clock=844]
Position [agent=a1, id=null, cell=Cell [x=13, y=16], time=2013-06-13 10:39:22.507, clock=845]
Position [agent=a2, id=null, cell=Cell [x=2, y=7], time=2013-06-13 10:39:23.294, clock=846]
Position [agent=a2, id=null, cell=Cell [x=2, y=8], time=2013-06-13 10:39:24.332, clock=847]
Position [agent=a1, id=null, cell=Cell [x=14, y=16], time=2013-06-13 10:39:25.523, clock=848]
Position [agent=a3, id=null, cell=Cell [x=8, y=16], time=2013-06-13 10:39:26.338, clock=849]
Position [agent=a1, id=null, cell=Cell [x=15, y=16], time=2013-06-13 10:39:27.489, clock=850]
Position [agent=a2, id=null, cell=Cell [x=2, y=9], time=2013-06-13 10:39:28.302, clock=851]
Position [agent=a2, id=null, cell=Cell [x=2, y=10], time=2013-06-13 10:39:29.381, clock=852]
Position [agent=a1, id=null, cell=Cell [x=16, y=16], time=2013-06-13 10:39:30.489, clock=853]
Position [agent=a3, id=null, cell=Cell [x=9, y=16], time=2013-06-13 10:39:31.352, clock=854]
Position [agent=a2, id=null, cell=Cell [x=2, y=11], time=2013-06-13 10:39:32.307, clock=855]
Position [agent=a3, id=null, cell=Cell [x=10, y=16], time=2013-06-13 10:39:33.367, clock=856]
Position [agent=a2, id=null, cell=Cell [x=2, y=12], time=2013-06-13 10:39:34.334, clock=857]
Position [agent=a3, id=null, cell=Cell [x=11, y=16], time=2013-06-13 10:39:35.5, clock=858]
Position [agent=a2, id=null, cell=Cell [x=2, y=13], time=2013-06-13 10:39:36.499, clock=859]
Position [agent=a3, id=null, cell=Cell [x=12, y=16], time=2013-06-13 10:39:37.964, clock=860]
Position [agent=a2, id=null, cell=Cell [x=2, y=14], time=2013-06-13 10:39:39.065, clock=861]
Time [clock=8, time=2013-06-13 12:00:58.593]
Position [agent=a3, id=null, cell=Cell [x=13, y=16], time=2013-06-13 10:39:39.923, clock=862]
Position [agent=a2, id=null, cell=Cell [x=2, y=15], time=2013-06-13 10:39:40.939, clock=863]
Position [agent=a3, id=null, cell=Cell [x=14, y=16], time=2013-06-13 10:39:41.819, clock=864]
Position [agent=a2, id=null, cell=Cell [x=2, y=16], time=2013-06-13 10:39:42.948, clock=865]
Position [agent=a3, id=null, cell=Cell [x=15, y=16], time=2013-06-13 10:39:43.989, clock=866]
Position [agent=a2, id=null, cell=Cell [x=3, y=16], time=2013-06-13 10:39:45.171, clock=867]
Position [agent=a3, id=null, cell=Cell [x=16, y=16], time=2013-06-13 10:39:46.049, clock=868]
Position [agent=a2, id=null, cell=Cell [x=4, y=16], time=2013-06-13 10:39:47.114, clock=869]
Position [agent=a2, id=null, cell=Cell [x=5, y=16], time=2013-06-13 10:39:48.398, clock=871]
Position [agent=a2, id=null, cell=Cell [x=6, y=16], time=2013-06-13 10:39:49.689, clock=872]
Position [agent=a2, id=null, cell=Cell [x=7, y=16], time=2013-06-13 10:39:50.954, clock=873]
Position [agent=a2, id=null, cell=Cell [x=8, y=16], time=2013-06-13 10:39:52.361, clock=875]
Position [agent=a2, id=null, cell=Cell [x=9, y=16], time=2013-06-13 10:39:53.69, clock=876]
Position [agent=a2, id=null, cell=Cell [x=10, y=16], time=2013-06-13 10:39:55.004, clock=877]
Position [agent=a2, id=null, cell=Cell [x=11, y=16], time=2013-06-13 10:39:56.432, clock=879]
Position [agent=a2, id=null, cell=Cell [x=12, y=16], time=2013-06-13 10:39:57.691, clock=880]
Position [agent=a2, id=null, cell=Cell [x=13, y=16], time=2013-06-13 10:39:58.985, clock=881]
Position [agent=a2, id=null, cell=Cell [x=14, y=16], time=2013-06-13 10:40:00.346, clock=883]
Position [agent=a2, id=null, cell=Cell [x=15, y=16], time=2013-06-13 10:40:01.69, clock=884]
Position [agent=a2, id=null, cell=Cell [x=16, y=16], time=2013-06-13 10:40:03.025, clock=885]
Position [agent=a2, id=null, cell=Cell [x=14, y=16], time=2013-06-13 10:40:03.361, clock=772]
Position [agent=a2, id=null, cell=Cell [x=13, y=16], time=2013-06-13 10:40:04.72, clock=887]
Position [agent=a2, id=null, cell=Cell [x=12, y=16], time=2013-06-13 10:40:05.971, clock=888]
Position [agent=a2, id=null, cell=Cell [x=11, y=16], time=2013-06-13 10:40:07.022, clock=889]
Position [agent=a2, id=null, cell=Cell [x=10, y=16], time=2013-06-13 10:40:08.053, clock=890]
Position [agent=a2, id=null, cell=Cell [x=9, y=16], time=2013-06-13 10:40:09.338, clock=892]
Position [agent=a2, id=null, cell=Cell [x=8, y=16], time=2013-06-13 10:40:10.554, clock=893]
Position [agent=a2, id=null, cell=Cell [x=8, y=15], time=2013-06-13 10:40:11.577, clock=894]
Position [agent=a2, id=null, cell=Cell [x=8, y=14], time=2013-06-13 10:40:12.859, clock=895]
Position [agent=a2, id=null, cell=Cell [x=8, y=13], time=2013-06-13 10:40:13.906, clock=896]
Position [agent=a2, id=null, cell=Cell [x=8, y=12], time=2013-06-13 10:40:14.961, clock=897]
Position [agent=a2, id=null, cell=Cell [x=8, y=11], time=2013-06-13 10:40:16.327, clock=899]
Position [agent=a2, id=null, cell=Cell [x=8, y=10], time=2013-06-13 10:40:17.384, clock=900]
Position [agent=a2, id=null, cell=Cell [x=8, y=9], time=2013-06-13 10:40:18.419, clock=901]
Position [agent=a2, id=null, cell=Cell [x=8, y=8], time=2013-06-13 10:40:19.488, clock=902]
Position [agent=a2, id=null, cell=Cell [x=8, y=7], time=2013-06-13 10:40:20.543, clock=903]
Position [agent=a2, id=null, cell=Cell [x=8, y=6], time=2013-06-13 10:40:21.58, clock=904]
Position [agent=a1, id=null, cell=Cell [x=15, y=16], time=2013-06-13 10:42:30.186, clock=1032]
Position [agent=a3, id=null, cell=Cell [x=15, y=16], time=2013-06-13 10:42:31.086, clock=1033]
Position [agent=a3, id=null, cell=Cell [x=14, y=16], time=2013-06-13 10:42:32.444, clock=1035]
Position [agent=a1, id=null, cell=Cell [x=14, y=16], time=2013-06-13 10:42:33.863, clock=1036]
Position [agent=a3, id=null, cell=Cell [x=13, y=16], time=2013-06-13 10:42:34.934, clock=1037]
Position [agent=a2, id=null, cell=Cell [x=7, y=6], time=2013-06-13 10:42:37.648, clock=1040]
Position [agent=a2, id=null, cell=Cell [x=6, y=6], time=2013-06-13 10:42:40.155, clock=1042]
Position [agent=a1, id=null, cell=Cell [x=13, y=16], time=2013-06-13 10:42:42.115, clock=1044]
Position [agent=a2, id=null, cell=Cell [x=5, y=6], time=2013-06-13 10:42:43.043, clock=1045]
Position [agent=a3, id=null, cell=Cell [x=12, y=16], time=2013-06-13 10:42:44.482, clock=1047]
Position [agent=a2, id=null, cell=Cell [x=4, y=6], time=2013-06-13 10:42:45.89, clock=1048]
Position [agent=a1, id=null, cell=Cell [x=12, y=16], time=2013-06-13 10:42:47.423, clock=1049]
Position [agent=a2, id=null, cell=Cell [x=3, y=6], time=2013-06-13 10:42:48.571, clock=1051]
Position [agent=a3, id=null, cell=Cell [x=11, y=16], time=2013-06-13 10:42:49.631, clock=1052]
Position [agent=a2, id=null, cell=Cell [x=2, y=6], time=2013-06-13 10:42:50.892, clock=1053]
Position [agent=a1, id=null, cell=Cell [x=11, y=16], time=2013-06-13 10:42:52.213, clock=1054]
Position [agent=a2, id=null, cell=Cell [x=2, y=5], time=2013-06-13 10:42:53.527, clock=1056]
Position [agent=a3, id=null, cell=Cell [x=10, y=16], time=2013-06-13 10:42:54.72, clock=1057]
Position [agent=a2, id=null, cell=Cell [x=2, y=4], time=2013-06-13 10:42:56.038, clock=1058]
Position [agent=a1, id=null, cell=Cell [x=10, y=16], time=2013-06-13 10:42:57.302, clock=1059]
Position [agent=a2, id=null, cell=Cell [x=2, y=3], time=2013-06-13 10:42:58.31, clock=1060]
Position [agent=a3, id=null, cell=Cell [x=9, y=16], time=2013-06-13 10:42:59.49, clock=1062]
Position [agent=a2, id=null, cell=Cell [x=2, y=2], time=2013-06-13 10:43:00.843, clock=1063]
Position [agent=a1, id=null, cell=Cell [x=9, y=16], time=2013-06-13 10:43:02.342, clock=1064]
Position [agent=a2, id=null, cell=Cell [x=2, y=3], time=2013-06-13 10:43:03.506, clock=1066]
Position [agent=a3, id=null, cell=Cell [x=8, y=16], time=2013-06-13 10:43:04.585, clock=1067]
Position [agent=a2, id=null, cell=Cell [x=2, y=4], time=2013-06-13 10:43:05.914, clock=1068]
Position [agent=a1, id=null, cell=Cell [x=8, y=16], time=2013-06-13 10:43:07.282, clock=1069]
Position [agent=a2, id=null, cell=Cell [x=2, y=5], time=2013-06-13 10:43:08.514, clock=1071]
Position [agent=a3, id=null, cell=Cell [x=7, y=16], time=2013-06-13 10:43:09.627, clock=1072]
Position [agent=a2, id=null, cell=Cell [x=2, y=6], time=2013-06-13 10:43:10.913, clock=1073]
Position [agent=a1, id=null, cell=Cell [x=7, y=16], time=2013-06-13 10:43:13.198, clock=1074]
Position [agent=a2, id=null, cell=Cell [x=2, y=7], time=2013-06-13 10:43:13.597, clock=1075]
Position [agent=a3, id=null, cell=Cell [x=6, y=16], time=2013-06-13 10:43:14.515, clock=1077]
Position [agent=a2, id=null, cell=Cell [x=2, y=8], time=2013-06-13 10:43:15.985, clock=1078]
Position [agent=a1, id=null, cell=Cell [x=6, y=16], time=2013-06-13 10:43:17.112, clock=1079]
Position [agent=a2, id=null, cell=Cell [x=2, y=9], time=2013-06-13 10:43:21.002, clock=1080]
Position [agent=a3, id=null, cell=Cell [x=5, y=16], time=2013-06-13 10:43:21.016, clock=1081]
Position [agent=a1, id=null, cell=Cell [x=5, y=16], time=2013-06-13 10:43:21.046, clock=1083]
Position [agent=a1, id=null, cell=Cell [x=4, y=16], time=2013-06-13 10:43:22.93, clock=1085]
Position [agent=a3, id=null, cell=Cell [x=4, y=16], time=2013-06-13 10:43:24.098, clock=1086]
Position [agent=a2, id=null, cell=Cell [x=2, y=10], time=2013-06-13 10:43:25.239, clock=1087]
Position [agent=a3, id=null, cell=Cell [x=3, y=16], time=2013-06-13 10:43:27.828, clock=1089]
Position [agent=a1, id=null, cell=Cell [x=3, y=16], time=2013-06-13 10:43:28.045, clock=1090]
Position [agent=a2, id=null, cell=Cell [x=2, y=11], time=2013-06-13 10:43:29.155, clock=1091]
Position [agent=a1, id=null, cell=Cell [x=2, y=16], time=2013-06-13 10:43:30.666, clock=1093]
Position [agent=a3, id=null, cell=Cell [x=2, y=16], time=2013-06-13 10:43:31.675, clock=1094]
Position [agent=a1, id=null, cell=Cell [x=2, y=15], time=2013-06-13 10:43:33.39, clock=1095]
Position [agent=a2, id=null, cell=Cell [x=2, y=12], time=2013-06-13 10:43:34.527, clock=1097]
Position [agent=a1, id=null, cell=Cell [x=2, y=14], time=2013-06-13 10:43:36.01, clock=1098]
Position [agent=a3, id=null, cell=Cell [x=2, y=15], time=2013-06-13 10:43:37.588, clock=1100]
Position [agent=a1, id=null, cell=Cell [x=2, y=13], time=2013-06-13 10:43:39.27, clock=1101]
Position [agent=a2, id=null, cell=Cell [x=2, y=13], time=2013-06-13 10:43:40.539, clock=1103]
Position [agent=a1, id=null, cell=Cell [x=2, y=12], time=2013-06-13 10:43:41.923, clock=1104]
Position [agent=a3, id=null, cell=Cell [x=2, y=14], time=2013-06-13 10:43:43.168, clock=1105]
Position [agent=a1, id=null, cell=Cell [x=2, y=11], time=2013-06-13 10:43:44.684, clock=1107]
Position [agent=a2, id=null, cell=Cell [x=2, y=14], time=2013-06-13 10:43:46.05, clock=1108]
Position [agent=a1, id=null, cell=Cell [x=2, y=10], time=2013-06-13 10:43:47.755, clock=1110]
Position [agent=a3, id=null, cell=Cell [x=2, y=13], time=2013-06-13 10:43:50.867, clock=1111]
Position [agent=a1, id=null, cell=Cell [x=2, y=9], time=2013-06-13 10:43:51.102, clock=1112]
Position [agent=a2, id=null, cell=Cell [x=2, y=15], time=2013-06-13 10:43:52.552, clock=1115]
Position [agent=a1, id=null, cell=Cell [x=2, y=8], time=2013-06-13 10:43:54.052, clock=1116]
Position [agent=a3, id=null, cell=Cell [x=2, y=12], time=2013-06-13 10:43:55.262, clock=1117]
Position [agent=a1, id=null, cell=Cell [x=2, y=7], time=2013-06-13 10:43:57.081, clock=1119]
Position [agent=a2, id=null, cell=Cell [x=2, y=16], time=2013-06-13 10:43:58.251, clock=1120]
Position [agent=a1, id=null, cell=Cell [x=2, y=6], time=2013-06-13 10:43:59.978, clock=1122]
Position [agent=a3, id=null, cell=Cell [x=2, y=11], time=2013-06-13 10:44:01.35, clock=1123]
Position [agent=a1, id=null, cell=Cell [x=2, y=5], time=2013-06-13 10:44:03.364, clock=1125]
Position [agent=a2, id=null, cell=Cell [x=3, y=16], time=2013-06-13 10:44:04.665, clock=1127]
Position [agent=a1, id=null, cell=Cell [x=2, y=4], time=2013-06-13 10:44:06.341, clock=1128]
Position [agent=a3, id=null, cell=Cell [x=2, y=10], time=2013-06-13 10:44:11.067, clock=1130]
Position [agent=a1, id=null, cell=Cell [x=2, y=3], time=2013-06-13 10:44:11.101, clock=1131]
Position [agent=a2, id=null, cell=Cell [x=4, y=16], time=2013-06-13 10:44:11.116, clock=1133]
Position [agent=a2, id=null, cell=Cell [x=5, y=16], time=2013-06-13 10:44:14.688, clock=1135]
Position [agent=a1, id=null, cell=Cell [x=2, y=2], time=2013-06-13 10:44:14.8, clock=1136]
Position [agent=a3, id=null, cell=Cell [x=2, y=9], time=2013-06-13 10:44:16.256, clock=1138]
Position [agent=a2, id=null, cell=Cell [x=6, y=16], time=2013-06-13 10:44:17.531, clock=1140]
Position [agent=a3, id=null, cell=Cell [x=2, y=8], time=2013-06-13 10:44:19.135, clock=1141]
Position [agent=a1, id=null, cell=Cell [x=2, y=3], time=2013-06-13 10:44:20.773, clock=1143]
Position [agent=a3, id=null, cell=Cell [x=2, y=7], time=2013-06-13 10:44:21.958, clock=1144]
Position [agent=a2, id=null, cell=Cell [x=7, y=16], time=2013-06-13 10:44:23.394, clock=1145]
Position [agent=a3, id=null, cell=Cell [x=2, y=6], time=2013-06-13 10:44:24.645, clock=1147]
Position [agent=a1, id=null, cell=Cell [x=2, y=4], time=2013-06-13 10:44:26.28, clock=1148]
Position [agent=a3, id=null, cell=Cell [x=2, y=5], time=2013-06-13 10:44:27.564, clock=1150]
Position [agent=a2, id=null, cell=Cell [x=8, y=16], time=2013-06-13 10:44:29.167, clock=1151]
Position [agent=a3, id=null, cell=Cell [x=2, y=4], time=2013-06-13 10:44:30.688, clock=1153]
Position [agent=a1, id=null, cell=Cell [x=2, y=5], time=2013-06-13 10:44:32.201, clock=1154]
Position [agent=a3, id=null, cell=Cell [x=2, y=3], time=2013-06-13 10:44:33.576, clock=1156]
Position [agent=a2, id=null, cell=Cell [x=9, y=16], time=2013-06-13 10:44:35.021, clock=1157]
Position [agent=a3, id=null, cell=Cell [x=2, y=2], time=2013-06-13 10:44:36.339, clock=1158]
Position [agent=a1, id=null, cell=Cell [x=2, y=6], time=2013-06-13 10:44:38.217, clock=1160]
Position [agent=a3, id=null, cell=Cell [x=2, y=3], time=2013-06-13 10:44:39.589, clock=1162]
Position [agent=a2, id=null, cell=Cell [x=10, y=16], time=2013-06-13 10:44:41.102, clock=1163]
Position [agent=a3, id=null, cell=Cell [x=2, y=4], time=2013-06-13 10:44:42.681, clock=1165]
Position [agent=a1, id=null, cell=Cell [x=2, y=7], time=2013-06-13 10:44:44.193, clock=1166]
Position [agent=a3, id=null, cell=Cell [x=2, y=5], time=2013-06-13 10:44:45.596, clock=1168]
Position [agent=a2, id=null, cell=Cell [x=11, y=16], time=2013-06-13 10:44:47.105, clock=1169]
Position [agent=a3, id=null, cell=Cell [x=2, y=6], time=2013-06-13 10:44:48.672, clock=1171]
Position [agent=a1, id=null, cell=Cell [x=2, y=8], time=2013-06-13 10:44:50.194, clock=1172]
Position [agent=a3, id=null, cell=Cell [x=2, y=7], time=2013-06-13 10:44:51.598, clock=1174]
Position [agent=a2, id=null, cell=Cell [x=12, y=16], time=2013-06-13 10:44:53.175, clock=1175]
Position [agent=a3, id=null, cell=Cell [x=2, y=8], time=2013-06-13 10:44:54.768, clock=1177]
Position [agent=a1, id=null, cell=Cell [x=2, y=9], time=2013-06-13 10:44:56.327, clock=1178]
Position [agent=a3, id=null, cell=Cell [x=2, y=9], time=2013-06-13 10:44:57.609, clock=1180]
Position [agent=a2, id=null, cell=Cell [x=13, y=16], time=2013-06-13 10:44:59.144, clock=1181]
Position [agent=a3, id=null, cell=Cell [x=2, y=10], time=2013-06-13 10:45:00.715, clock=1183]
Position [agent=a1, id=null, cell=Cell [x=2, y=10], time=2013-06-13 10:45:02.242, clock=1184]
Position [agent=a3, id=null, cell=Cell [x=2, y=11], time=2013-06-13 10:45:03.583, clock=1186]
Position [agent=a2, id=null, cell=Cell [x=14, y=16], time=2013-06-13 10:45:05.003, clock=1187]
Position [agent=a3, id=null, cell=Cell [x=2, y=12], time=2013-06-13 10:45:06.322, clock=1188]
Position [agent=a1, id=null, cell=Cell [x=2, y=11], time=2013-06-13 10:45:08.111, clock=1190]
Position [agent=a3, id=null, cell=Cell [x=2, y=13], time=2013-06-13 10:45:09.624, clock=1192]
Position [agent=a2, id=null, cell=Cell [x=15, y=16], time=2013-06-13 10:45:10.967, clock=1193]
Position [agent=a3, id=null, cell=Cell [x=2, y=14], time=2013-06-13 10:45:12.305, clock=1194]
Position [agent=a1, id=null, cell=Cell [x=2, y=12], time=2013-06-13 10:45:13.788, clock=1196]
Position [agent=a3, id=null, cell=Cell [x=2, y=15], time=2013-06-13 10:45:15.242, clock=1197]
Position [agent=a2, id=null, cell=Cell [x=16, y=16], time=2013-06-13 10:45:16.617, clock=1199]
Position [agent=a3, id=null, cell=Cell [x=2, y=16], time=2013-06-13 10:45:18.102, clock=1200]
Position [agent=a1, id=null, cell=Cell [x=2, y=13], time=2013-06-13 10:45:19.783, clock=1202]
Position [agent=a3, id=null, cell=Cell [x=3, y=16], time=2013-06-13 10:45:21.18, clock=1203]
Position [agent=a2, id=null, cell=Cell [x=15, y=16], time=2013-06-13 10:45:22.605, clock=1205]
Position [agent=a3, id=null, cell=Cell [x=4, y=16], time=2013-06-13 10:45:23.9, clock=1206]
Position [agent=a1, id=null, cell=Cell [x=2, y=14], time=2013-06-13 10:45:25.383, clock=1207]
Position [agent=a3, id=null, cell=Cell [x=5, y=16], time=2013-06-13 10:45:26.86, clock=1209]
Position [agent=a2, id=null, cell=Cell [x=14, y=16], time=2013-06-13 10:45:28.157, clock=1210]
Position [agent=a3, id=null, cell=Cell [x=6, y=16], time=2013-06-13 10:45:29.622, clock=1212]
Position [agent=a1, id=null, cell=Cell [x=2, y=15], time=2013-06-13 10:45:31.109, clock=1213]
Position [agent=a3, id=null, cell=Cell [x=7, y=16], time=2013-06-13 10:45:32.656, clock=1215]
Position [agent=a2, id=null, cell=Cell [x=13, y=16], time=2013-06-13 10:45:34.0, clock=1216]
Position [agent=a3, id=null, cell=Cell [x=8, y=16], time=2013-06-13 10:45:35.632, clock=1218]
Position [agent=a1, id=null, cell=Cell [x=2, y=16], time=2013-06-13 10:45:37.431, clock=1219]
Position [agent=a3, id=null, cell=Cell [x=9, y=16], time=2013-06-13 10:45:39.099, clock=1221]
Position [agent=a2, id=null, cell=Cell [x=12, y=16], time=2013-06-13 10:45:40.618, clock=1223]
Position [agent=a3, id=null, cell=Cell [x=10, y=16], time=2013-06-13 10:45:42.065, clock=1224]
Position [agent=a1, id=null, cell=Cell [x=3, y=16], time=2013-06-13 10:45:43.907, clock=1226]
Position [agent=a3, id=null, cell=Cell [x=11, y=16], time=2013-06-13 10:45:45.636, clock=1228]
Position [agent=a2, id=null, cell=Cell [x=11, y=16], time=2013-06-13 10:45:47.011, clock=1229]
Position [agent=a3, id=null, cell=Cell [x=12, y=16], time=2013-06-13 10:45:48.627, clock=1231]
Position [agent=a1, id=null, cell=Cell [x=4, y=16], time=2013-06-13 10:45:50.265, clock=1232]
Position [agent=a3, id=null, cell=Cell [x=13, y=16], time=2013-06-13 10:45:51.905, clock=1234]
Position [agent=a2, id=null, cell=Cell [x=10, y=16], time=2013-06-13 10:45:53.421, clock=1235]
Position [agent=a3, id=null, cell=Cell [x=14, y=16], time=2013-06-13 10:45:55.1, clock=1237]
Position [agent=a1, id=null, cell=Cell [x=5, y=16], time=2013-06-13 10:45:56.879, clock=1239]
Position [agent=a3, id=null, cell=Cell [x=15, y=16], time=2013-06-13 10:45:58.667, clock=1241]
Position [agent=a2, id=null, cell=Cell [x=9, y=16], time=2013-06-13 10:46:00.187, clock=1242]
Position [agent=a3, id=null, cell=Cell [x=16, y=16], time=2013-06-13 10:46:01.784, clock=1244]
Position [agent=a3, id=null, cell=Cell [x=12, y=16], time=2013-06-13 10:46:02.268, clock=1041]
Position [agent=a1, id=null, cell=Cell [x=6, y=16], time=2013-06-13 10:46:03.87, clock=1246]
Position [agent=a3, id=null, cell=Cell [x=11, y=16], time=2013-06-13 10:46:05.692, clock=1248]
Position [agent=a2, id=null, cell=Cell [x=8, y=16], time=2013-06-13 10:46:07.122, clock=1249]
Position [agent=a3, id=null, cell=Cell [x=10, y=16], time=2013-06-13 10:46:08.634, clock=1251]
Position [agent=a1, id=null, cell=Cell [x=7, y=16], time=2013-06-13 10:46:10.233, clock=1252]
Position [agent=a3, id=null, cell=Cell [x=9, y=16], time=2013-06-13 10:46:11.672, clock=1254]
Position [agent=a2, id=null, cell=Cell [x=8, y=15], time=2013-06-13 10:46:13.064, clock=1255]
Position [agent=a3, id=null, cell=Cell [x=8, y=16], time=2013-06-13 10:46:14.645, clock=1257]
Position [agent=a1, id=null, cell=Cell [x=8, y=16], time=2013-06-13 10:46:16.193, clock=1258]
Position [agent=a3, id=null, cell=Cell [x=8, y=15], time=2013-06-13 10:46:17.701, clock=1260]
Position [agent=a2, id=null, cell=Cell [x=8, y=14], time=2013-06-13 10:46:19.079, clock=1261]
Position [agent=a3, id=null, cell=Cell [x=8, y=14], time=2013-06-13 10:46:20.652, clock=1263]
Position [agent=a1, id=null, cell=Cell [x=9, y=16], time=2013-06-13 10:46:22.223, clock=1264]
Position [agent=a3, id=null, cell=Cell [x=8, y=13], time=2013-06-13 10:46:23.699, clock=1266]
Position [agent=a2, id=null, cell=Cell [x=8, y=13], time=2013-06-13 10:46:25.079, clock=1267]
Position [agent=a3, id=null, cell=Cell [x=8, y=12], time=2013-06-13 10:46:26.469, clock=1268]
Position [agent=a1, id=null, cell=Cell [x=10, y=16], time=2013-06-13 10:46:28.047, clock=1270]
Position [agent=a3, id=null, cell=Cell [x=8, y=11], time=2013-06-13 10:46:29.676, clock=1272]
Position [agent=a2, id=null, cell=Cell [x=8, y=12], time=2013-06-13 10:46:31.08, clock=1273]
Position [agent=a3, id=null, cell=Cell [x=8, y=10], time=2013-06-13 10:46:32.665, clock=1275]
Position [agent=a1, id=null, cell=Cell [x=11, y=16], time=2013-06-13 10:46:34.18, clock=1276]
Position [agent=a3, id=null, cell=Cell [x=8, y=9], time=2013-06-13 10:46:35.893, clock=1278]
Position [agent=a2, id=null, cell=Cell [x=8, y=11], time=2013-06-13 10:46:37.228, clock=1279]
Position [agent=a3, id=null, cell=Cell [x=8, y=8], time=2013-06-13 10:46:38.702, clock=1281]
Position [agent=a1, id=null, cell=Cell [x=12, y=16], time=2013-06-13 10:46:40.308, clock=1282]
Position [agent=a3, id=null, cell=Cell [x=8, y=7], time=2013-06-13 10:46:41.784, clock=1284]
Position [agent=a2, id=null, cell=Cell [x=8, y=10], time=2013-06-13 10:46:43.195, clock=1285]
Position [agent=a3, id=null, cell=Cell [x=8, y=6], time=2013-06-13 10:46:44.678, clock=1287]
Position [agent=a1, id=null, cell=Cell [x=13, y=16], time=2013-06-13 10:46:46.408, clock=1288]
Position [agent=a2, id=null, cell=Cell [x=8, y=9], time=2013-06-13 10:46:48.101, clock=1290]
Position [agent=a1, id=null, cell=Cell [x=14, y=16], time=2013-06-13 10:46:49.889, clock=1292]
Position [agent=a2, id=null, cell=Cell [x=8, y=8], time=2013-06-13 10:46:51.416, clock=1293]
Position [agent=a1, id=null, cell=Cell [x=15, y=16], time=2013-06-13 10:46:53.049, clock=1295]
Position [agent=a2, id=null, cell=Cell [x=8, y=7], time=2013-06-13 10:46:54.677, clock=1297]
Position [agent=a1, id=null, cell=Cell [x=16, y=16], time=2013-06-13 10:46:56.274, clock=1298]
Position [agent=a1, id=null, cell=Cell [x=13, y=16], time=2013-06-13 10:46:57.284, clock=1039]
Position [agent=a2, id=null, cell=Cell [x=8, y=6], time=2013-06-13 10:46:58.178, clock=1300]
Position [agent=a1, id=null, cell=Cell [x=12, y=16], time=2013-06-13 10:46:59.887, clock=1302]
Position [agent=a1, id=null, cell=Cell [x=11, y=16], time=2013-06-13 10:47:01.881, clock=1304]
Position [agent=a1, id=null, cell=Cell [x=10, y=16], time=2013-06-13 10:47:03.87, clock=1306]
Position [agent=a1, id=null, cell=Cell [x=9, y=16], time=2013-06-13 10:47:05.899, clock=1308]
-------------------------last log tuples end----------------------------------
register a1
register a2
register a3
register c1
register t1
