test2.
Service Registrar: 052cc499-efa3-4995-a9c4-d29ebfc01764
Java Space found.
TransactionManager found.
-------------------------last log tuples start--------------------------------
Time [clock=124, time=2013-06-11 13:54:04.806]
Time [clock=125, time=2013-06-11 13:54:05.808]
Time [clock=126, time=2013-06-11 13:54:06.808]
Position [agent=a1, id=null, cell=Cell [x=3, y=4], time=2013-06-11 13:52:10.24, clock=8]
Time [clock=127, time=2013-06-11 13:54:07.81]
Time [clock=128, time=2013-06-11 13:54:08.81]
Time [clock=129, time=2013-06-11 13:54:09.812]
Time [clock=130, time=2013-06-11 13:54:10.812]
Time [clock=131, time=2013-06-11 13:54:11.813]
Time [clock=132, time=2013-06-11 13:54:12.815]
Time [clock=133, time=2013-06-11 13:54:13.814]
Time [clock=134, time=2013-06-11 13:54:14.815]
Time [clock=135, time=2013-06-11 13:54:15.816]
Time [clock=136, time=2013-06-11 13:54:16.857]
Position [agent=t1, id=null, cell=Cell [x=18, y=19], time=2013-06-11 13:52:10.68, clock=9]
Time [clock=137, time=2013-06-11 13:54:17.818]
Time [clock=138, time=2013-06-11 13:54:18.818]
Time [clock=139, time=2013-06-11 13:54:19.818]
Position [agent=a3, id=null, cell=Cell [x=11, y=2], time=2013-06-11 13:52:10.828, clock=9]
Time [clock=140, time=2013-06-11 13:54:20.819]
Time [clock=141, time=2013-06-11 13:54:21.821]
Time [clock=142, time=2013-06-11 13:54:22.821]
Position [agent=a2, id=null, cell=Cell [x=7, y=19], time=2013-06-11 13:52:11.041, clock=10]
Time [clock=143, time=2013-06-11 13:54:23.821]
Time [clock=144, time=2013-06-11 13:54:24.821]
Time [clock=145, time=2013-06-11 13:54:25.822]
Time [clock=146, time=2013-06-11 13:54:26.829]
Position [agent=a2, id=null, cell=Cell [x=6, y=19], time=2013-06-11 13:52:11.674, clock=10]
Time [clock=147, time=2013-06-11 13:54:27.824]
Time [clock=148, time=2013-06-11 13:54:28.824]
Time [clock=149, time=2013-06-11 13:54:29.825]
Time [clock=150, time=2013-06-11 13:54:30.835]
Time [clock=151, time=2013-06-11 13:54:31.832]
Time [clock=152, time=2013-06-11 13:54:32.874]
Time [clock=153, time=2013-06-11 13:54:33.833]
Time [clock=154, time=2013-06-11 13:54:34.832]
Time [clock=155, time=2013-06-11 13:54:35.872]
Time [clock=156, time=2013-06-11 13:54:36.835]
Time [clock=157, time=2013-06-11 13:54:37.838]
Time [clock=158, time=2013-06-11 13:54:38.837]
Time [clock=159, time=2013-06-11 13:54:39.837]
Time [clock=160, time=2013-06-11 13:54:40.838]
Time [clock=161, time=2013-06-11 13:54:41.84]
Time [clock=162, time=2013-06-11 13:54:42.842]
Time [clock=163, time=2013-06-11 13:54:43.843]
Time [clock=164, time=2013-06-11 13:54:44.844]
Time [clock=165, time=2013-06-11 13:54:45.844]
Time [clock=166, time=2013-06-11 13:54:46.843]
Time [clock=167, time=2013-06-11 13:54:47.844]
Time [clock=168, time=2013-06-11 13:54:48.849]
Time [clock=169, time=2013-06-11 13:54:49.888]
Time [clock=170, time=2013-06-11 13:54:50.849]
Position [agent=a3, id=null, cell=Cell [x=11, y=3], time=2013-06-11 13:52:12.117, clock=11]
Time [clock=171, time=2013-06-11 13:54:51.85]
Time [clock=172, time=2013-06-11 13:54:52.85]
Time [clock=173, time=2013-06-11 13:54:53.851]
Time [clock=174, time=2013-06-11 13:54:54.852]
Time [clock=175, time=2013-06-11 13:54:55.853]
Time [clock=176, time=2013-06-11 13:54:56.853]
Time [clock=177, time=2013-06-11 13:54:57.854]
Time [clock=178, time=2013-06-11 13:54:58.854]
Time [clock=179, time=2013-06-11 13:54:59.855]
Time [clock=180, time=2013-06-11 13:55:00.856]
Time [clock=181, time=2013-06-11 13:55:01.858]
Position [agent=t1, id=null, cell=Cell [x=17, y=19], time=2013-06-11 13:52:12.344, clock=11]
Time [clock=182, time=2013-06-11 13:55:02.858]
Time [clock=183, time=2013-06-11 13:55:03.86]
Time [clock=184, time=2013-06-11 13:55:04.899]
Time [clock=185, time=2013-06-11 13:55:05.86]
Time [clock=186, time=2013-06-11 13:55:06.861]
Time [clock=187, time=2013-06-11 13:55:07.862]
Time [clock=188, time=2013-06-11 13:55:08.861]
Time [clock=189, time=2013-06-11 13:55:09.861]
Time [clock=190, time=2013-06-11 13:55:10.865]
Time [clock=191, time=2013-06-11 13:55:11.861]
Time [clock=192, time=2013-06-11 13:55:12.863]
Position [agent=a1, id=null, cell=Cell [x=3, y=5], time=2013-06-11 13:52:13.167, clock=11]
Time [clock=193, time=2013-06-11 13:55:13.864]
Time [clock=194, time=2013-06-11 13:55:14.864]
Time [clock=195, time=2013-06-11 13:55:15.865]
Position [agent=t1, id=null, cell=Cell [x=16, y=19], time=2013-06-11 13:52:13.411, clock=11]
Time [clock=196, time=2013-06-11 13:55:16.866]
Time [clock=197, time=2013-06-11 13:55:17.869]
Time [clock=198, time=2013-06-11 13:55:18.867]
Time [clock=199, time=2013-06-11 13:55:19.91]
Time [clock=200, time=2013-06-11 13:55:20.868]
Time [clock=201, time=2013-06-11 13:55:21.869]
Time [clock=202, time=2013-06-11 13:55:22.87]
Time [clock=203, time=2013-06-11 13:55:23.871]
Position [agent=a3, id=null, cell=Cell [x=11, y=4], time=2013-06-11 13:52:13.593, clock=12]
Time [clock=204, time=2013-06-11 13:55:24.87]
Time [clock=205, time=2013-06-11 13:55:25.875]
Time [clock=206, time=2013-06-11 13:55:26.876]
Time [clock=207, time=2013-06-11 13:55:27.877]
Time [clock=208, time=2013-06-11 13:55:28.878]
Position [agent=a2, id=null, cell=Cell [x=5, y=19], time=2013-06-11 13:52:13.684, clock=12]
Position [agent=a1, id=null, cell=Cell [x=4, y=5], time=2013-06-11 13:52:14.334, clock=13]
Time [clock=209, time=2013-06-11 13:55:29.881]
Time [clock=210, time=2013-06-11 13:55:30.88]
Time [clock=211, time=2013-06-11 13:55:31.88]
Time [clock=212, time=2013-06-11 13:55:32.881]
Time [clock=213, time=2013-06-11 13:55:33.883]
Time [clock=214, time=2013-06-11 13:55:34.927]
Time [clock=215, time=2013-06-11 13:55:35.888]
Time [clock=216, time=2013-06-11 13:55:36.884]
Time [clock=217, time=2013-06-11 13:55:37.89]
Time [clock=218, time=2013-06-11 13:55:38.886]
Time [clock=219, time=2013-06-11 13:55:39.887]
Time [clock=220, time=2013-06-11 13:55:40.891]
Time [clock=221, time=2013-06-11 13:55:41.891]
Time [clock=222, time=2013-06-11 13:55:42.891]
Time [clock=223, time=2013-06-11 13:55:43.893]
Time [clock=224, time=2013-06-11 13:55:44.892]
Time [clock=225, time=2013-06-11 13:55:45.895]
Time [clock=226, time=2013-06-11 13:55:46.896]
Time [clock=227, time=2013-06-11 13:55:47.896]
Time [clock=228, time=2013-06-11 13:55:48.896]
Time [clock=229, time=2013-06-11 13:55:49.944]
Time [clock=230, time=2013-06-11 13:55:50.899]
Time [clock=231, time=2013-06-11 13:55:51.901]
Time [clock=232, time=2013-06-11 13:55:52.902]
Time [clock=233, time=2013-06-11 13:55:53.904]
Time [clock=234, time=2013-06-11 13:55:54.904]
Time [clock=235, time=2013-06-11 13:55:55.905]
Time [clock=236, time=2013-06-11 13:55:56.906]
Time [clock=237, time=2013-06-11 13:55:57.906]
Position [agent=a2, id=null, cell=Cell [x=4, y=19], time=2013-06-11 13:52:14.655, clock=13]
Time [clock=238, time=2013-06-11 13:55:58.908]
Time [clock=239, time=2013-06-11 13:55:59.908]
Time [clock=240, time=2013-06-11 13:56:00.91]
Time [clock=241, time=2013-06-11 13:56:01.911]
Position [agent=a3, id=null, cell=Cell [x=11, y=5], time=2013-06-11 13:52:14.857, clock=13]
Time [clock=242, time=2013-06-11 13:56:02.912]
Position [agent=t1, id=null, cell=Cell [x=15, y=19], time=2013-06-11 13:52:14.94, clock=13]
Time [clock=243, time=2013-06-11 13:56:03.913]
Time [clock=244, time=2013-06-11 13:56:04.955]
Time [clock=245, time=2013-06-11 13:56:05.914]
Time [clock=246, time=2013-06-11 13:56:06.916]
Time [clock=247, time=2013-06-11 13:56:07.916]
Time [clock=248, time=2013-06-11 13:56:08.917]
Time [clock=249, time=2013-06-11 13:56:09.92]
Position [agent=a1, id=null, cell=Cell [x=5, y=5], time=2013-06-11 13:52:15.475, clock=14]
Time [clock=250, time=2013-06-11 13:56:10.919]
Time [clock=251, time=2013-06-11 13:56:11.921]
Time [clock=252, time=2013-06-11 13:56:12.922]
Time [clock=253, time=2013-06-11 13:56:13.923]
Time [clock=254, time=2013-06-11 13:56:14.923]
Time [clock=255, time=2013-06-11 13:56:15.963]
Time [clock=256, time=2013-06-11 13:56:16.925]
Time [clock=257, time=2013-06-11 13:56:17.927]
Time [clock=258, time=2013-06-11 13:56:18.928]
Time [clock=259, time=2013-06-11 13:56:19.928]
Time [clock=260, time=2013-06-11 13:56:20.968]
Time [clock=261, time=2013-06-11 13:56:21.932]
Time [clock=262, time=2013-06-11 13:56:22.932]
Time [clock=263, time=2013-06-11 13:56:23.932]
Time [clock=264, time=2013-06-11 13:56:24.933]
Position [agent=a3, id=null, cell=Cell [x=11, y=6], time=2013-06-11 13:52:15.835, clock=14]
Position [agent=a2, id=null, cell=Cell [x=3, y=19], time=2013-06-11 13:52:16.205, clock=14]
Time [clock=265, time=2013-06-11 13:56:25.933]
Position [agent=t1, id=null, cell=Cell [x=14, y=19], time=2013-06-11 13:52:16.692, clock=15]
Time [clock=266, time=2013-06-11 13:56:26.974]
Time [clock=267, time=2013-06-11 13:56:27.937]
Position [agent=a3, id=null, cell=Cell [x=11, y=7], time=2013-06-11 13:52:17.158, clock=15]
Time [clock=268, time=2013-06-11 13:56:28.937]
Time [clock=269, time=2013-06-11 13:56:29.938]
Position [agent=a2, id=null, cell=Cell [x=3, y=18], time=2013-06-11 13:52:17.312, clock=16]
Time [clock=270, time=2013-06-11 13:56:30.938]
Time [clock=271, time=2013-06-11 13:56:31.939]
Time [clock=272, time=2013-06-11 13:56:32.94]
Time [clock=273, time=2013-06-11 13:56:33.942]
Time [clock=274, time=2013-06-11 13:56:34.942]
Time [clock=275, time=2013-06-11 13:56:35.942]
Time [clock=276, time=2013-06-11 13:56:36.944]
Time [clock=277, time=2013-06-11 13:56:37.944]
Time [clock=278, time=2013-06-11 13:56:38.946]
Time [clock=279, time=2013-06-11 13:56:39.949]
Time [clock=280, time=2013-06-11 13:56:40.953]
Time [clock=281, time=2013-06-11 13:56:41.949]
Time [clock=282, time=2013-06-11 13:56:42.951]
Time [clock=283, time=2013-06-11 13:56:43.952]
Time [clock=284, time=2013-06-11 13:56:44.954]
Time [clock=285, time=2013-06-11 13:56:45.954]
Time [clock=286, time=2013-06-11 13:56:46.957]
Time [clock=287, time=2013-06-11 13:56:47.955]
Time [clock=288, time=2013-06-11 13:56:48.954]
Time [clock=289, time=2013-06-11 13:56:49.954]
Time [clock=290, time=2013-06-11 13:56:50.954]
Time [clock=291, time=2013-06-11 13:56:51.957]
Time [clock=292, time=2013-06-11 13:56:52.961]
Time [clock=293, time=2013-06-11 13:56:53.958]
Time [clock=294, time=2013-06-11 13:56:54.959]
Time [clock=295, time=2013-06-11 13:56:55.96]
Time [clock=296, time=2013-06-11 13:56:56.961]
Time [clock=297, time=2013-06-11 13:56:57.961]
Time [clock=298, time=2013-06-11 13:56:58.962]
Time [clock=299, time=2013-06-11 13:56:59.962]
Time [clock=300, time=2013-06-11 13:57:00.963]
Time [clock=301, time=2013-06-11 13:57:01.963]
Time [clock=302, time=2013-06-11 13:57:02.965]
Time [clock=303, time=2013-06-11 13:57:03.964]
Time [clock=304, time=2013-06-11 13:57:04.966]
Time [clock=305, time=2013-06-11 13:57:05.966]
Position [agent=t1, id=null, cell=Cell [x=13, y=19], time=2013-06-11 13:52:17.461, clock=16]
Time [clock=306, time=2013-06-11 13:57:06.969]
Time [clock=307, time=2013-06-11 13:57:07.967]
Time [clock=308, time=2013-06-11 13:57:08.968]
Time [clock=309, time=2013-06-11 13:57:09.968]
Time [clock=310, time=2013-06-11 13:57:10.968]
Time [clock=311, time=2013-06-11 13:57:11.969]
Time [clock=312, time=2013-06-11 13:57:12.97]
Time [clock=313, time=2013-06-11 13:57:13.972]
Position [agent=a2, id=null, cell=Cell [x=3, y=17], time=2013-06-11 13:52:18.047, clock=17]
Time [clock=314, time=2013-06-11 13:57:14.969]
Time [clock=315, time=2013-06-11 13:57:15.971]
Position [agent=a3, id=null, cell=Cell [x=11, y=8], time=2013-06-11 13:52:18.272, clock=17]
Time [clock=316, time=2013-06-11 13:57:16.971]
Time [clock=317, time=2013-06-11 13:57:17.973]
Position [agent=a1, id=null, cell=Cell [x=5, y=6], time=2013-06-11 13:52:18.801, clock=17]
Time [clock=318, time=2013-06-11 13:57:18.974]
Time [clock=319, time=2013-06-11 13:57:20.014]
Time [clock=320, time=2013-06-11 13:57:20.977]
Time [clock=321, time=2013-06-11 13:57:21.976]
Time [clock=322, time=2013-06-11 13:57:22.977]
Time [clock=323, time=2013-06-11 13:57:23.977]
Time [clock=324, time=2013-06-11 13:57:24.977]
Time [clock=325, time=2013-06-11 13:57:25.979]
Position [agent=a3, id=null, cell=Cell [x=11, y=9], time=2013-06-11 13:52:19.142, clock=17]
Position [agent=a2, id=null, cell=Cell [x=3, y=16], time=2013-06-11 13:52:19.34, clock=18]
ActionRequest [id=null, agent=a2, type=reading, cell=Cell [x=8, y=19], clock=null, time=2013-06-11 13:52:08.424]
Position [agent=t1, id=null, cell=Cell [x=12, y=19], time=2013-06-11 13:52:19.431, clock=18]
Obligation [agent=a1, obligation=[makeReading(2, 2)], sanction=[reduce_400(a1)], deadline=58, time=2013-06-11 13:52:11.75, clock=0]
Prohibition [agent=t1, prohibition=[at(5, 5, t1)], sanction=[reduce_300(t1)], clock=0, time=2013-06-11 13:52:16.326]
Obligation [agent=a2, obligation=[makeReading(8, 6)], sanction=[reduce_400(a2)], deadline=58, time=2013-06-11 13:52:13.333, clock=0]
Position [agent=a3, id=null, cell=Cell [x=11, y=10], time=2013-06-11 13:52:19.747, clock=18]
ActionRequest [id=null, agent=a3, type=reading, cell=Cell [x=11, y=1], clock=null, time=2013-06-11 13:52:08.424]
Coin [id=null, cell=Cell [x=8, y=6], agent=a1, time=2013-06-11 10:54:59.875, clock=11]
Position [agent=a1, id=null, cell=Cell [x=5, y=7], time=2013-06-11 13:52:20.269, clock=19]
Prohibition [agent=t1, prohibition=[at(5, 6, t1)], sanction=[reduce_300(t1)], clock=0, time=2013-06-11 13:52:16.328]
ActionRequest [id=null, agent=a1, type=reading, cell=Cell [x=5, y=5], clock=null, time=2013-06-11 13:52:16.069]
Position [agent=a3, id=null, cell=Cell [x=11, y=11], time=2013-06-11 13:52:20.665, clock=19]
Coin [id=null, cell=Cell [x=16, y=6], agent=a2, time=2013-06-11 10:55:00.157, clock=12]
Obligation [agent=a2, obligation=[makeReading(16, 16)], sanction=[reduce_400(a2)], deadline=58, time=2013-06-11 13:52:13.543, clock=0]
Position [agent=t1, id=null, cell=Cell [x=11, y=19], time=2013-06-11 13:52:20.815, clock=19]
Position [agent=a2, id=null, cell=Cell [x=3, y=15], time=2013-06-11 13:52:20.919, clock=19]
Position [agent=a1, id=null, cell=Cell [x=5, y=8], time=2013-06-11 13:52:21.445, clock=20]
ActionRequest [id=null, agent=a2, type=reading, cell=Cell [x=2, y=2], clock=null, time=2013-06-11 13:53:13.976]
Coin [id=null, cell=Cell [x=3, y=9], agent=a3, time=2013-06-11 10:55:00.36, clock=13]
Obligation [agent=a2, obligation=[makeReading(2, 2)], sanction=[reduce_400(a2)], deadline=58, time=2013-06-11 13:52:14.785, clock=0]
Cargo [id=null, cell=Cell [x=19, y=19], time=2013-06-11 13:52:10.557, clock=8]
Position [agent=a2, id=null, cell=Cell [x=3, y=14], time=2013-06-11 13:52:21.838, clock=20]
Position [agent=t1, id=null, cell=Cell [x=10, y=19], time=2013-06-11 13:52:21.945, clock=20]
ActionRequest [id=null, agent=a1, type=reading, cell=Cell [x=16, y=16], clock=null, time=2013-06-11 13:53:25.283]
Obligation [agent=a3, obligation=[makeReading(8, 6)], sanction=[reduce_400(a3)], deadline=58, time=2013-06-11 13:52:15.678, clock=0]
Obligation [agent=a3, obligation=[makeReading(16, 16)], sanction=[reduce_400(a3)], deadline=58, time=2013-06-11 13:52:16.113, clock=0]
ActionRequest [id=null, agent=a1, type=reading, cell=Cell [x=8, y=6], clock=null, time=2013-06-11 13:53:43.31]
ActionRequest [id=null, agent=a3, type=reading, cell=Cell [x=2, y=2], clock=null, time=2013-06-11 13:53:55.609]
Position [agent=a3, id=null, cell=Cell [x=11, y=12], time=2013-06-11 13:52:22.151, clock=21]
Obligation [agent=a3, obligation=[makeReading(2, 2)], sanction=[reduce_400(a3)], deadline=58, time=2013-06-11 13:52:16.323, clock=0]
Position [agent=a2, id=null, cell=Cell [x=3, y=13], time=2013-06-11 13:52:22.399, clock=21]
ActionRequest [id=null, agent=a2, type=reading, cell=Cell [x=16, y=16], clock=null, time=2013-06-11 13:53:58.275]
ActionRequest [id=null, agent=a1, type=reading, cell=Cell [x=2, y=2], clock=null, time=2013-06-11 13:54:00.191]
Coin [id=null, cell=Cell [x=8, y=6], agent=a1, time=2013-06-11 13:52:11.349, clock=7]
ActionRequest [id=null, agent=a2, type=reading, cell=Cell [x=8, y=6], clock=null, time=2013-06-11 13:54:17.985]
Prohibition [agent=t1, prohibition=[at(6, 5, t1)], sanction=[reduce_300(t1)], clock=0, time=2013-06-11 13:52:16.33]
ActionRequest [id=null, agent=a3, type=reading, cell=Cell [x=16, y=16], clock=null, time=2013-06-11 13:54:22.791]
Obligation [agent=a1, obligation=[makeReading(8, 6)], sanction=[reduce_400(a1)], deadline=58, time=2013-06-11 13:52:42.256, clock=0]
Obligation [agent=a1, obligation=[makeReading(16, 16)], sanction=[reduce_400(a1)], deadline=58, time=2013-06-11 13:52:42.5, clock=0]
ActionRequest [id=null, agent=a3, type=reading, cell=Cell [x=8, y=6], clock=null, time=2013-06-11 13:54:35.543]
Obligation [agent=a1, obligation=[makeReading(8, 6)], sanction=[reduce_400(a1)], deadline=116, time=2013-06-11 13:53:07.513, clock=0]
Obligation [agent=a1, obligation=[makeReading(16, 16)], sanction=[reduce_400(a1)], deadline=116, time=2013-06-11 13:53:07.719, clock=0]
Prohibition [agent=t1, prohibition=[at(6, 6, t1)], sanction=[reduce_300(t1)], clock=0, time=2013-06-11 13:52:16.332]
ActionRequest [id=null, agent=a1, type=reading, cell=Cell [x=2, y=2], clock=null, time=2013-06-11 13:54:37.396]
Coin [id=null, cell=Cell [x=16, y=16], agent=a2, time=2013-06-11 13:52:11.383, clock=8]
Obligation [agent=a1, obligation=[makeReading(2, 2)], sanction=[reduce_400(a1)], deadline=116, time=2013-06-11 13:53:07.927, clock=0]
ActionRequest [id=null, agent=a2, type=reading, cell=Cell [x=2, y=2], clock=null, time=2013-06-11 13:54:51.376]
Reading [id=null, agent=a3, cell=Cell [x=11, y=1], time=2013-06-11 13:52:08.802, value=0.0, clock=8]
Obligation [agent=a2, obligation=[makeReading(8, 6)], sanction=[reduce_400(a2)], deadline=116, time=2013-06-11 13:53:08.135, clock=0]
ActionRequest [id=null, agent=a3, type=reading, cell=Cell [x=2, y=2], clock=null, time=2013-06-11 13:54:52.698]
Position [agent=a1, id=null, cell=Cell [x=5, y=9], time=2013-06-11 13:52:22.925, clock=21]
ActionRequest [id=null, agent=a1, type=reading, cell=Cell [x=16, y=16], clock=null, time=2013-06-11 13:55:19.007]
ActionRequest [id=null, agent=a2, type=reading, cell=Cell [x=16, y=16], clock=null, time=2013-06-11 13:55:27.993]
Coin [id=null, cell=Cell [x=2, y=2], agent=a3, time=2013-06-11 13:52:11.415, clock=10]
Obligation [agent=a2, obligation=[makeReading(16, 16)], sanction=[reduce_400(a2)], deadline=116, time=2013-06-11 13:53:08.619, clock=0]
ActionRequest [id=null, agent=a3, type=reading, cell=Cell [x=16, y=16], clock=null, time=2013-06-11 13:55:31.453]
Position [agent=a2, id=null, cell=Cell [x=3, y=12], time=2013-06-11 13:52:23.302, clock=22]
ActionRequest [id=null, agent=a1, type=reading, cell=Cell [x=8, y=6], clock=null, time=2013-06-11 13:55:47.726]
Position [agent=a3, id=null, cell=Cell [x=11, y=13], time=2013-06-11 13:52:23.424, clock=22]
Prohibition [agent=c1, prohibition=[coin(5, 5, a1)], sanction=[reduce_300(c1)], clock=0, time=2013-06-11 13:52:16.78]
Obligation [agent=a2, obligation=[makeReading(2, 2)], sanction=[reduce_400(a2)], deadline=116, time=2013-06-11 13:53:08.828, clock=0]
ActionRequest [id=null, agent=a2, type=reading, cell=Cell [x=8, y=6], clock=null, time=2013-06-11 13:55:54.397]
ActionRequest [id=null, agent=a3, type=reading, cell=Cell [x=8, y=6], clock=null, time=2013-06-11 13:55:59.073]
Obligation [agent=a3, obligation=[makeReading(8, 6)], sanction=[reduce_400(a3)], deadline=116, time=2013-06-11 13:53:09.303, clock=0]
Prohibition [agent=c1, prohibition=[coin(5, 6, a1)], sanction=[reduce_300(c1)], clock=0, time=2013-06-11 13:52:16.781]
Position [agent=t1, id=null, cell=Cell [x=9, y=19], time=2013-06-11 13:52:23.596, clock=22]
Prohibition [agent=c1, prohibition=[coin(6, 5, a1)], sanction=[reduce_300(c1)], clock=0, time=2013-06-11 13:52:16.784]
ActionRequest [id=null, agent=a1, type=reading, cell=Cell [x=2, y=2], clock=null, time=2013-06-11 13:56:31.603]
ActionRequest [id=null, agent=a2, type=reading, cell=Cell [x=2, y=2], clock=null, time=2013-06-11 13:56:32.475]
Obligation [agent=a3, obligation=[makeReading(16, 16)], sanction=[reduce_400(a3)], deadline=116, time=2013-06-11 13:53:09.51, clock=0]
Obligation [agent=a3, obligation=[makeReading(2, 2)], sanction=[reduce_400(a3)], deadline=116, time=2013-06-11 13:53:10.432, clock=0]
Position [agent=a1, id=null, cell=Cell [x=5, y=10], time=2013-06-11 13:52:24.127, clock=22]
Obligation [agent=a1, obligation=[makeReading(8, 6)], sanction=[reduce_400(a1)], deadline=200, time=2013-06-11 13:54:32.016, clock=0]
Prohibition [agent=c1, prohibition=[coin(6, 6, a1)], sanction=[reduce_300(c1)], clock=0, time=2013-06-11 13:52:16.787]
ActionRequest [id=null, agent=a3, type=reading, cell=Cell [x=2, y=2], clock=null, time=2013-06-11 13:56:35.257]
ActionRequest [id=null, agent=a2, type=reading, cell=Cell [x=16, y=16], clock=null, time=2013-06-11 13:57:06.003]
Reading [id=null, agent=a2, cell=Cell [x=8, y=19], time=2013-06-11 13:52:08.826, value=0.0, clock=8]
Position [agent=t1, id=null, cell=Cell [x=8, y=19], time=2013-06-11 13:52:24.512, clock=23]
Position [agent=a3, id=null, cell=Cell [x=11, y=14], time=2013-06-11 13:52:24.665, clock=23]
Obligation [agent=a1, obligation=[makeReading(16, 16)], sanction=[reduce_400(a1)], deadline=200, time=2013-06-11 13:54:32.225, clock=0]
Obligation [agent=a1, obligation=[makeReading(2, 2)], sanction=[reduce_400(a1)], deadline=200, time=2013-06-11 13:54:32.432, clock=0]
Prohibition [agent=c1, prohibition=[coin(5, 5, a2)], sanction=[reduce_300(c1)], clock=0, time=2013-06-11 13:52:16.789]
Position [agent=a2, id=null, cell=Cell [x=3, y=11], time=2013-06-11 13:52:24.826, clock=23]
Position [agent=a1, id=null, cell=Cell [x=6, y=10], time=2013-06-11 13:52:25.267, clock=24]
Prohibition [agent=c1, prohibition=[coin(5, 6, a2)], sanction=[reduce_300(c1)], clock=0, time=2013-06-11 13:52:16.79]
Reading [id=null, agent=a1, cell=Cell [x=5, y=5], time=2013-06-11 13:53:10.356, value=0.0, clock=69]
Position [agent=a2, id=null, cell=Cell [x=3, y=10], time=2013-06-11 13:52:25.707, clock=24]
Position [agent=a3, id=null, cell=Cell [x=11, y=15], time=2013-06-11 13:52:25.871, clock=24]
Position [agent=t1, id=null, cell=Cell [x=7, y=19], time=2013-06-11 13:52:26.077, clock=25]
Reading [id=null, agent=a2, cell=Cell [x=2, y=2], time=2013-06-11 13:54:34.15, value=0.0, clock=153]
Reading [id=null, agent=a2, cell=Cell [x=16, y=16], time=2013-06-11 13:54:34.172, value=0.0, clock=153]
Obligation [agent=a2, obligation=[makeReading(8, 6)], sanction=[reduce_400(a2)], deadline=200, time=2013-06-11 13:54:32.979, clock=0]
Obligation [agent=a2, obligation=[makeReading(16, 16)], sanction=[reduce_400(a2)], deadline=200, time=2013-06-11 13:54:33.187, clock=0]
Position [agent=a2, id=null, cell=Cell [x=3, y=9], time=2013-06-11 13:52:26.324, clock=25]
Position [agent=a1, id=null, cell=Cell [x=7, y=10], time=2013-06-11 13:52:26.784, clock=25]
Position [agent=a2, id=null, cell=Cell [x=3, y=8], time=2013-06-11 13:52:27.13, clock=26]
Position [agent=t1, id=null, cell=Cell [x=6, y=19], time=2013-06-11 13:52:27.323, clock=26]
Reading [id=null, agent=a2, cell=Cell [x=8, y=6], time=2013-06-11 13:54:34.195, value=0.0, clock=153]
Obligation [agent=a2, obligation=[makeReading(2, 2)], sanction=[reduce_400(a2)], deadline=200, time=2013-06-11 13:54:33.398, clock=0]
Obligation [agent=a3, obligation=[makeReading(8, 6)], sanction=[reduce_400(a3)], deadline=200, time=2013-06-11 13:54:33.998, clock=0]
Prohibition [agent=c1, prohibition=[coin(6, 5, a2)], sanction=[reduce_300(c1)], clock=0, time=2013-06-11 13:52:16.797]
Obligation [agent=a3, obligation=[makeReading(16, 16)], sanction=[reduce_400(a3)], deadline=200, time=2013-06-11 13:54:34.205, clock=0]
Position [agent=a3, id=null, cell=Cell [x=11, y=16], time=2013-06-11 13:52:27.55, clock=26]
Position [agent=a2, id=null, cell=Cell [x=3, y=7], time=2013-06-11 13:52:27.776, clock=26]
Obligation [agent=a3, obligation=[makeReading(2, 2)], sanction=[reduce_400(a3)], deadline=200, time=2013-06-11 13:54:34.76, clock=0]
Position [agent=a1, id=null, cell=Cell [x=8, y=10], time=2013-06-11 13:52:28.293, clock=27]
Position [agent=a2, id=null, cell=Cell [x=3, y=6], time=2013-06-11 13:52:28.663, clock=27]
Obligation [agent=a1, obligation=[makeReading(8, 6)], sanction=[reduce_400(a1)], deadline=302, time=2013-06-11 13:56:13.756, clock=0]
Obligation [agent=a1, obligation=[makeReading(16, 16)], sanction=[reduce_400(a1)], deadline=302, time=2013-06-11 13:56:13.963, clock=0]
Position [agent=a3, id=null, cell=Cell [x=11, y=17], time=2013-06-11 13:52:28.846, clock=27]
Position [agent=t1, id=null, cell=Cell [x=5, y=19], time=2013-06-11 13:52:29.098, clock=28]
Obligation [agent=a1, obligation=[makeReading(2, 2)], sanction=[reduce_400(a1)], deadline=302, time=2013-06-11 13:56:14.168, clock=0]
Position [agent=a1, id=null, cell=Cell [x=9, y=10], time=2013-06-11 13:52:29.567, clock=28]
Reading [id=null, agent=a1, cell=Cell [x=16, y=16], time=2013-06-11 13:54:34.872, value=0.0, clock=154]
Obligation [agent=a2, obligation=[makeReading(8, 6)], sanction=[reduce_400(a2)], deadline=302, time=2013-06-11 13:56:14.374, clock=0]
Reading [id=null, agent=a1, cell=Cell [x=8, y=6], time=2013-06-11 13:54:34.895, value=0.0, clock=154]
Prohibition [agent=c1, prohibition=[coin(6, 6, a2)], sanction=[reduce_300(c1)], clock=0, time=2013-06-11 13:52:16.802]
Position [agent=t1, id=null, cell=Cell [x=4, y=19], time=2013-06-11 13:52:30.001, clock=28]
Position [agent=a3, id=null, cell=Cell [x=11, y=18], time=2013-06-11 13:52:30.121, clock=29]
Position [agent=a1, id=null, cell=Cell [x=10, y=10], time=2013-06-11 13:52:30.534, clock=29]
Position [agent=a3, id=null, cell=Cell [x=11, y=19], time=2013-06-11 13:52:31.08, clock=29]
Prohibition [agent=c1, prohibition=[coin(5, 5, a3)], sanction=[reduce_300(c1)], clock=0, time=2013-06-11 13:52:16.805]
Prohibition [agent=c1, prohibition=[coin(5, 6, a3)], sanction=[reduce_300(c1)], clock=0, time=2013-06-11 13:52:16.813]
Obligation [agent=a2, obligation=[makeReading(16, 16)], sanction=[reduce_400(a2)], deadline=302, time=2013-06-11 13:56:14.579, clock=0]
Prohibition [agent=c1, prohibition=[coin(6, 5, a3)], sanction=[reduce_300(c1)], clock=0, time=2013-06-11 13:52:16.817]
Reading [id=null, agent=a1, cell=Cell [x=2, y=2], time=2013-06-11 13:54:34.916, value=0.0, clock=154]
Reading [id=null, agent=a3, cell=Cell [x=2, y=2], time=2013-06-11 13:54:35.547, value=0.0, clock=154]
Position [agent=t1, id=null, cell=Cell [x=3, y=19], time=2013-06-11 13:52:31.213, clock=30]
Position [agent=t1, id=null, cell=Cell [x=2, y=19], time=2013-06-11 13:52:31.704, clock=30]
Prohibition [agent=c1, prohibition=[coin(6, 6, a3)], sanction=[reduce_300(c1)], clock=0, time=2013-06-11 13:52:16.82]
Prohibition [agent=a2, prohibition=[makeReading(8, 19, a2)], sanction=[reduce_300(a2)], clock=0, time=2013-06-11 13:52:19.371]
Obligation [agent=a2, obligation=[makeReading(2, 2)], sanction=[reduce_400(a2)], deadline=302, time=2013-06-11 13:56:14.786, clock=0]
Obligation [agent=a3, obligation=[makeReading(8, 6)], sanction=[reduce_400(a3)], deadline=302, time=2013-06-11 13:56:14.992, clock=0]
Reading [id=null, agent=a3, cell=Cell [x=16, y=16], time=2013-06-11 13:54:35.569, value=0.0, clock=154]
Position [agent=a3, id=null, cell=Cell [x=12, y=19], time=2013-06-11 13:52:32.053, clock=31]
Reading [id=null, agent=a3, cell=Cell [x=8, y=6], time=2013-06-11 13:54:36.904, value=0.0, clock=156]
Reading [id=null, agent=a1, cell=Cell [x=2, y=2], time=2013-06-11 13:56:13.948, value=0.0, clock=253]
Position [agent=t1, id=null, cell=Cell [x=2, y=18], time=2013-06-11 13:52:32.272, clock=31]
Reading [id=null, agent=a1, cell=Cell [x=16, y=16], time=2013-06-11 13:56:13.97, value=0.0, clock=253]
Position [agent=t1, id=null, cell=Cell [x=2, y=17], time=2013-06-11 13:52:32.75, clock=31]
Obligation [agent=a3, obligation=[makeReading(16, 16)], sanction=[reduce_400(a3)], deadline=302, time=2013-06-11 13:56:15.197, clock=0]
Position [agent=a3, id=null, cell=Cell [x=13, y=19], time=2013-06-11 13:52:33.04, clock=32]
Position [agent=t1, id=null, cell=Cell [x=2, y=16], time=2013-06-11 13:52:33.29, clock=32]
Reading [id=null, agent=a1, cell=Cell [x=8, y=6], time=2013-06-11 13:56:13.992, value=0.0, clock=253]
Prohibition [agent=a3, prohibition=[makeReading(11, 1, a3)], sanction=[reduce_300(a3)], clock=0, time=2013-06-11 13:52:20.813]
Position [agent=t1, id=null, cell=Cell [x=2, y=15], time=2013-06-11 13:52:33.769, clock=32]
Reading [id=null, agent=a2, cell=Cell [x=2, y=2], time=2013-06-11 13:56:16.991, value=0.0, clock=256]
Prohibition [agent=a1, prohibition=[at(5, 5, a1)], sanction=[reduce_300(a1)], clock=0, time=2013-06-11 13:52:20.815]
Obligation [agent=a3, obligation=[makeReading(2, 2)], sanction=[reduce_400(a3)], deadline=302, time=2013-06-11 13:56:15.402, clock=0]
Position [agent=a3, id=null, cell=Cell [x=14, y=19], time=2013-06-11 13:52:34.108, clock=33]
Reading [id=null, agent=a2, cell=Cell [x=16, y=16], time=2013-06-11 13:56:17.011, value=0.0, clock=256]
Position [agent=t1, id=null, cell=Cell [x=2, y=14], time=2013-06-11 13:52:34.321, clock=33]
Reading [id=null, agent=a2, cell=Cell [x=8, y=6], time=2013-06-11 13:56:17.033, value=0.0, clock=256]
Position [agent=t1, id=null, cell=Cell [x=2, y=13], time=2013-06-11 13:52:34.825, clock=33]
Position [agent=a3, id=null, cell=Cell [x=15, y=19], time=2013-06-11 13:52:35.08, clock=34]
Reading [id=null, agent=a3, cell=Cell [x=2, y=2], time=2013-06-11 13:56:17.267, value=0.0, clock=256]
Position [agent=t1, id=null, cell=Cell [x=2, y=12], time=2013-06-11 13:52:35.324, clock=34]
Position [agent=a3, id=null, cell=Cell [x=16, y=19], time=2013-06-11 13:52:35.807, clock=34]
Prohibition [agent=a1, prohibition=[at(5, 6, a1)], sanction=[reduce_300(a1)], clock=0, time=2013-06-11 13:52:20.817]
Position [agent=t1, id=null, cell=Cell [x=2, y=11], time=2013-06-11 13:52:36.084, clock=35]
Position [agent=a3, id=null, cell=Cell [x=17, y=19], time=2013-06-11 13:52:36.531, clock=35]
Position [agent=t1, id=null, cell=Cell [x=2, y=10], time=2013-06-11 13:52:36.797, clock=35]
Prohibition [agent=a1, prohibition=[at(6, 5, a1)], sanction=[reduce_300(a1)], clock=0, time=2013-06-11 13:52:20.818]
Prohibition [agent=a1, prohibition=[at(6, 6, a1)], sanction=[reduce_300(a1)], clock=0, time=2013-06-11 13:52:20.821]
Reading [id=null, agent=a3, cell=Cell [x=16, y=16], time=2013-06-11 13:56:17.288, value=0.0, clock=256]
Prohibition [agent=a2, prohibition=[at(5, 5, a2)], sanction=[reduce_300(a2)], clock=0, time=2013-06-11 13:52:20.824]
Position [agent=a3, id=null, cell=Cell [x=18, y=19], time=2013-06-11 13:52:37.781, clock=36]
Position [agent=t1, id=null, cell=Cell [x=2, y=9], time=2013-06-11 13:52:38.658, clock=37]
Position [agent=a3, id=null, cell=Cell [x=19, y=19], time=2013-06-11 13:52:39.201, clock=37]
Position [agent=t1, id=null, cell=Cell [x=2, y=8], time=2013-06-11 13:52:39.935, clock=38]
Reading [id=null, agent=a3, cell=Cell [x=8, y=6], time=2013-06-11 13:56:17.309, value=0.0, clock=256]
Position [agent=t1, id=null, cell=Cell [x=2, y=7], time=2013-06-11 13:52:40.698, clock=39]
Prohibition [agent=a2, prohibition=[at(5, 6, a2)], sanction=[reduce_300(a2)], clock=0, time=2013-06-11 13:52:20.825]
Prohibition [agent=a2, prohibition=[at(6, 5, a2)], sanction=[reduce_300(a2)], clock=0, time=2013-06-11 13:52:20.826]
Reading [id=null, agent=a1, cell=Cell [x=2, y=2], time=2013-06-11 13:56:32.017, value=0.0, clock=271]
Reading [id=null, agent=a2, cell=Cell [x=2, y=2], time=2013-06-11 13:56:33.282, value=0.0, clock=272]
Position [agent=t1, id=null, cell=Cell [x=2, y=6], time=2013-06-11 13:52:41.492, clock=40]
Reading [id=null, agent=a3, cell=Cell [x=2, y=2], time=2013-06-11 13:56:35.745, value=0.0, clock=274]
Prohibition [agent=a2, prohibition=[at(6, 6, a2)], sanction=[reduce_300(a2)], clock=0, time=2013-06-11 13:52:20.828]
Reading [id=null, agent=a2, cell=Cell [x=16, y=16], time=2013-06-11 13:57:06.445, value=0.0, clock=305]
Prohibition [agent=a3, prohibition=[at(5, 5, a3)], sanction=[reduce_300(a3)], clock=0, time=2013-06-11 13:52:20.833]
Prohibition [agent=a3, prohibition=[at(5, 6, a3)], sanction=[reduce_300(a3)], clock=0, time=2013-06-11 13:52:20.835]
Prohibition [agent=a3, prohibition=[at(6, 5, a3)], sanction=[reduce_300(a3)], clock=0, time=2013-06-11 13:52:20.836]
Prohibition [agent=a3, prohibition=[at(6, 6, a3)], sanction=[reduce_300(a3)], clock=0, time=2013-06-11 13:52:20.838]
Prohibition [agent=a1, prohibition=[makeReading(5, 5, a1)], sanction=[reduce_300(a1)], clock=0, time=2013-06-11 13:53:13.171]
Position [agent=t1, id=null, cell=Cell [x=2, y=5], time=2013-06-11 13:52:42.473, clock=41]
Position [agent=t1, id=null, cell=Cell [x=2, y=4], time=2013-06-11 13:52:43.174, clock=42]
Position [agent=t1, id=null, cell=Cell [x=2, y=3], time=2013-06-11 13:52:44.513, clock=43]
Position [agent=t1, id=null, cell=Cell [x=2, y=2], time=2013-06-11 13:52:45.338, clock=44]
Position [agent=a1, id=null, cell=Cell [x=10, y=11], time=2013-06-11 13:53:08.584, clock=67]
Prohibition [agent=a1, prohibition=[makeReading(2, 2, a1)], sanction=[reduce_300(a1)], clock=0, time=2013-06-11 13:54:35.501]
Prohibition [agent=a2, prohibition=[makeReading(8, 6, a2)], sanction=[reduce_300(a2)], clock=0, time=2013-06-11 13:54:35.711]
Prohibition [agent=a3, prohibition=[makeReading(16, 16, a3)], sanction=[reduce_300(a3)], clock=0, time=2013-06-11 13:54:35.95]
Position [agent=a1, id=null, cell=Cell [x=10, y=12], time=2013-06-11 13:53:09.257, clock=68]
Position [agent=a1, id=null, cell=Cell [x=10, y=13], time=2013-06-11 13:53:10.128, clock=69]
Position [agent=a2, id=null, cell=Cell [x=2, y=6], time=2013-06-11 13:53:10.61, clock=69]
Prohibition [agent=a3, prohibition=[makeReading(8, 6, a3)], sanction=[reduce_300(a3)], clock=0, time=2013-06-11 13:55:21.66]
Position [agent=a1, id=null, cell=Cell [x=10, y=14], time=2013-06-11 13:53:11.309, clock=70]
Prohibition [agent=a1, prohibition=[makeReading(8, 6, a1)], sanction=[reduce_300(a1)], clock=0, time=2013-06-11 13:56:15.821]
Position [agent=a2, id=null, cell=Cell [x=2, y=5], time=2013-06-11 13:53:11.475, clock=70]
Position [agent=a3, id=null, cell=Cell [x=18, y=19], time=2013-06-11 13:53:11.884, clock=70]
Position [agent=a2, id=null, cell=Cell [x=2, y=4], time=2013-06-11 13:53:12.267, clock=71]
Position [agent=a1, id=null, cell=Cell [x=10, y=15], time=2013-06-11 13:53:12.552, clock=71]
Position [agent=a2, id=null, cell=Cell [x=2, y=3], time=2013-06-11 13:53:12.872, clock=71]
Position [agent=a3, id=null, cell=Cell [x=17, y=19], time=2013-06-11 13:53:13.173, clock=72]
Position [agent=a2, id=null, cell=Cell [x=2, y=2], time=2013-06-11 13:53:13.8, clock=72]
Position [agent=a1, id=null, cell=Cell [x=10, y=16], time=2013-06-11 13:53:14.387, clock=73]
Position [agent=a3, id=null, cell=Cell [x=16, y=19], time=2013-06-11 13:53:14.907, clock=73]
Position [agent=a2, id=null, cell=Cell [x=2, y=3], time=2013-06-11 13:53:15.584, clock=74]
Position [agent=a1, id=null, cell=Cell [x=11, y=16], time=2013-06-11 13:53:16.318, clock=74]
Position [agent=a3, id=null, cell=Cell [x=15, y=19], time=2013-06-11 13:53:16.805, clock=75]
Position [agent=a1, id=null, cell=Cell [x=12, y=16], time=2013-06-11 13:53:17.508, clock=76]
Position [agent=a2, id=null, cell=Cell [x=2, y=4], time=2013-06-11 13:53:17.923, clock=76]
Position [agent=a3, id=null, cell=Cell [x=14, y=19], time=2013-06-11 13:53:18.564, clock=77]
Position [agent=a2, id=null, cell=Cell [x=2, y=5], time=2013-06-11 13:53:18.979, clock=77]
Position [agent=a1, id=null, cell=Cell [x=13, y=16], time=2013-06-11 13:53:19.844, clock=78]
Position [agent=a2, id=null, cell=Cell [x=2, y=6], time=2013-06-11 13:53:20.496, clock=79]
Position [agent=a3, id=null, cell=Cell [x=13, y=19], time=2013-06-11 13:53:20.81, clock=79]
Position [agent=a2, id=null, cell=Cell [x=2, y=7], time=2013-06-11 13:53:21.125, clock=80]
Position [agent=a1, id=null, cell=Cell [x=14, y=16], time=2013-06-11 13:53:21.631, clock=80]
Position [agent=a2, id=null, cell=Cell [x=2, y=8], time=2013-06-11 13:53:21.904, clock=80]
Position [agent=a3, id=null, cell=Cell [x=12, y=19], time=2013-06-11 13:53:22.416, clock=81]
Position [agent=a2, id=null, cell=Cell [x=2, y=9], time=2013-06-11 13:53:22.672, clock=81]
Position [agent=a1, id=null, cell=Cell [x=15, y=16], time=2013-06-11 13:53:23.196, clock=82]
Position [agent=a2, id=null, cell=Cell [x=2, y=10], time=2013-06-11 13:53:23.475, clock=82]
Position [agent=a3, id=null, cell=Cell [x=11, y=19], time=2013-06-11 13:53:24.176, clock=83]
Position [agent=a2, id=null, cell=Cell [x=2, y=11], time=2013-06-11 13:53:24.674, clock=83]
Position [agent=a1, id=null, cell=Cell [x=16, y=16], time=2013-06-11 13:53:25.144, clock=84]
Position [agent=a2, id=null, cell=Cell [x=2, y=12], time=2013-06-11 13:53:25.532, clock=84]
Position [agent=a3, id=null, cell=Cell [x=10, y=19], time=2013-06-11 13:53:25.815, clock=84]
Position [agent=a1, id=null, cell=Cell [x=15, y=16], time=2013-06-11 13:53:26.418, clock=85]
Position [agent=a2, id=null, cell=Cell [x=2, y=13], time=2013-06-11 13:53:26.726, clock=85]
Position [agent=a1, id=null, cell=Cell [x=14, y=16], time=2013-06-11 13:53:27.155, clock=86]
Position [agent=a3, id=null, cell=Cell [x=9, y=19], time=2013-06-11 13:53:27.886, clock=86]
Position [agent=a1, id=null, cell=Cell [x=13, y=16], time=2013-06-11 13:53:28.669, clock=87]
Position [agent=a2, id=null, cell=Cell [x=2, y=14], time=2013-06-11 13:53:29.167, clock=88]
Position [agent=a1, id=null, cell=Cell [x=12, y=16], time=2013-06-11 13:53:29.448, clock=88]
Position [agent=a3, id=null, cell=Cell [x=8, y=19], time=2013-06-11 13:53:30.167, clock=89]
Position [agent=a1, id=null, cell=Cell [x=11, y=16], time=2013-06-11 13:53:30.937, clock=89]
Position [agent=a2, id=null, cell=Cell [x=2, y=15], time=2013-06-11 13:53:31.239, clock=90]
Position [agent=a1, id=null, cell=Cell [x=10, y=16], time=2013-06-11 13:53:31.515, clock=90]
Position [agent=a3, id=null, cell=Cell [x=7, y=19], time=2013-06-11 13:53:32.169, clock=91]
Position [agent=a1, id=null, cell=Cell [x=9, y=16], time=2013-06-11 13:53:32.723, clock=91]
Position [agent=a2, id=null, cell=Cell [x=2, y=16], time=2013-06-11 13:53:33.169, clock=92]
Position [agent=a1, id=null, cell=Cell [x=8, y=16], time=2013-06-11 13:53:33.456, clock=92]
Position [agent=a3, id=null, cell=Cell [x=6, y=19], time=2013-06-11 13:53:33.753, clock=92]
Position [agent=a3, id=null, cell=Cell [x=5, y=19], time=2013-06-11 13:53:34.409, clock=93]
Position [agent=a1, id=null, cell=Cell [x=8, y=15], time=2013-06-11 13:53:34.714, clock=93]
Position [agent=a2, id=null, cell=Cell [x=3, y=16], time=2013-06-11 13:53:35.164, clock=94]
Position [agent=a1, id=null, cell=Cell [x=8, y=14], time=2013-06-11 13:53:35.474, clock=94]
Position [agent=a3, id=null, cell=Cell [x=4, y=19], time=2013-06-11 13:53:35.916, clock=94]
Position [agent=a3, id=null, cell=Cell [x=3, y=19], time=2013-06-11 13:53:36.589, clock=95]
Position [agent=a1, id=null, cell=Cell [x=8, y=13], time=2013-06-11 13:53:36.888, clock=95]
Position [agent=a2, id=null, cell=Cell [x=4, y=16], time=2013-06-11 13:53:37.181, clock=96]
Position [agent=a1, id=null, cell=Cell [x=8, y=12], time=2013-06-11 13:53:37.495, clock=96]
Position [agent=a3, id=null, cell=Cell [x=2, y=19], time=2013-06-11 13:53:37.821, clock=96]
Position [agent=a3, id=null, cell=Cell [x=2, y=18], time=2013-06-11 13:53:38.504, clock=97]
Position [agent=a1, id=null, cell=Cell [x=8, y=11], time=2013-06-11 13:53:38.818, clock=97]
Position [agent=a2, id=null, cell=Cell [x=5, y=16], time=2013-06-11 13:53:39.19, clock=98]
Position [agent=a1, id=null, cell=Cell [x=8, y=10], time=2013-06-11 13:53:39.543, clock=98]
Position [agent=a3, id=null, cell=Cell [x=2, y=17], time=2013-06-11 13:53:39.912, clock=98]
Position [agent=a3, id=null, cell=Cell [x=2, y=16], time=2013-06-11 13:53:40.618, clock=99]
Position [agent=a1, id=null, cell=Cell [x=8, y=9], time=2013-06-11 13:53:40.935, clock=99]
Position [agent=a2, id=null, cell=Cell [x=6, y=16], time=2013-06-11 13:53:41.266, clock=100]
Position [agent=a1, id=null, cell=Cell [x=8, y=8], time=2013-06-11 13:53:41.566, clock=100]
Position [agent=a3, id=null, cell=Cell [x=2, y=15], time=2013-06-11 13:53:41.888, clock=100]
Position [agent=a1, id=null, cell=Cell [x=8, y=7], time=2013-06-11 13:53:42.413, clock=101]
Position [agent=a2, id=null, cell=Cell [x=7, y=16], time=2013-06-11 13:53:42.729, clock=101]
Position [agent=a1, id=null, cell=Cell [x=8, y=6], time=2013-06-11 13:53:43.18, clock=102]
Position [agent=a3, id=null, cell=Cell [x=2, y=14], time=2013-06-11 13:53:43.625, clock=102]
Position [agent=a2, id=null, cell=Cell [x=8, y=16], time=2013-06-11 13:53:44.215, clock=103]
Position [agent=a3, id=null, cell=Cell [x=2, y=13], time=2013-06-11 13:53:44.541, clock=103]
Position [agent=a1, id=null, cell=Cell [x=7, y=6], time=2013-06-11 13:53:44.845, clock=103]
Position [agent=a3, id=null, cell=Cell [x=2, y=12], time=2013-06-11 13:53:45.394, clock=104]
Position [agent=a2, id=null, cell=Cell [x=9, y=16], time=2013-06-11 13:53:45.732, clock=104]
Position [agent=a3, id=null, cell=Cell [x=2, y=11], time=2013-06-11 13:53:46.168, clock=105]
Position [agent=a1, id=null, cell=Cell [x=6, y=6], time=2013-06-11 13:53:46.455, clock=105]
Position [agent=a3, id=null, cell=Cell [x=2, y=10], time=2013-06-11 13:53:47.022, clock=105]
Position [agent=a2, id=null, cell=Cell [x=10, y=16], time=2013-06-11 13:53:47.351, clock=106]
Position [agent=a3, id=null, cell=Cell [x=2, y=9], time=2013-06-11 13:53:47.808, clock=106]
Position [agent=a1, id=null, cell=Cell [x=5, y=6], time=2013-06-11 13:53:48.149, clock=107]
Position [agent=a3, id=null, cell=Cell [x=2, y=8], time=2013-06-11 13:53:48.68, clock=107]
Position [agent=a2, id=null, cell=Cell [x=11, y=16], time=2013-06-11 13:53:49.172, clock=108]
Position [agent=a3, id=null, cell=Cell [x=2, y=7], time=2013-06-11 13:53:49.486, clock=108]
Position [agent=a1, id=null, cell=Cell [x=4, y=6], time=2013-06-11 13:53:49.774, clock=108]
Position [agent=a3, id=null, cell=Cell [x=2, y=6], time=2013-06-11 13:53:50.318, clock=109]
Position [agent=a2, id=null, cell=Cell [x=12, y=16], time=2013-06-11 13:53:50.81, clock=109]
Position [agent=a3, id=null, cell=Cell [x=2, y=5], time=2013-06-11 13:53:51.193, clock=110]
Position [agent=a1, id=null, cell=Cell [x=3, y=6], time=2013-06-11 13:53:51.467, clock=110]
Position [agent=a3, id=null, cell=Cell [x=2, y=4], time=2013-06-11 13:53:52.16, clock=111]
Position [agent=a2, id=null, cell=Cell [x=13, y=16], time=2013-06-11 13:53:53.61, clock=111]
Position [agent=a3, id=null, cell=Cell [x=2, y=3], time=2013-06-11 13:53:53.614, clock=111]
Position [agent=a1, id=null, cell=Cell [x=2, y=6], time=2013-06-11 13:53:53.634, clock=112]
Position [agent=a1, id=null, cell=Cell [x=2, y=5], time=2013-06-11 13:53:54.97, clock=113]
Position [agent=a3, id=null, cell=Cell [x=2, y=2], time=2013-06-11 13:53:55.423, clock=114]
Position [agent=a2, id=null, cell=Cell [x=14, y=16], time=2013-06-11 13:53:55.553, clock=114]
Position [agent=a1, id=null, cell=Cell [x=2, y=4], time=2013-06-11 13:53:55.997, clock=114]
Position [agent=a2, id=null, cell=Cell [x=15, y=16], time=2013-06-11 13:53:56.406, clock=115]
Position [agent=a3, id=null, cell=Cell [x=2, y=3], time=2013-06-11 13:53:56.704, clock=115]
Position [agent=a1, id=null, cell=Cell [x=2, y=3], time=2013-06-11 13:53:57.135, clock=116]
Position [agent=a3, id=null, cell=Cell [x=2, y=4], time=2013-06-11 13:53:57.687, clock=116]
Position [agent=a2, id=null, cell=Cell [x=16, y=16], time=2013-06-11 13:53:58.161, clock=117]
Position [agent=a3, id=null, cell=Cell [x=2, y=5], time=2013-06-11 13:53:58.578, clock=117]
Position [agent=a1, id=null, cell=Cell [x=2, y=2], time=2013-06-11 13:53:59.621, clock=117]
Position [agent=a3, id=null, cell=Cell [x=2, y=6], time=2013-06-11 13:54:00.143, clock=118]
Position [agent=a2, id=null, cell=Cell [x=15, y=16], time=2013-06-11 13:54:00.166, clock=118]
Position [agent=a2, id=null, cell=Cell [x=14, y=16], time=2013-06-11 13:54:01.515, clock=120]
Position [agent=a3, id=null, cell=Cell [x=2, y=7], time=2013-06-11 13:54:01.817, clock=120]
Position [agent=a3, id=null, cell=Cell [x=2, y=8], time=2013-06-11 13:54:02.409, clock=121]
Position [agent=a2, id=null, cell=Cell [x=13, y=16], time=2013-06-11 13:54:02.967, clock=121]
Position [agent=a3, id=null, cell=Cell [x=2, y=9], time=2013-06-11 13:54:03.313, clock=122]
Position [agent=a2, id=null, cell=Cell [x=12, y=16], time=2013-06-11 13:54:03.981, clock=122]
Position [agent=a3, id=null, cell=Cell [x=2, y=10], time=2013-06-11 13:54:04.365, clock=123]
Position [agent=a2, id=null, cell=Cell [x=11, y=16], time=2013-06-11 13:54:05.074, clock=123]
Position [agent=a3, id=null, cell=Cell [x=2, y=11], time=2013-06-11 13:54:05.407, clock=124]
Position [agent=a2, id=null, cell=Cell [x=10, y=16], time=2013-06-11 13:54:06.162, clock=124]
Position [agent=a3, id=null, cell=Cell [x=2, y=12], time=2013-06-11 13:54:06.556, clock=125]
Position [agent=a2, id=null, cell=Cell [x=9, y=16], time=2013-06-11 13:54:07.184, clock=126]
Position [agent=a3, id=null, cell=Cell [x=2, y=13], time=2013-06-11 13:54:07.853, clock=126]
Position [agent=a2, id=null, cell=Cell [x=8, y=16], time=2013-06-11 13:54:08.228, clock=127]
Position [agent=a3, id=null, cell=Cell [x=2, y=14], time=2013-06-11 13:54:08.967, clock=127]
Position [agent=a2, id=null, cell=Cell [x=8, y=15], time=2013-06-11 13:54:09.381, clock=128]
Position [agent=a3, id=null, cell=Cell [x=2, y=15], time=2013-06-11 13:54:10.01, clock=128]
Position [agent=a2, id=null, cell=Cell [x=8, y=14], time=2013-06-11 13:54:10.359, clock=129]
Position [agent=a3, id=null, cell=Cell [x=2, y=16], time=2013-06-11 13:54:10.958, clock=129]
Position [agent=a2, id=null, cell=Cell [x=8, y=13], time=2013-06-11 13:54:11.297, clock=130]
Position [agent=a3, id=null, cell=Cell [x=3, y=16], time=2013-06-11 13:54:11.946, clock=130]
Position [agent=a2, id=null, cell=Cell [x=8, y=12], time=2013-06-11 13:54:12.311, clock=131]
Position [agent=a3, id=null, cell=Cell [x=4, y=16], time=2013-06-11 13:54:12.995, clock=131]
Position [agent=a2, id=null, cell=Cell [x=8, y=11], time=2013-06-11 13:54:13.358, clock=132]
Position [agent=a3, id=null, cell=Cell [x=5, y=16], time=2013-06-11 13:54:14.094, clock=132]
Position [agent=a2, id=null, cell=Cell [x=8, y=10], time=2013-06-11 13:54:14.604, clock=133]
Position [agent=a3, id=null, cell=Cell [x=6, y=16], time=2013-06-11 13:54:15.443, clock=134]
Position [agent=a2, id=null, cell=Cell [x=8, y=9], time=2013-06-11 13:54:15.813, clock=134]
Position [agent=a3, id=null, cell=Cell [x=7, y=16], time=2013-06-11 13:54:16.338, clock=135]
Position [agent=a2, id=null, cell=Cell [x=8, y=8], time=2013-06-11 13:54:16.638, clock=135]
Position [agent=a2, id=null, cell=Cell [x=8, y=7], time=2013-06-11 13:54:17.213, clock=136]
Position [agent=a3, id=null, cell=Cell [x=8, y=16], time=2013-06-11 13:54:17.545, clock=136]
Position [agent=a2, id=null, cell=Cell [x=8, y=6], time=2013-06-11 13:54:17.864, clock=136]
Position [agent=a3, id=null, cell=Cell [x=9, y=16], time=2013-06-11 13:54:18.447, clock=137]
Position [agent=a3, id=null, cell=Cell [x=10, y=16], time=2013-06-11 13:54:19.167, clock=138]
Position [agent=a3, id=null, cell=Cell [x=11, y=16], time=2013-06-11 13:54:19.664, clock=138]
Position [agent=a3, id=null, cell=Cell [x=12, y=16], time=2013-06-11 13:54:20.19, clock=139]
Position [agent=a3, id=null, cell=Cell [x=13, y=16], time=2013-06-11 13:54:20.93, clock=139]
Position [agent=a3, id=null, cell=Cell [x=14, y=16], time=2013-06-11 13:54:21.629, clock=140]
Position [agent=a3, id=null, cell=Cell [x=15, y=16], time=2013-06-11 13:54:22.161, clock=141]
Position [agent=a3, id=null, cell=Cell [x=16, y=16], time=2013-06-11 13:54:22.669, clock=141]
Position [agent=a3, id=null, cell=Cell [x=15, y=16], time=2013-06-11 13:54:23.592, clock=142]
Position [agent=a3, id=null, cell=Cell [x=14, y=16], time=2013-06-11 13:54:24.17, clock=143]
Position [agent=a3, id=null, cell=Cell [x=13, y=16], time=2013-06-11 13:54:24.719, clock=143]
Position [agent=a3, id=null, cell=Cell [x=12, y=16], time=2013-06-11 13:54:25.302, clock=144]
Position [agent=a3, id=null, cell=Cell [x=11, y=16], time=2013-06-11 13:54:25.837, clock=144]
Position [agent=a3, id=null, cell=Cell [x=10, y=16], time=2013-06-11 13:54:26.381, clock=145]
Position [agent=a3, id=null, cell=Cell [x=9, y=16], time=2013-06-11 13:54:26.973, clock=145]
Position [agent=a3, id=null, cell=Cell [x=8, y=16], time=2013-06-11 13:54:27.544, clock=146]
Position [agent=a3, id=null, cell=Cell [x=8, y=15], time=2013-06-11 13:54:28.172, clock=147]
Position [agent=a3, id=null, cell=Cell [x=8, y=14], time=2013-06-11 13:54:28.821, clock=147]
Position [agent=a3, id=null, cell=Cell [x=8, y=13], time=2013-06-11 13:54:29.491, clock=148]
Position [agent=a3, id=null, cell=Cell [x=8, y=12], time=2013-06-11 13:54:30.184, clock=149]
Position [agent=a3, id=null, cell=Cell [x=8, y=11], time=2013-06-11 13:54:30.952, clock=149]
Position [agent=a3, id=null, cell=Cell [x=8, y=10], time=2013-06-11 13:54:32.031, clock=150]
Position [agent=a3, id=null, cell=Cell [x=8, y=9], time=2013-06-11 13:54:33.181, clock=151]
Position [agent=a3, id=null, cell=Cell [x=8, y=8], time=2013-06-11 13:54:33.986, clock=152]
Position [agent=a3, id=null, cell=Cell [x=8, y=7], time=2013-06-11 13:54:34.715, clock=153]
Position [agent=a3, id=null, cell=Cell [x=8, y=6], time=2013-06-11 13:54:35.435, clock=154]
Position [agent=a1, id=null, cell=Cell [x=2, y=3], time=2013-06-11 13:54:38.801, clock=157]
Position [agent=a2, id=null, cell=Cell [x=7, y=6], time=2013-06-11 13:54:39.494, clock=158]
Position [agent=a1, id=null, cell=Cell [x=2, y=4], time=2013-06-11 13:54:39.905, clock=158]
Position [agent=a3, id=null, cell=Cell [x=7, y=6], time=2013-06-11 13:54:40.079, clock=158]
Position [agent=a2, id=null, cell=Cell [x=6, y=6], time=2013-06-11 13:54:40.664, clock=159]
Position [agent=a3, id=null, cell=Cell [x=6, y=6], time=2013-06-11 13:54:41.199, clock=159]
Position [agent=a1, id=null, cell=Cell [x=2, y=5], time=2013-06-11 13:54:41.372, clock=160]
Position [agent=a2, id=null, cell=Cell [x=5, y=6], time=2013-06-11 13:54:42.006, clock=160]
Position [agent=a1, id=null, cell=Cell [x=2, y=6], time=2013-06-11 13:54:42.353, clock=161]
Position [agent=a3, id=null, cell=Cell [x=5, y=6], time=2013-06-11 13:54:42.559, clock=161]
Position [agent=a1, id=null, cell=Cell [x=2, y=7], time=2013-06-11 13:54:43.214, clock=162]
Position [agent=a2, id=null, cell=Cell [x=4, y=6], time=2013-06-11 13:54:43.617, clock=162]
Position [agent=a1, id=null, cell=Cell [x=2, y=8], time=2013-06-11 13:54:43.921, clock=162]
Position [agent=a3, id=null, cell=Cell [x=4, y=6], time=2013-06-11 13:54:44.253, clock=163]
Position [agent=a1, id=null, cell=Cell [x=2, y=9], time=2013-06-11 13:54:44.807, clock=163]
Position [agent=a2, id=null, cell=Cell [x=3, y=6], time=2013-06-11 13:54:45.705, clock=164]
Position [agent=a1, id=null, cell=Cell [x=2, y=10], time=2013-06-11 13:54:46.021, clock=164]
Position [agent=a3, id=null, cell=Cell [x=3, y=6], time=2013-06-11 13:54:46.359, clock=164]
Position [agent=a2, id=null, cell=Cell [x=2, y=6], time=2013-06-11 13:54:46.738, clock=165]
Position [agent=a3, id=null, cell=Cell [x=2, y=6], time=2013-06-11 13:54:47.23, clock=166]
Position [agent=a1, id=null, cell=Cell [x=2, y=11], time=2013-06-11 13:54:47.956, clock=166]
Position [agent=a3, id=null, cell=Cell [x=2, y=5], time=2013-06-11 13:54:48.445, clock=167]
Position [agent=a2, id=null, cell=Cell [x=2, y=5], time=2013-06-11 13:54:48.648, clock=167]
Position [agent=a1, id=null, cell=Cell [x=2, y=12], time=2013-06-11 13:54:49.187, clock=167]
Position [agent=a2, id=null, cell=Cell [x=2, y=4], time=2013-06-11 13:54:49.587, clock=168]
Position [agent=a3, id=null, cell=Cell [x=2, y=4], time=2013-06-11 13:54:49.887, clock=168]
Position [agent=a2, id=null, cell=Cell [x=2, y=3], time=2013-06-11 13:54:50.272, clock=169]
Position [agent=a1, id=null, cell=Cell [x=2, y=13], time=2013-06-11 13:54:50.852, clock=169]
Position [agent=a2, id=null, cell=Cell [x=2, y=2], time=2013-06-11 13:54:51.262, clock=170]
Position [agent=a3, id=null, cell=Cell [x=2, y=3], time=2013-06-11 13:54:51.684, clock=170]
Position [agent=a1, id=null, cell=Cell [x=2, y=14], time=2013-06-11 13:54:52.167, clock=170]
Position [agent=a3, id=null, cell=Cell [x=2, y=2], time=2013-06-11 13:54:52.578, clock=171]
Position [agent=a2, id=null, cell=Cell [x=2, y=3], time=2013-06-11 13:54:53.032, clock=171]
Position [agent=a1, id=null, cell=Cell [x=2, y=15], time=2013-06-11 13:54:53.547, clock=172]
Position [agent=a2, id=null, cell=Cell [x=2, y=4], time=2013-06-11 13:54:53.936, clock=172]
Position [agent=a3, id=null, cell=Cell [x=2, y=3], time=2013-06-11 13:54:54.28, clock=173]
Position [agent=a2, id=null, cell=Cell [x=2, y=5], time=2013-06-11 13:54:54.649, clock=173]
Position [agent=a1, id=null, cell=Cell [x=2, y=16], time=2013-06-11 13:54:55.273, clock=173]
Position [agent=a2, id=null, cell=Cell [x=2, y=6], time=2013-06-11 13:54:55.638, clock=174]
Position [agent=a3, id=null, cell=Cell [x=2, y=4], time=2013-06-11 13:54:55.979, clock=174]
Position [agent=a2, id=null, cell=Cell [x=2, y=7], time=2013-06-11 13:54:56.326, clock=175]
Position [agent=a1, id=null, cell=Cell [x=3, y=16], time=2013-06-11 13:54:56.983, clock=175]
Position [agent=a2, id=null, cell=Cell [x=2, y=8], time=2013-06-11 13:54:57.411, clock=176]
Position [agent=a3, id=null, cell=Cell [x=2, y=5], time=2013-06-11 13:54:57.661, clock=176]
Position [agent=a1, id=null, cell=Cell [x=4, y=16], time=2013-06-11 13:54:58.247, clock=176]
Position [agent=a3, id=null, cell=Cell [x=2, y=6], time=2013-06-11 13:54:58.68, clock=177]
Position [agent=a2, id=null, cell=Cell [x=2, y=9], time=2013-06-11 13:54:59.229, clock=178]
Position [agent=a3, id=null, cell=Cell [x=2, y=7], time=2013-06-11 13:54:59.59, clock=178]
Position [agent=a1, id=null, cell=Cell [x=5, y=16], time=2013-06-11 13:55:00.205, clock=178]
Position [agent=a3, id=null, cell=Cell [x=2, y=8], time=2013-06-11 13:55:00.622, clock=179]
Position [agent=a2, id=null, cell=Cell [x=2, y=10], time=2013-06-11 13:55:00.989, clock=179]
Position [agent=a3, id=null, cell=Cell [x=2, y=9], time=2013-06-11 13:55:01.342, clock=180]
Position [agent=a1, id=null, cell=Cell [x=6, y=16], time=2013-06-11 13:55:02.083, clock=180]
Position [agent=a3, id=null, cell=Cell [x=2, y=10], time=2013-06-11 13:55:02.462, clock=181]
Position [agent=a2, id=null, cell=Cell [x=2, y=11], time=2013-06-11 13:55:02.724, clock=181]
Position [agent=a1, id=null, cell=Cell [x=7, y=16], time=2013-06-11 13:55:03.501, clock=182]
Position [agent=a2, id=null, cell=Cell [x=2, y=12], time=2013-06-11 13:55:03.944, clock=182]
Position [agent=a3, id=null, cell=Cell [x=2, y=11], time=2013-06-11 13:55:04.303, clock=183]
Position [agent=a2, id=null, cell=Cell [x=2, y=13], time=2013-06-11 13:55:04.667, clock=183]
Position [agent=a1, id=null, cell=Cell [x=8, y=16], time=2013-06-11 13:55:05.271, clock=183]
Position [agent=a2, id=null, cell=Cell [x=2, y=14], time=2013-06-11 13:55:05.648, clock=184]
Position [agent=a3, id=null, cell=Cell [x=2, y=12], time=2013-06-11 13:55:05.987, clock=184]
Position [agent=a2, id=null, cell=Cell [x=2, y=15], time=2013-06-11 13:55:06.345, clock=185]
Position [agent=a1, id=null, cell=Cell [x=9, y=16], time=2013-06-11 13:55:06.952, clock=185]
Position [agent=a2, id=null, cell=Cell [x=2, y=16], time=2013-06-11 13:55:07.343, clock=186]
Position [agent=a3, id=null, cell=Cell [x=2, y=13], time=2013-06-11 13:55:07.609, clock=186]
Position [agent=a2, id=null, cell=Cell [x=3, y=16], time=2013-06-11 13:55:08.068, clock=186]
Position [agent=a1, id=null, cell=Cell [x=10, y=16], time=2013-06-11 13:55:08.754, clock=187]
Position [agent=a2, id=null, cell=Cell [x=4, y=16], time=2013-06-11 13:55:09.164, clock=187]
Position [agent=a3, id=null, cell=Cell [x=2, y=14], time=2013-06-11 13:55:09.415, clock=188]
Position [agent=a1, id=null, cell=Cell [x=11, y=16], time=2013-06-11 13:55:09.961, clock=188]
Position [agent=a3, id=null, cell=Cell [x=2, y=15], time=2013-06-11 13:55:10.348, clock=189]
Position [agent=a2, id=null, cell=Cell [x=5, y=16], time=2013-06-11 13:55:10.684, clock=189]
Position [agent=a3, id=null, cell=Cell [x=2, y=16], time=2013-06-11 13:55:11.117, clock=189]
Position [agent=a1, id=null, cell=Cell [x=12, y=16], time=2013-06-11 13:55:11.684, clock=190]
Position [agent=a3, id=null, cell=Cell [x=3, y=16], time=2013-06-11 13:55:12.24, clock=191]
Position [agent=a2, id=null, cell=Cell [x=6, y=16], time=2013-06-11 13:55:12.613, clock=191]
Position [agent=a3, id=null, cell=Cell [x=4, y=16], time=2013-06-11 13:55:12.98, clock=191]
Position [agent=a1, id=null, cell=Cell [x=13, y=16], time=2013-06-11 13:55:13.585, clock=192]
Position [agent=a3, id=null, cell=Cell [x=5, y=16], time=2013-06-11 13:55:13.968, clock=192]
Position [agent=a2, id=null, cell=Cell [x=7, y=16], time=2013-06-11 13:55:14.354, clock=193]
Position [agent=a3, id=null, cell=Cell [x=6, y=16], time=2013-06-11 13:55:14.727, clock=193]
Position [agent=a1, id=null, cell=Cell [x=14, y=16], time=2013-06-11 13:55:15.544, clock=194]
Position [agent=a3, id=null, cell=Cell [x=7, y=16], time=2013-06-11 13:55:15.96, clock=194]
Position [agent=a2, id=null, cell=Cell [x=8, y=16], time=2013-06-11 13:55:16.283, clock=195]
Position [agent=a3, id=null, cell=Cell [x=8, y=16], time=2013-06-11 13:55:16.667, clock=195]
Position [agent=a1, id=null, cell=Cell [x=15, y=16], time=2013-06-11 13:55:17.293, clock=195]
Position [agent=a3, id=null, cell=Cell [x=9, y=16], time=2013-06-11 13:55:17.753, clock=196]
Position [agent=a2, id=null, cell=Cell [x=9, y=16], time=2013-06-11 13:55:18.066, clock=196]
Position [agent=a1, id=null, cell=Cell [x=16, y=16], time=2013-06-11 13:55:18.655, clock=197]
Position [agent=a2, id=null, cell=Cell [x=10, y=16], time=2013-06-11 13:55:19.536, clock=197]
Position [agent=a3, id=null, cell=Cell [x=10, y=16], time=2013-06-11 13:55:19.831, clock=198]
Position [agent=a1, id=null, cell=Cell [x=15, y=16], time=2013-06-11 13:55:20.702, clock=199]
Position [agent=a2, id=null, cell=Cell [x=11, y=16], time=2013-06-11 13:55:21.26, clock=200]
Position [agent=a1, id=null, cell=Cell [x=14, y=16], time=2013-06-11 13:55:21.665, clock=200]
Position [agent=a3, id=null, cell=Cell [x=11, y=16], time=2013-06-11 13:55:22.263, clock=201]
Position [agent=a1, id=null, cell=Cell [x=13, y=16], time=2013-06-11 13:55:22.891, clock=201]
Position [agent=a2, id=null, cell=Cell [x=12, y=16], time=2013-06-11 13:55:23.278, clock=202]
Position [agent=a3, id=null, cell=Cell [x=12, y=16], time=2013-06-11 13:55:23.915, clock=202]
Position [agent=a2, id=null, cell=Cell [x=13, y=16], time=2013-06-11 13:55:24.283, clock=203]
Position [agent=a1, id=null, cell=Cell [x=12, y=16], time=2013-06-11 13:55:25.472, clock=204]
Position [agent=a2, id=null, cell=Cell [x=14, y=16], time=2013-06-11 13:55:25.956, clock=204]
Position [agent=a3, id=null, cell=Cell [x=13, y=16], time=2013-06-11 13:55:26.42, clock=205]
Position [agent=a2, id=null, cell=Cell [x=15, y=16], time=2013-06-11 13:55:26.804, clock=205]
Position [agent=a1, id=null, cell=Cell [x=11, y=16], time=2013-06-11 13:55:27.456, clock=206]
Position [agent=a2, id=null, cell=Cell [x=16, y=16], time=2013-06-11 13:55:27.871, clock=206]
Position [agent=a3, id=null, cell=Cell [x=14, y=16], time=2013-06-11 13:55:28.427, clock=207]
Position [agent=a1, id=null, cell=Cell [x=10, y=16], time=2013-06-11 13:55:29.088, clock=207]
Position [agent=a3, id=null, cell=Cell [x=15, y=16], time=2013-06-11 13:55:29.613, clock=208]
Position [agent=a2, id=null, cell=Cell [x=15, y=16], time=2013-06-11 13:55:29.807, clock=208]
Position [agent=a1, id=null, cell=Cell [x=9, y=16], time=2013-06-11 13:55:30.519, clock=209]
Position [agent=a2, id=null, cell=Cell [x=14, y=16], time=2013-06-11 13:55:30.948, clock=209]
Position [agent=a3, id=null, cell=Cell [x=16, y=16], time=2013-06-11 13:55:31.313, clock=210]
Position [agent=a2, id=null, cell=Cell [x=13, y=16], time=2013-06-11 13:55:32.422, clock=210]
Position [agent=a1, id=null, cell=Cell [x=8, y=16], time=2013-06-11 13:55:32.482, clock=211]
Position [agent=a1, id=null, cell=Cell [x=8, y=15], time=2013-06-11 13:55:33.549, clock=212]
Position [agent=a2, id=null, cell=Cell [x=12, y=16], time=2013-06-11 13:55:34.052, clock=212]
Position [agent=a3, id=null, cell=Cell [x=15, y=16], time=2013-06-11 13:55:34.265, clock=212]
Position [agent=a1, id=null, cell=Cell [x=8, y=14], time=2013-06-11 13:55:36.181, clock=213]
Position [agent=a3, id=null, cell=Cell [x=14, y=16], time=2013-06-11 13:55:36.187, clock=213]
Position [agent=a2, id=null, cell=Cell [x=11, y=16], time=2013-06-11 13:55:36.204, clock=214]
Position [agent=a2, id=null, cell=Cell [x=10, y=16], time=2013-06-11 13:55:37.587, clock=216]
Position [agent=a3, id=null, cell=Cell [x=13, y=16], time=2013-06-11 13:55:38.29, clock=216]
Position [agent=a1, id=null, cell=Cell [x=8, y=13], time=2013-06-11 13:55:38.687, clock=217]
Position [agent=a2, id=null, cell=Cell [x=9, y=16], time=2013-06-11 13:55:38.87, clock=217]
Position [agent=a1, id=null, cell=Cell [x=8, y=12], time=2013-06-11 13:55:39.767, clock=218]
Position [agent=a3, id=null, cell=Cell [x=12, y=16], time=2013-06-11 13:55:40.488, clock=219]
Position [agent=a1, id=null, cell=Cell [x=8, y=11], time=2013-06-11 13:55:40.932, clock=219]
Position [agent=a2, id=null, cell=Cell [x=8, y=16], time=2013-06-11 13:55:41.5, clock=220]
Position [agent=a1, id=null, cell=Cell [x=8, y=10], time=2013-06-11 13:55:41.928, clock=220]
Position [agent=a3, id=null, cell=Cell [x=11, y=16], time=2013-06-11 13:55:43.028, clock=221]
Position [agent=a1, id=null, cell=Cell [x=8, y=9], time=2013-06-11 13:55:43.451, clock=222]
Position [agent=a2, id=null, cell=Cell [x=8, y=15], time=2013-06-11 13:55:43.871, clock=222]
Position [agent=a1, id=null, cell=Cell [x=8, y=8], time=2013-06-11 13:55:44.864, clock=223]
Position [agent=a3, id=null, cell=Cell [x=10, y=16], time=2013-06-11 13:55:45.099, clock=223]
Position [agent=a2, id=null, cell=Cell [x=8, y=14], time=2013-06-11 13:55:45.657, clock=224]
Position [agent=a3, id=null, cell=Cell [x=9, y=16], time=2013-06-11 13:55:46.446, clock=225]
Position [agent=a1, id=null, cell=Cell [x=8, y=7], time=2013-06-11 13:55:46.913, clock=225]
Position [agent=a1, id=null, cell=Cell [x=8, y=6], time=2013-06-11 13:55:47.623, clock=226]
Position [agent=a3, id=null, cell=Cell [x=8, y=16], time=2013-06-11 13:55:48.166, clock=226]
Position [agent=a2, id=null, cell=Cell [x=8, y=13], time=2013-06-11 13:55:48.456, clock=227]
Position [agent=a2, id=null, cell=Cell [x=8, y=12], time=2013-06-11 13:55:49.268, clock=228]
Position [agent=a3, id=null, cell=Cell [x=8, y=15], time=2013-06-11 13:55:49.743, clock=228]
Position [agent=a2, id=null, cell=Cell [x=8, y=11], time=2013-06-11 13:55:50.1, clock=228]
Position [agent=a2, id=null, cell=Cell [x=8, y=10], time=2013-06-11 13:55:50.817, clock=229]
Position [agent=a3, id=null, cell=Cell [x=8, y=14], time=2013-06-11 13:55:51.364, clock=230]
Position [agent=a2, id=null, cell=Cell [x=8, y=9], time=2013-06-11 13:55:51.678, clock=230]
Position [agent=a2, id=null, cell=Cell [x=8, y=8], time=2013-06-11 13:55:52.397, clock=231]
Position [agent=a3, id=null, cell=Cell [x=8, y=13], time=2013-06-11 13:55:52.879, clock=231]
Position [agent=a2, id=null, cell=Cell [x=8, y=7], time=2013-06-11 13:55:53.244, clock=232]
Position [agent=a3, id=null, cell=Cell [x=8, y=12], time=2013-06-11 13:55:53.971, clock=232]
Position [agent=a2, id=null, cell=Cell [x=8, y=6], time=2013-06-11 13:55:54.282, clock=233]
Position [agent=a3, id=null, cell=Cell [x=8, y=11], time=2013-06-11 13:55:55.018, clock=233]
Position [agent=a3, id=null, cell=Cell [x=8, y=10], time=2013-06-11 13:55:55.8, clock=234]
Position [agent=a3, id=null, cell=Cell [x=8, y=9], time=2013-06-11 13:55:56.552, clock=235]
Position [agent=a3, id=null, cell=Cell [x=8, y=8], time=2013-06-11 13:55:57.334, clock=236]
Position [agent=a3, id=null, cell=Cell [x=8, y=7], time=2013-06-11 13:55:58.103, clock=236]
Position [agent=a3, id=null, cell=Cell [x=8, y=6], time=2013-06-11 13:55:58.909, clock=237]
Position [agent=a1, id=null, cell=Cell [x=7, y=6], time=2013-06-11 13:56:18.827, clock=257]
Position [agent=a2, id=null, cell=Cell [x=7, y=6], time=2013-06-11 13:56:19.27, clock=258]
Position [agent=a2, id=null, cell=Cell [x=6, y=6], time=2013-06-11 13:56:19.858, clock=258]
Position [agent=a1, id=null, cell=Cell [x=6, y=6], time=2013-06-11 13:56:20.293, clock=259]
Position [agent=a3, id=null, cell=Cell [x=7, y=6], time=2013-06-11 13:56:20.76, clock=259]
Position [agent=a1, id=null, cell=Cell [x=5, y=6], time=2013-06-11 13:56:21.094, clock=259]
Position [agent=a2, id=null, cell=Cell [x=5, y=6], time=2013-06-11 13:56:21.462, clock=260]
Position [agent=a2, id=null, cell=Cell [x=4, y=6], time=2013-06-11 13:56:22.069, clock=260]
Position [agent=a1, id=null, cell=Cell [x=4, y=6], time=2013-06-11 13:56:22.968, clock=261]
Position [agent=a3, id=null, cell=Cell [x=6, y=6], time=2013-06-11 13:56:23.255, clock=261]
Position [agent=a2, id=null, cell=Cell [x=3, y=6], time=2013-06-11 13:56:23.542, clock=262]
Position [agent=a1, id=null, cell=Cell [x=3, y=6], time=2013-06-11 13:56:23.99, clock=262]
Position [agent=a2, id=null, cell=Cell [x=2, y=6], time=2013-06-11 13:56:24.388, clock=263]
Position [agent=a3, id=null, cell=Cell [x=5, y=6], time=2013-06-11 13:56:25.578, clock=263]
Position [agent=a2, id=null, cell=Cell [x=2, y=5], time=2013-06-11 13:56:25.586, clock=264]
Position [agent=a1, id=null, cell=Cell [x=2, y=6], time=2013-06-11 13:56:25.948, clock=264]
Position [agent=a2, id=null, cell=Cell [x=2, y=4], time=2013-06-11 13:56:27.637, clock=265]
Position [agent=a3, id=null, cell=Cell [x=4, y=6], time=2013-06-11 13:56:27.641, clock=265]
Position [agent=a1, id=null, cell=Cell [x=2, y=5], time=2013-06-11 13:56:27.649, clock=266]
Position [agent=a1, id=null, cell=Cell [x=2, y=4], time=2013-06-11 13:56:28.75, clock=267]
Position [agent=a3, id=null, cell=Cell [x=3, y=6], time=2013-06-11 13:56:29.065, clock=267]
Position [agent=a2, id=null, cell=Cell [x=2, y=3], time=2013-06-11 13:56:29.505, clock=268]
Position [agent=a3, id=null, cell=Cell [x=2, y=6], time=2013-06-11 13:56:29.923, clock=268]
Position [agent=a1, id=null, cell=Cell [x=2, y=3], time=2013-06-11 13:56:30.435, clock=269]
Position [agent=a1, id=null, cell=Cell [x=2, y=2], time=2013-06-11 13:56:31.392, clock=270]
Position [agent=a3, id=null, cell=Cell [x=2, y=5], time=2013-06-11 13:56:31.932, clock=270]
Position [agent=a2, id=null, cell=Cell [x=2, y=2], time=2013-06-11 13:56:32.361, clock=271]
Position [agent=a3, id=null, cell=Cell [x=2, y=4], time=2013-06-11 13:56:32.825, clock=271]
Position [agent=a2, id=null, cell=Cell [x=2, y=3], time=2013-06-11 13:56:33.75, clock=272]
Position [agent=a1, id=null, cell=Cell [x=2, y=3], time=2013-06-11 13:56:34.169, clock=272]
Position [agent=a3, id=null, cell=Cell [x=2, y=3], time=2013-06-11 13:56:34.465, clock=273]
Position [agent=a3, id=null, cell=Cell [x=2, y=2], time=2013-06-11 13:56:35.114, clock=273]
Position [agent=a1, id=null, cell=Cell [x=2, y=4], time=2013-06-11 13:56:35.745, clock=274]
Position [agent=a2, id=null, cell=Cell [x=2, y=4], time=2013-06-11 13:56:36.105, clock=274]
Position [agent=a3, id=null, cell=Cell [x=2, y=3], time=2013-06-11 13:56:36.403, clock=275]
Position [agent=a3, id=null, cell=Cell [x=2, y=4], time=2013-06-11 13:56:37.301, clock=276]
Position [agent=a2, id=null, cell=Cell [x=2, y=5], time=2013-06-11 13:56:37.723, clock=276]
Position [agent=a1, id=null, cell=Cell [x=2, y=5], time=2013-06-11 13:56:38.389, clock=277]
Position [agent=a2, id=null, cell=Cell [x=2, y=6], time=2013-06-11 13:56:38.704, clock=277]
Position [agent=a3, id=null, cell=Cell [x=2, y=5], time=2013-06-11 13:56:39.288, clock=278]
Position [agent=a3, id=null, cell=Cell [x=2, y=6], time=2013-06-11 13:56:39.968, clock=278]
Position [agent=a2, id=null, cell=Cell [x=2, y=7], time=2013-06-11 13:56:40.393, clock=279]
Position [agent=a1, id=null, cell=Cell [x=2, y=6], time=2013-06-11 13:56:40.908, clock=279]
Position [agent=a2, id=null, cell=Cell [x=2, y=8], time=2013-06-11 13:56:41.328, clock=280]
Position [agent=a3, id=null, cell=Cell [x=2, y=7], time=2013-06-11 13:56:41.783, clock=280]
Position [agent=a3, id=null, cell=Cell [x=2, y=8], time=2013-06-11 13:56:42.507, clock=281]
Position [agent=a2, id=null, cell=Cell [x=2, y=9], time=2013-06-11 13:56:42.943, clock=281]
Position [agent=a1, id=null, cell=Cell [x=2, y=7], time=2013-06-11 13:56:43.484, clock=282]
Position [agent=a2, id=null, cell=Cell [x=2, y=10], time=2013-06-11 13:56:43.799, clock=282]
Position [agent=a3, id=null, cell=Cell [x=2, y=9], time=2013-06-11 13:56:44.317, clock=283]
Position [agent=a3, id=null, cell=Cell [x=2, y=10], time=2013-06-11 13:56:45.03, clock=283]
Position [agent=a2, id=null, cell=Cell [x=2, y=11], time=2013-06-11 13:56:45.458, clock=284]
Position [agent=a1, id=null, cell=Cell [x=2, y=8], time=2013-06-11 13:56:45.99, clock=284]
Position [agent=a2, id=null, cell=Cell [x=2, y=12], time=2013-06-11 13:56:46.318, clock=285]
Position [agent=a3, id=null, cell=Cell [x=2, y=11], time=2013-06-11 13:56:46.751, clock=285]
Position [agent=a3, id=null, cell=Cell [x=2, y=12], time=2013-06-11 13:56:47.501, clock=286]
Position [agent=a2, id=null, cell=Cell [x=2, y=13], time=2013-06-11 13:56:47.92, clock=286]
Position [agent=a1, id=null, cell=Cell [x=2, y=9], time=2013-06-11 13:56:48.459, clock=287]
Position [agent=a2, id=null, cell=Cell [x=2, y=14], time=2013-06-11 13:56:48.758, clock=287]
Position [agent=a3, id=null, cell=Cell [x=2, y=13], time=2013-06-11 13:56:49.312, clock=288]
Position [agent=a3, id=null, cell=Cell [x=2, y=14], time=2013-06-11 13:56:50.052, clock=288]
Position [agent=a2, id=null, cell=Cell [x=2, y=15], time=2013-06-11 13:56:50.491, clock=289]
Position [agent=a1, id=null, cell=Cell [x=2, y=10], time=2013-06-11 13:56:51.017, clock=289]
Position [agent=a2, id=null, cell=Cell [x=2, y=16], time=2013-06-11 13:56:51.366, clock=290]
Position [agent=a3, id=null, cell=Cell [x=2, y=15], time=2013-06-11 13:56:51.807, clock=290]
Position [agent=a3, id=null, cell=Cell [x=2, y=16], time=2013-06-11 13:56:52.557, clock=291]
Position [agent=a2, id=null, cell=Cell [x=3, y=16], time=2013-06-11 13:56:52.993, clock=291]
Position [agent=a1, id=null, cell=Cell [x=2, y=11], time=2013-06-11 13:56:53.523, clock=292]
Position [agent=a2, id=null, cell=Cell [x=4, y=16], time=2013-06-11 13:56:53.878, clock=292]
Position [agent=a3, id=null, cell=Cell [x=3, y=16], time=2013-06-11 13:56:54.291, clock=293]
Position [agent=a2, id=null, cell=Cell [x=5, y=16], time=2013-06-11 13:56:54.933, clock=293]
Position [agent=a1, id=null, cell=Cell [x=2, y=12], time=2013-06-11 13:56:55.474, clock=294]
Position [agent=a2, id=null, cell=Cell [x=6, y=16], time=2013-06-11 13:56:55.833, clock=294]
Position [agent=a3, id=null, cell=Cell [x=4, y=16], time=2013-06-11 13:56:56.297, clock=295]
Position [agent=a2, id=null, cell=Cell [x=7, y=16], time=2013-06-11 13:56:56.943, clock=295]
Position [agent=a1, id=null, cell=Cell [x=2, y=13], time=2013-06-11 13:56:57.495, clock=296]
Position [agent=a2, id=null, cell=Cell [x=8, y=16], time=2013-06-11 13:56:57.828, clock=296]
Position [agent=a3, id=null, cell=Cell [x=5, y=16], time=2013-06-11 13:56:58.291, clock=297]
Position [agent=a2, id=null, cell=Cell [x=9, y=16], time=2013-06-11 13:56:58.927, clock=297]
Position [agent=a1, id=null, cell=Cell [x=2, y=14], time=2013-06-11 13:56:59.48, clock=298]
Position [agent=a2, id=null, cell=Cell [x=10, y=16], time=2013-06-11 13:56:59.809, clock=298]
Position [agent=a3, id=null, cell=Cell [x=6, y=16], time=2013-06-11 13:57:00.301, clock=299]
Position [agent=a2, id=null, cell=Cell [x=11, y=16], time=2013-06-11 13:57:00.94, clock=299]
Position [agent=a1, id=null, cell=Cell [x=2, y=15], time=2013-06-11 13:57:01.371, clock=300]
Position [agent=a2, id=null, cell=Cell [x=12, y=16], time=2013-06-11 13:57:01.837, clock=300]
Position [agent=a3, id=null, cell=Cell [x=7, y=16], time=2013-06-11 13:57:02.304, clock=301]
Position [agent=a2, id=null, cell=Cell [x=13, y=16], time=2013-06-11 13:57:02.954, clock=301]
Position [agent=a1, id=null, cell=Cell [x=2, y=16], time=2013-06-11 13:57:03.397, clock=302]
Position [agent=a2, id=null, cell=Cell [x=14, y=16], time=2013-06-11 13:57:03.887, clock=302]
Position [agent=a3, id=null, cell=Cell [x=8, y=16], time=2013-06-11 13:57:04.299, clock=303]
Position [agent=a2, id=null, cell=Cell [x=15, y=16], time=2013-06-11 13:57:04.945, clock=303]
Position [agent=a1, id=null, cell=Cell [x=3, y=16], time=2013-06-11 13:57:05.497, clock=304]
Position [agent=a2, id=null, cell=Cell [x=16, y=16], time=2013-06-11 13:57:05.86, clock=304]
Position [agent=a3, id=null, cell=Cell [x=9, y=16], time=2013-06-11 13:57:06.325, clock=305]
Position [agent=a2, id=null, cell=Cell [x=15, y=16], time=2013-06-11 13:57:06.96, clock=305]
Position [agent=a1, id=null, cell=Cell [x=4, y=16], time=2013-06-11 13:57:07.53, clock=306]
-------------------------last log tuples end----------------------------------
register a1
register a2
register a3
register c1
register t1
org reading notification
Organization notifies agent (write): Obligation [agent=a1, obligation=[makeReading(16, 16)], sanction=[reduce_400(a1)], deadline=72, time=2013-06-11 14:06:44.725, clock=0]
Organization notifies agent (write): Obligation [agent=a1, obligation=[makeReading(2, 2)], sanction=[reduce_400(a1)], deadline=72, time=2013-06-11 14:06:45.418, clock=0]
Organization notifies agent (write): Obligation [agent=a2, obligation=[makeReading(8, 6)], sanction=[reduce_400(a2)], deadline=72, time=2013-06-11 14:06:45.627, clock=0]
agent obligation notification a1 number 2
Obligation [agent=a1, obligation=null, sanction=null, deadline=null, time=null, clock=null] 1970-01-01 01:00:00.0 - 2013-06-11 14:06:45.961
Event sent to agent      a1 obligation(makeReading(16, 16), 72, reduce_400(a1))
Event sent to agent      a1 obligation(makeReading(2, 2), 72, reduce_400(a1))
Event processed adoptObligation(makeReading(16, 16), 72, reduce_400(a1))
Event processed adoptObligation(makeReading(2, 2), 72, reduce_400(a1))
Organization notifies agent (write): Obligation [agent=a2, obligation=[makeReading(16, 16)], sanction=[reduce_400(a2)], deadline=72, time=2013-06-11 14:06:46.325, clock=0]
Organization notifies agent (write): Obligation [agent=a2, obligation=[makeReading(2, 2)], sanction=[reduce_400(a2)], deadline=72, time=2013-06-11 14:06:46.535, clock=0]
agent obligation notification a2 number 3
Obligation [agent=a2, obligation=null, sanction=null, deadline=null, time=null, clock=null] 1970-01-01 01:00:00.0 - 2013-06-11 14:06:46.696
Event sent to agent      a2 obligation(makeReading(8, 6), 72, reduce_400(a2))
Event sent to agent      a2 obligation(makeReading(16, 16), 72, reduce_400(a2))
Event sent to agent      a2 obligation(makeReading(2, 2), 72, reduce_400(a2))
Event processed adoptObligation(makeReading(8, 6), 72, reduce_400(a2))
Event processed adoptObligation(makeReading(16, 16), 72, reduce_400(a2))
Event processed adoptObligation(makeReading(2, 2), 72, reduce_400(a2))
Organization notifies agent (write): Obligation [agent=a3, obligation=[makeReading(8, 6)], sanction=[reduce_400(a3)], deadline=72, time=2013-06-11 14:06:47.256, clock=0]
Organization notifies agent (write): Obligation [agent=a3, obligation=[makeReading(16, 16)], sanction=[reduce_400(a3)], deadline=72, time=2013-06-11 14:06:47.474, clock=0]
agent obligation notification a3 number 2
Obligation [agent=a3, obligation=null, sanction=null, deadline=null, time=null, clock=null] 1970-01-01 01:00:00.0 - 2013-06-11 14:06:47.577
Event sent to agent      a3 obligation(makeReading(8, 6), 72, reduce_400(a3))
Event sent to agent      a3 obligation(makeReading(16, 16), 72, reduce_400(a3))
Event processed adoptObligation(makeReading(8, 6), 72, reduce_400(a3))
Event processed adoptObligation(makeReading(16, 16), 72, reduce_400(a3))
Organization notifies agent (write): Obligation [agent=a3, obligation=[makeReading(2, 2)], sanction=[reduce_400(a3)], deadline=72, time=2013-06-11 14:06:48.465, clock=0]
Organization notifies agent (write): Prohibition [agent=t1, prohibition=[at(5, 5, t1)], sanction=[reduce_300(t1)], clock=0, time=2013-06-11 14:06:48.467]
Organization notifies agent (write): Prohibition [agent=t1, prohibition=[at(5, 6, t1)], sanction=[reduce_300(t1)], clock=0, time=2013-06-11 14:06:48.468]
Organization notifies agent (write): Prohibition [agent=t1, prohibition=[at(6, 5, t1)], sanction=[reduce_300(t1)], clock=0, time=2013-06-11 14:06:48.469]
Organization notifies agent (write): Prohibition [agent=t1, prohibition=[at(6, 6, t1)], sanction=[reduce_300(t1)], clock=0, time=2013-06-11 14:06:48.471]
agent obligation notification a3 number 3
Obligation [agent=a3, obligation=null, sanction=null, deadline=null, time=null, clock=null] 2013-06-11 14:06:47.577 - 2013-06-11 14:06:50.087
Event sent to agent      a3 obligation(makeReading(2, 2), 72, reduce_400(a3))
agent prohibition notification t1 number 4
Organization notifies agent (write): Prohibition [agent=c1, prohibition=[coin(5, 5, a1)], sanction=[reduce_300(c1)], clock=0, time=2013-06-11 14:06:50.333]
Organization notifies agent (write): Prohibition [agent=c1, prohibition=[coin(5, 6, a1)], sanction=[reduce_300(c1)], clock=0, time=2013-06-11 14:06:50.334]
Organization notifies agent (write): Prohibition [agent=c1, prohibition=[coin(6, 5, a1)], sanction=[reduce_300(c1)], clock=0, time=2013-06-11 14:06:50.336]
Organization notifies agent (write): Prohibition [agent=c1, prohibition=[coin(6, 6, a1)], sanction=[reduce_300(c1)], clock=0, time=2013-06-11 14:06:50.338]
Organization notifies agent (write): Prohibition [agent=c1, prohibition=[coin(5, 5, a2)], sanction=[reduce_300(c1)], clock=0, time=2013-06-11 14:06:50.339]
Organization notifies agent (write): Prohibition [agent=c1, prohibition=[coin(5, 6, a2)], sanction=[reduce_300(c1)], clock=0, time=2013-06-11 14:06:50.342]
Organization notifies agent (write): Prohibition [agent=c1, prohibition=[coin(6, 5, a2)], sanction=[reduce_300(c1)], clock=0, time=2013-06-11 14:06:50.347]
Organization notifies agent (write): Prohibition [agent=c1, prohibition=[coin(6, 6, a2)], sanction=[reduce_300(c1)], clock=0, time=2013-06-11 14:06:50.349]
Organization notifies agent (write): Prohibition [agent=c1, prohibition=[coin(5, 5, a3)], sanction=[reduce_300(c1)], clock=0, time=2013-06-11 14:06:50.35]
Organization notifies agent (write): Prohibition [agent=c1, prohibition=[coin(5, 6, a3)], sanction=[reduce_300(c1)], clock=0, time=2013-06-11 14:06:50.354]
Organization notifies agent (write): Prohibition [agent=c1, prohibition=[coin(6, 5, a3)], sanction=[reduce_300(c1)], clock=0, time=2013-06-11 14:06:50.356]
Organization notifies agent (write): Prohibition [agent=c1, prohibition=[coin(6, 6, a3)], sanction=[reduce_300(c1)], clock=0, time=2013-06-11 14:06:50.36]
Prohibition [agent=t1, prohibition=null, sanction=null, clock=null, time=null] 1970-01-01 01:00:00.0 - 2013-06-11 14:06:50.3
Event sent to agent      t1 prohibition(at(5, 5, t1), reduce_300(t1))
Event sent to agent      t1 prohibition(at(5, 6, t1), reduce_300(t1))
Event sent to agent      t1 prohibition(at(6, 5, t1), reduce_300(t1))
Event sent to agent      t1 prohibition(at(6, 6, t1), reduce_300(t1))
Event processed aprohibition(at(5, 5, t1), reduce_300(t1))
Event processed aprohibition(at(5, 6, t1), reduce_300(t1))
Event processed aprohibition(at(6, 5, t1), reduce_300(t1))
Event processed aprohibition(at(6, 6, t1), reduce_300(t1))
Event processed adoptObligation(makeReading(2, 2), 72, reduce_400(a3))
Organization notifies agent (write): Prohibition [agent=a2, prohibition=[makeReading(8, 19, a2)], sanction=[reduce_300(a2)], clock=0, time=2013-06-11 14:06:52.276]
Organization notifies agent (write): Prohibition [agent=a3, prohibition=[makeReading(11, 1, a3)], sanction=[reduce_300(a3)], clock=0, time=2013-06-11 14:06:53.841]
Organization notifies agent (write): Prohibition [agent=a1, prohibition=[at(5, 5, a1)], sanction=[reduce_300(a1)], clock=0, time=2013-06-11 14:06:53.843]
Organization notifies agent (write): Prohibition [agent=a1, prohibition=[at(5, 6, a1)], sanction=[reduce_300(a1)], clock=0, time=2013-06-11 14:06:53.844]
Organization notifies agent (write): Prohibition [agent=a1, prohibition=[at(6, 5, a1)], sanction=[reduce_300(a1)], clock=0, time=2013-06-11 14:06:53.846]
Organization notifies agent (write): Prohibition [agent=a1, prohibition=[at(6, 6, a1)], sanction=[reduce_300(a1)], clock=0, time=2013-06-11 14:06:53.848]
Organization notifies agent (write): Prohibition [agent=a2, prohibition=[at(5, 5, a2)], sanction=[reduce_300(a2)], clock=0, time=2013-06-11 14:06:53.849]
Organization notifies agent (write): Prohibition [agent=a2, prohibition=[at(5, 6, a2)], sanction=[reduce_300(a2)], clock=0, time=2013-06-11 14:06:53.85]
Organization notifies agent (write): Prohibition [agent=a2, prohibition=[at(6, 5, a2)], sanction=[reduce_300(a2)], clock=0, time=2013-06-11 14:06:53.851]
Organization notifies agent (write): Prohibition [agent=a2, prohibition=[at(6, 6, a2)], sanction=[reduce_300(a2)], clock=0, time=2013-06-11 14:06:53.852]
Organization notifies agent (write): Prohibition [agent=a3, prohibition=[at(5, 5, a3)], sanction=[reduce_300(a3)], clock=0, time=2013-06-11 14:06:53.853]
Organization notifies agent (write): Prohibition [agent=a3, prohibition=[at(5, 6, a3)], sanction=[reduce_300(a3)], clock=0, time=2013-06-11 14:06:53.854]
Organization notifies agent (write): Prohibition [agent=a3, prohibition=[at(6, 5, a3)], sanction=[reduce_300(a3)], clock=0, time=2013-06-11 14:06:53.855]
Organization notifies agent (write): Prohibition [agent=a3, prohibition=[at(6, 6, a3)], sanction=[reduce_300(a3)], clock=0, time=2013-06-11 14:06:53.856]
Organization notifies agent (write): Obligation [agent=a1, obligation=[makeReading(8, 6)], sanction=[reduce_400(a1)], deadline=72, time=2013-06-11 14:07:14.842, clock=0]
test.
Lookup locator: jini://10.154.154.26/
Service Registrar: 052cc499-efa3-4995-a9c4-d29ebfc01764
