test2.
Service Registrar: 052cc499-efa3-4995-a9c4-d29ebfc01764
Java Space found.
TransactionManager found.
-------------------------last log tuples start--------------------------------
Time [clock=1, time=2013-06-11 15:31:10.326]
Time [clock=2, time=2013-06-11 15:31:11.002]
Time [clock=3, time=2013-06-11 15:31:12.002]
Time [clock=4, time=2013-06-11 15:31:13.003]
Time [clock=5, time=2013-06-11 15:31:14.042]
Time [clock=6, time=2013-06-11 15:31:15.006]
Position [agent=a1, id=null, cell=Cell [x=3, y=4], time=2013-06-11 15:31:17.922, clock=8]
Time [clock=7, time=2013-06-11 15:31:16.004]
Time [clock=8, time=2013-06-11 15:31:17.013]
Time [clock=9, time=2013-06-11 15:31:18.017]
Time [clock=10, time=2013-06-11 15:31:19.029]
Time [clock=11, time=2013-06-11 15:31:20.024]
Time [clock=12, time=2013-06-11 15:31:21.033]
Time [clock=13, time=2013-06-11 15:31:22.027]
Time [clock=14, time=2013-06-11 15:31:23.025]
Time [clock=15, time=2013-06-11 15:31:24.027]
Time [clock=16, time=2013-06-11 15:31:25.031]
Time [clock=17, time=2013-06-11 15:31:26.031]
Time [clock=18, time=2013-06-11 15:31:27.039]
Time [clock=19, time=2013-06-11 15:31:28.04]
Time [clock=20, time=2013-06-11 15:31:29.037]
Time [clock=21, time=2013-06-11 15:31:30.04]
Time [clock=22, time=2013-06-11 15:31:31.041]
Time [clock=23, time=2013-06-11 15:31:32.055]
Time [clock=24, time=2013-06-11 15:31:33.043]
Position [agent=a1, id=null, cell=Cell [x=3, y=5], time=2013-06-11 15:31:18.688, clock=9]
Time [clock=25, time=2013-06-11 15:31:34.044]
Time [clock=26, time=2013-06-11 15:31:35.085]
Time [clock=27, time=2013-06-11 15:31:36.045]
Time [clock=28, time=2013-06-11 15:31:37.046]
Time [clock=29, time=2013-06-11 15:31:38.046]
Time [clock=30, time=2013-06-11 15:31:39.045]
Time [clock=31, time=2013-06-11 15:31:40.049]
Position [agent=a2, id=null, cell=Cell [x=7, y=19], time=2013-06-11 15:31:18.925, clock=9]
Time [clock=32, time=2013-06-11 15:31:41.05]
Time [clock=33, time=2013-06-11 15:31:42.05]
Time [clock=34, time=2013-06-11 15:31:43.054]
Time [clock=35, time=2013-06-11 15:31:44.052]
Time [clock=36, time=2013-06-11 15:31:45.051]
Time [clock=37, time=2013-06-11 15:31:46.052]
Time [clock=38, time=2013-06-11 15:31:47.057]
Time [clock=39, time=2013-06-11 15:31:48.063]
Position [agent=a3, id=null, cell=Cell [x=11, y=2], time=2013-06-11 15:31:19.231, clock=9]
Time [clock=40, time=2013-06-11 15:31:49.056]
Time [clock=41, time=2013-06-11 15:31:50.098]
Time [clock=42, time=2013-06-11 15:31:51.057]
Time [clock=43, time=2013-06-11 15:31:52.058]
Time [clock=44, time=2013-06-11 15:31:53.059]
Position [agent=t1, id=null, cell=Cell [x=18, y=19], time=2013-06-11 15:31:19.572, clock=10]
Position [agent=a3, id=null, cell=Cell [x=11, y=3], time=2013-06-11 15:31:19.852, clock=10]
Position [agent=a2, id=null, cell=Cell [x=6, y=19], time=2013-06-11 15:31:20.476, clock=11]
Time [clock=45, time=2013-06-11 15:31:54.061]
Time [clock=46, time=2013-06-11 15:31:55.061]
Time [clock=47, time=2013-06-11 15:31:56.062]
Time [clock=48, time=2013-06-11 15:31:57.064]
Time [clock=49, time=2013-06-11 15:31:58.065]
Time [clock=50, time=2013-06-11 15:31:59.067]
Time [clock=51, time=2013-06-11 15:32:00.068]
Time [clock=52, time=2013-06-11 15:32:01.067]
Time [clock=53, time=2013-06-11 15:32:02.069]
Time [clock=54, time=2013-06-11 15:32:03.069]
Time [clock=55, time=2013-06-11 15:32:04.069]
Position [agent=a1, id=null, cell=Cell [x=4, y=5], time=2013-06-11 15:31:20.738, clock=11]
Time [clock=56, time=2013-06-11 15:32:05.111]
Time [clock=57, time=2013-06-11 15:32:06.073]
Time [clock=58, time=2013-06-11 15:32:07.072]
Time [clock=59, time=2013-06-11 15:32:08.073]
Time [clock=60, time=2013-06-11 15:32:09.075]
Time [clock=61, time=2013-06-11 15:32:10.075]
Time [clock=62, time=2013-06-11 15:32:11.077]
Time [clock=63, time=2013-06-11 15:32:12.078]
Time [clock=64, time=2013-06-11 15:32:13.078]
Time [clock=65, time=2013-06-11 15:32:14.079]
Time [clock=66, time=2013-06-11 15:32:15.08]
Time [clock=67, time=2013-06-11 15:32:16.083]
Time [clock=68, time=2013-06-11 15:32:17.084]
Time [clock=69, time=2013-06-11 15:32:18.083]
Time [clock=70, time=2013-06-11 15:32:19.083]
Time [clock=71, time=2013-06-11 15:32:20.086]
Time [clock=72, time=2013-06-11 15:32:21.086]
Time [clock=73, time=2013-06-11 15:32:22.087]
Time [clock=74, time=2013-06-11 15:32:23.105]
Position [agent=a2, id=null, cell=Cell [x=5, y=19], time=2013-06-11 15:31:21.2, clock=11]
Time [clock=75, time=2013-06-11 15:32:24.089]
Time [clock=76, time=2013-06-11 15:32:25.091]
Time [clock=77, time=2013-06-11 15:32:26.091]
Position [agent=a3, id=null, cell=Cell [x=11, y=4], time=2013-06-11 15:31:21.681, clock=12]
Position [agent=t1, id=null, cell=Cell [x=17, y=19], time=2013-06-11 15:31:21.908, clock=12]
Time [clock=78, time=2013-06-11 15:32:27.092]
Time [clock=79, time=2013-06-11 15:32:28.093]
Time [clock=80, time=2013-06-11 15:32:29.094]
Time [clock=81, time=2013-06-11 15:32:30.095]
Time [clock=82, time=2013-06-11 15:32:31.135]
Position [agent=a2, id=null, cell=Cell [x=4, y=19], time=2013-06-11 15:31:22.126, clock=12]
Time [clock=83, time=2013-06-11 15:32:32.098]
Time [clock=84, time=2013-06-11 15:32:33.098]
Time [clock=85, time=2013-06-11 15:32:34.099]
Time [clock=86, time=2013-06-11 15:32:35.105]
Time [clock=87, time=2013-06-11 15:32:36.101]
Position [agent=a1, id=null, cell=Cell [x=5, y=5], time=2013-06-11 15:31:22.621, clock=13]
Time [clock=88, time=2013-06-11 15:32:37.103]
Time [clock=89, time=2013-06-11 15:32:38.103]
Time [clock=90, time=2013-06-11 15:32:39.104]
Position [agent=a2, id=null, cell=Cell [x=3, y=19], time=2013-06-11 15:31:22.864, clock=13]
Time [clock=91, time=2013-06-11 15:32:40.104]
Time [clock=92, time=2013-06-11 15:32:41.106]
Time [clock=93, time=2013-06-11 15:32:42.106]
Position [agent=t1, id=null, cell=Cell [x=16, y=19], time=2013-06-11 15:31:23.472, clock=14]
Time [clock=94, time=2013-06-11 15:32:43.107]
Position [agent=a3, id=null, cell=Cell [x=11, y=5], time=2013-06-11 15:31:23.72, clock=14]
Time [clock=95, time=2013-06-11 15:32:44.108]
Time [clock=96, time=2013-06-11 15:32:45.108]
Time [clock=97, time=2013-06-11 15:32:46.15]
Time [clock=98, time=2013-06-11 15:32:47.11]
Time [clock=99, time=2013-06-11 15:32:48.11]
Time [clock=100, time=2013-06-11 15:32:49.111]
Time [clock=101, time=2013-06-11 15:32:50.111]
Position [agent=t1, id=null, cell=Cell [x=15, y=19], time=2013-06-11 15:31:23.948, clock=14]
Time [clock=102, time=2013-06-11 15:32:51.112]
Time [clock=103, time=2013-06-11 15:32:52.113]
Time [clock=104, time=2013-06-11 15:32:53.114]
Position [agent=a2, id=null, cell=Cell [x=3, y=18], time=2013-06-11 15:31:24.396, clock=15]
Time [clock=105, time=2013-06-11 15:32:54.113]
Time [clock=106, time=2013-06-11 15:32:55.121]
Time [clock=107, time=2013-06-11 15:32:56.116]
Time [clock=108, time=2013-06-11 15:32:57.116]
Time [clock=109, time=2013-06-11 15:32:58.118]
Position [agent=t1, id=null, cell=Cell [x=14, y=19], time=2013-06-11 15:31:24.87, clock=15]
Reading [id=null, agent=a2, cell=Cell [x=8, y=19], time=2013-06-11 15:31:16.862, value=0.0, clock=0]
ActionRequest [id=null, agent=a3, type=reading, cell=Cell [x=11, y=1], clock=0, time=2013-06-11 15:31:16.53]
Position [agent=a3, id=null, cell=Cell [x=11, y=6], time=2013-06-11 15:31:25.143, clock=15]
ActionRequest [id=null, agent=a2, type=reading, cell=Cell [x=8, y=19], clock=0, time=2013-06-11 15:31:16.57]
Reading [id=null, agent=a3, cell=Cell [x=11, y=1], time=2013-06-11 15:31:16.899, value=0.0, clock=0]
Position [agent=t1, id=null, cell=Cell [x=13, y=19], time=2013-06-11 15:31:25.351, clock=16]
ActionRequest [id=null, agent=a1, type=reading, cell=Cell [x=5, y=5], clock=0, time=2013-06-11 15:31:22.785]
ActionRequest [id=null, agent=a2, type=reading, cell=Cell [x=2, y=2], clock=0, time=2013-06-11 15:32:30.592]
Cargo [id=null, cell=Cell [x=19, y=19], time=2013-06-11 15:31:19.482, clock=8]
Obligation [agent=a1, obligation=[makeReading(2, 2)], sanction=[reduce_400(a1)], deadline=58, time=2013-06-11 15:31:21.223, clock=0]
Reading [id=null, agent=a1, cell=Cell [x=5, y=5], time=2013-06-11 15:32:22.566, value=0.0, clock=0]
ActionRequest [id=null, agent=a1, type=reading, cell=Cell [x=16, y=16], clock=0, time=2013-06-11 15:32:45.282]
Obligation [agent=a2, obligation=[makeReading(8, 6)], sanction=[reduce_400(a2)], deadline=58, time=2013-06-11 15:31:22.182, clock=0]
Prohibition [agent=t1, prohibition=[at(5, 5, t1)], sanction=[reduce_300(t1)], clock=0, time=2013-06-11 15:31:25.446]
Obligation [agent=a2, obligation=[makeReading(16, 16)], sanction=[reduce_400(a2)], deadline=58, time=2013-06-11 15:31:22.876, clock=0]
Prohibition [agent=t1, prohibition=[at(5, 6, t1)], sanction=[reduce_300(t1)], clock=0, time=2013-06-11 15:31:25.448]
Position [agent=a2, id=null, cell=Cell [x=3, y=17], time=2013-06-11 15:31:25.825, clock=16]
Obligation [agent=a2, obligation=[makeReading(2, 2)], sanction=[reduce_400(a2)], deadline=58, time=2013-06-11 15:31:23.098, clock=0]
Obligation [agent=a3, obligation=[makeReading(8, 6)], sanction=[reduce_400(a3)], deadline=58, time=2013-06-11 15:31:24.023, clock=0]
Obligation [agent=a3, obligation=[makeReading(16, 16)], sanction=[reduce_400(a3)], deadline=58, time=2013-06-11 15:31:24.475, clock=0]
Prohibition [agent=t1, prohibition=[at(6, 5, t1)], sanction=[reduce_300(t1)], clock=0, time=2013-06-11 15:31:25.449]
Obligation [agent=a3, obligation=[makeReading(2, 2)], sanction=[reduce_400(a3)], deadline=58, time=2013-06-11 15:31:25.444, clock=0]
Position [agent=t1, id=null, cell=Cell [x=12, y=19], time=2013-06-11 15:31:26.401, clock=17]
Obligation [agent=a1, obligation=[makeReading(8, 6)], sanction=[reduce_400(a1)], deadline=58, time=2013-06-11 15:31:50.651, clock=0]
Position [agent=a3, id=null, cell=Cell [x=11, y=7], time=2013-06-11 15:31:26.644, clock=17]
Position [agent=a2, id=null, cell=Cell [x=3, y=16], time=2013-06-11 15:31:27.13, clock=17]
Position [agent=a3, id=null, cell=Cell [x=11, y=8], time=2013-06-11 15:31:27.385, clock=18]
Position [agent=t1, id=null, cell=Cell [x=11, y=19], time=2013-06-11 15:31:27.852, clock=18]
Obligation [agent=a1, obligation=[makeReading(16, 16)], sanction=[reduce_400(a1)], deadline=58, time=2013-06-11 15:31:50.858, clock=0]
Position [agent=a3, id=null, cell=Cell [x=11, y=9], time=2013-06-11 15:31:28.472, clock=19]
Obligation [agent=a1, obligation=[makeReading(8, 6)], sanction=[reduce_400(a1)], deadline=120, time=2013-06-11 15:32:20.221, clock=0]
Position [agent=a2, id=null, cell=Cell [x=3, y=15], time=2013-06-11 15:31:28.717, clock=19]
Obligation [agent=a1, obligation=[makeReading(16, 16)], sanction=[reduce_400(a1)], deadline=120, time=2013-06-11 15:32:20.427, clock=0]
Position [agent=t1, id=null, cell=Cell [x=10, y=19], time=2013-06-11 15:31:28.916, clock=19]
Obligation [agent=a1, obligation=[makeReading(2, 2)], sanction=[reduce_400(a1)], deadline=120, time=2013-06-11 15:32:20.632, clock=0]
Obligation [agent=a2, obligation=[makeReading(8, 6)], sanction=[reduce_400(a2)], deadline=120, time=2013-06-11 15:32:20.839, clock=0]
Obligation [agent=a2, obligation=[makeReading(16, 16)], sanction=[reduce_400(a2)], deadline=120, time=2013-06-11 15:32:21.045, clock=0]
Position [agent=t1, id=null, cell=Cell [x=9, y=19], time=2013-06-11 15:31:29.536, clock=20]
Position [agent=a2, id=null, cell=Cell [x=3, y=14], time=2013-06-11 15:31:29.802, clock=20]
Position [agent=a3, id=null, cell=Cell [x=11, y=10], time=2013-06-11 15:31:30.068, clock=20]
Prohibition [agent=t1, prohibition=[at(6, 6, t1)], sanction=[reduce_300(t1)], clock=0, time=2013-06-11 15:31:25.451]
Position [agent=a2, id=null, cell=Cell [x=3, y=13], time=2013-06-11 15:31:30.4, clock=21]
Prohibition [agent=c1, prohibition=[coin(5, 5, a1)], sanction=[reduce_300(c1)], clock=0, time=2013-06-11 15:31:25.895]
Position [agent=t1, id=null, cell=Cell [x=8, y=19], time=2013-06-11 15:31:30.621, clock=21]
Position [agent=t1, id=null, cell=Cell [x=7, y=19], time=2013-06-11 15:31:31.383, clock=22]
Position [agent=a2, id=null, cell=Cell [x=3, y=12], time=2013-06-11 15:31:31.631, clock=22]
Obligation [agent=a2, obligation=[makeReading(2, 2)], sanction=[reduce_400(a2)], deadline=120, time=2013-06-11 15:32:21.252, clock=0]
Position [agent=a3, id=null, cell=Cell [x=11, y=11], time=2013-06-11 15:31:31.888, clock=22]
Prohibition [agent=c1, prohibition=[coin(5, 6, a1)], sanction=[reduce_300(c1)], clock=0, time=2013-06-11 15:31:25.896]
Obligation [agent=a3, obligation=[makeReading(8, 6)], sanction=[reduce_400(a3)], deadline=120, time=2013-06-11 15:32:21.459, clock=0]
Prohibition [agent=c1, prohibition=[coin(6, 5, a1)], sanction=[reduce_300(c1)], clock=0, time=2013-06-11 15:31:25.898]
Obligation [agent=a3, obligation=[makeReading(16, 16)], sanction=[reduce_400(a3)], deadline=120, time=2013-06-11 15:32:21.664, clock=0]
Position [agent=a2, id=null, cell=Cell [x=3, y=11], time=2013-06-11 15:31:32.165, clock=22]
Prohibition [agent=c1, prohibition=[coin(6, 6, a1)], sanction=[reduce_300(c1)], clock=0, time=2013-06-11 15:31:25.901]
Position [agent=t1, id=null, cell=Cell [x=6, y=19], time=2013-06-11 15:31:32.409, clock=23]
Prohibition [agent=c1, prohibition=[coin(5, 5, a2)], sanction=[reduce_300(c1)], clock=0, time=2013-06-11 15:31:25.903]
Prohibition [agent=c1, prohibition=[coin(5, 6, a2)], sanction=[reduce_300(c1)], clock=0, time=2013-06-11 15:31:25.905]
Prohibition [agent=c1, prohibition=[coin(6, 5, a2)], sanction=[reduce_300(c1)], clock=0, time=2013-06-11 15:31:25.913]
Prohibition [agent=c1, prohibition=[coin(6, 6, a2)], sanction=[reduce_300(c1)], clock=0, time=2013-06-11 15:31:25.914]
Prohibition [agent=c1, prohibition=[coin(5, 5, a3)], sanction=[reduce_300(c1)], clock=0, time=2013-06-11 15:31:25.916]
Position [agent=t1, id=null, cell=Cell [x=5, y=19], time=2013-06-11 15:31:33.032, clock=23]
Position [agent=a2, id=null, cell=Cell [x=3, y=10], time=2013-06-11 15:31:33.395, clock=24]
Obligation [agent=a3, obligation=[makeReading(2, 2)], sanction=[reduce_400(a3)], deadline=120, time=2013-06-11 15:32:21.87, clock=0]
Prohibition [agent=c1, prohibition=[coin(5, 6, a3)], sanction=[reduce_300(c1)], clock=0, time=2013-06-11 15:31:25.918]
Prohibition [agent=c1, prohibition=[coin(6, 5, a3)], sanction=[reduce_300(c1)], clock=0, time=2013-06-11 15:31:25.92]
Position [agent=a3, id=null, cell=Cell [x=11, y=12], time=2013-06-11 15:31:33.656, clock=24]
Position [agent=a2, id=null, cell=Cell [x=3, y=9], time=2013-06-11 15:31:33.907, clock=24]
Prohibition [agent=c1, prohibition=[coin(6, 6, a3)], sanction=[reduce_300(c1)], clock=0, time=2013-06-11 15:31:25.921]
Prohibition [agent=a2, prohibition=[makeReading(8, 19, a2)], sanction=[reduce_300(a2)], clock=0, time=2013-06-11 15:31:27.461]
Prohibition [agent=a3, prohibition=[makeReading(11, 1, a3)], sanction=[reduce_300(a3)], clock=0, time=2013-06-11 15:31:27.903]
Prohibition [agent=a1, prohibition=[at(5, 5, a1)], sanction=[reduce_300(a1)], clock=0, time=2013-06-11 15:31:27.905]
Position [agent=t1, id=null, cell=Cell [x=4, y=19], time=2013-06-11 15:31:34.195, clock=24]
Position [agent=t1, id=null, cell=Cell [x=3, y=19], time=2013-06-11 15:31:34.824, clock=25]
Prohibition [agent=a1, prohibition=[at(5, 6, a1)], sanction=[reduce_300(a1)], clock=0, time=2013-06-11 15:31:27.907]
Prohibition [agent=a1, prohibition=[at(6, 5, a1)], sanction=[reduce_300(a1)], clock=0, time=2013-06-11 15:31:27.909]
Prohibition [agent=a1, prohibition=[at(6, 6, a1)], sanction=[reduce_300(a1)], clock=0, time=2013-06-11 15:31:27.912]
Prohibition [agent=a2, prohibition=[at(5, 5, a2)], sanction=[reduce_300(a2)], clock=0, time=2013-06-11 15:31:27.915]
Prohibition [agent=a2, prohibition=[at(5, 6, a2)], sanction=[reduce_300(a2)], clock=0, time=2013-06-11 15:31:27.916]
Prohibition [agent=a2, prohibition=[at(6, 5, a2)], sanction=[reduce_300(a2)], clock=0, time=2013-06-11 15:31:27.936]
Position [agent=a2, id=null, cell=Cell [x=3, y=8], time=2013-06-11 15:31:35.086, clock=25]
Position [agent=a3, id=null, cell=Cell [x=11, y=13], time=2013-06-11 15:31:35.452, clock=26]
Position [agent=a2, id=null, cell=Cell [x=3, y=7], time=2013-06-11 15:31:35.741, clock=26]
Position [agent=t1, id=null, cell=Cell [x=2, y=19], time=2013-06-11 15:31:35.99, clock=26]
Position [agent=a2, id=null, cell=Cell [x=3, y=6], time=2013-06-11 15:31:36.529, clock=27]
Prohibition [agent=a2, prohibition=[at(6, 6, a2)], sanction=[reduce_300(a2)], clock=0, time=2013-06-11 15:31:27.938]
Prohibition [agent=a3, prohibition=[at(5, 5, a3)], sanction=[reduce_300(a3)], clock=0, time=2013-06-11 15:31:27.94]
Position [agent=a3, id=null, cell=Cell [x=11, y=14], time=2013-06-11 15:31:36.94, clock=27]
Prohibition [agent=a3, prohibition=[at(5, 6, a3)], sanction=[reduce_300(a3)], clock=0, time=2013-06-11 15:31:27.942]
Position [agent=t1, id=null, cell=Cell [x=2, y=18], time=2013-06-11 15:31:37.16, clock=27]
Position [agent=t1, id=null, cell=Cell [x=2, y=17], time=2013-06-11 15:31:37.692, clock=28]
Position [agent=a3, id=null, cell=Cell [x=11, y=15], time=2013-06-11 15:31:37.946, clock=28]
Prohibition [agent=a3, prohibition=[at(6, 5, a3)], sanction=[reduce_300(a3)], clock=0, time=2013-06-11 15:31:27.944]
Prohibition [agent=a3, prohibition=[at(6, 6, a3)], sanction=[reduce_300(a3)], clock=0, time=2013-06-11 15:31:27.948]
Prohibition [agent=a1, prohibition=[at(5, 5, a1)], sanction=[reduce_300(a1)], clock=0, time=2013-06-11 15:32:23.013]
Prohibition [agent=a1, prohibition=[makeReading(5, 5, a1)], sanction=[reduce_300(a1)], clock=0, time=2013-06-11 15:32:51.522]
Position [agent=t1, id=null, cell=Cell [x=2, y=16], time=2013-06-11 15:31:38.197, clock=28]
Position [agent=a3, id=null, cell=Cell [x=11, y=16], time=2013-06-11 15:31:38.869, clock=29]
Position [agent=t1, id=null, cell=Cell [x=2, y=15], time=2013-06-11 15:31:39.403, clock=30]
Position [agent=a3, id=null, cell=Cell [x=11, y=17], time=2013-06-11 15:31:39.655, clock=30]
Position [agent=t1, id=null, cell=Cell [x=2, y=14], time=2013-06-11 15:31:40.124, clock=30]
Position [agent=a3, id=null, cell=Cell [x=11, y=18], time=2013-06-11 15:31:40.401, clock=31]
Position [agent=t1, id=null, cell=Cell [x=2, y=13], time=2013-06-11 15:31:40.913, clock=31]
Position [agent=a3, id=null, cell=Cell [x=11, y=19], time=2013-06-11 15:31:41.147, clock=31]
Position [agent=t1, id=null, cell=Cell [x=2, y=12], time=2013-06-11 15:31:41.639, clock=32]
Position [agent=a3, id=null, cell=Cell [x=12, y=19], time=2013-06-11 15:31:41.868, clock=32]
Position [agent=t1, id=null, cell=Cell [x=2, y=11], time=2013-06-11 15:31:42.412, clock=33]
Position [agent=a3, id=null, cell=Cell [x=13, y=19], time=2013-06-11 15:31:42.688, clock=33]
Position [agent=t1, id=null, cell=Cell [x=2, y=10], time=2013-06-11 15:31:43.152, clock=33]
Position [agent=a3, id=null, cell=Cell [x=14, y=19], time=2013-06-11 15:31:43.454, clock=34]
Position [agent=t1, id=null, cell=Cell [x=2, y=9], time=2013-06-11 15:31:44.111, clock=34]
Position [agent=a3, id=null, cell=Cell [x=15, y=19], time=2013-06-11 15:31:44.605, clock=35]
Position [agent=t1, id=null, cell=Cell [x=2, y=8], time=2013-06-11 15:31:44.863, clock=35]
Position [agent=a3, id=null, cell=Cell [x=16, y=19], time=2013-06-11 15:31:45.427, clock=36]
Position [agent=t1, id=null, cell=Cell [x=2, y=7], time=2013-06-11 15:31:45.679, clock=36]
Position [agent=a3, id=null, cell=Cell [x=17, y=19], time=2013-06-11 15:31:46.399, clock=37]
Position [agent=t1, id=null, cell=Cell [x=2, y=6], time=2013-06-11 15:31:46.892, clock=37]
Position [agent=a3, id=null, cell=Cell [x=18, y=19], time=2013-06-11 15:31:47.186, clock=37]
Position [agent=t1, id=null, cell=Cell [x=2, y=5], time=2013-06-11 15:31:47.732, clock=38]
Position [agent=a3, id=null, cell=Cell [x=19, y=19], time=2013-06-11 15:31:47.989, clock=38]
Position [agent=t1, id=null, cell=Cell [x=2, y=4], time=2013-06-11 15:31:48.486, clock=39]
Position [agent=t1, id=null, cell=Cell [x=2, y=3], time=2013-06-11 15:31:49.177, clock=39]
Position [agent=t1, id=null, cell=Cell [x=2, y=2], time=2013-06-11 15:31:49.681, clock=40]
Position [agent=a2, id=null, cell=Cell [x=2, y=6], time=2013-06-11 15:32:23.157, clock=73]
Position [agent=a1, id=null, cell=Cell [x=5, y=6], time=2013-06-11 15:32:23.756, clock=74]
Position [agent=a3, id=null, cell=Cell [x=18, y=19], time=2013-06-11 15:32:23.949, clock=74]
Position [agent=a1, id=null, cell=Cell [x=5, y=7], time=2013-06-11 15:32:24.488, clock=75]
Position [agent=a2, id=null, cell=Cell [x=2, y=5], time=2013-06-11 15:32:24.824, clock=75]
Position [agent=a1, id=null, cell=Cell [x=5, y=8], time=2013-06-11 15:32:25.155, clock=75]
Position [agent=a3, id=null, cell=Cell [x=17, y=19], time=2013-06-11 15:32:25.461, clock=76]
Position [agent=a1, id=null, cell=Cell [x=5, y=9], time=2013-06-11 15:32:26.497, clock=77]
Position [agent=a2, id=null, cell=Cell [x=2, y=4], time=2013-06-11 15:32:26.801, clock=77]
Position [agent=a1, id=null, cell=Cell [x=5, y=10], time=2013-06-11 15:32:27.106, clock=77]
Position [agent=a3, id=null, cell=Cell [x=16, y=19], time=2013-06-11 15:32:27.644, clock=78]
Position [agent=a1, id=null, cell=Cell [x=5, y=11], time=2013-06-11 15:32:27.917, clock=78]
Position [agent=a2, id=null, cell=Cell [x=2, y=3], time=2013-06-11 15:32:28.473, clock=79]
Position [agent=a1, id=null, cell=Cell [x=5, y=12], time=2013-06-11 15:32:28.761, clock=79]
Position [agent=a3, id=null, cell=Cell [x=15, y=19], time=2013-06-11 15:32:29.478, clock=80]
Position [agent=a1, id=null, cell=Cell [x=5, y=13], time=2013-06-11 15:32:29.797, clock=80]
Position [agent=a2, id=null, cell=Cell [x=2, y=2], time=2013-06-11 15:32:30.467, clock=81]
Position [agent=a1, id=null, cell=Cell [x=5, y=14], time=2013-06-11 15:32:30.777, clock=81]
Position [agent=a3, id=null, cell=Cell [x=14, y=19], time=2013-06-11 15:32:31.489, clock=82]
Position [agent=a1, id=null, cell=Cell [x=5, y=15], time=2013-06-11 15:32:32.041, clock=82]
Position [agent=a3, id=null, cell=Cell [x=13, y=19], time=2013-06-11 15:32:32.451, clock=83]
Position [agent=a1, id=null, cell=Cell [x=5, y=16], time=2013-06-11 15:32:32.978, clock=83]
Position [agent=a3, id=null, cell=Cell [x=12, y=19], time=2013-06-11 15:32:33.463, clock=84]
Position [agent=a1, id=null, cell=Cell [x=6, y=16], time=2013-06-11 15:32:33.974, clock=84]
Position [agent=a3, id=null, cell=Cell [x=11, y=19], time=2013-06-11 15:32:34.46, clock=85]
Position [agent=a1, id=null, cell=Cell [x=7, y=16], time=2013-06-11 15:32:35.027, clock=85]
Position [agent=a3, id=null, cell=Cell [x=10, y=19], time=2013-06-11 15:32:35.462, clock=86]
Position [agent=a1, id=null, cell=Cell [x=8, y=16], time=2013-06-11 15:32:36.004, clock=86]
Position [agent=a3, id=null, cell=Cell [x=9, y=19], time=2013-06-11 15:32:36.46, clock=87]
Position [agent=a1, id=null, cell=Cell [x=9, y=16], time=2013-06-11 15:32:37.199, clock=87]
Position [agent=a3, id=null, cell=Cell [x=8, y=19], time=2013-06-11 15:32:37.868, clock=88]
Position [agent=a1, id=null, cell=Cell [x=10, y=16], time=2013-06-11 15:32:38.48, clock=89]
Position [agent=a3, id=null, cell=Cell [x=7, y=19], time=2013-06-11 15:32:38.8, clock=89]
Position [agent=a1, id=null, cell=Cell [x=11, y=16], time=2013-06-11 15:32:39.481, clock=90]
Position [agent=a3, id=null, cell=Cell [x=6, y=19], time=2013-06-11 15:32:39.796, clock=90]
Position [agent=a1, id=null, cell=Cell [x=12, y=16], time=2013-06-11 15:32:40.477, clock=91]
Position [agent=a3, id=null, cell=Cell [x=5, y=19], time=2013-06-11 15:32:40.794, clock=91]
Position [agent=a1, id=null, cell=Cell [x=13, y=16], time=2013-06-11 15:32:41.508, clock=92]
Position [agent=a3, id=null, cell=Cell [x=4, y=19], time=2013-06-11 15:32:41.823, clock=92]
Position [agent=a1, id=null, cell=Cell [x=14, y=16], time=2013-06-11 15:32:42.495, clock=93]
Position [agent=a3, id=null, cell=Cell [x=3, y=19], time=2013-06-11 15:32:42.821, clock=93]
Position [agent=a3, id=null, cell=Cell [x=2, y=19], time=2013-06-11 15:32:43.498, clock=94]
Position [agent=a1, id=null, cell=Cell [x=15, y=16], time=2013-06-11 15:32:43.833, clock=94]
Position [agent=a3, id=null, cell=Cell [x=2, y=18], time=2013-06-11 15:32:44.154, clock=94]
Position [agent=a3, id=null, cell=Cell [x=2, y=17], time=2013-06-11 15:32:44.812, clock=95]
Position [agent=a1, id=null, cell=Cell [x=16, y=16], time=2013-06-11 15:32:45.161, clock=95]
Position [agent=a3, id=null, cell=Cell [x=2, y=16], time=2013-06-11 15:32:45.485, clock=96]
Position [agent=a3, id=null, cell=Cell [x=2, y=15], time=2013-06-11 15:32:46.159, clock=96]
Position [agent=a3, id=null, cell=Cell [x=2, y=14], time=2013-06-11 15:32:46.822, clock=97]
Position [agent=a3, id=null, cell=Cell [x=2, y=13], time=2013-06-11 15:32:47.551, clock=98]
Position [agent=a3, id=null, cell=Cell [x=2, y=12], time=2013-06-11 15:32:48.465, clock=99]
Position [agent=a3, id=null, cell=Cell [x=2, y=11], time=2013-06-11 15:32:49.177, clock=99]
Position [agent=a3, id=null, cell=Cell [x=2, y=10], time=2013-06-11 15:32:49.891, clock=100]
Position [agent=a3, id=null, cell=Cell [x=2, y=9], time=2013-06-11 15:32:50.63, clock=101]
Position [agent=a3, id=null, cell=Cell [x=2, y=8], time=2013-06-11 15:32:51.466, clock=102]
Position [agent=a3, id=null, cell=Cell [x=2, y=7], time=2013-06-11 15:32:52.198, clock=102]
Position [agent=a3, id=null, cell=Cell [x=2, y=6], time=2013-06-11 15:32:52.964, clock=103]
Position [agent=a3, id=null, cell=Cell [x=2, y=5], time=2013-06-11 15:32:53.754, clock=104]
Position [agent=a3, id=null, cell=Cell [x=2, y=4], time=2013-06-11 15:32:54.506, clock=105]
-------------------------last log tuples end----------------------------------
register a1
register a2
register a3
register c1
register t1
from/for agent a3  reading(position(11, 1))
Reading [id=null, agent=a3, cell=Cell [x=11, y=1], time=null, value=null, clock=null]
from/for agent a2  reading(position(8, 19))
Reading [id=null, agent=a2, cell=Cell [x=8, y=19], time=null, value=null, clock=null]
org reading notification
Organization notifies agent (write): Obligation [agent=a1, obligation=[makeReading(2, 2)], sanction=[reduce_400(a1)], deadline=64, time=2013-06-11 15:37:12.84, clock=0]
Organization notifies agent (write): Obligation [agent=a2, obligation=[makeReading(8, 6)], sanction=[reduce_400(a2)], deadline=64, time=2013-06-11 15:37:14.408, clock=0]
Organization notifies agent (write): Obligation [agent=a2, obligation=[makeReading(16, 16)], sanction=[reduce_400(a2)], deadline=64, time=2013-06-11 15:37:15.098, clock=0]
Organization notifies agent (write): Obligation [agent=a2, obligation=[makeReading(2, 2)], sanction=[reduce_400(a2)], deadline=64, time=2013-06-11 15:37:16.425, clock=0]
from/for agent a1  reading(position(5, 5))
Reading [id=null, agent=a1, cell=Cell [x=5, y=5], time=null, value=null, clock=null]
Organization notifies agent (write): Obligation [agent=a3, obligation=[makeReading(8, 6)], sanction=[reduce_400(a3)], deadline=64, time=2013-06-11 15:37:18.156, clock=0]
Organization notifies agent (write): Obligation [agent=a3, obligation=[makeReading(16, 16)], sanction=[reduce_400(a3)], deadline=64, time=2013-06-11 15:37:19.173, clock=0]
Organization notifies agent (write): Obligation [agent=a3, obligation=[makeReading(2, 2)], sanction=[reduce_400(a3)], deadline=64, time=2013-06-11 15:37:19.924, clock=0]
Organization notifies agent (write): Prohibition [agent=t1, prohibition=[at(5, 5, t1)], sanction=[reduce_300(t1)], clock=0, time=2013-06-11 15:37:19.928]
Organization notifies agent (write): Prohibition [agent=t1, prohibition=[at(5, 6, t1)], sanction=[reduce_300(t1)], clock=0, time=2013-06-11 15:37:19.932]
Organization notifies agent (write): Prohibition [agent=t1, prohibition=[at(6, 5, t1)], sanction=[reduce_300(t1)], clock=0, time=2013-06-11 15:37:19.933]
Organization notifies agent (write): Prohibition [agent=t1, prohibition=[at(6, 6, t1)], sanction=[reduce_300(t1)], clock=0, time=2013-06-11 15:37:19.942]
Organization notifies agent (write): Prohibition [agent=c1, prohibition=[coin(5, 5, a1)], sanction=[reduce_300(c1)], clock=0, time=2013-06-11 15:37:20.673]
Organization notifies agent (write): Prohibition [agent=c1, prohibition=[coin(5, 6, a1)], sanction=[reduce_300(c1)], clock=0, time=2013-06-11 15:37:20.675]
Organization notifies agent (write): Prohibition [agent=c1, prohibition=[coin(6, 5, a1)], sanction=[reduce_300(c1)], clock=0, time=2013-06-11 15:37:20.676]
Organization notifies agent (write): Prohibition [agent=c1, prohibition=[coin(6, 6, a1)], sanction=[reduce_300(c1)], clock=0, time=2013-06-11 15:37:20.678]
Organization notifies agent (write): Prohibition [agent=c1, prohibition=[coin(5, 5, a2)], sanction=[reduce_300(c1)], clock=0, time=2013-06-11 15:37:20.68]
Organization notifies agent (write): Prohibition [agent=c1, prohibition=[coin(5, 6, a2)], sanction=[reduce_300(c1)], clock=0, time=2013-06-11 15:37:20.685]
Organization notifies agent (write): Prohibition [agent=c1, prohibition=[coin(6, 5, a2)], sanction=[reduce_300(c1)], clock=0, time=2013-06-11 15:37:20.687]
Organization notifies agent (write): Prohibition [agent=c1, prohibition=[coin(6, 6, a2)], sanction=[reduce_300(c1)], clock=0, time=2013-06-11 15:37:20.689]
Organization notifies agent (write): Prohibition [agent=c1, prohibition=[coin(5, 5, a3)], sanction=[reduce_300(c1)], clock=0, time=2013-06-11 15:37:20.69]
Organization notifies agent (write): Prohibition [agent=c1, prohibition=[coin(5, 6, a3)], sanction=[reduce_300(c1)], clock=0, time=2013-06-11 15:37:20.692]
Organization notifies agent (write): Prohibition [agent=c1, prohibition=[coin(6, 5, a3)], sanction=[reduce_300(c1)], clock=0, time=2013-06-11 15:37:20.696]
Organization notifies agent (write): Prohibition [agent=c1, prohibition=[coin(6, 6, a3)], sanction=[reduce_300(c1)], clock=0, time=2013-06-11 15:37:20.698]
Organization notifies agent (write): Prohibition [agent=a2, prohibition=[makeReading(8, 19, a2)], sanction=[reduce_300(a2)], clock=0, time=2013-06-11 15:37:21.352]
Organization notifies agent (write): Prohibition [agent=a3, prohibition=[makeReading(11, 1, a3)], sanction=[reduce_300(a3)], clock=0, time=2013-06-11 15:37:22.312]
Organization notifies agent (write): Prohibition [agent=a1, prohibition=[at(5, 5, a1)], sanction=[reduce_300(a1)], clock=0, time=2013-06-11 15:37:22.315]
Organization notifies agent (write): Prohibition [agent=a1, prohibition=[at(5, 6, a1)], sanction=[reduce_300(a1)], clock=0, time=2013-06-11 15:37:22.317]
Organization notifies agent (write): Prohibition [agent=a1, prohibition=[at(6, 5, a1)], sanction=[reduce_300(a1)], clock=0, time=2013-06-11 15:37:22.318]
Organization notifies agent (write): Prohibition [agent=a1, prohibition=[at(6, 6, a1)], sanction=[reduce_300(a1)], clock=0, time=2013-06-11 15:37:22.32]
Organization notifies agent (write): Prohibition [agent=a2, prohibition=[at(5, 5, a2)], sanction=[reduce_300(a2)], clock=0, time=2013-06-11 15:37:22.323]
Organization notifies agent (write): Prohibition [agent=a2, prohibition=[at(5, 6, a2)], sanction=[reduce_300(a2)], clock=0, time=2013-06-11 15:37:22.326]
Organization notifies agent (write): Prohibition [agent=a2, prohibition=[at(6, 5, a2)], sanction=[reduce_300(a2)], clock=0, time=2013-06-11 15:37:22.329]
Organization notifies agent (write): Prohibition [agent=a2, prohibition=[at(6, 6, a2)], sanction=[reduce_300(a2)], clock=0, time=2013-06-11 15:37:22.33]
Organization notifies agent (write): Prohibition [agent=a3, prohibition=[at(5, 5, a3)], sanction=[reduce_300(a3)], clock=0, time=2013-06-11 15:37:22.333]
Organization notifies agent (write): Prohibition [agent=a3, prohibition=[at(5, 6, a3)], sanction=[reduce_300(a3)], clock=0, time=2013-06-11 15:37:22.336]
Organization notifies agent (write): Prohibition [agent=a3, prohibition=[at(6, 5, a3)], sanction=[reduce_300(a3)], clock=0, time=2013-06-11 15:37:22.337]
Organization notifies agent (write): Prohibition [agent=a3, prohibition=[at(6, 6, a3)], sanction=[reduce_300(a3)], clock=0, time=2013-06-11 15:37:22.339]
