test2.
Service Registrar: 052cc499-efa3-4995-a9c4-d29ebfc01764
Java Space found.
TransactionManager found.
-------------------------last log tuples start--------------------------------
Time [clock=1, time=2013-06-11 15:45:02.403]
Time [clock=2, time=2013-06-11 15:45:03.017]
Time [clock=3, time=2013-06-11 15:45:04.017]
Time [clock=4, time=2013-06-11 15:45:05.024]
Time [clock=5, time=2013-06-11 15:45:06.031]
Time [clock=6, time=2013-06-11 15:45:07.022]
Time [clock=7, time=2013-06-11 15:45:08.026]
Time [clock=8, time=2013-06-11 15:45:09.023]
Time [clock=9, time=2013-06-11 15:45:10.025]
Time [clock=10, time=2013-06-11 15:45:11.026]
Time [clock=11, time=2013-06-11 15:45:12.035]
Time [clock=12, time=2013-06-11 15:45:13.032]
Time [clock=13, time=2013-06-11 15:45:14.03]
Time [clock=14, time=2013-06-11 15:45:15.03]
Time [clock=15, time=2013-06-11 15:45:16.031]
Time [clock=16, time=2013-06-11 15:45:17.032]
Position [agent=t1, id=null, cell=Cell [x=18, y=19], time=2013-06-11 15:45:06.415, clock=4]
Time [clock=17, time=2013-06-11 15:45:18.071]
Time [clock=18, time=2013-06-11 15:45:19.035]
Time [clock=19, time=2013-06-11 15:45:20.036]
Time [clock=20, time=2013-06-11 15:45:21.037]
Time [clock=21, time=2013-06-11 15:45:22.036]
Time [clock=22, time=2013-06-11 15:45:23.036]
Time [clock=23, time=2013-06-11 15:45:24.037]
Position [agent=a1, id=null, cell=Cell [x=3, y=4], time=2013-06-11 15:45:06.44, clock=3]
Position [agent=a2, id=null, cell=Cell [x=7, y=19], time=2013-06-11 15:45:06.946, clock=5]
ActionRequest [id=null, agent=a3, type=reading, cell=Cell [x=11, y=1], clock=0, time=2013-06-11 15:45:03.909]
Position [agent=a3, id=null, cell=Cell [x=11, y=2], time=2013-06-11 15:45:07.198, clock=5]
Coin [id=null, cell=Cell [x=8, y=6], agent=a1, time=2013-06-11 12:47:56.167, clock=3]
Obligation [agent=a2, obligation=[makeReading(8, 6)], sanction=[reduce_400(a2)], deadline=53, time=2013-06-11 15:45:07.656, clock=0]
ActionRequest [id=null, agent=a2, type=reading, cell=Cell [x=8, y=19], clock=0, time=2013-06-11 15:45:03.921]
Cargo [id=null, cell=Cell [x=19, y=19], time=2013-06-11 15:45:05.946, clock=3]
Obligation [agent=a2, obligation=[makeReading(16, 16)], sanction=[reduce_400(a2)], deadline=53, time=2013-06-11 15:45:08.893, clock=0]
ActionRequest [id=null, agent=a1, type=reading, cell=Cell [x=5, y=5], clock=0, time=2013-06-11 15:45:11.408]
Obligation [agent=a2, obligation=[makeReading(2, 2)], sanction=[reduce_400(a2)], deadline=53, time=2013-06-11 15:45:10.439, clock=0]
Obligation [agent=a3, obligation=[makeReading(8, 6)], sanction=[reduce_400(a3)], deadline=53, time=2013-06-11 15:45:11.448, clock=0]
Obligation [agent=a3, obligation=[makeReading(16, 16)], sanction=[reduce_400(a3)], deadline=53, time=2013-06-11 15:45:11.658, clock=0]
Prohibition [agent=t1, prohibition=[at(5, 5, t1)], sanction=[reduce_300(t1)], clock=0, time=2013-06-11 15:45:12.696]
Prohibition [agent=t1, prohibition=[at(5, 6, t1)], sanction=[reduce_300(t1)], clock=0, time=2013-06-11 15:45:12.697]
Prohibition [agent=t1, prohibition=[at(6, 5, t1)], sanction=[reduce_300(t1)], clock=0, time=2013-06-11 15:45:12.699]
Position [agent=a1, id=null, cell=Cell [x=3, y=5], time=2013-06-11 15:45:07.787, clock=6]
Position [agent=t1, id=null, cell=Cell [x=17, y=19], time=2013-06-11 15:45:08.003, clock=6]
Obligation [agent=a3, obligation=[makeReading(2, 2)], sanction=[reduce_400(a3)], deadline=53, time=2013-06-11 15:45:12.693, clock=0]
Position [agent=a3, id=null, cell=Cell [x=11, y=3], time=2013-06-11 15:45:08.279, clock=6]
Position [agent=a2, id=null, cell=Cell [x=6, y=19], time=2013-06-11 15:45:08.461, clock=7]
Prohibition [agent=t1, prohibition=[at(6, 6, t1)], sanction=[reduce_300(t1)], clock=0, time=2013-06-11 15:45:12.7]
Reading [id=null, agent=a2, cell=Cell [x=8, y=19], time=2013-06-11 15:45:04.193, value=0.0, clock=0]
Position [agent=t1, id=null, cell=Cell [x=16, y=19], time=2013-06-11 15:45:08.647, clock=7]
Reading [id=null, agent=a3, cell=Cell [x=11, y=1], time=2013-06-11 15:45:04.222, value=0.0, clock=0]
Obligation [agent=a1, obligation=[makeReading(8, 6)], sanction=[reduce_400(a1)], deadline=53, time=2013-06-11 15:45:27.669, clock=0]
Position [agent=a1, id=null, cell=Cell [x=4, y=5], time=2013-06-11 15:45:09.059, clock=7]
Prohibition [agent=c1, prohibition=[coin(5, 5, a1)], sanction=[reduce_300(c1)], clock=0, time=2013-06-11 15:45:14.158]
Position [agent=t1, id=null, cell=Cell [x=15, y=19], time=2013-06-11 15:45:09.454, clock=8]
Obligation [agent=a1, obligation=[makeReading(16, 16)], sanction=[reduce_400(a1)], deadline=53, time=2013-06-11 15:45:27.876, clock=0]
Position [agent=a2, id=null, cell=Cell [x=5, y=19], time=2013-06-11 15:45:09.651, clock=8]
Obligation [agent=a1, obligation=[makeReading(2, 2)], sanction=[reduce_400(a1)], deadline=53, time=2013-06-11 15:45:28.082, clock=0]
Prohibition [agent=c1, prohibition=[coin(5, 6, a1)], sanction=[reduce_300(c1)], clock=0, time=2013-06-11 15:45:14.159]
Position [agent=a3, id=null, cell=Cell [x=11, y=4], time=2013-06-11 15:45:09.864, clock=8]
Coin [id=null, cell=Cell [x=16, y=6], agent=a2, time=2013-06-11 12:47:56.271, clock=3]
Coin [id=null, cell=Cell [x=3, y=9], agent=a3, time=2013-06-11 12:47:56.338, clock=4]
Position [agent=t1, id=null, cell=Cell [x=14, y=19], time=2013-06-11 15:45:10.057, clock=8]
Prohibition [agent=c1, prohibition=[coin(6, 5, a1)], sanction=[reduce_300(c1)], clock=0, time=2013-06-11 15:45:14.161]
Position [agent=a1, id=null, cell=Cell [x=5, y=5], time=2013-06-11 15:45:10.811, clock=9]
Coin [id=null, cell=Cell [x=16, y=16], agent=a2, time=2013-06-11 15:45:06.951, clock=4]
Position [agent=t1, id=null, cell=Cell [x=13, y=19], time=2013-06-11 15:45:11.418, clock=9]
Prohibition [agent=c1, prohibition=[coin(6, 6, a1)], sanction=[reduce_300(c1)], clock=0, time=2013-06-11 15:45:14.163]
Position [agent=a3, id=null, cell=Cell [x=11, y=5], time=2013-06-11 15:45:11.564, clock=9]
Coin [id=null, cell=Cell [x=2, y=2], agent=a3, time=2013-06-11 15:45:07.043, clock=5]
Position [agent=a2, id=null, cell=Cell [x=4, y=19], time=2013-06-11 15:45:11.711, clock=10]
Position [agent=t1, id=null, cell=Cell [x=12, y=19], time=2013-06-11 15:45:12.178, clock=10]
Prohibition [agent=c1, prohibition=[coin(5, 5, a2)], sanction=[reduce_300(c1)], clock=0, time=2013-06-11 15:45:14.164]
Prohibition [agent=c1, prohibition=[coin(5, 6, a2)], sanction=[reduce_300(c1)], clock=0, time=2013-06-11 15:45:14.166]
Prohibition [agent=c1, prohibition=[coin(6, 5, a2)], sanction=[reduce_300(c1)], clock=0, time=2013-06-11 15:45:14.167]
Position [agent=a2, id=null, cell=Cell [x=3, y=19], time=2013-06-11 15:45:12.391, clock=11]
Position [agent=a3, id=null, cell=Cell [x=11, y=6], time=2013-06-11 15:45:12.623, clock=11]
Prohibition [agent=c1, prohibition=[coin(6, 6, a2)], sanction=[reduce_300(c1)], clock=0, time=2013-06-11 15:45:14.168]
Position [agent=a3, id=null, cell=Cell [x=11, y=7], time=2013-06-11 15:45:13.091, clock=11]
Position [agent=a2, id=null, cell=Cell [x=3, y=18], time=2013-06-11 15:45:13.376, clock=12]
Position [agent=t1, id=null, cell=Cell [x=11, y=19], time=2013-06-11 15:45:13.62, clock=12]
Position [agent=a2, id=null, cell=Cell [x=3, y=17], time=2013-06-11 15:45:13.843, clock=12]
Position [agent=a3, id=null, cell=Cell [x=11, y=8], time=2013-06-11 15:45:14.079, clock=12]
Prohibition [agent=c1, prohibition=[coin(5, 5, a3)], sanction=[reduce_300(c1)], clock=0, time=2013-06-11 15:45:14.17]
Position [agent=a3, id=null, cell=Cell [x=11, y=9], time=2013-06-11 15:45:14.524, clock=13]
Position [agent=a2, id=null, cell=Cell [x=3, y=16], time=2013-06-11 15:45:14.757, clock=13]
Prohibition [agent=c1, prohibition=[coin(5, 6, a3)], sanction=[reduce_300(c1)], clock=0, time=2013-06-11 15:45:14.171]
Prohibition [agent=c1, prohibition=[coin(6, 5, a3)], sanction=[reduce_300(c1)], clock=0, time=2013-06-11 15:45:14.172]
Prohibition [agent=c1, prohibition=[coin(6, 6, a3)], sanction=[reduce_300(c1)], clock=0, time=2013-06-11 15:45:14.174]
Position [agent=t1, id=null, cell=Cell [x=10, y=19], time=2013-06-11 15:45:14.991, clock=13]
Prohibition [agent=a2, prohibition=[makeReading(8, 19, a2)], sanction=[reduce_300(a2)], clock=0, time=2013-06-11 15:45:16.931]
Position [agent=a2, id=null, cell=Cell [x=3, y=15], time=2013-06-11 15:45:15.377, clock=14]
Position [agent=a3, id=null, cell=Cell [x=11, y=10], time=2013-06-11 15:45:15.613, clock=14]
Prohibition [agent=a3, prohibition=[makeReading(11, 1, a3)], sanction=[reduce_300(a3)], clock=0, time=2013-06-11 15:45:17.936]
Position [agent=a2, id=null, cell=Cell [x=3, y=14], time=2013-06-11 15:45:16.078, clock=14]
Position [agent=t1, id=null, cell=Cell [x=9, y=19], time=2013-06-11 15:45:16.39, clock=15]
Position [agent=a2, id=null, cell=Cell [x=3, y=13], time=2013-06-11 15:45:16.64, clock=15]
Prohibition [agent=a1, prohibition=[at(5, 5, a1)], sanction=[reduce_300(a1)], clock=0, time=2013-06-11 15:45:17.938]
Position [agent=a3, id=null, cell=Cell [x=11, y=11], time=2013-06-11 15:45:16.89, clock=15]
Position [agent=a2, id=null, cell=Cell [x=3, y=12], time=2013-06-11 15:45:17.41, clock=16]
Prohibition [agent=a1, prohibition=[at(5, 6, a1)], sanction=[reduce_300(a1)], clock=0, time=2013-06-11 15:45:17.94]
Position [agent=t1, id=null, cell=Cell [x=8, y=19], time=2013-06-11 15:45:17.663, clock=16]
Position [agent=a3, id=null, cell=Cell [x=11, y=12], time=2013-06-11 15:45:17.923, clock=16]
Position [agent=t1, id=null, cell=Cell [x=7, y=19], time=2013-06-11 15:45:18.429, clock=17]
Prohibition [agent=a1, prohibition=[at(6, 5, a1)], sanction=[reduce_300(a1)], clock=0, time=2013-06-11 15:45:17.946]
Position [agent=a2, id=null, cell=Cell [x=3, y=11], time=2013-06-11 15:45:18.669, clock=17]
Prohibition [agent=a1, prohibition=[at(6, 6, a1)], sanction=[reduce_300(a1)], clock=0, time=2013-06-11 15:45:17.948]
Position [agent=t1, id=null, cell=Cell [x=6, y=19], time=2013-06-11 15:45:18.915, clock=17]
Position [agent=a3, id=null, cell=Cell [x=11, y=13], time=2013-06-11 15:45:19.173, clock=17]
Position [agent=t1, id=null, cell=Cell [x=5, y=19], time=2013-06-11 15:45:19.714, clock=18]
Prohibition [agent=a2, prohibition=[at(5, 5, a2)], sanction=[reduce_300(a2)], clock=0, time=2013-06-11 15:45:17.952]
Prohibition [agent=a2, prohibition=[at(5, 6, a2)], sanction=[reduce_300(a2)], clock=0, time=2013-06-11 15:45:17.955]
Position [agent=a2, id=null, cell=Cell [x=3, y=10], time=2013-06-11 15:45:19.981, clock=18]
Position [agent=a3, id=null, cell=Cell [x=11, y=14], time=2013-06-11 15:45:20.249, clock=18]
Position [agent=a2, id=null, cell=Cell [x=3, y=9], time=2013-06-11 15:45:20.886, clock=19]
Prohibition [agent=a2, prohibition=[at(6, 5, a2)], sanction=[reduce_300(a2)], clock=0, time=2013-06-11 15:45:17.963]
Prohibition [agent=a2, prohibition=[at(6, 6, a2)], sanction=[reduce_300(a2)], clock=0, time=2013-06-11 15:45:17.97]
Prohibition [agent=a3, prohibition=[at(5, 5, a3)], sanction=[reduce_300(a3)], clock=0, time=2013-06-11 15:45:17.973]
Prohibition [agent=a3, prohibition=[at(5, 6, a3)], sanction=[reduce_300(a3)], clock=0, time=2013-06-11 15:45:17.976]
Prohibition [agent=a3, prohibition=[at(6, 5, a3)], sanction=[reduce_300(a3)], clock=0, time=2013-06-11 15:45:17.978]
Prohibition [agent=a3, prohibition=[at(6, 6, a3)], sanction=[reduce_300(a3)], clock=0, time=2013-06-11 15:45:17.98]
-------------------------last log tuples end----------------------------------
register a1
register a2
register a3
register c1
register t1
from/for agent a3  reading(position(11, 1))
Reading [id=null, agent=a3, cell=Cell [x=11, y=1], time=null, value=null, clock=null]
from/for agent a2  reading(position(8, 19))
Reading [id=null, agent=a2, cell=Cell [x=8, y=19], time=null, value=null, clock=null]
got reading: Reading [id=null, agent=a3, cell=Cell [x=11, y=1], time=2013-06-11 15:49:42.214, value=0.0, clock=0]
org reading notification
got reading: Reading [id=null, agent=a2, cell=Cell [x=8, y=19], time=2013-06-11 15:49:42.233, value=0.0, clock=0]
Organization notifies agent (write): Obligation [agent=a2, obligation=[makeReading(16, 16)], sanction=[reduce_400(a2)], deadline=54, time=2013-06-11 15:49:45.859, clock=0]
Organization notifies agent (write): Obligation [agent=a2, obligation=[makeReading(2, 2)], sanction=[reduce_400(a2)], deadline=54, time=2013-06-11 15:49:46.539, clock=0]
Organization notifies agent (write): Obligation [agent=a3, obligation=[makeReading(8, 6)], sanction=[reduce_400(a3)], deadline=54, time=2013-06-11 15:49:47.852, clock=0]
from/for agent a1  reading(position(5, 5))
Reading [id=null, agent=a1, cell=Cell [x=5, y=5], time=null, value=null, clock=null]
Organization notifies agent (write): Obligation [agent=a3, obligation=[makeReading(16, 16)], sanction=[reduce_400(a3)], deadline=54, time=2013-06-11 15:49:49.386, clock=0]
Organization notifies agent (write): Obligation [agent=a3, obligation=[makeReading(2, 2)], sanction=[reduce_400(a3)], deadline=54, time=2013-06-11 15:49:50.159, clock=0]
Organization notifies agent (write): Prohibition [agent=t1, prohibition=[at(5, 5, t1)], sanction=[reduce_300(t1)], clock=0, time=2013-06-11 15:49:50.161]
Organization notifies agent (write): Prohibition [agent=t1, prohibition=[at(5, 6, t1)], sanction=[reduce_300(t1)], clock=0, time=2013-06-11 15:49:50.162]
Organization notifies agent (write): Prohibition [agent=t1, prohibition=[at(6, 5, t1)], sanction=[reduce_300(t1)], clock=0, time=2013-06-11 15:49:50.164]
Organization notifies agent (write): Prohibition [agent=t1, prohibition=[at(6, 6, t1)], sanction=[reduce_300(t1)], clock=0, time=2013-06-11 15:49:50.165]
Organization notifies agent (write): Prohibition [agent=c1, prohibition=[coin(5, 5, a1)], sanction=[reduce_300(c1)], clock=0, time=2013-06-11 15:49:50.378]
Organization notifies agent (write): Prohibition [agent=c1, prohibition=[coin(5, 6, a1)], sanction=[reduce_300(c1)], clock=0, time=2013-06-11 15:49:50.38]
Organization notifies agent (write): Prohibition [agent=c1, prohibition=[coin(6, 5, a1)], sanction=[reduce_300(c1)], clock=0, time=2013-06-11 15:49:50.381]
Organization notifies agent (write): Prohibition [agent=c1, prohibition=[coin(6, 6, a1)], sanction=[reduce_300(c1)], clock=0, time=2013-06-11 15:49:50.382]
Organization notifies agent (write): Prohibition [agent=c1, prohibition=[coin(5, 5, a2)], sanction=[reduce_300(c1)], clock=0, time=2013-06-11 15:49:50.383]
Organization notifies agent (write): Prohibition [agent=c1, prohibition=[coin(5, 6, a2)], sanction=[reduce_300(c1)], clock=0, time=2013-06-11 15:49:50.387]
Organization notifies agent (write): Prohibition [agent=c1, prohibition=[coin(6, 5, a2)], sanction=[reduce_300(c1)], clock=0, time=2013-06-11 15:49:50.389]
Organization notifies agent (write): Prohibition [agent=c1, prohibition=[coin(6, 6, a2)], sanction=[reduce_300(c1)], clock=0, time=2013-06-11 15:49:50.391]
Organization notifies agent (write): Prohibition [agent=c1, prohibition=[coin(5, 5, a3)], sanction=[reduce_300(c1)], clock=0, time=2013-06-11 15:49:50.392]
Organization notifies agent (write): Prohibition [agent=c1, prohibition=[coin(5, 6, a3)], sanction=[reduce_300(c1)], clock=0, time=2013-06-11 15:49:50.394]
Organization notifies agent (write): Prohibition [agent=c1, prohibition=[coin(6, 5, a3)], sanction=[reduce_300(c1)], clock=0, time=2013-06-11 15:49:50.396]
Organization notifies agent (write): Prohibition [agent=c1, prohibition=[coin(6, 6, a3)], sanction=[reduce_300(c1)], clock=0, time=2013-06-11 15:49:50.398]
Organization notifies agent (write): Prohibition [agent=a2, prohibition=[makeReading(8, 19, a2)], sanction=[reduce_300(a2)], clock=0, time=2013-06-11 15:49:50.811]
Organization notifies agent (write): Prohibition [agent=a3, prohibition=[makeReading(11, 1, a3)], sanction=[reduce_300(a3)], clock=0, time=2013-06-11 15:49:51.019]
Organization notifies agent (write): Prohibition [agent=a1, prohibition=[at(5, 5, a1)], sanction=[reduce_300(a1)], clock=0, time=2013-06-11 15:49:51.02]
Organization notifies agent (write): Prohibition [agent=a1, prohibition=[at(5, 6, a1)], sanction=[reduce_300(a1)], clock=0, time=2013-06-11 15:49:51.022]
Organization notifies agent (write): Prohibition [agent=a1, prohibition=[at(6, 5, a1)], sanction=[reduce_300(a1)], clock=0, time=2013-06-11 15:49:51.023]
Organization notifies agent (write): Prohibition [agent=a1, prohibition=[at(6, 6, a1)], sanction=[reduce_300(a1)], clock=0, time=2013-06-11 15:49:51.024]
Organization notifies agent (write): Prohibition [agent=a2, prohibition=[at(5, 5, a2)], sanction=[reduce_300(a2)], clock=0, time=2013-06-11 15:49:51.026]
Organization notifies agent (write): Prohibition [agent=a2, prohibition=[at(5, 6, a2)], sanction=[reduce_300(a2)], clock=0, time=2013-06-11 15:49:51.027]
Organization notifies agent (write): Prohibition [agent=a2, prohibition=[at(6, 5, a2)], sanction=[reduce_300(a2)], clock=0, time=2013-06-11 15:49:51.029]
Organization notifies agent (write): Prohibition [agent=a2, prohibition=[at(6, 6, a2)], sanction=[reduce_300(a2)], clock=0, time=2013-06-11 15:49:51.031]
Organization notifies agent (write): Prohibition [agent=a3, prohibition=[at(5, 5, a3)], sanction=[reduce_300(a3)], clock=0, time=2013-06-11 15:49:51.032]
Organization notifies agent (write): Prohibition [agent=a3, prohibition=[at(5, 6, a3)], sanction=[reduce_300(a3)], clock=0, time=2013-06-11 15:49:51.034]
Organization notifies agent (write): Prohibition [agent=a3, prohibition=[at(6, 5, a3)], sanction=[reduce_300(a3)], clock=0, time=2013-06-11 15:49:51.036]
Organization notifies agent (write): Prohibition [agent=a3, prohibition=[at(6, 6, a3)], sanction=[reduce_300(a3)], clock=0, time=2013-06-11 15:49:51.038]
Organization notifies agent (write): Obligation [agent=a1, obligation=[makeReading(8, 6)], sanction=[reduce_400(a1)], deadline=54, time=2013-06-11 15:49:57.835, clock=0]
Organization notifies agent (write): Obligation [agent=a1, obligation=[makeReading(16, 16)], sanction=[reduce_400(a1)], deadline=54, time=2013-06-11 15:49:58.043, clock=0]
Organization notifies agent (write): Obligation [agent=a1, obligation=[makeReading(2, 2)], sanction=[reduce_400(a1)], deadline=54, time=2013-06-11 15:49:58.251, clock=0]
Organization notifies agent (write): Obligation [agent=a2, obligation=[makeReading(8, 6)], sanction=[reduce_400(a2)], deadline=54, time=2013-06-11 15:49:58.459, clock=0]
