test2.
Service Registrar: 052cc499-efa3-4995-a9c4-d29ebfc01764
Java Space found.
TransactionManager found.
-------------------------last log tuples start--------------------------------
Time [clock=1, time=2013-06-11 15:40:33.294]
Time [clock=2, time=2013-06-11 15:40:33.973]
Position [agent=a3, id=null, cell=Cell [x=11, y=2], time=2013-06-11 12:41:22.17, clock=118]
Time [clock=3, time=2013-06-11 15:40:34.939]
Time [clock=4, time=2013-06-11 15:40:35.94]
Time [clock=5, time=2013-06-11 15:40:36.938]
Time [clock=6, time=2013-06-11 15:40:37.94]
Time [clock=7, time=2013-06-11 15:40:38.96]
Time [clock=8, time=2013-06-11 15:40:39.945]
Time [clock=9, time=2013-06-11 15:40:40.951]
Time [clock=10, time=2013-06-11 15:40:41.952]
Position [agent=a2, id=null, cell=Cell [x=7, y=19], time=2013-06-11 12:41:22.377, clock=118]
Position [agent=a2, id=null, cell=Cell [x=6, y=19], time=2013-06-11 12:41:22.854, clock=118]
Time [clock=11, time=2013-06-11 15:40:42.956]
Position [agent=a3, id=null, cell=Cell [x=11, y=3], time=2013-06-11 12:41:23.129, clock=119]
Time [clock=12, time=2013-06-11 15:40:43.952]
Time [clock=13, time=2013-06-11 15:40:44.953]
Time [clock=14, time=2013-06-11 15:40:45.953]
Time [clock=15, time=2013-06-11 15:40:46.953]
Time [clock=16, time=2013-06-11 15:40:47.955]
Time [clock=17, time=2013-06-11 15:40:48.954]
Time [clock=18, time=2013-06-11 15:40:49.956]
Position [agent=a3, id=null, cell=Cell [x=11, y=4], time=2013-06-11 12:41:24.201, clock=120]
Time [clock=19, time=2013-06-11 15:40:50.957]
Time [clock=20, time=2013-06-11 15:40:51.958]
Time [clock=21, time=2013-06-11 15:40:52.957]
Time [clock=22, time=2013-06-11 15:40:53.959]
Time [clock=23, time=2013-06-11 15:40:54.961]
Time [clock=24, time=2013-06-11 15:40:55.958]
Time [clock=25, time=2013-06-11 15:40:57.016]
Time [clock=26, time=2013-06-11 15:40:57.959]
Time [clock=27, time=2013-06-11 15:40:58.96]
Time [clock=28, time=2013-06-11 15:40:59.966]
Position [agent=a2, id=null, cell=Cell [x=5, y=19], time=2013-06-11 12:41:24.561, clock=120]
Time [clock=29, time=2013-06-11 15:41:00.965]
Time [clock=30, time=2013-06-11 15:41:01.968]
Time [clock=31, time=2013-06-11 15:41:02.967]
Position [agent=a2, id=null, cell=Cell [x=4, y=19], time=2013-06-11 12:41:25.127, clock=121]
Obligation [agent=a1, obligation=[makeReading(8, 6)], sanction=[reduce_400(a1)], deadline=57, time=2013-06-11 15:40:41.043, clock=0]
Reading [id=null, agent=a3, cell=Cell [x=11, y=1], time=2013-06-11 15:40:38.571, value=0.0, clock=0]
ActionRequest [id=null, agent=a2, type=reading, cell=Cell [x=8, y=19], clock=0, time=2013-06-11 15:40:38.296]
ActionRequest [id=null, agent=a3, type=reading, cell=Cell [x=11, y=1], clock=0, time=2013-06-11 15:40:38.307]
Obligation [agent=a1, obligation=[makeReading(16, 16)], sanction=[reduce_400(a1)], deadline=57, time=2013-06-11 15:40:41.717, clock=0]
Obligation [agent=a1, obligation=[makeReading(2, 2)], sanction=[reduce_400(a1)], deadline=57, time=2013-06-11 15:40:42.391, clock=0]
ActionRequest [id=null, agent=a1, type=reading, cell=Cell [x=8, y=6], clock=0, time=2013-06-11 15:40:51.389]
Position [agent=a3, id=null, cell=Cell [x=11, y=5], time=2013-06-11 12:41:25.358, clock=121]
Obligation [agent=a2, obligation=[makeReading(8, 6)], sanction=[reduce_400(a2)], deadline=57, time=2013-06-11 15:40:43.835, clock=0]
Reading [id=null, agent=a2, cell=Cell [x=8, y=19], time=2013-06-11 15:40:38.613, value=0.0, clock=0]
Obligation [agent=a2, obligation=[makeReading(16, 16)], sanction=[reduce_400(a2)], deadline=57, time=2013-06-11 15:40:45.387, clock=0]
Position [agent=a3, id=null, cell=Cell [x=11, y=6], time=2013-06-11 12:41:27.171, clock=123]
Position [agent=a2, id=null, cell=Cell [x=3, y=19], time=2013-06-11 12:41:27.413, clock=123]
Position [agent=a3, id=null, cell=Cell [x=11, y=7], time=2013-06-11 12:41:27.631, clock=123]
Obligation [agent=a2, obligation=[makeReading(2, 2)], sanction=[reduce_400(a2)], deadline=57, time=2013-06-11 15:40:46.62, clock=0]
Cargo [id=null, cell=Cell [x=19, y=19], time=2013-06-11 15:40:40.058, clock=6]
Coin [id=null, cell=Cell [x=8, y=6], agent=a1, time=2013-06-11 12:41:24.695, clock=116]
Reading [id=null, agent=a1, cell=Cell [x=8, y=6], time=2013-06-11 15:41:03.403, value=0.0, clock=0]
Prohibition [agent=t1, prohibition=[at(5, 5, t1)], sanction=[reduce_300(t1)], clock=0, time=2013-06-11 15:40:50.11]
Prohibition [agent=t1, prohibition=[at(5, 6, t1)], sanction=[reduce_300(t1)], clock=0, time=2013-06-11 15:40:50.113]
Position [agent=a3, id=null, cell=Cell [x=11, y=8], time=2013-06-11 12:41:29.209, clock=124]
Coin [id=null, cell=Cell [x=16, y=6], agent=a2, time=2013-06-11 12:41:24.722, clock=118]
Position [agent=a2, id=null, cell=Cell [x=3, y=18], time=2013-06-11 12:41:29.369, clock=125]
Position [agent=a2, id=null, cell=Cell [x=3, y=17], time=2013-06-11 12:41:30.182, clock=126]
Obligation [agent=a3, obligation=[makeReading(8, 6)], sanction=[reduce_400(a3)], deadline=57, time=2013-06-11 15:40:47.861, clock=0]
Position [agent=a3, id=null, cell=Cell [x=11, y=9], time=2013-06-11 12:41:30.392, clock=126]
Coin [id=null, cell=Cell [x=3, y=9], agent=a3, time=2013-06-11 12:41:24.749, clock=120]
Position [agent=a3, id=null, cell=Cell [x=11, y=10], time=2013-06-11 12:41:30.84, clock=126]
Position [agent=a2, id=null, cell=Cell [x=3, y=16], time=2013-06-11 12:41:31.145, clock=127]
Obligation [agent=a3, obligation=[makeReading(16, 16)], sanction=[reduce_400(a3)], deadline=57, time=2013-06-11 15:40:48.841, clock=0]
Position [agent=a2, id=null, cell=Cell [x=3, y=15], time=2013-06-11 12:41:32.223, clock=128]
Obligation [agent=a3, obligation=[makeReading(2, 2)], sanction=[reduce_400(a3)], deadline=57, time=2013-06-11 15:40:50.108, clock=0]
Coin [id=null, cell=Cell [x=8, y=6], agent=a1, time=2013-06-11 15:40:40.444, clock=6]
Position [agent=a3, id=null, cell=Cell [x=11, y=11], time=2013-06-11 12:41:32.427, clock=128]
Prohibition [agent=t1, prohibition=[at(6, 5, t1)], sanction=[reduce_300(t1)], clock=0, time=2013-06-11 15:40:50.115]
Position [agent=a3, id=null, cell=Cell [x=11, y=12], time=2013-06-11 12:41:32.952, clock=128]
Prohibition [agent=t1, prohibition=[at(6, 6, t1)], sanction=[reduce_300(t1)], clock=0, time=2013-06-11 15:40:50.117]
Position [agent=a2, id=null, cell=Cell [x=3, y=14], time=2013-06-11 12:41:33.273, clock=129]
Position [agent=a2, id=null, cell=Cell [x=3, y=13], time=2013-06-11 12:41:34.231, clock=130]
Coin [id=null, cell=Cell [x=16, y=16], agent=a2, time=2013-06-11 15:40:40.508, clock=7]
Prohibition [agent=c1, prohibition=[coin(5, 5, a1)], sanction=[reduce_300(c1)], clock=0, time=2013-06-11 15:40:51.372]
Coin [id=null, cell=Cell [x=2, y=2], agent=a3, time=2013-06-11 15:40:40.563, clock=8]
Prohibition [agent=c1, prohibition=[coin(5, 6, a1)], sanction=[reduce_300(c1)], clock=0, time=2013-06-11 15:40:51.377]
Position [agent=a3, id=null, cell=Cell [x=11, y=13], time=2013-06-11 12:41:34.42, clock=130]
Prohibition [agent=c1, prohibition=[coin(6, 5, a1)], sanction=[reduce_300(c1)], clock=0, time=2013-06-11 15:40:51.378]
Position [agent=a2, id=null, cell=Cell [x=3, y=12], time=2013-06-11 12:41:34.831, clock=130]
Prohibition [agent=c1, prohibition=[coin(6, 6, a1)], sanction=[reduce_300(c1)], clock=0, time=2013-06-11 15:40:51.38]
Prohibition [agent=c1, prohibition=[coin(5, 5, a2)], sanction=[reduce_300(c1)], clock=0, time=2013-06-11 15:40:51.382]
Prohibition [agent=c1, prohibition=[coin(5, 6, a2)], sanction=[reduce_300(c1)], clock=0, time=2013-06-11 15:40:51.384]
Position [agent=a2, id=null, cell=Cell [x=3, y=11], time=2013-06-11 12:41:35.977, clock=131]
Prohibition [agent=c1, prohibition=[coin(6, 5, a2)], sanction=[reduce_300(c1)], clock=0, time=2013-06-11 15:40:51.387]
Prohibition [agent=c1, prohibition=[coin(6, 6, a2)], sanction=[reduce_300(c1)], clock=0, time=2013-06-11 15:40:51.388]
Prohibition [agent=c1, prohibition=[coin(5, 5, a3)], sanction=[reduce_300(c1)], clock=0, time=2013-06-11 15:40:51.392]
Position [agent=a3, id=null, cell=Cell [x=11, y=14], time=2013-06-11 12:41:36.159, clock=132]
Prohibition [agent=c1, prohibition=[coin(5, 6, a3)], sanction=[reduce_300(c1)], clock=0, time=2013-06-11 15:40:51.395]
Prohibition [agent=c1, prohibition=[coin(6, 5, a3)], sanction=[reduce_300(c1)], clock=0, time=2013-06-11 15:40:51.399]
Prohibition [agent=c1, prohibition=[coin(6, 6, a3)], sanction=[reduce_300(c1)], clock=0, time=2013-06-11 15:40:51.402]
Position [agent=a1, id=null, cell=Cell [x=3, y=4], time=2013-06-11 15:40:39.774, clock=6]
Prohibition [agent=a2, prohibition=[makeReading(8, 19, a2)], sanction=[reduce_300(a2)], clock=0, time=2013-06-11 15:40:53.624]
Prohibition [agent=a3, prohibition=[makeReading(11, 1, a3)], sanction=[reduce_300(a3)], clock=0, time=2013-06-11 15:40:55.374]
Prohibition [agent=a1, prohibition=[at(5, 5, a1)], sanction=[reduce_300(a1)], clock=0, time=2013-06-11 15:40:55.375]
Position [agent=a3, id=null, cell=Cell [x=11, y=2], time=2013-06-11 15:40:40.448, clock=8]
Prohibition [agent=a1, prohibition=[at(5, 6, a1)], sanction=[reduce_300(a1)], clock=0, time=2013-06-11 15:40:55.377]
Position [agent=a1, id=null, cell=Cell [x=3, y=5], time=2013-06-11 15:40:41.273, clock=8]
Position [agent=a2, id=null, cell=Cell [x=7, y=19], time=2013-06-11 15:40:41.507, clock=8]
Prohibition [agent=a1, prohibition=[at(6, 5, a1)], sanction=[reduce_300(a1)], clock=0, time=2013-06-11 15:40:55.379]
Position [agent=a3, id=null, cell=Cell [x=11, y=3], time=2013-06-11 15:40:41.863, clock=9]
Prohibition [agent=a1, prohibition=[at(6, 6, a1)], sanction=[reduce_300(a1)], clock=0, time=2013-06-11 15:40:55.38]
Position [agent=a2, id=null, cell=Cell [x=6, y=19], time=2013-06-11 15:40:42.578, clock=10]
Prohibition [agent=a2, prohibition=[at(5, 5, a2)], sanction=[reduce_300(a2)], clock=0, time=2013-06-11 15:40:55.381]
Prohibition [agent=a2, prohibition=[at(5, 6, a2)], sanction=[reduce_300(a2)], clock=0, time=2013-06-11 15:40:55.382]
Prohibition [agent=a2, prohibition=[at(6, 5, a2)], sanction=[reduce_300(a2)], clock=0, time=2013-06-11 15:40:55.383]
Prohibition [agent=a2, prohibition=[at(6, 6, a2)], sanction=[reduce_300(a2)], clock=0, time=2013-06-11 15:40:55.384]
Position [agent=a3, id=null, cell=Cell [x=11, y=4], time=2013-06-11 15:40:43.004, clock=10]
Prohibition [agent=a3, prohibition=[at(5, 5, a3)], sanction=[reduce_300(a3)], clock=0, time=2013-06-11 15:40:55.386]
Prohibition [agent=a3, prohibition=[at(5, 6, a3)], sanction=[reduce_300(a3)], clock=0, time=2013-06-11 15:40:55.387]
Position [agent=a2, id=null, cell=Cell [x=5, y=19], time=2013-06-11 15:40:43.526, clock=11]
Position [agent=a1, id=null, cell=Cell [x=3, y=6], time=2013-06-11 15:40:44.016, clock=11]
Prohibition [agent=a3, prohibition=[at(6, 5, a3)], sanction=[reduce_300(a3)], clock=0, time=2013-06-11 15:40:55.388]
Position [agent=a2, id=null, cell=Cell [x=4, y=19], time=2013-06-11 15:40:44.365, clock=12]
Prohibition [agent=a3, prohibition=[at(6, 6, a3)], sanction=[reduce_300(a3)], clock=0, time=2013-06-11 15:40:55.39]
Position [agent=a3, id=null, cell=Cell [x=11, y=5], time=2013-06-11 15:40:44.802, clock=12]
Position [agent=a2, id=null, cell=Cell [x=3, y=19], time=2013-06-11 15:40:45.063, clock=12]
Position [agent=a1, id=null, cell=Cell [x=4, y=6], time=2013-06-11 15:40:45.615, clock=13]
Position [agent=a2, id=null, cell=Cell [x=3, y=18], time=2013-06-11 15:40:46.08, clock=13]
Position [agent=a3, id=null, cell=Cell [x=11, y=6], time=2013-06-11 15:40:46.188, clock=13]
Position [agent=a1, id=null, cell=Cell [x=5, y=6], time=2013-06-11 15:40:46.835, clock=14]
Position [agent=a3, id=null, cell=Cell [x=11, y=7], time=2013-06-11 15:40:47.469, clock=15]
Position [agent=a2, id=null, cell=Cell [x=3, y=17], time=2013-06-11 15:40:47.702, clock=15]
Position [agent=a1, id=null, cell=Cell [x=6, y=6], time=2013-06-11 15:40:48.322, clock=15]
Position [agent=a3, id=null, cell=Cell [x=11, y=8], time=2013-06-11 15:40:48.743, clock=16]
Position [agent=a2, id=null, cell=Cell [x=3, y=16], time=2013-06-11 15:40:48.991, clock=16]
Position [agent=a1, id=null, cell=Cell [x=7, y=6], time=2013-06-11 15:40:49.691, clock=17]
Position [agent=a2, id=null, cell=Cell [x=3, y=15], time=2013-06-11 15:40:50.034, clock=17]
Position [agent=a3, id=null, cell=Cell [x=11, y=9], time=2013-06-11 15:40:50.413, clock=17]
Position [agent=a1, id=null, cell=Cell [x=8, y=6], time=2013-06-11 15:40:50.936, clock=18]
Position [agent=a2, id=null, cell=Cell [x=3, y=14], time=2013-06-11 15:40:51.521, clock=19]
Position [agent=a3, id=null, cell=Cell [x=11, y=10], time=2013-06-11 15:40:51.79, clock=19]
Position [agent=a2, id=null, cell=Cell [x=3, y=13], time=2013-06-11 15:40:52.042, clock=19]
Position [agent=a2, id=null, cell=Cell [x=3, y=12], time=2013-06-11 15:40:52.753, clock=20]
Position [agent=a3, id=null, cell=Cell [x=11, y=11], time=2013-06-11 15:40:52.998, clock=20]
Position [agent=a2, id=null, cell=Cell [x=3, y=11], time=2013-06-11 15:40:53.315, clock=21]
Position [agent=a2, id=null, cell=Cell [x=3, y=10], time=2013-06-11 15:40:54.307, clock=22]
Position [agent=a3, id=null, cell=Cell [x=11, y=12], time=2013-06-11 15:40:54.574, clock=22]
Position [agent=a2, id=null, cell=Cell [x=3, y=9], time=2013-06-11 15:40:55.007, clock=22]
Position [agent=a2, id=null, cell=Cell [x=3, y=8], time=2013-06-11 15:40:55.997, clock=23]
Position [agent=a3, id=null, cell=Cell [x=11, y=13], time=2013-06-11 15:40:56.298, clock=24]
Position [agent=a2, id=null, cell=Cell [x=3, y=7], time=2013-06-11 15:40:56.551, clock=24]
Position [agent=a2, id=null, cell=Cell [x=3, y=6], time=2013-06-11 15:40:57.689, clock=25]
Position [agent=a3, id=null, cell=Cell [x=11, y=14], time=2013-06-11 15:40:57.96, clock=25]
Position [agent=a3, id=null, cell=Cell [x=11, y=15], time=2013-06-11 15:40:59.303, clock=27]
-------------------------last log tuples end----------------------------------
register a1
register a2
register a3
register c1
register t1
from/for agent a3  reading(position(11, 1))
Reading [id=null, agent=a3, cell=Cell [x=11, y=1], time=null, value=null, clock=null]
from/for agent a2  reading(position(8, 19))
Reading [id=null, agent=a2, cell=Cell [x=8, y=19], time=null, value=null, clock=null]
org reading notification
Organization notifies agent (write): Obligation [agent=a2, obligation=[makeReading(8, 6)], sanction=[reduce_400(a2)], deadline=53, time=2013-06-11 15:45:07.656, clock=0]
Organization notifies agent (write): Obligation [agent=a2, obligation=[makeReading(16, 16)], sanction=[reduce_400(a2)], deadline=53, time=2013-06-11 15:45:08.893, clock=0]
Organization notifies agent (write): Obligation [agent=a2, obligation=[makeReading(2, 2)], sanction=[reduce_400(a2)], deadline=53, time=2013-06-11 15:45:10.439, clock=0]
from/for agent a1  reading(position(5, 5))
Reading [id=null, agent=a1, cell=Cell [x=5, y=5], time=null, value=null, clock=null]
Organization notifies agent (write): Obligation [agent=a3, obligation=[makeReading(8, 6)], sanction=[reduce_400(a3)], deadline=53, time=2013-06-11 15:45:11.448, clock=0]
Organization notifies agent (write): Obligation [agent=a3, obligation=[makeReading(16, 16)], sanction=[reduce_400(a3)], deadline=53, time=2013-06-11 15:45:11.658, clock=0]
Organization notifies agent (write): Obligation [agent=a3, obligation=[makeReading(2, 2)], sanction=[reduce_400(a3)], deadline=53, time=2013-06-11 15:45:12.693, clock=0]
Organization notifies agent (write): Prohibition [agent=t1, prohibition=[at(5, 5, t1)], sanction=[reduce_300(t1)], clock=0, time=2013-06-11 15:45:12.696]
Organization notifies agent (write): Prohibition [agent=t1, prohibition=[at(5, 6, t1)], sanction=[reduce_300(t1)], clock=0, time=2013-06-11 15:45:12.697]
Organization notifies agent (write): Prohibition [agent=t1, prohibition=[at(6, 5, t1)], sanction=[reduce_300(t1)], clock=0, time=2013-06-11 15:45:12.699]
Organization notifies agent (write): Prohibition [agent=t1, prohibition=[at(6, 6, t1)], sanction=[reduce_300(t1)], clock=0, time=2013-06-11 15:45:12.7]
Organization notifies agent (write): Prohibition [agent=c1, prohibition=[coin(5, 5, a1)], sanction=[reduce_300(c1)], clock=0, time=2013-06-11 15:45:14.158]
Organization notifies agent (write): Prohibition [agent=c1, prohibition=[coin(5, 6, a1)], sanction=[reduce_300(c1)], clock=0, time=2013-06-11 15:45:14.159]
Organization notifies agent (write): Prohibition [agent=c1, prohibition=[coin(6, 5, a1)], sanction=[reduce_300(c1)], clock=0, time=2013-06-11 15:45:14.161]
Organization notifies agent (write): Prohibition [agent=c1, prohibition=[coin(6, 6, a1)], sanction=[reduce_300(c1)], clock=0, time=2013-06-11 15:45:14.163]
Organization notifies agent (write): Prohibition [agent=c1, prohibition=[coin(5, 5, a2)], sanction=[reduce_300(c1)], clock=0, time=2013-06-11 15:45:14.164]
Organization notifies agent (write): Prohibition [agent=c1, prohibition=[coin(5, 6, a2)], sanction=[reduce_300(c1)], clock=0, time=2013-06-11 15:45:14.166]
Organization notifies agent (write): Prohibition [agent=c1, prohibition=[coin(6, 5, a2)], sanction=[reduce_300(c1)], clock=0, time=2013-06-11 15:45:14.167]
Organization notifies agent (write): Prohibition [agent=c1, prohibition=[coin(6, 6, a2)], sanction=[reduce_300(c1)], clock=0, time=2013-06-11 15:45:14.168]
Organization notifies agent (write): Prohibition [agent=c1, prohibition=[coin(5, 5, a3)], sanction=[reduce_300(c1)], clock=0, time=2013-06-11 15:45:14.17]
Organization notifies agent (write): Prohibition [agent=c1, prohibition=[coin(5, 6, a3)], sanction=[reduce_300(c1)], clock=0, time=2013-06-11 15:45:14.171]
Organization notifies agent (write): Prohibition [agent=c1, prohibition=[coin(6, 5, a3)], sanction=[reduce_300(c1)], clock=0, time=2013-06-11 15:45:14.172]
Organization notifies agent (write): Prohibition [agent=c1, prohibition=[coin(6, 6, a3)], sanction=[reduce_300(c1)], clock=0, time=2013-06-11 15:45:14.174]
Organization notifies agent (write): Prohibition [agent=a2, prohibition=[makeReading(8, 19, a2)], sanction=[reduce_300(a2)], clock=0, time=2013-06-11 15:45:16.931]
Organization notifies agent (write): Prohibition [agent=a3, prohibition=[makeReading(11, 1, a3)], sanction=[reduce_300(a3)], clock=0, time=2013-06-11 15:45:17.936]
Organization notifies agent (write): Prohibition [agent=a1, prohibition=[at(5, 5, a1)], sanction=[reduce_300(a1)], clock=0, time=2013-06-11 15:45:17.938]
Organization notifies agent (write): Prohibition [agent=a1, prohibition=[at(5, 6, a1)], sanction=[reduce_300(a1)], clock=0, time=2013-06-11 15:45:17.94]
Organization notifies agent (write): Prohibition [agent=a1, prohibition=[at(6, 5, a1)], sanction=[reduce_300(a1)], clock=0, time=2013-06-11 15:45:17.946]
Organization notifies agent (write): Prohibition [agent=a1, prohibition=[at(6, 6, a1)], sanction=[reduce_300(a1)], clock=0, time=2013-06-11 15:45:17.948]
Organization notifies agent (write): Prohibition [agent=a2, prohibition=[at(5, 5, a2)], sanction=[reduce_300(a2)], clock=0, time=2013-06-11 15:45:17.952]
Organization notifies agent (write): Prohibition [agent=a2, prohibition=[at(5, 6, a2)], sanction=[reduce_300(a2)], clock=0, time=2013-06-11 15:45:17.955]
Organization notifies agent (write): Prohibition [agent=a2, prohibition=[at(6, 5, a2)], sanction=[reduce_300(a2)], clock=0, time=2013-06-11 15:45:17.963]
Organization notifies agent (write): Prohibition [agent=a2, prohibition=[at(6, 6, a2)], sanction=[reduce_300(a2)], clock=0, time=2013-06-11 15:45:17.97]
Organization notifies agent (write): Prohibition [agent=a3, prohibition=[at(5, 5, a3)], sanction=[reduce_300(a3)], clock=0, time=2013-06-11 15:45:17.973]
Organization notifies agent (write): Prohibition [agent=a3, prohibition=[at(5, 6, a3)], sanction=[reduce_300(a3)], clock=0, time=2013-06-11 15:45:17.976]
Organization notifies agent (write): Prohibition [agent=a3, prohibition=[at(6, 5, a3)], sanction=[reduce_300(a3)], clock=0, time=2013-06-11 15:45:17.978]
Organization notifies agent (write): Prohibition [agent=a3, prohibition=[at(6, 6, a3)], sanction=[reduce_300(a3)], clock=0, time=2013-06-11 15:45:17.98]
Organization notifies agent (write): Obligation [agent=a1, obligation=[makeReading(8, 6)], sanction=[reduce_400(a1)], deadline=53, time=2013-06-11 15:45:27.669, clock=0]
Organization notifies agent (write): Obligation [agent=a1, obligation=[makeReading(16, 16)], sanction=[reduce_400(a1)], deadline=53, time=2013-06-11 15:45:27.876, clock=0]
Organization notifies agent (write): Obligation [agent=a1, obligation=[makeReading(2, 2)], sanction=[reduce_400(a1)], deadline=53, time=2013-06-11 15:45:28.082, clock=0]
