test2.
Service Registrar: 052cc499-efa3-4995-a9c4-d29ebfc01764
Java Space found.
TransactionManager found.
-------------------------last log tuples start--------------------------------
Time [clock=879, time=2013-06-11 11:47:10.701]
Position [agent=t1, id=null, cell=Cell [x=18, y=19], time=2013-06-11 11:30:29.967, clock=7]
Time [clock=1008, time=2013-06-11 11:47:11.053]
Time [clock=46, time=2013-06-11 11:47:11.453]
Time [clock=880, time=2013-06-11 11:47:11.702]
Time [clock=1009, time=2013-06-11 11:47:12.054]
Time [clock=47, time=2013-06-11 11:47:12.454]
Time [clock=881, time=2013-06-11 11:47:12.702]
Time [clock=1010, time=2013-06-11 11:47:13.095]
Time [clock=48, time=2013-06-11 11:47:13.455]
Time [clock=882, time=2013-06-11 11:47:13.706]
Time [clock=1011, time=2013-06-11 11:47:14.056]
Time [clock=49, time=2013-06-11 11:47:14.455]
Time [clock=883, time=2013-06-11 11:47:14.703]
Position [agent=t1, id=null, cell=Cell [x=17, y=19], time=2013-06-11 11:30:31.064, clock=8]
Time [clock=1012, time=2013-06-11 11:47:15.057]
Time [clock=50, time=2013-06-11 11:47:15.455]
Time [clock=884, time=2013-06-11 11:47:15.705]
Time [clock=1013, time=2013-06-11 11:47:16.061]
Time [clock=51, time=2013-06-11 11:47:16.462]
Time [clock=885, time=2013-06-11 11:47:16.709]
Time [clock=1014, time=2013-06-11 11:47:17.062]
Time [clock=52, time=2013-06-11 11:47:17.457]
Position [agent=t1, id=null, cell=Cell [x=16, y=19], time=2013-06-11 11:30:31.961, clock=9]
Time [clock=886, time=2013-06-11 11:47:17.709]
Time [clock=1015, time=2013-06-11 11:47:18.065]
Time [clock=53, time=2013-06-11 11:47:18.458]
Time [clock=887, time=2013-06-11 11:47:18.713]
Time [clock=1016, time=2013-06-11 11:47:19.063]
Time [clock=54, time=2013-06-11 11:47:19.458]
Time [clock=888, time=2013-06-11 11:47:19.71]
Time [clock=1017, time=2013-06-11 11:47:20.065]
Time [clock=55, time=2013-06-11 11:47:20.462]
Time [clock=889, time=2013-06-11 11:47:20.709]
Time [clock=1018, time=2013-06-11 11:47:21.064]
Time [clock=56, time=2013-06-11 11:47:21.461]
Time [clock=890, time=2013-06-11 11:47:21.709]
Time [clock=1019, time=2013-06-11 11:47:22.065]
Time [clock=57, time=2013-06-11 11:47:22.462]
Time [clock=891, time=2013-06-11 11:47:22.71]
Time [clock=1020, time=2013-06-11 11:47:23.066]
Time [clock=58, time=2013-06-11 11:47:23.5]
Time [clock=892, time=2013-06-11 11:47:23.717]
Time [clock=1021, time=2013-06-11 11:47:24.067]
Time [clock=59, time=2013-06-11 11:47:24.463]
Time [clock=893, time=2013-06-11 11:47:24.715]
Time [clock=1022, time=2013-06-11 11:47:25.068]
Time [clock=60, time=2013-06-11 11:47:25.463]
Time [clock=894, time=2013-06-11 11:47:25.714]
Time [clock=1023, time=2013-06-11 11:47:26.068]
Time [clock=61, time=2013-06-11 11:47:26.465]
Time [clock=895, time=2013-06-11 11:47:26.715]
Time [clock=1024, time=2013-06-11 11:47:27.108]
Time [clock=62, time=2013-06-11 11:47:27.465]
Time [clock=896, time=2013-06-11 11:47:27.715]
Position [agent=t1, id=null, cell=Cell [x=15, y=19], time=2013-06-11 11:30:33.15, clock=10]
Time [clock=1025, time=2013-06-11 11:47:28.07]
Time [clock=63, time=2013-06-11 11:47:28.466]
Time [clock=897, time=2013-06-11 11:47:28.717]
Time [clock=1026, time=2013-06-11 11:47:29.07]
Time [clock=64, time=2013-06-11 11:47:29.467]
Time [clock=898, time=2013-06-11 11:47:29.718]
Time [clock=1027, time=2013-06-11 11:47:30.071]
Time [clock=65, time=2013-06-11 11:47:30.505]
Time [clock=899, time=2013-06-11 11:47:30.721]
Time [clock=1028, time=2013-06-11 11:47:31.072]
Time [clock=66, time=2013-06-11 11:47:31.474]
Time [clock=900, time=2013-06-11 11:47:31.722]
Time [clock=1029, time=2013-06-11 11:47:32.078]
Position [agent=t1, id=null, cell=Cell [x=14, y=19], time=2013-06-11 11:30:34.077, clock=11]
Time [clock=67, time=2013-06-11 11:47:32.469]
Position [agent=t1, id=null, cell=Cell [x=13, y=19], time=2013-06-11 11:30:35.455, clock=12]
Time [clock=901, time=2013-06-11 11:47:32.763]
Time [clock=1030, time=2013-06-11 11:47:33.077]
Position [agent=t1, id=null, cell=Cell [x=12, y=19], time=2013-06-11 11:30:36.659, clock=14]
Time [clock=68, time=2013-06-11 11:47:33.471]
Time [clock=902, time=2013-06-11 11:47:33.726]
Time [clock=1031, time=2013-06-11 11:47:34.08]
Time [clock=69, time=2013-06-11 11:47:34.471]
Time [clock=903, time=2013-06-11 11:47:34.723]
Time [clock=1032, time=2013-06-11 11:47:35.08]
Time [clock=70, time=2013-06-11 11:47:35.471]
Time [clock=904, time=2013-06-11 11:47:35.762]
Time [clock=1033, time=2013-06-11 11:47:36.087]
Time [clock=71, time=2013-06-11 11:47:36.472]
Time [clock=905, time=2013-06-11 11:47:36.725]
Time [clock=1034, time=2013-06-11 11:47:37.088]
Time [clock=72, time=2013-06-11 11:47:37.471]
Time [clock=906, time=2013-06-11 11:47:37.726]
Time [clock=1035, time=2013-06-11 11:47:38.089]
Time [clock=73, time=2013-06-11 11:47:38.474]
Time [clock=907, time=2013-06-11 11:47:38.728]
Time [clock=1036, time=2013-06-11 11:47:39.091]
Time [clock=74, time=2013-06-11 11:47:39.479]
Time [clock=908, time=2013-06-11 11:47:39.768]
ActionRequest [id=null, agent=a3, type=reading, cell=Cell [x=11, y=1], clock=null, time=2013-06-11 14:26:49.236]
ActionRequest [id=null, agent=a2, type=reading, cell=Cell [x=8, y=19], clock=null, time=2013-06-11 14:26:49.277]
Position [agent=t1, id=null, cell=Cell [x=11, y=19], time=2013-06-11 11:30:38.222, clock=15]
Coin [id=null, cell=Cell [x=8, y=6], agent=a1, time=2013-06-11 11:32:37.209, clock=4]
Position [agent=t1, id=null, cell=Cell [x=10, y=19], time=2013-06-11 11:30:39.227, clock=16]
Position [agent=t1, id=null, cell=Cell [x=9, y=19], time=2013-06-11 11:30:40.067, clock=17]
Cargo [id=null, cell=Cell [x=19, y=19], time=2013-06-11 14:26:50.517, clock=0]
Obligation [agent=a1, obligation=[makeReading(16, 6)], sanction=[reduce_400(a1)], deadline=54, time=2013-06-11 11:46:32.473, clock=0]
Position [agent=t1, id=null, cell=Cell [x=8, y=19], time=2013-06-11 11:30:40.855, clock=18]
Coin [id=null, cell=Cell [x=16, y=6], agent=a2, time=2013-06-11 11:46:31.703, clock=5]
Position [agent=t1, id=null, cell=Cell [x=7, y=19], time=2013-06-11 11:30:41.798, clock=19]
Obligation [agent=a1, obligation=[makeReading(3, 9)], sanction=[reduce_400(a1)], deadline=54, time=2013-06-11 11:46:33.834, clock=0]
Position [agent=t1, id=null, cell=Cell [x=6, y=19], time=2013-06-11 11:30:43.132, clock=20]
Position [agent=t1, id=null, cell=Cell [x=5, y=19], time=2013-06-11 11:30:44.33, clock=21]
Obligation [agent=a1, obligation=[makeReading(8, 6)], sanction=[reduce_400(a1)], deadline=54, time=2013-06-11 11:46:56.078, clock=0]
Coin [id=null, cell=Cell [x=8, y=6], agent=a1, time=2013-06-11 11:55:42.902, clock=1516]
Position [agent=t1, id=null, cell=Cell [x=4, y=19], time=2013-06-11 11:30:45.477, clock=22]
Obligation [agent=a2, obligation=[makeReading(8, 6)], sanction=[reduce_400(a2)], deadline=50, time=2013-06-11 14:26:51.915, clock=0]
Position [agent=t1, id=null, cell=Cell [x=3, y=19], time=2013-06-11 11:30:46.848, clock=24]
Obligation [agent=a2, obligation=[makeReading(16, 16)], sanction=[reduce_400(a2)], deadline=50, time=2013-06-11 14:26:52.356, clock=0]
Coin [id=null, cell=Cell [x=16, y=6], agent=a2, time=2013-06-11 11:55:42.942, clock=1517]
Coin [id=null, cell=Cell [x=3, y=9], agent=a3, time=2013-06-11 11:55:42.99, clock=1519]
Position [agent=t1, id=null, cell=Cell [x=2, y=19], time=2013-06-11 11:30:48.403, clock=25]
Obligation [agent=a2, obligation=[makeReading(2, 2)], sanction=[reduce_400(a2)], deadline=50, time=2013-06-11 14:26:52.566, clock=0]
Coin [id=null, cell=Cell [x=8, y=6], agent=a1, time=2013-06-11 12:04:42.216, clock=8]
Position [agent=t1, id=null, cell=Cell [x=2, y=18], time=2013-06-11 11:30:49.887, clock=27]
Obligation [agent=a3, obligation=[makeReading(8, 6)], sanction=[reduce_400(a3)], deadline=50, time=2013-06-11 14:26:53.183, clock=0]
Position [agent=t1, id=null, cell=Cell [x=2, y=17], time=2013-06-11 11:30:51.485, clock=28]
Position [agent=t1, id=null, cell=Cell [x=2, y=16], time=2013-06-11 11:30:52.868, clock=30]
Position [agent=t1, id=null, cell=Cell [x=2, y=15], time=2013-06-11 11:30:54.202, clock=31]
Position [agent=t1, id=null, cell=Cell [x=2, y=14], time=2013-06-11 11:30:55.828, clock=33]
Position [agent=t1, id=null, cell=Cell [x=2, y=13], time=2013-06-11 11:30:57.319, clock=34]
Coin [id=null, cell=Cell [x=16, y=6], agent=a2, time=2013-06-11 12:04:42.399, clock=9]
Coin [id=null, cell=Cell [x=3, y=9], agent=a3, time=2013-06-11 12:04:42.605, clock=10]
Coin [id=null, cell=Cell [x=8, y=6], agent=a1, time=2013-06-11 14:26:51.421, clock=0]
Position [agent=a1, id=null, cell=Cell [x=3, y=4], time=2013-06-11 14:26:49.994, clock=0]
Position [agent=t1, id=null, cell=Cell [x=18, y=19], time=2013-06-11 14:26:51.292, clock=0]
Coin [id=null, cell=Cell [x=2, y=2], agent=a3, time=2013-06-11 14:26:51.909, clock=0]
Position [agent=a1, id=null, cell=Cell [x=3, y=5], time=2013-06-11 14:26:52.09, clock=0]
Position [agent=t1, id=null, cell=Cell [x=17, y=19], time=2013-06-11 14:26:52.468, clock=0]
Position [agent=t1, id=null, cell=Cell [x=16, y=19], time=2013-06-11 14:26:52.904, clock=0]
Position [agent=a1, id=null, cell=Cell [x=4, y=5], time=2013-06-11 14:26:53.294, clock=0]
-------------------------last log tuples end----------------------------------
register a1
register a2
register a3
register c1
register t1
org position notification
Organization notifies agent (write): Obligation [agent=a2, obligation=[makeReading(8, 6)], sanction=[reduce_400(a2)], deadline=54, time=2013-06-11 15:06:12.872, clock=0]
agent obligation notification a2 number 1
Organization notifies agent (write): Obligation [agent=a2, obligation=[makeReading(16, 16)], sanction=[reduce_400(a2)], deadline=54, time=2013-06-11 15:06:13.091, clock=0]
Obligation [agent=a2, obligation=null, sanction=null, deadline=null, time=null, clock=null] 1970-01-01 01:00:00.0 - 2013-06-11 15:06:12.917
Event sent to agent      a2 obligation(makeReading(8, 6), 54, reduce_400(a2))
Organization notifies agent (write): Obligation [agent=a2, obligation=[makeReading(2, 2)], sanction=[reduce_400(a2)], deadline=54, time=2013-06-11 15:06:13.486, clock=0]
agent obligation notification a2 number 3
Obligation [agent=a2, obligation=null, sanction=null, deadline=null, time=null, clock=null] 2013-06-11 15:06:12.917 - 2013-06-11 15:06:13.536
Event sent to agent      a2 obligation(makeReading(16, 16), 54, reduce_400(a2))
Event sent to agent      a2 obligation(makeReading(2, 2), 54, reduce_400(a2))
Organization notifies agent (write): Obligation [agent=a3, obligation=[makeReading(8, 6)], sanction=[reduce_400(a3)], deadline=54, time=2013-06-11 15:06:14.32, clock=0]
agent obligation notification a3 number 1
Organization notifies agent (write): Obligation [agent=a3, obligation=[makeReading(16, 16)], sanction=[reduce_400(a3)], deadline=54, time=2013-06-11 15:06:14.532, clock=0]
Obligation [agent=a3, obligation=null, sanction=null, deadline=null, time=null, clock=null] 1970-01-01 01:00:00.0 - 2013-06-11 15:06:14.324
Event sent to agent      a3 obligation(makeReading(8, 6), 54, reduce_400(a3))
agent obligation notification a3 number 2
Obligation [agent=a3, obligation=null, sanction=null, deadline=null, time=null, clock=null] 2013-06-11 15:06:14.324 - 2013-06-11 15:06:14.539
Event sent to agent      a3 obligation(makeReading(16, 16), 54, reduce_400(a3))
Organization notifies agent (write): Obligation [agent=a3, obligation=[makeReading(2, 2)], sanction=[reduce_400(a3)], deadline=54, time=2013-06-11 15:06:15.323, clock=0]
Organization notifies agent (write): Prohibition [agent=t1, prohibition=[at(5, 5, t1)], sanction=[reduce_300(t1)], clock=0, time=2013-06-11 15:06:15.325]
agent obligation notification a3 number 3
Organization notifies agent (write): Prohibition [agent=t1, prohibition=[at(5, 6, t1)], sanction=[reduce_300(t1)], clock=0, time=2013-06-11 15:06:15.327]
Organization notifies agent (write): Prohibition [agent=t1, prohibition=[at(6, 5, t1)], sanction=[reduce_300(t1)], clock=0, time=2013-06-11 15:06:15.33]
Organization notifies agent (write): Prohibition [agent=t1, prohibition=[at(6, 6, t1)], sanction=[reduce_300(t1)], clock=0, time=2013-06-11 15:06:15.332]
agent prohibition notification t1 number 4
Obligation [agent=a3, obligation=null, sanction=null, deadline=null, time=null, clock=null] 2013-06-11 15:06:14.539 - 2013-06-11 15:06:15.327
Event sent to agent      a3 obligation(makeReading(2, 2), 54, reduce_400(a3))
Organization notifies agent (write): Prohibition [agent=c1, prohibition=[coin(5, 5, a1)], sanction=[reduce_300(c1)], clock=0, time=2013-06-11 15:06:15.547]
Organization notifies agent (write): Prohibition [agent=c1, prohibition=[coin(5, 6, a1)], sanction=[reduce_300(c1)], clock=0, time=2013-06-11 15:06:15.55]
Organization notifies agent (write): Prohibition [agent=c1, prohibition=[coin(6, 5, a1)], sanction=[reduce_300(c1)], clock=0, time=2013-06-11 15:06:15.552]
agent prohibition notification c1 number 2
Organization notifies agent (write): Prohibition [agent=c1, prohibition=[coin(6, 6, a1)], sanction=[reduce_300(c1)], clock=0, time=2013-06-11 15:06:15.555]
Organization notifies agent (write): Prohibition [agent=c1, prohibition=[coin(5, 5, a2)], sanction=[reduce_300(c1)], clock=0, time=2013-06-11 15:06:15.557]
Organization notifies agent (write): Prohibition [agent=c1, prohibition=[coin(5, 6, a2)], sanction=[reduce_300(c1)], clock=0, time=2013-06-11 15:06:15.558]
Organization notifies agent (write): Prohibition [agent=c1, prohibition=[coin(6, 5, a2)], sanction=[reduce_300(c1)], clock=0, time=2013-06-11 15:06:15.563]
Organization notifies agent (write): Prohibition [agent=c1, prohibition=[coin(6, 6, a2)], sanction=[reduce_300(c1)], clock=0, time=2013-06-11 15:06:15.565]
Organization notifies agent (write): Prohibition [agent=c1, prohibition=[coin(5, 5, a3)], sanction=[reduce_300(c1)], clock=0, time=2013-06-11 15:06:15.567]
Organization notifies agent (write): Prohibition [agent=c1, prohibition=[coin(5, 6, a3)], sanction=[reduce_300(c1)], clock=0, time=2013-06-11 15:06:15.57]
Organization notifies agent (write): Prohibition [agent=c1, prohibition=[coin(6, 5, a3)], sanction=[reduce_300(c1)], clock=0, time=2013-06-11 15:06:15.581]
Organization notifies agent (write): Prohibition [agent=c1, prohibition=[coin(6, 6, a3)], sanction=[reduce_300(c1)], clock=0, time=2013-06-11 15:06:15.584]
Prohibition [agent=t1, prohibition=null, sanction=null, clock=null, time=null] 1970-01-01 01:00:00.0 - 2013-06-11 15:06:15.476
Event sent to agent      t1 prohibition(at(5, 5, t1), reduce_300(t1))
Event sent to agent      t1 prohibition(at(5, 6, t1), reduce_300(t1))
Event sent to agent      t1 prohibition(at(6, 5, t1), reduce_300(t1))
Event sent to agent      t1 prohibition(at(6, 6, t1), reduce_300(t1))
Prohibition [agent=c1, prohibition=null, sanction=null, clock=null, time=null] 1970-01-01 01:00:00.0 - 2013-06-11 15:06:15.554
Event sent to agent      c1 prohibition(coin(5, 5, a1), reduce_300(c1))
Event sent to agent      c1 prohibition(coin(5, 6, a1), reduce_300(c1))
Event sent to agent      c1 prohibition(coin(6, 5, a1), reduce_300(c1))
agent prohibition notification c1 number 12
Event processed aprohibition(coin(5, 5, a1), reduce_300(c1))
Event processed aprohibition(coin(5, 6, a1), reduce_300(c1))
Event processed aprohibition(coin(6, 5, a1), reduce_300(c1))
Event processed aprohibition(at(5, 5, t1), reduce_300(t1))
Event processed aprohibition(at(5, 6, t1), reduce_300(t1))
Event processed aprohibition(at(6, 5, t1), reduce_300(t1))
Event processed aprohibition(at(6, 6, t1), reduce_300(t1))
Prohibition [agent=c1, prohibition=null, sanction=null, clock=null, time=null] 2013-06-11 15:06:15.554 - 2013-06-11 15:06:15.808
Event sent to agent      c1 prohibition(coin(6, 6, a1), reduce_300(c1))
Event sent to agent      c1 prohibition(coin(5, 5, a2), reduce_300(c1))
Event sent to agent      c1 prohibition(coin(5, 6, a2), reduce_300(c1))
Event sent to agent      c1 prohibition(coin(6, 5, a2), reduce_300(c1))
Event sent to agent      c1 prohibition(coin(6, 6, a2), reduce_300(c1))
Event sent to agent      c1 prohibition(coin(5, 5, a3), reduce_300(c1))
Event sent to agent      c1 prohibition(coin(5, 6, a3), reduce_300(c1))
Event sent to agent      c1 prohibition(coin(6, 5, a3), reduce_300(c1))
Event sent to agent      c1 prohibition(coin(6, 6, a3), reduce_300(c1))
Event processed aprohibition(coin(6, 6, a1), reduce_300(c1))
Event processed aprohibition(coin(5, 5, a2), reduce_300(c1))
Event processed aprohibition(coin(5, 6, a2), reduce_300(c1))
Event processed aprohibition(coin(6, 5, a2), reduce_300(c1))
Event processed aprohibition(coin(6, 6, a2), reduce_300(c1))
Event processed aprohibition(coin(5, 5, a3), reduce_300(c1))
Event processed aprohibition(coin(5, 6, a3), reduce_300(c1))
Event processed aprohibition(coin(6, 5, a3), reduce_300(c1))
Event processed aprohibition(coin(6, 6, a3), reduce_300(c1))
Organization notifies agent (write): Prohibition [agent=a1, prohibition=[at(5, 5, a1)], sanction=[reduce_300(a1)], clock=0, time=2013-06-11 15:06:16.437]
Organization notifies agent (write): Prohibition [agent=a1, prohibition=[at(5, 6, a1)], sanction=[reduce_300(a1)], clock=0, time=2013-06-11 15:06:16.438]
Organization notifies agent (write): Prohibition [agent=a1, prohibition=[at(6, 5, a1)], sanction=[reduce_300(a1)], clock=0, time=2013-06-11 15:06:16.44]
Organization notifies agent (write): Prohibition [agent=a1, prohibition=[at(6, 6, a1)], sanction=[reduce_300(a1)], clock=0, time=2013-06-11 15:06:16.443]
Organization notifies agent (write): Prohibition [agent=a2, prohibition=[at(5, 5, a2)], sanction=[reduce_300(a2)], clock=0, time=2013-06-11 15:06:16.453]
Organization notifies agent (write): Prohibition [agent=a2, prohibition=[at(5, 6, a2)], sanction=[reduce_300(a2)], clock=0, time=2013-06-11 15:06:16.455]
Organization notifies agent (write): Prohibition [agent=a2, prohibition=[at(6, 5, a2)], sanction=[reduce_300(a2)], clock=0, time=2013-06-11 15:06:16.459]
Organization notifies agent (write): Prohibition [agent=a2, prohibition=[at(6, 6, a2)], sanction=[reduce_300(a2)], clock=0, time=2013-06-11 15:06:16.461]
Organization notifies agent (write): Prohibition [agent=a3, prohibition=[at(5, 5, a3)], sanction=[reduce_300(a3)], clock=0, time=2013-06-11 15:06:16.463]
Organization notifies agent (write): Prohibition [agent=a3, prohibition=[at(5, 6, a3)], sanction=[reduce_300(a3)], clock=0, time=2013-06-11 15:06:16.465]
Organization notifies agent (write): Prohibition [agent=a3, prohibition=[at(6, 5, a3)], sanction=[reduce_300(a3)], clock=0, time=2013-06-11 15:06:16.466]
Organization notifies agent (write): Prohibition [agent=a3, prohibition=[at(6, 6, a3)], sanction=[reduce_300(a3)], clock=0, time=2013-06-11 15:06:16.47]
agent prohibition notification a1 number 4
agent prohibition notification a2 number 4
Prohibition [agent=a1, prohibition=null, sanction=null, clock=null, time=null] 1970-01-01 01:00:00.0 - 2013-06-11 15:06:16.475
Event sent to agent      a1 prohibition(at(5, 5, a1), reduce_300(a1))
Event sent to agent      a1 prohibition(at(5, 6, a1), reduce_300(a1))
Event sent to agent      a1 prohibition(at(6, 5, a1), reduce_300(a1))
Event sent to agent      a1 prohibition(at(6, 6, a1), reduce_300(a1))
agent prohibition notification a3 number 4
Prohibition [agent=a2, prohibition=null, sanction=null, clock=null, time=null] 1970-01-01 01:00:00.0 - 2013-06-11 15:06:16.525
Event sent to agent      a2 prohibition(at(5, 5, a2), reduce_300(a2))
Event sent to agent      a2 prohibition(at(5, 6, a2), reduce_300(a2))
Event sent to agent      a2 prohibition(at(6, 5, a2), reduce_300(a2))
Event sent to agent      a2 prohibition(at(6, 6, a2), reduce_300(a2))
Prohibition [agent=a3, prohibition=null, sanction=null, clock=null, time=null] 1970-01-01 01:00:00.0 - 2013-06-11 15:06:16.702
Event sent to agent      a3 prohibition(at(5, 5, a3), reduce_300(a3))
Event sent to agent      a3 prohibition(at(5, 6, a3), reduce_300(a3))
Event sent to agent      a3 prohibition(at(6, 5, a3), reduce_300(a3))
Event sent to agent      a3 prohibition(at(6, 6, a3), reduce_300(a3))
Organization notifies agent (write): Obligation [agent=a1, obligation=[makeReading(8, 6)], sanction=[reduce_400(a1)], deadline=54, time=2013-06-11 15:06:29.419, clock=0]
agent obligation notification a1 number 1
Obligation [agent=a1, obligation=null, sanction=null, deadline=null, time=null, clock=null] 1970-01-01 01:00:00.0 - 2013-06-11 15:06:29.421
Event sent to agent      a1 obligation(makeReading(8, 6), 54, reduce_400(a1))
Organization notifies agent (write): Obligation [agent=a1, obligation=[makeReading(16, 16)], sanction=[reduce_400(a1)], deadline=54, time=2013-06-11 15:06:29.871, clock=0]
Organization notifies agent (write): Obligation [agent=a1, obligation=[makeReading(2, 2)], sanction=[reduce_400(a1)], deadline=54, time=2013-06-11 15:06:30.083, clock=0]
agent obligation notification a1 number 3
Obligation [agent=a1, obligation=null, sanction=null, deadline=null, time=null, clock=null] 2013-06-11 15:06:29.421 - 2013-06-11 15:06:30.091
Event sent to agent      a1 obligation(makeReading(16, 16), 54, reduce_400(a1))
Event sent to agent      a1 obligation(makeReading(2, 2), 54, reduce_400(a1))
org position notification
Organization notifies agent (write): Obligation [agent=a1, obligation=[makeReading(8, 6)], sanction=[reduce_400(a1)], deadline=102, time=2013-06-11 15:07:00.073, clock=0]
agent obligation notification a1 number 4
Organization notifies agent (write): Obligation [agent=a1, obligation=[makeReading(16, 16)], sanction=[reduce_400(a1)], deadline=102, time=2013-06-11 15:07:00.278, clock=0]
Obligation [agent=a1, obligation=null, sanction=null, deadline=null, time=null, clock=null] 2013-06-11 15:06:30.091 - 2013-06-11 15:07:00.076
Event sent to agent      a1 obligation(makeReading(8, 6), 102, reduce_400(a1))
agent obligation notification a1 number 5
Organization notifies agent (write): Obligation [agent=a1, obligation=[makeReading(2, 2)], sanction=[reduce_400(a1)], deadline=102, time=2013-06-11 15:07:00.485, clock=0]
Obligation [agent=a1, obligation=null, sanction=null, deadline=null, time=null, clock=null] 2013-06-11 15:07:00.076 - 2013-06-11 15:07:00.484
Event sent to agent      a1 obligation(makeReading(16, 16), 102, reduce_400(a1))
Organization notifies agent (write): Obligation [agent=a2, obligation=[makeReading(8, 6)], sanction=[reduce_400(a2)], deadline=102, time=2013-06-11 15:07:00.75, clock=0]
agent obligation notification a1 number 6
Organization notifies agent (write): Obligation [agent=a2, obligation=[makeReading(16, 16)], sanction=[reduce_400(a2)], deadline=102, time=2013-06-11 15:07:00.958, clock=0]
Obligation [agent=a1, obligation=null, sanction=null, deadline=null, time=null, clock=null] 2013-06-11 15:07:00.484 - 2013-06-11 15:07:00.752
Event sent to agent      a1 obligation(makeReading(2, 2), 102, reduce_400(a1))
agent obligation notification a2 number 5
Organization notifies agent (write): Obligation [agent=a2, obligation=[makeReading(2, 2)], sanction=[reduce_400(a2)], deadline=102, time=2013-06-11 15:07:01.164, clock=0]
Obligation [agent=a2, obligation=null, sanction=null, deadline=null, time=null, clock=null] 2013-06-11 15:06:13.536 - 2013-06-11 15:07:00.964
Event sent to agent      a2 obligation(makeReading(8, 6), 102, reduce_400(a2))
Event sent to agent      a2 obligation(makeReading(16, 16), 102, reduce_400(a2))
agent obligation notification a2 number 6
Organization notifies agent (write): Obligation [agent=a3, obligation=[makeReading(8, 6)], sanction=[reduce_400(a3)], deadline=102, time=2013-06-11 15:07:01.371, clock=0]
Organization notifies agent (write): Obligation [agent=a3, obligation=[makeReading(16, 16)], sanction=[reduce_400(a3)], deadline=102, time=2013-06-11 15:07:01.577, clock=0]
Obligation [agent=a2, obligation=null, sanction=null, deadline=null, time=null, clock=null] 2013-06-11 15:07:00.964 - 2013-06-11 15:07:01.369
Event sent to agent      a2 obligation(makeReading(2, 2), 102, reduce_400(a2))
agent obligation notification a3 number 5
Organization notifies agent (write): Obligation [agent=a3, obligation=[makeReading(2, 2)], sanction=[reduce_400(a3)], deadline=102, time=2013-06-11 15:07:01.783, clock=0]
Obligation [agent=a3, obligation=null, sanction=null, deadline=null, time=null, clock=null] 2013-06-11 15:06:15.327 - 2013-06-11 15:07:01.582
Event sent to agent      a3 obligation(makeReading(8, 6), 102, reduce_400(a3))
Event sent to agent      a3 obligation(makeReading(16, 16), 102, reduce_400(a3))
agent obligation notification a3 number 6
Obligation [agent=a3, obligation=null, sanction=null, deadline=null, time=null, clock=null] 2013-06-11 15:07:01.582 - 2013-06-11 15:07:01.989
Event sent to agent      a3 obligation(makeReading(2, 2), 102, reduce_400(a3))
Organization notifies agent (write): Prohibition [agent=a1, prohibition=[at(5, 5, a1)], sanction=[reduce_300(a1)], clock=0, time=2013-06-11 15:07:02.6]
agent prohibition notification a1 number 5
Prohibition [agent=a1, prohibition=null, sanction=null, clock=null, time=null] 2013-06-11 15:06:16.475 - 2013-06-11 15:07:02.602
Event sent to agent      a1 prohibition(at(5, 5, a1), reduce_300(a1))
org coin notification
Organization notifies agent (write): Obligation [agent=a1, obligation=[makeReading(8, 6)], sanction=[reduce_400(a1)], deadline=132, time=2013-06-11 15:07:29.873, clock=0]
agent obligation notification a1 number 7
Organization notifies agent (write): Obligation [agent=a1, obligation=[makeReading(16, 16)], sanction=[reduce_400(a1)], deadline=132, time=2013-06-11 15:07:30.08, clock=0]
Obligation [agent=a1, obligation=null, sanction=null, deadline=null, time=null, clock=null] 2013-06-11 15:07:00.752 - 2013-06-11 15:07:29.875
Event sent to agent      a1 obligation(makeReading(8, 6), 132, reduce_400(a1))
agent obligation notification a1 number 8
Organization notifies agent (write): Obligation [agent=a1, obligation=[makeReading(2, 2)], sanction=[reduce_400(a1)], deadline=132, time=2013-06-11 15:07:30.287, clock=0]
Organization notifies agent (write): Obligation [agent=a2, obligation=[makeReading(8, 6)], sanction=[reduce_400(a2)], deadline=132, time=2013-06-11 15:07:30.493, clock=0]
Obligation [agent=a1, obligation=null, sanction=null, deadline=null, time=null, clock=null] 2013-06-11 15:07:29.875 - 2013-06-11 15:07:30.286
Event sent to agent      a1 obligation(makeReading(16, 16), 132, reduce_400(a1))
agent obligation notification a1 number 9
Organization notifies agent (write): Obligation [agent=a2, obligation=[makeReading(16, 16)], sanction=[reduce_400(a2)], deadline=132, time=2013-06-11 15:07:30.699, clock=0]
Obligation [agent=a1, obligation=null, sanction=null, deadline=null, time=null, clock=null] 2013-06-11 15:07:30.286 - 2013-06-11 15:07:30.5
Event sent to agent      a1 obligation(makeReading(2, 2), 132, reduce_400(a1))
agent obligation notification a2 number 8
Organization notifies agent (write): Obligation [agent=a2, obligation=[makeReading(2, 2)], sanction=[reduce_400(a2)], deadline=132, time=2013-06-11 15:07:30.909, clock=0]
Obligation [agent=a2, obligation=null, sanction=null, deadline=null, time=null, clock=null] 2013-06-11 15:07:01.369 - 2013-06-11 15:07:30.715
Event sent to agent      a2 obligation(makeReading(8, 6), 132, reduce_400(a2))
Event sent to agent      a2 obligation(makeReading(16, 16), 132, reduce_400(a2))
Organization notifies agent (write): Obligation [agent=a3, obligation=[makeReading(8, 6)], sanction=[reduce_400(a3)], deadline=132, time=2013-06-11 15:07:31.114, clock=0]
agent obligation notification a2 number 9
Organization notifies agent (write): Obligation [agent=a3, obligation=[makeReading(16, 16)], sanction=[reduce_400(a3)], deadline=132, time=2013-06-11 15:07:31.323, clock=0]
Obligation [agent=a2, obligation=null, sanction=null, deadline=null, time=null, clock=null] 2013-06-11 15:07:30.715 - 2013-06-11 15:07:31.116
Event sent to agent      a2 obligation(makeReading(2, 2), 132, reduce_400(a2))
agent obligation notification a3 number 8
Organization notifies agent (write): Obligation [agent=a3, obligation=[makeReading(2, 2)], sanction=[reduce_400(a3)], deadline=132, time=2013-06-11 15:07:31.529, clock=0]
Obligation [agent=a3, obligation=null, sanction=null, deadline=null, time=null, clock=null] 2013-06-11 15:07:01.989 - 2013-06-11 15:07:31.332
Event sent to agent      a3 obligation(makeReading(8, 6), 132, reduce_400(a3))
Event sent to agent      a3 obligation(makeReading(16, 16), 132, reduce_400(a3))
agent obligation notification a3 number 9
Obligation [agent=a3, obligation=null, sanction=null, deadline=null, time=null, clock=null] 2013-06-11 15:07:31.332 - 2013-06-11 15:07:31.734
Event sent to agent      a3 obligation(makeReading(2, 2), 132, reduce_400(a3))
Organization notifies agent (write): Prohibition [agent=a1, prohibition=[at(5, 5, a1)], sanction=[reduce_300(a1)], clock=0, time=2013-06-11 15:07:32.352]
agent prohibition notification a1 number 6
Prohibition [agent=a1, prohibition=null, sanction=null, clock=null, time=null] 2013-06-11 15:07:02.602 - 2013-06-11 15:07:32.354
Event sent to agent      a1 prohibition(at(5, 5, a1), reduce_300(a1))
org coin notification
Organization notifies agent (write): Obligation [agent=a1, obligation=[makeReading(8, 6)], sanction=[reduce_400(a1)], deadline=162, time=2013-06-11 15:07:59.682, clock=0]
agent obligation notification a1 number 10
Organization notifies agent (write): Obligation [agent=a1, obligation=[makeReading(16, 16)], sanction=[reduce_400(a1)], deadline=162, time=2013-06-11 15:07:59.888, clock=0]
Obligation [agent=a1, obligation=null, sanction=null, deadline=null, time=null, clock=null] 2013-06-11 15:07:30.5 - 2013-06-11 15:07:59.683
Event sent to agent      a1 obligation(makeReading(8, 6), 162, reduce_400(a1))
agent obligation notification a1 number 11
Organization notifies agent (write): Obligation [agent=a1, obligation=[makeReading(2, 2)], sanction=[reduce_400(a1)], deadline=162, time=2013-06-11 15:08:00.095, clock=0]
Organization notifies agent (write): Obligation [agent=a2, obligation=[makeReading(8, 6)], sanction=[reduce_400(a2)], deadline=162, time=2013-06-11 15:08:00.301, clock=0]
agent obligation notification a2 number 10
Obligation [agent=a1, obligation=null, sanction=null, deadline=null, time=null, clock=null] 2013-06-11 15:07:59.683 - 2013-06-11 15:08:00.094
Event sent to agent      a1 obligation(makeReading(16, 16), 162, reduce_400(a1))
agent obligation notification a1 number 12
Organization notifies agent (write): Obligation [agent=a2, obligation=[makeReading(16, 16)], sanction=[reduce_400(a2)], deadline=162, time=2013-06-11 15:08:00.507, clock=0]
Obligation [agent=a1, obligation=null, sanction=null, deadline=null, time=null, clock=null] 2013-06-11 15:08:00.094 - 2013-06-11 15:08:00.308
Event sent to agent      a1 obligation(makeReading(2, 2), 162, reduce_400(a1))
Obligation [agent=a2, obligation=null, sanction=null, deadline=null, time=null, clock=null] 2013-06-11 15:07:31.116 - 2013-06-11 15:08:00.303
Event sent to agent      a2 obligation(makeReading(8, 6), 162, reduce_400(a2))
agent obligation notification a2 number 11
Organization notifies agent (write): Obligation [agent=a2, obligation=[makeReading(2, 2)], sanction=[reduce_400(a2)], deadline=162, time=2013-06-11 15:08:00.712, clock=0]
Organization notifies agent (write): Obligation [agent=a3, obligation=[makeReading(8, 6)], sanction=[reduce_400(a3)], deadline=162, time=2013-06-11 15:08:00.918, clock=0]
agent obligation notification a3 number 10
Obligation [agent=a2, obligation=null, sanction=null, deadline=null, time=null, clock=null] 2013-06-11 15:08:00.303 - 2013-06-11 15:08:00.711
Event sent to agent      a2 obligation(makeReading(16, 16), 162, reduce_400(a2))
agent obligation notification a2 number 12
Organization notifies agent (write): Obligation [agent=a3, obligation=[makeReading(16, 16)], sanction=[reduce_400(a3)], deadline=162, time=2013-06-11 15:08:01.125, clock=0]
Obligation [agent=a2, obligation=null, sanction=null, deadline=null, time=null, clock=null] 2013-06-11 15:08:00.711 - 2013-06-11 15:08:00.928
Event sent to agent      a2 obligation(makeReading(2, 2), 162, reduce_400(a2))
Obligation [agent=a3, obligation=null, sanction=null, deadline=null, time=null, clock=null] 2013-06-11 15:07:31.734 - 2013-06-11 15:08:00.92
Event sent to agent      a3 obligation(makeReading(8, 6), 162, reduce_400(a3))
agent obligation notification a3 number 11
Organization notifies agent (write): Obligation [agent=a3, obligation=[makeReading(2, 2)], sanction=[reduce_400(a3)], deadline=162, time=2013-06-11 15:08:01.331, clock=0]
Obligation [agent=a3, obligation=null, sanction=null, deadline=null, time=null, clock=null] 2013-06-11 15:08:00.92 - 2013-06-11 15:08:01.328
Event sent to agent      a3 obligation(makeReading(16, 16), 162, reduce_400(a3))
agent obligation notification a3 number 12
Obligation [agent=a3, obligation=null, sanction=null, deadline=null, time=null, clock=null] 2013-06-11 15:08:01.328 - 2013-06-11 15:08:01.545
Event sent to agent      a3 obligation(makeReading(2, 2), 162, reduce_400(a3))
Organization notifies agent (write): Prohibition [agent=a1, prohibition=[at(5, 5, a1)], sanction=[reduce_300(a1)], clock=0, time=2013-06-11 15:08:02.146]
agent prohibition notification a1 number 7
Prohibition [agent=a1, prohibition=null, sanction=null, clock=null, time=null] 2013-06-11 15:07:32.354 - 2013-06-11 15:08:02.148
Event sent to agent      a1 prohibition(at(5, 5, a1), reduce_300(a1))
org cargo notification
Organization notifies agent (write): Obligation [agent=a1, obligation=[makeReading(8, 6)], sanction=[reduce_400(a1)], deadline=192, time=2013-06-11 15:08:29.411, clock=0]
agent obligation notification a1 number 13
Organization notifies agent (write): Obligation [agent=a1, obligation=[makeReading(16, 16)], sanction=[reduce_400(a1)], deadline=192, time=2013-06-11 15:08:29.618, clock=0]
Obligation [agent=a1, obligation=null, sanction=null, deadline=null, time=null, clock=null] 2013-06-11 15:08:00.308 - 2013-06-11 15:08:29.414
Event sent to agent      a1 obligation(makeReading(8, 6), 192, reduce_400(a1))
agent obligation notification a1 number 14
Organization notifies agent (write): Obligation [agent=a1, obligation=[makeReading(2, 2)], sanction=[reduce_400(a1)], deadline=192, time=2013-06-11 15:08:29.824, clock=0]
Organization notifies agent (write): Obligation [agent=a2, obligation=[makeReading(8, 6)], sanction=[reduce_400(a2)], deadline=192, time=2013-06-11 15:08:30.028, clock=0]
agent obligation notification a2 number 13
Obligation [agent=a1, obligation=null, sanction=null, deadline=null, time=null, clock=null] 2013-06-11 15:08:29.414 - 2013-06-11 15:08:29.822
Event sent to agent      a1 obligation(makeReading(16, 16), 192, reduce_400(a1))
agent obligation notification a1 number 15
Organization notifies agent (write): Obligation [agent=a2, obligation=[makeReading(16, 16)], sanction=[reduce_400(a2)], deadline=192, time=2013-06-11 15:08:30.237, clock=0]
Obligation [agent=a1, obligation=null, sanction=null, deadline=null, time=null, clock=null] 2013-06-11 15:08:29.822 - 2013-06-11 15:08:30.038
Event sent to agent      a1 obligation(makeReading(2, 2), 192, reduce_400(a1))
Obligation [agent=a2, obligation=null, sanction=null, deadline=null, time=null, clock=null] 2013-06-11 15:08:00.928 - 2013-06-11 15:08:30.031
Event sent to agent      a2 obligation(makeReading(8, 6), 192, reduce_400(a2))
agent obligation notification a2 number 14
Organization notifies agent (write): Obligation [agent=a2, obligation=[makeReading(2, 2)], sanction=[reduce_400(a2)], deadline=192, time=2013-06-11 15:08:30.445, clock=0]
Organization notifies agent (write): Obligation [agent=a3, obligation=[makeReading(8, 6)], sanction=[reduce_400(a3)], deadline=192, time=2013-06-11 15:08:30.651, clock=0]
agent obligation notification a3 number 13
Obligation [agent=a2, obligation=null, sanction=null, deadline=null, time=null, clock=null] 2013-06-11 15:08:30.031 - 2013-06-11 15:08:30.443
Event sent to agent      a2 obligation(makeReading(16, 16), 192, reduce_400(a2))
agent obligation notification a2 number 15
Organization notifies agent (write): Obligation [agent=a3, obligation=[makeReading(16, 16)], sanction=[reduce_400(a3)], deadline=192, time=2013-06-11 15:08:30.857, clock=0]
Obligation [agent=a2, obligation=null, sanction=null, deadline=null, time=null, clock=null] 2013-06-11 15:08:30.443 - 2013-06-11 15:08:30.663
Event sent to agent      a2 obligation(makeReading(2, 2), 192, reduce_400(a2))
Obligation [agent=a3, obligation=null, sanction=null, deadline=null, time=null, clock=null] 2013-06-11 15:08:01.545 - 2013-06-11 15:08:30.653
Event sent to agent      a3 obligation(makeReading(8, 6), 192, reduce_400(a3))
agent obligation notification a3 number 14
Organization notifies agent (write): Obligation [agent=a3, obligation=[makeReading(2, 2)], sanction=[reduce_400(a3)], deadline=192, time=2013-06-11 15:08:31.063, clock=0]
Obligation [agent=a3, obligation=null, sanction=null, deadline=null, time=null, clock=null] 2013-06-11 15:08:30.653 - 2013-06-11 15:08:31.063
Event sent to agent      a3 obligation(makeReading(16, 16), 192, reduce_400(a3))
agent obligation notification a3 number 15
Obligation [agent=a3, obligation=null, sanction=null, deadline=null, time=null, clock=null] 2013-06-11 15:08:31.063 - 2013-06-11 15:08:31.28
Organization notifies agent (write): Prohibition [agent=a1, prohibition=[at(5, 5, a1)], sanction=[reduce_300(a1)], clock=0, time=2013-06-11 15:08:31.881]
agent prohibition notification a1 number 8
Prohibition [agent=a1, prohibition=null, sanction=null, clock=null, time=null] 2013-06-11 15:08:02.148 - 2013-06-11 15:08:31.885
Event sent to agent      a1 prohibition(at(5, 5, a1), reduce_300(a1))
