test2.
Service Registrar: 83eaedba-27dc-44e3-a1dd-07458dc48869
Java Space found.
TransactionManager found.
-------------------------last log tuples start--------------------------------
Position [agent=a1, id=null, cell=Cell [x=3, y=4], time=2013-06-11 18:13:25.512, clock=22]
Time [clock=20, time=2013-06-11 18:13:22.409]
Time [clock=21, time=2013-06-11 18:13:23.411]
Time [clock=22, time=2013-06-11 18:13:24.411]
Time [clock=23, time=2013-06-11 18:13:25.473]
Time [clock=24, time=2013-06-11 18:13:26.874]
Time [clock=25, time=2013-06-11 18:13:27.434]
Time [clock=26, time=2013-06-11 18:13:28.428]
Time [clock=27, time=2013-06-11 18:13:29.431]
Time [clock=28, time=2013-06-11 18:13:30.435]
Time [clock=29, time=2013-06-11 18:13:31.433]
Time [clock=30, time=2013-06-11 18:13:32.446]
Time [clock=31, time=2013-06-11 18:13:33.439]
Time [clock=32, time=2013-06-11 18:13:34.444]
Time [clock=33, time=2013-06-11 18:13:35.436]
Time [clock=34, time=2013-06-11 18:13:36.442]
Time [clock=35, time=2013-06-11 18:13:37.439]
Time [clock=36, time=2013-06-11 18:13:38.445]
Time [clock=37, time=2013-06-11 18:13:39.442]
Time [clock=38, time=2013-06-11 18:13:40.473]
Position [agent=t1, id=null, cell=Cell [x=18, y=19], time=2013-06-11 18:13:26.131, clock=23]
Time [clock=39, time=2013-06-11 18:13:41.443]
Time [clock=40, time=2013-06-11 18:13:42.443]
Time [clock=41, time=2013-06-11 18:13:43.481]
Time [clock=42, time=2013-06-11 18:13:44.444]
Time [clock=43, time=2013-06-11 18:13:45.505]
Time [clock=44, time=2013-06-11 18:13:46.447]
Time [clock=45, time=2013-06-11 18:13:47.448]
Time [clock=46, time=2013-06-11 18:13:48.447]
Time [clock=47, time=2013-06-11 18:13:49.447]
Position [agent=a1, id=null, cell=Cell [x=3, y=5], time=2013-06-11 18:13:26.403, clock=23]
Time [clock=48, time=2013-06-11 18:13:50.447]
Time [clock=49, time=2013-06-11 18:13:51.449]
Time [clock=50, time=2013-06-11 18:13:52.448]
Time [clock=51, time=2013-06-11 18:13:53.451]
Time [clock=52, time=2013-06-11 18:13:54.45]
Time [clock=53, time=2013-06-11 18:13:55.451]
Time [clock=54, time=2013-06-11 18:13:56.452]
Position [agent=t1, id=null, cell=Cell [x=17, y=19], time=2013-06-11 18:13:28.369, clock=25]
Time [clock=55, time=2013-06-11 18:13:57.449]
Time [clock=56, time=2013-06-11 18:13:58.452]
Time [clock=57, time=2013-06-11 18:13:59.453]
Time [clock=58, time=2013-06-11 18:14:00.492]
Time [clock=59, time=2013-06-11 18:14:01.453]
Position [agent=a1, id=null, cell=Cell [x=4, y=5], time=2013-06-11 18:13:28.385, clock=24]
Time [clock=60, time=2013-06-11 18:14:02.452]
Time [clock=61, time=2013-06-11 18:14:03.455]
Time [clock=62, time=2013-06-11 18:14:04.457]
Time [clock=63, time=2013-06-11 18:14:05.455]
Time [clock=64, time=2013-06-11 18:14:06.457]
Time [clock=65, time=2013-06-11 18:14:07.459]
Time [clock=66, time=2013-06-11 18:14:08.46]
Time [clock=67, time=2013-06-11 18:14:09.459]
Time [clock=68, time=2013-06-11 18:14:10.461]
Time [clock=69, time=2013-06-11 18:14:11.463]
Time [clock=70, time=2013-06-11 18:14:12.463]
Time [clock=71, time=2013-06-11 18:14:13.462]
Time [clock=72, time=2013-06-11 18:14:14.465]
Time [clock=73, time=2013-06-11 18:14:15.466]
Time [clock=74, time=2013-06-11 18:14:16.508]
Time [clock=75, time=2013-06-11 18:14:17.468]
Time [clock=76, time=2013-06-11 18:14:18.468]
Time [clock=77, time=2013-06-11 18:14:19.469]
Time [clock=78, time=2013-06-11 18:14:20.472]
Time [clock=79, time=2013-06-11 18:14:21.471]
Position [agent=a1, id=null, cell=Cell [x=5, y=5], time=2013-06-11 18:13:29.516, clock=26]
Time [clock=80, time=2013-06-11 18:14:22.471]
Time [clock=81, time=2013-06-11 18:14:23.472]
Time [clock=82, time=2013-06-11 18:14:24.473]
Time [clock=83, time=2013-06-11 18:14:25.475]
Time [clock=84, time=2013-06-11 18:14:26.476]
Time [clock=85, time=2013-06-11 18:14:27.477]
Time [clock=86, time=2013-06-11 18:14:28.478]
Time [clock=87, time=2013-06-11 18:14:29.478]
Time [clock=88, time=2013-06-11 18:14:30.479]
Position [agent=t1, id=null, cell=Cell [x=16, y=19], time=2013-06-11 18:13:29.745, clock=26]
Time [clock=89, time=2013-06-11 18:14:31.478]
Time [clock=90, time=2013-06-11 18:14:32.524]
Time [clock=91, time=2013-06-11 18:14:33.484]
Time [clock=92, time=2013-06-11 18:14:34.483]
Time [clock=93, time=2013-06-11 18:14:35.483]
Position [agent=t1, id=null, cell=Cell [x=15, y=19], time=2013-06-11 18:13:30.36, clock=27]
Time [clock=94, time=2013-06-11 18:14:36.484]
Position [agent=t1, id=null, cell=Cell [x=14, y=19], time=2013-06-11 18:13:30.863, clock=28]
Time [clock=95, time=2013-06-11 18:14:37.486]
Position [agent=t1, id=null, cell=Cell [x=13, y=19], time=2013-06-11 18:13:31.452, clock=28]
Time [clock=96, time=2013-06-11 18:14:38.487]
Time [clock=97, time=2013-06-11 18:14:39.488]
Time [clock=98, time=2013-06-11 18:14:40.49]
Time [clock=99, time=2013-06-11 18:14:41.491]
Time [clock=100, time=2013-06-11 18:14:42.49]
Time [clock=101, time=2013-06-11 18:14:43.493]
Time [clock=102, time=2013-06-11 18:14:44.489]
Time [clock=103, time=2013-06-11 18:14:45.492]
Time [clock=104, time=2013-06-11 18:14:46.493]
Time [clock=105, time=2013-06-11 18:14:47.495]
Time [clock=106, time=2013-06-11 18:14:48.534]
Time [clock=107, time=2013-06-11 18:14:49.496]
Time [clock=108, time=2013-06-11 18:14:50.497]
Time [clock=109, time=2013-06-11 18:14:51.496]
Time [clock=110, time=2013-06-11 18:14:52.498]
Time [clock=111, time=2013-06-11 18:14:53.5]
Position [agent=t1, id=null, cell=Cell [x=12, y=19], time=2013-06-11 18:13:31.894, clock=29]
Time [clock=112, time=2013-06-11 18:14:54.499]
Position [agent=t1, id=null, cell=Cell [x=11, y=19], time=2013-06-11 18:13:32.477, clock=29]
Time [clock=113, time=2013-06-11 18:14:55.501]
Time [clock=114, time=2013-06-11 18:14:56.5]
Time [clock=115, time=2013-06-11 18:14:57.503]
Time [clock=116, time=2013-06-11 18:14:58.503]
Time [clock=117, time=2013-06-11 18:14:59.505]
Time [clock=118, time=2013-06-11 18:15:00.507]
Time [clock=119, time=2013-06-11 18:15:01.507]
Time [clock=120, time=2013-06-11 18:15:02.507]
Position [agent=t1, id=null, cell=Cell [x=10, y=19], time=2013-06-11 18:13:33.032, clock=30]
Position [agent=t1, id=null, cell=Cell [x=9, y=19], time=2013-06-11 18:13:33.785, clock=31]
Time [clock=121, time=2013-06-11 18:15:03.548]
Time [clock=122, time=2013-06-11 18:15:04.511]
Time [clock=123, time=2013-06-11 18:15:05.576]
Time [clock=124, time=2013-06-11 18:15:06.51]
Time [clock=125, time=2013-06-11 18:15:07.511]
Time [clock=126, time=2013-06-11 18:15:08.51]
Time [clock=127, time=2013-06-11 18:15:09.513]
Time [clock=128, time=2013-06-11 18:15:10.514]
Position [agent=t1, id=null, cell=Cell [x=8, y=19], time=2013-06-11 18:13:34.347, clock=31]
Time [clock=129, time=2013-06-11 18:15:11.515]
Time [clock=130, time=2013-06-11 18:15:12.516]
Time [clock=131, time=2013-06-11 18:15:13.516]
Time [clock=132, time=2013-06-11 18:15:14.517]
Time [clock=133, time=2013-06-11 18:15:15.519]
Time [clock=134, time=2013-06-11 18:15:16.519]
Position [agent=t1, id=null, cell=Cell [x=7, y=19], time=2013-06-11 18:13:35.019, clock=32]
Time [clock=135, time=2013-06-11 18:15:17.523]
Position [agent=t1, id=null, cell=Cell [x=6, y=19], time=2013-06-11 18:13:35.776, clock=33]
Time [clock=136, time=2013-06-11 18:15:18.521]
Time [clock=137, time=2013-06-11 18:15:19.563]
Time [clock=138, time=2013-06-11 18:15:20.524]
Time [clock=139, time=2013-06-11 18:15:21.523]
Time [clock=140, time=2013-06-11 18:15:22.524]
Time [clock=141, time=2013-06-11 18:15:23.525]
Time [clock=142, time=2013-06-11 18:15:24.525]
Position [agent=t1, id=null, cell=Cell [x=5, y=19], time=2013-06-11 18:13:36.423, clock=33]
Time [clock=143, time=2013-06-11 18:15:25.528]
Position [agent=t1, id=null, cell=Cell [x=4, y=19], time=2013-06-11 18:13:37.061, clock=34]
Time [clock=144, time=2013-06-11 18:15:26.529]
Time [clock=145, time=2013-06-11 18:15:27.529]
Time [clock=146, time=2013-06-11 18:15:28.53]
Time [clock=147, time=2013-06-11 18:15:29.531]
Time [clock=148, time=2013-06-11 18:15:30.531]
Time [clock=149, time=2013-06-11 18:15:31.533]
Time [clock=150, time=2013-06-11 18:15:32.531]
Time [clock=151, time=2013-06-11 18:15:33.534]
Time [clock=152, time=2013-06-11 18:15:34.537]
Time [clock=153, time=2013-06-11 18:15:35.579]
Time [clock=154, time=2013-06-11 18:15:36.54]
Time [clock=155, time=2013-06-11 18:15:37.538]
Time [clock=156, time=2013-06-11 18:15:38.539]
Time [clock=157, time=2013-06-11 18:15:39.539]
Time [clock=158, time=2013-06-11 18:15:40.541]
Time [clock=159, time=2013-06-11 18:15:41.541]
Time [clock=160, time=2013-06-11 18:15:42.542]
Time [clock=161, time=2013-06-11 18:15:43.543]
Time [clock=162, time=2013-06-11 18:15:44.542]
Time [clock=163, time=2013-06-11 18:15:45.544]
Time [clock=164, time=2013-06-11 18:15:46.546]
Time [clock=165, time=2013-06-11 18:15:47.547]
ActionRequest [id=null, agent=a2, type=reading, cell=Cell [x=8, y=19], clock=0, time=2013-06-11 18:13:24.613]
Obligation [agent=a2, obligation=[makeReading(8, 6)], sanction=[reduce_400(a2)], deadline=73, time=2013-06-11 18:13:28.478, clock=0]
Coin [id=null, cell=Cell [x=16, y=16], agent=a2, time=2013-06-11 18:13:28.468, clock=23]
ActionRequest [id=null, agent=a3, type=reading, cell=Cell [x=11, y=1], clock=0, time=2013-06-11 18:13:24.647]
ActionRequest [id=null, agent=a1, type=reading, cell=Cell [x=5, y=5], clock=0, time=2013-06-11 18:13:29.842]
Cargo [id=null, cell=Cell [x=19, y=19], time=2013-06-11 18:13:25.93, clock=22]
Obligation [agent=a2, obligation=[makeReading(16, 16)], sanction=[reduce_400(a2)], deadline=73, time=2013-06-11 18:13:28.704, clock=0]
Prohibition [agent=t1, prohibition=[at(5, 5, t1)], sanction=[reduce_300(t1)], clock=0, time=2013-06-11 18:13:29.986]
Coin [id=null, cell=Cell [x=2, y=2], agent=a3, time=2013-06-11 18:13:28.651, clock=25]
Position [agent=t1, id=null, cell=Cell [x=3, y=19], time=2013-06-11 18:13:37.779, clock=35]
Obligation [agent=a2, obligation=[makeReading(2, 2)], sanction=[reduce_400(a2)], deadline=73, time=2013-06-11 18:13:28.921, clock=0]
Obligation [agent=a3, obligation=[makeReading(8, 6)], sanction=[reduce_400(a3)], deadline=73, time=2013-06-11 18:13:29.563, clock=0]
Position [agent=t1, id=null, cell=Cell [x=2, y=19], time=2013-06-11 18:13:38.414, clock=35]
Position [agent=t1, id=null, cell=Cell [x=2, y=18], time=2013-06-11 18:13:38.855, clock=36]
Obligation [agent=a3, obligation=[makeReading(16, 16)], sanction=[reduce_400(a3)], deadline=73, time=2013-06-11 18:13:29.773, clock=0]
Position [agent=t1, id=null, cell=Cell [x=2, y=17], time=2013-06-11 18:13:39.517, clock=36]
Position [agent=t1, id=null, cell=Cell [x=2, y=16], time=2013-06-11 18:13:40.149, clock=37]
Prohibition [agent=t1, prohibition=[at(5, 6, t1)], sanction=[reduce_300(t1)], clock=0, time=2013-06-11 18:13:29.988]
Prohibition [agent=t1, prohibition=[at(6, 5, t1)], sanction=[reduce_300(t1)], clock=0, time=2013-06-11 18:13:29.991]
Obligation [agent=a3, obligation=[makeReading(2, 2)], sanction=[reduce_400(a3)], deadline=73, time=2013-06-11 18:13:29.982, clock=0]
Prohibition [agent=t1, prohibition=[at(6, 6, t1)], sanction=[reduce_300(t1)], clock=0, time=2013-06-11 18:13:29.993]
Prohibition [agent=c1, prohibition=[coin(5, 5, a1)], sanction=[reduce_300(c1)], clock=0, time=2013-06-11 18:13:30.425]
Position [agent=t1, id=null, cell=Cell [x=2, y=15], time=2013-06-11 18:13:40.589, clock=37]
Obligation [agent=a2, obligation=[makeReading(8, 6)], sanction=[reduce_400(a2)], deadline=122, time=2013-06-11 18:14:15.703, clock=0]
Position [agent=t1, id=null, cell=Cell [x=2, y=14], time=2013-06-11 18:13:41.234, clock=38]
Position [agent=t1, id=null, cell=Cell [x=2, y=13], time=2013-06-11 18:13:41.858, clock=39]
Prohibition [agent=c1, prohibition=[coin(5, 6, a1)], sanction=[reduce_300(c1)], clock=0, time=2013-06-11 18:13:30.429]
Obligation [agent=a2, obligation=[makeReading(16, 16)], sanction=[reduce_400(a2)], deadline=122, time=2013-06-11 18:14:15.913, clock=0]
Position [agent=t1, id=null, cell=Cell [x=2, y=12], time=2013-06-11 18:13:42.513, clock=39]
Prohibition [agent=c1, prohibition=[coin(6, 5, a1)], sanction=[reduce_300(c1)], clock=0, time=2013-06-11 18:13:30.431]
Position [agent=t1, id=null, cell=Cell [x=2, y=11], time=2013-06-11 18:13:43.171, clock=40]
Position [agent=t1, id=null, cell=Cell [x=2, y=10], time=2013-06-11 18:13:43.834, clock=41]
Position [agent=t1, id=null, cell=Cell [x=2, y=9], time=2013-06-11 18:13:44.49, clock=41]
Obligation [agent=a2, obligation=[makeReading(2, 2)], sanction=[reduce_400(a2)], deadline=122, time=2013-06-11 18:14:16.118, clock=0]
Prohibition [agent=c1, prohibition=[coin(6, 6, a1)], sanction=[reduce_300(c1)], clock=0, time=2013-06-11 18:13:30.44]
Position [agent=t1, id=null, cell=Cell [x=2, y=8], time=2013-06-11 18:13:45.158, clock=42]
Position [agent=t1, id=null, cell=Cell [x=2, y=7], time=2013-06-11 18:13:45.847, clock=43]
Prohibition [agent=c1, prohibition=[coin(5, 5, a2)], sanction=[reduce_300(c1)], clock=0, time=2013-06-11 18:13:30.454]
Prohibition [agent=c1, prohibition=[coin(5, 6, a2)], sanction=[reduce_300(c1)], clock=0, time=2013-06-11 18:13:30.457]
Obligation [agent=a3, obligation=[makeReading(8, 6)], sanction=[reduce_400(a3)], deadline=122, time=2013-06-11 18:14:16.324, clock=0]
Prohibition [agent=c1, prohibition=[coin(6, 5, a2)], sanction=[reduce_300(c1)], clock=0, time=2013-06-11 18:13:30.46]
Prohibition [agent=c1, prohibition=[coin(6, 6, a2)], sanction=[reduce_300(c1)], clock=0, time=2013-06-11 18:13:30.463]
Position [agent=t1, id=null, cell=Cell [x=2, y=6], time=2013-06-11 18:13:46.492, clock=43]
Position [agent=t1, id=null, cell=Cell [x=2, y=5], time=2013-06-11 18:13:47.172, clock=44]
Position [agent=t1, id=null, cell=Cell [x=2, y=4], time=2013-06-11 18:13:47.798, clock=45]
Obligation [agent=a3, obligation=[makeReading(16, 16)], sanction=[reduce_400(a3)], deadline=122, time=2013-06-11 18:14:16.53, clock=0]
Position [agent=t1, id=null, cell=Cell [x=2, y=3], time=2013-06-11 18:13:48.386, clock=45]
Prohibition [agent=c1, prohibition=[coin(5, 5, a3)], sanction=[reduce_300(c1)], clock=0, time=2013-06-11 18:13:30.465]
Obligation [agent=a3, obligation=[makeReading(2, 2)], sanction=[reduce_400(a3)], deadline=122, time=2013-06-11 18:14:16.737, clock=0]
Position [agent=t1, id=null, cell=Cell [x=2, y=2], time=2013-06-11 18:13:48.967, clock=46]
Obligation [agent=a2, obligation=[makeReading(8, 6)], sanction=[reduce_400(a2)], deadline=151, time=2013-06-11 18:14:45.499, clock=0]
Obligation [agent=a2, obligation=[makeReading(16, 16)], sanction=[reduce_400(a2)], deadline=151, time=2013-06-11 18:14:45.707, clock=0]
Obligation [agent=a2, obligation=[makeReading(2, 2)], sanction=[reduce_400(a2)], deadline=151, time=2013-06-11 18:14:45.913, clock=0]
Obligation [agent=a3, obligation=[makeReading(8, 6)], sanction=[reduce_400(a3)], deadline=151, time=2013-06-11 18:14:46.119, clock=0]
Prohibition [agent=c1, prohibition=[coin(5, 6, a3)], sanction=[reduce_300(c1)], clock=0, time=2013-06-11 18:13:30.467]
Obligation [agent=a3, obligation=[makeReading(16, 16)], sanction=[reduce_400(a3)], deadline=151, time=2013-06-11 18:14:46.325, clock=0]
Obligation [agent=a3, obligation=[makeReading(2, 2)], sanction=[reduce_400(a3)], deadline=151, time=2013-06-11 18:14:46.535, clock=0]
Obligation [agent=a2, obligation=[makeReading(8, 6)], sanction=[reduce_400(a2)], deadline=181, time=2013-06-11 18:15:15.281, clock=0]
Obligation [agent=a2, obligation=[makeReading(16, 16)], sanction=[reduce_400(a2)], deadline=181, time=2013-06-11 18:15:15.488, clock=0]
Prohibition [agent=c1, prohibition=[coin(6, 5, a3)], sanction=[reduce_300(c1)], clock=0, time=2013-06-11 18:13:30.469]
Prohibition [agent=c1, prohibition=[coin(6, 6, a3)], sanction=[reduce_300(c1)], clock=0, time=2013-06-11 18:13:30.471]
Obligation [agent=a2, obligation=[makeReading(2, 2)], sanction=[reduce_400(a2)], deadline=181, time=2013-06-11 18:15:15.694, clock=0]
Obligation [agent=a3, obligation=[makeReading(8, 6)], sanction=[reduce_400(a3)], deadline=181, time=2013-06-11 18:15:15.9, clock=0]
Prohibition [agent=a1, prohibition=[at(5, 5, a1)], sanction=[reduce_300(a1)], clock=0, time=2013-06-11 18:13:31.525]
Prohibition [agent=a1, prohibition=[at(5, 6, a1)], sanction=[reduce_300(a1)], clock=0, time=2013-06-11 18:13:31.526]
Obligation [agent=a3, obligation=[makeReading(16, 16)], sanction=[reduce_400(a3)], deadline=181, time=2013-06-11 18:15:16.106, clock=0]
Obligation [agent=a3, obligation=[makeReading(2, 2)], sanction=[reduce_400(a3)], deadline=181, time=2013-06-11 18:15:16.313, clock=0]
Prohibition [agent=a1, prohibition=[at(6, 5, a1)], sanction=[reduce_300(a1)], clock=0, time=2013-06-11 18:13:31.531]
Prohibition [agent=a1, prohibition=[at(6, 6, a1)], sanction=[reduce_300(a1)], clock=0, time=2013-06-11 18:13:31.533]
Prohibition [agent=a2, prohibition=[at(5, 5, a2)], sanction=[reduce_300(a2)], clock=0, time=2013-06-11 18:13:31.537]
Prohibition [agent=a2, prohibition=[at(5, 6, a2)], sanction=[reduce_300(a2)], clock=0, time=2013-06-11 18:13:31.54]
Prohibition [agent=a2, prohibition=[at(6, 5, a2)], sanction=[reduce_300(a2)], clock=0, time=2013-06-11 18:13:31.542]
Prohibition [agent=a2, prohibition=[at(6, 6, a2)], sanction=[reduce_300(a2)], clock=0, time=2013-06-11 18:13:31.549]
Prohibition [agent=a3, prohibition=[at(5, 5, a3)], sanction=[reduce_300(a3)], clock=0, time=2013-06-11 18:13:31.553]
Prohibition [agent=a3, prohibition=[at(5, 6, a3)], sanction=[reduce_300(a3)], clock=0, time=2013-06-11 18:13:31.561]
Prohibition [agent=a3, prohibition=[at(6, 5, a3)], sanction=[reduce_300(a3)], clock=0, time=2013-06-11 18:13:31.564]
Prohibition [agent=a3, prohibition=[at(6, 6, a3)], sanction=[reduce_300(a3)], clock=0, time=2013-06-11 18:13:31.566]
Prohibition [agent=a1, prohibition=[at(5, 5, a1)], sanction=[reduce_300(a1)], clock=0, time=2013-06-11 18:14:17.559]
Prohibition [agent=a1, prohibition=[at(5, 5, a1)], sanction=[reduce_300(a1)], clock=0, time=2013-06-11 18:14:47.353]
Prohibition [agent=a1, prohibition=[at(5, 5, a1)], sanction=[reduce_300(a1)], clock=0, time=2013-06-11 18:15:17.131]
-------------------------last log tuples end----------------------------------
register a1
register a2
register a3
register c1
register t1
from/for agent a3  reading(position(11, 1))
Reading [id=null, agent=a3, cell=Cell [x=11, y=1], time=null, value=null, clock=null]
from/for agent a2  reading(position(8, 19))
Reading [id=null, agent=a2, cell=Cell [x=8, y=19], time=null, value=null, clock=null]
got reading: Reading [id=null, agent=a2, cell=Cell [x=8, y=19], time=2013-06-11 18:16:44.031, value=0.0, clock=0]
org reading notification
got reading: Reading [id=null, agent=a3, cell=Cell [x=11, y=1], time=2013-06-11 18:16:44.048, value=0.0, clock=0]
Organization notifies agent (write): Obligation [agent=a1, obligation=[makeReading(8, 6)], sanction=[reduce_400(a1)], deadline=58, time=2013-06-11 18:16:46.457, clock=0]
agent obligation notification a1 number 1
Obligation [agent=a1, obligation=null, sanction=null, deadline=null, time=null, clock=null] 1970-01-01 01:00:00.0 - 2013-06-11 18:16:46.857
Event sent to agent      a1 obligation(makeReading(8, 6), 58, reduce_400(a1))
Event processed adoptObligation(makeReading(8, 6), 58, reduce_400(a1))
Organization notifies agent (write): Obligation [agent=a1, obligation=[makeReading(16, 16)], sanction=[reduce_400(a1)], deadline=58, time=2013-06-11 18:16:47.194, clock=0]
Organization notifies agent (write): Obligation [agent=a1, obligation=[makeReading(2, 2)], sanction=[reduce_400(a1)], deadline=58, time=2013-06-11 18:16:47.864, clock=0]
Organization notifies agent (write): Obligation [agent=a2, obligation=[makeReading(8, 6)], sanction=[reduce_400(a2)], deadline=58, time=2013-06-11 18:16:48.552, clock=0]
Organization notifies agent (write): Obligation [agent=a2, obligation=[makeReading(16, 16)], sanction=[reduce_400(a2)], deadline=58, time=2013-06-11 18:16:49.456, clock=0]
Organization notifies agent (write): Obligation [agent=a2, obligation=[makeReading(2, 2)], sanction=[reduce_400(a2)], deadline=58, time=2013-06-11 18:16:50.899, clock=0]
Organization notifies agent (write): Obligation [agent=a3, obligation=[makeReading(8, 6)], sanction=[reduce_400(a3)], deadline=58, time=2013-06-11 18:16:52.2, clock=0]
Organization notifies agent (write): Obligation [agent=a3, obligation=[makeReading(16, 16)], sanction=[reduce_400(a3)], deadline=58, time=2013-06-11 18:16:53.704, clock=0]
Organization notifies agent (write): Obligation [agent=a3, obligation=[makeReading(2, 2)], sanction=[reduce_400(a3)], deadline=58, time=2013-06-11 18:16:55.195, clock=0]
Organization notifies agent (write): Prohibition [agent=t1, prohibition=[at(5, 5, t1)], sanction=[reduce_300(t1)], clock=0, time=2013-06-11 18:16:55.199]
Organization notifies agent (write): Prohibition [agent=t1, prohibition=[at(5, 6, t1)], sanction=[reduce_300(t1)], clock=0, time=2013-06-11 18:16:55.201]
Organization notifies agent (write): Prohibition [agent=t1, prohibition=[at(6, 5, t1)], sanction=[reduce_300(t1)], clock=0, time=2013-06-11 18:16:55.202]
Organization notifies agent (write): Prohibition [agent=t1, prohibition=[at(6, 6, t1)], sanction=[reduce_300(t1)], clock=0, time=2013-06-11 18:16:55.21]
Organization notifies agent (write): Prohibition [agent=c1, prohibition=[coin(5, 5, a1)], sanction=[reduce_300(c1)], clock=0, time=2013-06-11 18:16:56.234]
Organization notifies agent (write): Prohibition [agent=c1, prohibition=[coin(5, 6, a1)], sanction=[reduce_300(c1)], clock=0, time=2013-06-11 18:16:56.236]
Organization notifies agent (write): Prohibition [agent=c1, prohibition=[coin(6, 5, a1)], sanction=[reduce_300(c1)], clock=0, time=2013-06-11 18:16:56.238]
Organization notifies agent (write): Prohibition [agent=c1, prohibition=[coin(6, 6, a1)], sanction=[reduce_300(c1)], clock=0, time=2013-06-11 18:16:56.239]
Organization notifies agent (write): Prohibition [agent=c1, prohibition=[coin(5, 5, a2)], sanction=[reduce_300(c1)], clock=0, time=2013-06-11 18:16:56.241]
Organization notifies agent (write): Prohibition [agent=c1, prohibition=[coin(5, 6, a2)], sanction=[reduce_300(c1)], clock=0, time=2013-06-11 18:16:56.242]
Organization notifies agent (write): Prohibition [agent=c1, prohibition=[coin(6, 5, a2)], sanction=[reduce_300(c1)], clock=0, time=2013-06-11 18:16:56.247]
Organization notifies agent (write): Prohibition [agent=c1, prohibition=[coin(6, 6, a2)], sanction=[reduce_300(c1)], clock=0, time=2013-06-11 18:16:56.249]
Organization notifies agent (write): Prohibition [agent=c1, prohibition=[coin(5, 5, a3)], sanction=[reduce_300(c1)], clock=0, time=2013-06-11 18:16:56.252]
Organization notifies agent (write): Prohibition [agent=c1, prohibition=[coin(5, 6, a3)], sanction=[reduce_300(c1)], clock=0, time=2013-06-11 18:16:56.253]
Organization notifies agent (write): Prohibition [agent=c1, prohibition=[coin(6, 5, a3)], sanction=[reduce_300(c1)], clock=0, time=2013-06-11 18:16:56.255]
Organization notifies agent (write): Prohibition [agent=c1, prohibition=[coin(6, 6, a3)], sanction=[reduce_300(c1)], clock=0, time=2013-06-11 18:16:56.258]
from/for agent a1  reading(position(8, 6))
Reading [id=null, agent=a1, cell=Cell [x=8, y=6], time=null, value=null, clock=null]
Organization notifies agent (write): Prohibition [agent=a2, prohibition=[makeReading(8, 19, a2)], sanction=[reduce_300(a2)], clock=0, time=2013-06-11 18:16:56.899]
Organization notifies agent (write): Prohibition [agent=a3, prohibition=[makeReading(11, 1, a3)], sanction=[reduce_300(a3)], clock=0, time=2013-06-11 18:16:57.328]
Organization notifies agent (write): Prohibition [agent=a1, prohibition=[at(5, 5, a1)], sanction=[reduce_300(a1)], clock=0, time=2013-06-11 18:16:57.331]
Organization notifies agent (write): Prohibition [agent=a1, prohibition=[at(5, 6, a1)], sanction=[reduce_300(a1)], clock=0, time=2013-06-11 18:16:57.333]
Organization notifies agent (write): Prohibition [agent=a1, prohibition=[at(6, 5, a1)], sanction=[reduce_300(a1)], clock=0, time=2013-06-11 18:16:57.335]
Organization notifies agent (write): Prohibition [agent=a1, prohibition=[at(6, 6, a1)], sanction=[reduce_300(a1)], clock=0, time=2013-06-11 18:16:57.337]
Organization notifies agent (write): Prohibition [agent=a2, prohibition=[at(5, 5, a2)], sanction=[reduce_300(a2)], clock=0, time=2013-06-11 18:16:57.338]
Organization notifies agent (write): Prohibition [agent=a2, prohibition=[at(5, 6, a2)], sanction=[reduce_300(a2)], clock=0, time=2013-06-11 18:16:57.339]
Organization notifies agent (write): Prohibition [agent=a2, prohibition=[at(6, 5, a2)], sanction=[reduce_300(a2)], clock=0, time=2013-06-11 18:16:57.341]
Organization notifies agent (write): Prohibition [agent=a2, prohibition=[at(6, 6, a2)], sanction=[reduce_300(a2)], clock=0, time=2013-06-11 18:16:57.342]
Organization notifies agent (write): Prohibition [agent=a3, prohibition=[at(5, 5, a3)], sanction=[reduce_300(a3)], clock=0, time=2013-06-11 18:16:57.344]
Organization notifies agent (write): Prohibition [agent=a3, prohibition=[at(5, 6, a3)], sanction=[reduce_300(a3)], clock=0, time=2013-06-11 18:16:57.346]
Organization notifies agent (write): Prohibition [agent=a3, prohibition=[at(6, 5, a3)], sanction=[reduce_300(a3)], clock=0, time=2013-06-11 18:16:57.347]
Organization notifies agent (write): Prohibition [agent=a3, prohibition=[at(6, 6, a3)], sanction=[reduce_300(a3)], clock=0, time=2013-06-11 18:16:57.355]
org position notification
agent obligation notification a1 number 3
Organization notifies agent (write): Obligation [agent=a1, obligation=[makeReading(8, 6)], sanction=[reduce_400(a1)], deadline=103, time=2013-06-11 18:17:31.218, clock=0]
Obligation [agent=a1, obligation=null, sanction=null, deadline=null, time=null, clock=null] 2013-06-11 18:16:46.857 - 2013-06-11 18:17:31.064
Event sent to agent      a1 obligation(makeReading(16, 16), 58, reduce_400(a1))
Event sent to agent      a1 obligation(makeReading(2, 2), 58, reduce_400(a1))
Organization notifies agent (write): Obligation [agent=a1, obligation=[makeReading(16, 16)], sanction=[reduce_400(a1)], deadline=103, time=2013-06-11 18:17:31.426, clock=0]
Organization notifies agent (write): Obligation [agent=a1, obligation=[makeReading(2, 2)], sanction=[reduce_400(a1)], deadline=103, time=2013-06-11 18:17:31.632, clock=0]
Organization notifies agent (write): Obligation [agent=a2, obligation=[makeReading(8, 6)], sanction=[reduce_400(a2)], deadline=103, time=2013-06-11 18:17:31.839, clock=0]
Organization notifies agent (write): Obligation [agent=a2, obligation=[makeReading(16, 16)], sanction=[reduce_400(a2)], deadline=103, time=2013-06-11 18:17:32.048, clock=0]
Organization notifies agent (write): Obligation [agent=a2, obligation=[makeReading(2, 2)], sanction=[reduce_400(a2)], deadline=103, time=2013-06-11 18:17:32.255, clock=0]
agent obligation notification a1 number 6
Organization notifies agent (write): Obligation [agent=a3, obligation=[makeReading(8, 6)], sanction=[reduce_400(a3)], deadline=103, time=2013-06-11 18:17:32.461, clock=0]
Obligation [agent=a1, obligation=null, sanction=null, deadline=null, time=null, clock=null] 2013-06-11 18:17:31.064 - 2013-06-11 18:17:32.375
Event sent to agent      a1 obligation(makeReading(8, 6), 103, reduce_400(a1))
Event sent to agent      a1 obligation(makeReading(16, 16), 103, reduce_400(a1))
Event sent to agent      a1 obligation(makeReading(2, 2), 103, reduce_400(a1))
Organization notifies agent (write): Obligation [agent=a3, obligation=[makeReading(16, 16)], sanction=[reduce_400(a3)], deadline=103, time=2013-06-11 18:17:32.668, clock=0]
Organization notifies agent (write): Obligation [agent=a3, obligation=[makeReading(2, 2)], sanction=[reduce_400(a3)], deadline=103, time=2013-06-11 18:17:32.873, clock=0]
agent obligation notification a2 number 6
Obligation [agent=a2, obligation=null, sanction=null, deadline=null, time=null, clock=null] 1970-01-01 01:00:00.0 - 2013-06-11 18:17:33.157
Event sent to agent      a2 obligation(makeReading(8, 6), 58, reduce_400(a2))
Event sent to agent      a2 obligation(makeReading(16, 16), 58, reduce_400(a2))
Event sent to agent      a2 obligation(makeReading(2, 2), 58, reduce_400(a2))
Event sent to agent      a2 obligation(makeReading(8, 6), 103, reduce_400(a2))
Event sent to agent      a2 obligation(makeReading(16, 16), 103, reduce_400(a2))
Event sent to agent      a2 obligation(makeReading(2, 2), 103, reduce_400(a2))
agent obligation notification a3 number 6
Obligation [agent=a3, obligation=null, sanction=null, deadline=null, time=null, clock=null] 1970-01-01 01:00:00.0 - 2013-06-11 18:17:33.39
Event sent to agent      a3 obligation(makeReading(8, 6), 58, reduce_400(a3))
Event sent to agent      a3 obligation(makeReading(16, 16), 58, reduce_400(a3))
Event sent to agent      a3 obligation(makeReading(2, 2), 58, reduce_400(a3))
Event sent to agent      a3 obligation(makeReading(8, 6), 103, reduce_400(a3))
Event sent to agent      a3 obligation(makeReading(16, 16), 103, reduce_400(a3))
Event sent to agent      a3 obligation(makeReading(2, 2), 103, reduce_400(a3))
agent prohibition notification t1 number 4
Prohibition [agent=t1, prohibition=null, sanction=null, clock=null, time=null] 1970-01-01 01:00:00.0 - 2013-06-11 18:17:33.617
Event sent to agent      t1 prohibition(at(5, 5, t1), reduce_300(t1))
Event sent to agent      t1 prohibition(at(5, 6, t1), reduce_300(t1))
Event sent to agent      t1 prohibition(at(6, 5, t1), reduce_300(t1))
Event sent to agent      t1 prohibition(at(6, 6, t1), reduce_300(t1))
agent prohibition notification c1 number 12
Prohibition [agent=c1, prohibition=null, sanction=null, clock=null, time=null] 1970-01-01 01:00:00.0 - 2013-06-11 18:17:33.836
Event sent to agent      c1 prohibition(coin(5, 5, a1), reduce_300(c1))
Event sent to agent      c1 prohibition(coin(5, 6, a1), reduce_300(c1))
Event sent to agent      c1 prohibition(coin(6, 5, a1), reduce_300(c1))
Event sent to agent      c1 prohibition(coin(6, 6, a1), reduce_300(c1))
Event sent to agent      c1 prohibition(coin(5, 5, a2), reduce_300(c1))
Event sent to agent      c1 prohibition(coin(5, 6, a2), reduce_300(c1))
Event sent to agent      c1 prohibition(coin(6, 5, a2), reduce_300(c1))
Event sent to agent      c1 prohibition(coin(6, 6, a2), reduce_300(c1))
Event sent to agent      c1 prohibition(coin(5, 5, a3), reduce_300(c1))
Event sent to agent      c1 prohibition(coin(5, 6, a3), reduce_300(c1))
Event sent to agent      c1 prohibition(coin(6, 5, a3), reduce_300(c1))
Event sent to agent      c1 prohibition(coin(6, 6, a3), reduce_300(c1))
got reading: Reading [id=null, agent=a1, cell=Cell [x=8, y=6], time=2013-06-11 18:17:34.299, value=0.0, clock=0]
agent prohibition notification a2 number 5
Event processed adoptObligation(makeReading(16, 16), 58, reduce_400(a1))
Event processed adoptObligation(makeReading(2, 2), 58, reduce_400(a1))
Event processed adoptObligation(makeReading(8, 6), 103, reduce_400(a1))
Event processed adoptObligation(makeReading(16, 16), 103, reduce_400(a1))
Event processed adoptObligation(makeReading(2, 2), 103, reduce_400(a1))
Event processed aprohibition(at(5, 5, t1), reduce_300(t1))
Event processed aprohibition(at(5, 6, t1), reduce_300(t1))
Event processed aprohibition(at(6, 5, t1), reduce_300(t1))
Event processed aprohibition(at(6, 6, t1), reduce_300(t1))
Prohibition [agent=a2, prohibition=null, sanction=null, clock=null, time=null] 1970-01-01 01:00:00.0 - 2013-06-11 18:17:34.305
Event sent to agent      a2 prohibition(makeReading(8, 19, a2), reduce_300(a2))
Event sent to agent      a2 prohibition(at(5, 5, a2), reduce_300(a2))
Event sent to agent      a2 prohibition(at(5, 6, a2), reduce_300(a2))
Event sent to agent      a2 prohibition(at(6, 5, a2), reduce_300(a2))
Event sent to agent      a2 prohibition(at(6, 6, a2), reduce_300(a2))
agent prohibition notification a3 number 5
Event processed adoptObligation(makeReading(8, 6), 58, reduce_400(a2))
Event processed adoptObligation(makeReading(16, 16), 58, reduce_400(a2))
Event processed adoptObligation(makeReading(2, 2), 58, reduce_400(a2))
Event processed adoptObligation(makeReading(8, 6), 103, reduce_400(a2))
Event processed adoptObligation(makeReading(16, 16), 103, reduce_400(a2))
Event processed adoptObligation(makeReading(2, 2), 103, reduce_400(a2))
Event processed aprohibition(makeReading(8, 19, a2), reduce_300(a2))
Event processed aprohibition(at(5, 5, a2), reduce_300(a2))
Event processed aprohibition(at(5, 6, a2), reduce_300(a2))
Event processed aprohibition(at(6, 5, a2), reduce_300(a2))
Event processed aprohibition(at(6, 6, a2), reduce_300(a2))
Event processed adoptObligation(makeReading(8, 6), 58, reduce_400(a3))
Event processed adoptObligation(makeReading(16, 16), 58, reduce_400(a3))
Event processed adoptObligation(makeReading(2, 2), 58, reduce_400(a3))
Event processed adoptObligation(makeReading(8, 6), 103, reduce_400(a3))
Event processed adoptObligation(makeReading(16, 16), 103, reduce_400(a3))
Event processed adoptObligation(makeReading(2, 2), 103, reduce_400(a3))
Event processed aprohibition(coin(5, 5, a1), reduce_300(c1))
Event processed aprohibition(coin(5, 6, a1), reduce_300(c1))
Event processed aprohibition(coin(6, 5, a1), reduce_300(c1))
Event processed aprohibition(coin(6, 6, a1), reduce_300(c1))
Event processed aprohibition(coin(5, 5, a2), reduce_300(c1))
Event processed aprohibition(coin(5, 6, a2), reduce_300(c1))
Event processed aprohibition(coin(6, 5, a2), reduce_300(c1))
Event processed aprohibition(coin(6, 6, a2), reduce_300(c1))
Event processed aprohibition(coin(5, 5, a3), reduce_300(c1))
Event processed aprohibition(coin(5, 6, a3), reduce_300(c1))
Event processed aprohibition(coin(6, 5, a3), reduce_300(c1))
Event processed aprohibition(coin(6, 6, a3), reduce_300(c1))
Prohibition [agent=a3, prohibition=null, sanction=null, clock=null, time=null] 1970-01-01 01:00:00.0 - 2013-06-11 18:17:34.517
Event sent to agent      a3 prohibition(makeReading(11, 1, a3), reduce_300(a3))
Event sent to agent      a3 prohibition(at(5, 5, a3), reduce_300(a3))
Event sent to agent      a3 prohibition(at(5, 6, a3), reduce_300(a3))
Event sent to agent      a3 prohibition(at(6, 5, a3), reduce_300(a3))
Event sent to agent      a3 prohibition(at(6, 6, a3), reduce_300(a3))
agent prohibition notification a1 number 4
Event processed aprohibition(makeReading(11, 1, a3), reduce_300(a3))
Event processed aprohibition(at(5, 5, a3), reduce_300(a3))
Event processed aprohibition(at(5, 6, a3), reduce_300(a3))
Event processed aprohibition(at(6, 5, a3), reduce_300(a3))
Event processed aprohibition(at(6, 6, a3), reduce_300(a3))
Prohibition [agent=a1, prohibition=null, sanction=null, clock=null, time=null] 1970-01-01 01:00:00.0 - 2013-06-11 18:17:34.741
Event sent to agent      a1 prohibition(at(5, 5, a1), reduce_300(a1))
Event sent to agent      a1 prohibition(at(5, 6, a1), reduce_300(a1))
Event sent to agent      a1 prohibition(at(6, 5, a1), reduce_300(a1))
Event sent to agent      a1 prohibition(at(6, 6, a1), reduce_300(a1))
Event processed aprohibition(at(5, 5, a1), reduce_300(a1))
Event processed aprohibition(at(5, 6, a1), reduce_300(a1))
Event processed aprohibition(at(6, 5, a1), reduce_300(a1))
Event processed aprohibition(at(6, 6, a1), reduce_300(a1))
from/for agent a2  reading(position(2, 2))
Reading [id=null, agent=a2, cell=Cell [x=2, y=2], time=null, value=null, clock=null]
from/for agent a1  reading(position(2, 2))
Reading [id=null, agent=a1, cell=Cell [x=2, y=2], time=null, value=null, clock=null]
Organization notifies agent (write): Prohibition [agent=a1, prohibition=[makeReading(8, 6, a1)], sanction=[reduce_300(a1)], clock=0, time=2013-06-11 18:17:54.148]
from/for agent a3  reading(position(2, 2))
Reading [id=null, agent=a3, cell=Cell [x=2, y=2], time=null, value=null, clock=null]
org position notification
Organization notifies agent (write): Obligation [agent=a1, obligation=[makeReading(8, 6)], sanction=[reduce_400(a1)], deadline=152, time=2013-06-11 18:18:20.158, clock=0]
Organization notifies agent (write): Obligation [agent=a1, obligation=[makeReading(16, 16)], sanction=[reduce_400(a1)], deadline=152, time=2013-06-11 18:18:20.364, clock=0]
Organization notifies agent (write): Obligation [agent=a1, obligation=[makeReading(2, 2)], sanction=[reduce_400(a1)], deadline=152, time=2013-06-11 18:18:20.57, clock=0]
Organization notifies agent (write): Obligation [agent=a2, obligation=[makeReading(8, 6)], sanction=[reduce_400(a2)], deadline=152, time=2013-06-11 18:18:20.776, clock=0]
Organization notifies agent (write): Obligation [agent=a2, obligation=[makeReading(16, 16)], sanction=[reduce_400(a2)], deadline=152, time=2013-06-11 18:18:20.981, clock=0]
Organization notifies agent (write): Obligation [agent=a2, obligation=[makeReading(2, 2)], sanction=[reduce_400(a2)], deadline=152, time=2013-06-11 18:18:21.189, clock=0]
Organization notifies agent (write): Obligation [agent=a3, obligation=[makeReading(8, 6)], sanction=[reduce_400(a3)], deadline=152, time=2013-06-11 18:18:21.397, clock=0]
Organization notifies agent (write): Obligation [agent=a3, obligation=[makeReading(16, 16)], sanction=[reduce_400(a3)], deadline=152, time=2013-06-11 18:18:21.603, clock=0]
Organization notifies agent (write): Obligation [agent=a3, obligation=[makeReading(2, 2)], sanction=[reduce_400(a3)], deadline=152, time=2013-06-11 18:18:21.809, clock=0]
org position notification
Organization notifies agent (write): Obligation [agent=a1, obligation=[makeReading(8, 6)], sanction=[reduce_400(a1)], deadline=177, time=2013-06-11 18:18:44.65, clock=0]
Organization notifies agent (write): Obligation [agent=a1, obligation=[makeReading(16, 16)], sanction=[reduce_400(a1)], deadline=177, time=2013-06-11 18:18:44.857, clock=0]
Organization notifies agent (write): Obligation [agent=a1, obligation=[makeReading(2, 2)], sanction=[reduce_400(a1)], deadline=177, time=2013-06-11 18:18:45.064, clock=0]
Organization notifies agent (write): Obligation [agent=a2, obligation=[makeReading(8, 6)], sanction=[reduce_400(a2)], deadline=177, time=2013-06-11 18:18:45.271, clock=0]
Organization notifies agent (write): Obligation [agent=a2, obligation=[makeReading(16, 16)], sanction=[reduce_400(a2)], deadline=177, time=2013-06-11 18:18:45.477, clock=0]
Organization notifies agent (write): Obligation [agent=a2, obligation=[makeReading(2, 2)], sanction=[reduce_400(a2)], deadline=177, time=2013-06-11 18:18:45.684, clock=0]
Organization notifies agent (write): Obligation [agent=a3, obligation=[makeReading(8, 6)], sanction=[reduce_400(a3)], deadline=177, time=2013-06-11 18:18:45.89, clock=0]
Organization notifies agent (write): Obligation [agent=a3, obligation=[makeReading(16, 16)], sanction=[reduce_400(a3)], deadline=177, time=2013-06-11 18:18:46.095, clock=0]
Organization notifies agent (write): Obligation [agent=a3, obligation=[makeReading(2, 2)], sanction=[reduce_400(a3)], deadline=177, time=2013-06-11 18:18:46.302, clock=0]
org coin notification
Organization notifies agent (write): Obligation [agent=a1, obligation=[makeReading(8, 6)], sanction=[reduce_400(a1)], deadline=201, time=2013-06-11 18:19:09.095, clock=0]
Organization notifies agent (write): Obligation [agent=a1, obligation=[makeReading(16, 16)], sanction=[reduce_400(a1)], deadline=201, time=2013-06-11 18:19:09.301, clock=0]
Organization notifies agent (write): Obligation [agent=a1, obligation=[makeReading(2, 2)], sanction=[reduce_400(a1)], deadline=201, time=2013-06-11 18:19:09.506, clock=0]
Organization notifies agent (write): Obligation [agent=a2, obligation=[makeReading(8, 6)], sanction=[reduce_400(a2)], deadline=201, time=2013-06-11 18:19:09.712, clock=0]
Organization notifies agent (write): Obligation [agent=a2, obligation=[makeReading(16, 16)], sanction=[reduce_400(a2)], deadline=201, time=2013-06-11 18:19:09.917, clock=0]
Organization notifies agent (write): Obligation [agent=a2, obligation=[makeReading(2, 2)], sanction=[reduce_400(a2)], deadline=201, time=2013-06-11 18:19:10.122, clock=0]
Organization notifies agent (write): Obligation [agent=a3, obligation=[makeReading(8, 6)], sanction=[reduce_400(a3)], deadline=201, time=2013-06-11 18:19:10.331, clock=0]
Organization notifies agent (write): Obligation [agent=a3, obligation=[makeReading(16, 16)], sanction=[reduce_400(a3)], deadline=201, time=2013-06-11 18:19:10.539, clock=0]
Organization notifies agent (write): Obligation [agent=a3, obligation=[makeReading(2, 2)], sanction=[reduce_400(a3)], deadline=201, time=2013-06-11 18:19:10.744, clock=0]
org coin notification
Organization notifies agent (write): Obligation [agent=a1, obligation=[makeReading(8, 6)], sanction=[reduce_400(a1)], deadline=226, time=2013-06-11 18:19:33.685, clock=0]
Organization notifies agent (write): Obligation [agent=a1, obligation=[makeReading(16, 16)], sanction=[reduce_400(a1)], deadline=226, time=2013-06-11 18:19:33.892, clock=0]
Organization notifies agent (write): Obligation [agent=a1, obligation=[makeReading(2, 2)], sanction=[reduce_400(a1)], deadline=226, time=2013-06-11 18:19:34.097, clock=0]
Organization notifies agent (write): Obligation [agent=a2, obligation=[makeReading(8, 6)], sanction=[reduce_400(a2)], deadline=226, time=2013-06-11 18:19:34.304, clock=0]
Organization notifies agent (write): Obligation [agent=a2, obligation=[makeReading(16, 16)], sanction=[reduce_400(a2)], deadline=226, time=2013-06-11 18:19:34.512, clock=0]
Organization notifies agent (write): Obligation [agent=a2, obligation=[makeReading(2, 2)], sanction=[reduce_400(a2)], deadline=226, time=2013-06-11 18:19:34.72, clock=0]
Organization notifies agent (write): Obligation [agent=a3, obligation=[makeReading(8, 6)], sanction=[reduce_400(a3)], deadline=226, time=2013-06-11 18:19:34.934, clock=0]
Organization notifies agent (write): Obligation [agent=a3, obligation=[makeReading(16, 16)], sanction=[reduce_400(a3)], deadline=226, time=2013-06-11 18:19:35.142, clock=0]
Organization notifies agent (write): Obligation [agent=a3, obligation=[makeReading(2, 2)], sanction=[reduce_400(a3)], deadline=226, time=2013-06-11 18:19:35.348, clock=0]
got reading: Reading [id=null, agent=a2, cell=Cell [x=2, y=2], time=2013-06-11 18:19:35.672, value=100.0, clock=0]
Organization notifies agent (write): Prohibition [agent=a2, prohibition=[makeReading(2, 2, a2)], sanction=[reduce_300(a2)], clock=0, time=2013-06-11 18:19:35.965]
got reading: Reading [id=null, agent=a1, cell=Cell [x=2, y=2], time=2013-06-11 18:19:36.439, value=100.0, clock=0]
agent prohibition notification a1 number 5
Prohibition [agent=a1, prohibition=null, sanction=null, clock=null, time=null] 2013-06-11 18:17:34.741 - 2013-06-11 18:19:36.458
Event sent to agent      a1 prohibition(makeReading(8, 6, a1), reduce_300(a1))
Event processed aprohibition(makeReading(8, 6, a1), reduce_300(a1))
got reading: Reading [id=null, agent=a3, cell=Cell [x=2, y=2], time=2013-06-11 18:19:36.946, value=100.0, clock=0]
agent obligation notification a1 number 18
Obligation [agent=a1, obligation=null, sanction=null, deadline=null, time=null, clock=null] 2013-06-11 18:17:32.375 - 2013-06-11 18:19:36.956
Event sent to agent      a1 obligation(makeReading(8, 6), 152, reduce_400(a1))
Event sent to agent      a1 obligation(makeReading(16, 16), 152, reduce_400(a1))
Event sent to agent      a1 obligation(makeReading(2, 2), 152, reduce_400(a1))
Event sent to agent      a1 obligation(makeReading(8, 6), 177, reduce_400(a1))
Event sent to agent      a1 obligation(makeReading(16, 16), 177, reduce_400(a1))
Event sent to agent      a1 obligation(makeReading(2, 2), 177, reduce_400(a1))
Event sent to agent      a1 obligation(makeReading(8, 6), 201, reduce_400(a1))
Event sent to agent      a1 obligation(makeReading(16, 16), 201, reduce_400(a1))
Event sent to agent      a1 obligation(makeReading(2, 2), 201, reduce_400(a1))
Event sent to agent      a1 obligation(makeReading(8, 6), 226, reduce_400(a1))
Event sent to agent      a1 obligation(makeReading(16, 16), 226, reduce_400(a1))
Event sent to agent      a1 obligation(makeReading(2, 2), 226, reduce_400(a1))
agent obligation notification a2 number 18
Event processed adoptObligation(makeReading(8, 6), 152, reduce_400(a1))
Event processed adoptObligation(makeReading(16, 16), 152, reduce_400(a1))
Event processed adoptObligation(makeReading(2, 2), 152, reduce_400(a1))
Event processed adoptObligation(makeReading(8, 6), 177, reduce_400(a1))
Event processed adoptObligation(makeReading(16, 16), 177, reduce_400(a1))
Event processed adoptObligation(makeReading(2, 2), 177, reduce_400(a1))
Event processed adoptObligation(makeReading(8, 6), 201, reduce_400(a1))
Event processed adoptObligation(makeReading(16, 16), 201, reduce_400(a1))
Event processed adoptObligation(makeReading(2, 2), 201, reduce_400(a1))
Event processed adoptObligation(makeReading(8, 6), 226, reduce_400(a1))
Event processed adoptObligation(makeReading(16, 16), 226, reduce_400(a1))
Event processed adoptObligation(makeReading(2, 2), 226, reduce_400(a1))
Obligation [agent=a2, obligation=null, sanction=null, deadline=null, time=null, clock=null] 2013-06-11 18:17:33.157 - 2013-06-11 18:19:37.194
Event sent to agent      a2 obligation(makeReading(8, 6), 152, reduce_400(a2))
Event sent to agent      a2 obligation(makeReading(16, 16), 152, reduce_400(a2))
Event sent to agent      a2 obligation(makeReading(2, 2), 152, reduce_400(a2))
Event sent to agent      a2 obligation(makeReading(8, 6), 177, reduce_400(a2))
Event sent to agent      a2 obligation(makeReading(16, 16), 177, reduce_400(a2))
Event sent to agent      a2 obligation(makeReading(2, 2), 177, reduce_400(a2))
Event sent to agent      a2 obligation(makeReading(8, 6), 201, reduce_400(a2))
Event sent to agent      a2 obligation(makeReading(16, 16), 201, reduce_400(a2))
Event sent to agent      a2 obligation(makeReading(2, 2), 201, reduce_400(a2))
Event sent to agent      a2 obligation(makeReading(8, 6), 226, reduce_400(a2))
Event sent to agent      a2 obligation(makeReading(16, 16), 226, reduce_400(a2))
Event sent to agent      a2 obligation(makeReading(2, 2), 226, reduce_400(a2))
agent obligation notification a3 number 18
Obligation [agent=a3, obligation=null, sanction=null, deadline=null, time=null, clock=null] 2013-06-11 18:17:33.39 - 2013-06-11 18:19:37.42
Event sent to agent      a3 obligation(makeReading(8, 6), 152, reduce_400(a3))
Event sent to agent      a3 obligation(makeReading(16, 16), 152, reduce_400(a3))
Event sent to agent      a3 obligation(makeReading(2, 2), 152, reduce_400(a3))
Event sent to agent      a3 obligation(makeReading(8, 6), 177, reduce_400(a3))
Event sent to agent      a3 obligation(makeReading(16, 16), 177, reduce_400(a3))
Event sent to agent      a3 obligation(makeReading(2, 2), 177, reduce_400(a3))
Event sent to agent      a3 obligation(makeReading(8, 6), 201, reduce_400(a3))
Event sent to agent      a3 obligation(makeReading(16, 16), 201, reduce_400(a3))
Event sent to agent      a3 obligation(makeReading(2, 2), 201, reduce_400(a3))
Event sent to agent      a3 obligation(makeReading(8, 6), 226, reduce_400(a3))
Event sent to agent      a3 obligation(makeReading(16, 16), 226, reduce_400(a3))
Event sent to agent      a3 obligation(makeReading(2, 2), 226, reduce_400(a3))
Event processed adoptObligation(makeReading(8, 6), 152, reduce_400(a3))
Event processed adoptObligation(makeReading(16, 16), 152, reduce_400(a3))
Event processed adoptObligation(makeReading(2, 2), 152, reduce_400(a3))
Event processed adoptObligation(makeReading(8, 6), 177, reduce_400(a3))
Event processed adoptObligation(makeReading(16, 16), 177, reduce_400(a3))
Event processed adoptObligation(makeReading(2, 2), 177, reduce_400(a3))
Event processed adoptObligation(makeReading(8, 6), 201, reduce_400(a3))
Event processed adoptObligation(makeReading(16, 16), 201, reduce_400(a3))
Event processed adoptObligation(makeReading(2, 2), 201, reduce_400(a3))
Event processed adoptObligation(makeReading(8, 6), 226, reduce_400(a3))
Event processed adoptObligation(makeReading(16, 16), 226, reduce_400(a3))
Event processed adoptObligation(makeReading(2, 2), 226, reduce_400(a3))
Event processed adoptObligation(makeReading(8, 6), 152, reduce_400(a2))
Event processed adoptObligation(makeReading(16, 16), 152, reduce_400(a2))
Event processed adoptObligation(makeReading(2, 2), 152, reduce_400(a2))
Event processed adoptObligation(makeReading(8, 6), 177, reduce_400(a2))
Event processed adoptObligation(makeReading(16, 16), 177, reduce_400(a2))
Event processed adoptObligation(makeReading(2, 2), 177, reduce_400(a2))
Event processed adoptObligation(makeReading(8, 6), 201, reduce_400(a2))
Event processed adoptObligation(makeReading(16, 16), 201, reduce_400(a2))
Event processed adoptObligation(makeReading(2, 2), 201, reduce_400(a2))
Event processed adoptObligation(makeReading(8, 6), 226, reduce_400(a2))
Event processed adoptObligation(makeReading(16, 16), 226, reduce_400(a2))
Event processed adoptObligation(makeReading(2, 2), 226, reduce_400(a2))
from/for agent a3  reading(position(16, 16))
Reading [id=null, agent=a3, cell=Cell [x=16, y=16], time=null, value=null, clock=null]
from/for agent a2  reading(position(16, 16))
Reading [id=null, agent=a2, cell=Cell [x=16, y=16], time=null, value=null, clock=null]
from/for agent a1  reading(position(16, 16))
Reading [id=null, agent=a1, cell=Cell [x=16, y=16], time=null, value=null, clock=null]
Organization notifies agent (write): Prohibition [agent=a1, prohibition=[makeReading(2, 2, a1)], sanction=[reduce_300(a1)], clock=0, time=2013-06-11 18:20:19.089]
Organization notifies agent (write): Prohibition [agent=a3, prohibition=[makeReading(2, 2, a3)], sanction=[reduce_300(a3)], clock=0, time=2013-06-11 18:20:19.502]
org cargo notification
agent prohibition notification a2 number 6
Prohibition [agent=a2, prohibition=null, sanction=null, clock=null, time=null] 2013-06-11 18:17:34.305 - 2013-06-11 18:20:41.368
Event sent to agent      a2 prohibition(makeReading(2, 2, a2), reduce_300(a2))
Organization notifies agent (write): Obligation [agent=a1, obligation=[makeReading(8, 6)], sanction=[reduce_400(a1)], deadline=294, time=2013-06-11 18:20:42.137, clock=0]
Organization notifies agent (write): Obligation [agent=a1, obligation=[makeReading(16, 16)], sanction=[reduce_400(a1)], deadline=294, time=2013-06-11 18:20:42.344, clock=0]
Organization notifies agent (write): Obligation [agent=a1, obligation=[makeReading(2, 2)], sanction=[reduce_400(a1)], deadline=294, time=2013-06-11 18:20:42.55, clock=0]
Organization notifies agent (write): Obligation [agent=a2, obligation=[makeReading(8, 6)], sanction=[reduce_400(a2)], deadline=294, time=2013-06-11 18:20:42.756, clock=0]
Organization notifies agent (write): Obligation [agent=a2, obligation=[makeReading(16, 16)], sanction=[reduce_400(a2)], deadline=294, time=2013-06-11 18:20:42.961, clock=0]
Organization notifies agent (write): Obligation [agent=a2, obligation=[makeReading(2, 2)], sanction=[reduce_400(a2)], deadline=294, time=2013-06-11 18:20:43.18, clock=0]
Organization notifies agent (write): Obligation [agent=a3, obligation=[makeReading(8, 6)], sanction=[reduce_400(a3)], deadline=294, time=2013-06-11 18:20:43.389, clock=0]
Organization notifies agent (write): Obligation [agent=a3, obligation=[makeReading(16, 16)], sanction=[reduce_400(a3)], deadline=294, time=2013-06-11 18:20:43.597, clock=0]
Organization notifies agent (write): Obligation [agent=a3, obligation=[makeReading(2, 2)], sanction=[reduce_400(a3)], deadline=294, time=2013-06-11 18:20:43.804, clock=0]
got reading: Reading [id=null, agent=a3, cell=Cell [x=16, y=16], time=2013-06-11 18:20:47.493, value=0.0, clock=0]
got reading: Reading [id=null, agent=a2, cell=Cell [x=16, y=16], time=2013-06-11 18:20:49.472, value=0.0, clock=0]
Event processed aprohibition(makeReading(2, 2, a2), reduce_300(a2))
got reading: Reading [id=null, agent=a1, cell=Cell [x=16, y=16], time=2013-06-11 18:20:49.725, value=0.0, clock=0]
agent prohibition notification a1 number 6
Prohibition [agent=a1, prohibition=null, sanction=null, clock=null, time=null] 2013-06-11 18:19:36.458 - 2013-06-11 18:20:49.737
Event sent to agent      a1 prohibition(makeReading(2, 2, a1), reduce_300(a1))
agent prohibition notification a3 number 6
Event processed aprohibition(makeReading(2, 2, a1), reduce_300(a1))
Prohibition [agent=a3, prohibition=null, sanction=null, clock=null, time=null] 2013-06-11 18:17:34.517 - 2013-06-11 18:20:49.979
Event sent to agent      a3 prohibition(makeReading(2, 2, a3), reduce_300(a3))
agent obligation notification a1 number 21
Obligation [agent=a1, obligation=null, sanction=null, deadline=null, time=null, clock=null] 2013-06-11 18:19:36.956 - 2013-06-11 18:20:50.203
Event sent to agent      a1 obligation(makeReading(8, 6), 294, reduce_400(a1))
Event sent to agent      a1 obligation(makeReading(16, 16), 294, reduce_400(a1))
Event sent to agent      a1 obligation(makeReading(2, 2), 294, reduce_400(a1))
agent obligation notification a2 number 21
Event processed aprohibition(makeReading(2, 2, a3), reduce_300(a3))
Obligation [agent=a2, obligation=null, sanction=null, deadline=null, time=null, clock=null] 2013-06-11 18:19:37.194 - 2013-06-11 18:20:50.435
Event sent to agent      a2 obligation(makeReading(8, 6), 294, reduce_400(a2))
Event sent to agent      a2 obligation(makeReading(16, 16), 294, reduce_400(a2))
Event sent to agent      a2 obligation(makeReading(2, 2), 294, reduce_400(a2))
agent obligation notification a3 number 21
Obligation [agent=a3, obligation=null, sanction=null, deadline=null, time=null, clock=null] 2013-06-11 18:19:37.42 - 2013-06-11 18:20:50.68
Event sent to agent      a3 obligation(makeReading(8, 6), 294, reduce_400(a3))
Event sent to agent      a3 obligation(makeReading(16, 16), 294, reduce_400(a3))
Event sent to agent      a3 obligation(makeReading(2, 2), 294, reduce_400(a3))
Event processed adoptObligation(makeReading(8, 6), 294, reduce_400(a1))
Event processed adoptObligation(makeReading(16, 16), 294, reduce_400(a1))
Event processed adoptObligation(makeReading(2, 2), 294, reduce_400(a1))
Event processed adoptObligation(makeReading(8, 6), 294, reduce_400(a2))
Event processed adoptObligation(makeReading(16, 16), 294, reduce_400(a2))
Event processed adoptObligation(makeReading(2, 2), 294, reduce_400(a2))
Event processed adoptObligation(makeReading(8, 6), 294, reduce_400(a3))
Event processed adoptObligation(makeReading(16, 16), 294, reduce_400(a3))
Event processed adoptObligation(makeReading(2, 2), 294, reduce_400(a3))
from/for agent a3  reading(position(8, 6))
Reading [id=null, agent=a3, cell=Cell [x=8, y=6], time=null, value=null, clock=null]
got reading: Reading [id=null, agent=a3, cell=Cell [x=8, y=6], time=2013-06-11 18:21:11.624, value=0.0, clock=0]
Organization notifies agent (write): Prohibition [agent=a1, prohibition=[makeReading(16, 16, a1)], sanction=[reduce_300(a1)], clock=0, time=2013-06-11 18:21:13.077]
agent prohibition notification a1 number 7
Prohibition [agent=a1, prohibition=null, sanction=null, clock=null, time=null] 2013-06-11 18:20:49.737 - 2013-06-11 18:21:13.401
Event sent to agent      a1 prohibition(makeReading(16, 16, a1), reduce_300(a1))
Event processed aprohibition(makeReading(16, 16, a1), reduce_300(a1))
Organization notifies agent (write): Prohibition [agent=a2, prohibition=[makeReading(16, 16, a2)], sanction=[reduce_300(a2)], clock=0, time=2013-06-11 18:21:15.035]
agent prohibition notification a2 number 7
Prohibition [agent=a2, prohibition=null, sanction=null, clock=null, time=null] 2013-06-11 18:20:41.368 - 2013-06-11 18:21:15.136
Event sent to agent      a2 prohibition(makeReading(16, 16, a2), reduce_300(a2))
Event processed aprohibition(makeReading(16, 16, a2), reduce_300(a2))
Organization notifies agent (write): Prohibition [agent=a3, prohibition=[makeReading(8, 6, a3)], sanction=[reduce_300(a3)], clock=0, time=2013-06-11 18:21:17.064]
agent prohibition notification a3 number 7
Prohibition [agent=a3, prohibition=null, sanction=null, clock=null, time=null] 2013-06-11 18:20:49.979 - 2013-06-11 18:21:17.383
Event sent to agent      a3 prohibition(makeReading(8, 6, a3), reduce_300(a3))
Event processed aprohibition(makeReading(8, 6, a3), reduce_300(a3))
from/for agent a2  reading(position(8, 6))
Reading [id=null, agent=a2, cell=Cell [x=8, y=6], time=null, value=null, clock=null]
got reading: Reading [id=null, agent=a2, cell=Cell [x=8, y=6], time=2013-06-11 18:21:22.582, value=0.0, clock=0]
from/for agent a3  reading(position(2, 2))
Reading [id=null, agent=a3, cell=Cell [x=2, y=2], time=null, value=null, clock=null]
got reading: Reading [id=null, agent=a3, cell=Cell [x=2, y=2], time=2013-06-11 18:19:36.946, value=100.0, clock=0]
from/for agent a2  reading(position(2, 2))
Reading [id=null, agent=a2, cell=Cell [x=2, y=2], time=null, value=null, clock=null]
got reading: Reading [id=null, agent=a2, cell=Cell [x=2, y=2], time=2013-06-11 18:19:35.672, value=100.0, clock=0]
from/for agent a1  reading(position(2, 2))
Reading [id=null, agent=a1, cell=Cell [x=2, y=2], time=null, value=null, clock=null]
got reading: Reading [id=null, agent=a1, cell=Cell [x=2, y=2], time=2013-06-11 18:19:36.439, value=100.0, clock=0]
from/for agent a3  reading(position(16, 16))
Reading [id=null, agent=a3, cell=Cell [x=16, y=16], time=null, value=null, clock=null]
got reading: Reading [id=null, agent=a3, cell=Cell [x=16, y=16], time=2013-06-11 18:20:47.493, value=0.0, clock=0]
from/for agent a1  reading(position(8, 6))
Reading [id=null, agent=a1, cell=Cell [x=8, y=6], time=null, value=null, clock=null]
got reading: Reading [id=null, agent=a1, cell=Cell [x=8, y=6], time=2013-06-11 18:17:34.299, value=0.0, clock=0]
Organization notifies agent (write): Prohibition [agent=a3, prohibition=[makeReading(16, 16, a3)], sanction=[reduce_300(a3)], clock=0, time=2013-06-11 18:22:22.564]
agent prohibition notification a3 number 8
Prohibition [agent=a3, prohibition=null, sanction=null, clock=null, time=null] 2013-06-11 18:21:17.383 - 2013-06-11 18:22:22.578
Event sent to agent      a3 prohibition(makeReading(16, 16, a3), reduce_300(a3))
Event processed aprohibition(makeReading(16, 16, a3), reduce_300(a3))
from/for agent a2  reading(position(16, 16))
Reading [id=null, agent=a2, cell=Cell [x=16, y=16], time=null, value=null, clock=null]
got reading: Reading [id=null, agent=a2, cell=Cell [x=16, y=16], time=2013-06-11 18:20:49.472, value=0.0, clock=0]
from/for agent a1  reading(position(16, 16))
Reading [id=null, agent=a1, cell=Cell [x=16, y=16], time=null, value=null, clock=null]
got reading: Reading [id=null, agent=a1, cell=Cell [x=16, y=16], time=2013-06-11 18:20:49.725, value=0.0, clock=0]
org coin notification
Organization notifies agent (write): Obligation [agent=a1, obligation=[makeReading(8, 6)], sanction=[reduce_400(a1)], deadline=437, time=2013-06-11 18:23:05.166, clock=0]
agent obligation notification a1 number 22
Organization notifies agent (write): Obligation [agent=a1, obligation=[makeReading(16, 16)], sanction=[reduce_400(a1)], deadline=437, time=2013-06-11 18:23:05.373, clock=0]
Obligation [agent=a1, obligation=null, sanction=null, deadline=null, time=null, clock=null] 2013-06-11 18:20:50.203 - 2013-06-11 18:23:05.169
Event sent to agent      a1 obligation(makeReading(8, 6), 437, reduce_400(a1))
agent obligation notification a1 number 23
Obligation [agent=a1, obligation=null, sanction=null, deadline=null, time=null, clock=null] 2013-06-11 18:23:05.169 - 2013-06-11 18:23:05.577
Event sent to agent      a1 obligation(makeReading(16, 16), 437, reduce_400(a1))
Event processed adoptObligation(makeReading(8, 6), 437, reduce_400(a1))
Event processed adoptObligation(makeReading(16, 16), 437, reduce_400(a1))
Organization notifies agent (write): Obligation [agent=a1, obligation=[makeReading(2, 2)], sanction=[reduce_400(a1)], deadline=437, time=2013-06-11 18:23:06.015, clock=0]
agent obligation notification a1 number 24
Obligation [agent=a1, obligation=null, sanction=null, deadline=null, time=null, clock=null] 2013-06-11 18:23:05.577 - 2013-06-11 18:23:06.017
Event sent to agent      a1 obligation(makeReading(2, 2), 437, reduce_400(a1))
Event processed adoptObligation(makeReading(2, 2), 437, reduce_400(a1))
Organization notifies agent (write): Obligation [agent=a2, obligation=[makeReading(8, 6)], sanction=[reduce_400(a2)], deadline=437, time=2013-06-11 18:23:06.675, clock=0]
agent obligation notification a2 number 22
Organization notifies agent (write): Obligation [agent=a2, obligation=[makeReading(16, 16)], sanction=[reduce_400(a2)], deadline=437, time=2013-06-11 18:23:06.888, clock=0]
Obligation [agent=a2, obligation=null, sanction=null, deadline=null, time=null, clock=null] 2013-06-11 18:20:50.435 - 2013-06-11 18:23:06.682
Event sent to agent      a2 obligation(makeReading(8, 6), 437, reduce_400(a2))
agent obligation notification a2 number 23
Obligation [agent=a2, obligation=null, sanction=null, deadline=null, time=null, clock=null] 2013-06-11 18:23:06.682 - 2013-06-11 18:23:07.092
Event sent to agent      a2 obligation(makeReading(16, 16), 437, reduce_400(a2))
Event processed adoptObligation(makeReading(8, 6), 437, reduce_400(a2))
Event processed adoptObligation(makeReading(16, 16), 437, reduce_400(a2))
Organization notifies agent (write): Obligation [agent=a2, obligation=[makeReading(2, 2)], sanction=[reduce_400(a2)], deadline=437, time=2013-06-11 18:23:07.535, clock=0]
agent obligation notification a2 number 24
Organization notifies agent (write): Obligation [agent=a3, obligation=[makeReading(8, 6)], sanction=[reduce_400(a3)], deadline=437, time=2013-06-11 18:23:07.743, clock=0]
agent obligation notification a3 number 22
Obligation [agent=a2, obligation=null, sanction=null, deadline=null, time=null, clock=null] 2013-06-11 18:23:07.092 - 2013-06-11 18:23:07.537
Event sent to agent      a2 obligation(makeReading(2, 2), 437, reduce_400(a2))
Event processed adoptObligation(makeReading(2, 2), 437, reduce_400(a2))
Organization notifies agent (write): Obligation [agent=a3, obligation=[makeReading(16, 16)], sanction=[reduce_400(a3)], deadline=437, time=2013-06-11 18:23:07.951, clock=0]
Obligation [agent=a3, obligation=null, sanction=null, deadline=null, time=null, clock=null] 2013-06-11 18:20:50.68 - 2013-06-11 18:23:07.748
Event sent to agent      a3 obligation(makeReading(8, 6), 437, reduce_400(a3))
agent obligation notification a3 number 23
Organization notifies agent (write): Obligation [agent=a3, obligation=[makeReading(2, 2)], sanction=[reduce_400(a3)], deadline=437, time=2013-06-11 18:23:08.156, clock=0]
from/for agent a2  reading(position(16, 16))
Reading [id=null, agent=a2, cell=Cell [x=16, y=16], time=null, value=null, clock=null]
got reading: Reading [id=null, agent=a2, cell=Cell [x=16, y=16], time=2013-06-11 18:20:49.472, value=0.0, clock=0]
Event processed adoptObligation(makeReading(8, 6), 437, reduce_400(a3))
Obligation [agent=a3, obligation=null, sanction=null, deadline=null, time=null, clock=null] 2013-06-11 18:23:07.748 - 2013-06-11 18:23:08.156
Event sent to agent      a3 obligation(makeReading(16, 16), 437, reduce_400(a3))
agent obligation notification a3 number 24
Event processed adoptObligation(makeReading(16, 16), 437, reduce_400(a3))
Obligation [agent=a3, obligation=null, sanction=null, deadline=null, time=null, clock=null] 2013-06-11 18:23:08.156 - 2013-06-11 18:23:08.382
from/for agent a2  reading(position(8, 6))
Reading [id=null, agent=a2, cell=Cell [x=8, y=6], time=null, value=null, clock=null]
got reading: Reading [id=null, agent=a2, cell=Cell [x=8, y=6], time=2013-06-11 18:21:22.582, value=0.0, clock=0]
from/for agent a2  reading(position(2, 2))
Reading [id=null, agent=a2, cell=Cell [x=2, y=2], time=null, value=null, clock=null]
got reading: Reading [id=null, agent=a2, cell=Cell [x=2, y=2], time=2013-06-11 18:19:35.672, value=100.0, clock=0]
from/for agent a1  reading(position(16, 16))
Reading [id=null, agent=a1, cell=Cell [x=16, y=16], time=null, value=null, clock=null]
got reading: Reading [id=null, agent=a1, cell=Cell [x=16, y=16], time=2013-06-11 18:20:49.725, value=0.0, clock=0]
from/for agent a3  reading(position(8, 6))
Reading [id=null, agent=a3, cell=Cell [x=8, y=6], time=null, value=null, clock=null]
got reading: Reading [id=null, agent=a3, cell=Cell [x=8, y=6], time=2013-06-11 18:21:11.624, value=0.0, clock=0]
from/for agent a1  reading(position(8, 6))
Reading [id=null, agent=a1, cell=Cell [x=8, y=6], time=null, value=null, clock=null]
got reading: Reading [id=null, agent=a1, cell=Cell [x=8, y=6], time=2013-06-11 18:17:34.299, value=0.0, clock=0]
from/for agent a3  reading(position(16, 16))
Reading [id=null, agent=a3, cell=Cell [x=16, y=16], time=null, value=null, clock=null]
got reading: Reading [id=null, agent=a3, cell=Cell [x=16, y=16], time=2013-06-11 18:20:47.493, value=0.0, clock=0]
from/for agent a1  reading(position(2, 2))
Reading [id=null, agent=a1, cell=Cell [x=2, y=2], time=null, value=null, clock=null]
got reading: Reading [id=null, agent=a1, cell=Cell [x=2, y=2], time=2013-06-11 18:19:36.439, value=100.0, clock=0]
org position notification
Organization notifies agent (write): Obligation [agent=a1, obligation=[makeReading(8, 6)], sanction=[reduce_400(a1)], deadline=536, time=2013-06-11 18:24:44.426, clock=0]
agent obligation notification a1 number 25
Organization notifies agent (write): Obligation [agent=a1, obligation=[makeReading(16, 16)], sanction=[reduce_400(a1)], deadline=536, time=2013-06-11 18:24:44.635, clock=0]
Obligation [agent=a1, obligation=null, sanction=null, deadline=null, time=null, clock=null] 2013-06-11 18:23:06.017 - 2013-06-11 18:24:44.431
Event sent to agent      a1 obligation(makeReading(8, 6), 536, reduce_400(a1))
agent obligation notification a1 number 26
Organization notifies agent (write): Obligation [agent=a1, obligation=[makeReading(2, 2)], sanction=[reduce_400(a1)], deadline=536, time=2013-06-11 18:24:44.842, clock=0]
Event processed adoptObligation(makeReading(8, 6), 536, reduce_400(a1))
Organization notifies agent (write): Obligation [agent=a2, obligation=[makeReading(8, 6)], sanction=[reduce_400(a2)], deadline=536, time=2013-06-11 18:24:45.047, clock=0]
agent obligation notification a2 number 25
Obligation [agent=a1, obligation=null, sanction=null, deadline=null, time=null, clock=null] 2013-06-11 18:24:44.431 - 2013-06-11 18:24:44.84
Event sent to agent      a1 obligation(makeReading(16, 16), 536, reduce_400(a1))
agent obligation notification a1 number 27
Obligation [agent=a2, obligation=null, sanction=null, deadline=null, time=null, clock=null] 2013-06-11 18:23:07.537 - 2013-06-11 18:24:45.051
Event sent to agent      a2 obligation(makeReading(8, 6), 536, reduce_400(a2))
Obligation [agent=a1, obligation=null, sanction=null, deadline=null, time=null, clock=null] 2013-06-11 18:24:44.84 - 2013-06-11 18:24:45.069
Event sent to agent      a1 obligation(makeReading(2, 2), 536, reduce_400(a1))
Event processed adoptObligation(makeReading(8, 6), 536, reduce_400(a2))
Event processed adoptObligation(makeReading(16, 16), 536, reduce_400(a1))
Event processed adoptObligation(makeReading(2, 2), 536, reduce_400(a1))
Organization notifies agent (write): Obligation [agent=a2, obligation=[makeReading(16, 16)], sanction=[reduce_400(a2)], deadline=536, time=2013-06-11 18:24:46.409, clock=0]
Organization notifies agent (write): Obligation [agent=a2, obligation=[makeReading(2, 2)], sanction=[reduce_400(a2)], deadline=536, time=2013-06-11 18:24:46.616, clock=0]
agent obligation notification a2 number 27
Obligation [agent=a2, obligation=null, sanction=null, deadline=null, time=null, clock=null] 2013-06-11 18:24:45.051 - 2013-06-11 18:24:46.682
Event sent to agent      a2 obligation(makeReading(16, 16), 536, reduce_400(a2))
Event sent to agent      a2 obligation(makeReading(2, 2), 536, reduce_400(a2))
Organization notifies agent (write): Obligation [agent=a3, obligation=[makeReading(8, 6)], sanction=[reduce_400(a3)], deadline=536, time=2013-06-11 18:24:47.327, clock=0]
agent obligation notification a3 number 25
Obligation [agent=a3, obligation=null, sanction=null, deadline=null, time=null, clock=null] 2013-06-11 18:23:08.382 - 2013-06-11 18:24:47.329
Event sent to agent      a3 obligation(makeReading(8, 6), 536, reduce_400(a3))
Event processed adoptObligation(makeReading(8, 6), 536, reduce_400(a3))
Event processed adoptObligation(makeReading(16, 16), 536, reduce_400(a2))
Event processed adoptObligation(makeReading(2, 2), 536, reduce_400(a2))
Organization notifies agent (write): Obligation [agent=a3, obligation=[makeReading(16, 16)], sanction=[reduce_400(a3)], deadline=536, time=2013-06-11 18:24:49.401, clock=0]
agent obligation notification a3 number 26
Obligation [agent=a3, obligation=null, sanction=null, deadline=null, time=null, clock=null] 2013-06-11 18:24:47.329 - 2013-06-11 18:24:49.405
Event sent to agent      a3 obligation(makeReading(16, 16), 536, reduce_400(a3))
