test2.
Service Registrar: 052cc499-efa3-4995-a9c4-d29ebfc01764
Java Space found.
TransactionManager found.
-------------------------last log tuples start--------------------------------
Position [agent=a1, id=null, cell=Cell [x=3, y=4], time=2013-06-11 15:17:59.442, clock=3]
Time [clock=1, time=2013-06-11 15:17:55.615]
Time [clock=2, time=2013-06-11 15:17:56.212]
Position [agent=t1, id=null, cell=Cell [x=18, y=19], time=2013-06-11 15:17:59.764, clock=4]
Time [clock=3, time=2013-06-11 15:17:57.213]
Time [clock=4, time=2013-06-11 15:17:58.217]
Time [clock=5, time=2013-06-11 15:17:59.216]
Time [clock=6, time=2013-06-11 15:18:00.218]
Time [clock=7, time=2013-06-11 15:18:01.221]
Time [clock=8, time=2013-06-11 15:18:02.223]
Position [agent=a3, id=null, cell=Cell [x=11, y=2], time=2013-06-11 15:18:00.112, clock=5]
Time [clock=9, time=2013-06-11 15:18:03.326]
Position [agent=a2, id=null, cell=Cell [x=7, y=19], time=2013-06-11 15:18:00.788, clock=6]
Position [agent=a3, id=null, cell=Cell [x=11, y=3], time=2013-06-11 15:18:01.01, clock=6]
Time [clock=10, time=2013-06-11 15:18:04.223]
Time [clock=11, time=2013-06-11 15:18:05.233]
Time [clock=12, time=2013-06-11 15:18:06.225]
Time [clock=13, time=2013-06-11 15:18:07.226]
Time [clock=14, time=2013-06-11 15:18:08.225]
Position [agent=t1, id=null, cell=Cell [x=17, y=19], time=2013-06-11 15:18:01.58, clock=7]
Time [clock=15, time=2013-06-11 15:18:09.227]
Time [clock=16, time=2013-06-11 15:18:10.228]
Time [clock=17, time=2013-06-11 15:18:11.229]
Time [clock=18, time=2013-06-11 15:18:12.231]
Time [clock=19, time=2013-06-11 15:18:13.231]
Time [clock=20, time=2013-06-11 15:18:14.234]
Time [clock=21, time=2013-06-11 15:18:15.233]
Time [clock=22, time=2013-06-11 15:18:16.233]
Time [clock=23, time=2013-06-11 15:18:17.233]
Time [clock=24, time=2013-06-11 15:18:18.275]
Position [agent=a1, id=null, cell=Cell [x=3, y=5], time=2013-06-11 15:18:02.068, clock=7]
Time [clock=25, time=2013-06-11 15:18:19.246]
Time [clock=26, time=2013-06-11 15:18:20.237]
Time [clock=27, time=2013-06-11 15:18:21.237]
Position [agent=a3, id=null, cell=Cell [x=11, y=4], time=2013-06-11 15:18:02.343, clock=7]
Time [clock=28, time=2013-06-11 15:18:22.237]
Time [clock=29, time=2013-06-11 15:18:23.24]
Time [clock=30, time=2013-06-11 15:18:24.238]
Time [clock=31, time=2013-06-11 15:18:25.239]
Time [clock=32, time=2013-06-11 15:18:26.24]
Time [clock=33, time=2013-06-11 15:18:27.242]
Time [clock=34, time=2013-06-11 15:18:28.243]
Time [clock=35, time=2013-06-11 15:18:29.243]
Time [clock=36, time=2013-06-11 15:18:30.285]
Time [clock=37, time=2013-06-11 15:18:31.246]
Time [clock=38, time=2013-06-11 15:18:32.246]
Position [agent=a2, id=null, cell=Cell [x=6, y=19], time=2013-06-11 15:18:02.569, clock=8]
Position [agent=a3, id=null, cell=Cell [x=11, y=5], time=2013-06-11 15:18:02.791, clock=8]
Time [clock=39, time=2013-06-11 15:18:33.248]
Time [clock=40, time=2013-06-11 15:18:34.249]
Time [clock=41, time=2013-06-11 15:18:35.248]
Time [clock=42, time=2013-06-11 15:18:36.25]
Time [clock=43, time=2013-06-11 15:18:37.25]
Time [clock=44, time=2013-06-11 15:18:38.264]
Time [clock=45, time=2013-06-11 15:18:39.252]
Time [clock=46, time=2013-06-11 15:18:40.253]
Time [clock=47, time=2013-06-11 15:18:41.254]
Time [clock=48, time=2013-06-11 15:18:42.254]
Time [clock=49, time=2013-06-11 15:18:43.254]
Time [clock=50, time=2013-06-11 15:18:44.298]
Time [clock=51, time=2013-06-11 15:18:45.256]
Position [agent=a1, id=null, cell=Cell [x=4, y=5], time=2013-06-11 15:18:03.244, clock=8]
Position [agent=t1, id=null, cell=Cell [x=16, y=19], time=2013-06-11 15:18:03.885, clock=8]
Time [clock=52, time=2013-06-11 15:18:46.259]
Position [agent=a3, id=null, cell=Cell [x=11, y=6], time=2013-06-11 15:18:04.035, clock=9]
Time [clock=53, time=2013-06-11 15:18:47.259]
Time [clock=54, time=2013-06-11 15:18:48.26]
Time [clock=55, time=2013-06-11 15:18:49.259]
Time [clock=56, time=2013-06-11 15:18:50.263]
Time [clock=57, time=2013-06-11 15:18:51.262]
Time [clock=58, time=2013-06-11 15:18:52.264]
Position [agent=a2, id=null, cell=Cell [x=5, y=19], time=2013-06-11 15:18:04.224, clock=9]
Time [clock=59, time=2013-06-11 15:18:53.265]
Time [clock=60, time=2013-06-11 15:18:54.266]
Time [clock=61, time=2013-06-11 15:18:55.266]
Time [clock=62, time=2013-06-11 15:18:56.268]
Time [clock=63, time=2013-06-11 15:18:57.27]
Time [clock=64, time=2013-06-11 15:18:58.268]
Time [clock=65, time=2013-06-11 15:18:59.313]
Position [agent=a1, id=null, cell=Cell [x=5, y=5], time=2013-06-11 15:18:04.85, clock=9]
Position [agent=a3, id=null, cell=Cell [x=11, y=7], time=2013-06-11 15:18:05.452, clock=10]
Time [clock=66, time=2013-06-11 15:19:00.273]
Time [clock=67, time=2013-06-11 15:19:01.274]
Time [clock=68, time=2013-06-11 15:19:02.274]
Time [clock=69, time=2013-06-11 15:19:03.274]
Time [clock=70, time=2013-06-11 15:19:04.277]
Time [clock=71, time=2013-06-11 15:19:05.276]
Time [clock=72, time=2013-06-11 15:19:06.277]
Time [clock=73, time=2013-06-11 15:19:07.279]
Time [clock=74, time=2013-06-11 15:19:08.28]
Position [agent=t1, id=null, cell=Cell [x=15, y=19], time=2013-06-11 15:18:05.593, clock=10]
Time [clock=75, time=2013-06-11 15:19:09.281]
Time [clock=76, time=2013-06-11 15:19:10.283]
Time [clock=77, time=2013-06-11 15:19:11.282]
Time [clock=78, time=2013-06-11 15:19:12.282]
Time [clock=79, time=2013-06-11 15:19:13.284]
Time [clock=80, time=2013-06-11 15:19:14.326]
Position [agent=a2, id=null, cell=Cell [x=4, y=19], time=2013-06-11 15:18:05.71, clock=10]
Time [clock=81, time=2013-06-11 15:19:15.286]
Time [clock=82, time=2013-06-11 15:19:16.285]
Time [clock=83, time=2013-06-11 15:19:17.287]
Time [clock=84, time=2013-06-11 15:19:18.286]
Time [clock=85, time=2013-06-11 15:19:19.287]
Time [clock=86, time=2013-06-11 15:19:20.289]
Time [clock=87, time=2013-06-11 15:19:21.289]
Time [clock=88, time=2013-06-11 15:19:22.291]
Time [clock=89, time=2013-06-11 15:19:23.291]
Position [agent=t1, id=null, cell=Cell [x=14, y=19], time=2013-06-11 15:18:06.157, clock=11]
Time [clock=90, time=2013-06-11 15:19:24.292]
Time [clock=91, time=2013-06-11 15:19:25.294]
Time [clock=92, time=2013-06-11 15:19:26.292]
Time [clock=93, time=2013-06-11 15:19:27.294]
Position [agent=a3, id=null, cell=Cell [x=11, y=8], time=2013-06-11 15:18:06.572, clock=12]
Time [clock=94, time=2013-06-11 15:19:28.334]
Cargo [id=null, cell=Cell [x=19, y=19], time=2013-06-11 15:17:59.261, clock=3]
ActionRequest [id=null, agent=a3, type=reading, cell=Cell [x=11, y=1], clock=null, time=2013-06-11 15:17:57.672]
ActionRequest [id=null, agent=a2, type=reading, cell=Cell [x=8, y=19], clock=null, time=2013-06-11 15:17:57.755]
ActionRequest [id=null, agent=a1, type=reading, cell=Cell [x=5, y=5], clock=null, time=2013-06-11 15:18:05.447]
Obligation [agent=a1, obligation=[makeReading(2, 2)], sanction=[reduce_400(a1)], deadline=54, time=2013-06-11 15:18:01.072, clock=0]
Position [agent=t1, id=null, cell=Cell [x=13, y=19], time=2013-06-11 15:18:06.796, clock=12]
Prohibition [agent=t1, prohibition=[at(5, 5, t1)], sanction=[reduce_300(t1)], clock=0, time=2013-06-11 15:18:05.564]
Position [agent=a2, id=null, cell=Cell [x=3, y=19], time=2013-06-11 15:18:07.232, clock=12]
Position [agent=t1, id=null, cell=Cell [x=12, y=19], time=2013-06-11 15:18:07.677, clock=13]
Reading [id=null, agent=a3, cell=Cell [x=11, y=1], time=2013-06-11 15:17:57.933, value=0.0, clock=null]
Coin [id=null, cell=Cell [x=8, y=6], agent=a1, time=2013-06-11 12:17:34.975, clock=6]
Obligation [agent=a2, obligation=[makeReading(8, 6)], sanction=[reduce_400(a2)], deadline=54, time=2013-06-11 15:18:02.084, clock=0]
Obligation [agent=a2, obligation=[makeReading(16, 16)], sanction=[reduce_400(a2)], deadline=54, time=2013-06-11 15:18:03.086, clock=0]
Prohibition [agent=t1, prohibition=[at(5, 6, t1)], sanction=[reduce_300(t1)], clock=0, time=2013-06-11 15:18:05.565]
Coin [id=null, cell=Cell [x=16, y=6], agent=a2, time=2013-06-11 12:17:35.067, clock=7]
Coin [id=null, cell=Cell [x=3, y=9], agent=a3, time=2013-06-11 12:17:35.134, clock=7]
Obligation [agent=a2, obligation=[makeReading(2, 2)], sanction=[reduce_400(a2)], deadline=54, time=2013-06-11 15:18:03.519, clock=0]
Prohibition [agent=t1, prohibition=[at(6, 5, t1)], sanction=[reduce_300(t1)], clock=0, time=2013-06-11 15:18:05.566]
Obligation [agent=a3, obligation=[makeReading(8, 6)], sanction=[reduce_400(a3)], deadline=54, time=2013-06-11 15:18:04.44, clock=0]
Prohibition [agent=t1, prohibition=[at(6, 6, t1)], sanction=[reduce_300(t1)], clock=0, time=2013-06-11 15:18:05.567]
Reading [id=null, agent=a2, cell=Cell [x=8, y=19], time=2013-06-11 15:17:57.993, value=0.0, clock=null]
Reading [id=null, agent=a1, cell=Cell [x=5, y=5], time=2013-06-11 15:18:19.219, value=0.0, clock=null]
Prohibition [agent=c1, prohibition=[coin(5, 5, a1)], sanction=[reduce_300(c1)], clock=0, time=2013-06-11 15:18:05.778]
Position [agent=a3, id=null, cell=Cell [x=11, y=9], time=2013-06-11 15:18:07.906, clock=13]
Position [agent=t1, id=null, cell=Cell [x=11, y=19], time=2013-06-11 15:18:08.129, clock=13]
Position [agent=a2, id=null, cell=Cell [x=3, y=18], time=2013-06-11 15:18:08.551, clock=14]
Position [agent=a2, id=null, cell=Cell [x=3, y=17], time=2013-06-11 15:18:09.014, clock=14]
Prohibition [agent=c1, prohibition=[coin(5, 6, a1)], sanction=[reduce_300(c1)], clock=0, time=2013-06-11 15:18:05.78]
Obligation [agent=a3, obligation=[makeReading(16, 16)], sanction=[reduce_400(a3)], deadline=54, time=2013-06-11 15:18:05.354, clock=0]
Position [agent=t1, id=null, cell=Cell [x=10, y=19], time=2013-06-11 15:18:09.234, clock=14]
Obligation [agent=a3, obligation=[makeReading(2, 2)], sanction=[reduce_400(a3)], deadline=54, time=2013-06-11 15:18:05.562, clock=0]
Position [agent=a3, id=null, cell=Cell [x=11, y=10], time=2013-06-11 15:18:09.573, clock=15]
Position [agent=t1, id=null, cell=Cell [x=9, y=19], time=2013-06-11 15:18:09.812, clock=15]
Prohibition [agent=c1, prohibition=[coin(6, 5, a1)], sanction=[reduce_300(c1)], clock=0, time=2013-06-11 15:18:05.782]
Prohibition [agent=c1, prohibition=[coin(6, 6, a1)], sanction=[reduce_300(c1)], clock=0, time=2013-06-11 15:18:05.784]
Position [agent=a2, id=null, cell=Cell [x=3, y=16], time=2013-06-11 15:18:10.046, clock=15]
Prohibition [agent=c1, prohibition=[coin(5, 5, a2)], sanction=[reduce_300(c1)], clock=0, time=2013-06-11 15:18:05.787]
Position [agent=a2, id=null, cell=Cell [x=3, y=15], time=2013-06-11 15:18:10.578, clock=16]
Position [agent=t1, id=null, cell=Cell [x=8, y=19], time=2013-06-11 15:18:10.797, clock=16]
Position [agent=a3, id=null, cell=Cell [x=11, y=11], time=2013-06-11 15:18:11.048, clock=16]
Position [agent=t1, id=null, cell=Cell [x=7, y=19], time=2013-06-11 15:18:11.28, clock=16]
Prohibition [agent=c1, prohibition=[coin(5, 6, a2)], sanction=[reduce_300(c1)], clock=0, time=2013-06-11 15:18:05.79]
Position [agent=a2, id=null, cell=Cell [x=3, y=14], time=2013-06-11 15:18:11.58, clock=17]
Prohibition [agent=c1, prohibition=[coin(6, 5, a2)], sanction=[reduce_300(c1)], clock=0, time=2013-06-11 15:18:05.792]
Prohibition [agent=c1, prohibition=[coin(6, 6, a2)], sanction=[reduce_300(c1)], clock=0, time=2013-06-11 15:18:05.795]
Position [agent=t1, id=null, cell=Cell [x=6, y=19], time=2013-06-11 15:18:12.045, clock=17]
Prohibition [agent=c1, prohibition=[coin(5, 5, a3)], sanction=[reduce_300(c1)], clock=0, time=2013-06-11 15:18:05.799]
Position [agent=a3, id=null, cell=Cell [x=11, y=12], time=2013-06-11 15:18:12.264, clock=17]
Prohibition [agent=c1, prohibition=[coin(5, 6, a3)], sanction=[reduce_300(c1)], clock=0, time=2013-06-11 15:18:05.807]
Position [agent=t1, id=null, cell=Cell [x=5, y=19], time=2013-06-11 15:18:12.581, clock=18]
Position [agent=a2, id=null, cell=Cell [x=3, y=13], time=2013-06-11 15:18:12.808, clock=18]
Position [agent=a2, id=null, cell=Cell [x=3, y=12], time=2013-06-11 15:18:13.272, clock=18]
Position [agent=t1, id=null, cell=Cell [x=4, y=19], time=2013-06-11 15:18:13.558, clock=19]
Position [agent=a3, id=null, cell=Cell [x=11, y=13], time=2013-06-11 15:18:13.814, clock=19]
Position [agent=t1, id=null, cell=Cell [x=3, y=19], time=2013-06-11 15:18:14.055, clock=19]
Position [agent=a2, id=null, cell=Cell [x=3, y=11], time=2013-06-11 15:18:14.319, clock=19]
Position [agent=a2, id=null, cell=Cell [x=3, y=10], time=2013-06-11 15:18:14.765, clock=20]
Prohibition [agent=c1, prohibition=[coin(6, 5, a3)], sanction=[reduce_300(c1)], clock=0, time=2013-06-11 15:18:05.814]
Prohibition [agent=c1, prohibition=[coin(6, 6, a3)], sanction=[reduce_300(c1)], clock=0, time=2013-06-11 15:18:05.818]
Position [agent=t1, id=null, cell=Cell [x=2, y=19], time=2013-06-11 15:18:14.998, clock=20]
Position [agent=a3, id=null, cell=Cell [x=11, y=14], time=2013-06-11 15:18:15.251, clock=20]
Position [agent=t1, id=null, cell=Cell [x=2, y=18], time=2013-06-11 15:18:15.568, clock=21]
Position [agent=a2, id=null, cell=Cell [x=3, y=9], time=2013-06-11 15:18:15.812, clock=21]
Position [agent=a2, id=null, cell=Cell [x=3, y=8], time=2013-06-11 15:18:16.261, clock=21]
Prohibition [agent=a1, prohibition=[at(5, 5, a1)], sanction=[reduce_300(a1)], clock=0, time=2013-06-11 15:18:08.635]
Position [agent=t1, id=null, cell=Cell [x=2, y=17], time=2013-06-11 15:18:16.576, clock=22]
Prohibition [agent=a1, prohibition=[at(5, 6, a1)], sanction=[reduce_300(a1)], clock=0, time=2013-06-11 15:18:08.636]
Position [agent=a3, id=null, cell=Cell [x=11, y=15], time=2013-06-11 15:18:16.81, clock=22]
Prohibition [agent=a1, prohibition=[at(6, 5, a1)], sanction=[reduce_300(a1)], clock=0, time=2013-06-11 15:18:08.638]
Prohibition [agent=a1, prohibition=[at(6, 6, a1)], sanction=[reduce_300(a1)], clock=0, time=2013-06-11 15:18:08.639]
Position [agent=t1, id=null, cell=Cell [x=2, y=16], time=2013-06-11 15:18:17.051, clock=22]
Position [agent=a2, id=null, cell=Cell [x=3, y=7], time=2013-06-11 15:18:17.289, clock=22]
Prohibition [agent=a2, prohibition=[at(5, 5, a2)], sanction=[reduce_300(a2)], clock=0, time=2013-06-11 15:18:08.641]
Prohibition [agent=a2, prohibition=[at(5, 6, a2)], sanction=[reduce_300(a2)], clock=0, time=2013-06-11 15:18:08.643]
Position [agent=a2, id=null, cell=Cell [x=3, y=6], time=2013-06-11 15:18:17.755, clock=23]
Prohibition [agent=a2, prohibition=[at(6, 5, a2)], sanction=[reduce_300(a2)], clock=0, time=2013-06-11 15:18:08.644]
Position [agent=t1, id=null, cell=Cell [x=2, y=15], time=2013-06-11 15:18:17.997, clock=23]
Position [agent=a3, id=null, cell=Cell [x=11, y=16], time=2013-06-11 15:18:18.212, clock=23]
Prohibition [agent=a2, prohibition=[at(6, 6, a2)], sanction=[reduce_300(a2)], clock=0, time=2013-06-11 15:18:08.645]
Prohibition [agent=a3, prohibition=[at(5, 5, a3)], sanction=[reduce_300(a3)], clock=0, time=2013-06-11 15:18:08.647]
Prohibition [agent=a3, prohibition=[at(5, 6, a3)], sanction=[reduce_300(a3)], clock=0, time=2013-06-11 15:18:08.649]
Prohibition [agent=a3, prohibition=[at(6, 5, a3)], sanction=[reduce_300(a3)], clock=0, time=2013-06-11 15:18:08.65]
Prohibition [agent=a3, prohibition=[at(6, 6, a3)], sanction=[reduce_300(a3)], clock=0, time=2013-06-11 15:18:08.652]
-------------------------last log tuples end----------------------------------
register a1
register a2
register a3
register c1
register t1
org reading notification
Organization notifies agent (write): Obligation [agent=a1, obligation=[makeReading(2, 2)], sanction=[reduce_400(a1)], deadline=54, time=2013-06-11 15:27:14.02, clock=0]
agent obligation notification a1 number 1
Obligation [agent=a1, obligation=null, sanction=null, deadline=null, time=null, clock=null] 1970-01-01 01:00:00.0 - 2013-06-11 15:27:14.205
Event sent to agent      a1 obligation(makeReading(2, 2), 54, reduce_400(a1))
Event processed adoptObligation(makeReading(2, 2), 54, reduce_400(a1))
Organization notifies agent (write): Obligation [agent=a2, obligation=[makeReading(8, 6)], sanction=[reduce_400(a2)], deadline=54, time=2013-06-11 15:27:15.262, clock=0]
Organization notifies agent (write): Obligation [agent=a2, obligation=[makeReading(16, 16)], sanction=[reduce_400(a2)], deadline=54, time=2013-06-11 15:27:16.482, clock=0]
Organization notifies agent (write): Obligation [agent=a2, obligation=[makeReading(2, 2)], sanction=[reduce_400(a2)], deadline=54, time=2013-06-11 15:27:17.155, clock=0]
Organization notifies agent (write): Obligation [agent=a3, obligation=[makeReading(8, 6)], sanction=[reduce_400(a3)], deadline=54, time=2013-06-11 15:27:18.075, clock=0]
Organization notifies agent (write): Obligation [agent=a3, obligation=[makeReading(16, 16)], sanction=[reduce_400(a3)], deadline=54, time=2013-06-11 15:27:19.052, clock=0]
Organization notifies agent (write): Obligation [agent=a3, obligation=[makeReading(2, 2)], sanction=[reduce_400(a3)], deadline=54, time=2013-06-11 15:27:20.819, clock=0]
Organization notifies agent (write): Prohibition [agent=t1, prohibition=[at(5, 5, t1)], sanction=[reduce_300(t1)], clock=0, time=2013-06-11 15:27:20.836]
Organization notifies agent (write): Prohibition [agent=t1, prohibition=[at(5, 6, t1)], sanction=[reduce_300(t1)], clock=0, time=2013-06-11 15:27:20.84]
Organization notifies agent (write): Prohibition [agent=t1, prohibition=[at(6, 5, t1)], sanction=[reduce_300(t1)], clock=0, time=2013-06-11 15:27:20.85]
Organization notifies agent (write): Prohibition [agent=t1, prohibition=[at(6, 6, t1)], sanction=[reduce_300(t1)], clock=0, time=2013-06-11 15:27:20.874]
Organization notifies agent (write): Prohibition [agent=c1, prohibition=[coin(5, 5, a1)], sanction=[reduce_300(c1)], clock=0, time=2013-06-11 15:27:21.812]
Organization notifies agent (write): Prohibition [agent=c1, prohibition=[coin(5, 6, a1)], sanction=[reduce_300(c1)], clock=0, time=2013-06-11 15:27:21.816]
Organization notifies agent (write): Prohibition [agent=c1, prohibition=[coin(6, 5, a1)], sanction=[reduce_300(c1)], clock=0, time=2013-06-11 15:27:21.823]
Organization notifies agent (write): Prohibition [agent=c1, prohibition=[coin(6, 6, a1)], sanction=[reduce_300(c1)], clock=0, time=2013-06-11 15:27:21.826]
Organization notifies agent (write): Prohibition [agent=c1, prohibition=[coin(5, 5, a2)], sanction=[reduce_300(c1)], clock=0, time=2013-06-11 15:27:21.828]
Organization notifies agent (write): Prohibition [agent=c1, prohibition=[coin(5, 6, a2)], sanction=[reduce_300(c1)], clock=0, time=2013-06-11 15:27:21.829]
Organization notifies agent (write): Prohibition [agent=c1, prohibition=[coin(6, 5, a2)], sanction=[reduce_300(c1)], clock=0, time=2013-06-11 15:27:21.834]
Organization notifies agent (write): Prohibition [agent=c1, prohibition=[coin(6, 6, a2)], sanction=[reduce_300(c1)], clock=0, time=2013-06-11 15:27:21.836]
Organization notifies agent (write): Prohibition [agent=c1, prohibition=[coin(5, 5, a3)], sanction=[reduce_300(c1)], clock=0, time=2013-06-11 15:27:21.838]
Organization notifies agent (write): Prohibition [agent=c1, prohibition=[coin(5, 6, a3)], sanction=[reduce_300(c1)], clock=0, time=2013-06-11 15:27:21.841]
Organization notifies agent (write): Prohibition [agent=c1, prohibition=[coin(6, 5, a3)], sanction=[reduce_300(c1)], clock=0, time=2013-06-11 15:27:21.843]
Organization notifies agent (write): Prohibition [agent=c1, prohibition=[coin(6, 6, a3)], sanction=[reduce_300(c1)], clock=0, time=2013-06-11 15:27:21.845]
Organization notifies agent (write): Prohibition [agent=a2, prohibition=[makeReading(8, 19, a2)], sanction=[reduce_300(a2)], clock=0, time=2013-06-11 15:27:23.856]
Organization notifies agent (write): Prohibition [agent=a3, prohibition=[makeReading(11, 1, a3)], sanction=[reduce_300(a3)], clock=0, time=2013-06-11 15:27:25.05]
Organization notifies agent (write): Prohibition [agent=a1, prohibition=[at(5, 5, a1)], sanction=[reduce_300(a1)], clock=0, time=2013-06-11 15:27:25.052]
Organization notifies agent (write): Prohibition [agent=a1, prohibition=[at(5, 6, a1)], sanction=[reduce_300(a1)], clock=0, time=2013-06-11 15:27:25.054]
Organization notifies agent (write): Prohibition [agent=a1, prohibition=[at(6, 5, a1)], sanction=[reduce_300(a1)], clock=0, time=2013-06-11 15:27:25.056]
Organization notifies agent (write): Prohibition [agent=a1, prohibition=[at(6, 6, a1)], sanction=[reduce_300(a1)], clock=0, time=2013-06-11 15:27:25.057]
Organization notifies agent (write): Prohibition [agent=a2, prohibition=[at(5, 5, a2)], sanction=[reduce_300(a2)], clock=0, time=2013-06-11 15:27:25.059]
Organization notifies agent (write): Prohibition [agent=a2, prohibition=[at(5, 6, a2)], sanction=[reduce_300(a2)], clock=0, time=2013-06-11 15:27:25.061]
Organization notifies agent (write): Prohibition [agent=a2, prohibition=[at(6, 5, a2)], sanction=[reduce_300(a2)], clock=0, time=2013-06-11 15:27:25.063]
Organization notifies agent (write): Prohibition [agent=a2, prohibition=[at(6, 6, a2)], sanction=[reduce_300(a2)], clock=0, time=2013-06-11 15:27:25.066]
Organization notifies agent (write): Prohibition [agent=a3, prohibition=[at(5, 5, a3)], sanction=[reduce_300(a3)], clock=0, time=2013-06-11 15:27:25.069]
Organization notifies agent (write): Prohibition [agent=a3, prohibition=[at(5, 6, a3)], sanction=[reduce_300(a3)], clock=0, time=2013-06-11 15:27:25.071]
Organization notifies agent (write): Prohibition [agent=a3, prohibition=[at(6, 5, a3)], sanction=[reduce_300(a3)], clock=0, time=2013-06-11 15:27:25.072]
Organization notifies agent (write): Prohibition [agent=a3, prohibition=[at(6, 6, a3)], sanction=[reduce_300(a3)], clock=0, time=2013-06-11 15:27:25.074]
