test2.
Service Registrar: 83eaedba-27dc-44e3-a1dd-07458dc48869
Java Space found.
TransactionManager found.
-------------------------last log tuples start--------------------------------
Time [clock=1, time=2013-06-11 20:26:39.114]
Time [clock=2, time=2013-06-11 20:26:39.712]
Time [clock=3, time=2013-06-11 20:26:40.711]
Time [clock=4, time=2013-06-11 20:26:41.719]
Time [clock=5, time=2013-06-11 20:26:42.719]
Time [clock=6, time=2013-06-11 20:26:43.719]
Time [clock=7, time=2013-06-11 20:26:44.716]
Time [clock=8, time=2013-06-11 20:26:45.718]
Position [agent=t1, id=null, cell=Cell [x=18, y=19], time=2013-06-11 20:26:43.968, clock=4]
Time [clock=9, time=2013-06-11 20:26:46.721]
Time [clock=10, time=2013-06-11 20:26:47.721]
Time [clock=11, time=2013-06-11 20:26:48.73]
Time [clock=12, time=2013-06-11 20:26:49.771]
Time [clock=13, time=2013-06-11 20:26:50.726]
Time [clock=14, time=2013-06-11 20:26:51.727]
Position [agent=a1, id=null, cell=Cell [x=3, y=4], time=2013-06-11 20:26:44.175, clock=4]
Position [agent=a3, id=null, cell=Cell [x=11, y=2], time=2013-06-11 20:26:44.687, clock=6]
Time [clock=15, time=2013-06-11 20:26:52.726]
Time [clock=16, time=2013-06-11 20:26:53.725]
Time [clock=17, time=2013-06-11 20:26:54.726]
Time [clock=18, time=2013-06-11 20:26:55.727]
Time [clock=19, time=2013-06-11 20:26:56.731]
Position [agent=a2, id=null, cell=Cell [x=7, y=19], time=2013-06-11 20:26:44.789, clock=6]
Position [agent=a1, id=null, cell=Cell [x=3, y=5], time=2013-06-11 20:26:45.462, clock=7]
Time [clock=20, time=2013-06-11 20:26:57.729]
Time [clock=21, time=2013-06-11 20:26:58.731]
Time [clock=22, time=2013-06-11 20:26:59.731]
Time [clock=23, time=2013-06-11 20:27:00.732]
Position [agent=t1, id=null, cell=Cell [x=17, y=19], time=2013-06-11 20:26:45.847, clock=7]
Time [clock=24, time=2013-06-11 20:27:01.731]
Time [clock=25, time=2013-06-11 20:27:02.736]
Time [clock=26, time=2013-06-11 20:27:03.736]
Time [clock=27, time=2013-06-11 20:27:04.736]
Time [clock=28, time=2013-06-11 20:27:05.74]
Time [clock=29, time=2013-06-11 20:27:06.744]
Time [clock=30, time=2013-06-11 20:27:07.783]
Time [clock=31, time=2013-06-11 20:27:08.742]
Time [clock=32, time=2013-06-11 20:27:09.743]
Time [clock=33, time=2013-06-11 20:27:10.745]
Time [clock=34, time=2013-06-11 20:27:11.75]
Position [agent=a2, id=null, cell=Cell [x=6, y=19], time=2013-06-11 20:26:45.981, clock=7]
Time [clock=35, time=2013-06-11 20:27:12.749]
Time [clock=36, time=2013-06-11 20:27:13.752]
Time [clock=37, time=2013-06-11 20:27:14.75]
Position [agent=a3, id=null, cell=Cell [x=11, y=3], time=2013-06-11 20:26:46.083, clock=7]
Time [clock=38, time=2013-06-11 20:27:15.751]
Time [clock=39, time=2013-06-11 20:27:16.751]
Time [clock=40, time=2013-06-11 20:27:17.752]
Time [clock=41, time=2013-06-11 20:27:18.75]
Time [clock=42, time=2013-06-11 20:27:19.755]
Position [agent=t1, id=null, cell=Cell [x=16, y=19], time=2013-06-11 20:26:46.599, clock=8]
Position [agent=a1, id=null, cell=Cell [x=4, y=5], time=2013-06-11 20:26:47.121, clock=8]
Time [clock=43, time=2013-06-11 20:27:20.754]
Time [clock=44, time=2013-06-11 20:27:21.757]
Time [clock=45, time=2013-06-11 20:27:22.758]
Time [clock=46, time=2013-06-11 20:27:23.758]
Time [clock=47, time=2013-06-11 20:27:24.761]
Time [clock=48, time=2013-06-11 20:27:25.802]
Time [clock=49, time=2013-06-11 20:27:26.761]
Time [clock=50, time=2013-06-11 20:27:27.76]
Time [clock=51, time=2013-06-11 20:27:28.76]
Time [clock=52, time=2013-06-11 20:27:29.761]
Time [clock=53, time=2013-06-11 20:27:30.762]
Time [clock=54, time=2013-06-11 20:27:31.764]
Time [clock=55, time=2013-06-11 20:27:32.766]
Time [clock=56, time=2013-06-11 20:27:33.766]
Time [clock=57, time=2013-06-11 20:27:34.765]
Position [agent=t1, id=null, cell=Cell [x=15, y=19], time=2013-06-11 20:26:47.368, clock=9]
Time [clock=58, time=2013-06-11 20:27:35.767]
Time [clock=59, time=2013-06-11 20:27:36.769]
Time [clock=60, time=2013-06-11 20:27:37.771]
Time [clock=61, time=2013-06-11 20:27:38.771]
Time [clock=62, time=2013-06-11 20:27:39.772]
Time [clock=63, time=2013-06-11 20:27:40.772]
Time [clock=64, time=2013-06-11 20:27:41.77]
Time [clock=65, time=2013-06-11 20:27:42.774]
Position [agent=a3, id=null, cell=Cell [x=11, y=4], time=2013-06-11 20:26:47.992, clock=9]
Time [clock=66, time=2013-06-11 20:27:43.816]
Time [clock=67, time=2013-06-11 20:27:44.774]
Time [clock=68, time=2013-06-11 20:27:45.775]
Time [clock=69, time=2013-06-11 20:27:46.777]
Time [clock=70, time=2013-06-11 20:27:47.777]
Time [clock=71, time=2013-06-11 20:27:48.778]
Time [clock=72, time=2013-06-11 20:27:49.787]
Time [clock=73, time=2013-06-11 20:27:50.78]
Time [clock=74, time=2013-06-11 20:27:51.781]
Time [clock=75, time=2013-06-11 20:27:52.782]
Time [clock=76, time=2013-06-11 20:27:53.781]
Time [clock=77, time=2013-06-11 20:27:54.785]
Time [clock=78, time=2013-06-11 20:27:55.784]
Time [clock=79, time=2013-06-11 20:27:56.786]
Time [clock=80, time=2013-06-11 20:27:57.788]
Time [clock=81, time=2013-06-11 20:27:58.786]
Time [clock=82, time=2013-06-11 20:27:59.786]
Time [clock=83, time=2013-06-11 20:28:00.834]
Position [agent=a2, id=null, cell=Cell [x=5, y=19], time=2013-06-11 20:26:48.246, clock=9]
Time [clock=84, time=2013-06-11 20:28:01.792]
Time [clock=85, time=2013-06-11 20:28:02.792]
Time [clock=86, time=2013-06-11 20:28:03.793]
Time [clock=87, time=2013-06-11 20:28:04.795]
Time [clock=88, time=2013-06-11 20:28:05.794]
Time [clock=89, time=2013-06-11 20:28:06.797]
Position [agent=t1, id=null, cell=Cell [x=14, y=19], time=2013-06-11 20:26:48.443, clock=10]
Time [clock=90, time=2013-06-11 20:28:07.799]
Position [agent=a2, id=null, cell=Cell [x=4, y=19], time=2013-06-11 20:26:48.845, clock=10]
Time [clock=91, time=2013-06-11 20:28:08.798]
Time [clock=92, time=2013-06-11 20:28:09.8]
Time [clock=93, time=2013-06-11 20:28:10.801]
Time [clock=94, time=2013-06-11 20:28:11.813]
Time [clock=95, time=2013-06-11 20:28:12.802]
Time [clock=96, time=2013-06-11 20:28:13.801]
Time [clock=97, time=2013-06-11 20:28:14.803]
Time [clock=98, time=2013-06-11 20:28:15.804]
Time [clock=99, time=2013-06-11 20:28:16.804]
Time [clock=100, time=2013-06-11 20:28:17.805]
Time [clock=101, time=2013-06-11 20:28:18.845]
Time [clock=102, time=2013-06-11 20:28:19.806]
Time [clock=103, time=2013-06-11 20:28:20.808]
Time [clock=104, time=2013-06-11 20:28:21.806]
Time [clock=105, time=2013-06-11 20:28:22.81]
Time [clock=106, time=2013-06-11 20:28:23.844]
Time [clock=107, time=2013-06-11 20:28:24.809]
Time [clock=108, time=2013-06-11 20:28:25.809]
Time [clock=109, time=2013-06-11 20:28:26.811]
Time [clock=110, time=2013-06-11 20:28:27.811]
Time [clock=111, time=2013-06-11 20:28:28.811]
Position [agent=a3, id=null, cell=Cell [x=11, y=5], time=2013-06-11 20:26:49.696, clock=11]
Time [clock=112, time=2013-06-11 20:28:29.82]
Position [agent=a2, id=null, cell=Cell [x=3, y=19], time=2013-06-11 20:26:50.075, clock=11]
Time [clock=113, time=2013-06-11 20:28:30.814]
Time [clock=114, time=2013-06-11 20:28:31.815]
Time [clock=115, time=2013-06-11 20:28:32.818]
Time [clock=116, time=2013-06-11 20:28:33.818]
Time [clock=117, time=2013-06-11 20:28:34.82]
Time [clock=118, time=2013-06-11 20:28:35.82]
Time [clock=119, time=2013-06-11 20:28:36.87]
Time [clock=120, time=2013-06-11 20:28:37.821]
Time [clock=121, time=2013-06-11 20:28:38.823]
Time [clock=122, time=2013-06-11 20:28:39.823]
Time [clock=123, time=2013-06-11 20:28:40.825]
Time [clock=124, time=2013-06-11 20:28:41.826]
Time [clock=125, time=2013-06-11 20:28:42.834]
Time [clock=126, time=2013-06-11 20:28:43.828]
Time [clock=127, time=2013-06-11 20:28:44.827]
Time [clock=128, time=2013-06-11 20:28:45.829]
Time [clock=129, time=2013-06-11 20:28:46.83]
Time [clock=130, time=2013-06-11 20:28:47.832]
Time [clock=131, time=2013-06-11 20:28:48.834]
Position [agent=t1, id=null, cell=Cell [x=13, y=19], time=2013-06-11 20:26:50.358, clock=11]
Time [clock=132, time=2013-06-11 20:28:49.832]
Time [clock=133, time=2013-06-11 20:28:50.835]
Time [clock=134, time=2013-06-11 20:28:51.836]
Time [clock=135, time=2013-06-11 20:28:52.836]
Position [agent=a1, id=null, cell=Cell [x=4, y=6], time=2013-06-11 20:26:50.685, clock=11]
Time [clock=136, time=2013-06-11 20:28:53.838]
Time [clock=137, time=2013-06-11 20:28:54.883]
Time [clock=138, time=2013-06-11 20:28:55.84]
Time [clock=139, time=2013-06-11 20:28:56.842]
Time [clock=140, time=2013-06-11 20:28:57.842]
Time [clock=141, time=2013-06-11 20:28:58.843]
Time [clock=142, time=2013-06-11 20:28:59.841]
Time [clock=143, time=2013-06-11 20:29:00.842]
Position [agent=a3, id=null, cell=Cell [x=11, y=6], time=2013-06-11 20:26:50.9, clock=12]
Time [clock=144, time=2013-06-11 20:29:01.89]
Time [clock=145, time=2013-06-11 20:29:02.858]
Time [clock=146, time=2013-06-11 20:29:03.85]
Time [clock=147, time=2013-06-11 20:29:04.853]
Time [clock=148, time=2013-06-11 20:29:05.851]
Time [clock=149, time=2013-06-11 20:29:06.851]
Time [clock=150, time=2013-06-11 20:29:07.854]
Time [clock=151, time=2013-06-11 20:29:08.896]
Time [clock=152, time=2013-06-11 20:29:09.856]
Time [clock=153, time=2013-06-11 20:29:10.856]
Time [clock=154, time=2013-06-11 20:29:11.871]
Time [clock=155, time=2013-06-11 20:29:12.86]
Time [clock=156, time=2013-06-11 20:29:13.86]
Time [clock=157, time=2013-06-11 20:29:14.859]
Position [agent=a2, id=null, cell=Cell [x=3, y=18], time=2013-06-11 20:26:51.563, clock=13]
Position [agent=t1, id=null, cell=Cell [x=12, y=19], time=2013-06-11 20:26:51.787, clock=13]
Time [clock=158, time=2013-06-11 20:29:15.863]
Time [clock=159, time=2013-06-11 20:29:16.864]
Time [clock=160, time=2013-06-11 20:29:17.865]
Time [clock=161, time=2013-06-11 20:29:18.866]
Time [clock=162, time=2013-06-11 20:29:19.868]
Time [clock=163, time=2013-06-11 20:29:20.866]
Time [clock=164, time=2013-06-11 20:29:21.867]
Time [clock=165, time=2013-06-11 20:29:22.871]
Time [clock=166, time=2013-06-11 20:29:23.872]
Time [clock=167, time=2013-06-11 20:29:24.873]
Time [clock=168, time=2013-06-11 20:29:25.874]
Time [clock=169, time=2013-06-11 20:29:26.918]
Time [clock=170, time=2013-06-11 20:29:27.877]
Time [clock=171, time=2013-06-11 20:29:28.878]
Time [clock=172, time=2013-06-11 20:29:29.879]
Time [clock=173, time=2013-06-11 20:29:30.877]
Time [clock=174, time=2013-06-11 20:29:31.879]
Time [clock=175, time=2013-06-11 20:29:32.88]
Time [clock=176, time=2013-06-11 20:29:33.88]
Time [clock=177, time=2013-06-11 20:29:34.878]
Time [clock=178, time=2013-06-11 20:29:35.894]
Time [clock=179, time=2013-06-11 20:29:36.88]
Time [clock=180, time=2013-06-11 20:29:37.887]
Time [clock=181, time=2013-06-11 20:29:38.883]
Time [clock=182, time=2013-06-11 20:29:39.887]
Time [clock=183, time=2013-06-11 20:29:40.89]
Time [clock=184, time=2013-06-11 20:29:41.888]
Position [agent=a3, id=null, cell=Cell [x=11, y=7], time=2013-06-11 20:26:51.954, clock=13]
Time [clock=185, time=2013-06-11 20:29:42.888]
Time [clock=186, time=2013-06-11 20:29:43.932]
Time [clock=187, time=2013-06-11 20:29:44.892]
Time [clock=188, time=2013-06-11 20:29:45.892]
Time [clock=189, time=2013-06-11 20:29:46.892]
Time [clock=190, time=2013-06-11 20:29:47.895]
Position [agent=a3, id=null, cell=Cell [x=11, y=8], time=2013-06-11 20:26:52.983, clock=14]
Time [clock=191, time=2013-06-11 20:29:48.895]
Time [clock=192, time=2013-06-11 20:29:49.897]
Position [agent=t1, id=null, cell=Cell [x=11, y=19], time=2013-06-11 20:26:53.382, clock=14]
Time [clock=193, time=2013-06-11 20:29:50.894]
Time [clock=194, time=2013-06-11 20:29:51.897]
Time [clock=195, time=2013-06-11 20:29:52.9]
Time [clock=196, time=2013-06-11 20:29:53.899]
Time [clock=197, time=2013-06-11 20:29:54.9]
Position [agent=a2, id=null, cell=Cell [x=3, y=17], time=2013-06-11 20:26:53.634, clock=15]
Time [clock=198, time=2013-06-11 20:29:55.902]
Time [clock=199, time=2013-06-11 20:29:56.903]
Position [agent=a3, id=null, cell=Cell [x=11, y=9], time=2013-06-11 20:26:54.065, clock=16]
Time [clock=200, time=2013-06-11 20:29:57.905]
Time [clock=201, time=2013-06-11 20:29:58.907]
Time [clock=202, time=2013-06-11 20:29:59.905]
Time [clock=203, time=2013-06-11 20:30:00.948]
Time [clock=204, time=2013-06-11 20:30:01.912]
Time [clock=205, time=2013-06-11 20:30:02.908]
Time [clock=206, time=2013-06-11 20:30:04.13]
Time [clock=207, time=2013-06-11 20:30:04.915]
Time [clock=208, time=2013-06-11 20:30:05.919]
Time [clock=209, time=2013-06-11 20:30:06.915]
Time [clock=210, time=2013-06-11 20:30:07.92]
Time [clock=211, time=2013-06-11 20:30:08.921]
Time [clock=212, time=2013-06-11 20:30:09.921]
Time [clock=213, time=2013-06-11 20:30:10.922]
Time [clock=214, time=2013-06-11 20:30:11.925]
Time [clock=215, time=2013-06-11 20:30:12.924]
Time [clock=216, time=2013-06-11 20:30:13.93]
Position [agent=a2, id=null, cell=Cell [x=3, y=16], time=2013-06-11 20:26:54.319, clock=16]
Time [clock=217, time=2013-06-11 20:30:14.928]
Time [clock=218, time=2013-06-11 20:30:15.928]
Time [clock=219, time=2013-06-11 20:30:16.93]
Time [clock=220, time=2013-06-11 20:30:17.975]
Time [clock=221, time=2013-06-11 20:30:18.931]
Time [clock=222, time=2013-06-11 20:30:19.932]
Time [clock=223, time=2013-06-11 20:30:20.933]
Time [clock=224, time=2013-06-11 20:30:21.936]
Time [clock=225, time=2013-06-11 20:30:22.934]
Time [clock=226, time=2013-06-11 20:30:23.942]
Time [clock=227, time=2013-06-11 20:30:24.935]
Time [clock=228, time=2013-06-11 20:30:25.936]
Time [clock=229, time=2013-06-11 20:30:26.935]
Time [clock=230, time=2013-06-11 20:30:27.94]
Time [clock=231, time=2013-06-11 20:30:28.941]
Time [clock=232, time=2013-06-11 20:30:29.944]
Position [agent=a1, id=null, cell=Cell [x=5, y=7], time=2013-06-11 20:26:54.782, clock=16]
Position [agent=a1, id=null, cell=Cell [x=4, y=7], time=2013-06-11 20:26:54.992, clock=14]
Time [clock=233, time=2013-06-11 20:30:30.94]
Position [agent=t1, id=null, cell=Cell [x=10, y=19], time=2013-06-11 20:26:55.093, clock=16]
Time [clock=234, time=2013-06-11 20:30:31.942]
Time [clock=235, time=2013-06-11 20:30:32.943]
Time [clock=236, time=2013-06-11 20:30:33.946]
Time [clock=237, time=2013-06-11 20:30:34.985]
Time [clock=238, time=2013-06-11 20:30:35.949]
Time [clock=239, time=2013-06-11 20:30:36.95]
Time [clock=240, time=2013-06-11 20:30:37.956]
Time [clock=241, time=2013-06-11 20:30:38.95]
Time [clock=242, time=2013-06-11 20:30:39.953]
Time [clock=243, time=2013-06-11 20:30:40.975]
Time [clock=244, time=2013-06-11 20:30:41.958]
Time [clock=245, time=2013-06-11 20:30:42.952]
Position [agent=a2, id=null, cell=Cell [x=3, y=15], time=2013-06-11 20:26:55.791, clock=17]
Position [agent=a3, id=null, cell=Cell [x=11, y=10], time=2013-06-11 20:26:55.983, clock=17]
Time [clock=246, time=2013-06-11 20:30:43.959]
Position [agent=t1, id=null, cell=Cell [x=9, y=19], time=2013-06-11 20:26:56.077, clock=17]
Position [agent=a2, id=null, cell=Cell [x=3, y=14], time=2013-06-11 20:26:56.447, clock=18]
Time [clock=247, time=2013-06-11 20:30:44.953]
Time [clock=248, time=2013-06-11 20:30:45.958]
Time [clock=249, time=2013-06-11 20:30:46.961]
Time [clock=250, time=2013-06-11 20:30:47.959]
Time [clock=251, time=2013-06-11 20:30:48.962]
Time [clock=252, time=2013-06-11 20:30:49.962]
Time [clock=253, time=2013-06-11 20:30:50.967]
Time [clock=254, time=2013-06-11 20:30:52.005]
Position [agent=a2, id=null, cell=Cell [x=3, y=13], time=2013-06-11 20:26:57.514, clock=19]
Time [clock=255, time=2013-06-11 20:30:52.969]
Position [agent=t1, id=null, cell=Cell [x=8, y=19], time=2013-06-11 20:26:57.872, clock=19]
Position [agent=a3, id=null, cell=Cell [x=11, y=11], time=2013-06-11 20:26:58.099, clock=19]
Time [clock=256, time=2013-06-11 20:30:53.965]
Time [clock=257, time=2013-06-11 20:30:54.963]
Time [clock=258, time=2013-06-11 20:30:55.967]
Time [clock=259, time=2013-06-11 20:30:56.966]
Time [clock=260, time=2013-06-11 20:30:57.969]
Time [clock=261, time=2013-06-11 20:30:58.969]
Time [clock=262, time=2013-06-11 20:30:59.972]
Time [clock=263, time=2013-06-11 20:31:00.971]
Time [clock=264, time=2013-06-11 20:31:01.974]
Time [clock=265, time=2013-06-11 20:31:02.975]
Time [clock=266, time=2013-06-11 20:31:03.973]
Time [clock=267, time=2013-06-11 20:31:04.976]
Time [clock=268, time=2013-06-11 20:31:05.976]
Time [clock=269, time=2013-06-11 20:31:06.978]
Time [clock=270, time=2013-06-11 20:31:07.981]
Time [clock=271, time=2013-06-11 20:31:09.019]
Time [clock=272, time=2013-06-11 20:31:09.98]
Time [clock=273, time=2013-06-11 20:31:10.992]
Time [clock=274, time=2013-06-11 20:31:11.982]
Time [clock=275, time=2013-06-11 20:31:12.985]
Time [clock=276, time=2013-06-11 20:31:13.986]
Time [clock=277, time=2013-06-11 20:31:14.986]
Time [clock=278, time=2013-06-11 20:31:15.985]
Time [clock=279, time=2013-06-11 20:31:16.988]
Position [agent=a1, id=null, cell=Cell [x=5, y=7], time=2013-06-11 20:26:58.637, clock=20]
Time [clock=280, time=2013-06-11 20:31:17.987]
Time [clock=281, time=2013-06-11 20:31:18.987]
Time [clock=282, time=2013-06-11 20:31:19.992]
Time [clock=283, time=2013-06-11 20:31:20.992]
Time [clock=284, time=2013-06-11 20:31:21.994]
Time [clock=285, time=2013-06-11 20:31:22.996]
Time [clock=286, time=2013-06-11 20:31:24.001]
Time [clock=287, time=2013-06-11 20:31:24.995]
Time [clock=288, time=2013-06-11 20:31:25.999]
Time [clock=289, time=2013-06-11 20:31:27.039]
Time [clock=290, time=2013-06-11 20:31:27.998]
Position [agent=a1, id=null, cell=Cell [x=5, y=8], time=2013-06-11 20:26:58.96, clock=18]
Time [clock=291, time=2013-06-11 20:31:29.0]
Time [clock=292, time=2013-06-11 20:31:29.999]
Time [clock=293, time=2013-06-11 20:31:31.0]
Position [agent=a2, id=null, cell=Cell [x=3, y=12], time=2013-06-11 20:26:59.19, clock=20]
Time [clock=294, time=2013-06-11 20:31:32.003]
Time [clock=295, time=2013-06-11 20:31:33.002]
Time [clock=296, time=2013-06-11 20:31:34.005]
Time [clock=297, time=2013-06-11 20:31:35.004]
Time [clock=298, time=2013-06-11 20:31:36.007]
Time [clock=299, time=2013-06-11 20:31:37.006]
Position [agent=a3, id=null, cell=Cell [x=11, y=12], time=2013-06-11 20:26:59.596, clock=21]
Position [agent=t1, id=null, cell=Cell [x=7, y=19], time=2013-06-11 20:26:59.823, clock=21]
Time [clock=300, time=2013-06-11 20:31:38.011]
Time [clock=301, time=2013-06-11 20:31:39.011]
Time [clock=302, time=2013-06-11 20:31:40.01]
Time [clock=303, time=2013-06-11 20:31:41.011]
Time [clock=304, time=2013-06-11 20:31:42.013]
Time [clock=305, time=2013-06-11 20:31:43.011]
Time [clock=306, time=2013-06-11 20:31:44.02]
Time [clock=307, time=2013-06-11 20:31:45.02]
Time [clock=308, time=2013-06-11 20:31:46.028]
Time [clock=309, time=2013-06-11 20:31:47.017]
Time [clock=310, time=2013-06-11 20:31:48.025]
Time [clock=311, time=2013-06-11 20:31:49.02]
Time [clock=312, time=2013-06-11 20:31:50.02]
Time [clock=313, time=2013-06-11 20:31:51.031]
Time [clock=314, time=2013-06-11 20:31:52.025]
Time [clock=315, time=2013-06-11 20:31:53.025]
Time [clock=316, time=2013-06-11 20:31:54.026]
Time [clock=317, time=2013-06-11 20:31:55.024]
Time [clock=318, time=2013-06-11 20:31:56.028]
Position [agent=a2, id=null, cell=Cell [x=3, y=11], time=2013-06-11 20:27:00.16, clock=22]
Time [clock=319, time=2013-06-11 20:31:57.028]
Time [clock=320, time=2013-06-11 20:31:58.028]
Time [clock=321, time=2013-06-11 20:31:59.071]
Time [clock=322, time=2013-06-11 20:32:00.037]
Position [agent=a3, id=null, cell=Cell [x=11, y=13], time=2013-06-11 20:27:00.336, clock=22]
Position [agent=a2, id=null, cell=Cell [x=3, y=10], time=2013-06-11 20:27:01.072, clock=23]
Time [clock=323, time=2013-06-11 20:32:01.035]
Time [clock=324, time=2013-06-11 20:32:02.034]
Time [clock=325, time=2013-06-11 20:32:03.035]
Time [clock=326, time=2013-06-11 20:32:04.045]
Time [clock=327, time=2013-06-11 20:32:05.037]
Time [clock=328, time=2013-06-11 20:32:06.038]
Time [clock=329, time=2013-06-11 20:32:07.037]
Time [clock=330, time=2013-06-11 20:32:08.039]
Time [clock=331, time=2013-06-11 20:32:09.039]
Time [clock=332, time=2013-06-11 20:32:10.037]
Time [clock=333, time=2013-06-11 20:32:11.043]
Time [clock=334, time=2013-06-11 20:32:12.044]
Time [clock=335, time=2013-06-11 20:32:13.042]
Time [clock=336, time=2013-06-11 20:32:14.042]
Time [clock=337, time=2013-06-11 20:32:15.042]
Time [clock=338, time=2013-06-11 20:32:16.082]
Time [clock=339, time=2013-06-11 20:32:17.048]
Time [clock=340, time=2013-06-11 20:32:18.047]
Position [agent=t1, id=null, cell=Cell [x=6, y=19], time=2013-06-11 20:27:01.337, clock=23]
Time [clock=341, time=2013-06-11 20:32:19.043]
Time [clock=342, time=2013-06-11 20:32:20.046]
Time [clock=343, time=2013-06-11 20:32:21.048]
Position [agent=t1, id=null, cell=Cell [x=5, y=19], time=2013-06-11 20:27:02.146, clock=23]
Time [clock=344, time=2013-06-11 20:32:22.05]
Position [agent=a2, id=null, cell=Cell [x=3, y=9], time=2013-06-11 20:27:02.515, clock=24]
Time [clock=345, time=2013-06-11 20:32:23.053]
Position [agent=a3, id=null, cell=Cell [x=11, y=14], time=2013-06-11 20:27:02.967, clock=24]
Time [clock=346, time=2013-06-11 20:32:24.06]
Time [clock=347, time=2013-06-11 20:32:25.054]
Time [clock=348, time=2013-06-11 20:32:26.056]
Time [clock=349, time=2013-06-11 20:32:27.056]
Time [clock=350, time=2013-06-11 20:32:28.056]
Time [clock=351, time=2013-06-11 20:32:29.059]
Time [clock=352, time=2013-06-11 20:32:30.096]
Time [clock=353, time=2013-06-11 20:32:31.059]
Time [clock=354, time=2013-06-11 20:32:32.06]
Time [clock=355, time=2013-06-11 20:32:33.103]
Time [clock=356, time=2013-06-11 20:32:34.063]
Time [clock=357, time=2013-06-11 20:32:35.07]
Position [agent=t1, id=null, cell=Cell [x=4, y=19], time=2013-06-11 20:27:03.047, clock=24]
Time [clock=358, time=2013-06-11 20:32:36.066]
Time [clock=359, time=2013-06-11 20:32:37.062]
Time [clock=360, time=2013-06-11 20:32:38.064]
Time [clock=361, time=2013-06-11 20:32:39.064]
Position [agent=a2, id=null, cell=Cell [x=3, y=8], time=2013-06-11 20:27:03.311, clock=25]
Position [agent=a1, id=null, cell=Cell [x=5, y=7], time=2013-06-11 20:27:03.744, clock=25]
Time [clock=362, time=2013-06-11 20:32:40.062]
Time [clock=363, time=2013-06-11 20:32:41.066]
Time [clock=364, time=2013-06-11 20:32:42.064]
Time [clock=365, time=2013-06-11 20:32:43.065]
Time [clock=366, time=2013-06-11 20:32:44.068]
Time [clock=367, time=2013-06-11 20:32:45.068]
Time [clock=368, time=2013-06-11 20:32:46.068]
Time [clock=369, time=2013-06-11 20:32:47.073]
Time [clock=370, time=2013-06-11 20:32:48.075]
Time [clock=371, time=2013-06-11 20:32:49.073]
Time [clock=372, time=2013-06-11 20:32:50.117]
Time [clock=373, time=2013-06-11 20:32:51.075]
Time [clock=374, time=2013-06-11 20:32:52.082]
Time [clock=375, time=2013-06-11 20:32:53.076]
Time [clock=376, time=2013-06-11 20:32:54.081]
Position [agent=a1, id=null, cell=Cell [x=5, y=8], time=2013-06-11 20:27:03.942, clock=23]
Time [clock=377, time=2013-06-11 20:32:55.077]
Time [clock=378, time=2013-06-11 20:32:56.288]
Time [clock=379, time=2013-06-11 20:32:57.082]
Time [clock=380, time=2013-06-11 20:32:58.084]
Time [clock=381, time=2013-06-11 20:32:59.083]
Time [clock=382, time=2013-06-11 20:33:00.097]
Time [clock=383, time=2013-06-11 20:33:01.084]
Time [clock=384, time=2013-06-11 20:33:02.089]
Time [clock=385, time=2013-06-11 20:33:03.087]
Time [clock=386, time=2013-06-11 20:33:04.092]
Time [clock=387, time=2013-06-11 20:33:05.088]
Time [clock=388, time=2013-06-11 20:33:06.088]
Time [clock=389, time=2013-06-11 20:33:07.131]
Time [clock=390, time=2013-06-11 20:33:08.09]
Position [agent=a2, id=null, cell=Cell [x=3, y=7], time=2013-06-11 20:27:04.151, clock=25]
Time [clock=391, time=2013-06-11 20:33:09.093]
Position [agent=t1, id=null, cell=Cell [x=3, y=19], time=2013-06-11 20:27:04.667, clock=26]
Time [clock=392, time=2013-06-11 20:33:10.093]
Time [clock=393, time=2013-06-11 20:33:11.091]
Time [clock=394, time=2013-06-11 20:33:12.094]
Time [clock=395, time=2013-06-11 20:33:13.093]
Time [clock=396, time=2013-06-11 20:33:14.092]
Time [clock=397, time=2013-06-11 20:33:15.097]
Time [clock=398, time=2013-06-11 20:33:16.094]
Time [clock=399, time=2013-06-11 20:33:17.098]
Time [clock=400, time=2013-06-11 20:33:18.099]
Position [agent=a3, id=null, cell=Cell [x=11, y=15], time=2013-06-11 20:27:04.922, clock=26]
Time [clock=401, time=2013-06-11 20:33:19.097]
Time [clock=402, time=2013-06-11 20:33:20.098]
Position [agent=a2, id=null, cell=Cell [x=3, y=6], time=2013-06-11 20:27:05.15, clock=27]
Time [clock=403, time=2013-06-11 20:33:21.106]
Time [clock=404, time=2013-06-11 20:33:22.102]
Time [clock=405, time=2013-06-11 20:33:23.104]
Time [clock=406, time=2013-06-11 20:33:24.146]
Time [clock=407, time=2013-06-11 20:33:25.102]
Time [clock=408, time=2013-06-11 20:33:26.106]
Time [clock=409, time=2013-06-11 20:33:27.109]
Time [clock=410, time=2013-06-11 20:33:28.105]
Position [agent=a3, id=null, cell=Cell [x=11, y=16], time=2013-06-11 20:27:05.932, clock=27]
Position [agent=t1, id=null, cell=Cell [x=2, y=19], time=2013-06-11 20:27:06.173, clock=28]
Time [clock=411, time=2013-06-11 20:33:29.113]
Time [clock=412, time=2013-06-11 20:33:30.109]
Time [clock=413, time=2013-06-11 20:33:31.109]
Time [clock=414, time=2013-06-11 20:33:32.112]
Time [clock=415, time=2013-06-11 20:33:33.115]
Time [clock=416, time=2013-06-11 20:33:34.117]
Time [clock=417, time=2013-06-11 20:33:35.118]
Time [clock=418, time=2013-06-11 20:33:36.128]
Time [clock=419, time=2013-06-11 20:33:37.118]
Time [clock=420, time=2013-06-11 20:33:38.124]
Time [clock=421, time=2013-06-11 20:33:39.12]
Time [clock=422, time=2013-06-11 20:33:40.12]
Time [clock=423, time=2013-06-11 20:33:41.166]
Time [clock=424, time=2013-06-11 20:33:42.123]
Time [clock=425, time=2013-06-11 20:33:43.125]
Time [clock=426, time=2013-06-11 20:33:44.128]
Time [clock=427, time=2013-06-11 20:33:45.127]
Time [clock=428, time=2013-06-11 20:33:46.127]
Time [clock=429, time=2013-06-11 20:33:47.128]
Time [clock=430, time=2013-06-11 20:33:48.126]
Time [clock=431, time=2013-06-11 20:33:49.132]
Time [clock=432, time=2013-06-11 20:33:50.136]
Time [clock=433, time=2013-06-11 20:33:51.13]
Time [clock=434, time=2013-06-11 20:33:52.132]
Time [clock=435, time=2013-06-11 20:33:53.133]
Time [clock=436, time=2013-06-11 20:33:54.139]
Time [clock=437, time=2013-06-11 20:33:55.137]
Position [agent=a1, id=null, cell=Cell [x=5, y=7], time=2013-06-11 20:27:06.593, clock=28]
Time [clock=438, time=2013-06-11 20:33:56.139]
Time [clock=439, time=2013-06-11 20:33:57.141]
Time [clock=440, time=2013-06-11 20:33:58.18]
Time [clock=441, time=2013-06-11 20:33:59.146]
Time [clock=442, time=2013-06-11 20:34:00.147]
Time [clock=443, time=2013-06-11 20:34:01.145]
Time [clock=444, time=2013-06-11 20:34:02.144]
Time [clock=445, time=2013-06-11 20:34:03.144]
Time [clock=446, time=2013-06-11 20:34:04.149]
Time [clock=447, time=2013-06-11 20:34:05.15]
Time [clock=448, time=2013-06-11 20:34:06.15]
Time [clock=449, time=2013-06-11 20:34:07.149]
Position [agent=a1, id=null, cell=Cell [x=5, y=8], time=2013-06-11 20:27:06.659, clock=27]
Time [clock=450, time=2013-06-11 20:34:08.149]
Time [clock=451, time=2013-06-11 20:34:09.151]
Position [agent=a3, id=null, cell=Cell [x=11, y=17], time=2013-06-11 20:27:07.097, clock=28]
Time [clock=452, time=2013-06-11 20:34:10.154]
Time [clock=453, time=2013-06-11 20:34:11.155]
Time [clock=454, time=2013-06-11 20:34:12.156]
Time [clock=455, time=2013-06-11 20:34:13.157]
Time [clock=456, time=2013-06-11 20:34:14.199]
Time [clock=457, time=2013-06-11 20:34:15.162]
Time [clock=458, time=2013-06-11 20:34:16.158]
Position [agent=t1, id=null, cell=Cell [x=2, y=18], time=2013-06-11 20:27:07.309, clock=29]
Position [agent=t1, id=null, cell=Cell [x=2, y=17], time=2013-06-11 20:27:08.239, clock=29]
Time [clock=459, time=2013-06-11 20:34:17.161]
Time [clock=460, time=2013-06-11 20:34:18.17]
Time [clock=461, time=2013-06-11 20:34:19.161]
Position [agent=a3, id=null, cell=Cell [x=11, y=18], time=2013-06-11 20:27:08.676, clock=30]
Time [clock=462, time=2013-06-11 20:34:20.165]
Time [clock=463, time=2013-06-11 20:34:21.164]
Time [clock=464, time=2013-06-11 20:34:22.166]
Position [agent=t1, id=null, cell=Cell [x=2, y=16], time=2013-06-11 20:27:09.14, clock=31]
Time [clock=465, time=2013-06-11 20:34:23.169]
Time [clock=466, time=2013-06-11 20:34:24.166]
Time [clock=467, time=2013-06-11 20:34:25.17]
Time [clock=468, time=2013-06-11 20:34:26.171]
Time [clock=469, time=2013-06-11 20:34:27.176]
Time [clock=470, time=2013-06-11 20:34:28.171]
Time [clock=471, time=2013-06-11 20:34:29.191]
Time [clock=472, time=2013-06-11 20:34:30.172]
Time [clock=473, time=2013-06-11 20:34:31.211]
Time [clock=474, time=2013-06-11 20:34:32.178]
Time [clock=475, time=2013-06-11 20:34:33.176]
Time [clock=476, time=2013-06-11 20:34:34.174]
Position [agent=a3, id=null, cell=Cell [x=11, y=19], time=2013-06-11 20:27:09.375, clock=31]
Position [agent=a3, id=null, cell=Cell [x=12, y=19], time=2013-06-11 20:27:09.879, clock=31]
Time [clock=477, time=2013-06-11 20:34:35.178]
Time [clock=478, time=2013-06-11 20:34:36.176]
Position [agent=t1, id=null, cell=Cell [x=2, y=15], time=2013-06-11 20:27:10.151, clock=32]
Time [clock=479, time=2013-06-11 20:34:37.18]
Time [clock=480, time=2013-06-11 20:34:38.176]
Time [clock=481, time=2013-06-11 20:34:39.188]
Time [clock=482, time=2013-06-11 20:34:40.183]
Time [clock=483, time=2013-06-11 20:34:41.184]
Time [clock=484, time=2013-06-11 20:34:42.183]
Time [clock=485, time=2013-06-11 20:34:43.181]
Time [clock=486, time=2013-06-11 20:34:44.186]
Time [clock=487, time=2013-06-11 20:34:45.185]
Time [clock=488, time=2013-06-11 20:34:46.189]
Time [clock=489, time=2013-06-11 20:34:47.189]
Time [clock=490, time=2013-06-11 20:34:48.232]
Time [clock=491, time=2013-06-11 20:34:49.191]
Time [clock=492, time=2013-06-11 20:34:50.189]
Position [agent=a1, id=null, cell=Cell [x=5, y=7], time=2013-06-11 20:27:10.633, clock=32]
Position [agent=a1, id=null, cell=Cell [x=5, y=8], time=2013-06-11 20:27:10.854, clock=29]
Time [clock=493, time=2013-06-11 20:34:51.188]
Time [clock=494, time=2013-06-11 20:34:52.192]
Time [clock=495, time=2013-06-11 20:34:53.195]
Time [clock=496, time=2013-06-11 20:34:54.193]
Time [clock=497, time=2013-06-11 20:34:55.192]
Time [clock=498, time=2013-06-11 20:34:56.196]
Time [clock=499, time=2013-06-11 20:34:57.195]
Time [clock=500, time=2013-06-11 20:34:58.196]
Time [clock=501, time=2013-06-11 20:34:59.198]
Position [agent=t1, id=null, cell=Cell [x=2, y=14], time=2013-06-11 20:27:11.005, clock=32]
Time [clock=502, time=2013-06-11 20:35:00.218]
Time [clock=503, time=2013-06-11 20:35:01.203]
Time [clock=504, time=2013-06-11 20:35:02.208]
Time [clock=505, time=2013-06-11 20:35:03.201]
Time [clock=506, time=2013-06-11 20:35:04.203]
Time [clock=507, time=2013-06-11 20:35:05.244]
Time [clock=508, time=2013-06-11 20:35:06.207]
Position [agent=a3, id=null, cell=Cell [x=13, y=19], time=2013-06-11 20:27:11.524, clock=33]
Time [clock=509, time=2013-06-11 20:35:07.206]
Time [clock=510, time=2013-06-11 20:35:08.207]
Time [clock=511, time=2013-06-11 20:35:09.205]
Time [clock=512, time=2013-06-11 20:35:10.21]
Time [clock=513, time=2013-06-11 20:35:11.209]
Position [agent=t1, id=null, cell=Cell [x=2, y=13], time=2013-06-11 20:27:11.814, clock=33]
Time [clock=514, time=2013-06-11 20:35:12.224]
Time [clock=515, time=2013-06-11 20:35:13.213]
Time [clock=516, time=2013-06-11 20:35:14.216]
Position [agent=t1, id=null, cell=Cell [x=2, y=12], time=2013-06-11 20:27:12.906, clock=34]
Position [agent=a3, id=null, cell=Cell [x=14, y=19], time=2013-06-11 20:27:13.378, clock=35]
Time [clock=517, time=2013-06-11 20:35:15.212]
Time [clock=518, time=2013-06-11 20:35:16.215]
Time [clock=519, time=2013-06-11 20:35:17.216]
Time [clock=520, time=2013-06-11 20:35:18.217]
Time [clock=521, time=2013-06-11 20:35:19.219]
Time [clock=522, time=2013-06-11 20:35:20.222]
Time [clock=523, time=2013-06-11 20:35:21.225]
Time [clock=524, time=2013-06-11 20:35:22.271]
Time [clock=525, time=2013-06-11 20:35:23.229]
Position [agent=a1, id=null, cell=Cell [x=5, y=7], time=2013-06-11 20:27:13.977, clock=35]
Time [clock=526, time=2013-06-11 20:35:24.238]
Position [agent=a1, id=null, cell=Cell [x=5, y=8], time=2013-06-11 20:27:14.222, clock=34]
Time [clock=527, time=2013-06-11 20:35:25.229]
Time [clock=528, time=2013-06-11 20:35:26.233]
Time [clock=529, time=2013-06-11 20:35:27.24]
Time [clock=530, time=2013-06-11 20:35:28.246]
Time [clock=531, time=2013-06-11 20:35:29.248]
Time [clock=532, time=2013-06-11 20:35:30.25]
Time [clock=533, time=2013-06-11 20:35:31.249]
Time [clock=534, time=2013-06-11 20:35:32.258]
Time [clock=535, time=2013-06-11 20:35:33.255]
Time [clock=536, time=2013-06-11 20:35:34.265]
Time [clock=537, time=2013-06-11 20:35:35.255]
Time [clock=538, time=2013-06-11 20:35:36.261]
Time [clock=539, time=2013-06-11 20:35:37.261]
Time [clock=540, time=2013-06-11 20:35:38.277]
Time [clock=541, time=2013-06-11 20:35:39.303]
Time [clock=542, time=2013-06-11 20:35:40.266]
Time [clock=543, time=2013-06-11 20:35:41.263]
Time [clock=544, time=2013-06-11 20:35:42.267]
Time [clock=545, time=2013-06-11 20:35:43.266]
Time [clock=546, time=2013-06-11 20:35:44.272]
Time [clock=547, time=2013-06-11 20:35:45.272]
Time [clock=548, time=2013-06-11 20:35:46.272]
Time [clock=549, time=2013-06-11 20:35:47.271]
Position [agent=t1, id=null, cell=Cell [x=2, y=11], time=2013-06-11 20:27:14.679, clock=36]
Time [clock=550, time=2013-06-11 20:35:48.275]
Position [agent=a3, id=null, cell=Cell [x=15, y=19], time=2013-06-11 20:27:14.903, clock=36]
Time [clock=551, time=2013-06-11 20:35:49.271]
Time [clock=552, time=2013-06-11 20:35:50.276]
Time [clock=553, time=2013-06-11 20:35:51.276]
Time [clock=554, time=2013-06-11 20:35:52.282]
Time [clock=555, time=2013-06-11 20:35:53.28]
Time [clock=556, time=2013-06-11 20:35:54.281]
Time [clock=557, time=2013-06-11 20:35:55.322]
Time [clock=558, time=2013-06-11 20:35:56.286]
Time [clock=559, time=2013-06-11 20:35:57.283]
Time [clock=560, time=2013-06-11 20:35:58.315]
Position [agent=a3, id=null, cell=Cell [x=16, y=19], time=2013-06-11 20:27:15.535, clock=37]
Time [clock=561, time=2013-06-11 20:35:59.286]
Time [clock=562, time=2013-06-11 20:36:00.292]
Time [clock=563, time=2013-06-11 20:36:01.291]
Time [clock=564, time=2013-06-11 20:36:02.301]
Time [clock=565, time=2013-06-11 20:36:03.289]
Time [clock=566, time=2013-06-11 20:36:04.305]
Position [agent=t1, id=null, cell=Cell [x=2, y=10], time=2013-06-11 20:27:16.229, clock=38]
Position [agent=a3, id=null, cell=Cell [x=17, y=19], time=2013-06-11 20:27:16.433, clock=38]
Time [clock=567, time=2013-06-11 20:36:05.296]
Time [clock=568, time=2013-06-11 20:36:06.297]
Time [clock=569, time=2013-06-11 20:36:07.305]
Time [clock=570, time=2013-06-11 20:36:08.304]
Time [clock=571, time=2013-06-11 20:36:09.302]
Time [clock=572, time=2013-06-11 20:36:10.303]
Time [clock=573, time=2013-06-11 20:36:11.344]
Position [agent=a3, id=null, cell=Cell [x=18, y=19], time=2013-06-11 20:27:17.555, clock=39]
Time [clock=574, time=2013-06-11 20:36:12.305]
Time [clock=575, time=2013-06-11 20:36:13.305]
Time [clock=576, time=2013-06-11 20:36:14.308]
Position [agent=t1, id=null, cell=Cell [x=2, y=9], time=2013-06-11 20:27:17.782, clock=39]
Time [clock=577, time=2013-06-11 20:36:15.307]
Time [clock=578, time=2013-06-11 20:36:16.311]
Position [agent=a1, id=null, cell=Cell [x=5, y=7], time=2013-06-11 20:27:18.067, clock=39]
Time [clock=579, time=2013-06-11 20:36:17.31]
Time [clock=580, time=2013-06-11 20:36:18.32]
Time [clock=581, time=2013-06-11 20:36:19.348]
Time [clock=582, time=2013-06-11 20:36:20.324]
Time [clock=583, time=2013-06-11 20:36:21.316]
Time [clock=1, time=2013-06-11 20:36:47.169]
Time [clock=2, time=2013-06-11 20:36:47.202]
Time [clock=3, time=2013-06-11 20:36:48.209]
Time [clock=4, time=2013-06-11 20:36:49.208]
Time [clock=5, time=2013-06-11 20:36:50.22]
Time [clock=6, time=2013-06-11 20:36:51.224]
Time [clock=7, time=2013-06-11 20:36:52.213]
Time [clock=8, time=2013-06-11 20:36:53.233]
Time [clock=9, time=2013-06-11 20:36:54.219]
Time [clock=10, time=2013-06-11 20:36:55.222]
Time [clock=11, time=2013-06-11 20:36:56.223]
Position [agent=a1, id=null, cell=Cell [x=5, y=8], time=2013-06-11 20:27:18.139, clock=37]
Time [clock=12, time=2013-06-11 20:36:57.223]
Position [agent=a3, id=null, cell=Cell [x=19, y=19], time=2013-06-11 20:27:18.864, clock=40]
Time [clock=13, time=2013-06-11 20:36:58.219]
Time [clock=14, time=2013-06-11 20:36:59.222]
Position [agent=t1, id=null, cell=Cell [x=2, y=8], time=2013-06-11 20:27:19.102, clock=40]
Position [agent=t1, id=null, cell=Cell [x=2, y=7], time=2013-06-11 20:27:20.102, clock=42]
Time [clock=15, time=2013-06-11 20:37:00.241]
Time [clock=16, time=2013-06-11 20:37:01.229]
Time [clock=17, time=2013-06-11 20:37:02.232]
Time [clock=18, time=2013-06-11 20:37:03.23]
Time [clock=19, time=2013-06-11 20:37:04.23]
Time [clock=20, time=2013-06-11 20:37:05.24]
Time [clock=21, time=2013-06-11 20:37:06.235]
Time [clock=22, time=2013-06-11 20:37:07.235]
Time [clock=23, time=2013-06-11 20:37:08.274]
Position [agent=a1, id=null, cell=Cell [x=5, y=7], time=2013-06-11 20:27:20.514, clock=42]
Time [clock=24, time=2013-06-11 20:37:09.237]
Time [clock=25, time=2013-06-11 20:37:10.243]
Time [clock=26, time=2013-06-11 20:37:11.24]
Time [clock=27, time=2013-06-11 20:37:12.248]
Time [clock=28, time=2013-06-11 20:37:13.24]
Time [clock=29, time=2013-06-11 20:37:14.243]
Time [clock=30, time=2013-06-11 20:37:15.237]
Time [clock=31, time=2013-06-11 20:37:16.252]
Time [clock=32, time=2013-06-11 20:37:17.259]
Time [clock=33, time=2013-06-11 20:37:18.25]
ActionRequest [id=null, agent=a2, type=reading, cell=Cell [x=8, y=19], clock=0, time=2013-06-11 20:26:41.612]
Coin [id=null, cell=Cell [x=8, y=6], agent=a1, time=2013-06-11 20:26:44.598, clock=4]
Coin [id=null, cell=Cell [x=16, y=16], agent=a2, time=2013-06-11 20:26:44.709, clock=5]
Position [agent=a1, id=null, cell=Cell [x=5, y=8], time=2013-06-11 20:27:20.598, clock=41]
Obligation [agent=a1, obligation=[makeReading(8, 6)], sanction=[reduce_400(a1)], deadline=51, time=2013-06-11 20:27:17.959, clock=0]
ActionRequest [id=null, agent=a3, type=reading, cell=Cell [x=11, y=1], clock=0, time=2013-06-11 20:26:41.625]
Position [agent=t1, id=null, cell=Cell [x=2, y=6], time=2013-06-11 20:27:21.1, clock=43]
Prohibition [agent=t1, prohibition=[at(5, 5, t1)], sanction=[reduce_300(t1)], clock=0, time=2013-06-11 20:26:41.397]
Position [agent=t1, id=null, cell=Cell [x=2, y=5], time=2013-06-11 20:27:22.4, clock=43]
Obligation [agent=a1, obligation=[makeReading(16, 16)], sanction=[reduce_400(a1)], deadline=51, time=2013-06-11 20:27:18.766, clock=0]
Position [agent=t1, id=null, cell=Cell [x=2, y=4], time=2013-06-11 20:27:23.387, clock=45]
Position [agent=a1, id=null, cell=Cell [x=5, y=7], time=2013-06-11 20:27:23.681, clock=45]
Coin [id=null, cell=Cell [x=2, y=2], agent=a3, time=2013-06-11 20:26:44.799, clock=6]
Obligation [agent=a1, obligation=[makeReading(2, 2)], sanction=[reduce_400(a1)], deadline=51, time=2013-06-11 20:27:19.284, clock=0]
Points [agent=a1, time=2013-06-11 20:26:39.092, clock=0, value=1000, id=null]
Prohibition [agent=t1, prohibition=[at(5, 6, t1)], sanction=[reduce_300(t1)], clock=0, time=2013-06-11 20:26:41.415]
Time [clock=34, time=2013-06-11 20:37:19.25]
Position [agent=a1, id=null, cell=Cell [x=5, y=8], time=2013-06-11 20:27:23.752, clock=43]
Obligation [agent=a2, obligation=[makeReading(8, 6)], sanction=[reduce_400(a2)], deadline=51, time=2013-06-11 20:27:19.49, clock=0]
Reading [id=null, agent=a2, cell=Cell [x=8, y=19], time=2013-06-11 20:26:41.857, value=0.0, clock=0]
Prohibition [agent=t1, prohibition=[at(6, 5, t1)], sanction=[reduce_300(t1)], clock=0, time=2013-06-11 20:26:41.433]
Points [agent=a2, time=2013-06-11 20:26:39.097, clock=0, value=1000, id=null]
Cargo [id=null, cell=Cell [x=19, y=19], time=2013-06-11 20:26:43.489, clock=4]
Obligation [agent=a2, obligation=[makeReading(16, 16)], sanction=[reduce_400(a2)], deadline=51, time=2013-06-11 20:27:20.464, clock=0]
Obligation [agent=a2, obligation=[makeReading(2, 2)], sanction=[reduce_400(a2)], deadline=51, time=2013-06-11 20:27:21.46, clock=0]
Points [agent=a3, time=2013-06-11 20:26:39.102, clock=0, value=1000, id=null]
Points [agent=c1, time=2013-06-11 20:26:39.107, clock=0, value=1000, id=null]
Position [agent=t1, id=null, cell=Cell [x=2, y=3], time=2013-06-11 20:27:24.818, clock=46]
Prohibition [agent=t1, prohibition=[at(6, 6, t1)], sanction=[reduce_300(t1)], clock=0, time=2013-06-11 20:26:41.437]
Position [agent=t1, id=null, cell=Cell [x=2, y=2], time=2013-06-11 20:27:25.831, clock=47]
Points [agent=t1, time=2013-06-11 20:26:39.109, clock=0, value=1000, id=null]
Position [agent=a1, id=null, cell=Cell [x=5, y=7], time=2013-06-11 20:27:26.407, clock=48]
Obligation [agent=a3, obligation=[makeReading(8, 6)], sanction=[reduce_400(a3)], deadline=51, time=2013-06-11 20:27:21.952, clock=0]
Prohibition [agent=c1, prohibition=[coin(5, 5, a1)], sanction=[reduce_300(c1)], clock=0, time=2013-06-11 20:26:41.662]
Prohibition [agent=c1, prohibition=[coin(5, 6, a1)], sanction=[reduce_300(c1)], clock=0, time=2013-06-11 20:26:41.667]
Obligation [agent=a3, obligation=[makeReading(16, 16)], sanction=[reduce_400(a3)], deadline=51, time=2013-06-11 20:27:22.159, clock=0]
Position [agent=a1, id=null, cell=Cell [x=5, y=8], time=2013-06-11 20:27:26.57, clock=46]
Prohibition [agent=c1, prohibition=[coin(6, 5, a1)], sanction=[reduce_300(c1)], clock=0, time=2013-06-11 20:26:41.671]
Prohibition [agent=c1, prohibition=[coin(6, 6, a1)], sanction=[reduce_300(c1)], clock=0, time=2013-06-11 20:26:41.683]
Points [agent=a1, time=2013-06-11 20:36:47.136, clock=0, value=1000, id=null]
Obligation [agent=a3, obligation=[makeReading(2, 2)], sanction=[reduce_400(a3)], deadline=51, time=2013-06-11 20:27:22.366, clock=0]
Obligation [agent=a1, obligation=[makeReading(8, 6)], sanction=[reduce_400(a1)], deadline=193, time=2013-06-11 20:29:02.761, clock=0]
Prohibition [agent=c1, prohibition=[coin(5, 5, a2)], sanction=[reduce_300(c1)], clock=0, time=2013-06-11 20:26:41.691]
Obligation [agent=a1, obligation=[makeReading(16, 16)], sanction=[reduce_400(a1)], deadline=193, time=2013-06-11 20:29:02.968, clock=0]
Prohibition [agent=c1, prohibition=[coin(5, 6, a2)], sanction=[reduce_300(c1)], clock=0, time=2013-06-11 20:26:41.697]
Points [agent=a2, time=2013-06-11 20:36:47.153, clock=0, value=1000, id=null]
Position [agent=a1, id=null, cell=Cell [x=5, y=7], time=2013-06-11 20:27:29.286, clock=51]
Points [agent=a3, time=2013-06-11 20:36:47.157, clock=0, value=1000, id=null]
Points [agent=c1, time=2013-06-11 20:36:47.161, clock=0, value=1000, id=null]
Obligation [agent=a1, obligation=[makeReading(2, 2)], sanction=[reduce_400(a1)], deadline=193, time=2013-06-11 20:29:03.18, clock=0]
Prohibition [agent=c1, prohibition=[coin(6, 5, a2)], sanction=[reduce_300(c1)], clock=0, time=2013-06-11 20:26:41.699]
Obligation [agent=a2, obligation=[makeReading(8, 6)], sanction=[reduce_400(a2)], deadline=193, time=2013-06-11 20:29:03.872, clock=0]
Obligation [agent=a2, obligation=[makeReading(16, 16)], sanction=[reduce_400(a2)], deadline=193, time=2013-06-11 20:29:04.078, clock=0]
Obligation [agent=a2, obligation=[makeReading(2, 2)], sanction=[reduce_400(a2)], deadline=193, time=2013-06-11 20:29:04.285, clock=0]
Obligation [agent=a3, obligation=[makeReading(8, 6)], sanction=[reduce_400(a3)], deadline=193, time=2013-06-11 20:29:04.489, clock=0]
Prohibition [agent=c1, prohibition=[coin(6, 6, a2)], sanction=[reduce_300(c1)], clock=0, time=2013-06-11 20:26:41.701]
Position [agent=a1, id=null, cell=Cell [x=5, y=8], time=2013-06-11 20:27:29.473, clock=49]
Prohibition [agent=c1, prohibition=[coin(5, 5, a3)], sanction=[reduce_300(c1)], clock=0, time=2013-06-11 20:26:41.704]
Prohibition [agent=c1, prohibition=[coin(5, 6, a3)], sanction=[reduce_300(c1)], clock=0, time=2013-06-11 20:26:41.706]
Points [agent=t1, time=2013-06-11 20:36:47.164, clock=0, value=1000, id=null]
Position [agent=a1, id=null, cell=Cell [x=5, y=7], time=2013-06-11 20:27:32.009, clock=53]
Obligation [agent=a3, obligation=[makeReading(16, 16)], sanction=[reduce_400(a3)], deadline=193, time=2013-06-11 20:29:04.695, clock=0]
Obligation [agent=a3, obligation=[makeReading(2, 2)], sanction=[reduce_400(a3)], deadline=193, time=2013-06-11 20:29:04.902, clock=0]
Obligation [agent=a1, obligation=[makeReading(8, 6)], sanction=[reduce_400(a1)], deadline=357, time=2013-06-11 20:31:48.772, clock=0]
Position [agent=a1, id=null, cell=Cell [x=5, y=8], time=2013-06-11 20:27:32.149, clock=52]
Position [agent=a1, id=null, cell=Cell [x=5, y=7], time=2013-06-11 20:27:34.775, clock=56]
Position [agent=a1, id=null, cell=Cell [x=5, y=8], time=2013-06-11 20:27:34.934, clock=55]
Obligation [agent=a1, obligation=[makeReading(16, 16)], sanction=[reduce_400(a1)], deadline=357, time=2013-06-11 20:31:48.99, clock=0]
Obligation [agent=a1, obligation=[makeReading(2, 2)], sanction=[reduce_400(a1)], deadline=357, time=2013-06-11 20:31:49.21, clock=0]
Prohibition [agent=c1, prohibition=[coin(6, 5, a3)], sanction=[reduce_300(c1)], clock=0, time=2013-06-11 20:26:41.708]
Obligation [agent=a2, obligation=[makeReading(8, 6)], sanction=[reduce_400(a2)], deadline=357, time=2013-06-11 20:31:49.429, clock=0]
Position [agent=a1, id=null, cell=Cell [x=5, y=7], time=2013-06-11 20:27:37.481, clock=59]
Position [agent=a1, id=null, cell=Cell [x=5, y=8], time=2013-06-11 20:27:37.545, clock=58]
Obligation [agent=a2, obligation=[makeReading(16, 16)], sanction=[reduce_400(a2)], deadline=357, time=2013-06-11 20:31:49.662, clock=0]
Position [agent=a1, id=null, cell=Cell [x=5, y=7], time=2013-06-11 20:27:39.322, clock=61]
Prohibition [agent=c1, prohibition=[coin(6, 6, a3)], sanction=[reduce_300(c1)], clock=0, time=2013-06-11 20:26:41.711]
Prohibition [agent=a2, prohibition=[reading(8, 19, a2)], sanction=[reduce_300(a2)], clock=0, time=2013-06-11 20:26:43.07]
Obligation [agent=a2, obligation=[makeReading(2, 2)], sanction=[reduce_400(a2)], deadline=357, time=2013-06-11 20:31:49.878, clock=0]
Obligation [agent=a3, obligation=[makeReading(8, 6)], sanction=[reduce_400(a3)], deadline=357, time=2013-06-11 20:31:50.098, clock=0]
Obligation [agent=a3, obligation=[makeReading(16, 16)], sanction=[reduce_400(a3)], deadline=357, time=2013-06-11 20:31:50.317, clock=0]
Position [agent=a1, id=null, cell=Cell [x=5, y=8], time=2013-06-11 20:27:39.391, clock=60]
Position [agent=a1, id=null, cell=Cell [x=5, y=7], time=2013-06-11 20:27:41.204, clock=63]
Position [agent=a1, id=null, cell=Cell [x=5, y=8], time=2013-06-11 20:27:41.277, clock=62]
Position [agent=a1, id=null, cell=Cell [x=5, y=7], time=2013-06-11 20:27:43.115, clock=65]
Obligation [agent=a3, obligation=[makeReading(2, 2)], sanction=[reduce_400(a3)], deadline=357, time=2013-06-11 20:31:50.534, clock=0]
Position [agent=a1, id=null, cell=Cell [x=5, y=8], time=2013-06-11 20:27:43.189, clock=64]
Position [agent=a1, id=null, cell=Cell [x=5, y=7], time=2013-06-11 20:27:45.115, clock=67]
Obligation [agent=a1, obligation=[makeReading(8, 6)], sanction=[reduce_400(a1)], deadline=583, time=2013-06-11 20:35:36.298, clock=0]
Position [agent=a1, id=null, cell=Cell [x=5, y=8], time=2013-06-11 20:27:45.192, clock=66]
Obligation [agent=a1, obligation=[makeReading(16, 16)], sanction=[reduce_400(a1)], deadline=583, time=2013-06-11 20:35:36.521, clock=0]
Obligation [agent=a1, obligation=[makeReading(2, 2)], sanction=[reduce_400(a1)], deadline=583, time=2013-06-11 20:35:36.74, clock=0]
Obligation [agent=a2, obligation=[makeReading(8, 6)], sanction=[reduce_400(a2)], deadline=583, time=2013-06-11 20:35:36.961, clock=0]
Obligation [agent=a2, obligation=[makeReading(16, 16)], sanction=[reduce_400(a2)], deadline=583, time=2013-06-11 20:35:37.179, clock=0]
Obligation [agent=a2, obligation=[makeReading(2, 2)], sanction=[reduce_400(a2)], deadline=583, time=2013-06-11 20:35:37.394, clock=0]
Position [agent=a1, id=null, cell=Cell [x=5, y=7], time=2013-06-11 20:27:47.125, clock=69]
Position [agent=a1, id=null, cell=Cell [x=5, y=8], time=2013-06-11 20:27:47.197, clock=68]
Position [agent=a1, id=null, cell=Cell [x=5, y=7], time=2013-06-11 20:27:49.121, clock=71]
Prohibition [agent=a3, prohibition=[reading(11, 1, a3)], sanction=[reduce_300(a3)], clock=0, time=2013-06-11 20:26:43.57]
Position [agent=a1, id=null, cell=Cell [x=5, y=8], time=2013-06-11 20:27:49.23, clock=70]
Prohibition [agent=a1, prohibition=[at(5, 5, a1)], sanction=[reduce_300(a1)], clock=0, time=2013-06-11 20:26:43.572]
Obligation [agent=a3, obligation=[makeReading(8, 6)], sanction=[reduce_400(a3)], deadline=583, time=2013-06-11 20:35:37.612, clock=0]
Prohibition [agent=a1, prohibition=[at(5, 6, a1)], sanction=[reduce_300(a1)], clock=0, time=2013-06-11 20:26:43.574]
Prohibition [agent=a1, prohibition=[at(6, 5, a1)], sanction=[reduce_300(a1)], clock=0, time=2013-06-11 20:26:43.576]
Position [agent=a1, id=null, cell=Cell [x=5, y=7], time=2013-06-11 20:27:51.136, clock=73]
Prohibition [agent=a1, prohibition=[at(6, 6, a1)], sanction=[reduce_300(a1)], clock=0, time=2013-06-11 20:26:43.578]
Prohibition [agent=a2, prohibition=[at(5, 5, a2)], sanction=[reduce_300(a2)], clock=0, time=2013-06-11 20:26:43.58]
Position [agent=a1, id=null, cell=Cell [x=5, y=8], time=2013-06-11 20:27:51.213, clock=72]
Prohibition [agent=a2, prohibition=[at(5, 6, a2)], sanction=[reduce_300(a2)], clock=0, time=2013-06-11 20:26:43.581]
Position [agent=a1, id=null, cell=Cell [x=5, y=7], time=2013-06-11 20:27:53.125, clock=75]
Obligation [agent=a3, obligation=[makeReading(16, 16)], sanction=[reduce_400(a3)], deadline=583, time=2013-06-11 20:35:37.831, clock=0]
Position [agent=a1, id=null, cell=Cell [x=5, y=8], time=2013-06-11 20:27:53.206, clock=74]
Prohibition [agent=a2, prohibition=[at(6, 5, a2)], sanction=[reduce_300(a2)], clock=0, time=2013-06-11 20:26:43.582]
Position [agent=a1, id=null, cell=Cell [x=5, y=7], time=2013-06-11 20:27:55.133, clock=77]
Obligation [agent=a3, obligation=[makeReading(2, 2)], sanction=[reduce_400(a3)], deadline=583, time=2013-06-11 20:35:38.049, clock=0]
Position [agent=a1, id=null, cell=Cell [x=5, y=8], time=2013-06-11 20:27:55.211, clock=76]
Prohibition [agent=a2, prohibition=[at(6, 6, a2)], sanction=[reduce_300(a2)], clock=0, time=2013-06-11 20:26:43.584]
Prohibition [agent=a3, prohibition=[at(5, 5, a3)], sanction=[reduce_300(a3)], clock=0, time=2013-06-11 20:26:43.585]
Prohibition [agent=a3, prohibition=[at(5, 6, a3)], sanction=[reduce_300(a3)], clock=0, time=2013-06-11 20:26:43.586]
Prohibition [agent=a3, prohibition=[at(6, 5, a3)], sanction=[reduce_300(a3)], clock=0, time=2013-06-11 20:26:43.588]
Prohibition [agent=a3, prohibition=[at(6, 6, a3)], sanction=[reduce_300(a3)], clock=0, time=2013-06-11 20:26:43.59]
Prohibition [agent=a2, prohibition=[reading(8, 19, a2)], sanction=[reduce_300(a2)], clock=0, time=2013-06-11 20:29:05.975]
Position [agent=a1, id=null, cell=Cell [x=5, y=7], time=2013-06-11 20:27:57.143, clock=79]
Prohibition [agent=a3, prohibition=[reading(11, 1, a3)], sanction=[reduce_300(a3)], clock=0, time=2013-06-11 20:29:06.182]
Prohibition [agent=a2, prohibition=[reading(8, 19, a2)], sanction=[reduce_300(a2)], clock=0, time=2013-06-11 20:31:51.219]
Position [agent=a1, id=null, cell=Cell [x=5, y=8], time=2013-06-11 20:27:57.224, clock=78]
Prohibition [agent=a3, prohibition=[reading(11, 1, a3)], sanction=[reduce_300(a3)], clock=0, time=2013-06-11 20:31:54.072]
Prohibition [agent=a2, prohibition=[reading(8, 19, a2)], sanction=[reduce_300(a2)], clock=0, time=2013-06-11 20:35:38.708]
Position [agent=a1, id=null, cell=Cell [x=5, y=7], time=2013-06-11 20:27:59.144, clock=81]
Prohibition [agent=a3, prohibition=[reading(11, 1, a3)], sanction=[reduce_300(a3)], clock=0, time=2013-06-11 20:35:38.926]
Position [agent=a1, id=null, cell=Cell [x=5, y=8], time=2013-06-11 20:27:59.218, clock=80]
Position [agent=a1, id=null, cell=Cell [x=5, y=7], time=2013-06-11 20:28:01.174, clock=83]
Position [agent=a1, id=null, cell=Cell [x=5, y=8], time=2013-06-11 20:28:01.245, clock=82]
Position [agent=a1, id=null, cell=Cell [x=5, y=7], time=2013-06-11 20:28:03.142, clock=85]
Time [clock=35, time=2013-06-11 20:37:20.252]
Position [agent=a1, id=null, cell=Cell [x=5, y=8], time=2013-06-11 20:28:03.205, clock=84]
Position [agent=a1, id=null, cell=Cell [x=5, y=7], time=2013-06-11 20:28:04.945, clock=86]
Position [agent=a1, id=null, cell=Cell [x=5, y=8], time=2013-06-11 20:28:05.023, clock=86]
Position [agent=a1, id=null, cell=Cell [x=5, y=7], time=2013-06-11 20:28:06.705, clock=88]
Position [agent=a1, id=null, cell=Cell [x=5, y=8], time=2013-06-11 20:28:06.765, clock=87]
Position [agent=a1, id=null, cell=Cell [x=5, y=7], time=2013-06-11 20:28:08.444, clock=90]
Position [agent=a1, id=null, cell=Cell [x=5, y=8], time=2013-06-11 20:28:08.516, clock=89]
Position [agent=a1, id=null, cell=Cell [x=5, y=7], time=2013-06-11 20:28:10.415, clock=92]
Position [agent=a1, id=null, cell=Cell [x=5, y=8], time=2013-06-11 20:28:10.489, clock=91]
Position [agent=a1, id=null, cell=Cell [x=5, y=7], time=2013-06-11 20:28:12.384, clock=94]
Position [agent=a1, id=null, cell=Cell [x=5, y=8], time=2013-06-11 20:28:12.452, clock=93]
Position [agent=a1, id=null, cell=Cell [x=5, y=7], time=2013-06-11 20:28:14.181, clock=96]
Position [agent=a1, id=null, cell=Cell [x=5, y=8], time=2013-06-11 20:28:14.258, clock=95]
Position [agent=a1, id=null, cell=Cell [x=5, y=7], time=2013-06-11 20:28:16.14, clock=98]
Position [agent=a1, id=null, cell=Cell [x=5, y=8], time=2013-06-11 20:28:16.211, clock=97]
Position [agent=a1, id=null, cell=Cell [x=5, y=7], time=2013-06-11 20:28:18.158, clock=100]
Position [agent=a1, id=null, cell=Cell [x=5, y=8], time=2013-06-11 20:28:18.235, clock=99]
Position [agent=a1, id=null, cell=Cell [x=5, y=7], time=2013-06-11 20:28:20.206, clock=102]
Position [agent=a1, id=null, cell=Cell [x=5, y=8], time=2013-06-11 20:28:20.287, clock=101]
Position [agent=a1, id=null, cell=Cell [x=5, y=7], time=2013-06-11 20:28:22.764, clock=104]
Position [agent=a1, id=null, cell=Cell [x=5, y=8], time=2013-06-11 20:28:22.913, clock=103]
Position [agent=a1, id=null, cell=Cell [x=5, y=7], time=2013-06-11 20:28:25.515, clock=107]
Position [agent=a1, id=null, cell=Cell [x=5, y=8], time=2013-06-11 20:28:25.654, clock=105]
Position [agent=a1, id=null, cell=Cell [x=5, y=7], time=2013-06-11 20:28:28.276, clock=110]
Position [agent=a1, id=null, cell=Cell [x=5, y=8], time=2013-06-11 20:28:28.413, clock=108]
Position [agent=a1, id=null, cell=Cell [x=5, y=7], time=2013-06-11 20:28:31.147, clock=113]
Position [agent=a1, id=null, cell=Cell [x=5, y=8], time=2013-06-11 20:28:31.218, clock=111]
Position [agent=a1, id=null, cell=Cell [x=5, y=7], time=2013-06-11 20:28:33.205, clock=115]
Position [agent=a1, id=null, cell=Cell [x=5, y=8], time=2013-06-11 20:28:33.278, clock=114]
Position [agent=a1, id=null, cell=Cell [x=5, y=7], time=2013-06-11 20:28:35.262, clock=117]
Position [agent=a1, id=null, cell=Cell [x=5, y=8], time=2013-06-11 20:28:35.342, clock=116]
Position [agent=a1, id=null, cell=Cell [x=5, y=7], time=2013-06-11 20:28:37.351, clock=119]
Position [agent=a1, id=null, cell=Cell [x=5, y=8], time=2013-06-11 20:28:37.437, clock=118]
Position [agent=a1, id=null, cell=Cell [x=5, y=7], time=2013-06-11 20:28:39.193, clock=121]
Position [agent=a1, id=null, cell=Cell [x=5, y=8], time=2013-06-11 20:28:39.271, clock=120]
Position [agent=a1, id=null, cell=Cell [x=5, y=7], time=2013-06-11 20:28:41.29, clock=123]
Position [agent=a1, id=null, cell=Cell [x=5, y=8], time=2013-06-11 20:28:41.367, clock=122]
Position [agent=a1, id=null, cell=Cell [x=5, y=7], time=2013-06-11 20:28:43.397, clock=125]
Position [agent=a1, id=null, cell=Cell [x=5, y=8], time=2013-06-11 20:28:43.478, clock=124]
Position [agent=a1, id=null, cell=Cell [x=5, y=7], time=2013-06-11 20:28:45.655, clock=127]
Position [agent=a1, id=null, cell=Cell [x=5, y=8], time=2013-06-11 20:28:45.778, clock=126]
Position [agent=a1, id=null, cell=Cell [x=5, y=7], time=2013-06-11 20:28:48.409, clock=130]
Position [agent=a1, id=null, cell=Cell [x=5, y=8], time=2013-06-11 20:28:48.492, clock=129]
Position [agent=a1, id=null, cell=Cell [x=5, y=7], time=2013-06-11 20:28:50.449, clock=132]
Position [agent=a1, id=null, cell=Cell [x=5, y=8], time=2013-06-11 20:28:50.521, clock=131]
Position [agent=a1, id=null, cell=Cell [x=5, y=7], time=2013-06-11 20:28:52.292, clock=134]
Position [agent=a1, id=null, cell=Cell [x=5, y=8], time=2013-06-11 20:28:52.361, clock=133]
Position [agent=a1, id=null, cell=Cell [x=5, y=7], time=2013-06-11 20:28:54.608, clock=136]
Position [agent=a1, id=null, cell=Cell [x=5, y=8], time=2013-06-11 20:28:54.734, clock=135]
Position [agent=a1, id=null, cell=Cell [x=5, y=7], time=2013-06-11 20:28:57.313, clock=139]
Position [agent=a1, id=null, cell=Cell [x=5, y=8], time=2013-06-11 20:28:57.45, clock=137]
Position [agent=a1, id=null, cell=Cell [x=5, y=7], time=2013-06-11 20:28:59.782, clock=141]
Position [agent=a1, id=null, cell=Cell [x=5, y=8], time=2013-06-11 20:28:59.884, clock=140]
Position [agent=a1, id=null, cell=Cell [x=5, y=7], time=2013-06-11 20:29:02.587, clock=144]
Position [agent=a1, id=null, cell=Cell [x=5, y=8], time=2013-06-11 20:29:02.701, clock=142]
Position [agent=a1, id=null, cell=Cell [x=5, y=7], time=2013-06-11 20:29:05.662, clock=147]
Position [agent=a1, id=null, cell=Cell [x=5, y=8], time=2013-06-11 20:29:05.834, clock=145]
Position [agent=a1, id=null, cell=Cell [x=5, y=7], time=2013-06-11 20:29:08.903, clock=150]
Position [agent=a1, id=null, cell=Cell [x=5, y=8], time=2013-06-11 20:29:09.028, clock=149]
Position [agent=a1, id=null, cell=Cell [x=5, y=7], time=2013-06-11 20:29:11.881, clock=153]
Position [agent=a1, id=null, cell=Cell [x=5, y=8], time=2013-06-11 20:29:12.024, clock=152]
Points [agent=a1, time=2013-06-11 20:37:20.59, clock=0, value=1000, id=null]
Position [agent=a1, id=null, cell=Cell [x=5, y=7], time=2013-06-11 20:29:14.891, clock=156]
Points [agent=a2, time=2013-06-11 20:37:20.61, clock=0, value=1000, id=null]
Points [agent=a3, time=2013-06-11 20:37:20.614, clock=0, value=1000, id=null]
Points [agent=c1, time=2013-06-11 20:37:20.618, clock=0, value=1000, id=null]
Points [agent=t1, time=2013-06-11 20:37:20.622, clock=0, value=1000, id=null]
Time [clock=1, time=2013-06-11 20:37:20.629]
Position [agent=a1, id=null, cell=Cell [x=5, y=8], time=2013-06-11 20:29:15.026, clock=155]
Position [agent=a1, id=null, cell=Cell [x=5, y=7], time=2013-06-11 20:29:17.591, clock=159]
Position [agent=a1, id=null, cell=Cell [x=5, y=8], time=2013-06-11 20:29:17.665, clock=158]
Position [agent=a1, id=null, cell=Cell [x=5, y=7], time=2013-06-11 20:29:19.969, clock=161]
Position [agent=a1, id=null, cell=Cell [x=5, y=8], time=2013-06-11 20:29:20.039, clock=160]
Position [agent=a1, id=null, cell=Cell [x=5, y=7], time=2013-06-11 20:29:22.196, clock=164]
Time [clock=2, time=2013-06-11 20:37:20.667]
Position [agent=a1, id=null, cell=Cell [x=5, y=8], time=2013-06-11 20:29:22.274, clock=162]
Position [agent=a1, id=null, cell=Cell [x=5, y=7], time=2013-06-11 20:29:24.346, clock=166]
Position [agent=a1, id=null, cell=Cell [x=5, y=8], time=2013-06-11 20:29:24.413, clock=165]
Position [agent=a1, id=null, cell=Cell [x=5, y=7], time=2013-06-11 20:29:26.222, clock=168]
Position [agent=a1, id=null, cell=Cell [x=5, y=8], time=2013-06-11 20:29:26.296, clock=167]
Position [agent=a1, id=null, cell=Cell [x=5, y=7], time=2013-06-11 20:29:28.465, clock=170]
Position [agent=a1, id=null, cell=Cell [x=5, y=8], time=2013-06-11 20:29:28.523, clock=169]
Position [agent=a1, id=null, cell=Cell [x=5, y=7], time=2013-06-11 20:29:30.544, clock=172]
Position [agent=a1, id=null, cell=Cell [x=5, y=8], time=2013-06-11 20:29:30.616, clock=171]
Position [agent=a1, id=null, cell=Cell [x=5, y=7], time=2013-06-11 20:29:32.824, clock=174]
Position [agent=a1, id=null, cell=Cell [x=5, y=8], time=2013-06-11 20:29:32.888, clock=173]
Position [agent=a1, id=null, cell=Cell [x=5, y=7], time=2013-06-11 20:29:34.883, clock=176]
Position [agent=a1, id=null, cell=Cell [x=5, y=8], time=2013-06-11 20:29:34.965, clock=175]
Position [agent=a1, id=null, cell=Cell [x=5, y=7], time=2013-06-11 20:29:37.655, clock=179]
Position [agent=a1, id=null, cell=Cell [x=5, y=8], time=2013-06-11 20:29:37.768, clock=177]
Position [agent=a1, id=null, cell=Cell [x=5, y=7], time=2013-06-11 20:29:40.011, clock=181]
Position [agent=a1, id=null, cell=Cell [x=5, y=8], time=2013-06-11 20:29:40.1, clock=180]
Position [agent=a1, id=null, cell=Cell [x=5, y=7], time=2013-06-11 20:29:42.248, clock=184]
Position [agent=a1, id=null, cell=Cell [x=5, y=8], time=2013-06-11 20:29:42.312, clock=183]
Position [agent=a1, id=null, cell=Cell [x=5, y=7], time=2013-06-11 20:29:44.507, clock=186]
Position [agent=a1, id=null, cell=Cell [x=5, y=8], time=2013-06-11 20:29:44.58, clock=185]
Position [agent=a1, id=null, cell=Cell [x=5, y=7], time=2013-06-11 20:29:46.962, clock=188]
Position [agent=a1, id=null, cell=Cell [x=5, y=8], time=2013-06-11 20:29:47.092, clock=187]
Position [agent=a1, id=null, cell=Cell [x=5, y=7], time=2013-06-11 20:29:49.999, clock=191]
Position [agent=a1, id=null, cell=Cell [x=5, y=8], time=2013-06-11 20:29:50.116, clock=190]
Position [agent=a1, id=null, cell=Cell [x=5, y=7], time=2013-06-11 20:29:52.742, clock=194]
Position [agent=a1, id=null, cell=Cell [x=5, y=8], time=2013-06-11 20:29:52.879, clock=193]
Position [agent=a1, id=null, cell=Cell [x=5, y=7], time=2013-06-11 20:29:55.653, clock=197]
Position [agent=a1, id=null, cell=Cell [x=5, y=8], time=2013-06-11 20:29:55.769, clock=195]
Position [agent=a1, id=null, cell=Cell [x=5, y=7], time=2013-06-11 20:29:58.598, clock=200]
Position [agent=a1, id=null, cell=Cell [x=5, y=8], time=2013-06-11 20:29:58.743, clock=198]
Position [agent=a1, id=null, cell=Cell [x=5, y=7], time=2013-06-11 20:30:01.944, clock=203]
Position [agent=a1, id=null, cell=Cell [x=5, y=8], time=2013-06-11 20:30:02.061, clock=202]
Position [agent=a1, id=null, cell=Cell [x=5, y=7], time=2013-06-11 20:30:05.18, clock=206]
Position [agent=a1, id=null, cell=Cell [x=5, y=8], time=2013-06-11 20:30:05.459, clock=205]
Position [agent=a1, id=null, cell=Cell [x=5, y=7], time=2013-06-11 20:30:12.751, clock=214]
Position [agent=a1, id=null, cell=Cell [x=5, y=8], time=2013-06-11 20:30:13.097, clock=210]
Position [agent=a1, id=null, cell=Cell [x=5, y=7], time=2013-06-11 20:30:20.643, clock=221]
Position [agent=a1, id=null, cell=Cell [x=5, y=8], time=2013-06-11 20:30:20.97, clock=217]
Position [agent=a1, id=null, cell=Cell [x=5, y=7], time=2013-06-11 20:30:31.1, clock=232]
Position [agent=a1, id=null, cell=Cell [x=5, y=8], time=2013-06-11 20:30:31.574, clock=226]
Position [agent=a1, id=null, cell=Cell [x=5, y=7], time=2013-06-11 20:30:40.644, clock=241]
Position [agent=a1, id=null, cell=Cell [x=5, y=8], time=2013-06-11 20:30:41.025, clock=237]
Position [agent=a1, id=null, cell=Cell [x=5, y=7], time=2013-06-11 20:30:50.963, clock=251]
Position [agent=a1, id=null, cell=Cell [x=5, y=8], time=2013-06-11 20:30:51.463, clock=246]
Position [agent=a1, id=null, cell=Cell [x=5, y=7], time=2013-06-11 20:31:01.148, clock=262]
Position [agent=a1, id=null, cell=Cell [x=5, y=8], time=2013-06-11 20:31:01.59, clock=257]
Position [agent=a1, id=null, cell=Cell [x=5, y=7], time=2013-06-11 20:31:11.333, clock=272]
Position [agent=a1, id=null, cell=Cell [x=5, y=8], time=2013-06-11 20:31:11.821, clock=267]
Position [agent=a1, id=null, cell=Cell [x=5, y=7], time=2013-06-11 20:31:21.2, clock=282]
Position [agent=a1, id=null, cell=Cell [x=5, y=8], time=2013-06-11 20:31:21.761, clock=277]
Position [agent=a1, id=null, cell=Cell [x=5, y=7], time=2013-06-11 20:31:32.323, clock=293]
Position [agent=a1, id=null, cell=Cell [x=5, y=8], time=2013-06-11 20:31:32.784, clock=287]
Position [agent=a1, id=null, cell=Cell [x=5, y=7], time=2013-06-11 20:31:43.182, clock=304]
Position [agent=a1, id=null, cell=Cell [x=5, y=8], time=2013-06-11 20:31:43.669, clock=298]
Position [agent=a1, id=null, cell=Cell [x=5, y=7], time=2013-06-11 20:31:54.793, clock=315]
Position [agent=a1, id=null, cell=Cell [x=5, y=8], time=2013-06-11 20:31:55.333, clock=310]
Position [agent=a1, id=null, cell=Cell [x=5, y=7], time=2013-06-11 20:32:05.873, clock=327]
Position [agent=a1, id=null, cell=Cell [x=5, y=8], time=2013-06-11 20:32:06.259, clock=321]
Position [agent=a1, id=null, cell=Cell [x=5, y=7], time=2013-06-11 20:32:17.389, clock=338]
Position [agent=a1, id=null, cell=Cell [x=5, y=8], time=2013-06-11 20:32:17.85, clock=332]
Position [agent=a1, id=null, cell=Cell [x=5, y=7], time=2013-06-11 20:32:29.141, clock=350]
Position [agent=a1, id=null, cell=Cell [x=5, y=8], time=2013-06-11 20:32:29.605, clock=343]
Position [agent=a1, id=null, cell=Cell [x=5, y=7], time=2013-06-11 20:32:39.855, clock=361]
Position [agent=a1, id=null, cell=Cell [x=5, y=8], time=2013-06-11 20:32:40.2, clock=356]
Position [agent=a1, id=null, cell=Cell [x=5, y=7], time=2013-06-11 20:32:51.185, clock=372]
Position [agent=a1, id=null, cell=Cell [x=5, y=8], time=2013-06-11 20:32:51.642, clock=366]
Position [agent=a1, id=null, cell=Cell [x=5, y=7], time=2013-06-11 20:33:03.27, clock=384]
Position [agent=a1, id=null, cell=Cell [x=5, y=8], time=2013-06-11 20:33:03.745, clock=377]
Position [agent=a1, id=null, cell=Cell [x=5, y=7], time=2013-06-11 20:33:15.165, clock=396]
Position [agent=a1, id=null, cell=Cell [x=5, y=8], time=2013-06-11 20:33:15.647, clock=390]
Position [agent=a1, id=null, cell=Cell [x=5, y=7], time=2013-06-11 20:33:27.573, clock=408]
Position [agent=a1, id=null, cell=Cell [x=5, y=8], time=2013-06-11 20:33:28.034, clock=402]
Position [agent=a1, id=null, cell=Cell [x=5, y=7], time=2013-06-11 20:33:40.533, clock=421]
Position [agent=a1, id=null, cell=Cell [x=5, y=8], time=2013-06-11 20:33:41.007, clock=414]
Position [agent=a1, id=null, cell=Cell [x=5, y=7], time=2013-06-11 20:33:52.713, clock=433]
Position [agent=a1, id=null, cell=Cell [x=5, y=8], time=2013-06-11 20:33:53.192, clock=427]
Position [agent=a1, id=null, cell=Cell [x=5, y=7], time=2013-06-11 20:34:05.72, clock=446]
Position [agent=a1, id=null, cell=Cell [x=5, y=8], time=2013-06-11 20:34:06.141, clock=440]
Position [agent=a1, id=null, cell=Cell [x=5, y=7], time=2013-06-11 20:34:19.066, clock=459]
Position [agent=a1, id=null, cell=Cell [x=5, y=8], time=2013-06-11 20:34:19.432, clock=453]
Position [agent=a1, id=null, cell=Cell [x=5, y=7], time=2013-06-11 20:34:31.894, clock=472]
Position [agent=a1, id=null, cell=Cell [x=5, y=8], time=2013-06-11 20:34:32.366, clock=466]
Position [agent=a1, id=null, cell=Cell [x=5, y=7], time=2013-06-11 20:34:45.34, clock=486]
Position [agent=a1, id=null, cell=Cell [x=5, y=8], time=2013-06-11 20:34:45.761, clock=479]
Position [agent=a1, id=null, cell=Cell [x=5, y=7], time=2013-06-11 20:34:59.374, clock=500]
Position [agent=a1, id=null, cell=Cell [x=5, y=8], time=2013-06-11 20:34:59.943, clock=492]
Position [agent=a1, id=null, cell=Cell [x=5, y=7], time=2013-06-11 20:35:13.184, clock=514]
Position [agent=a1, id=null, cell=Cell [x=5, y=8], time=2013-06-11 20:35:13.624, clock=507]
Position [agent=a1, id=null, cell=Cell [x=5, y=7], time=2013-06-11 20:35:27.415, clock=528]
Position [agent=a1, id=null, cell=Cell [x=5, y=8], time=2013-06-11 20:35:28.009, clock=520]
Position [agent=a1, id=null, cell=Cell [x=5, y=7], time=2013-06-11 20:35:44.419, clock=545]
Position [agent=a1, id=null, cell=Cell [x=5, y=8], time=2013-06-11 20:35:44.856, clock=537]
Position [agent=a1, id=null, cell=Cell [x=5, y=7], time=2013-06-11 20:35:58.404, clock=559]
Position [agent=a1, id=null, cell=Cell [x=5, y=8], time=2013-06-11 20:35:58.931, clock=552]
Position [agent=a1, id=null, cell=Cell [x=5, y=7], time=2013-06-11 20:36:15.12, clock=575]
Position [agent=a1, id=null, cell=Cell [x=5, y=8], time=2013-06-11 20:36:15.607, clock=567]
Time [clock=36, time=2013-06-11 20:37:21.244]
-------------------------last log tuples end----------------------------------
register a1
register a2
register a3
register c1
register t1
from/for agent a3  reading(position(11, 1))
Reading [id=null, agent=a3, cell=Cell [x=11, y=1], time=null, value=null, clock=null]
from/for agent a2  reading(position(8, 19))
Reading [id=null, agent=a2, cell=Cell [x=8, y=19], time=null, value=null, clock=null]
from/for agent a1  reading(position(5, 5))
Reading [id=null, agent=a1, cell=Cell [x=5, y=5], time=null, value=null, clock=null]
org points notification
org points notification
org points notification
org points notification
org points notification
Organization notifies agent (write): Obligation [agent=a1, obligation=[makeReading(8, 6)], sanction=[reduce_400(a1)], deadline=77, time=2013-06-11 20:37:47.129, clock=0]
Organization notifies agent (write): Obligation [agent=a1, obligation=[makeReading(16, 16)], sanction=[reduce_400(a1)], deadline=77, time=2013-06-11 20:37:47.351, clock=0]
Organization notifies agent (write): Obligation [agent=a1, obligation=[makeReading(2, 2)], sanction=[reduce_400(a1)], deadline=77, time=2013-06-11 20:37:47.571, clock=0]
Organization notifies agent (write): Obligation [agent=a2, obligation=[makeReading(8, 6)], sanction=[reduce_400(a2)], deadline=77, time=2013-06-11 20:37:47.793, clock=0]
Organization notifies agent (write): Obligation [agent=a2, obligation=[makeReading(16, 16)], sanction=[reduce_400(a2)], deadline=77, time=2013-06-11 20:37:48.744, clock=0]
Organization notifies agent (write): Obligation [agent=a2, obligation=[makeReading(2, 2)], sanction=[reduce_400(a2)], deadline=77, time=2013-06-11 20:37:48.967, clock=0]
Organization notifies agent (write): Obligation [agent=a3, obligation=[makeReading(8, 6)], sanction=[reduce_400(a3)], deadline=77, time=2013-06-11 20:37:49.197, clock=0]
Organization notifies agent (write): Obligation [agent=a3, obligation=[makeReading(16, 16)], sanction=[reduce_400(a3)], deadline=77, time=2013-06-11 20:37:49.421, clock=0]
Organization notifies agent (write): Obligation [agent=a3, obligation=[makeReading(2, 2)], sanction=[reduce_400(a3)], deadline=77, time=2013-06-11 20:37:50.204, clock=0]
Organization notifies agent (write): Prohibition [agent=t1, prohibition=[at(5, 5, t1)], sanction=[reduce_300(t1)], clock=0, time=2013-06-11 20:37:50.21]
Organization notifies agent (write): Prohibition [agent=t1, prohibition=[at(5, 6, t1)], sanction=[reduce_300(t1)], clock=0, time=2013-06-11 20:37:50.216]
Organization notifies agent (write): Prohibition [agent=t1, prohibition=[at(6, 5, t1)], sanction=[reduce_300(t1)], clock=0, time=2013-06-11 20:37:50.221]
Organization notifies agent (write): Prohibition [agent=t1, prohibition=[at(6, 6, t1)], sanction=[reduce_300(t1)], clock=0, time=2013-06-11 20:37:50.227]
Organization notifies agent (write): Prohibition [agent=c1, prohibition=[coin(5, 5, a1)], sanction=[reduce_300(c1)], clock=0, time=2013-06-11 20:37:50.462]
Organization notifies agent (write): Prohibition [agent=c1, prohibition=[coin(5, 6, a1)], sanction=[reduce_300(c1)], clock=0, time=2013-06-11 20:37:50.466]
Organization notifies agent (write): Prohibition [agent=c1, prohibition=[coin(6, 5, a1)], sanction=[reduce_300(c1)], clock=0, time=2013-06-11 20:37:50.47]
Organization notifies agent (write): Prohibition [agent=c1, prohibition=[coin(6, 6, a1)], sanction=[reduce_300(c1)], clock=0, time=2013-06-11 20:37:50.474]
Organization notifies agent (write): Prohibition [agent=c1, prohibition=[coin(5, 5, a2)], sanction=[reduce_300(c1)], clock=0, time=2013-06-11 20:37:50.479]
Organization notifies agent (write): Prohibition [agent=c1, prohibition=[coin(5, 6, a2)], sanction=[reduce_300(c1)], clock=0, time=2013-06-11 20:37:50.483]
Organization notifies agent (write): Prohibition [agent=c1, prohibition=[coin(6, 5, a2)], sanction=[reduce_300(c1)], clock=0, time=2013-06-11 20:37:50.489]
Organization notifies agent (write): Prohibition [agent=c1, prohibition=[coin(6, 6, a2)], sanction=[reduce_300(c1)], clock=0, time=2013-06-11 20:37:50.495]
Organization notifies agent (write): Prohibition [agent=c1, prohibition=[coin(5, 5, a3)], sanction=[reduce_300(c1)], clock=0, time=2013-06-11 20:37:50.502]
Organization notifies agent (write): Prohibition [agent=c1, prohibition=[coin(5, 6, a3)], sanction=[reduce_300(c1)], clock=0, time=2013-06-11 20:37:50.509]
Organization notifies agent (write): Prohibition [agent=c1, prohibition=[coin(6, 5, a3)], sanction=[reduce_300(c1)], clock=0, time=2013-06-11 20:37:50.516]
Organization notifies agent (write): Prohibition [agent=c1, prohibition=[coin(6, 6, a3)], sanction=[reduce_300(c1)], clock=0, time=2013-06-11 20:37:50.523]
Organization notifies agent (write): Prohibition [agent=a1, prohibition=[at(5, 5, a1)], sanction=[reduce_300(a1)], clock=0, time=2013-06-11 20:37:51.76]
Organization notifies agent (write): Prohibition [agent=a1, prohibition=[at(5, 6, a1)], sanction=[reduce_300(a1)], clock=0, time=2013-06-11 20:37:51.764]
Organization notifies agent (write): Prohibition [agent=a1, prohibition=[at(6, 5, a1)], sanction=[reduce_300(a1)], clock=0, time=2013-06-11 20:37:51.768]
Organization notifies agent (write): Prohibition [agent=a1, prohibition=[at(6, 6, a1)], sanction=[reduce_300(a1)], clock=0, time=2013-06-11 20:37:51.773]
Organization notifies agent (write): Prohibition [agent=a2, prohibition=[at(5, 5, a2)], sanction=[reduce_300(a2)], clock=0, time=2013-06-11 20:37:51.778]
Organization notifies agent (write): Prohibition [agent=a2, prohibition=[at(5, 6, a2)], sanction=[reduce_300(a2)], clock=0, time=2013-06-11 20:37:51.782]
Organization notifies agent (write): Prohibition [agent=a2, prohibition=[at(6, 5, a2)], sanction=[reduce_300(a2)], clock=0, time=2013-06-11 20:37:51.786]
Organization notifies agent (write): Prohibition [agent=a2, prohibition=[at(6, 6, a2)], sanction=[reduce_300(a2)], clock=0, time=2013-06-11 20:37:51.79]
Organization notifies agent (write): Prohibition [agent=a3, prohibition=[at(5, 5, a3)], sanction=[reduce_300(a3)], clock=0, time=2013-06-11 20:37:51.793]
Organization notifies agent (write): Prohibition [agent=a3, prohibition=[at(5, 6, a3)], sanction=[reduce_300(a3)], clock=0, time=2013-06-11 20:37:51.796]
Organization notifies agent (write): Prohibition [agent=a3, prohibition=[at(6, 5, a3)], sanction=[reduce_300(a3)], clock=0, time=2013-06-11 20:37:51.8]
Organization notifies agent (write): Prohibition [agent=a3, prohibition=[at(6, 6, a3)], sanction=[reduce_300(a3)], clock=0, time=2013-06-11 20:37:51.805]
got reading: Reading [id=null, agent=a3, cell=Cell [x=11, y=1], time=2013-06-11 20:37:53.254, value=0.0, clock=0]
got reading: Reading [id=null, agent=a2, cell=Cell [x=8, y=19], time=2013-06-11 20:37:53.268, value=0.0, clock=0]
org position notification
org cargo notification
org coin notification
org position notification
org coin notification
Organization notifies agent (write): Prohibition [agent=a2, prohibition=[reading(8, 19, a2)], sanction=[reduce_300(a2)], clock=0, time=2013-06-11 20:38:23.932]
Organization notifies agent (write): Prohibition [agent=a3, prohibition=[reading(11, 1, a3)], sanction=[reduce_300(a3)], clock=0, time=2013-06-11 20:38:24.15]
org coin notification
Organization notifies agent (write): Obligation [agent=a1, obligation=[makeReading(8, 6)], sanction=[reduce_400(a1)], deadline=179, time=2013-06-11 20:39:28.468, clock=0]
Organization notifies agent (write): Obligation [agent=a1, obligation=[makeReading(16, 16)], sanction=[reduce_400(a1)], deadline=179, time=2013-06-11 20:39:28.685, clock=0]
Organization notifies agent (write): Obligation [agent=a1, obligation=[makeReading(2, 2)], sanction=[reduce_400(a1)], deadline=179, time=2013-06-11 20:39:28.901, clock=0]
Organization notifies agent (write): Obligation [agent=a2, obligation=[makeReading(8, 6)], sanction=[reduce_400(a2)], deadline=179, time=2013-06-11 20:39:29.117, clock=0]
Organization notifies agent (write): Obligation [agent=a2, obligation=[makeReading(16, 16)], sanction=[reduce_400(a2)], deadline=179, time=2013-06-11 20:39:29.332, clock=0]
Organization notifies agent (write): Obligation [agent=a2, obligation=[makeReading(2, 2)], sanction=[reduce_400(a2)], deadline=179, time=2013-06-11 20:39:29.547, clock=0]
Organization notifies agent (write): Obligation [agent=a3, obligation=[makeReading(8, 6)], sanction=[reduce_400(a3)], deadline=179, time=2013-06-11 20:39:29.762, clock=0]
Organization notifies agent (write): Obligation [agent=a3, obligation=[makeReading(16, 16)], sanction=[reduce_400(a3)], deadline=179, time=2013-06-11 20:39:29.977, clock=0]
Organization notifies agent (write): Obligation [agent=a3, obligation=[makeReading(2, 2)], sanction=[reduce_400(a3)], deadline=179, time=2013-06-11 20:39:30.193, clock=0]
Organization notifies agent (write): Prohibition [agent=a2, prohibition=[reading(8, 19, a2)], sanction=[reduce_300(a2)], clock=0, time=2013-06-11 20:39:30.839]
Organization notifies agent (write): Prohibition [agent=a3, prohibition=[reading(11, 1, a3)], sanction=[reduce_300(a3)], clock=0, time=2013-06-11 20:39:31.055]
Organization notifies agent (write): Prohibition [agent=a1, prohibition=[at(5, 5, a1)], sanction=[reduce_300(a1)], clock=0, time=2013-06-11 20:39:31.058]
got reading: Reading [id=null, agent=a1, cell=Cell [x=5, y=5], time=2013-06-11 20:40:54.365, value=0.0, clock=0]
Organization notifies agent (write): Obligation [agent=a1, obligation=[makeReading(8, 6)], sanction=[reduce_400(a1)], deadline=266, time=2013-06-11 20:40:55.542, clock=0]
Organization notifies agent (write): Obligation [agent=a1, obligation=[makeReading(16, 16)], sanction=[reduce_400(a1)], deadline=266, time=2013-06-11 20:40:55.772, clock=0]
Organization notifies agent (write): Obligation [agent=a1, obligation=[makeReading(2, 2)], sanction=[reduce_400(a1)], deadline=266, time=2013-06-11 20:40:55.989, clock=0]
Organization notifies agent (write): Obligation [agent=a2, obligation=[makeReading(8, 6)], sanction=[reduce_400(a2)], deadline=266, time=2013-06-11 20:40:56.206, clock=0]
Organization notifies agent (write): Obligation [agent=a2, obligation=[makeReading(16, 16)], sanction=[reduce_400(a2)], deadline=266, time=2013-06-11 20:40:56.438, clock=0]
Organization notifies agent (write): Obligation [agent=a2, obligation=[makeReading(2, 2)], sanction=[reduce_400(a2)], deadline=266, time=2013-06-11 20:40:56.674, clock=0]
Organization notifies agent (write): Obligation [agent=a3, obligation=[makeReading(8, 6)], sanction=[reduce_400(a3)], deadline=266, time=2013-06-11 20:40:56.913, clock=0]
Organization notifies agent (write): Obligation [agent=a3, obligation=[makeReading(16, 16)], sanction=[reduce_400(a3)], deadline=266, time=2013-06-11 20:40:57.139, clock=0]
agent obligation notification a1 number 9
Organization notifies agent (write): Obligation [agent=a3, obligation=[makeReading(2, 2)], sanction=[reduce_400(a3)], deadline=266, time=2013-06-11 20:40:57.357, clock=0]
Obligation [agent=a1, obligation=null, sanction=null, deadline=null, time=null, clock=null] 1970-01-01 01:00:00.0 - 2013-06-11 20:40:57.145
Event sent to agent      a1 obligation(makeReading(8, 6), 77, reduce_400(a1))
Event sent to agent      a1 obligation(makeReading(16, 16), 77, reduce_400(a1))
Event sent to agent      a1 obligation(makeReading(2, 2), 77, reduce_400(a1))
Event sent to agent      a1 obligation(makeReading(8, 6), 179, reduce_400(a1))
Event sent to agent      a1 obligation(makeReading(16, 16), 179, reduce_400(a1))
Event sent to agent      a1 obligation(makeReading(2, 2), 179, reduce_400(a1))
Event sent to agent      a1 obligation(makeReading(8, 6), 266, reduce_400(a1))
Event sent to agent      a1 obligation(makeReading(16, 16), 266, reduce_400(a1))
Event sent to agent      a1 obligation(makeReading(2, 2), 266, reduce_400(a1))
agent obligation notification a2 number 9
Obligation [agent=a2, obligation=null, sanction=null, deadline=null, time=null, clock=null] 1970-01-01 01:00:00.0 - 2013-06-11 20:40:57.454
Event sent to agent      a2 obligation(makeReading(8, 6), 77, reduce_400(a2))
Event sent to agent      a2 obligation(makeReading(16, 16), 77, reduce_400(a2))
Event sent to agent      a2 obligation(makeReading(2, 2), 77, reduce_400(a2))
Event sent to agent      a2 obligation(makeReading(8, 6), 179, reduce_400(a2))
Event sent to agent      a2 obligation(makeReading(16, 16), 179, reduce_400(a2))
Event sent to agent      a2 obligation(makeReading(2, 2), 179, reduce_400(a2))
Event sent to agent      a2 obligation(makeReading(8, 6), 266, reduce_400(a2))
Event sent to agent      a2 obligation(makeReading(16, 16), 266, reduce_400(a2))
Event sent to agent      a2 obligation(makeReading(2, 2), 266, reduce_400(a2))
Event processed adoptObligation(makeReading(8, 6), 77, reduce_400(a1))
Event processed adoptObligation(makeReading(16, 16), 77, reduce_400(a1))
Event processed adoptObligation(makeReading(2, 2), 77, reduce_400(a1))
Event processed adoptObligation(makeReading(8, 6), 179, reduce_400(a1))
Event processed adoptObligation(makeReading(16, 16), 179, reduce_400(a1))
Event processed adoptObligation(makeReading(2, 2), 179, reduce_400(a1))
Event processed adoptObligation(makeReading(8, 6), 266, reduce_400(a1))
Event processed adoptObligation(makeReading(16, 16), 266, reduce_400(a1))
Event processed adoptObligation(makeReading(2, 2), 266, reduce_400(a1))
agent obligation notification a3 number 9
Obligation [agent=a3, obligation=null, sanction=null, deadline=null, time=null, clock=null] 1970-01-01 01:00:00.0 - 2013-06-11 20:41:01.755
Event sent to agent      a3 obligation(makeReading(8, 6), 77, reduce_400(a3))
Event sent to agent      a3 obligation(makeReading(16, 16), 77, reduce_400(a3))
Event sent to agent      a3 obligation(makeReading(2, 2), 77, reduce_400(a3))
Event sent to agent      a3 obligation(makeReading(8, 6), 179, reduce_400(a3))
Event sent to agent      a3 obligation(makeReading(16, 16), 179, reduce_400(a3))
Event sent to agent      a3 obligation(makeReading(2, 2), 179, reduce_400(a3))
Event sent to agent      a3 obligation(makeReading(8, 6), 266, reduce_400(a3))
Event sent to agent      a3 obligation(makeReading(16, 16), 266, reduce_400(a3))
Event sent to agent      a3 obligation(makeReading(2, 2), 266, reduce_400(a3))
agent prohibition notification t1 number 4
Prohibition [agent=t1, prohibition=null, sanction=null, clock=null, time=null] 1970-01-01 01:00:00.0 - 2013-06-11 20:41:02.049
Event sent to agent      t1 prohibition(at(5, 5, t1), reduce_300(t1))
Event sent to agent      t1 prohibition(at(5, 6, t1), reduce_300(t1))
Event sent to agent      t1 prohibition(at(6, 5, t1), reduce_300(t1))
Event sent to agent      t1 prohibition(at(6, 6, t1), reduce_300(t1))
agent prohibition notification c1 number 12
Prohibition [agent=c1, prohibition=null, sanction=null, clock=null, time=null] 1970-01-01 01:00:00.0 - 2013-06-11 20:41:02.297
Event sent to agent      c1 prohibition(coin(5, 5, a1), reduce_300(c1))
Event sent to agent      c1 prohibition(coin(5, 6, a1), reduce_300(c1))
Event sent to agent      c1 prohibition(coin(6, 5, a1), reduce_300(c1))
Event sent to agent      c1 prohibition(coin(6, 6, a1), reduce_300(c1))
Event sent to agent      c1 prohibition(coin(5, 5, a2), reduce_300(c1))
Event sent to agent      c1 prohibition(coin(5, 6, a2), reduce_300(c1))
Event sent to agent      c1 prohibition(coin(6, 5, a2), reduce_300(c1))
Event sent to agent      c1 prohibition(coin(6, 6, a2), reduce_300(c1))
Event sent to agent      c1 prohibition(coin(5, 5, a3), reduce_300(c1))
Event sent to agent      c1 prohibition(coin(5, 6, a3), reduce_300(c1))
Event sent to agent      c1 prohibition(coin(6, 5, a3), reduce_300(c1))
Event sent to agent      c1 prohibition(coin(6, 6, a3), reduce_300(c1))
Event processed aprohibition(coin(5, 5, a1), reduce_300(c1))
Event processed aprohibition(coin(5, 6, a1), reduce_300(c1))
Event processed aprohibition(coin(6, 5, a1), reduce_300(c1))
Event processed aprohibition(coin(6, 6, a1), reduce_300(c1))
Event processed aprohibition(coin(5, 5, a2), reduce_300(c1))
Event processed aprohibition(coin(5, 6, a2), reduce_300(c1))
Event processed aprohibition(coin(6, 5, a2), reduce_300(c1))
Event processed aprohibition(coin(6, 6, a2), reduce_300(c1))
Event processed aprohibition(coin(5, 5, a3), reduce_300(c1))
Event processed aprohibition(coin(5, 6, a3), reduce_300(c1))
Event processed aprohibition(coin(6, 5, a3), reduce_300(c1))
Event processed aprohibition(coin(6, 6, a3), reduce_300(c1))
Event processed adoptObligation(makeReading(8, 6), 77, reduce_400(a2))
Event processed adoptObligation(makeReading(16, 16), 77, reduce_400(a2))
Event processed adoptObligation(makeReading(2, 2), 77, reduce_400(a2))
Event processed adoptObligation(makeReading(8, 6), 179, reduce_400(a2))
Event processed adoptObligation(makeReading(16, 16), 179, reduce_400(a2))
Event processed adoptObligation(makeReading(2, 2), 179, reduce_400(a2))
Event processed adoptObligation(makeReading(8, 6), 266, reduce_400(a2))
Event processed adoptObligation(makeReading(16, 16), 266, reduce_400(a2))
Event processed adoptObligation(makeReading(2, 2), 266, reduce_400(a2))
agent prohibition notification a1 number 5
Prohibition [agent=a1, prohibition=null, sanction=null, clock=null, time=null] 1970-01-01 01:00:00.0 - 2013-06-11 20:41:02.979
Event sent to agent      a1 prohibition(at(5, 5, a1), reduce_300(a1))
Event sent to agent      a1 prohibition(at(5, 6, a1), reduce_300(a1))
Event sent to agent      a1 prohibition(at(6, 5, a1), reduce_300(a1))
Event sent to agent      a1 prohibition(at(6, 6, a1), reduce_300(a1))
Event sent to agent      a1 prohibition(at(5, 5, a1), reduce_300(a1))
agent prohibition notification a2 number 6
Prohibition [agent=a2, prohibition=null, sanction=null, clock=null, time=null] 1970-01-01 01:00:00.0 - 2013-06-11 20:41:03.284
Event sent to agent      a2 prohibition(at(5, 5, a2), reduce_300(a2))
Event sent to agent      a2 prohibition(at(5, 6, a2), reduce_300(a2))
Event sent to agent      a2 prohibition(at(6, 5, a2), reduce_300(a2))
Event sent to agent      a2 prohibition(at(6, 6, a2), reduce_300(a2))
Event sent to agent      a2 prohibition(reading(8, 19, a2), reduce_300(a2))
Event sent to agent      a2 prohibition(reading(8, 19, a2), reduce_300(a2))
agent prohibition notification a3 number 6
Event processed aprohibition(at(5, 5, a2), reduce_300(a2))
Event processed aprohibition(at(5, 6, a2), reduce_300(a2))
Event processed aprohibition(at(6, 5, a2), reduce_300(a2))
Event processed aprohibition(at(6, 6, a2), reduce_300(a2))
Event processed aprohibition(reading(8, 19, a2), reduce_300(a2))
Event processed aprohibition(reading(8, 19, a2), reduce_300(a2))
Prohibition [agent=a3, prohibition=null, sanction=null, clock=null, time=null] 1970-01-01 01:00:00.0 - 2013-06-11 20:41:03.596
Event sent to agent      a3 prohibition(at(5, 5, a3), reduce_300(a3))
Event sent to agent      a3 prohibition(at(5, 6, a3), reduce_300(a3))
Event sent to agent      a3 prohibition(at(6, 5, a3), reduce_300(a3))
Event sent to agent      a3 prohibition(at(6, 6, a3), reduce_300(a3))
Event sent to agent      a3 prohibition(reading(11, 1, a3), reduce_300(a3))
Event sent to agent      a3 prohibition(reading(11, 1, a3), reduce_300(a3))
org reading notification
Event processed aprohibition(at(5, 5, a1), reduce_300(a1))
Event processed aprohibition(at(5, 6, a1), reduce_300(a1))
Event processed aprohibition(at(6, 5, a1), reduce_300(a1))
Event processed aprohibition(at(6, 6, a1), reduce_300(a1))
Event processed aprohibition(at(5, 5, a1), reduce_300(a1))
Event processed adoptObligation(makeReading(8, 6), 77, reduce_400(a3))
Event processed adoptObligation(makeReading(16, 16), 77, reduce_400(a3))
Event processed adoptObligation(makeReading(2, 2), 77, reduce_400(a3))
Event processed adoptObligation(makeReading(8, 6), 179, reduce_400(a3))
Event processed adoptObligation(makeReading(16, 16), 179, reduce_400(a3))
Event processed adoptObligation(makeReading(2, 2), 179, reduce_400(a3))
Event processed adoptObligation(makeReading(8, 6), 266, reduce_400(a3))
Event processed adoptObligation(makeReading(16, 16), 266, reduce_400(a3))
Event processed adoptObligation(makeReading(2, 2), 266, reduce_400(a3))
Event processed aprohibition(at(5, 5, a3), reduce_300(a3))
Event processed aprohibition(at(5, 6, a3), reduce_300(a3))
Event processed aprohibition(at(6, 5, a3), reduce_300(a3))
Event processed aprohibition(at(6, 6, a3), reduce_300(a3))
Event processed aprohibition(reading(11, 1, a3), reduce_300(a3))
Event processed aprohibition(reading(11, 1, a3), reduce_300(a3))
Event processed aprohibition(at(5, 5, t1), reduce_300(t1))
Event processed aprohibition(at(5, 6, t1), reduce_300(t1))
Event processed aprohibition(at(6, 5, t1), reduce_300(t1))
Event processed aprohibition(at(6, 6, t1), reduce_300(t1))
Organization notifies agent (write): Prohibition [agent=a1, prohibition=[reading(5, 5, a1)], sanction=[reduce_300(a1)], clock=0, time=2013-06-11 20:41:12.96]
Organization notifies agent (write): Prohibition [agent=a2, prohibition=[reading(8, 19, a2)], sanction=[reduce_300(a2)], clock=0, time=2013-06-11 20:41:33.367]
Organization notifies agent (write): Prohibition [agent=a3, prohibition=[reading(11, 1, a3)], sanction=[reduce_300(a3)], clock=0, time=2013-06-11 20:41:54.705]
Organization notifies agent (write): Prohibition [agent=a1, prohibition=[at(5, 5, a1)], sanction=[reduce_300(a1)], clock=0, time=2013-06-11 20:41:54.708]
from/for agent a1  reading(position(2, 2))
Reading [id=null, agent=a1, cell=Cell [x=2, y=2], time=null, value=null, clock=null]
from/for agent a3  reading(position(2, 2))
Reading [id=null, agent=a3, cell=Cell [x=2, y=2], time=null, value=null, clock=null]
org position notification
Organization notifies agent (write): Obligation [agent=a1, obligation=[makeReading(8, 6)], sanction=[reduce_400(a1)], deadline=576, time=2013-06-11 20:45:32.798, clock=0]
Organization notifies agent (write): Obligation [agent=a1, obligation=[makeReading(16, 16)], sanction=[reduce_400(a1)], deadline=576, time=2013-06-11 20:45:33.018, clock=0]
Organization notifies agent (write): Obligation [agent=a1, obligation=[makeReading(2, 2)], sanction=[reduce_400(a1)], deadline=576, time=2013-06-11 20:45:33.237, clock=0]
Organization notifies agent (write): Obligation [agent=a2, obligation=[makeReading(8, 6)], sanction=[reduce_400(a2)], deadline=576, time=2013-06-11 20:45:33.454, clock=0]
Organization notifies agent (write): Obligation [agent=a2, obligation=[makeReading(16, 16)], sanction=[reduce_400(a2)], deadline=576, time=2013-06-11 20:45:33.668, clock=0]
Organization notifies agent (write): Obligation [agent=a2, obligation=[makeReading(2, 2)], sanction=[reduce_400(a2)], deadline=576, time=2013-06-11 20:45:33.885, clock=0]
Organization notifies agent (write): Obligation [agent=a3, obligation=[makeReading(8, 6)], sanction=[reduce_400(a3)], deadline=576, time=2013-06-11 20:45:34.1, clock=0]
Organization notifies agent (write): Obligation [agent=a3, obligation=[makeReading(16, 16)], sanction=[reduce_400(a3)], deadline=576, time=2013-06-11 20:45:34.318, clock=0]
Organization notifies agent (write): Obligation [agent=a3, obligation=[makeReading(2, 2)], sanction=[reduce_400(a3)], deadline=576, time=2013-06-11 20:45:34.534, clock=0]
Organization notifies agent (write): Prohibition [agent=a1, prohibition=[reading(5, 5, a1)], sanction=[reduce_300(a1)], clock=0, time=2013-06-11 20:45:34.976]
Organization notifies agent (write): Prohibition [agent=a2, prohibition=[reading(8, 19, a2)], sanction=[reduce_300(a2)], clock=0, time=2013-06-11 20:45:35.189]
Organization notifies agent (write): Prohibition [agent=a3, prohibition=[reading(11, 1, a3)], sanction=[reduce_300(a3)], clock=0, time=2013-06-11 20:45:35.404]
