test2.
Service Registrar: 97502479-e0b5-4722-97d2-073f4f32200b
Java Space found.
TransactionManager found.
-------------------------last log tuples start--------------------------------
Time [clock=1, time=2013-06-12 10:02:01.83]
Time [clock=2, time=2013-06-12 10:02:02.425]
Time [clock=3, time=2013-06-12 10:02:03.424]
Time [clock=4, time=2013-06-12 10:02:04.425]
Time [clock=5, time=2013-06-12 10:02:05.437]
Time [clock=6, time=2013-06-12 10:02:06.437]
Time [clock=7, time=2013-06-12 10:02:07.437]
Time [clock=8, time=2013-06-12 10:02:08.439]
Time [clock=9, time=2013-06-12 10:02:09.441]
Time [clock=10, time=2013-06-12 10:02:10.44]
Time [clock=11, time=2013-06-12 10:02:11.442]
Time [clock=12, time=2013-06-12 10:02:12.442]
Time [clock=13, time=2013-06-12 10:02:13.444]
Position [agent=a1, id=null, cell=Cell [x=3, y=4], time=2013-06-12 10:02:07.291, clock=5]
Position [agent=a2, id=null, cell=Cell [x=7, y=19], time=2013-06-12 10:02:07.965, clock=6]
Time [clock=14, time=2013-06-12 10:02:14.449]
Time [clock=15, time=2013-06-12 10:02:15.446]
Position [agent=a3, id=null, cell=Cell [x=11, y=2], time=2013-06-12 10:02:08.258, clock=7]
Time [clock=16, time=2013-06-12 10:02:16.445]
Time [clock=17, time=2013-06-12 10:02:17.446]
Time [clock=18, time=2013-06-12 10:02:18.447]
Position [agent=a1, id=null, cell=Cell [x=3, y=5], time=2013-06-12 10:02:08.663, clock=7]
Time [clock=19, time=2013-06-12 10:02:19.449]
Time [clock=20, time=2013-06-12 10:02:20.448]
Time [clock=21, time=2013-06-12 10:02:21.45]
Time [clock=22, time=2013-06-12 10:02:22.45]
Time [clock=23, time=2013-06-12 10:02:23.489]
Time [clock=24, time=2013-06-12 10:02:24.455]
Time [clock=25, time=2013-06-12 10:02:25.454]
Time [clock=26, time=2013-06-12 10:02:26.452]
Position [agent=a2, id=null, cell=Cell [x=6, y=19], time=2013-06-12 10:02:09.026, clock=8]
Time [clock=27, time=2013-06-12 10:02:27.453]
Time [clock=28, time=2013-06-12 10:02:28.454]
Time [clock=29, time=2013-06-12 10:02:29.457]
Time [clock=30, time=2013-06-12 10:02:30.459]
Time [clock=31, time=2013-06-12 10:02:31.458]
Time [clock=32, time=2013-06-12 10:02:32.461]
Position [agent=a1, id=null, cell=Cell [x=4, y=5], time=2013-06-12 10:02:09.602, clock=8]
Time [clock=33, time=2013-06-12 10:02:33.46]
Time [clock=34, time=2013-06-12 10:02:34.463]
Time [clock=35, time=2013-06-12 10:02:35.465]
Time [clock=36, time=2013-06-12 10:02:36.474]
Time [clock=37, time=2013-06-12 10:02:37.47]
Time [clock=38, time=2013-06-12 10:02:38.471]
Time [clock=39, time=2013-06-12 10:02:39.47]
Time [clock=40, time=2013-06-12 10:02:40.528]
Time [clock=41, time=2013-06-12 10:02:41.473]
Time [clock=42, time=2013-06-12 10:02:42.473]
Time [clock=43, time=2013-06-12 10:02:43.474]
Position [agent=a3, id=null, cell=Cell [x=11, y=3], time=2013-06-12 10:02:10.086, clock=9]
Time [clock=44, time=2013-06-12 10:02:44.475]
Position [agent=a2, id=null, cell=Cell [x=5, y=19], time=2013-06-12 10:02:10.676, clock=9]
Position [agent=a3, id=null, cell=Cell [x=11, y=4], time=2013-06-12 10:02:10.884, clock=10]
Time [clock=45, time=2013-06-12 10:02:45.476]
Time [clock=46, time=2013-06-12 10:02:46.477]
Time [clock=47, time=2013-06-12 10:02:47.476]
Time [clock=48, time=2013-06-12 10:02:48.479]
Time [clock=49, time=2013-06-12 10:02:49.478]
Time [clock=50, time=2013-06-12 10:02:50.479]
Time [clock=51, time=2013-06-12 10:02:51.478]
Time [clock=52, time=2013-06-12 10:02:52.479]
Time [clock=53, time=2013-06-12 10:02:53.479]
Time [clock=54, time=2013-06-12 10:02:54.481]
Time [clock=55, time=2013-06-12 10:02:55.482]
Time [clock=56, time=2013-06-12 10:02:56.483]
Time [clock=57, time=2013-06-12 10:02:57.525]
Time [clock=58, time=2013-06-12 10:02:58.486]
Position [agent=a1, id=null, cell=Cell [x=4, y=6], time=2013-06-12 10:02:12.587, clock=10]
Time [clock=59, time=2013-06-12 10:02:59.485]
Position [agent=a3, id=null, cell=Cell [x=11, y=5], time=2013-06-12 10:02:12.59, clock=11]
Time [clock=60, time=2013-06-12 10:03:00.487]
Time [clock=61, time=2013-06-12 10:03:01.487]
Time [clock=62, time=2013-06-12 10:03:02.489]
Time [clock=63, time=2013-06-12 10:03:03.49]
Time [clock=64, time=2013-06-12 10:03:04.491]
Time [clock=65, time=2013-06-12 10:03:05.492]
Time [clock=66, time=2013-06-12 10:03:06.492]
Time [clock=67, time=2013-06-12 10:03:07.492]
Time [clock=68, time=2013-06-12 10:03:08.491]
Position [agent=a2, id=null, cell=Cell [x=4, y=19], time=2013-06-12 10:02:12.79, clock=11]
Time [clock=69, time=2013-06-12 10:03:09.491]
Position [agent=a2, id=null, cell=Cell [x=3, y=19], time=2013-06-12 10:02:13.803, clock=13]
Time [clock=70, time=2013-06-12 10:03:10.491]
Time [clock=71, time=2013-06-12 10:03:11.494]
Time [clock=72, time=2013-06-12 10:03:12.494]
Position [agent=a3, id=null, cell=Cell [x=11, y=6], time=2013-06-12 10:02:14.228, clock=13]
Time [clock=73, time=2013-06-12 10:03:13.496]
Time [clock=74, time=2013-06-12 10:03:14.539]
Time [clock=75, time=2013-06-12 10:03:15.497]
Time [clock=76, time=2013-06-12 10:03:16.498]
Time [clock=77, time=2013-06-12 10:03:17.5]
Time [clock=78, time=2013-06-12 10:03:18.499]
Time [clock=79, time=2013-06-12 10:03:19.501]
Time [clock=80, time=2013-06-12 10:03:20.502]
Time [clock=81, time=2013-06-12 10:03:21.503]
Time [clock=82, time=2013-06-12 10:03:22.507]
Position [agent=a2, id=null, cell=Cell [x=3, y=18], time=2013-06-12 10:02:14.49, clock=13]
Time [clock=83, time=2013-06-12 10:03:23.505]
Time [clock=84, time=2013-06-12 10:03:24.507]
Time [clock=85, time=2013-06-12 10:03:25.508]
Time [clock=86, time=2013-06-12 10:03:26.508]
Time [clock=87, time=2013-06-12 10:03:27.509]
Time [clock=88, time=2013-06-12 10:03:28.51]
Time [clock=89, time=2013-06-12 10:03:29.512]
Time [clock=90, time=2013-06-12 10:03:30.511]
Position [agent=a2, id=null, cell=Cell [x=3, y=17], time=2013-06-12 10:02:16.004, clock=14]
Time [clock=91, time=2013-06-12 10:03:31.551]
Time [clock=92, time=2013-06-12 10:03:32.512]
Time [clock=93, time=2013-06-12 10:03:33.514]
Time [clock=94, time=2013-06-12 10:03:34.515]
Time [clock=95, time=2013-06-12 10:03:35.515]
Time [clock=96, time=2013-06-12 10:03:36.517]
Time [clock=97, time=2013-06-12 10:03:37.518]
Time [clock=98, time=2013-06-12 10:03:38.516]
Time [clock=99, time=2013-06-12 10:03:39.519]
Time [clock=100, time=2013-06-12 10:03:40.519]
Time [clock=101, time=2013-06-12 10:03:41.521]
Time [clock=102, time=2013-06-12 10:03:42.521]
Position [agent=a3, id=null, cell=Cell [x=11, y=7], time=2013-06-12 10:02:16.474, clock=15]
Position [agent=a2, id=null, cell=Cell [x=3, y=16], time=2013-06-12 10:02:16.904, clock=16]
Time [clock=103, time=2013-06-12 10:03:43.521]
Time [clock=104, time=2013-06-12 10:03:44.524]
Time [clock=105, time=2013-06-12 10:03:45.525]
Time [clock=106, time=2013-06-12 10:03:46.525]
Time [clock=107, time=2013-06-12 10:03:47.524]
Time [clock=108, time=2013-06-12 10:03:48.566]
Time [clock=109, time=2013-06-12 10:03:49.526]
Time [clock=110, time=2013-06-12 10:03:50.526]
Time [clock=111, time=2013-06-12 10:03:51.527]
Time [clock=112, time=2013-06-12 10:03:52.528]
Time [clock=113, time=2013-06-12 10:03:53.529]
Time [clock=114, time=2013-06-12 10:03:54.53]
Time [clock=115, time=2013-06-12 10:03:55.53]
Time [clock=116, time=2013-06-12 10:03:56.542]
Time [clock=117, time=2013-06-12 10:03:57.534]
Time [clock=118, time=2013-06-12 10:03:58.534]
Position [agent=a3, id=null, cell=Cell [x=11, y=8], time=2013-06-12 10:02:17.244, clock=16]
Time [clock=119, time=2013-06-12 10:03:59.535]
Position [agent=a1, id=null, cell=Cell [x=5, y=7], time=2013-06-12 10:02:17.608, clock=16]
Time [clock=120, time=2013-06-12 10:04:00.535]
Time [clock=121, time=2013-06-12 10:04:01.537]
Time [clock=122, time=2013-06-12 10:04:02.537]
Time [clock=123, time=2013-06-12 10:04:03.537]
Time [clock=124, time=2013-06-12 10:04:04.578]
Time [clock=125, time=2013-06-12 10:04:05.54]
Position [agent=a1, id=null, cell=Cell [x=4, y=7], time=2013-06-12 10:02:17.767, clock=14]
Time [clock=126, time=2013-06-12 10:04:06.54]
Time [clock=127, time=2013-06-12 10:04:07.542]
Position [agent=a3, id=null, cell=Cell [x=11, y=9], time=2013-06-12 10:02:18.048, clock=17]
Time [clock=128, time=2013-06-12 10:04:08.541]
Time [clock=129, time=2013-06-12 10:04:09.542]
Time [clock=130, time=2013-06-12 10:04:10.543]
Time [clock=131, time=2013-06-12 10:04:11.546]
Time [clock=132, time=2013-06-12 10:04:12.547]
Time [clock=133, time=2013-06-12 10:04:13.547]
Time [clock=134, time=2013-06-12 10:04:14.584]
Time [clock=135, time=2013-06-12 10:04:15.553]
Time [clock=136, time=2013-06-12 10:04:16.55]
Time [clock=137, time=2013-06-12 10:04:17.566]
Position [agent=a2, id=null, cell=Cell [x=3, y=15], time=2013-06-12 10:02:18.491, clock=17]
Time [clock=138, time=2013-06-12 10:04:18.552]
Time [clock=139, time=2013-06-12 10:04:19.552]
Position [agent=a3, id=null, cell=Cell [x=11, y=10], time=2013-06-12 10:02:19.156, clock=18]
Time [clock=140, time=2013-06-12 10:04:20.554]
Time [clock=141, time=2013-06-12 10:04:21.555]
Position [agent=a2, id=null, cell=Cell [x=3, y=14], time=2013-06-12 10:02:20.034, clock=19]
Time [clock=142, time=2013-06-12 10:04:22.556]
Time [clock=143, time=2013-06-12 10:04:23.556]
Time [clock=144, time=2013-06-12 10:04:24.558]
Time [clock=145, time=2013-06-12 10:04:25.559]
Time [clock=146, time=2013-06-12 10:04:26.566]
Time [clock=147, time=2013-06-12 10:04:27.56]
Time [clock=148, time=2013-06-12 10:04:28.563]
Time [clock=149, time=2013-06-12 10:04:29.563]
Time [clock=150, time=2013-06-12 10:04:30.563]
Time [clock=151, time=2013-06-12 10:04:31.606]
Time [clock=152, time=2013-06-12 10:04:32.566]
Position [agent=a2, id=null, cell=Cell [x=3, y=13], time=2013-06-12 10:02:20.998, clock=19]
Position [agent=a3, id=null, cell=Cell [x=11, y=11], time=2013-06-12 10:02:21.768, clock=20]
Time [clock=153, time=2013-06-12 10:04:33.566]
Time [clock=154, time=2013-06-12 10:04:34.566]
Time [clock=155, time=2013-06-12 10:04:35.567]
Time [clock=156, time=2013-06-12 10:04:36.569]
Time [clock=157, time=2013-06-12 10:04:37.57]
Time [clock=158, time=2013-06-12 10:04:38.575]
Time [clock=159, time=2013-06-12 10:04:39.571]
Time [clock=160, time=2013-06-12 10:04:40.571]
Time [clock=161, time=2013-06-12 10:04:41.573]
Time [clock=162, time=2013-06-12 10:04:42.574]
Time [clock=163, time=2013-06-12 10:04:43.574]
Time [clock=164, time=2013-06-12 10:04:44.576]
Time [clock=165, time=2013-06-12 10:04:45.577]
Time [clock=166, time=2013-06-12 10:04:46.577]
Time [clock=167, time=2013-06-12 10:04:47.618]
Time [clock=168, time=2013-06-12 10:04:48.579]
Time [clock=169, time=2013-06-12 10:04:49.579]
Time [clock=170, time=2013-06-12 10:04:50.581]
Position [agent=a2, id=null, cell=Cell [x=3, y=12], time=2013-06-12 10:02:22.146, clock=21]
Time [clock=171, time=2013-06-12 10:04:51.581]
Time [clock=172, time=2013-06-12 10:04:52.581]
Time [clock=173, time=2013-06-12 10:04:53.583]
Time [clock=174, time=2013-06-12 10:04:54.584]
Position [agent=a1, id=null, cell=Cell [x=5, y=7], time=2013-06-12 10:02:22.557, clock=21]
Time [clock=175, time=2013-06-12 10:04:55.584]
Time [clock=176, time=2013-06-12 10:04:56.585]
Time [clock=177, time=2013-06-12 10:04:57.586]
Time [clock=178, time=2013-06-12 10:04:58.587]
Time [clock=179, time=2013-06-12 10:04:59.588]
Time [clock=180, time=2013-06-12 10:05:00.589]
Time [clock=181, time=2013-06-12 10:05:01.59]
Time [clock=182, time=2013-06-12 10:05:02.591]
Time [clock=183, time=2013-06-12 10:05:03.631]
Time [clock=184, time=2013-06-12 10:05:04.592]
Time [clock=185, time=2013-06-12 10:05:05.59]
Time [clock=186, time=2013-06-12 10:05:06.591]
Time [clock=187, time=2013-06-12 10:05:07.593]
Time [clock=188, time=2013-06-12 10:05:08.592]
Time [clock=189, time=2013-06-12 10:05:09.592]
Position [agent=a1, id=null, cell=Cell [x=5, y=8], time=2013-06-12 10:02:22.748, clock=19]
Time [clock=190, time=2013-06-12 10:05:10.594]
Time [clock=191, time=2013-06-12 10:05:11.595]
Time [clock=192, time=2013-06-12 10:05:12.595]
Time [clock=193, time=2013-06-12 10:05:13.596]
Time [clock=194, time=2013-06-12 10:05:14.598]
Time [clock=195, time=2013-06-12 10:05:15.598]
Time [clock=196, time=2013-06-12 10:05:16.6]
Time [clock=197, time=2013-06-12 10:05:17.601]
Time [clock=198, time=2013-06-12 10:05:18.601]
Time [clock=199, time=2013-06-12 10:05:19.643]
Time [clock=200, time=2013-06-12 10:05:20.603]
Time [clock=201, time=2013-06-12 10:05:21.609]
Time [clock=202, time=2013-06-12 10:05:22.606]
Time [clock=203, time=2013-06-12 10:05:23.606]
Time [clock=204, time=2013-06-12 10:05:24.606]
Time [clock=205, time=2013-06-12 10:05:25.608]
Time [clock=206, time=2013-06-12 10:05:26.609]
Position [agent=a2, id=null, cell=Cell [x=3, y=11], time=2013-06-12 10:02:23.612, clock=22]
Time [clock=207, time=2013-06-12 10:05:27.61]
Time [clock=208, time=2013-06-12 10:05:28.611]
Position [agent=a3, id=null, cell=Cell [x=11, y=12], time=2013-06-12 10:02:23.779, clock=22]
Time [clock=209, time=2013-06-12 10:05:29.612]
Time [clock=210, time=2013-06-12 10:05:30.613]
Time [clock=211, time=2013-06-12 10:05:31.613]
Time [clock=212, time=2013-06-12 10:05:32.614]
Time [clock=213, time=2013-06-12 10:05:33.614]
Time [clock=214, time=2013-06-12 10:05:34.615]
Time [clock=215, time=2013-06-12 10:05:35.657]
Time [clock=216, time=2013-06-12 10:05:36.617]
Time [clock=217, time=2013-06-12 10:05:37.617]
Time [clock=218, time=2013-06-12 10:05:38.618]
Time [clock=219, time=2013-06-12 10:05:39.619]
Time [clock=220, time=2013-06-12 10:05:40.62]
Time [clock=221, time=2013-06-12 10:05:41.622]
Time [clock=222, time=2013-06-12 10:05:42.623]
Time [clock=223, time=2013-06-12 10:05:43.625]
Time [clock=224, time=2013-06-12 10:05:44.625]
Reading [id=null, agent=a2, cell=Cell [x=8, y=19], time=2013-06-12 10:09:28.019, value=0.0, clock=0]
Coin [id=null, cell=Cell [x=16, y=16], agent=a2, time=2013-06-12 10:02:07.918, clock=6]
Reading [id=null, agent=a1, cell=Cell [x=5, y=5], time=2013-06-12 10:29:48.599, value=0.0, clock=0]
Coin [id=null, cell=Cell [x=2, y=2], agent=a3, time=2013-06-12 10:02:07.985, clock=7]
Reading [id=null, agent=a1, cell=Cell [x=8, y=6], time=2013-06-12 10:31:42.908, value=0.0, clock=0]
Reading [id=null, agent=a1, cell=Cell [x=2, y=2], time=2013-06-12 10:33:45.603, value=100.0, clock=0]
Reading [id=null, agent=a1, cell=Cell [x=16, y=16], time=2013-06-12 10:34:42.075, value=0.0, clock=0]
Position [agent=a2, id=null, cell=Cell [x=3, y=10], time=2013-06-12 10:02:24.22, clock=23]
Reading [id=null, agent=a1, cell=Cell [x=8, y=6], time=2013-06-12 10:35:26.207, value=0.0, clock=0]
Position [agent=a2, id=null, cell=Cell [x=3, y=9], time=2013-06-12 10:02:25.448, clock=24]
Position [agent=a3, id=null, cell=Cell [x=11, y=13], time=2013-06-12 10:02:25.953, clock=24]
Coin [id=null, cell=Cell [x=8, y=6], agent=a1, time=2013-06-12 10:14:16.579, clock=0]
Position [agent=a1, id=null, cell=Cell [x=5, y=7], time=2013-06-12 10:02:26.427, clock=25]
Coin [id=null, cell=Cell [x=16, y=16], agent=a2, time=2013-06-12 10:14:16.73, clock=0]
Position [agent=a1, id=null, cell=Cell [x=5, y=8], time=2013-06-12 10:02:26.699, clock=23]
Position [agent=a2, id=null, cell=Cell [x=3, y=8], time=2013-06-12 10:02:26.886, clock=25]
Position [agent=a3, id=null, cell=Cell [x=11, y=14], time=2013-06-12 10:02:27.362, clock=26]
Coin [id=null, cell=Cell [x=2, y=2], agent=a3, time=2013-06-12 10:14:16.884, clock=0]
Reading [id=null, agent=a1, cell=Cell [x=2, y=2], time=2013-06-12 10:35:44.439, value=100.0, clock=0]
Position [agent=a2, id=null, cell=Cell [x=3, y=7], time=2013-06-12 10:02:27.917, clock=27]
Reading [id=null, agent=a1, cell=Cell [x=8, y=6], time=2013-06-12 10:37:10.369, value=0.0, clock=0]
Position [agent=a3, id=null, cell=Cell [x=11, y=15], time=2013-06-12 10:02:29.102, clock=28]
Position [agent=a2, id=null, cell=Cell [x=3, y=6], time=2013-06-12 10:02:29.753, clock=28]
Reading [id=null, agent=a1, cell=Cell [x=16, y=16], time=2013-06-12 10:38:03.512, value=0.0, clock=0]
Position [agent=a3, id=null, cell=Cell [x=11, y=16], time=2013-06-12 10:02:30.103, clock=29]
Position [agent=a1, id=null, cell=Cell [x=5, y=7], time=2013-06-12 10:02:30.524, clock=29]
Position [agent=a1, id=null, cell=Cell [x=5, y=8], time=2013-06-12 10:02:30.68, clock=27]
Position [agent=a3, id=null, cell=Cell [x=11, y=17], time=2013-06-12 10:02:31.187, clock=30]
Position [agent=a3, id=null, cell=Cell [x=11, y=18], time=2013-06-12 10:02:32.918, clock=31]
Position [agent=a3, id=null, cell=Cell [x=11, y=19], time=2013-06-12 10:02:34.335, clock=33]
Position [agent=a1, id=null, cell=Cell [x=5, y=7], time=2013-06-12 10:02:34.838, clock=34]
Position [agent=a1, id=null, cell=Cell [x=5, y=8], time=2013-06-12 10:02:34.945, clock=31]
Position [agent=a3, id=null, cell=Cell [x=12, y=19], time=2013-06-12 10:02:35.815, clock=34]
Position [agent=a3, id=null, cell=Cell [x=13, y=19], time=2013-06-12 10:02:37.245, clock=36]
Position [agent=a1, id=null, cell=Cell [x=5, y=7], time=2013-06-12 10:02:37.991, clock=37]
Position [agent=a1, id=null, cell=Cell [x=5, y=8], time=2013-06-12 10:02:38.089, clock=35]
Position [agent=a3, id=null, cell=Cell [x=14, y=19], time=2013-06-12 10:02:39.127, clock=38]
Position [agent=a3, id=null, cell=Cell [x=15, y=19], time=2013-06-12 10:02:39.885, clock=39]
Position [agent=a3, id=null, cell=Cell [x=16, y=19], time=2013-06-12 10:02:41.582, clock=40]
Position [agent=a1, id=null, cell=Cell [x=5, y=7], time=2013-06-12 10:02:41.795, clock=40]
Position [agent=a1, id=null, cell=Cell [x=5, y=8], time=2013-06-12 10:02:41.878, clock=38]
Position [agent=a3, id=null, cell=Cell [x=17, y=19], time=2013-06-12 10:02:43.35, clock=42]
Position [agent=a1, id=null, cell=Cell [x=5, y=7], time=2013-06-12 10:02:44.034, clock=43]
Position [agent=a1, id=null, cell=Cell [x=5, y=8], time=2013-06-12 10:02:44.155, clock=42]
Position [agent=a3, id=null, cell=Cell [x=18, y=19], time=2013-06-12 10:02:44.305, clock=43]
Position [agent=a3, id=null, cell=Cell [x=19, y=19], time=2013-06-12 10:02:45.453, clock=44]
Position [agent=a1, id=null, cell=Cell [x=5, y=7], time=2013-06-12 10:02:46.315, clock=45]
Position [agent=a1, id=null, cell=Cell [x=5, y=8], time=2013-06-12 10:02:46.397, clock=44]
Position [agent=a1, id=null, cell=Cell [x=5, y=7], time=2013-06-12 10:02:48.389, clock=47]
Position [agent=a1, id=null, cell=Cell [x=5, y=8], time=2013-06-12 10:02:48.521, clock=46]
Position [agent=a1, id=null, cell=Cell [x=5, y=7], time=2013-06-12 10:02:50.011, clock=49]
Position [agent=a1, id=null, cell=Cell [x=5, y=8], time=2013-06-12 10:02:50.089, clock=48]
Position [agent=a1, id=null, cell=Cell [x=5, y=7], time=2013-06-12 10:02:52.081, clock=51]
Position [agent=a1, id=null, cell=Cell [x=5, y=8], time=2013-06-12 10:02:52.222, clock=50]
Position [agent=a1, id=null, cell=Cell [x=5, y=7], time=2013-06-12 10:02:54.564, clock=53]
Position [agent=a1, id=null, cell=Cell [x=5, y=8], time=2013-06-12 10:02:54.689, clock=52]
Position [agent=a1, id=null, cell=Cell [x=5, y=7], time=2013-06-12 10:02:56.955, clock=56]
Position [agent=a1, id=null, cell=Cell [x=5, y=8], time=2013-06-12 10:02:57.089, clock=54]
Position [agent=a1, id=null, cell=Cell [x=5, y=7], time=2013-06-12 10:02:59.476, clock=58]
Position [agent=a1, id=null, cell=Cell [x=5, y=8], time=2013-06-12 10:02:59.593, clock=57]
-------------------------last log tuples end----------------------------------
register a1
register a2
register a3
register c1
register t1
