test2.
Service Registrar: 97502479-e0b5-4722-97d2-073f4f32200b
Java Space found.
TransactionManager found.
-------------------------last log tuples start--------------------------------
Obligation [agent=a1, obligation=[makeReading(8, 6)], sanction=[reduce_400(a1)], deadline=50, time=2013-06-12 10:14:16.838, clock=0]
Obligation [agent=a1, obligation=[makeReading(16, 16)], sanction=[reduce_400(a1)], deadline=50, time=2013-06-12 10:14:17.049, clock=0]
Position [agent=a1, id=null, cell=Cell [x=3, y=4], time=2013-06-12 10:14:15.384, clock=0]
ActionRequest [id=null, agent=a2, type=reading, cell=Cell [x=8, y=19], clock=0, time=2013-06-12 10:14:13.973]
Cargo [id=null, cell=Cell [x=19, y=19], time=2013-06-12 10:14:15.784, clock=0]
Position [agent=t1, id=null, cell=Cell [x=18, y=19], time=2013-06-12 10:14:16.023, clock=0]
Obligation [agent=a1, obligation=[makeReading(2, 2)], sanction=[reduce_400(a1)], deadline=50, time=2013-06-12 10:14:17.26, clock=0]
ActionRequest [id=null, agent=a3, type=reading, cell=Cell [x=11, y=1], clock=0, time=2013-06-12 10:14:13.986]
ActionRequest [id=null, agent=a1, type=reading, cell=Cell [x=2, y=2], clock=0, time=2013-06-12 10:14:22.926]
Prohibition [agent=t1, prohibition=[at(5, 5, t1)], sanction=[reduce_300(t1)], clock=0, time=2013-06-12 10:14:19.987]
Position [agent=a1, id=null, cell=Cell [x=3, y=5], time=2013-06-12 10:14:16.726, clock=0]
Obligation [agent=a2, obligation=[makeReading(8, 6)], sanction=[reduce_400(a2)], deadline=50, time=2013-06-12 10:14:17.879, clock=0]
Prohibition [agent=t1, prohibition=[at(5, 6, t1)], sanction=[reduce_300(t1)], clock=0, time=2013-06-12 10:14:19.99]
Prohibition [agent=t1, prohibition=[at(6, 5, t1)], sanction=[reduce_300(t1)], clock=0, time=2013-06-12 10:14:19.991]
Prohibition [agent=t1, prohibition=[at(6, 6, t1)], sanction=[reduce_300(t1)], clock=0, time=2013-06-12 10:14:19.994]
Obligation [agent=a2, obligation=[makeReading(16, 16)], sanction=[reduce_400(a2)], deadline=50, time=2013-06-12 10:14:18.297, clock=0]
Obligation [agent=a2, obligation=[makeReading(2, 2)], sanction=[reduce_400(a2)], deadline=50, time=2013-06-12 10:14:18.916, clock=0]
Position [agent=t1, id=null, cell=Cell [x=17, y=19], time=2013-06-12 10:14:17.121, clock=0]
Obligation [agent=a3, obligation=[makeReading(8, 6)], sanction=[reduce_400(a3)], deadline=50, time=2013-06-12 10:14:19.156, clock=0]
Position [agent=t1, id=null, cell=Cell [x=16, y=19], time=2013-06-12 10:14:17.632, clock=0]
Position [agent=t1, id=null, cell=Cell [x=15, y=19], time=2013-06-12 10:14:18.412, clock=0]
Prohibition [agent=c1, prohibition=[coin(5, 5, a1)], sanction=[reduce_300(c1)], clock=0, time=2013-06-12 10:14:20.416]
Prohibition [agent=c1, prohibition=[coin(5, 6, a1)], sanction=[reduce_300(c1)], clock=0, time=2013-06-12 10:14:20.419]
Obligation [agent=a3, obligation=[makeReading(16, 16)], sanction=[reduce_400(a3)], deadline=50, time=2013-06-12 10:14:19.367, clock=0]
Position [agent=a1, id=null, cell=Cell [x=2, y=5], time=2013-06-12 10:14:19.004, clock=0]
Position [agent=t1, id=null, cell=Cell [x=14, y=19], time=2013-06-12 10:14:19.151, clock=0]
Prohibition [agent=c1, prohibition=[coin(6, 5, a1)], sanction=[reduce_300(c1)], clock=0, time=2013-06-12 10:14:20.421]
Obligation [agent=a3, obligation=[makeReading(2, 2)], sanction=[reduce_400(a3)], deadline=50, time=2013-06-12 10:14:19.984, clock=0]
Prohibition [agent=c1, prohibition=[coin(6, 6, a1)], sanction=[reduce_300(c1)], clock=0, time=2013-06-12 10:14:20.423]
Prohibition [agent=c1, prohibition=[coin(5, 5, a2)], sanction=[reduce_300(c1)], clock=0, time=2013-06-12 10:14:20.432]
Position [agent=t1, id=null, cell=Cell [x=13, y=19], time=2013-06-12 10:14:19.746, clock=0]
Position [agent=a1, id=null, cell=Cell [x=2, y=4], time=2013-06-12 10:14:20.159, clock=0]
Position [agent=t1, id=null, cell=Cell [x=12, y=19], time=2013-06-12 10:14:20.602, clock=0]
Prohibition [agent=c1, prohibition=[coin(5, 6, a2)], sanction=[reduce_300(c1)], clock=0, time=2013-06-12 10:14:20.434]
Prohibition [agent=c1, prohibition=[coin(6, 5, a2)], sanction=[reduce_300(c1)], clock=0, time=2013-06-12 10:14:20.436]
Prohibition [agent=c1, prohibition=[coin(6, 6, a2)], sanction=[reduce_300(c1)], clock=0, time=2013-06-12 10:14:20.438]
Position [agent=t1, id=null, cell=Cell [x=11, y=19], time=2013-06-12 10:14:21.205, clock=0]
Prohibition [agent=c1, prohibition=[coin(5, 5, a3)], sanction=[reduce_300(c1)], clock=0, time=2013-06-12 10:14:20.446]
Prohibition [agent=c1, prohibition=[coin(5, 6, a3)], sanction=[reduce_300(c1)], clock=0, time=2013-06-12 10:14:20.448]
Prohibition [agent=c1, prohibition=[coin(6, 5, a3)], sanction=[reduce_300(c1)], clock=0, time=2013-06-12 10:14:20.456]
Position [agent=a1, id=null, cell=Cell [x=2, y=3], time=2013-06-12 10:14:21.67, clock=0]
Prohibition [agent=c1, prohibition=[coin(6, 6, a3)], sanction=[reduce_300(c1)], clock=0, time=2013-06-12 10:14:20.46]
Position [agent=t1, id=null, cell=Cell [x=10, y=19], time=2013-06-12 10:14:21.982, clock=0]
Position [agent=a1, id=null, cell=Cell [x=2, y=2], time=2013-06-12 10:14:22.558, clock=0]
Position [agent=t1, id=null, cell=Cell [x=9, y=19], time=2013-06-12 10:14:22.759, clock=0]
Position [agent=t1, id=null, cell=Cell [x=8, y=19], time=2013-06-12 10:14:23.513, clock=0]
Position [agent=t1, id=null, cell=Cell [x=7, y=19], time=2013-06-12 10:14:24.119, clock=0]
Position [agent=t1, id=null, cell=Cell [x=6, y=19], time=2013-06-12 10:14:24.743, clock=0]
Prohibition [agent=a1, prohibition=[at(5, 5, a1)], sanction=[reduce_300(a1)], clock=0, time=2013-06-12 10:14:21.508]
Prohibition [agent=a1, prohibition=[at(5, 6, a1)], sanction=[reduce_300(a1)], clock=0, time=2013-06-12 10:14:21.51]
Position [agent=t1, id=null, cell=Cell [x=5, y=19], time=2013-06-12 10:14:25.346, clock=0]
Position [agent=t1, id=null, cell=Cell [x=4, y=19], time=2013-06-12 10:14:25.939, clock=0]
Position [agent=t1, id=null, cell=Cell [x=3, y=19], time=2013-06-12 10:14:26.353, clock=0]
Prohibition [agent=a1, prohibition=[at(6, 5, a1)], sanction=[reduce_300(a1)], clock=0, time=2013-06-12 10:14:21.512]
Position [agent=t1, id=null, cell=Cell [x=2, y=19], time=2013-06-12 10:14:27.001, clock=0]
Position [agent=t1, id=null, cell=Cell [x=2, y=18], time=2013-06-12 10:14:27.798, clock=0]
Prohibition [agent=a1, prohibition=[at(6, 6, a1)], sanction=[reduce_300(a1)], clock=0, time=2013-06-12 10:14:21.514]
Position [agent=t1, id=null, cell=Cell [x=2, y=17], time=2013-06-12 10:14:28.392, clock=0]
Position [agent=t1, id=null, cell=Cell [x=2, y=16], time=2013-06-12 10:14:29.003, clock=0]
Prohibition [agent=a2, prohibition=[at(5, 5, a2)], sanction=[reduce_300(a2)], clock=0, time=2013-06-12 10:14:21.518]
Prohibition [agent=a2, prohibition=[at(5, 6, a2)], sanction=[reduce_300(a2)], clock=0, time=2013-06-12 10:14:21.52]
Position [agent=t1, id=null, cell=Cell [x=2, y=15], time=2013-06-12 10:14:29.63, clock=0]
Prohibition [agent=a2, prohibition=[at(6, 5, a2)], sanction=[reduce_300(a2)], clock=0, time=2013-06-12 10:14:21.526]
Prohibition [agent=a2, prohibition=[at(6, 6, a2)], sanction=[reduce_300(a2)], clock=0, time=2013-06-12 10:14:21.528]
Position [agent=t1, id=null, cell=Cell [x=2, y=14], time=2013-06-12 10:14:30.251, clock=0]
Position [agent=t1, id=null, cell=Cell [x=2, y=13], time=2013-06-12 10:14:30.807, clock=0]
Prohibition [agent=a3, prohibition=[at(5, 5, a3)], sanction=[reduce_300(a3)], clock=0, time=2013-06-12 10:14:21.53]
Prohibition [agent=a3, prohibition=[at(5, 6, a3)], sanction=[reduce_300(a3)], clock=0, time=2013-06-12 10:14:21.532]
Position [agent=t1, id=null, cell=Cell [x=2, y=12], time=2013-06-12 10:14:31.393, clock=0]
Position [agent=t1, id=null, cell=Cell [x=2, y=11], time=2013-06-12 10:14:31.973, clock=0]
Position [agent=t1, id=null, cell=Cell [x=2, y=10], time=2013-06-12 10:14:32.532, clock=0]
Prohibition [agent=a3, prohibition=[at(6, 5, a3)], sanction=[reduce_300(a3)], clock=0, time=2013-06-12 10:14:21.534]
Prohibition [agent=a3, prohibition=[at(6, 6, a3)], sanction=[reduce_300(a3)], clock=0, time=2013-06-12 10:14:21.535]
Position [agent=t1, id=null, cell=Cell [x=2, y=9], time=2013-06-12 10:14:33.173, clock=0]
Position [agent=t1, id=null, cell=Cell [x=2, y=8], time=2013-06-12 10:14:33.791, clock=0]
Position [agent=t1, id=null, cell=Cell [x=2, y=7], time=2013-06-12 10:14:34.404, clock=0]
Position [agent=t1, id=null, cell=Cell [x=2, y=6], time=2013-06-12 10:14:35.032, clock=0]
Position [agent=t1, id=null, cell=Cell [x=2, y=5], time=2013-06-12 10:14:35.644, clock=0]
Position [agent=t1, id=null, cell=Cell [x=2, y=4], time=2013-06-12 10:14:36.265, clock=0]
Position [agent=t1, id=null, cell=Cell [x=2, y=3], time=2013-06-12 10:14:37.091, clock=0]
Position [agent=t1, id=null, cell=Cell [x=2, y=2], time=2013-06-12 10:14:37.742, clock=0]
-------------------------last log tuples end----------------------------------
register a1
register a2
register a3
register c1
register t1
