test2.
Service Registrar: 97502479-e0b5-4722-97d2-073f4f32200b
Java Space found.
TransactionManager found.
-------------------------last log tuples start--------------------------------
Time [clock=1, time=2013-06-12 11:34:42.163]
Time [clock=2, time=2013-06-12 11:34:42.772]
Time [clock=3, time=2013-06-12 11:34:43.772]
Time [clock=4, time=2013-06-12 11:34:44.773]
Time [clock=5, time=2013-06-12 11:34:45.812]
Prohibition [agent=t1, prohibition=[at(5, 5, t1)], sanction=[reduce_300(t1)], clock=0, time=2013-06-12 11:34:44.409]
Time [clock=6, time=2013-06-12 11:34:46.778]
Time [clock=7, time=2013-06-12 11:34:47.777]
Time [clock=8, time=2013-06-12 11:34:48.78]
Time [clock=9, time=2013-06-12 11:34:49.78]
Time [clock=10, time=2013-06-12 11:34:50.782]
Time [clock=11, time=2013-06-12 11:34:51.787]
Points [agent=a1, time=2013-06-12 11:34:41.999, clock=0, value=1000, id=null]
Time [clock=12, time=2013-06-12 11:34:52.781]
Time [clock=13, time=2013-06-12 11:34:53.783]
Time [clock=14, time=2013-06-12 11:34:54.782]
Time [clock=15, time=2013-06-12 11:34:55.784]
Time [clock=16, time=2013-06-12 11:34:56.785]
Time [clock=17, time=2013-06-12 11:34:57.786]
Time [clock=18, time=2013-06-12 11:34:58.788]
Time [clock=19, time=2013-06-12 11:34:59.789]
Time [clock=20, time=2013-06-12 11:35:00.791]
Prohibition [agent=t1, prohibition=[at(5, 6, t1)], sanction=[reduce_300(t1)], clock=0, time=2013-06-12 11:34:44.415]
Time [clock=21, time=2013-06-12 11:35:01.791]
Time [clock=22, time=2013-06-12 11:35:02.792]
Time [clock=23, time=2013-06-12 11:35:03.792]
Time [clock=24, time=2013-06-12 11:35:04.837]
Time [clock=25, time=2013-06-12 11:35:05.796]
Time [clock=26, time=2013-06-12 11:35:06.798]
Time [clock=27, time=2013-06-12 11:35:07.797]
Time [clock=28, time=2013-06-12 11:35:08.798]
Time [clock=29, time=2013-06-12 11:35:09.799]
Time [clock=30, time=2013-06-12 11:35:10.799]
Time [clock=31, time=2013-06-12 11:35:11.8]
Time [clock=32, time=2013-06-12 11:35:12.802]
Time [clock=33, time=2013-06-12 11:35:13.803]
Time [clock=34, time=2013-06-12 11:35:14.802]
Time [clock=35, time=2013-06-12 11:35:15.806]
Points [agent=a2, time=2013-06-12 11:34:42.012, clock=0, value=1000, id=null]
Time [clock=36, time=2013-06-12 11:35:16.806]
Points [agent=a3, time=2013-06-12 11:34:42.014, clock=0, value=1000, id=null]
Time [clock=37, time=2013-06-12 11:35:17.806]
Prohibition [agent=t1, prohibition=[at(6, 5, t1)], sanction=[reduce_300(t1)], clock=0, time=2013-06-12 11:34:44.417]
Time [clock=38, time=2013-06-12 11:35:18.808]
Prohibition [agent=t1, prohibition=[at(6, 6, t1)], sanction=[reduce_300(t1)], clock=0, time=2013-06-12 11:34:44.419]
Time [clock=39, time=2013-06-12 11:35:19.809]
Time [clock=40, time=2013-06-12 11:35:20.809]
Time [clock=41, time=2013-06-12 11:35:21.811]
Time [clock=42, time=2013-06-12 11:35:22.851]
Points [agent=c1, time=2013-06-12 11:34:42.017, clock=0, value=1000, id=null]
Prohibition [agent=c1, prohibition=[coin(5, 5, a1)], sanction=[reduce_300(c1)], clock=0, time=2013-06-12 11:34:44.625]
Time [clock=43, time=2013-06-12 11:35:23.813]
Points [agent=t1, time=2013-06-12 11:34:42.019, clock=0, value=1000, id=null]
Time [clock=44, time=2013-06-12 11:35:24.813]
Time [clock=45, time=2013-06-12 11:35:25.816]
Time [clock=46, time=2013-06-12 11:35:26.814]
Time [clock=47, time=2013-06-12 11:35:27.816]
Time [clock=48, time=2013-06-12 11:35:28.815]
Time [clock=49, time=2013-06-12 11:35:29.817]
Time [clock=50, time=2013-06-12 11:35:30.817]
Time [clock=51, time=2013-06-12 11:35:31.819]
Time [clock=52, time=2013-06-12 11:35:32.819]
Prohibition [agent=c1, prohibition=[coin(5, 6, a1)], sanction=[reduce_300(c1)], clock=0, time=2013-06-12 11:34:44.627]
Prohibition [agent=c1, prohibition=[coin(6, 5, a1)], sanction=[reduce_300(c1)], clock=0, time=2013-06-12 11:34:44.628]
Time [clock=53, time=2013-06-12 11:35:33.821]
Time [clock=54, time=2013-06-12 11:35:34.82]
Time [clock=55, time=2013-06-12 11:35:35.824]
Time [clock=56, time=2013-06-12 11:35:36.823]
Time [clock=57, time=2013-06-12 11:35:37.826]
Time [clock=58, time=2013-06-12 11:35:38.825]
Time [clock=59, time=2013-06-12 11:35:39.827]
Time [clock=60, time=2013-06-12 11:35:40.826]
Time [clock=61, time=2013-06-12 11:35:41.87]
Prohibition [agent=c1, prohibition=[coin(6, 6, a1)], sanction=[reduce_300(c1)], clock=0, time=2013-06-12 11:34:44.629]
Time [clock=62, time=2013-06-12 11:35:42.828]
Prohibition [agent=c1, prohibition=[coin(5, 5, a2)], sanction=[reduce_300(c1)], clock=0, time=2013-06-12 11:34:44.631]
Prohibition [agent=c1, prohibition=[coin(5, 6, a2)], sanction=[reduce_300(c1)], clock=0, time=2013-06-12 11:34:44.632]
Prohibition [agent=c1, prohibition=[coin(6, 5, a2)], sanction=[reduce_300(c1)], clock=0, time=2013-06-12 11:34:44.633]
Time [clock=63, time=2013-06-12 11:35:43.831]
Time [clock=64, time=2013-06-12 11:35:44.83]
Time [clock=65, time=2013-06-12 11:35:45.834]
Time [clock=66, time=2013-06-12 11:35:46.832]
Time [clock=67, time=2013-06-12 11:35:47.834]
Time [clock=68, time=2013-06-12 11:35:48.833]
Time [clock=69, time=2013-06-12 11:35:49.836]
Time [clock=70, time=2013-06-12 11:35:50.836]
Time [clock=71, time=2013-06-12 11:35:51.836]
Time [clock=72, time=2013-06-12 11:35:52.837]
Time [clock=73, time=2013-06-12 11:35:53.839]
Time [clock=74, time=2013-06-12 11:35:54.838]
Time [clock=75, time=2013-06-12 11:35:55.843]
Time [clock=76, time=2013-06-12 11:35:56.842]
Time [clock=77, time=2013-06-12 11:35:57.843]
Time [clock=78, time=2013-06-12 11:35:58.844]
Time [clock=79, time=2013-06-12 11:35:59.845]
Time [clock=80, time=2013-06-12 11:36:00.887]
Time [clock=81, time=2013-06-12 11:36:01.846]
Time [clock=82, time=2013-06-12 11:36:02.845]
Time [clock=83, time=2013-06-12 11:36:03.847]
Time [clock=84, time=2013-06-12 11:36:04.847]
Prohibition [agent=c1, prohibition=[coin(6, 6, a2)], sanction=[reduce_300(c1)], clock=0, time=2013-06-12 11:34:44.635]
Time [clock=85, time=2013-06-12 11:36:05.85]
Time [clock=86, time=2013-06-12 11:36:06.849]
Time [clock=87, time=2013-06-12 11:36:07.851]
Prohibition [agent=c1, prohibition=[coin(5, 5, a3)], sanction=[reduce_300(c1)], clock=0, time=2013-06-12 11:34:44.656]
Time [clock=88, time=2013-06-12 11:36:08.85]
Time [clock=89, time=2013-06-12 11:36:09.852]
Time [clock=90, time=2013-06-12 11:36:10.852]
Time [clock=91, time=2013-06-12 11:36:11.854]
Time [clock=92, time=2013-06-12 11:36:12.856]
Time [clock=93, time=2013-06-12 11:36:13.856]
Time [clock=94, time=2013-06-12 11:36:14.855]
Time [clock=95, time=2013-06-12 11:36:15.858]
Time [clock=96, time=2013-06-12 11:36:16.857]
Time [clock=97, time=2013-06-12 11:36:17.858]
Time [clock=98, time=2013-06-12 11:36:18.859]
Time [clock=99, time=2013-06-12 11:36:19.901]
Time [clock=100, time=2013-06-12 11:36:20.86]
Time [clock=101, time=2013-06-12 11:36:21.86]
Time [clock=102, time=2013-06-12 11:36:22.863]
Time [clock=103, time=2013-06-12 11:36:23.863]
Time [clock=104, time=2013-06-12 11:36:24.863]
Time [clock=105, time=2013-06-12 11:36:25.866]
Time [clock=106, time=2013-06-12 11:36:26.865]
Time [clock=107, time=2013-06-12 11:36:27.867]
Time [clock=108, time=2013-06-12 11:36:28.867]
Time [clock=109, time=2013-06-12 11:36:29.868]
Time [clock=110, time=2013-06-12 11:36:30.87]
Time [clock=111, time=2013-06-12 11:36:31.871]
Time [clock=112, time=2013-06-12 11:36:32.871]
Time [clock=113, time=2013-06-12 11:36:33.871]
Time [clock=114, time=2013-06-12 11:36:34.872]
Time [clock=115, time=2013-06-12 11:36:35.874]
Time [clock=116, time=2013-06-12 11:36:36.875]
Time [clock=117, time=2013-06-12 11:36:37.917]
Time [clock=118, time=2013-06-12 11:36:38.876]
Time [clock=119, time=2013-06-12 11:36:39.877]
Time [clock=120, time=2013-06-12 11:36:40.878]
Time [clock=121, time=2013-06-12 11:36:41.878]
Time [clock=122, time=2013-06-12 11:36:42.88]
Time [clock=123, time=2013-06-12 11:36:43.88]
Time [clock=124, time=2013-06-12 11:36:44.881]
Time [clock=125, time=2013-06-12 11:36:45.883]
Time [clock=126, time=2013-06-12 11:36:46.883]
Time [clock=127, time=2013-06-12 11:36:47.883]
Time [clock=128, time=2013-06-12 11:36:48.882]
Time [clock=129, time=2013-06-12 11:36:49.885]
Time [clock=130, time=2013-06-12 11:36:50.886]
Time [clock=131, time=2013-06-12 11:36:51.887]
Time [clock=132, time=2013-06-12 11:36:52.888]
Time [clock=133, time=2013-06-12 11:36:53.888]
Prohibition [agent=c1, prohibition=[coin(5, 6, a3)], sanction=[reduce_300(c1)], clock=0, time=2013-06-12 11:34:44.659]
Time [clock=134, time=2013-06-12 11:36:54.89]
Time [clock=135, time=2013-06-12 11:36:55.893]
Time [clock=136, time=2013-06-12 11:36:56.935]
Time [clock=137, time=2013-06-12 11:36:57.895]
Time [clock=138, time=2013-06-12 11:36:58.895]
Time [clock=139, time=2013-06-12 11:36:59.895]
Prohibition [agent=c1, prohibition=[coin(6, 5, a3)], sanction=[reduce_300(c1)], clock=0, time=2013-06-12 11:34:44.661]
Time [clock=140, time=2013-06-12 11:37:00.895]
Prohibition [agent=c1, prohibition=[coin(6, 6, a3)], sanction=[reduce_300(c1)], clock=0, time=2013-06-12 11:34:44.662]
Time [clock=141, time=2013-06-12 11:37:01.895]
Time [clock=142, time=2013-06-12 11:37:02.899]
Time [clock=143, time=2013-06-12 11:37:03.898]
Time [clock=144, time=2013-06-12 11:37:04.898]
Time [clock=145, time=2013-06-12 11:37:05.9]
Time [clock=146, time=2013-06-12 11:37:06.899]
Time [clock=147, time=2013-06-12 11:37:07.9]
Time [clock=148, time=2013-06-12 11:37:08.901]
Time [clock=149, time=2013-06-12 11:37:09.901]
Time [clock=150, time=2013-06-12 11:37:10.901]
Time [clock=151, time=2013-06-12 11:37:11.903]
Time [clock=152, time=2013-06-12 11:37:12.903]
Time [clock=153, time=2013-06-12 11:37:13.904]
Time [clock=154, time=2013-06-12 11:37:14.907]
Time [clock=155, time=2013-06-12 11:37:15.949]
Time [clock=156, time=2013-06-12 11:37:16.907]
Time [clock=157, time=2013-06-12 11:37:17.907]
Time [clock=158, time=2013-06-12 11:37:18.907]
Time [clock=159, time=2013-06-12 11:37:19.909]
Time [clock=160, time=2013-06-12 11:37:20.91]
Time [clock=161, time=2013-06-12 11:37:21.91]
Time [clock=162, time=2013-06-12 11:37:22.91]
Time [clock=163, time=2013-06-12 11:37:23.913]
Time [clock=164, time=2013-06-12 11:37:24.913]
Time [clock=165, time=2013-06-12 11:37:25.916]
Time [clock=166, time=2013-06-12 11:37:26.914]
Time [clock=167, time=2013-06-12 11:37:27.915]
Time [clock=168, time=2013-06-12 11:37:28.916]
Time [clock=169, time=2013-06-12 11:37:29.918]
Time [clock=170, time=2013-06-12 11:37:30.919]
Time [clock=171, time=2013-06-12 11:37:31.92]
Time [clock=172, time=2013-06-12 11:37:32.92]
Time [clock=173, time=2013-06-12 11:37:33.964]
Time [clock=174, time=2013-06-12 11:37:34.922]
Time [clock=175, time=2013-06-12 11:37:35.923]
Time [clock=176, time=2013-06-12 11:37:36.924]
Time [clock=177, time=2013-06-12 11:37:37.923]
Time [clock=178, time=2013-06-12 11:37:38.924]
Time [clock=179, time=2013-06-12 11:37:39.926]
Time [clock=180, time=2013-06-12 11:37:40.925]
Time [clock=181, time=2013-06-12 11:37:41.927]
Time [clock=182, time=2013-06-12 11:37:42.928]
Time [clock=183, time=2013-06-12 11:37:43.929]
Time [clock=184, time=2013-06-12 11:37:44.93]
Time [clock=185, time=2013-06-12 11:37:45.932]
Time [clock=186, time=2013-06-12 11:37:46.932]
Time [clock=187, time=2013-06-12 11:37:47.933]
Time [clock=188, time=2013-06-12 11:37:48.933]
Time [clock=189, time=2013-06-12 11:37:49.934]
Time [clock=190, time=2013-06-12 11:37:50.936]
Time [clock=191, time=2013-06-12 11:37:51.936]
Time [clock=192, time=2013-06-12 11:37:52.98]
Time [clock=193, time=2013-06-12 11:37:53.94]
Time [clock=194, time=2013-06-12 11:37:54.938]
Time [clock=195, time=2013-06-12 11:37:55.942]
Time [clock=196, time=2013-06-12 11:37:56.943]
Time [clock=197, time=2013-06-12 11:37:57.942]
Time [clock=198, time=2013-06-12 11:37:58.944]
Time [clock=199, time=2013-06-12 11:37:59.945]
Time [clock=200, time=2013-06-12 11:38:00.946]
Prohibition [agent=a1, prohibition=[at(5, 5, a1)], sanction=[reduce_300(a1)], clock=0, time=2013-06-12 11:34:45.278]
Prohibition [agent=a1, prohibition=[at(5, 6, a1)], sanction=[reduce_300(a1)], clock=0, time=2013-06-12 11:34:45.28]
Prohibition [agent=a1, prohibition=[at(6, 5, a1)], sanction=[reduce_300(a1)], clock=0, time=2013-06-12 11:34:45.282]
Time [clock=201, time=2013-06-12 11:38:01.946]
Time [clock=202, time=2013-06-12 11:38:02.946]
Time [clock=203, time=2013-06-12 11:38:03.946]
Prohibition [agent=a1, prohibition=[at(6, 6, a1)], sanction=[reduce_300(a1)], clock=0, time=2013-06-12 11:34:45.284]
Prohibition [agent=a2, prohibition=[at(5, 5, a2)], sanction=[reduce_300(a2)], clock=0, time=2013-06-12 11:34:45.285]
Time [clock=204, time=2013-06-12 11:38:04.949]
Time [clock=205, time=2013-06-12 11:38:05.952]
Time [clock=206, time=2013-06-12 11:38:06.951]
Time [clock=207, time=2013-06-12 11:38:07.952]
Time [clock=208, time=2013-06-12 11:38:08.953]
Time [clock=209, time=2013-06-12 11:38:09.953]
Time [clock=210, time=2013-06-12 11:38:10.955]
Time [clock=211, time=2013-06-12 11:38:11.998]
Time [clock=212, time=2013-06-12 11:38:12.957]
Time [clock=213, time=2013-06-12 11:38:13.957]
Time [clock=214, time=2013-06-12 11:38:14.96]
Time [clock=215, time=2013-06-12 11:38:15.959]
Time [clock=216, time=2013-06-12 11:38:16.959]
Time [clock=217, time=2013-06-12 11:38:17.989]
Time [clock=218, time=2013-06-12 11:38:18.962]
Time [clock=219, time=2013-06-12 11:38:19.963]
Time [clock=220, time=2013-06-12 11:38:20.963]
Time [clock=221, time=2013-06-12 11:38:21.965]
Time [clock=222, time=2013-06-12 11:38:22.966]
Time [clock=223, time=2013-06-12 11:38:23.966]
Time [clock=224, time=2013-06-12 11:38:24.966]
Time [clock=225, time=2013-06-12 11:38:25.969]
Prohibition [agent=a2, prohibition=[at(5, 6, a2)], sanction=[reduce_300(a2)], clock=0, time=2013-06-12 11:34:45.286]
Prohibition [agent=a2, prohibition=[at(6, 5, a2)], sanction=[reduce_300(a2)], clock=0, time=2013-06-12 11:34:45.288]
Prohibition [agent=a2, prohibition=[at(6, 6, a2)], sanction=[reduce_300(a2)], clock=0, time=2013-06-12 11:34:45.289]
Prohibition [agent=a3, prohibition=[at(5, 5, a3)], sanction=[reduce_300(a3)], clock=0, time=2013-06-12 11:34:45.291]
Prohibition [agent=a3, prohibition=[at(5, 6, a3)], sanction=[reduce_300(a3)], clock=0, time=2013-06-12 11:34:45.293]
Prohibition [agent=a3, prohibition=[at(6, 5, a3)], sanction=[reduce_300(a3)], clock=0, time=2013-06-12 11:34:45.295]
Prohibition [agent=a3, prohibition=[at(6, 6, a3)], sanction=[reduce_300(a3)], clock=0, time=2013-06-12 11:34:45.297]
-------------------------last log tuples end----------------------------------
register a1
register a2
register a3
register c1
register t1
