test2.
Service Registrar: 97502479-e0b5-4722-97d2-073f4f32200b
Java Space found.
TransactionManager found.
-------------------------last log tuples start--------------------------------
Time [clock=225, time=2013-06-12 10:05:45.625]
Time [clock=226, time=2013-06-12 10:05:46.626]
Time [clock=227, time=2013-06-12 10:05:47.626]
Time [clock=228, time=2013-06-12 10:05:48.628]
Time [clock=229, time=2013-06-12 10:05:49.629]
Time [clock=230, time=2013-06-12 10:05:50.629]
Time [clock=231, time=2013-06-12 10:05:51.67]
Time [clock=232, time=2013-06-12 10:05:52.63]
Time [clock=233, time=2013-06-12 10:05:53.63]
Time [clock=234, time=2013-06-12 10:05:54.631]
Position [agent=t1, id=null, cell=Cell [x=18, y=19], time=2013-06-12 10:02:07.619, clock=6]
Time [clock=235, time=2013-06-12 10:05:55.631]
Position [agent=t1, id=null, cell=Cell [x=17, y=19], time=2013-06-12 10:02:09.147, clock=8]
Time [clock=236, time=2013-06-12 10:05:56.631]
Time [clock=237, time=2013-06-12 10:05:57.632]
Time [clock=238, time=2013-06-12 10:05:58.635]
Time [clock=239, time=2013-06-12 10:05:59.635]
Time [clock=240, time=2013-06-12 10:06:00.636]
Time [clock=241, time=2013-06-12 10:06:01.635]
Time [clock=242, time=2013-06-12 10:06:02.636]
Time [clock=243, time=2013-06-12 10:06:03.645]
Time [clock=244, time=2013-06-12 10:06:04.639]
Time [clock=245, time=2013-06-12 10:06:05.64]
Time [clock=246, time=2013-06-12 10:06:06.641]
Time [clock=247, time=2013-06-12 10:06:07.682]
Time [clock=248, time=2013-06-12 10:06:08.643]
Time [clock=249, time=2013-06-12 10:06:09.644]
Time [clock=250, time=2013-06-12 10:06:10.644]
Time [clock=251, time=2013-06-12 10:06:11.645]
Time [clock=252, time=2013-06-12 10:06:12.646]
Time [clock=253, time=2013-06-12 10:06:13.646]
Time [clock=254, time=2013-06-12 10:06:14.648]
Time [clock=255, time=2013-06-12 10:06:15.647]
Time [clock=256, time=2013-06-12 10:06:16.649]
Time [clock=257, time=2013-06-12 10:06:17.65]
Time [clock=258, time=2013-06-12 10:06:18.651]
Position [agent=t1, id=null, cell=Cell [x=16, y=19], time=2013-06-12 10:02:10.452, clock=9]
Time [clock=259, time=2013-06-12 10:06:19.652]
Time [clock=260, time=2013-06-12 10:06:20.654]
Time [clock=261, time=2013-06-12 10:06:21.654]
Time [clock=262, time=2013-06-12 10:06:22.697]
Time [clock=263, time=2013-06-12 10:06:23.656]
Time [clock=264, time=2013-06-12 10:06:24.656]
Time [clock=265, time=2013-06-12 10:06:25.658]
Time [clock=266, time=2013-06-12 10:06:26.659]
Time [clock=267, time=2013-06-12 10:06:27.659]
Time [clock=268, time=2013-06-12 10:06:28.659]
Time [clock=269, time=2013-06-12 10:06:29.661]
Time [clock=270, time=2013-06-12 10:06:30.662]
Time [clock=271, time=2013-06-12 10:06:31.663]
Time [clock=272, time=2013-06-12 10:06:32.664]
Time [clock=273, time=2013-06-12 10:06:33.666]
Time [clock=274, time=2013-06-12 10:06:34.665]
Time [clock=275, time=2013-06-12 10:06:35.666]
Time [clock=276, time=2013-06-12 10:06:36.667]
Time [clock=277, time=2013-06-12 10:06:37.668]
Time [clock=278, time=2013-06-12 10:06:38.709]
Position [agent=t1, id=null, cell=Cell [x=15, y=19], time=2013-06-12 10:02:11.077, clock=10]
Time [clock=279, time=2013-06-12 10:06:39.67]
Time [clock=280, time=2013-06-12 10:06:40.671]
Time [clock=281, time=2013-06-12 10:06:41.672]
Position [agent=t1, id=null, cell=Cell [x=14, y=19], time=2013-06-12 10:02:12.203, clock=11]
Time [clock=282, time=2013-06-12 10:06:42.672]
Time [clock=283, time=2013-06-12 10:06:43.673]
Time [clock=284, time=2013-06-12 10:06:44.673]
Time [clock=285, time=2013-06-12 10:06:45.674]
Time [clock=286, time=2013-06-12 10:06:46.676]
Time [clock=287, time=2013-06-12 10:06:47.676]
Time [clock=288, time=2013-06-12 10:06:48.677]
Time [clock=289, time=2013-06-12 10:06:49.678]
Position [agent=t1, id=null, cell=Cell [x=13, y=19], time=2013-06-12 10:02:13.483, clock=12]
Time [clock=290, time=2013-06-12 10:06:50.678]
Time [clock=291, time=2013-06-12 10:06:51.679]
Time [clock=292, time=2013-06-12 10:06:52.68]
Time [clock=293, time=2013-06-12 10:06:53.681]
Position [agent=t1, id=null, cell=Cell [x=12, y=19], time=2013-06-12 10:02:14.902, clock=14]
Time [clock=294, time=2013-06-12 10:06:54.725]
Time [clock=295, time=2013-06-12 10:06:55.684]
Time [clock=296, time=2013-06-12 10:06:56.685]
Time [clock=297, time=2013-06-12 10:06:57.686]
Time [clock=298, time=2013-06-12 10:06:58.686]
Time [clock=299, time=2013-06-12 10:06:59.687]
Time [clock=300, time=2013-06-12 10:07:00.688]
Time [clock=301, time=2013-06-12 10:07:01.69]
Time [clock=302, time=2013-06-12 10:07:02.689]
Time [clock=303, time=2013-06-12 10:07:03.691]
Time [clock=304, time=2013-06-12 10:07:04.691]
Time [clock=305, time=2013-06-12 10:07:05.692]
Time [clock=306, time=2013-06-12 10:07:06.692]
Time [clock=307, time=2013-06-12 10:07:07.695]
Time [clock=308, time=2013-06-12 10:07:08.695]
Time [clock=309, time=2013-06-12 10:07:09.736]
Time [clock=310, time=2013-06-12 10:07:10.7]
Time [clock=311, time=2013-06-12 10:07:11.699]
Time [clock=312, time=2013-06-12 10:07:12.701]
Time [clock=313, time=2013-06-12 10:07:13.7]
Time [clock=314, time=2013-06-12 10:07:14.701]
Time [clock=315, time=2013-06-12 10:07:15.703]
Position [agent=t1, id=null, cell=Cell [x=11, y=19], time=2013-06-12 10:02:15.721, clock=14]
Time [clock=316, time=2013-06-12 10:07:16.704]
Time [clock=317, time=2013-06-12 10:07:17.706]
Time [clock=318, time=2013-06-12 10:07:18.706]
Position [agent=t1, id=null, cell=Cell [x=10, y=19], time=2013-06-12 10:02:16.773, clock=15]
Time [clock=319, time=2013-06-12 10:07:19.706]
Time [clock=320, time=2013-06-12 10:07:20.705]
Time [clock=321, time=2013-06-12 10:07:21.707]
Time [clock=322, time=2013-06-12 10:07:22.708]
Time [clock=323, time=2013-06-12 10:07:23.71]
Time [clock=324, time=2013-06-12 10:07:24.711]
Time [clock=325, time=2013-06-12 10:07:25.751]
Time [clock=326, time=2013-06-12 10:07:26.712]
Time [clock=327, time=2013-06-12 10:07:27.713]
Time [clock=328, time=2013-06-12 10:07:28.714]
Time [clock=329, time=2013-06-12 10:07:29.714]
Time [clock=330, time=2013-06-12 10:07:30.715]
Time [clock=331, time=2013-06-12 10:07:31.717]
Time [clock=332, time=2013-06-12 10:07:32.717]
Time [clock=333, time=2013-06-12 10:07:33.718]
Time [clock=334, time=2013-06-12 10:07:34.719]
Time [clock=335, time=2013-06-12 10:07:35.72]
Time [clock=336, time=2013-06-12 10:07:36.72]
Time [clock=337, time=2013-06-12 10:07:37.722]
Time [clock=338, time=2013-06-12 10:07:38.722]
Time [clock=339, time=2013-06-12 10:07:39.723]
Time [clock=340, time=2013-06-12 10:07:40.725]
Time [clock=341, time=2013-06-12 10:07:41.771]
Time [clock=342, time=2013-06-12 10:07:42.726]
Time [clock=343, time=2013-06-12 10:07:43.726]
Time [clock=344, time=2013-06-12 10:07:44.728]
Time [clock=345, time=2013-06-12 10:07:45.727]
Time [clock=346, time=2013-06-12 10:07:46.727]
Time [clock=347, time=2013-06-12 10:07:47.728]
Time [clock=348, time=2013-06-12 10:07:48.73]
Time [clock=349, time=2013-06-12 10:07:49.733]
Time [clock=350, time=2013-06-12 10:07:50.731]
Time [clock=351, time=2013-06-12 10:07:51.732]
Time [clock=352, time=2013-06-12 10:07:52.732]
Time [clock=1, time=2013-06-12 10:09:19.199]
Time [clock=2, time=2013-06-12 10:09:19.82]
Time [clock=3, time=2013-06-12 10:09:20.82]
Time [clock=4, time=2013-06-12 10:09:21.819]
Time [clock=5, time=2013-06-12 10:09:22.821]
Position [agent=t1, id=null, cell=Cell [x=9, y=19], time=2013-06-12 10:02:18.71, clock=17]
Position [agent=t1, id=null, cell=Cell [x=8, y=19], time=2013-06-12 10:02:19.81, clock=19]
Time [clock=6, time=2013-06-12 10:09:23.822]
Time [clock=7, time=2013-06-12 10:09:24.822]
Reading [id=null, agent=a2, cell=Cell [x=8, y=19], time=2013-06-12 10:02:05.331, value=0.0, clock=0]
ActionRequest [id=null, agent=a2, type=reading, cell=Cell [x=8, y=19], clock=0, time=2013-06-12 10:02:05.025]
ActionRequest [id=null, agent=a3, type=reading, cell=Cell [x=11, y=1], clock=0, time=2013-06-12 10:02:05.062]
Cargo [id=null, cell=Cell [x=19, y=19], time=2013-06-12 10:02:07.174, clock=4]
Coin [id=null, cell=Cell [x=8, y=6], agent=a1, time=2013-06-12 10:02:07.821, clock=5]
Obligation [agent=a1, obligation=[makeReading(8, 6)], sanction=[reduce_400(a1)], deadline=51, time=2013-06-12 10:02:32.777, clock=0]
Obligation [agent=a1, obligation=[makeReading(16, 16)], sanction=[reduce_400(a1)], deadline=51, time=2013-06-12 10:02:32.985, clock=0]
Reading [id=null, agent=a3, cell=Cell [x=11, y=1], time=2013-06-12 10:02:05.734, value=0.0, clock=0]
Points [agent=a1, time=2013-06-12 10:02:01.806, clock=0, value=1000, id=null]
Position [agent=t1, id=null, cell=Cell [x=7, y=19], time=2013-06-12 10:02:21.504, clock=20]
Position [agent=t1, id=null, cell=Cell [x=6, y=19], time=2013-06-12 10:02:23.187, clock=22]
Position [agent=t1, id=null, cell=Cell [x=5, y=19], time=2013-06-12 10:02:23.996, clock=23]
Prohibition [agent=t1, prohibition=[at(5, 5, t1)], sanction=[reduce_300(t1)], clock=0, time=2013-06-12 10:02:04.124]
Points [agent=a2, time=2013-06-12 10:02:01.812, clock=0, value=1000, id=null]
Position [agent=t1, id=null, cell=Cell [x=4, y=19], time=2013-06-12 10:02:25.771, clock=24]
Position [agent=t1, id=null, cell=Cell [x=3, y=19], time=2013-06-12 10:02:27.595, clock=26]
Position [agent=t1, id=null, cell=Cell [x=2, y=19], time=2013-06-12 10:02:28.27, clock=27]
Prohibition [agent=t1, prohibition=[at(5, 6, t1)], sanction=[reduce_300(t1)], clock=0, time=2013-06-12 10:02:04.128]
Obligation [agent=a1, obligation=[makeReading(2, 2)], sanction=[reduce_400(a1)], deadline=51, time=2013-06-12 10:02:33.193, clock=0]
Obligation [agent=a2, obligation=[makeReading(8, 6)], sanction=[reduce_400(a2)], deadline=51, time=2013-06-12 10:02:33.411, clock=0]
Obligation [agent=a2, obligation=[makeReading(16, 16)], sanction=[reduce_400(a2)], deadline=51, time=2013-06-12 10:02:34.128, clock=0]
Points [agent=a3, time=2013-06-12 10:02:01.818, clock=0, value=1000, id=null]
Obligation [agent=a2, obligation=[makeReading(2, 2)], sanction=[reduce_400(a2)], deadline=51, time=2013-06-12 10:02:34.337, clock=0]
Points [agent=c1, time=2013-06-12 10:02:01.825, clock=0, value=1000, id=null]
Obligation [agent=a3, obligation=[makeReading(8, 6)], sanction=[reduce_400(a3)], deadline=51, time=2013-06-12 10:02:35.359, clock=0]
Obligation [agent=a3, obligation=[makeReading(16, 16)], sanction=[reduce_400(a3)], deadline=51, time=2013-06-12 10:02:35.571, clock=0]
Points [agent=t1, time=2013-06-12 10:02:01.827, clock=0, value=1000, id=null]
Obligation [agent=a3, obligation=[makeReading(2, 2)], sanction=[reduce_400(a3)], deadline=51, time=2013-06-12 10:02:36.323, clock=0]
Points [agent=a1, time=2013-06-12 10:09:19.064, clock=0, value=1000, id=null]
Obligation [agent=a1, obligation=[makeReading(8, 6)], sanction=[reduce_400(a1)], deadline=181, time=2013-06-12 10:04:12.623, clock=0]
Prohibition [agent=t1, prohibition=[at(6, 5, t1)], sanction=[reduce_300(t1)], clock=0, time=2013-06-12 10:02:04.129]
Position [agent=t1, id=null, cell=Cell [x=2, y=18], time=2013-06-12 10:02:29.496, clock=28]
Obligation [agent=a1, obligation=[makeReading(16, 16)], sanction=[reduce_400(a1)], deadline=181, time=2013-06-12 10:04:13.127, clock=0]
Prohibition [agent=t1, prohibition=[at(6, 6, t1)], sanction=[reduce_300(t1)], clock=0, time=2013-06-12 10:02:04.132]
Position [agent=t1, id=null, cell=Cell [x=2, y=17], time=2013-06-12 10:02:30.666, clock=29]
Position [agent=t1, id=null, cell=Cell [x=2, y=16], time=2013-06-12 10:02:32.908, clock=31]
Position [agent=t1, id=null, cell=Cell [x=2, y=15], time=2013-06-12 10:02:34.365, clock=33]
Position [agent=t1, id=null, cell=Cell [x=2, y=14], time=2013-06-12 10:02:35.165, clock=34]
Points [agent=a2, time=2013-06-12 10:09:19.091, clock=0, value=1000, id=null]
Position [agent=t1, id=null, cell=Cell [x=2, y=13], time=2013-06-12 10:02:36.238, clock=35]
Obligation [agent=a1, obligation=[makeReading(2, 2)], sanction=[reduce_400(a1)], deadline=181, time=2013-06-12 10:04:13.333, clock=0]
Prohibition [agent=c1, prohibition=[coin(5, 5, a1)], sanction=[reduce_300(c1)], clock=0, time=2013-06-12 10:02:04.343]
Position [agent=t1, id=null, cell=Cell [x=2, y=12], time=2013-06-12 10:02:37.501, clock=36]
Obligation [agent=a2, obligation=[makeReading(8, 6)], sanction=[reduce_400(a2)], deadline=181, time=2013-06-12 10:04:13.54, clock=0]
Points [agent=a3, time=2013-06-12 10:09:19.092, clock=0, value=1000, id=null]
Position [agent=t1, id=null, cell=Cell [x=2, y=11], time=2013-06-12 10:02:38.345, clock=37]
Prohibition [agent=c1, prohibition=[coin(5, 6, a1)], sanction=[reduce_300(c1)], clock=0, time=2013-06-12 10:02:04.345]
Obligation [agent=a2, obligation=[makeReading(16, 16)], sanction=[reduce_400(a2)], deadline=181, time=2013-06-12 10:04:14.063, clock=0]
Points [agent=c1, time=2013-06-12 10:09:19.094, clock=0, value=1000, id=null]
Obligation [agent=a2, obligation=[makeReading(2, 2)], sanction=[reduce_400(a2)], deadline=181, time=2013-06-12 10:04:14.269, clock=0]
Prohibition [agent=c1, prohibition=[coin(6, 5, a1)], sanction=[reduce_300(c1)], clock=0, time=2013-06-12 10:02:04.347]
Obligation [agent=a3, obligation=[makeReading(8, 6)], sanction=[reduce_400(a3)], deadline=181, time=2013-06-12 10:04:14.476, clock=0]
Position [agent=t1, id=null, cell=Cell [x=2, y=10], time=2013-06-12 10:02:39.481, clock=38]
Position [agent=t1, id=null, cell=Cell [x=2, y=9], time=2013-06-12 10:02:40.105, clock=39]
Obligation [agent=a3, obligation=[makeReading(16, 16)], sanction=[reduce_400(a3)], deadline=181, time=2013-06-12 10:04:14.682, clock=0]
Obligation [agent=a3, obligation=[makeReading(2, 2)], sanction=[reduce_400(a3)], deadline=181, time=2013-06-12 10:04:15.19, clock=0]
Prohibition [agent=c1, prohibition=[coin(6, 6, a1)], sanction=[reduce_300(c1)], clock=0, time=2013-06-12 10:02:04.349]
Position [agent=t1, id=null, cell=Cell [x=2, y=8], time=2013-06-12 10:02:41.278, clock=40]
Position [agent=t1, id=null, cell=Cell [x=2, y=7], time=2013-06-12 10:02:42.706, clock=41]
Prohibition [agent=c1, prohibition=[coin(5, 5, a2)], sanction=[reduce_300(c1)], clock=0, time=2013-06-12 10:02:04.351]
Position [agent=t1, id=null, cell=Cell [x=2, y=6], time=2013-06-12 10:02:43.758, clock=42]
Prohibition [agent=c1, prohibition=[coin(5, 6, a2)], sanction=[reduce_300(c1)], clock=0, time=2013-06-12 10:02:04.353]
Position [agent=t1, id=null, cell=Cell [x=2, y=5], time=2013-06-12 10:02:44.969, clock=44]
Position [agent=t1, id=null, cell=Cell [x=2, y=4], time=2013-06-12 10:02:46.026, clock=45]
Obligation [agent=a1, obligation=[makeReading(8, 6)], sanction=[reduce_400(a1)], deadline=309, time=2013-06-12 10:06:21.068, clock=0]
Prohibition [agent=c1, prohibition=[coin(6, 5, a2)], sanction=[reduce_300(c1)], clock=0, time=2013-06-12 10:02:04.356]
Obligation [agent=a1, obligation=[makeReading(16, 16)], sanction=[reduce_400(a1)], deadline=309, time=2013-06-12 10:06:21.276, clock=0]
Prohibition [agent=c1, prohibition=[coin(6, 6, a2)], sanction=[reduce_300(c1)], clock=0, time=2013-06-12 10:02:04.359]
Position [agent=t1, id=null, cell=Cell [x=2, y=3], time=2013-06-12 10:02:46.963, clock=46]
Prohibition [agent=c1, prohibition=[coin(5, 5, a3)], sanction=[reduce_300(c1)], clock=0, time=2013-06-12 10:02:04.365]
Obligation [agent=a1, obligation=[makeReading(2, 2)], sanction=[reduce_400(a1)], deadline=309, time=2013-06-12 10:06:21.482, clock=0]
Obligation [agent=a2, obligation=[makeReading(8, 6)], sanction=[reduce_400(a2)], deadline=309, time=2013-06-12 10:06:22.061, clock=0]
Position [agent=t1, id=null, cell=Cell [x=2, y=2], time=2013-06-12 10:02:47.998, clock=47]
Obligation [agent=a2, obligation=[makeReading(16, 16)], sanction=[reduce_400(a2)], deadline=309, time=2013-06-12 10:06:22.276, clock=0]
Position [agent=a1, id=null, cell=Cell [x=5, y=7], time=2013-06-12 10:03:01.667, clock=60]
Obligation [agent=a2, obligation=[makeReading(2, 2)], sanction=[reduce_400(a2)], deadline=309, time=2013-06-12 10:06:22.483, clock=0]
Prohibition [agent=c1, prohibition=[coin(5, 6, a3)], sanction=[reduce_300(c1)], clock=0, time=2013-06-12 10:02:04.378]
Position [agent=a1, id=null, cell=Cell [x=5, y=8], time=2013-06-12 10:03:01.784, clock=59]
Points [agent=t1, time=2013-06-12 10:09:19.095, clock=0, value=1000, id=null]
Prohibition [agent=c1, prohibition=[coin(6, 5, a3)], sanction=[reduce_300(c1)], clock=0, time=2013-06-12 10:02:04.38]
Position [agent=a1, id=null, cell=Cell [x=5, y=7], time=2013-06-12 10:03:03.99, clock=63]
Position [agent=a1, id=null, cell=Cell [x=5, y=8], time=2013-06-12 10:03:04.099, clock=61]
Obligation [agent=a3, obligation=[makeReading(8, 6)], sanction=[reduce_400(a3)], deadline=309, time=2013-06-12 10:06:23.106, clock=0]
Position [agent=a1, id=null, cell=Cell [x=5, y=7], time=2013-06-12 10:03:06.126, clock=65]
Prohibition [agent=c1, prohibition=[coin(6, 6, a3)], sanction=[reduce_300(c1)], clock=0, time=2013-06-12 10:02:04.382]
Obligation [agent=a3, obligation=[makeReading(16, 16)], sanction=[reduce_400(a3)], deadline=309, time=2013-06-12 10:06:23.314, clock=0]
Prohibition [agent=a1, prohibition=[at(5, 5, a1)], sanction=[reduce_300(a1)], clock=0, time=2013-06-12 10:02:05.01]
Position [agent=a1, id=null, cell=Cell [x=5, y=8], time=2013-06-12 10:03:06.248, clock=64]
Obligation [agent=a3, obligation=[makeReading(2, 2)], sanction=[reduce_400(a3)], deadline=309, time=2013-06-12 10:06:23.521, clock=0]
Prohibition [agent=a1, prohibition=[at(5, 6, a1)], sanction=[reduce_300(a1)], clock=0, time=2013-06-12 10:02:05.016]
Position [agent=a1, id=null, cell=Cell [x=5, y=7], time=2013-06-12 10:03:08.307, clock=67]
Prohibition [agent=a1, prohibition=[at(6, 5, a1)], sanction=[reduce_300(a1)], clock=0, time=2013-06-12 10:02:05.022]
Position [agent=a1, id=null, cell=Cell [x=5, y=8], time=2013-06-12 10:03:08.408, clock=66]
Position [agent=a1, id=null, cell=Cell [x=5, y=7], time=2013-06-12 10:03:10.423, clock=69]
Prohibition [agent=a1, prohibition=[at(6, 6, a1)], sanction=[reduce_300(a1)], clock=0, time=2013-06-12 10:02:05.025]
Position [agent=a1, id=null, cell=Cell [x=5, y=8], time=2013-06-12 10:03:10.552, clock=68]
Prohibition [agent=a2, prohibition=[at(5, 5, a2)], sanction=[reduce_300(a2)], clock=0, time=2013-06-12 10:02:05.029]
Position [agent=a1, id=null, cell=Cell [x=5, y=7], time=2013-06-12 10:03:12.61, clock=71]
Position [agent=a1, id=null, cell=Cell [x=5, y=8], time=2013-06-12 10:03:12.727, clock=70]
Position [agent=a1, id=null, cell=Cell [x=5, y=7], time=2013-06-12 10:03:14.974, clock=74]
Position [agent=a1, id=null, cell=Cell [x=5, y=8], time=2013-06-12 10:03:15.081, clock=72]
Prohibition [agent=a2, prohibition=[at(5, 6, a2)], sanction=[reduce_300(a2)], clock=0, time=2013-06-12 10:02:05.033]
Position [agent=a1, id=null, cell=Cell [x=5, y=7], time=2013-06-12 10:03:17.065, clock=76]
Position [agent=a1, id=null, cell=Cell [x=5, y=8], time=2013-06-12 10:03:17.176, clock=75]
Prohibition [agent=a2, prohibition=[at(6, 5, a2)], sanction=[reduce_300(a2)], clock=0, time=2013-06-12 10:02:05.036]
Position [agent=a1, id=null, cell=Cell [x=5, y=7], time=2013-06-12 10:03:19.06, clock=78]
Position [agent=a1, id=null, cell=Cell [x=5, y=8], time=2013-06-12 10:03:19.193, clock=77]
Prohibition [agent=a2, prohibition=[at(6, 6, a2)], sanction=[reduce_300(a2)], clock=0, time=2013-06-12 10:02:05.041]
Position [agent=a1, id=null, cell=Cell [x=5, y=7], time=2013-06-12 10:03:20.955, clock=80]
Position [agent=a1, id=null, cell=Cell [x=5, y=8], time=2013-06-12 10:03:21.071, clock=79]
Prohibition [agent=a3, prohibition=[at(5, 5, a3)], sanction=[reduce_300(a3)], clock=0, time=2013-06-12 10:02:05.046]
Prohibition [agent=a3, prohibition=[at(5, 6, a3)], sanction=[reduce_300(a3)], clock=0, time=2013-06-12 10:02:05.05]
Prohibition [agent=a3, prohibition=[at(6, 5, a3)], sanction=[reduce_300(a3)], clock=0, time=2013-06-12 10:02:05.054]
Position [agent=a1, id=null, cell=Cell [x=5, y=7], time=2013-06-12 10:03:22.926, clock=82]
Position [agent=a1, id=null, cell=Cell [x=5, y=8], time=2013-06-12 10:03:23.027, clock=81]
Prohibition [agent=a3, prohibition=[at(6, 6, a3)], sanction=[reduce_300(a3)], clock=0, time=2013-06-12 10:02:05.056]
Position [agent=a1, id=null, cell=Cell [x=5, y=7], time=2013-06-12 10:03:25.139, clock=84]
Position [agent=a1, id=null, cell=Cell [x=5, y=8], time=2013-06-12 10:03:25.258, clock=83]
Position [agent=a1, id=null, cell=Cell [x=5, y=7], time=2013-06-12 10:03:27.322, clock=86]
Prohibition [agent=a2, prohibition=[reading(8, 19, a2)], sanction=[reduce_300(a2)], clock=0, time=2013-06-12 10:02:37.557]
Prohibition [agent=a3, prohibition=[reading(11, 1, a3)], sanction=[reduce_300(a3)], clock=0, time=2013-06-12 10:02:38.265]
Position [agent=a1, id=null, cell=Cell [x=5, y=8], time=2013-06-12 10:03:27.438, clock=85]
Prohibition [agent=a2, prohibition=[reading(8, 19, a2)], sanction=[reduce_300(a2)], clock=0, time=2013-06-12 10:04:15.815]
Position [agent=a1, id=null, cell=Cell [x=5, y=7], time=2013-06-12 10:03:29.443, clock=88]
Prohibition [agent=a3, prohibition=[reading(11, 1, a3)], sanction=[reduce_300(a3)], clock=0, time=2013-06-12 10:04:16.326]
Position [agent=a1, id=null, cell=Cell [x=5, y=8], time=2013-06-12 10:03:29.571, clock=87]
Prohibition [agent=a2, prohibition=[reading(8, 19, a2)], sanction=[reduce_300(a2)], clock=0, time=2013-06-12 10:06:24.489]
Position [agent=a1, id=null, cell=Cell [x=5, y=7], time=2013-06-12 10:03:31.402, clock=90]
Prohibition [agent=a3, prohibition=[reading(11, 1, a3)], sanction=[reduce_300(a3)], clock=0, time=2013-06-12 10:06:25.065]
Position [agent=a1, id=null, cell=Cell [x=5, y=8], time=2013-06-12 10:03:31.501, clock=89]
Position [agent=a1, id=null, cell=Cell [x=5, y=7], time=2013-06-12 10:03:33.207, clock=92]
Position [agent=a1, id=null, cell=Cell [x=5, y=8], time=2013-06-12 10:03:33.314, clock=91]
Position [agent=a1, id=null, cell=Cell [x=5, y=7], time=2013-06-12 10:03:35.377, clock=94]
Position [agent=a1, id=null, cell=Cell [x=5, y=8], time=2013-06-12 10:03:35.482, clock=93]
Position [agent=a1, id=null, cell=Cell [x=5, y=7], time=2013-06-12 10:03:37.377, clock=96]
Position [agent=a1, id=null, cell=Cell [x=5, y=8], time=2013-06-12 10:03:37.48, clock=95]
Position [agent=a1, id=null, cell=Cell [x=5, y=7], time=2013-06-12 10:03:39.305, clock=98]
Position [agent=a1, id=null, cell=Cell [x=5, y=8], time=2013-06-12 10:03:39.415, clock=97]
Position [agent=a1, id=null, cell=Cell [x=5, y=7], time=2013-06-12 10:03:41.187, clock=100]
Position [agent=a1, id=null, cell=Cell [x=5, y=8], time=2013-06-12 10:03:41.287, clock=99]
Position [agent=a1, id=null, cell=Cell [x=5, y=7], time=2013-06-12 10:03:42.98, clock=102]
Position [agent=a1, id=null, cell=Cell [x=5, y=8], time=2013-06-12 10:03:43.085, clock=101]
Position [agent=a1, id=null, cell=Cell [x=5, y=7], time=2013-06-12 10:03:44.921, clock=104]
Position [agent=a1, id=null, cell=Cell [x=5, y=8], time=2013-06-12 10:03:45.027, clock=103]
Position [agent=a1, id=null, cell=Cell [x=5, y=7], time=2013-06-12 10:03:46.909, clock=106]
Position [agent=a1, id=null, cell=Cell [x=5, y=8], time=2013-06-12 10:03:47.011, clock=105]
Position [agent=a1, id=null, cell=Cell [x=5, y=7], time=2013-06-12 10:03:48.956, clock=108]
Position [agent=a1, id=null, cell=Cell [x=5, y=8], time=2013-06-12 10:03:49.051, clock=107]
Position [agent=a1, id=null, cell=Cell [x=5, y=7], time=2013-06-12 10:03:50.926, clock=110]
Position [agent=a1, id=null, cell=Cell [x=5, y=8], time=2013-06-12 10:03:51.014, clock=109]
Position [agent=a1, id=null, cell=Cell [x=5, y=7], time=2013-06-12 10:03:52.934, clock=112]
Position [agent=a1, id=null, cell=Cell [x=5, y=8], time=2013-06-12 10:03:53.033, clock=111]
Position [agent=a1, id=null, cell=Cell [x=5, y=7], time=2013-06-12 10:03:54.928, clock=114]
Position [agent=a1, id=null, cell=Cell [x=5, y=8], time=2013-06-12 10:03:55.025, clock=113]
Position [agent=a1, id=null, cell=Cell [x=5, y=7], time=2013-06-12 10:03:56.92, clock=116]
Position [agent=a1, id=null, cell=Cell [x=5, y=8], time=2013-06-12 10:03:57.016, clock=115]
Position [agent=a1, id=null, cell=Cell [x=5, y=7], time=2013-06-12 10:03:58.923, clock=118]
Position [agent=a1, id=null, cell=Cell [x=5, y=8], time=2013-06-12 10:03:59.043, clock=117]
Position [agent=a1, id=null, cell=Cell [x=5, y=7], time=2013-06-12 10:04:01.078, clock=120]
Position [agent=a1, id=null, cell=Cell [x=5, y=8], time=2013-06-12 10:04:01.179, clock=119]
Position [agent=a1, id=null, cell=Cell [x=5, y=7], time=2013-06-12 10:04:02.981, clock=122]
Position [agent=a1, id=null, cell=Cell [x=5, y=8], time=2013-06-12 10:04:03.08, clock=121]
Position [agent=a1, id=null, cell=Cell [x=5, y=7], time=2013-06-12 10:04:04.965, clock=124]
Position [agent=a1, id=null, cell=Cell [x=5, y=8], time=2013-06-12 10:04:05.062, clock=123]
Position [agent=a1, id=null, cell=Cell [x=5, y=7], time=2013-06-12 10:04:06.917, clock=126]
Position [agent=a1, id=null, cell=Cell [x=5, y=8], time=2013-06-12 10:04:07.015, clock=125]
Position [agent=a1, id=null, cell=Cell [x=5, y=7], time=2013-06-12 10:04:08.936, clock=128]
Position [agent=a1, id=null, cell=Cell [x=5, y=8], time=2013-06-12 10:04:09.044, clock=127]
Position [agent=a1, id=null, cell=Cell [x=5, y=7], time=2013-06-12 10:04:11.051, clock=130]
Position [agent=a1, id=null, cell=Cell [x=5, y=8], time=2013-06-12 10:04:11.146, clock=129]
Position [agent=a1, id=null, cell=Cell [x=5, y=7], time=2013-06-12 10:04:13.107, clock=132]
Position [agent=a1, id=null, cell=Cell [x=5, y=8], time=2013-06-12 10:04:13.211, clock=131]
Position [agent=a1, id=null, cell=Cell [x=5, y=7], time=2013-06-12 10:04:15.17, clock=134]
Position [agent=a1, id=null, cell=Cell [x=5, y=8], time=2013-06-12 10:04:15.279, clock=133]
Position [agent=a1, id=null, cell=Cell [x=5, y=7], time=2013-06-12 10:04:17.295, clock=136]
Position [agent=a1, id=null, cell=Cell [x=5, y=8], time=2013-06-12 10:04:17.395, clock=135]
Position [agent=a1, id=null, cell=Cell [x=5, y=7], time=2013-06-12 10:04:19.386, clock=138]
Position [agent=a1, id=null, cell=Cell [x=5, y=8], time=2013-06-12 10:04:19.49, clock=137]
Position [agent=a1, id=null, cell=Cell [x=5, y=7], time=2013-06-12 10:04:21.426, clock=140]
Position [agent=a1, id=null, cell=Cell [x=5, y=8], time=2013-06-12 10:04:21.539, clock=139]
Position [agent=a1, id=null, cell=Cell [x=5, y=7], time=2013-06-12 10:04:23.502, clock=142]
Position [agent=a1, id=null, cell=Cell [x=5, y=8], time=2013-06-12 10:04:23.612, clock=141]
Position [agent=a1, id=null, cell=Cell [x=5, y=7], time=2013-06-12 10:04:25.489, clock=144]
Position [agent=a1, id=null, cell=Cell [x=5, y=8], time=2013-06-12 10:04:25.612, clock=143]
Position [agent=a1, id=null, cell=Cell [x=5, y=7], time=2013-06-12 10:04:27.996, clock=147]
Position [agent=a1, id=null, cell=Cell [x=5, y=8], time=2013-06-12 10:04:28.145, clock=145]
Position [agent=a1, id=null, cell=Cell [x=5, y=7], time=2013-06-12 10:04:30.462, clock=149]
Position [agent=a1, id=null, cell=Cell [x=5, y=8], time=2013-06-12 10:04:30.575, clock=148]
Position [agent=a1, id=null, cell=Cell [x=5, y=7], time=2013-06-12 10:04:32.714, clock=151]
Position [agent=a1, id=null, cell=Cell [x=5, y=8], time=2013-06-12 10:04:32.823, clock=150]
Position [agent=a1, id=null, cell=Cell [x=5, y=7], time=2013-06-12 10:04:35.101, clock=154]
Position [agent=a1, id=null, cell=Cell [x=5, y=8], time=2013-06-12 10:04:35.208, clock=153]
Position [agent=a1, id=null, cell=Cell [x=5, y=7], time=2013-06-12 10:04:37.602, clock=156]
Position [agent=a1, id=null, cell=Cell [x=5, y=8], time=2013-06-12 10:04:37.708, clock=155]
Position [agent=a1, id=null, cell=Cell [x=5, y=7], time=2013-06-12 10:04:40.006, clock=159]
Position [agent=a1, id=null, cell=Cell [x=5, y=8], time=2013-06-12 10:04:40.104, clock=157]
Position [agent=a1, id=null, cell=Cell [x=5, y=7], time=2013-06-12 10:04:42.006, clock=161]
Position [agent=a1, id=null, cell=Cell [x=5, y=8], time=2013-06-12 10:04:42.106, clock=160]
Position [agent=a1, id=null, cell=Cell [x=5, y=7], time=2013-06-12 10:04:43.983, clock=163]
Position [agent=a1, id=null, cell=Cell [x=5, y=8], time=2013-06-12 10:04:44.084, clock=162]
Position [agent=a1, id=null, cell=Cell [x=5, y=7], time=2013-06-12 10:04:45.981, clock=165]
Position [agent=a1, id=null, cell=Cell [x=5, y=8], time=2013-06-12 10:04:46.086, clock=164]
Position [agent=a1, id=null, cell=Cell [x=5, y=7], time=2013-06-12 10:04:48.013, clock=167]
Position [agent=a1, id=null, cell=Cell [x=5, y=8], time=2013-06-12 10:04:48.117, clock=166]
Position [agent=a1, id=null, cell=Cell [x=5, y=7], time=2013-06-12 10:04:49.973, clock=169]
Position [agent=a1, id=null, cell=Cell [x=5, y=8], time=2013-06-12 10:04:50.069, clock=168]
Position [agent=a1, id=null, cell=Cell [x=5, y=7], time=2013-06-12 10:04:51.974, clock=171]
Position [agent=a1, id=null, cell=Cell [x=5, y=8], time=2013-06-12 10:04:52.084, clock=170]
Position [agent=a1, id=null, cell=Cell [x=5, y=7], time=2013-06-12 10:04:53.973, clock=173]
Position [agent=a1, id=null, cell=Cell [x=5, y=8], time=2013-06-12 10:04:54.069, clock=172]
Position [agent=a1, id=null, cell=Cell [x=5, y=7], time=2013-06-12 10:04:55.979, clock=175]
Position [agent=a1, id=null, cell=Cell [x=5, y=8], time=2013-06-12 10:04:56.078, clock=174]
Position [agent=a1, id=null, cell=Cell [x=5, y=7], time=2013-06-12 10:04:57.984, clock=177]
Position [agent=a1, id=null, cell=Cell [x=5, y=8], time=2013-06-12 10:04:58.083, clock=176]
Position [agent=a1, id=null, cell=Cell [x=5, y=7], time=2013-06-12 10:04:59.974, clock=179]
Position [agent=a1, id=null, cell=Cell [x=5, y=8], time=2013-06-12 10:05:00.076, clock=178]
Position [agent=a1, id=null, cell=Cell [x=5, y=7], time=2013-06-12 10:05:01.974, clock=181]
Position [agent=a1, id=null, cell=Cell [x=5, y=8], time=2013-06-12 10:05:02.072, clock=180]
Position [agent=a1, id=null, cell=Cell [x=5, y=7], time=2013-06-12 10:05:04.026, clock=183]
Position [agent=a1, id=null, cell=Cell [x=5, y=8], time=2013-06-12 10:05:04.128, clock=182]
Position [agent=a1, id=null, cell=Cell [x=5, y=7], time=2013-06-12 10:05:05.976, clock=185]
Position [agent=a1, id=null, cell=Cell [x=5, y=8], time=2013-06-12 10:05:06.073, clock=184]
Position [agent=a1, id=null, cell=Cell [x=5, y=7], time=2013-06-12 10:05:07.981, clock=187]
Position [agent=a1, id=null, cell=Cell [x=5, y=8], time=2013-06-12 10:05:08.079, clock=186]
Position [agent=a1, id=null, cell=Cell [x=5, y=7], time=2013-06-12 10:05:09.98, clock=189]
Position [agent=a1, id=null, cell=Cell [x=5, y=8], time=2013-06-12 10:05:10.077, clock=188]
Position [agent=a1, id=null, cell=Cell [x=5, y=7], time=2013-06-12 10:05:12.007, clock=191]
Position [agent=a1, id=null, cell=Cell [x=5, y=8], time=2013-06-12 10:05:12.108, clock=190]
Position [agent=a1, id=null, cell=Cell [x=5, y=7], time=2013-06-12 10:05:14.15, clock=193]
Position [agent=a1, id=null, cell=Cell [x=5, y=8], time=2013-06-12 10:05:14.243, clock=192]
Position [agent=a1, id=null, cell=Cell [x=5, y=7], time=2013-06-12 10:05:16.014, clock=195]
Position [agent=a1, id=null, cell=Cell [x=5, y=8], time=2013-06-12 10:05:16.109, clock=194]
Position [agent=a1, id=null, cell=Cell [x=5, y=7], time=2013-06-12 10:05:17.995, clock=197]
Position [agent=a1, id=null, cell=Cell [x=5, y=8], time=2013-06-12 10:05:18.087, clock=196]
Position [agent=a1, id=null, cell=Cell [x=5, y=7], time=2013-06-12 10:05:20.089, clock=199]
Position [agent=a1, id=null, cell=Cell [x=5, y=8], time=2013-06-12 10:05:20.194, clock=198]
Position [agent=a1, id=null, cell=Cell [x=5, y=7], time=2013-06-12 10:05:22.399, clock=201]
Position [agent=a1, id=null, cell=Cell [x=5, y=8], time=2013-06-12 10:05:22.504, clock=200]
Position [agent=a1, id=null, cell=Cell [x=5, y=7], time=2013-06-12 10:05:24.397, clock=203]
Position [agent=a1, id=null, cell=Cell [x=5, y=8], time=2013-06-12 10:05:24.491, clock=202]
Position [agent=a1, id=null, cell=Cell [x=5, y=7], time=2013-06-12 10:05:26.657, clock=205]
Position [agent=a1, id=null, cell=Cell [x=5, y=8], time=2013-06-12 10:05:26.767, clock=204]
Position [agent=a1, id=null, cell=Cell [x=5, y=7], time=2013-06-12 10:05:28.515, clock=207]
Position [agent=a1, id=null, cell=Cell [x=5, y=8], time=2013-06-12 10:05:28.607, clock=206]
Position [agent=a1, id=null, cell=Cell [x=5, y=7], time=2013-06-12 10:05:30.389, clock=209]
Position [agent=a1, id=null, cell=Cell [x=5, y=8], time=2013-06-12 10:05:30.483, clock=208]
Position [agent=a1, id=null, cell=Cell [x=5, y=7], time=2013-06-12 10:05:32.727, clock=211]
Position [agent=a1, id=null, cell=Cell [x=5, y=8], time=2013-06-12 10:05:32.849, clock=210]
Position [agent=a1, id=null, cell=Cell [x=5, y=7], time=2013-06-12 10:05:35.133, clock=214]
Position [agent=a1, id=null, cell=Cell [x=5, y=8], time=2013-06-12 10:05:35.212, clock=213]
Position [agent=a1, id=null, cell=Cell [x=5, y=7], time=2013-06-12 10:05:37.009, clock=216]
Position [agent=a1, id=null, cell=Cell [x=5, y=8], time=2013-06-12 10:05:37.083, clock=215]
Position [agent=a1, id=null, cell=Cell [x=5, y=7], time=2013-06-12 10:05:38.962, clock=218]
Position [agent=a1, id=null, cell=Cell [x=5, y=8], time=2013-06-12 10:05:39.04, clock=217]
Position [agent=a1, id=null, cell=Cell [x=5, y=7], time=2013-06-12 10:05:40.955, clock=220]
Position [agent=a1, id=null, cell=Cell [x=5, y=8], time=2013-06-12 10:05:41.033, clock=219]
Position [agent=a1, id=null, cell=Cell [x=5, y=7], time=2013-06-12 10:05:43.001, clock=222]
Position [agent=a1, id=null, cell=Cell [x=5, y=8], time=2013-06-12 10:05:43.072, clock=221]
Position [agent=a1, id=null, cell=Cell [x=5, y=7], time=2013-06-12 10:05:44.961, clock=224]
Position [agent=a1, id=null, cell=Cell [x=5, y=8], time=2013-06-12 10:05:45.037, clock=223]
Position [agent=a1, id=null, cell=Cell [x=5, y=7], time=2013-06-12 10:05:46.72, clock=225]
Position [agent=a1, id=null, cell=Cell [x=5, y=8], time=2013-06-12 10:05:46.794, clock=224]
Position [agent=a1, id=null, cell=Cell [x=5, y=7], time=2013-06-12 10:05:48.602, clock=227]
Position [agent=a1, id=null, cell=Cell [x=5, y=8], time=2013-06-12 10:05:48.672, clock=226]
Position [agent=a1, id=null, cell=Cell [x=5, y=7], time=2013-06-12 10:05:50.474, clock=229]
Position [agent=a1, id=null, cell=Cell [x=5, y=8], time=2013-06-12 10:05:50.546, clock=228]
Position [agent=a1, id=null, cell=Cell [x=5, y=7], time=2013-06-12 10:05:52.368, clock=231]
Position [agent=a1, id=null, cell=Cell [x=5, y=8], time=2013-06-12 10:05:52.439, clock=230]
Position [agent=a1, id=null, cell=Cell [x=5, y=7], time=2013-06-12 10:05:54.247, clock=233]
Position [agent=a1, id=null, cell=Cell [x=5, y=8], time=2013-06-12 10:05:54.318, clock=232]
Position [agent=a1, id=null, cell=Cell [x=5, y=7], time=2013-06-12 10:05:56.143, clock=235]
Position [agent=a1, id=null, cell=Cell [x=5, y=8], time=2013-06-12 10:05:56.214, clock=234]
Position [agent=a1, id=null, cell=Cell [x=5, y=7], time=2013-06-12 10:05:57.756, clock=236]
Position [agent=a1, id=null, cell=Cell [x=5, y=8], time=2013-06-12 10:05:57.819, clock=236]
Position [agent=a1, id=null, cell=Cell [x=5, y=7], time=2013-06-12 10:05:59.45, clock=238]
Position [agent=a1, id=null, cell=Cell [x=5, y=8], time=2013-06-12 10:05:59.524, clock=237]
Position [agent=a1, id=null, cell=Cell [x=5, y=7], time=2013-06-12 10:06:01.357, clock=240]
Position [agent=a1, id=null, cell=Cell [x=5, y=8], time=2013-06-12 10:06:01.435, clock=239]
Position [agent=a1, id=null, cell=Cell [x=5, y=7], time=2013-06-12 10:06:03.044, clock=242]
Position [agent=a1, id=null, cell=Cell [x=5, y=8], time=2013-06-12 10:06:03.116, clock=241]
Position [agent=a1, id=null, cell=Cell [x=5, y=7], time=2013-06-12 10:06:04.984, clock=244]
Position [agent=a1, id=null, cell=Cell [x=5, y=8], time=2013-06-12 10:06:05.051, clock=243]
Position [agent=a1, id=null, cell=Cell [x=5, y=7], time=2013-06-12 10:06:07.177, clock=246]
Position [agent=a1, id=null, cell=Cell [x=5, y=8], time=2013-06-12 10:06:07.25, clock=245]
Position [agent=a1, id=null, cell=Cell [x=5, y=7], time=2013-06-12 10:06:08.984, clock=248]
Position [agent=a1, id=null, cell=Cell [x=5, y=8], time=2013-06-12 10:06:09.049, clock=247]
Position [agent=a1, id=null, cell=Cell [x=5, y=7], time=2013-06-12 10:06:10.553, clock=249]
Position [agent=a1, id=null, cell=Cell [x=5, y=8], time=2013-06-12 10:06:10.62, clock=248]
Position [agent=a1, id=null, cell=Cell [x=5, y=7], time=2013-06-12 10:06:12.296, clock=251]
Position [agent=a1, id=null, cell=Cell [x=5, y=8], time=2013-06-12 10:06:12.371, clock=250]
Position [agent=a1, id=null, cell=Cell [x=5, y=7], time=2013-06-12 10:06:14.215, clock=253]
Position [agent=a1, id=null, cell=Cell [x=5, y=8], time=2013-06-12 10:06:14.295, clock=252]
Position [agent=a1, id=null, cell=Cell [x=5, y=7], time=2013-06-12 10:06:16.148, clock=255]
Position [agent=a1, id=null, cell=Cell [x=5, y=8], time=2013-06-12 10:06:16.223, clock=254]
Position [agent=a1, id=null, cell=Cell [x=5, y=7], time=2013-06-12 10:06:17.989, clock=257]
Position [agent=a1, id=null, cell=Cell [x=5, y=8], time=2013-06-12 10:06:18.07, clock=256]
Position [agent=a1, id=null, cell=Cell [x=5, y=7], time=2013-06-12 10:06:20.014, clock=259]
Position [agent=a1, id=null, cell=Cell [x=5, y=8], time=2013-06-12 10:06:20.09, clock=258]
Position [agent=a1, id=null, cell=Cell [x=5, y=7], time=2013-06-12 10:06:21.999, clock=261]
Position [agent=a1, id=null, cell=Cell [x=5, y=8], time=2013-06-12 10:06:22.082, clock=260]
Position [agent=a1, id=null, cell=Cell [x=5, y=7], time=2013-06-12 10:06:24.006, clock=263]
Position [agent=a1, id=null, cell=Cell [x=5, y=8], time=2013-06-12 10:06:24.075, clock=262]
Position [agent=a1, id=null, cell=Cell [x=5, y=7], time=2013-06-12 10:06:26.027, clock=265]
Position [agent=a1, id=null, cell=Cell [x=5, y=8], time=2013-06-12 10:06:26.095, clock=264]
Position [agent=a1, id=null, cell=Cell [x=5, y=7], time=2013-06-12 10:06:28.006, clock=267]
Position [agent=a1, id=null, cell=Cell [x=5, y=8], time=2013-06-12 10:06:28.088, clock=266]
Position [agent=a1, id=null, cell=Cell [x=5, y=7], time=2013-06-12 10:06:30.01, clock=269]
Position [agent=a1, id=null, cell=Cell [x=5, y=8], time=2013-06-12 10:06:30.081, clock=268]
Position [agent=a1, id=null, cell=Cell [x=5, y=7], time=2013-06-12 10:06:32.019, clock=271]
Position [agent=a1, id=null, cell=Cell [x=5, y=8], time=2013-06-12 10:06:32.098, clock=270]
Position [agent=a1, id=null, cell=Cell [x=5, y=7], time=2013-06-12 10:06:34.037, clock=273]
Position [agent=a1, id=null, cell=Cell [x=5, y=8], time=2013-06-12 10:06:34.117, clock=272]
Position [agent=a1, id=null, cell=Cell [x=5, y=7], time=2013-06-12 10:06:36.206, clock=275]
Position [agent=a1, id=null, cell=Cell [x=5, y=8], time=2013-06-12 10:06:36.274, clock=274]
Position [agent=a1, id=null, cell=Cell [x=5, y=7], time=2013-06-12 10:06:38.358, clock=277]
Position [agent=a1, id=null, cell=Cell [x=5, y=8], time=2013-06-12 10:06:38.431, clock=276]
Position [agent=a1, id=null, cell=Cell [x=5, y=7], time=2013-06-12 10:06:40.232, clock=279]
Position [agent=a1, id=null, cell=Cell [x=5, y=8], time=2013-06-12 10:06:40.312, clock=278]
Position [agent=a1, id=null, cell=Cell [x=5, y=7], time=2013-06-12 10:06:42.217, clock=281]
Position [agent=a1, id=null, cell=Cell [x=5, y=8], time=2013-06-12 10:06:42.285, clock=280]
Position [agent=a1, id=null, cell=Cell [x=5, y=7], time=2013-06-12 10:06:44.153, clock=283]
Position [agent=a1, id=null, cell=Cell [x=5, y=8], time=2013-06-12 10:06:44.222, clock=282]
Position [agent=a1, id=null, cell=Cell [x=5, y=7], time=2013-06-12 10:06:45.999, clock=285]
Position [agent=a1, id=null, cell=Cell [x=5, y=8], time=2013-06-12 10:06:46.065, clock=284]
Position [agent=a1, id=null, cell=Cell [x=5, y=7], time=2013-06-12 10:06:47.557, clock=286]
Position [agent=a1, id=null, cell=Cell [x=5, y=8], time=2013-06-12 10:06:47.634, clock=285]
Position [agent=a1, id=null, cell=Cell [x=5, y=7], time=2013-06-12 10:06:49.492, clock=288]
Position [agent=a1, id=null, cell=Cell [x=5, y=8], time=2013-06-12 10:06:49.563, clock=287]
Position [agent=a1, id=null, cell=Cell [x=5, y=7], time=2013-06-12 10:06:51.239, clock=290]
Position [agent=a1, id=null, cell=Cell [x=5, y=8], time=2013-06-12 10:06:51.308, clock=289]
Position [agent=a1, id=null, cell=Cell [x=5, y=7], time=2013-06-12 10:06:53.007, clock=292]
Position [agent=a1, id=null, cell=Cell [x=5, y=8], time=2013-06-12 10:06:53.082, clock=291]
Position [agent=a1, id=null, cell=Cell [x=5, y=7], time=2013-06-12 10:06:54.77, clock=293]
Position [agent=a1, id=null, cell=Cell [x=5, y=8], time=2013-06-12 10:06:54.839, clock=292]
Position [agent=a1, id=null, cell=Cell [x=5, y=7], time=2013-06-12 10:06:56.926, clock=295]
Position [agent=a1, id=null, cell=Cell [x=5, y=8], time=2013-06-12 10:06:57.085, clock=294]
Position [agent=a1, id=null, cell=Cell [x=5, y=7], time=2013-06-12 10:06:59.427, clock=298]
Position [agent=a1, id=null, cell=Cell [x=5, y=8], time=2013-06-12 10:06:59.556, clock=297]
Position [agent=a1, id=null, cell=Cell [x=5, y=7], time=2013-06-12 10:07:01.819, clock=300]
Position [agent=a1, id=null, cell=Cell [x=5, y=8], time=2013-06-12 10:07:01.94, clock=299]
Position [agent=a1, id=null, cell=Cell [x=5, y=7], time=2013-06-12 10:07:04.546, clock=303]
Position [agent=a1, id=null, cell=Cell [x=5, y=8], time=2013-06-12 10:07:04.702, clock=302]
Position [agent=a1, id=null, cell=Cell [x=5, y=7], time=2013-06-12 10:07:07.595, clock=306]
Position [agent=a1, id=null, cell=Cell [x=5, y=8], time=2013-06-12 10:07:07.733, clock=305]
Position [agent=a1, id=null, cell=Cell [x=5, y=7], time=2013-06-12 10:07:10.533, clock=309]
Position [agent=a1, id=null, cell=Cell [x=5, y=8], time=2013-06-12 10:07:10.667, clock=308]
Position [agent=a1, id=null, cell=Cell [x=5, y=7], time=2013-06-12 10:07:13.29, clock=312]
Position [agent=a1, id=null, cell=Cell [x=5, y=8], time=2013-06-12 10:07:13.408, clock=311]
Position [agent=a1, id=null, cell=Cell [x=5, y=7], time=2013-06-12 10:07:15.664, clock=314]
Position [agent=a1, id=null, cell=Cell [x=5, y=8], time=2013-06-12 10:07:15.782, clock=313]
Position [agent=a1, id=null, cell=Cell [x=5, y=7], time=2013-06-12 10:07:18.128, clock=317]
Position [agent=a1, id=null, cell=Cell [x=5, y=8], time=2013-06-12 10:07:18.239, clock=315]
Position [agent=a1, id=null, cell=Cell [x=5, y=7], time=2013-06-12 10:07:20.548, clock=319]
Position [agent=a1, id=null, cell=Cell [x=5, y=8], time=2013-06-12 10:07:20.656, clock=318]
Position [agent=a1, id=null, cell=Cell [x=5, y=7], time=2013-06-12 10:07:23.2, clock=322]
Position [agent=a1, id=null, cell=Cell [x=5, y=8], time=2013-06-12 10:07:23.349, clock=320]
Position [agent=a1, id=null, cell=Cell [x=5, y=7], time=2013-06-12 10:07:26.157, clock=325]
Position [agent=a1, id=null, cell=Cell [x=5, y=8], time=2013-06-12 10:07:26.259, clock=323]
Position [agent=a1, id=null, cell=Cell [x=5, y=7], time=2013-06-12 10:07:28.528, clock=327]
Position [agent=a1, id=null, cell=Cell [x=5, y=8], time=2013-06-12 10:07:28.639, clock=326]
Position [agent=a1, id=null, cell=Cell [x=5, y=7], time=2013-06-12 10:07:31.169, clock=330]
Position [agent=a1, id=null, cell=Cell [x=5, y=8], time=2013-06-12 10:07:31.272, clock=328]
Position [agent=a1, id=null, cell=Cell [x=5, y=7], time=2013-06-12 10:07:33.596, clock=332]
Position [agent=a1, id=null, cell=Cell [x=5, y=8], time=2013-06-12 10:07:33.708, clock=331]
Position [agent=a1, id=null, cell=Cell [x=5, y=7], time=2013-06-12 10:07:36.237, clock=335]
Position [agent=a1, id=null, cell=Cell [x=5, y=8], time=2013-06-12 10:07:36.378, clock=333]
Position [agent=a1, id=null, cell=Cell [x=5, y=7], time=2013-06-12 10:07:38.836, clock=337]
Position [agent=a1, id=null, cell=Cell [x=5, y=8], time=2013-06-12 10:07:39.001, clock=336]
Position [agent=a1, id=null, cell=Cell [x=5, y=7], time=2013-06-12 10:07:41.321, clock=340]
Position [agent=a1, id=null, cell=Cell [x=5, y=8], time=2013-06-12 10:07:41.433, clock=339]
Position [agent=a1, id=null, cell=Cell [x=5, y=7], time=2013-06-12 10:07:43.737, clock=342]
Position [agent=a1, id=null, cell=Cell [x=5, y=8], time=2013-06-12 10:07:43.849, clock=341]
Position [agent=a1, id=null, cell=Cell [x=5, y=7], time=2013-06-12 10:07:46.344, clock=345]
Position [agent=a1, id=null, cell=Cell [x=5, y=8], time=2013-06-12 10:07:46.446, clock=344]
Position [agent=a1, id=null, cell=Cell [x=5, y=7], time=2013-06-12 10:07:48.748, clock=347]
Position [agent=a1, id=null, cell=Cell [x=5, y=8], time=2013-06-12 10:07:48.87, clock=346]
Position [agent=a1, id=null, cell=Cell [x=5, y=7], time=2013-06-12 10:07:51.81, clock=350]
Position [agent=a1, id=null, cell=Cell [x=5, y=8], time=2013-06-12 10:07:51.951, clock=349]
-------------------------last log tuples end----------------------------------
register a1
register a2
register a3
register c1
register t1
from/for agent a3  reading(position(11, 1))
Reading [id=null, agent=a3, cell=Cell [x=11, y=1], time=null, value=null, clock=null]
from/for agent a2  reading(position(8, 19))
Reading [id=null, agent=a2, cell=Cell [x=8, y=19], time=null, value=null, clock=null]
got reading: Reading [id=null, agent=a3, cell=Cell [x=11, y=1], time=2013-06-12 10:09:28.001, value=0.0, clock=0]
org reading notification
got reading: Reading [id=null, agent=a2, cell=Cell [x=8, y=19], time=2013-06-12 10:09:28.019, value=0.0, clock=0]
org reading notification
org position notification
org position notification
org position notification
Organization notifies agent (write): Obligation [agent=a3, obligation=[makeReading(8, 6)], sanction=[reduce_400(a3)], deadline=60, time=2013-06-12 10:09:32.351, clock=0]
org cargo notification
org position notification
org coin notification
org coin notification
org coin notification
Organization notifies agent (write): Obligation [agent=a3, obligation=[makeReading(16, 16)], sanction=[reduce_400(a3)], deadline=60, time=2013-06-12 10:09:33.681, clock=0]
Organization notifies agent (write): Obligation [agent=a3, obligation=[makeReading(2, 2)], sanction=[reduce_400(a3)], deadline=60, time=2013-06-12 10:09:34.251, clock=0]
Organization notifies agent (write): Prohibition [agent=t1, prohibition=[at(5, 5, t1)], sanction=[reduce_300(t1)], clock=0, time=2013-06-12 10:09:34.253]
Organization notifies agent (write): Prohibition [agent=t1, prohibition=[at(5, 6, t1)], sanction=[reduce_300(t1)], clock=0, time=2013-06-12 10:09:34.255]
Organization notifies agent (write): Prohibition [agent=t1, prohibition=[at(6, 5, t1)], sanction=[reduce_300(t1)], clock=0, time=2013-06-12 10:09:34.256]
Organization notifies agent (write): Prohibition [agent=t1, prohibition=[at(6, 6, t1)], sanction=[reduce_300(t1)], clock=0, time=2013-06-12 10:09:34.258]
from/for agent a1  reading(position(5, 5))
Reading [id=null, agent=a1, cell=Cell [x=5, y=5], time=null, value=null, clock=null]
Organization notifies agent (write): Prohibition [agent=c1, prohibition=[coin(5, 5, a1)], sanction=[reduce_300(c1)], clock=0, time=2013-06-12 10:09:35.729]
Organization notifies agent (write): Prohibition [agent=c1, prohibition=[coin(5, 6, a1)], sanction=[reduce_300(c1)], clock=0, time=2013-06-12 10:09:35.732]
Organization notifies agent (write): Prohibition [agent=c1, prohibition=[coin(6, 5, a1)], sanction=[reduce_300(c1)], clock=0, time=2013-06-12 10:09:35.734]
Organization notifies agent (write): Prohibition [agent=c1, prohibition=[coin(6, 6, a1)], sanction=[reduce_300(c1)], clock=0, time=2013-06-12 10:09:35.736]
Organization notifies agent (write): Prohibition [agent=c1, prohibition=[coin(5, 5, a2)], sanction=[reduce_300(c1)], clock=0, time=2013-06-12 10:09:35.738]
Organization notifies agent (write): Prohibition [agent=c1, prohibition=[coin(5, 6, a2)], sanction=[reduce_300(c1)], clock=0, time=2013-06-12 10:09:35.74]
Organization notifies agent (write): Prohibition [agent=c1, prohibition=[coin(6, 5, a2)], sanction=[reduce_300(c1)], clock=0, time=2013-06-12 10:09:35.742]
Organization notifies agent (write): Prohibition [agent=c1, prohibition=[coin(6, 6, a2)], sanction=[reduce_300(c1)], clock=0, time=2013-06-12 10:09:35.743]
Organization notifies agent (write): Prohibition [agent=c1, prohibition=[coin(5, 5, a3)], sanction=[reduce_300(c1)], clock=0, time=2013-06-12 10:09:35.744]
Organization notifies agent (write): Prohibition [agent=c1, prohibition=[coin(5, 6, a3)], sanction=[reduce_300(c1)], clock=0, time=2013-06-12 10:09:35.746]
Organization notifies agent (write): Prohibition [agent=c1, prohibition=[coin(6, 5, a3)], sanction=[reduce_300(c1)], clock=0, time=2013-06-12 10:09:35.748]
Organization notifies agent (write): Prohibition [agent=c1, prohibition=[coin(6, 6, a3)], sanction=[reduce_300(c1)], clock=0, time=2013-06-12 10:09:35.75]
Organization notifies agent (write): Prohibition [agent=a2, prohibition=[reading(8, 19, a2)], sanction=[reduce_300(a2)], clock=0, time=2013-06-12 10:09:38.704]
Organization notifies agent (write): Prohibition [agent=a3, prohibition=[reading(11, 1, a3)], sanction=[reduce_300(a3)], clock=0, time=2013-06-12 10:09:38.912]
Organization notifies agent (write): Prohibition [agent=a1, prohibition=[at(5, 5, a1)], sanction=[reduce_300(a1)], clock=0, time=2013-06-12 10:09:38.916]
Organization notifies agent (write): Prohibition [agent=a1, prohibition=[at(5, 6, a1)], sanction=[reduce_300(a1)], clock=0, time=2013-06-12 10:09:38.918]
Organization notifies agent (write): Prohibition [agent=a1, prohibition=[at(6, 5, a1)], sanction=[reduce_300(a1)], clock=0, time=2013-06-12 10:09:38.92]
Organization notifies agent (write): Prohibition [agent=a1, prohibition=[at(6, 6, a1)], sanction=[reduce_300(a1)], clock=0, time=2013-06-12 10:09:38.922]
Organization notifies agent (write): Prohibition [agent=a2, prohibition=[at(5, 5, a2)], sanction=[reduce_300(a2)], clock=0, time=2013-06-12 10:09:38.923]
Organization notifies agent (write): Prohibition [agent=a2, prohibition=[at(5, 6, a2)], sanction=[reduce_300(a2)], clock=0, time=2013-06-12 10:09:38.924]
Organization notifies agent (write): Prohibition [agent=a2, prohibition=[at(6, 5, a2)], sanction=[reduce_300(a2)], clock=0, time=2013-06-12 10:09:38.926]
Organization notifies agent (write): Prohibition [agent=a2, prohibition=[at(6, 6, a2)], sanction=[reduce_300(a2)], clock=0, time=2013-06-12 10:09:38.927]
Organization notifies agent (write): Prohibition [agent=a3, prohibition=[at(5, 5, a3)], sanction=[reduce_300(a3)], clock=0, time=2013-06-12 10:09:38.928]
Organization notifies agent (write): Prohibition [agent=a3, prohibition=[at(5, 6, a3)], sanction=[reduce_300(a3)], clock=0, time=2013-06-12 10:09:38.929]
Organization notifies agent (write): Prohibition [agent=a3, prohibition=[at(6, 5, a3)], sanction=[reduce_300(a3)], clock=0, time=2013-06-12 10:09:38.93]
Organization notifies agent (write): Prohibition [agent=a3, prohibition=[at(6, 6, a3)], sanction=[reduce_300(a3)], clock=0, time=2013-06-12 10:09:38.931]
Organization notifies agent (write): Obligation [agent=a1, obligation=[makeReading(8, 6)], sanction=[reduce_400(a1)], deadline=60, time=2013-06-12 10:10:06.664, clock=0]
Organization notifies agent (write): Obligation [agent=a1, obligation=[makeReading(16, 16)], sanction=[reduce_400(a1)], deadline=60, time=2013-06-12 10:10:06.874, clock=0]
Organization notifies agent (write): Obligation [agent=a1, obligation=[makeReading(2, 2)], sanction=[reduce_400(a1)], deadline=60, time=2013-06-12 10:10:07.081, clock=0]
Organization notifies agent (write): Obligation [agent=a2, obligation=[makeReading(8, 6)], sanction=[reduce_400(a2)], deadline=60, time=2013-06-12 10:10:07.287, clock=0]
Organization notifies agent (write): Obligation [agent=a2, obligation=[makeReading(16, 16)], sanction=[reduce_400(a2)], deadline=60, time=2013-06-12 10:10:07.496, clock=0]
Organization notifies agent (write): Obligation [agent=a2, obligation=[makeReading(2, 2)], sanction=[reduce_400(a2)], deadline=60, time=2013-06-12 10:10:07.706, clock=0]
agent obligation notification a3 number 3
Obligation [agent=a3, obligation=null, sanction=null, deadline=null, time=null, clock=null] 1970-01-01 01:00:00.0 - 2013-06-12 10:11:07.994
Event sent to agent      a3 obligation(makeReading(8, 6), 60, reduce_400(a3))
Event sent to agent      a3 obligation(makeReading(16, 16), 60, reduce_400(a3))
Event sent to agent      a3 obligation(makeReading(2, 2), 60, reduce_400(a3))
Organization notifies agent (write): Obligation [agent=a1, obligation=[makeReading(8, 6)], sanction=[reduce_400(a1)], deadline=156, time=2013-06-12 10:11:08.665, clock=0]
Organization notifies agent (write): Obligation [agent=a1, obligation=[makeReading(16, 16)], sanction=[reduce_400(a1)], deadline=156, time=2013-06-12 10:11:08.87, clock=0]
Organization notifies agent (write): Obligation [agent=a1, obligation=[makeReading(2, 2)], sanction=[reduce_400(a1)], deadline=156, time=2013-06-12 10:11:09.077, clock=0]
Organization notifies agent (write): Obligation [agent=a2, obligation=[makeReading(8, 6)], sanction=[reduce_400(a2)], deadline=156, time=2013-06-12 10:11:09.283, clock=0]
Organization notifies agent (write): Obligation [agent=a2, obligation=[makeReading(16, 16)], sanction=[reduce_400(a2)], deadline=156, time=2013-06-12 10:11:09.49, clock=0]
Organization notifies agent (write): Obligation [agent=a2, obligation=[makeReading(2, 2)], sanction=[reduce_400(a2)], deadline=156, time=2013-06-12 10:11:09.694, clock=0]
Organization notifies agent (write): Obligation [agent=a3, obligation=[makeReading(8, 6)], sanction=[reduce_400(a3)], deadline=156, time=2013-06-12 10:11:09.901, clock=0]
Organization notifies agent (write): Obligation [agent=a3, obligation=[makeReading(16, 16)], sanction=[reduce_400(a3)], deadline=156, time=2013-06-12 10:11:10.108, clock=0]
Organization notifies agent (write): Obligation [agent=a3, obligation=[makeReading(2, 2)], sanction=[reduce_400(a3)], deadline=156, time=2013-06-12 10:11:10.317, clock=0]
Organization notifies agent (write): Prohibition [agent=a2, prohibition=[reading(8, 19, a2)], sanction=[reduce_300(a2)], clock=0, time=2013-06-12 10:11:10.94]
Organization notifies agent (write): Prohibition [agent=a3, prohibition=[reading(11, 1, a3)], sanction=[reduce_300(a3)], clock=0, time=2013-06-12 10:11:11.147]
Organization notifies agent (write): Prohibition [agent=a1, prohibition=[at(5, 5, a1)], sanction=[reduce_300(a1)], clock=0, time=2013-06-12 10:11:11.148]
agent obligation notification a3 number 6
Obligation [agent=a3, obligation=null, sanction=null, deadline=null, time=null, clock=null] 2013-06-12 10:11:07.994 - 2013-06-12 10:11:12.295
Event sent to agent      a3 obligation(makeReading(8, 6), 156, reduce_400(a3))
Event sent to agent      a3 obligation(makeReading(16, 16), 156, reduce_400(a3))
Event sent to agent      a3 obligation(makeReading(2, 2), 156, reduce_400(a3))
agent prohibition notification t1 number 4
Prohibition [agent=t1, prohibition=null, sanction=null, clock=null, time=null] 1970-01-01 01:00:00.0 - 2013-06-12 10:11:12.507
Event sent to agent      t1 prohibition(at(5, 5, t1), reduce_300(t1))
Event sent to agent      t1 prohibition(at(5, 6, t1), reduce_300(t1))
Event sent to agent      t1 prohibition(at(6, 5, t1), reduce_300(t1))
Event sent to agent      t1 prohibition(at(6, 6, t1), reduce_300(t1))
agent prohibition notification c1 number 12
Prohibition [agent=c1, prohibition=null, sanction=null, clock=null, time=null] 1970-01-01 01:00:00.0 - 2013-06-12 10:11:13.224
Event sent to agent      c1 prohibition(coin(5, 5, a1), reduce_300(c1))
Event sent to agent      c1 prohibition(coin(5, 6, a1), reduce_300(c1))
Event sent to agent      c1 prohibition(coin(6, 5, a1), reduce_300(c1))
Event sent to agent      c1 prohibition(coin(6, 6, a1), reduce_300(c1))
Event sent to agent      c1 prohibition(coin(5, 5, a2), reduce_300(c1))
Event sent to agent      c1 prohibition(coin(5, 6, a2), reduce_300(c1))
Event sent to agent      c1 prohibition(coin(6, 5, a2), reduce_300(c1))
Event sent to agent      c1 prohibition(coin(6, 6, a2), reduce_300(c1))
Event sent to agent      c1 prohibition(coin(5, 5, a3), reduce_300(c1))
Event sent to agent      c1 prohibition(coin(5, 6, a3), reduce_300(c1))
Event sent to agent      c1 prohibition(coin(6, 5, a3), reduce_300(c1))
Event sent to agent      c1 prohibition(coin(6, 6, a3), reduce_300(c1))
agent prohibition notification a2 number 6
Prohibition [agent=a2, prohibition=null, sanction=null, clock=null, time=null] 1970-01-01 01:00:00.0 - 2013-06-12 10:11:13.697
Event sent to agent      a2 prohibition(reading(8, 19, a2), reduce_300(a2))
Event sent to agent      a2 prohibition(at(5, 5, a2), reduce_300(a2))
Event sent to agent      a2 prohibition(at(5, 6, a2), reduce_300(a2))
Event sent to agent      a2 prohibition(at(6, 5, a2), reduce_300(a2))
Event sent to agent      a2 prohibition(at(6, 6, a2), reduce_300(a2))
Event sent to agent      a2 prohibition(reading(8, 19, a2), reduce_300(a2))
agent prohibition notification a3 number 6
Prohibition [agent=a3, prohibition=null, sanction=null, clock=null, time=null] 1970-01-01 01:00:00.0 - 2013-06-12 10:11:13.909
Event sent to agent      a3 prohibition(reading(11, 1, a3), reduce_300(a3))
Event sent to agent      a3 prohibition(at(5, 5, a3), reduce_300(a3))
Event sent to agent      a3 prohibition(at(5, 6, a3), reduce_300(a3))
Event sent to agent      a3 prohibition(at(6, 5, a3), reduce_300(a3))
Event sent to agent      a3 prohibition(at(6, 6, a3), reduce_300(a3))
Event sent to agent      a3 prohibition(reading(11, 1, a3), reduce_300(a3))
agent prohibition notification a1 number 5
Prohibition [agent=a1, prohibition=null, sanction=null, clock=null, time=null] 1970-01-01 01:00:00.0 - 2013-06-12 10:11:14.119
Event sent to agent      a1 prohibition(at(5, 5, a1), reduce_300(a1))
Event sent to agent      a1 prohibition(at(5, 6, a1), reduce_300(a1))
Event sent to agent      a1 prohibition(at(6, 5, a1), reduce_300(a1))
Event sent to agent      a1 prohibition(at(6, 6, a1), reduce_300(a1))
Event sent to agent      a1 prohibition(at(5, 5, a1), reduce_300(a1))
agent obligation notification a1 number 6
Obligation [agent=a1, obligation=null, sanction=null, deadline=null, time=null, clock=null] 1970-01-01 01:00:00.0 - 2013-06-12 10:11:16.011
Event sent to agent      a1 obligation(makeReading(8, 6), 60, reduce_400(a1))
Event sent to agent      a1 obligation(makeReading(16, 16), 60, reduce_400(a1))
Event sent to agent      a1 obligation(makeReading(2, 2), 60, reduce_400(a1))
Event sent to agent      a1 obligation(makeReading(8, 6), 156, reduce_400(a1))
Event sent to agent      a1 obligation(makeReading(16, 16), 156, reduce_400(a1))
Event sent to agent      a1 obligation(makeReading(2, 2), 156, reduce_400(a1))
agent obligation notification a2 number 6
Obligation [agent=a2, obligation=null, sanction=null, deadline=null, time=null, clock=null] 1970-01-01 01:00:00.0 - 2013-06-12 10:11:16.224
Event sent to agent      a2 obligation(makeReading(8, 6), 60, reduce_400(a2))
Event sent to agent      a2 obligation(makeReading(16, 16), 60, reduce_400(a2))
Event sent to agent      a2 obligation(makeReading(2, 2), 60, reduce_400(a2))
Event sent to agent      a2 obligation(makeReading(8, 6), 156, reduce_400(a2))
Event sent to agent      a2 obligation(makeReading(16, 16), 156, reduce_400(a2))
Event sent to agent      a2 obligation(makeReading(2, 2), 156, reduce_400(a2))
Organization notifies agent (write): Obligation [agent=a1, obligation=[makeReading(8, 6)], sanction=[reduce_400(a1)], deadline=161, time=2013-06-12 10:12:29.8, clock=0]
agent obligation notification a1 number 7
Organization notifies agent (write): Obligation [agent=a1, obligation=[makeReading(16, 16)], sanction=[reduce_400(a1)], deadline=161, time=2013-06-12 10:12:30.007, clock=0]
Obligation [agent=a1, obligation=null, sanction=null, deadline=null, time=null, clock=null] 2013-06-12 10:11:16.011 - 2013-06-12 10:12:29.803
Event sent to agent      a1 obligation(makeReading(8, 6), 161, reduce_400(a1))
agent obligation notification a1 number 8
Organization notifies agent (write): Obligation [agent=a1, obligation=[makeReading(2, 2)], sanction=[reduce_400(a1)], deadline=161, time=2013-06-12 10:12:30.214, clock=0]
Organization notifies agent (write): Obligation [agent=a2, obligation=[makeReading(8, 6)], sanction=[reduce_400(a2)], deadline=161, time=2013-06-12 10:12:30.42, clock=0]
Obligation [agent=a1, obligation=null, sanction=null, deadline=null, time=null, clock=null] 2013-06-12 10:12:29.803 - 2013-06-12 10:12:30.212
Event sent to agent      a1 obligation(makeReading(16, 16), 161, reduce_400(a1))
agent obligation notification a2 number 7
agent obligation notification a1 number 9
Organization notifies agent (write): Obligation [agent=a2, obligation=[makeReading(16, 16)], sanction=[reduce_400(a2)], deadline=161, time=2013-06-12 10:12:30.627, clock=0]
Obligation [agent=a1, obligation=null, sanction=null, deadline=null, time=null, clock=null] 2013-06-12 10:12:30.212 - 2013-06-12 10:12:30.425
Event sent to agent      a1 obligation(makeReading(2, 2), 161, reduce_400(a1))
Obligation [agent=a2, obligation=null, sanction=null, deadline=null, time=null, clock=null] 2013-06-12 10:11:16.224 - 2013-06-12 10:12:30.425
Event sent to agent      a2 obligation(makeReading(8, 6), 161, reduce_400(a2))
agent obligation notification a2 number 8
Organization notifies agent (write): Obligation [agent=a2, obligation=[makeReading(2, 2)], sanction=[reduce_400(a2)], deadline=161, time=2013-06-12 10:12:30.832, clock=0]
Organization notifies agent (write): Obligation [agent=a3, obligation=[makeReading(8, 6)], sanction=[reduce_400(a3)], deadline=161, time=2013-06-12 10:12:31.039, clock=0]
Obligation [agent=a2, obligation=null, sanction=null, deadline=null, time=null, clock=null] 2013-06-12 10:12:30.425 - 2013-06-12 10:12:30.831
Event sent to agent      a2 obligation(makeReading(16, 16), 161, reduce_400(a2))
agent obligation notification a2 number 9
agent obligation notification a3 number 7
Organization notifies agent (write): Obligation [agent=a3, obligation=[makeReading(16, 16)], sanction=[reduce_400(a3)], deadline=161, time=2013-06-12 10:12:31.253, clock=0]
Obligation [agent=a2, obligation=null, sanction=null, deadline=null, time=null, clock=null] 2013-06-12 10:12:30.831 - 2013-06-12 10:12:31.043
Event sent to agent      a2 obligation(makeReading(2, 2), 161, reduce_400(a2))
Obligation [agent=a3, obligation=null, sanction=null, deadline=null, time=null, clock=null] 2013-06-12 10:11:12.295 - 2013-06-12 10:12:31.047
Event sent to agent      a3 obligation(makeReading(8, 6), 161, reduce_400(a3))
agent obligation notification a3 number 8
Organization notifies agent (write): Obligation [agent=a3, obligation=[makeReading(2, 2)], sanction=[reduce_400(a3)], deadline=161, time=2013-06-12 10:12:31.46, clock=0]
Obligation [agent=a3, obligation=null, sanction=null, deadline=null, time=null, clock=null] 2013-06-12 10:12:31.047 - 2013-06-12 10:12:31.459
Event sent to agent      a3 obligation(makeReading(16, 16), 161, reduce_400(a3))
agent obligation notification a3 number 9
Obligation [agent=a3, obligation=null, sanction=null, deadline=null, time=null, clock=null] 2013-06-12 10:12:31.459 - 2013-06-12 10:12:31.671
Event sent to agent      a3 obligation(makeReading(2, 2), 161, reduce_400(a3))
Organization notifies agent (write): Prohibition [agent=a2, prohibition=[reading(8, 19, a2)], sanction=[reduce_300(a2)], clock=0, time=2013-06-12 10:12:32.076]
agent prohibition notification a2 number 7
Organization notifies agent (write): Prohibition [agent=a3, prohibition=[reading(11, 1, a3)], sanction=[reduce_300(a3)], clock=0, time=2013-06-12 10:12:32.282]
Organization notifies agent (write): Prohibition [agent=a1, prohibition=[at(5, 5, a1)], sanction=[reduce_300(a1)], clock=0, time=2013-06-12 10:12:32.282]
agent prohibition notification a3 number 7
Prohibition [agent=a2, prohibition=null, sanction=null, clock=null, time=null] 2013-06-12 10:11:13.697 - 2013-06-12 10:12:32.078
Event sent to agent      a2 prohibition(reading(8, 19, a2), reduce_300(a2))
agent prohibition notification a1 number 6
Prohibition [agent=a3, prohibition=null, sanction=null, clock=null, time=null] 2013-06-12 10:11:13.909 - 2013-06-12 10:12:32.284
Event sent to agent      a3 prohibition(reading(11, 1, a3), reduce_300(a3))
Prohibition [agent=a1, prohibition=null, sanction=null, clock=null, time=null] 2013-06-12 10:11:14.119 - 2013-06-12 10:12:32.288
Event sent to agent      a1 prohibition(at(5, 5, a1), reduce_300(a1))
