test2.
Service Registrar: 97502479-e0b5-4722-97d2-073f4f32200b
Java Space found.
TransactionManager found.
-------------------------last log tuples start--------------------------------
Time [clock=69, time=2013-06-12 18:45:45.136]
Time [clock=70, time=2013-06-12 18:45:46.143]
Time [clock=71, time=2013-06-12 18:45:47.139]
Time [clock=72, time=2013-06-12 18:45:48.14]
Time [clock=73, time=2013-06-12 18:45:49.141]
Time [clock=74, time=2013-06-12 18:45:50.142]
Time [clock=75, time=2013-06-12 18:45:51.142]
Time [clock=76, time=2013-06-12 18:45:52.143]
Time [clock=77, time=2013-06-12 18:45:53.144]
Time [clock=78, time=2013-06-12 18:45:54.145]
Time [clock=79, time=2013-06-12 18:45:55.146]
Time [clock=80, time=2013-06-12 18:45:56.149]
Time [clock=81, time=2013-06-12 18:45:57.148]
Time [clock=82, time=2013-06-12 18:45:58.148]
Position [agent=a1, id=null, cell=Cell [x=3, y=4], time=2013-06-12 18:45:46.875, clock=70]
Time [clock=83, time=2013-06-12 18:45:59.195]
Time [clock=84, time=2013-06-12 18:46:00.15]
Position [agent=t1, id=null, cell=Cell [x=18, y=19], time=2013-06-12 18:45:48.193, clock=71]
Time [clock=85, time=2013-06-12 18:46:01.151]
Position [agent=a1, id=null, cell=Cell [x=3, y=5], time=2013-06-12 18:45:48.233, clock=71]
Time [clock=86, time=2013-06-12 18:46:02.152]
Time [clock=87, time=2013-06-12 18:46:03.152]
Time [clock=88, time=2013-06-12 18:46:04.154]
Time [clock=89, time=2013-06-12 18:46:05.154]
Time [clock=90, time=2013-06-12 18:46:06.156]
Time [clock=91, time=2013-06-12 18:46:07.155]
Time [clock=92, time=2013-06-12 18:46:08.157]
Time [clock=93, time=2013-06-12 18:46:09.157]
Time [clock=94, time=2013-06-12 18:46:10.157]
Time [clock=95, time=2013-06-12 18:46:11.159]
Time [clock=96, time=2013-06-12 18:46:12.16]
Time [clock=97, time=2013-06-12 18:46:13.162]
Time [clock=98, time=2013-06-12 18:46:14.162]
Time [clock=99, time=2013-06-12 18:46:15.163]
Time [clock=100, time=2013-06-12 18:46:16.165]
Position [agent=t1, id=null, cell=Cell [x=17, y=19], time=2013-06-12 18:45:48.748, clock=72]
Position [agent=a1, id=null, cell=Cell [x=4, y=5], time=2013-06-12 18:45:49.275, clock=72]
Time [clock=101, time=2013-06-12 18:46:17.216]
Time [clock=102, time=2013-06-12 18:46:18.166]
Time [clock=103, time=2013-06-12 18:46:19.167]
Position [agent=t1, id=null, cell=Cell [x=16, y=19], time=2013-06-12 18:45:49.542, clock=73]
Time [clock=104, time=2013-06-12 18:46:20.168]
Time [clock=105, time=2013-06-12 18:46:21.168]
Time [clock=106, time=2013-06-12 18:46:22.169]
Time [clock=107, time=2013-06-12 18:46:23.17]
Position [agent=a1, id=null, cell=Cell [x=5, y=5], time=2013-06-12 18:45:49.902, clock=73]
Time [clock=108, time=2013-06-12 18:46:24.17]
Time [clock=109, time=2013-06-12 18:46:25.171]
Time [clock=110, time=2013-06-12 18:46:26.173]
Time [clock=111, time=2013-06-12 18:46:27.174]
Position [agent=t1, id=null, cell=Cell [x=15, y=19], time=2013-06-12 18:45:50.218, clock=73]
Position [agent=t1, id=null, cell=Cell [x=14, y=19], time=2013-06-12 18:45:50.654, clock=74]
Time [clock=112, time=2013-06-12 18:46:28.174]
Time [clock=113, time=2013-06-12 18:46:29.175]
Time [clock=114, time=2013-06-12 18:46:30.176]
Time [clock=115, time=2013-06-12 18:46:31.177]
Time [clock=116, time=2013-06-12 18:46:32.179]
Position [agent=t1, id=null, cell=Cell [x=13, y=19], time=2013-06-12 18:45:51.054, clock=74]
Time [clock=117, time=2013-06-12 18:46:33.181]
Time [clock=118, time=2013-06-12 18:46:34.18]
Time [clock=119, time=2013-06-12 18:46:35.18]
Position [agent=t1, id=null, cell=Cell [x=12, y=19], time=2013-06-12 18:45:51.484, clock=75]
Time [clock=120, time=2013-06-12 18:46:36.181]
Time [clock=121, time=2013-06-12 18:46:37.182]
Position [agent=t1, id=null, cell=Cell [x=11, y=19], time=2013-06-12 18:45:51.888, clock=75]
Time [clock=122, time=2013-06-12 18:46:38.184]
Time [clock=123, time=2013-06-12 18:46:39.185]
Time [clock=124, time=2013-06-12 18:46:40.186]
Time [clock=125, time=2013-06-12 18:46:41.187]
Time [clock=126, time=2013-06-12 18:46:42.187]
Time [clock=127, time=2013-06-12 18:46:43.189]
Time [clock=128, time=2013-06-12 18:46:44.188]
Time [clock=129, time=2013-06-12 18:46:45.188]
Time [clock=130, time=2013-06-12 18:46:46.19]
Time [clock=131, time=2013-06-12 18:46:47.19]
Time [clock=132, time=2013-06-12 18:46:48.191]
Time [clock=133, time=2013-06-12 18:46:49.232]
Time [clock=134, time=2013-06-12 18:46:50.193]
Time [clock=135, time=2013-06-12 18:46:51.193]
Time [clock=136, time=2013-06-12 18:46:52.193]
Time [clock=137, time=2013-06-12 18:46:53.194]
Time [clock=138, time=2013-06-12 18:46:54.195]
Time [clock=139, time=2013-06-12 18:46:55.196]
Time [clock=140, time=2013-06-12 18:46:56.198]
Time [clock=141, time=2013-06-12 18:46:57.197]
Time [clock=142, time=2013-06-12 18:46:58.198]
Position [agent=t1, id=null, cell=Cell [x=10, y=19], time=2013-06-12 18:45:52.464, clock=76]
Time [clock=143, time=2013-06-12 18:46:59.198]
Time [clock=144, time=2013-06-12 18:47:00.2]
Time [clock=145, time=2013-06-12 18:47:01.199]
Time [clock=146, time=2013-06-12 18:47:02.2]
Time [clock=147, time=2013-06-12 18:47:03.201]
Position [agent=t1, id=null, cell=Cell [x=9, y=19], time=2013-06-12 18:45:52.871, clock=76]
Position [agent=t1, id=null, cell=Cell [x=8, y=19], time=2013-06-12 18:45:53.267, clock=76]
Time [clock=148, time=2013-06-12 18:47:04.203]
Position [agent=t1, id=null, cell=Cell [x=7, y=19], time=2013-06-12 18:45:53.677, clock=77]
Position [agent=t1, id=null, cell=Cell [x=6, y=19], time=2013-06-12 18:45:54.088, clock=77]
Time [clock=149, time=2013-06-12 18:47:05.202]
Time [clock=150, time=2013-06-12 18:47:06.203]
Time [clock=151, time=2013-06-12 18:47:07.245]
Time [clock=152, time=2013-06-12 18:47:08.203]
Position [agent=t1, id=null, cell=Cell [x=5, y=19], time=2013-06-12 18:45:54.491, clock=78]
Time [clock=153, time=2013-06-12 18:47:09.205]
Time [clock=154, time=2013-06-12 18:47:10.205]
Time [clock=155, time=2013-06-12 18:47:11.207]
Time [clock=156, time=2013-06-12 18:47:12.207]
Position [agent=t1, id=null, cell=Cell [x=4, y=19], time=2013-06-12 18:45:54.907, clock=78]
Time [clock=157, time=2013-06-12 18:47:13.208]
Position [agent=t1, id=null, cell=Cell [x=3, y=19], time=2013-06-12 18:45:55.485, clock=79]
Time [clock=158, time=2013-06-12 18:47:14.209]
Time [clock=159, time=2013-06-12 18:47:15.207]
Time [clock=160, time=2013-06-12 18:47:16.21]
Time [clock=161, time=2013-06-12 18:47:17.209]
Time [clock=162, time=2013-06-12 18:47:18.211]
Position [agent=t1, id=null, cell=Cell [x=2, y=19], time=2013-06-12 18:45:55.886, clock=79]
Position [agent=t1, id=null, cell=Cell [x=2, y=18], time=2013-06-12 18:45:56.477, clock=80]
Time [clock=163, time=2013-06-12 18:47:19.212]
Time [clock=164, time=2013-06-12 18:47:20.213]
Position [agent=t1, id=null, cell=Cell [x=2, y=17], time=2013-06-12 18:45:56.899, clock=80]
Time [clock=165, time=2013-06-12 18:47:21.215]
Time [clock=166, time=2013-06-12 18:47:22.214]
Position [agent=t1, id=null, cell=Cell [x=2, y=16], time=2013-06-12 18:45:57.499, clock=81]
Time [clock=167, time=2013-06-12 18:47:23.216]
Time [clock=168, time=2013-06-12 18:47:24.269]
Time [clock=169, time=2013-06-12 18:47:25.218]
ActionRequest [id=null, agent=a3, type=reading, cell=Cell [x=11, y=1], clock=0, time=2013-06-12 18:45:46.335]
Time [clock=170, time=2013-06-12 18:47:26.22]
Time [clock=171, time=2013-06-12 18:47:27.219]
Time [clock=172, time=2013-06-12 18:47:28.22]
ActionRequest [id=null, agent=a2, type=reading, cell=Cell [x=8, y=19], clock=0, time=2013-06-12 18:45:46.351]
Obligation [agent=a1, obligation=[makeReading(8, 6)], sanction=[reduce_400(a1)], deadline=165, time=2013-06-12 18:46:32.56, clock=0]
Time [clock=173, time=2013-06-12 18:47:29.221]
Time [clock=174, time=2013-06-12 18:47:30.222]
Time [clock=175, time=2013-06-12 18:47:31.223]
Time [clock=176, time=2013-06-12 18:47:32.224]
Time [clock=177, time=2013-06-12 18:47:33.224]
Time [clock=178, time=2013-06-12 18:47:34.226]
ActionRequest [id=null, agent=a1, type=reading, cell=Cell [x=5, y=5], clock=0, time=2013-06-12 18:45:50.191]
Time [clock=179, time=2013-06-12 18:47:35.225]
Time [clock=180, time=2013-06-12 18:47:36.228]
Time [clock=181, time=2013-06-12 18:47:37.227]
Time [clock=182, time=2013-06-12 18:47:38.228]
Time [clock=183, time=2013-06-12 18:47:39.229]
Time [clock=184, time=2013-06-12 18:47:40.23]
Time [clock=185, time=2013-06-12 18:47:41.272]
Time [clock=186, time=2013-06-12 18:47:42.234]
Time [clock=187, time=2013-06-12 18:47:43.232]
Time [clock=188, time=2013-06-12 18:47:44.233]
Reading [id=null, agent=a3, cell=Cell [x=11, y=1], time=2013-06-12 18:54:27.672, value=0.0, clock=0]
Time [clock=189, time=2013-06-12 18:47:45.234]
Time [clock=190, time=2013-06-12 18:47:46.236]
Time [clock=191, time=2013-06-12 18:47:47.235]
Time [clock=192, time=2013-06-12 18:47:48.237]
Time [clock=193, time=2013-06-12 18:47:49.237]
Time [clock=194, time=2013-06-12 18:47:50.239]
Time [clock=195, time=2013-06-12 18:47:51.24]
Time [clock=196, time=2013-06-12 18:47:52.24]
Time [clock=197, time=2013-06-12 18:47:53.24]
Time [clock=198, time=2013-06-12 18:47:54.24]
Time [clock=199, time=2013-06-12 18:47:55.243]
Time [clock=200, time=2013-06-12 18:47:56.244]
Time [clock=201, time=2013-06-12 18:47:57.245]
Time [clock=202, time=2013-06-12 18:47:58.245]
Reading [id=null, agent=a2, cell=Cell [x=8, y=19], time=2013-06-12 18:54:27.916, value=0.0, clock=0]
Time [clock=203, time=2013-06-12 18:47:59.288]
Time [clock=204, time=2013-06-12 18:48:00.247]
Time [clock=205, time=2013-06-12 18:48:01.247]
Cargo [id=null, cell=Cell [x=19, y=19], time=2013-06-12 18:45:46.621, clock=70]
Time [clock=206, time=2013-06-12 18:48:02.248]
Time [clock=207, time=2013-06-12 18:48:03.248]
Time [clock=208, time=2013-06-12 18:48:04.248]
Time [clock=209, time=2013-06-12 18:48:05.249]
Time [clock=210, time=2013-06-12 18:48:06.25]
Time [clock=211, time=2013-06-12 18:48:07.249]
Time [clock=212, time=2013-06-12 18:48:08.25]
Time [clock=213, time=2013-06-12 18:48:09.251]
Time [clock=214, time=2013-06-12 18:48:10.252]
Time [clock=215, time=2013-06-12 18:48:11.252]
Time [clock=216, time=2013-06-12 18:48:12.253]
Time [clock=217, time=2013-06-12 18:48:13.254]
Time [clock=218, time=2013-06-12 18:48:14.254]
Time [clock=219, time=2013-06-12 18:48:15.255]
Time [clock=220, time=2013-06-12 18:48:16.299]
Time [clock=221, time=2013-06-12 18:48:17.256]
Time [clock=222, time=2013-06-12 18:48:18.257]
Coin [id=null, cell=Cell [x=8, y=6], agent=a1, time=2013-06-12 15:57:06.854, clock=0]
Time [clock=223, time=2013-06-12 18:48:19.258]
Time [clock=224, time=2013-06-12 18:48:20.26]
Time [clock=225, time=2013-06-12 18:48:21.26]
Time [clock=226, time=2013-06-12 18:48:22.261]
Time [clock=227, time=2013-06-12 18:48:23.263]
Time [clock=228, time=2013-06-12 18:48:24.272]
Time [clock=229, time=2013-06-12 18:48:25.264]
Time [clock=230, time=2013-06-12 18:48:26.267]
Coin [id=null, cell=Cell [x=8, y=6], agent=a1, time=2013-06-12 18:45:47.034, clock=70]
Time [clock=231, time=2013-06-12 18:48:27.265]
Time [clock=232, time=2013-06-12 18:48:28.267]
Time [clock=233, time=2013-06-12 18:48:29.267]
Time [clock=234, time=2013-06-12 18:48:30.268]
Time [clock=235, time=2013-06-12 18:48:31.27]
Time [clock=236, time=2013-06-12 18:48:32.27]
Time [clock=237, time=2013-06-12 18:48:33.312]
Time [clock=238, time=2013-06-12 18:48:34.271]
Time [clock=239, time=2013-06-12 18:48:35.27]
Time [clock=240, time=2013-06-12 18:48:36.273]
Time [clock=241, time=2013-06-12 18:48:37.273]
Time [clock=242, time=2013-06-12 18:48:38.274]
Obligation [agent=a1, obligation=[makeReading(16, 16)], sanction=[reduce_400(a1)], deadline=165, time=2013-06-12 18:46:32.765, clock=0]
Time [clock=243, time=2013-06-12 18:48:39.275]
Time [clock=244, time=2013-06-12 18:48:40.277]
Time [clock=245, time=2013-06-12 18:48:41.276]
Time [clock=246, time=2013-06-12 18:48:42.279]
Time [clock=247, time=2013-06-12 18:48:43.279]
Time [clock=248, time=2013-06-12 18:48:44.281]
Time [clock=249, time=2013-06-12 18:48:45.282]
Time [clock=250, time=2013-06-12 18:48:46.283]
Time [clock=251, time=2013-06-12 18:48:47.283]
Time [clock=252, time=2013-06-12 18:48:48.285]
Time [clock=253, time=2013-06-12 18:48:49.288]
Time [clock=254, time=2013-06-12 18:48:50.287]
Time [clock=255, time=2013-06-12 18:48:51.331]
Coin [id=null, cell=Cell [x=16, y=16], agent=a2, time=2013-06-12 18:45:48.428, clock=71]
Time [clock=256, time=2013-06-12 18:48:52.29]
Time [clock=257, time=2013-06-12 18:48:53.291]
Time [clock=258, time=2013-06-12 18:48:54.292]
Time [clock=259, time=2013-06-12 18:48:55.293]
Time [clock=260, time=2013-06-12 18:48:56.295]
Time [clock=261, time=2013-06-12 18:48:57.294]
Time [clock=262, time=2013-06-12 18:48:58.296]
Time [clock=263, time=2013-06-12 18:48:59.296]
Time [clock=264, time=2013-06-12 18:49:00.297]
Time [clock=265, time=2013-06-12 18:49:01.298]
Time [clock=266, time=2013-06-12 18:49:02.298]
Time [clock=267, time=2013-06-12 18:49:03.299]
Time [clock=268, time=2013-06-12 18:49:04.301]
Time [clock=269, time=2013-06-12 18:49:05.301]
Time [clock=270, time=2013-06-12 18:49:06.303]
Time [clock=271, time=2013-06-12 18:49:07.303]
Time [clock=272, time=2013-06-12 18:49:08.345]
Time [clock=273, time=2013-06-12 18:49:09.305]
Time [clock=274, time=2013-06-12 18:49:10.305]
Obligation [agent=a1, obligation=[makeReading(2, 2)], sanction=[reduce_400(a1)], deadline=165, time=2013-06-12 18:46:32.97, clock=0]
Time [clock=275, time=2013-06-12 18:49:11.306]
Time [clock=276, time=2013-06-12 18:49:12.307]
Time [clock=277, time=2013-06-12 18:49:13.308]
Time [clock=278, time=2013-06-12 18:49:14.31]
Time [clock=279, time=2013-06-12 18:49:15.31]
Time [clock=280, time=2013-06-12 18:49:16.312]
Time [clock=281, time=2013-06-12 18:49:17.312]
Time [clock=282, time=2013-06-12 18:49:18.312]
Time [clock=283, time=2013-06-12 18:49:19.313]
Obligation [agent=a2, obligation=[makeReading(8, 6)], sanction=[reduce_400(a2)], deadline=165, time=2013-06-12 18:46:33.175, clock=0]
Time [clock=284, time=2013-06-12 18:49:20.314]
Time [clock=285, time=2013-06-12 18:49:21.315]
Time [clock=286, time=2013-06-12 18:49:22.317]
Time [clock=287, time=2013-06-12 18:49:23.318]
Time [clock=288, time=2013-06-12 18:49:24.317]
Time [clock=289, time=2013-06-12 18:49:25.36]
Prohibition [agent=a1, prohibition=[at(5, 5, a1)], sanction=[reduce_300(a1)], clock=0, time=2013-06-12 18:46:35.017]
Time [clock=290, time=2013-06-12 18:49:26.322]
Time [clock=291, time=2013-06-12 18:49:27.32]
Time [clock=292, time=2013-06-12 18:49:28.322]
Time [clock=293, time=2013-06-12 18:49:29.322]
Time [clock=294, time=2013-06-12 18:49:30.323]
Time [clock=295, time=2013-06-12 18:49:31.324]
Time [clock=296, time=2013-06-12 18:49:32.353]
Obligation [agent=a2, obligation=[makeReading(16, 16)], sanction=[reduce_400(a2)], deadline=165, time=2013-06-12 18:46:33.38, clock=0]
Time [clock=297, time=2013-06-12 18:49:33.326]
Time [clock=298, time=2013-06-12 18:49:34.328]
Time [clock=299, time=2013-06-12 18:49:35.328]
Time [clock=300, time=2013-06-12 18:49:36.33]
Time [clock=301, time=2013-06-12 18:49:37.331]
Time [clock=302, time=2013-06-12 18:49:38.331]
Time [clock=303, time=2013-06-12 18:49:39.332]
Time [clock=304, time=2013-06-12 18:49:40.333]
Time [clock=305, time=2013-06-12 18:49:41.335]
Time [clock=306, time=2013-06-12 18:49:42.335]
Time [clock=307, time=2013-06-12 18:49:43.379]
Time [clock=308, time=2013-06-12 18:49:44.338]
Time [clock=309, time=2013-06-12 18:49:45.338]
Obligation [agent=a2, obligation=[makeReading(2, 2)], sanction=[reduce_400(a2)], deadline=165, time=2013-06-12 18:46:33.586, clock=0]
Time [clock=310, time=2013-06-12 18:49:46.34]
Time [clock=311, time=2013-06-12 18:49:47.339]
Prohibition [agent=a1, prohibition=[at(5, 5, a1)], sanction=[reduce_300(a1)], clock=0, time=2013-06-12 18:47:53.491]
Time [clock=312, time=2013-06-12 18:49:48.34]
Time [clock=313, time=2013-06-12 18:49:49.342]
Time [clock=314, time=2013-06-12 18:49:50.343]
Time [clock=315, time=2013-06-12 18:49:51.344]
Time [clock=316, time=2013-06-12 18:49:52.346]
Time [clock=317, time=2013-06-12 18:49:53.346]
Time [clock=318, time=2013-06-12 18:49:54.347]
Time [clock=319, time=2013-06-12 18:49:55.348]
Time [clock=320, time=2013-06-12 18:49:56.35]
Time [clock=321, time=2013-06-12 18:49:57.35]
Time [clock=322, time=2013-06-12 18:49:58.349]
Time [clock=323, time=2013-06-12 18:49:59.35]
Time [clock=324, time=2013-06-12 18:50:00.393]
Time [clock=325, time=2013-06-12 18:50:01.353]
Time [clock=326, time=2013-06-12 18:50:02.352]
Time [clock=327, time=2013-06-12 18:50:03.353]
Time [clock=328, time=2013-06-12 18:50:04.354]
Time [clock=329, time=2013-06-12 18:50:05.355]
Time [clock=330, time=2013-06-12 18:50:06.357]
Time [clock=331, time=2013-06-12 18:50:07.357]
Time [clock=332, time=2013-06-12 18:50:08.359]
Time [clock=333, time=2013-06-12 18:50:09.36]
Time [clock=334, time=2013-06-12 18:50:10.36]
Obligation [agent=a3, obligation=[makeReading(8, 6)], sanction=[reduce_400(a3)], deadline=165, time=2013-06-12 18:46:33.791, clock=0]
Time [clock=335, time=2013-06-12 18:50:11.361]
Obligation [agent=a3, obligation=[makeReading(16, 16)], sanction=[reduce_400(a3)], deadline=165, time=2013-06-12 18:46:33.997, clock=0]
Time [clock=336, time=2013-06-12 18:50:12.362]
Time [clock=337, time=2013-06-12 18:50:13.364]
Time [clock=338, time=2013-06-12 18:50:14.365]
Time [clock=339, time=2013-06-12 18:50:15.365]
Time [clock=340, time=2013-06-12 18:50:16.367]
Time [clock=341, time=2013-06-12 18:50:17.414]
Obligation [agent=a3, obligation=[makeReading(2, 2)], sanction=[reduce_400(a3)], deadline=165, time=2013-06-12 18:46:34.201, clock=0]
Time [clock=342, time=2013-06-12 18:50:18.37]
Time [clock=343, time=2013-06-12 18:50:19.369]
Time [clock=344, time=2013-06-12 18:50:20.37]
Time [clock=345, time=2013-06-12 18:50:21.371]
Time [clock=346, time=2013-06-12 18:50:22.372]
Obligation [agent=a1, obligation=[makeReading(8, 6)], sanction=[reduce_400(a1)], deadline=244, time=2013-06-12 18:47:51.0, clock=0]
Time [clock=347, time=2013-06-12 18:50:23.372]
Time [clock=348, time=2013-06-12 18:50:24.373]
Time [clock=349, time=2013-06-12 18:50:25.374]
Time [clock=350, time=2013-06-12 18:50:26.376]
Time [clock=351, time=2013-06-12 18:50:27.376]
Time [clock=352, time=2013-06-12 18:50:28.378]
Time [clock=353, time=2013-06-12 18:50:29.378]
Time [clock=354, time=2013-06-12 18:50:30.378]
Time [clock=355, time=2013-06-12 18:50:31.379]
Time [clock=356, time=2013-06-12 18:50:32.38]
Time [clock=357, time=2013-06-12 18:50:33.381]
Time [clock=358, time=2013-06-12 18:50:34.385]
Time [clock=359, time=2013-06-12 18:50:35.382]
Time [clock=360, time=2013-06-12 18:50:36.384]
Time [clock=361, time=2013-06-12 18:50:37.385]
Time [clock=362, time=2013-06-12 18:50:38.426]
Time [clock=363, time=2013-06-12 18:50:39.386]
Time [clock=364, time=2013-06-12 18:50:40.386]
Time [clock=365, time=2013-06-12 18:50:41.386]
Obligation [agent=a1, obligation=[makeReading(16, 16)], sanction=[reduce_400(a1)], deadline=244, time=2013-06-12 18:47:51.206, clock=0]
Time [clock=366, time=2013-06-12 18:50:42.387]
Time [clock=367, time=2013-06-12 18:50:43.387]
Time [clock=368, time=2013-06-12 18:50:44.389]
Time [clock=369, time=2013-06-12 18:50:45.389]
Time [clock=370, time=2013-06-12 18:50:46.391]
Time [clock=371, time=2013-06-12 18:50:47.392]
Obligation [agent=a1, obligation=[makeReading(2, 2)], sanction=[reduce_400(a1)], deadline=244, time=2013-06-12 18:47:51.412, clock=0]
Time [clock=372, time=2013-06-12 18:50:48.392]
Time [clock=373, time=2013-06-12 18:50:49.393]
Obligation [agent=a2, obligation=[makeReading(8, 6)], sanction=[reduce_400(a2)], deadline=244, time=2013-06-12 18:47:51.617, clock=0]
Time [clock=374, time=2013-06-12 18:50:50.394]
Time [clock=375, time=2013-06-12 18:50:51.395]
Time [clock=376, time=2013-06-12 18:50:52.396]
Time [clock=377, time=2013-06-12 18:50:53.396]
Time [clock=378, time=2013-06-12 18:50:54.398]
Time [clock=379, time=2013-06-12 18:50:55.44]
Time [clock=380, time=2013-06-12 18:50:56.4]
Time [clock=381, time=2013-06-12 18:50:57.4]
Time [clock=382, time=2013-06-12 18:50:58.402]
Time [clock=383, time=2013-06-12 18:50:59.402]
Time [clock=384, time=2013-06-12 18:51:00.403]
Time [clock=385, time=2013-06-12 18:51:01.404]
Time [clock=386, time=2013-06-12 18:51:02.406]
Time [clock=387, time=2013-06-12 18:51:03.406]
Time [clock=388, time=2013-06-12 18:51:04.407]
Time [clock=389, time=2013-06-12 18:51:05.407]
Time [clock=390, time=2013-06-12 18:51:06.409]
Time [clock=391, time=2013-06-12 18:51:07.409]
Time [clock=392, time=2013-06-12 18:51:08.41]
Time [clock=393, time=2013-06-12 18:51:09.411]
Time [clock=394, time=2013-06-12 18:51:10.411]
Time [clock=395, time=2013-06-12 18:51:11.454]
Time [clock=396, time=2013-06-12 18:51:12.415]
Time [clock=397, time=2013-06-12 18:51:13.414]
Time [clock=398, time=2013-06-12 18:51:14.415]
Time [clock=399, time=2013-06-12 18:51:15.416]
Obligation [agent=a2, obligation=[makeReading(16, 16)], sanction=[reduce_400(a2)], deadline=244, time=2013-06-12 18:47:51.823, clock=0]
Time [clock=400, time=2013-06-12 18:51:16.418]
Time [clock=401, time=2013-06-12 18:51:17.417]
Time [clock=402, time=2013-06-12 18:51:18.419]
Time [clock=403, time=2013-06-12 18:51:19.42]
Time [clock=404, time=2013-06-12 18:51:20.42]
Time [clock=405, time=2013-06-12 18:51:21.421]
Time [clock=406, time=2013-06-12 18:51:22.421]
Time [clock=407, time=2013-06-12 18:51:23.422]
Time [clock=408, time=2013-06-12 18:51:24.422]
Time [clock=409, time=2013-06-12 18:51:25.424]
Time [clock=410, time=2013-06-12 18:51:26.426]
Time [clock=411, time=2013-06-12 18:51:27.426]
Prohibition [agent=a1, prohibition=[at(5, 5, a1)], sanction=[reduce_300(a1)], clock=0, time=2013-06-12 18:49:12.01]
Time [clock=412, time=2013-06-12 18:51:28.466]
Time [clock=413, time=2013-06-12 18:51:29.427]
Time [clock=414, time=2013-06-12 18:51:30.427]
Time [clock=415, time=2013-06-12 18:51:31.427]
Time [clock=416, time=2013-06-12 18:51:32.428]
Time [clock=417, time=2013-06-12 18:51:33.429]
Time [clock=418, time=2013-06-12 18:51:34.43]
Time [clock=419, time=2013-06-12 18:51:35.43]
Time [clock=420, time=2013-06-12 18:51:36.433]
Time [clock=421, time=2013-06-12 18:51:37.433]
Time [clock=422, time=2013-06-12 18:51:38.433]
Time [clock=423, time=2013-06-12 18:51:39.433]
Time [clock=424, time=2013-06-12 18:51:40.434]
Time [clock=425, time=2013-06-12 18:51:41.436]
Time [clock=426, time=2013-06-12 18:51:42.436]
Time [clock=427, time=2013-06-12 18:51:43.436]
Time [clock=428, time=2013-06-12 18:51:44.477]
Time [clock=429, time=2013-06-12 18:51:45.438]
Time [clock=430, time=2013-06-12 18:51:46.441]
Prohibition [agent=a1, prohibition=[at(5, 5, a1)], sanction=[reduce_300(a1)], clock=0, time=2013-06-12 18:50:30.534]
Time [clock=431, time=2013-06-12 18:51:47.44]
Time [clock=432, time=2013-06-12 18:51:48.44]
Time [clock=433, time=2013-06-12 18:51:49.441]
Time [clock=434, time=2013-06-12 18:51:50.442]
Prohibition [agent=a1, prohibition=[at(5, 5, a1)], sanction=[reduce_300(a1)], clock=0, time=2013-06-12 18:51:49.033]
Time [clock=435, time=2013-06-12 18:51:51.443]
Time [clock=436, time=2013-06-12 18:51:52.444]
Time [clock=437, time=2013-06-12 18:51:53.445]
Time [clock=438, time=2013-06-12 18:51:54.446]
Time [clock=439, time=2013-06-12 18:51:55.448]
Time [clock=440, time=2013-06-12 18:51:56.452]
Time [clock=441, time=2013-06-12 18:51:57.45]
Time [clock=442, time=2013-06-12 18:51:58.451]
Obligation [agent=a2, obligation=[makeReading(2, 2)], sanction=[reduce_400(a2)], deadline=244, time=2013-06-12 18:47:52.058, clock=0]
Time [clock=443, time=2013-06-12 18:51:59.491]
Time [clock=444, time=2013-06-12 18:52:00.453]
Time [clock=445, time=2013-06-12 18:52:01.453]
Time [clock=446, time=2013-06-12 18:52:02.454]
Time [clock=447, time=2013-06-12 18:52:03.454]
Time [clock=448, time=2013-06-12 18:52:04.455]
Time [clock=449, time=2013-06-12 18:52:05.455]
Time [clock=450, time=2013-06-12 18:52:06.457]
Time [clock=451, time=2013-06-12 18:52:07.456]
Time [clock=452, time=2013-06-12 18:52:08.456]
Time [clock=453, time=2013-06-12 18:52:09.457]
Time [clock=454, time=2013-06-12 18:52:10.459]
Time [clock=455, time=2013-06-12 18:52:11.46]
Time [clock=456, time=2013-06-12 18:52:12.461]
Time [clock=457, time=2013-06-12 18:52:13.462]
Time [clock=458, time=2013-06-12 18:52:14.462]
Time [clock=459, time=2013-06-12 18:52:15.464]
Time [clock=460, time=2013-06-12 18:52:16.507]
Time [clock=461, time=2013-06-12 18:52:17.466]
Time [clock=462, time=2013-06-12 18:52:18.466]
Time [clock=463, time=2013-06-12 18:52:19.468]
Time [clock=464, time=2013-06-12 18:52:20.469]
Time [clock=465, time=2013-06-12 18:52:21.469]
Time [clock=466, time=2013-06-12 18:52:22.471]
Time [clock=467, time=2013-06-12 18:52:23.471]
Time [clock=468, time=2013-06-12 18:52:24.473]
Time [clock=469, time=2013-06-12 18:52:25.473]
Time [clock=470, time=2013-06-12 18:52:26.476]
Time [clock=471, time=2013-06-12 18:52:27.476]
Time [clock=472, time=2013-06-12 18:52:28.477]
Time [clock=473, time=2013-06-12 18:52:29.478]
Time [clock=474, time=2013-06-12 18:52:30.479]
Time [clock=475, time=2013-06-12 18:52:31.479]
Time [clock=476, time=2013-06-12 18:52:32.522]
Time [clock=477, time=2013-06-12 18:52:33.482]
Time [clock=478, time=2013-06-12 18:52:34.482]
Time [clock=479, time=2013-06-12 18:52:35.483]
Time [clock=480, time=2013-06-12 18:52:36.484]
Time [clock=481, time=2013-06-12 18:52:37.485]
Time [clock=482, time=2013-06-12 18:52:38.485]
Time [clock=483, time=2013-06-12 18:52:39.487]
Time [clock=484, time=2013-06-12 18:52:40.488]
Time [clock=485, time=2013-06-12 18:52:41.489]
Obligation [agent=a3, obligation=[makeReading(8, 6)], sanction=[reduce_400(a3)], deadline=244, time=2013-06-12 18:47:52.262, clock=0]
Time [clock=486, time=2013-06-12 18:52:42.49]
Time [clock=487, time=2013-06-12 18:52:43.49]
Time [clock=488, time=2013-06-12 18:52:44.491]
Time [clock=489, time=2013-06-12 18:52:45.497]
Time [clock=490, time=2013-06-12 18:52:46.494]
Time [clock=491, time=2013-06-12 18:52:47.493]
Time [clock=492, time=2013-06-12 18:52:48.535]
Time [clock=493, time=2013-06-12 18:52:49.496]
Time [clock=494, time=2013-06-12 18:52:50.495]
Time [clock=495, time=2013-06-12 18:52:51.496]
Time [clock=496, time=2013-06-12 18:52:52.495]
Time [clock=497, time=2013-06-12 18:52:53.497]
Time [clock=498, time=2013-06-12 18:52:54.498]
Time [clock=499, time=2013-06-12 18:52:55.499]
Time [clock=500, time=2013-06-12 18:52:56.501]
Time [clock=501, time=2013-06-12 18:52:57.501]
Time [clock=502, time=2013-06-12 18:52:58.502]
Time [clock=503, time=2013-06-12 18:52:59.502]
Time [clock=504, time=2013-06-12 18:53:00.504]
Time [clock=505, time=2013-06-12 18:53:01.505]
Time [clock=506, time=2013-06-12 18:53:02.506]
Time [clock=507, time=2013-06-12 18:53:03.507]
Time [clock=508, time=2013-06-12 18:53:04.509]
Time [clock=509, time=2013-06-12 18:53:05.552]
Time [clock=510, time=2013-06-12 18:53:06.512]
Time [clock=511, time=2013-06-12 18:53:07.512]
Time [clock=512, time=2013-06-12 18:53:08.512]
Time [clock=513, time=2013-06-12 18:53:09.513]
Time [clock=514, time=2013-06-12 18:53:10.514]
Time [clock=515, time=2013-06-12 18:53:11.515]
Time [clock=516, time=2013-06-12 18:53:12.515]
Time [clock=517, time=2013-06-12 18:53:13.517]
Time [clock=518, time=2013-06-12 18:53:14.516]
Prohibition [agent=a1, prohibition=[at(5, 5, a1)], sanction=[reduce_300(a1)], clock=0, time=2013-06-12 18:53:07.572]
Time [clock=519, time=2013-06-12 18:53:15.517]
Time [clock=520, time=2013-06-12 18:53:16.519]
Time [clock=521, time=2013-06-12 18:53:17.52]
Time [clock=522, time=2013-06-12 18:53:18.519]
Time [clock=523, time=2013-06-12 18:53:19.522]
Time [clock=524, time=2013-06-12 18:53:20.522]
Time [clock=525, time=2013-06-12 18:53:21.565]
Time [clock=526, time=2013-06-12 18:53:22.524]
Obligation [agent=a3, obligation=[makeReading(16, 16)], sanction=[reduce_400(a3)], deadline=244, time=2013-06-12 18:47:52.467, clock=0]
Time [clock=527, time=2013-06-12 18:53:23.523]
Time [clock=528, time=2013-06-12 18:53:24.523]
Time [clock=529, time=2013-06-12 18:53:25.525]
Time [clock=530, time=2013-06-12 18:53:26.527]
Time [clock=531, time=2013-06-12 18:53:27.527]
Time [clock=532, time=2013-06-12 18:53:28.527]
Time [clock=533, time=2013-06-12 18:53:29.528]
Time [clock=534, time=2013-06-12 18:53:30.527]
Time [clock=535, time=2013-06-12 18:53:31.529]
Time [clock=536, time=2013-06-12 18:53:32.53]
Time [clock=537, time=2013-06-12 18:53:33.531]
Time [clock=538, time=2013-06-12 18:53:34.531]
Time [clock=539, time=2013-06-12 18:53:35.533]
Time [clock=540, time=2013-06-12 18:53:36.535]
Time [clock=541, time=2013-06-12 18:53:37.575]
Time [clock=542, time=2013-06-12 18:53:38.537]
Time [clock=543, time=2013-06-12 18:53:39.536]
Time [clock=544, time=2013-06-12 18:53:40.536]
Time [clock=545, time=2013-06-12 18:53:41.538]
Time [clock=546, time=2013-06-12 18:53:42.539]
Time [clock=547, time=2013-06-12 18:53:43.538]
Time [clock=548, time=2013-06-12 18:53:44.538]
Time [clock=549, time=2013-06-12 18:53:45.54]
Time [clock=550, time=2013-06-12 18:53:46.54]
Time [clock=551, time=2013-06-12 18:53:47.541]
Time [clock=552, time=2013-06-12 18:53:48.541]
Time [clock=553, time=2013-06-12 18:53:49.542]
Prohibition [agent=a1, prohibition=[at(5, 5, a1)], sanction=[reduce_300(a1)], clock=0, time=2013-06-12 18:54:26.153]
Time [clock=554, time=2013-06-12 18:53:50.543]
Time [clock=555, time=2013-06-12 18:53:51.545]
Time [clock=556, time=2013-06-12 18:53:52.546]
Time [clock=557, time=2013-06-12 18:53:53.547]
Time [clock=558, time=2013-06-12 18:53:54.589]
Time [clock=559, time=2013-06-12 18:53:55.549]
Time [clock=560, time=2013-06-12 18:53:56.551]
Time [clock=561, time=2013-06-12 18:53:57.551]
Time [clock=562, time=2013-06-12 18:53:58.551]
Time [clock=563, time=2013-06-12 18:53:59.553]
Time [clock=564, time=2013-06-12 18:54:00.555]
Time [clock=565, time=2013-06-12 18:54:01.557]
Time [clock=566, time=2013-06-12 18:54:02.557]
Time [clock=567, time=2013-06-12 18:54:03.557]
Time [clock=568, time=2013-06-12 18:54:04.559]
Prohibition [agent=a2, prohibition=[reading(8, 19, a2)], sanction=[reduce_300(a2)], clock=0, time=2013-06-12 18:54:59.465]
Time [clock=569, time=2013-06-12 18:54:05.559]
Time [clock=570, time=2013-06-12 18:54:06.562]
Time [clock=571, time=2013-06-12 18:54:07.562]
Obligation [agent=a3, obligation=[makeReading(2, 2)], sanction=[reduce_400(a3)], deadline=244, time=2013-06-12 18:47:52.672, clock=0]
Obligation [agent=a1, obligation=[makeReading(8, 6)], sanction=[reduce_400(a1)], deadline=322, time=2013-06-12 18:49:09.553, clock=0]
Time [clock=572, time=2013-06-12 18:54:08.562]
Obligation [agent=a1, obligation=[makeReading(16, 16)], sanction=[reduce_400(a1)], deadline=322, time=2013-06-12 18:49:09.758, clock=0]
Time [clock=573, time=2013-06-12 18:54:09.561]
Time [clock=574, time=2013-06-12 18:54:10.604]
Time [clock=575, time=2013-06-12 18:54:11.564]
Time [clock=576, time=2013-06-12 18:54:12.566]
Time [clock=577, time=2013-06-12 18:54:13.566]
Time [clock=578, time=2013-06-12 18:54:14.566]
Obligation [agent=a1, obligation=[makeReading(2, 2)], sanction=[reduce_400(a1)], deadline=322, time=2013-06-12 18:49:09.966, clock=0]
Prohibition [agent=a3, prohibition=[reading(11, 1, a3)], sanction=[reduce_300(a3)], clock=0, time=2013-06-12 18:54:59.669]
Time [clock=579, time=2013-06-12 18:54:15.567]
Time [clock=580, time=2013-06-12 18:54:16.569]
Time [clock=581, time=2013-06-12 18:54:17.569]
Time [clock=582, time=2013-06-12 18:54:18.569]
Time [clock=583, time=2013-06-12 18:54:19.569]
Time [clock=584, time=2013-06-12 18:54:20.57]
Time [clock=585, time=2013-06-12 18:54:21.572]
Time [clock=586, time=2013-06-12 18:54:22.573]
Time [clock=587, time=2013-06-12 18:54:23.576]
Time [clock=588, time=2013-06-12 18:54:24.575]
Time [clock=589, time=2013-06-12 18:54:25.617]
Time [clock=590, time=2013-06-12 18:54:26.577]
Time [clock=591, time=2013-06-12 18:54:27.577]
Time [clock=592, time=2013-06-12 18:54:28.577]
Obligation [agent=a2, obligation=[makeReading(8, 6)], sanction=[reduce_400(a2)], deadline=322, time=2013-06-12 18:49:10.171, clock=0]
Obligation [agent=a2, obligation=[makeReading(16, 16)], sanction=[reduce_400(a2)], deadline=322, time=2013-06-12 18:49:10.375, clock=0]
Time [clock=593, time=2013-06-12 18:54:29.577]
Time [clock=594, time=2013-06-12 18:54:30.577]
Time [clock=595, time=2013-06-12 18:54:31.579]
Time [clock=596, time=2013-06-12 18:54:32.579]
Time [clock=597, time=2013-06-12 18:54:33.58]
Time [clock=598, time=2013-06-12 18:54:34.581]
Time [clock=599, time=2013-06-12 18:54:35.582]
Time [clock=600, time=2013-06-12 18:54:36.585]
Time [clock=601, time=2013-06-12 18:54:37.584]
Time [clock=602, time=2013-06-12 18:54:38.586]
Time [clock=603, time=2013-06-12 18:54:39.629]
Time [clock=604, time=2013-06-12 18:54:40.587]
Time [clock=605, time=2013-06-12 18:54:41.603]
Time [clock=606, time=2013-06-12 18:54:42.588]
Time [clock=607, time=2013-06-12 18:54:43.589]
Time [clock=608, time=2013-06-12 18:54:44.589]
Time [clock=609, time=2013-06-12 18:54:45.59]
Time [clock=610, time=2013-06-12 18:54:46.591]
Prohibition [agent=t1, prohibition=[at(5, 5, t1)], sanction=[reduce_300(t1)], clock=0, time=2013-06-12 18:56:02.402]
Time [clock=611, time=2013-06-12 18:54:47.591]
Time [clock=612, time=2013-06-12 18:54:48.592]
Time [clock=613, time=2013-06-12 18:54:49.592]
Time [clock=614, time=2013-06-12 18:54:50.593]
Time [clock=615, time=2013-06-12 18:54:51.592]
Time [clock=616, time=2013-06-12 18:54:52.593]
Time [clock=617, time=2013-06-12 18:54:53.594]
Time [clock=618, time=2013-06-12 18:54:54.594]
Time [clock=619, time=2013-06-12 18:54:55.637]
Time [clock=620, time=2013-06-12 18:54:56.597]
Time [clock=621, time=2013-06-12 18:54:57.598]
Prohibition [agent=t1, prohibition=[at(5, 6, t1)], sanction=[reduce_300(t1)], clock=0, time=2013-06-12 18:56:02.402]
Obligation [agent=a2, obligation=[makeReading(2, 2)], sanction=[reduce_400(a2)], deadline=322, time=2013-06-12 18:49:10.579, clock=0]
Time [clock=622, time=2013-06-12 18:54:58.597]
Prohibition [agent=t1, prohibition=[at(6, 5, t1)], sanction=[reduce_300(t1)], clock=0, time=2013-06-12 18:56:02.403]
Prohibition [agent=t1, prohibition=[at(6, 6, t1)], sanction=[reduce_300(t1)], clock=0, time=2013-06-12 18:56:02.403]
Time [clock=623, time=2013-06-12 18:54:59.597]
Time [clock=624, time=2013-06-12 18:55:00.612]
Time [clock=625, time=2013-06-12 18:55:01.599]
Time [clock=626, time=2013-06-12 18:55:02.601]
Time [clock=627, time=2013-06-12 18:55:03.602]
Time [clock=628, time=2013-06-12 18:55:04.601]
Time [clock=629, time=2013-06-12 18:55:05.602]
Prohibition [agent=a2, prohibition=[reading(8, 19, a2)], sanction=[reduce_300(a2)], clock=0, time=2013-06-12 18:56:02.605]
Time [clock=630, time=2013-06-12 18:55:06.605]
Time [clock=631, time=2013-06-12 18:55:07.603]
Time [clock=632, time=2013-06-12 18:55:08.604]
Time [clock=633, time=2013-06-12 18:55:09.608]
Prohibition [agent=c1, prohibition=[coin(5, 5, a1)], sanction=[reduce_300(c1)], clock=0, time=2013-06-12 18:56:02.608]
Time [clock=634, time=2013-06-12 18:55:10.606]
Time [clock=635, time=2013-06-12 18:55:11.648]
Time [clock=636, time=2013-06-12 18:55:12.607]
Prohibition [agent=c1, prohibition=[coin(5, 6, a1)], sanction=[reduce_300(c1)], clock=0, time=2013-06-12 18:56:02.609]
Time [clock=637, time=2013-06-12 18:55:13.607]
Time [clock=638, time=2013-06-12 18:55:14.607]
Time [clock=639, time=2013-06-12 18:55:15.608]
Time [clock=640, time=2013-06-12 18:55:16.609]
Obligation [agent=a3, obligation=[makeReading(8, 6)], sanction=[reduce_400(a3)], deadline=322, time=2013-06-12 18:49:10.785, clock=0]
Time [clock=641, time=2013-06-12 18:55:17.609]
Prohibition [agent=c1, prohibition=[coin(6, 5, a1)], sanction=[reduce_300(c1)], clock=0, time=2013-06-12 18:56:02.61]
Obligation [agent=a3, obligation=[makeReading(16, 16)], sanction=[reduce_400(a3)], deadline=322, time=2013-06-12 18:49:10.99, clock=0]
Time [clock=642, time=2013-06-12 18:55:18.61]
Time [clock=643, time=2013-06-12 18:55:19.612]
Time [clock=644, time=2013-06-12 18:55:20.612]
Time [clock=645, time=2013-06-12 18:55:21.613]
Time [clock=646, time=2013-06-12 18:55:22.613]
Time [clock=647, time=2013-06-12 18:55:23.615]
Time [clock=648, time=2013-06-12 18:55:24.615]
Time [clock=649, time=2013-06-12 18:55:25.617]
Time [clock=650, time=2013-06-12 18:55:26.619]
Time [clock=651, time=2013-06-12 18:55:27.659]
Time [clock=652, time=2013-06-12 18:55:28.621]
Time [clock=653, time=2013-06-12 18:55:29.621]
Time [clock=654, time=2013-06-12 18:55:30.622]
Time [clock=655, time=2013-06-12 18:55:31.623]
Time [clock=656, time=2013-06-12 18:55:32.623]
Time [clock=657, time=2013-06-12 18:55:33.623]
Time [clock=658, time=2013-06-12 18:55:34.625]
Obligation [agent=a3, obligation=[makeReading(2, 2)], sanction=[reduce_400(a3)], deadline=322, time=2013-06-12 18:49:11.196, clock=0]
Time [clock=659, time=2013-06-12 18:55:35.624]
Obligation [agent=a1, obligation=[makeReading(8, 6)], sanction=[reduce_400(a1)], deadline=401, time=2013-06-12 18:50:28.08, clock=0]
Time [clock=660, time=2013-06-12 18:55:36.627]
Time [clock=661, time=2013-06-12 18:55:37.627]
Time [clock=662, time=2013-06-12 18:55:38.627]
Time [clock=663, time=2013-06-12 18:55:39.633]
Prohibition [agent=c1, prohibition=[coin(6, 6, a1)], sanction=[reduce_300(c1)], clock=0, time=2013-06-12 18:56:02.611]
Time [clock=664, time=2013-06-12 18:55:40.63]
Time [clock=665, time=2013-06-12 18:55:41.63]
Time [clock=666, time=2013-06-12 18:55:42.631]
Time [clock=667, time=2013-06-12 18:55:43.632]
Time [clock=668, time=2013-06-12 18:55:44.675]
Obligation [agent=a1, obligation=[makeReading(16, 16)], sanction=[reduce_400(a1)], deadline=401, time=2013-06-12 18:50:28.284, clock=0]
Time [clock=669, time=2013-06-12 18:55:45.635]
Time [clock=670, time=2013-06-12 18:55:46.635]
Time [clock=671, time=2013-06-12 18:55:47.635]
Time [clock=672, time=2013-06-12 18:55:48.634]
Time [clock=673, time=2013-06-12 18:55:49.636]
Time [clock=674, time=2013-06-12 18:55:50.636]
Time [clock=675, time=2013-06-12 18:55:51.637]
Obligation [agent=a1, obligation=[makeReading(2, 2)], sanction=[reduce_400(a1)], deadline=401, time=2013-06-12 18:50:28.489, clock=0]
Time [clock=676, time=2013-06-12 18:55:52.66]
Time [clock=677, time=2013-06-12 18:55:53.639]
Time [clock=678, time=2013-06-12 18:55:54.639]
Time [clock=679, time=2013-06-12 18:55:55.641]
Time [clock=680, time=2013-06-12 18:55:56.642]
Time [clock=681, time=2013-06-12 18:55:57.644]
Time [clock=682, time=2013-06-12 18:55:58.644]
Time [clock=683, time=2013-06-12 18:55:59.648]
Time [clock=684, time=2013-06-12 18:56:00.645]
Time [clock=685, time=2013-06-12 18:56:01.646]
Time [clock=686, time=2013-06-12 18:56:02.648]
Obligation [agent=a2, obligation=[makeReading(8, 6)], sanction=[reduce_400(a2)], deadline=401, time=2013-06-12 18:50:28.694, clock=0]
Time [clock=687, time=2013-06-12 18:56:03.647]
Time [clock=688, time=2013-06-12 18:56:04.65]
Time [clock=689, time=2013-06-12 18:56:05.65]
Time [clock=690, time=2013-06-12 18:56:06.651]
Time [clock=691, time=2013-06-12 18:56:07.652]
Time [clock=692, time=2013-06-12 18:56:08.653]
Time [clock=693, time=2013-06-12 18:56:09.655]
Time [clock=694, time=2013-06-12 18:56:10.655]
Time [clock=695, time=2013-06-12 18:56:11.656]
Time [clock=696, time=2013-06-12 18:56:12.657]
Time [clock=697, time=2013-06-12 18:56:13.658]
Obligation [agent=a2, obligation=[makeReading(16, 16)], sanction=[reduce_400(a2)], deadline=401, time=2013-06-12 18:50:28.9, clock=0]
Time [clock=698, time=2013-06-12 18:56:14.7]
Time [clock=699, time=2013-06-12 18:56:15.662]
Time [clock=700, time=2013-06-12 18:56:16.661]
Time [clock=701, time=2013-06-12 18:56:17.661]
Prohibition [agent=c1, prohibition=[coin(5, 5, a2)], sanction=[reduce_300(c1)], clock=0, time=2013-06-12 18:56:02.612]
Time [clock=702, time=2013-06-12 18:56:18.662]
Time [clock=703, time=2013-06-12 18:56:19.663]
Obligation [agent=a2, obligation=[makeReading(2, 2)], sanction=[reduce_400(a2)], deadline=401, time=2013-06-12 18:50:29.104, clock=0]
Time [clock=704, time=2013-06-12 18:56:20.664]
Time [clock=705, time=2013-06-12 18:56:21.665]
Time [clock=706, time=2013-06-12 18:56:22.665]
Time [clock=707, time=2013-06-12 18:56:23.667]
Time [clock=708, time=2013-06-12 18:56:24.668]
Time [clock=709, time=2013-06-12 18:56:25.669]
Time [clock=710, time=2013-06-12 18:56:26.671]
Time [clock=711, time=2013-06-12 18:56:27.671]
Prohibition [agent=c1, prohibition=[coin(5, 6, a2)], sanction=[reduce_300(c1)], clock=0, time=2013-06-12 18:56:02.613]
Time [clock=712, time=2013-06-12 18:56:28.672]
Time [clock=713, time=2013-06-12 18:56:29.672]
Prohibition [agent=c1, prohibition=[coin(6, 5, a2)], sanction=[reduce_300(c1)], clock=0, time=2013-06-12 18:56:02.613]
Time [clock=714, time=2013-06-12 18:56:30.714]
Time [clock=715, time=2013-06-12 18:56:31.675]
Obligation [agent=a3, obligation=[makeReading(8, 6)], sanction=[reduce_400(a3)], deadline=401, time=2013-06-12 18:50:29.309, clock=0]
Time [clock=716, time=2013-06-12 18:56:32.673]
Time [clock=717, time=2013-06-12 18:56:33.674]
Time [clock=718, time=2013-06-12 18:56:34.675]
Time [clock=719, time=2013-06-12 18:56:35.675]
Time [clock=720, time=2013-06-12 18:56:36.677]
Time [clock=721, time=2013-06-12 18:56:37.676]
Time [clock=722, time=2013-06-12 18:56:38.676]
Prohibition [agent=c1, prohibition=[coin(6, 6, a2)], sanction=[reduce_300(c1)], clock=0, time=2013-06-12 18:56:02.614]
Time [clock=723, time=2013-06-12 18:56:39.677]
Time [clock=724, time=2013-06-12 18:56:40.678]
Time [clock=725, time=2013-06-12 18:56:41.678]
Time [clock=726, time=2013-06-12 18:56:42.68]
Time [clock=727, time=2013-06-12 18:56:43.681]
Time [clock=728, time=2013-06-12 18:56:44.68]
Prohibition [agent=c1, prohibition=[coin(5, 5, a3)], sanction=[reduce_300(c1)], clock=0, time=2013-06-12 18:56:02.614]
Time [clock=729, time=2013-06-12 18:56:45.681]
Time [clock=730, time=2013-06-12 18:56:46.724]
Time [clock=731, time=2013-06-12 18:56:47.684]
Time [clock=732, time=2013-06-12 18:56:48.684]
Time [clock=733, time=2013-06-12 18:56:49.684]
Time [clock=734, time=2013-06-12 18:56:50.686]
Time [clock=735, time=2013-06-12 18:56:51.687]
Time [clock=736, time=2013-06-12 18:56:52.688]
Time [clock=737, time=2013-06-12 18:56:53.688]
Time [clock=738, time=2013-06-12 18:56:54.688]
Time [clock=739, time=2013-06-12 18:56:55.69]
Time [clock=740, time=2013-06-12 18:56:56.691]
Time [clock=741, time=2013-06-12 18:56:57.691]
Time [clock=742, time=2013-06-12 18:56:58.693]
Time [clock=743, time=2013-06-12 18:56:59.693]
Time [clock=744, time=2013-06-12 18:57:00.694]
Time [clock=745, time=2013-06-12 18:57:01.695]
Time [clock=746, time=2013-06-12 18:57:02.737]
Time [clock=747, time=2013-06-12 18:57:03.699]
Time [clock=748, time=2013-06-12 18:57:04.698]
Time [clock=749, time=2013-06-12 18:57:05.699]
Time [clock=750, time=2013-06-12 18:57:06.702]
Time [clock=751, time=2013-06-12 18:57:07.699]
Time [clock=752, time=2013-06-12 18:57:08.699]
Time [clock=753, time=2013-06-12 18:57:09.701]
Time [clock=754, time=2013-06-12 18:57:10.702]
Time [clock=755, time=2013-06-12 18:57:11.702]
Time [clock=756, time=2013-06-12 18:57:12.705]
Time [clock=757, time=2013-06-12 18:57:13.705]
Obligation [agent=a3, obligation=[makeReading(16, 16)], sanction=[reduce_400(a3)], deadline=401, time=2013-06-12 18:50:29.514, clock=0]
Time [clock=758, time=2013-06-12 18:57:14.706]
Time [clock=759, time=2013-06-12 18:57:15.706]
Time [clock=760, time=2013-06-12 18:57:16.71]
Time [clock=761, time=2013-06-12 18:57:17.709]
Obligation [agent=a3, obligation=[makeReading(2, 2)], sanction=[reduce_400(a3)], deadline=401, time=2013-06-12 18:50:29.719, clock=0]
Time [clock=762, time=2013-06-12 18:57:18.751]
Time [clock=763, time=2013-06-12 18:57:19.712]
Time [clock=764, time=2013-06-12 18:57:20.711]
Time [clock=765, time=2013-06-12 18:57:21.712]
Time [clock=766, time=2013-06-12 18:57:22.713]
Time [clock=767, time=2013-06-12 18:57:23.715]
Time [clock=768, time=2013-06-12 18:57:24.716]
Time [clock=769, time=2013-06-12 18:57:25.717]
Time [clock=770, time=2013-06-12 18:57:26.72]
Time [clock=771, time=2013-06-12 18:57:27.719]
Time [clock=772, time=2013-06-12 18:57:28.72]
Time [clock=773, time=2013-06-12 18:57:29.721]
Time [clock=774, time=2013-06-12 18:57:30.722]
Time [clock=775, time=2013-06-12 18:57:31.723]
Time [clock=776, time=2013-06-12 18:57:32.733]
Time [clock=777, time=2013-06-12 18:57:33.724]
Prohibition [agent=c1, prohibition=[coin(5, 6, a3)], sanction=[reduce_300(c1)], clock=0, time=2013-06-12 18:56:02.615]
Time [clock=778, time=2013-06-12 18:57:34.766]
Time [clock=779, time=2013-06-12 18:57:35.727]
Time [clock=780, time=2013-06-12 18:57:36.727]
Time [clock=781, time=2013-06-12 18:57:37.727]
Time [clock=782, time=2013-06-12 18:57:38.727]
Time [clock=783, time=2013-06-12 18:57:39.727]
Time [clock=784, time=2013-06-12 18:57:40.728]
Time [clock=785, time=2013-06-12 18:57:41.728]
Time [clock=786, time=2013-06-12 18:57:42.73]
Time [clock=787, time=2013-06-12 18:57:43.731]
Time [clock=788, time=2013-06-12 18:57:44.732]
Time [clock=789, time=2013-06-12 18:57:45.732]
Time [clock=790, time=2013-06-12 18:57:46.733]
Time [clock=791, time=2013-06-12 18:57:47.732]
Time [clock=792, time=2013-06-12 18:57:48.733]
Time [clock=793, time=2013-06-12 18:57:49.733]
Obligation [agent=a1, obligation=[makeReading(8, 6)], sanction=[reduce_400(a1)], deadline=479, time=2013-06-12 18:51:46.576, clock=0]
Time [clock=794, time=2013-06-12 18:57:50.775]
Time [clock=795, time=2013-06-12 18:57:51.737]
Time [clock=796, time=2013-06-12 18:57:52.736]
Time [clock=797, time=2013-06-12 18:57:53.766]
Time [clock=798, time=2013-06-12 18:57:54.738]
Obligation [agent=a1, obligation=[makeReading(16, 16)], sanction=[reduce_400(a1)], deadline=479, time=2013-06-12 18:51:46.781, clock=0]
Obligation [agent=a1, obligation=[makeReading(2, 2)], sanction=[reduce_400(a1)], deadline=479, time=2013-06-12 18:51:46.986, clock=0]
Time [clock=799, time=2013-06-12 18:57:55.738]
Time [clock=800, time=2013-06-12 18:57:56.741]
Time [clock=801, time=2013-06-12 18:57:57.74]
Time [clock=802, time=2013-06-12 18:57:58.74]
Obligation [agent=a2, obligation=[makeReading(8, 6)], sanction=[reduce_400(a2)], deadline=479, time=2013-06-12 18:51:47.191, clock=0]
Time [clock=803, time=2013-06-12 18:57:59.741]
Time [clock=804, time=2013-06-12 18:58:00.742]
Time [clock=805, time=2013-06-12 18:58:01.743]
Time [clock=806, time=2013-06-12 18:58:02.744]
Time [clock=807, time=2013-06-12 18:58:03.745]
Time [clock=808, time=2013-06-12 18:58:04.747]
Time [clock=809, time=2013-06-12 18:58:05.747]
Time [clock=810, time=2013-06-12 18:58:06.792]
Time [clock=811, time=2013-06-12 18:58:07.751]
Time [clock=812, time=2013-06-12 18:58:08.75]
Time [clock=813, time=2013-06-12 18:58:09.75]
Time [clock=814, time=2013-06-12 18:58:10.997]
Time [clock=815, time=2013-06-12 18:58:11.754]
Time [clock=816, time=2013-06-12 18:58:12.754]
Time [clock=817, time=2013-06-12 18:58:13.754]
Time [clock=818, time=2013-06-12 18:58:14.875]
Time [clock=819, time=2013-06-12 18:58:15.758]
Time [clock=820, time=2013-06-12 18:58:16.759]
Obligation [agent=a2, obligation=[makeReading(16, 16)], sanction=[reduce_400(a2)], deadline=479, time=2013-06-12 18:51:47.396, clock=0]
Time [clock=821, time=2013-06-12 18:58:17.803]
Time [clock=822, time=2013-06-12 18:58:18.759]
Time [clock=823, time=2013-06-12 18:58:19.76]
Time [clock=824, time=2013-06-12 18:58:20.762]
Prohibition [agent=c1, prohibition=[coin(6, 5, a3)], sanction=[reduce_300(c1)], clock=0, time=2013-06-12 18:56:02.616]
Prohibition [agent=c1, prohibition=[coin(6, 6, a3)], sanction=[reduce_300(c1)], clock=0, time=2013-06-12 18:56:02.616]
Obligation [agent=a2, obligation=[makeReading(2, 2)], sanction=[reduce_400(a2)], deadline=479, time=2013-06-12 18:51:47.601, clock=0]
Prohibition [agent=a3, prohibition=[reading(11, 1, a3)], sanction=[reduce_300(a3)], clock=0, time=2013-06-12 18:56:02.813]
Prohibition [agent=a1, prohibition=[at(5, 5, a1)], sanction=[reduce_300(a1)], clock=0, time=2013-06-12 18:56:02.814]
Obligation [agent=a3, obligation=[makeReading(8, 6)], sanction=[reduce_400(a3)], deadline=479, time=2013-06-12 18:51:47.806, clock=0]
Prohibition [agent=a2, prohibition=[reading(8, 19, a2)], sanction=[reduce_300(a2)], clock=0, time=2013-06-12 18:56:03.023]
Obligation [agent=a3, obligation=[makeReading(16, 16)], sanction=[reduce_400(a3)], deadline=479, time=2013-06-12 18:51:48.011, clock=0]
Prohibition [agent=a3, prohibition=[reading(11, 1, a3)], sanction=[reduce_300(a3)], clock=0, time=2013-06-12 18:56:03.227]
Prohibition [agent=a1, prohibition=[at(5, 5, a1)], sanction=[reduce_300(a1)], clock=0, time=2013-06-12 18:56:03.228]
Obligation [agent=a3, obligation=[makeReading(2, 2)], sanction=[reduce_400(a3)], deadline=479, time=2013-06-12 18:51:48.216, clock=0]
Obligation [agent=a1, obligation=[makeReading(8, 6)], sanction=[reduce_400(a1)], deadline=558, time=2013-06-12 18:53:05.121, clock=0]
Prohibition [agent=a1, prohibition=[at(5, 6, a1)], sanction=[reduce_300(a1)], clock=0, time=2013-06-12 18:56:03.228]
Prohibition [agent=a1, prohibition=[at(6, 5, a1)], sanction=[reduce_300(a1)], clock=0, time=2013-06-12 18:56:03.229]
Obligation [agent=a1, obligation=[makeReading(16, 16)], sanction=[reduce_400(a1)], deadline=558, time=2013-06-12 18:53:05.327, clock=0]
Obligation [agent=a1, obligation=[makeReading(2, 2)], sanction=[reduce_400(a1)], deadline=558, time=2013-06-12 18:53:05.533, clock=0]
Obligation [agent=a2, obligation=[makeReading(8, 6)], sanction=[reduce_400(a2)], deadline=558, time=2013-06-12 18:53:05.737, clock=0]
Obligation [agent=a2, obligation=[makeReading(16, 16)], sanction=[reduce_400(a2)], deadline=558, time=2013-06-12 18:53:05.942, clock=0]
Obligation [agent=a2, obligation=[makeReading(2, 2)], sanction=[reduce_400(a2)], deadline=558, time=2013-06-12 18:53:06.147, clock=0]
Prohibition [agent=a1, prohibition=[at(6, 6, a1)], sanction=[reduce_300(a1)], clock=0, time=2013-06-12 18:56:03.229]
Prohibition [agent=a2, prohibition=[at(5, 5, a2)], sanction=[reduce_300(a2)], clock=0, time=2013-06-12 18:56:03.23]
Prohibition [agent=a2, prohibition=[at(5, 6, a2)], sanction=[reduce_300(a2)], clock=0, time=2013-06-12 18:56:03.23]
Prohibition [agent=a2, prohibition=[at(6, 5, a2)], sanction=[reduce_300(a2)], clock=0, time=2013-06-12 18:56:03.23]
Obligation [agent=a3, obligation=[makeReading(8, 6)], sanction=[reduce_400(a3)], deadline=558, time=2013-06-12 18:53:06.352, clock=0]
Prohibition [agent=a2, prohibition=[at(6, 6, a2)], sanction=[reduce_300(a2)], clock=0, time=2013-06-12 18:56:03.231]
Prohibition [agent=a3, prohibition=[at(5, 5, a3)], sanction=[reduce_300(a3)], clock=0, time=2013-06-12 18:56:03.231]
Prohibition [agent=a3, prohibition=[at(5, 6, a3)], sanction=[reduce_300(a3)], clock=0, time=2013-06-12 18:56:03.232]
Prohibition [agent=a3, prohibition=[at(6, 5, a3)], sanction=[reduce_300(a3)], clock=0, time=2013-06-12 18:56:03.232]
Prohibition [agent=a3, prohibition=[at(6, 6, a3)], sanction=[reduce_300(a3)], clock=0, time=2013-06-12 18:56:03.235]
Obligation [agent=a3, obligation=[makeReading(16, 16)], sanction=[reduce_400(a3)], deadline=558, time=2013-06-12 18:53:06.555, clock=0]
Obligation [agent=a3, obligation=[makeReading(2, 2)], sanction=[reduce_400(a3)], deadline=558, time=2013-06-12 18:53:06.76, clock=0]
Obligation [agent=a1, obligation=[makeReading(8, 6)], sanction=[reduce_400(a1)], deadline=636, time=2013-06-12 18:54:23.694, clock=0]
Prohibition [agent=a2, prohibition=[reading(8, 19, a2)], sanction=[reduce_300(a2)], clock=0, time=2013-06-12 18:57:22.908]
Prohibition [agent=a2, prohibition=[reading(8, 19, a2)], sanction=[reduce_300(a2)], clock=0, time=2013-06-12 18:57:23.113]
Obligation [agent=a1, obligation=[makeReading(16, 16)], sanction=[reduce_400(a1)], deadline=636, time=2013-06-12 18:54:23.899, clock=0]
Prohibition [agent=a3, prohibition=[reading(11, 1, a3)], sanction=[reduce_300(a3)], clock=0, time=2013-06-12 18:57:23.113]
Prohibition [agent=a1, prohibition=[at(5, 5, a1)], sanction=[reduce_300(a1)], clock=0, time=2013-06-12 18:57:23.114]
Prohibition [agent=a3, prohibition=[reading(11, 1, a3)], sanction=[reduce_300(a3)], clock=0, time=2013-06-12 18:57:23.318]
Prohibition [agent=a1, prohibition=[at(5, 5, a1)], sanction=[reduce_300(a1)], clock=0, time=2013-06-12 18:57:23.319]
Obligation [agent=a1, obligation=[makeReading(2, 2)], sanction=[reduce_400(a1)], deadline=636, time=2013-06-12 18:54:24.103, clock=0]
Obligation [agent=a2, obligation=[makeReading(8, 6)], sanction=[reduce_400(a2)], deadline=636, time=2013-06-12 18:54:24.308, clock=0]
Obligation [agent=a2, obligation=[makeReading(16, 16)], sanction=[reduce_400(a2)], deadline=636, time=2013-06-12 18:54:24.515, clock=0]
Obligation [agent=a2, obligation=[makeReading(2, 2)], sanction=[reduce_400(a2)], deadline=636, time=2013-06-12 18:54:24.719, clock=0]
Obligation [agent=a3, obligation=[makeReading(8, 6)], sanction=[reduce_400(a3)], deadline=636, time=2013-06-12 18:54:24.925, clock=0]
Obligation [agent=a3, obligation=[makeReading(16, 16)], sanction=[reduce_400(a3)], deadline=636, time=2013-06-12 18:54:25.134, clock=0]
Obligation [agent=a3, obligation=[makeReading(2, 2)], sanction=[reduce_400(a3)], deadline=636, time=2013-06-12 18:54:25.34, clock=0]
Obligation [agent=a1, obligation=[makeReading(8, 6)], sanction=[reduce_400(a1)], deadline=732, time=2013-06-12 18:56:00.187, clock=0]
Obligation [agent=a1, obligation=[makeReading(16, 16)], sanction=[reduce_400(a1)], deadline=732, time=2013-06-12 18:56:00.392, clock=0]
Obligation [agent=a1, obligation=[makeReading(2, 2)], sanction=[reduce_400(a1)], deadline=732, time=2013-06-12 18:56:00.597, clock=0]
Obligation [agent=a1, obligation=[makeReading(8, 6)], sanction=[reduce_400(a1)], deadline=733, time=2013-06-12 18:56:00.757, clock=0]
Obligation [agent=a1, obligation=[makeReading(16, 16)], sanction=[reduce_400(a1)], deadline=733, time=2013-06-12 18:56:00.961, clock=0]
Obligation [agent=a2, obligation=[makeReading(8, 6)], sanction=[reduce_400(a2)], deadline=732, time=2013-06-12 18:56:00.961, clock=0]
Obligation [agent=a1, obligation=[makeReading(2, 2)], sanction=[reduce_400(a1)], deadline=733, time=2013-06-12 18:56:01.167, clock=0]
Obligation [agent=a2, obligation=[makeReading(16, 16)], sanction=[reduce_400(a2)], deadline=732, time=2013-06-12 18:56:01.168, clock=0]
Obligation [agent=a2, obligation=[makeReading(8, 6)], sanction=[reduce_400(a2)], deadline=733, time=2013-06-12 18:56:01.373, clock=0]
Obligation [agent=a2, obligation=[makeReading(2, 2)], sanction=[reduce_400(a2)], deadline=732, time=2013-06-12 18:56:01.373, clock=0]
Obligation [agent=a2, obligation=[makeReading(16, 16)], sanction=[reduce_400(a2)], deadline=733, time=2013-06-12 18:56:01.578, clock=0]
Obligation [agent=a3, obligation=[makeReading(8, 6)], sanction=[reduce_400(a3)], deadline=732, time=2013-06-12 18:56:01.578, clock=0]
Obligation [agent=a3, obligation=[makeReading(16, 16)], sanction=[reduce_400(a3)], deadline=732, time=2013-06-12 18:56:01.786, clock=0]
Obligation [agent=a2, obligation=[makeReading(2, 2)], sanction=[reduce_400(a2)], deadline=733, time=2013-06-12 18:56:01.786, clock=0]
Obligation [agent=a3, obligation=[makeReading(2, 2)], sanction=[reduce_400(a3)], deadline=732, time=2013-06-12 18:56:01.992, clock=0]
Obligation [agent=a3, obligation=[makeReading(8, 6)], sanction=[reduce_400(a3)], deadline=733, time=2013-06-12 18:56:01.992, clock=0]
Obligation [agent=a3, obligation=[makeReading(16, 16)], sanction=[reduce_400(a3)], deadline=733, time=2013-06-12 18:56:02.197, clock=0]
Obligation [agent=a3, obligation=[makeReading(2, 2)], sanction=[reduce_400(a3)], deadline=733, time=2013-06-12 18:56:02.401, clock=0]
Obligation [agent=a1, obligation=[makeReading(8, 6)], sanction=[reduce_400(a1)], deadline=812, time=2013-06-12 18:57:20.52, clock=0]
Obligation [agent=a1, obligation=[makeReading(16, 16)], sanction=[reduce_400(a1)], deadline=812, time=2013-06-12 18:57:20.726, clock=0]
Obligation [agent=a1, obligation=[makeReading(8, 6)], sanction=[reduce_400(a1)], deadline=813, time=2013-06-12 18:57:20.865, clock=0]
Obligation [agent=a1, obligation=[makeReading(2, 2)], sanction=[reduce_400(a1)], deadline=812, time=2013-06-12 18:57:20.93, clock=0]
Obligation [agent=a1, obligation=[makeReading(16, 16)], sanction=[reduce_400(a1)], deadline=813, time=2013-06-12 18:57:21.071, clock=0]
Obligation [agent=a2, obligation=[makeReading(8, 6)], sanction=[reduce_400(a2)], deadline=812, time=2013-06-12 18:57:21.135, clock=0]
Obligation [agent=a1, obligation=[makeReading(2, 2)], sanction=[reduce_400(a1)], deadline=813, time=2013-06-12 18:57:21.276, clock=0]
Obligation [agent=a2, obligation=[makeReading(16, 16)], sanction=[reduce_400(a2)], deadline=812, time=2013-06-12 18:57:21.34, clock=0]
Obligation [agent=a2, obligation=[makeReading(8, 6)], sanction=[reduce_400(a2)], deadline=813, time=2013-06-12 18:57:21.48, clock=0]
Obligation [agent=a2, obligation=[makeReading(2, 2)], sanction=[reduce_400(a2)], deadline=812, time=2013-06-12 18:57:21.544, clock=0]
Obligation [agent=a2, obligation=[makeReading(16, 16)], sanction=[reduce_400(a2)], deadline=813, time=2013-06-12 18:57:21.685, clock=0]
Obligation [agent=a3, obligation=[makeReading(8, 6)], sanction=[reduce_400(a3)], deadline=812, time=2013-06-12 18:57:21.748, clock=0]
Obligation [agent=a2, obligation=[makeReading(2, 2)], sanction=[reduce_400(a2)], deadline=813, time=2013-06-12 18:57:21.889, clock=0]
Obligation [agent=a3, obligation=[makeReading(16, 16)], sanction=[reduce_400(a3)], deadline=812, time=2013-06-12 18:57:21.953, clock=0]
Obligation [agent=a3, obligation=[makeReading(8, 6)], sanction=[reduce_400(a3)], deadline=813, time=2013-06-12 18:57:22.094, clock=0]
Obligation [agent=a3, obligation=[makeReading(2, 2)], sanction=[reduce_400(a3)], deadline=812, time=2013-06-12 18:57:22.159, clock=0]
Obligation [agent=a3, obligation=[makeReading(16, 16)], sanction=[reduce_400(a3)], deadline=813, time=2013-06-12 18:57:22.298, clock=0]
Obligation [agent=a3, obligation=[makeReading(2, 2)], sanction=[reduce_400(a3)], deadline=813, time=2013-06-12 18:57:56.479, clock=0]
Coin [id=null, cell=Cell [x=2, y=2], agent=a3, time=2013-06-12 18:45:48.941, clock=72]
-------------------------last log tuples end----------------------------------
register a1
register a2
register a3
register c1
register t1
from/for agent a3  reading(position(11, 1))
Reading [id=null, agent=a3, cell=Cell [x=11, y=1], time=null, value=null, clock=null]
from/for agent a2  reading(position(8, 19))
Reading [id=null, agent=a2, cell=Cell [x=8, y=19], time=null, value=null, clock=null]
from/for agent a1  reading(position(5, 5))
Reading [id=null, agent=a1, cell=Cell [x=5, y=5], time=null, value=null, clock=null]
