test2.
Service Registrar: 97502479-e0b5-4722-97d2-073f4f32200b
Java Space found.
TransactionManager found.
-------------------------last log tuples start--------------------------------
Time [clock=1, time=2013-06-12 17:32:26.029]
Time [clock=2, time=2013-06-12 17:32:26.615]
Time [clock=3, time=2013-06-12 17:32:27.616]
Time [clock=4, time=2013-06-12 17:32:28.617]
Time [clock=5, time=2013-06-12 17:32:29.666]
Time [clock=6, time=2013-06-12 17:32:30.635]
Time [clock=7, time=2013-06-12 17:32:31.671]
Time [clock=8, time=2013-06-12 17:32:32.624]
Position [agent=a1, id=null, cell=Cell [x=3, y=4], time=2013-06-12 17:32:31.581, clock=5]
Time [clock=9, time=2013-06-12 17:32:33.623]
Position [agent=a3, id=null, cell=Cell [x=11, y=2], time=2013-06-12 17:32:32.147, clock=7]
Position [agent=a2, id=null, cell=Cell [x=7, y=19], time=2013-06-12 17:32:32.322, clock=7]
Time [clock=10, time=2013-06-12 17:32:34.622]
Time [clock=11, time=2013-06-12 17:32:35.705]
Time [clock=12, time=2013-06-12 17:32:36.636]
Time [clock=13, time=2013-06-12 17:32:37.626]
Time [clock=14, time=2013-06-12 17:32:38.628]
Time [clock=15, time=2013-06-12 17:32:39.628]
Time [clock=16, time=2013-06-12 17:32:40.63]
Time [clock=17, time=2013-06-12 17:32:41.632]
Time [clock=18, time=2013-06-12 17:32:42.631]
Time [clock=19, time=2013-06-12 17:32:43.634]
Time [clock=20, time=2013-06-12 17:32:44.632]
Time [clock=21, time=2013-06-12 17:32:45.672]
Position [agent=a3, id=null, cell=Cell [x=11, y=3], time=2013-06-12 17:32:32.667, clock=7]
Time [clock=22, time=2013-06-12 17:32:46.634]
Time [clock=23, time=2013-06-12 17:32:47.635]
Time [clock=24, time=2013-06-12 17:32:48.635]
Time [clock=25, time=2013-06-12 17:32:49.635]
Time [clock=26, time=2013-06-12 17:32:50.636]
Time [clock=27, time=2013-06-12 17:32:51.639]
Time [clock=28, time=2013-06-12 17:32:52.642]
Time [clock=29, time=2013-06-12 17:32:53.64]
Time [clock=30, time=2013-06-12 17:32:54.641]
Time [clock=31, time=2013-06-12 17:32:55.642]
Time [clock=32, time=2013-06-12 17:32:56.644]
Time [clock=33, time=2013-06-12 17:32:57.643]
Time [clock=34, time=2013-06-12 17:32:58.646]
Time [clock=35, time=2013-06-12 17:32:59.645]
Position [agent=t1, id=null, cell=Cell [x=18, y=19], time=2013-06-12 17:32:32.974, clock=8]
Time [clock=36, time=2013-06-12 17:33:00.647]
Time [clock=37, time=2013-06-12 17:33:01.648]
Time [clock=38, time=2013-06-12 17:33:02.648]
Time [clock=39, time=2013-06-12 17:33:03.69]
Time [clock=40, time=2013-06-12 17:33:04.651]
Time [clock=41, time=2013-06-12 17:33:05.651]
Time [clock=42, time=2013-06-12 17:33:06.653]
Time [clock=43, time=2013-06-12 17:33:07.653]
Time [clock=44, time=2013-06-12 17:33:08.653]
Time [clock=45, time=2013-06-12 17:33:09.654]
Time [clock=46, time=2013-06-12 17:33:10.655]
Time [clock=47, time=2013-06-12 17:33:11.655]
Time [clock=48, time=2013-06-12 17:33:12.656]
Time [clock=49, time=2013-06-12 17:33:13.658]
Time [clock=50, time=2013-06-12 17:33:14.658]
Position [agent=a1, id=null, cell=Cell [x=3, y=5], time=2013-06-12 17:32:33.391, clock=8]
Time [clock=51, time=2013-06-12 17:33:15.659]
Time [clock=52, time=2013-06-12 17:33:16.66]
Time [clock=53, time=2013-06-12 17:33:17.658]
Time [clock=54, time=2013-06-12 17:33:18.659]
Time [clock=55, time=2013-06-12 17:33:19.66]
Time [clock=56, time=2013-06-12 17:33:20.662]
Time [clock=57, time=2013-06-12 17:33:21.71]
Time [clock=58, time=2013-06-12 17:33:22.663]
Time [clock=59, time=2013-06-12 17:33:23.663]
Time [clock=60, time=2013-06-12 17:33:24.664]
Time [clock=61, time=2013-06-12 17:33:25.665]
Position [agent=t1, id=null, cell=Cell [x=17, y=19], time=2013-06-12 17:32:33.797, clock=8]
Time [clock=62, time=2013-06-12 17:33:26.667]
Time [clock=63, time=2013-06-12 17:33:27.667]
Time [clock=64, time=2013-06-12 17:33:28.673]
Time [clock=65, time=2013-06-12 17:33:29.667]
Time [clock=66, time=2013-06-12 17:33:30.668]
Time [clock=67, time=2013-06-12 17:33:31.669]
Time [clock=68, time=2013-06-12 17:33:32.669]
Time [clock=69, time=2013-06-12 17:33:33.67]
Time [clock=70, time=2013-06-12 17:33:34.672]
Time [clock=71, time=2013-06-12 17:33:35.672]
Time [clock=72, time=2013-06-12 17:33:36.675]
Time [clock=73, time=2013-06-12 17:33:37.675]
Time [clock=74, time=2013-06-12 17:33:38.676]
Time [clock=75, time=2013-06-12 17:33:39.722]
Time [clock=76, time=2013-06-12 17:33:40.678]
Position [agent=a3, id=null, cell=Cell [x=11, y=4], time=2013-06-12 17:32:33.99, clock=9]
Time [clock=77, time=2013-06-12 17:33:41.678]
Time [clock=78, time=2013-06-12 17:33:42.678]
Time [clock=79, time=2013-06-12 17:33:43.678]
Time [clock=80, time=2013-06-12 17:33:44.679]
Position [agent=a2, id=null, cell=Cell [x=6, y=19], time=2013-06-12 17:32:34.186, clock=9]
Time [clock=81, time=2013-06-12 17:33:45.681]
Time [clock=82, time=2013-06-12 17:33:46.683]
Time [clock=83, time=2013-06-12 17:33:47.682]
Time [clock=84, time=2013-06-12 17:33:48.682]
Time [clock=85, time=2013-06-12 17:33:49.682]
Time [clock=86, time=2013-06-12 17:33:50.682]
Time [clock=87, time=2013-06-12 17:33:51.685]
Time [clock=88, time=2013-06-12 17:33:52.686]
Time [clock=89, time=2013-06-12 17:33:53.687]
Position [agent=a2, id=null, cell=Cell [x=5, y=19], time=2013-06-12 17:32:34.623, clock=9]
Time [clock=90, time=2013-06-12 17:33:54.687]
Time [clock=91, time=2013-06-12 17:33:55.687]
Time [clock=92, time=2013-06-12 17:33:56.688]
Time [clock=93, time=2013-06-12 17:33:57.731]
Time [clock=94, time=2013-06-12 17:33:58.689]
Time [clock=95, time=2013-06-12 17:33:59.69]
Time [clock=96, time=2013-06-12 17:34:00.694]
Time [clock=97, time=2013-06-12 17:34:01.696]
Time [clock=98, time=2013-06-12 17:34:02.696]
Time [clock=99, time=2013-06-12 17:34:03.696]
Position [agent=a3, id=null, cell=Cell [x=11, y=5], time=2013-06-12 17:32:34.957, clock=10]
Time [clock=100, time=2013-06-12 17:34:04.697]
Time [clock=101, time=2013-06-12 17:34:05.699]
Time [clock=102, time=2013-06-12 17:34:06.703]
Time [clock=103, time=2013-06-12 17:34:07.701]
Time [clock=104, time=2013-06-12 17:34:08.703]
Time [clock=105, time=2013-06-12 17:34:09.703]
Time [clock=106, time=2013-06-12 17:34:10.704]
Time [clock=107, time=2013-06-12 17:34:11.706]
Position [agent=t1, id=null, cell=Cell [x=16, y=19], time=2013-06-12 17:32:35.177, clock=10]
Time [clock=108, time=2013-06-12 17:34:12.705]
Time [clock=109, time=2013-06-12 17:34:13.706]
Time [clock=110, time=2013-06-12 17:34:14.706]
Time [clock=111, time=2013-06-12 17:34:15.75]
Time [clock=112, time=2013-06-12 17:34:16.711]
Time [clock=113, time=2013-06-12 17:34:17.71]
Time [clock=114, time=2013-06-12 17:34:18.712]
Time [clock=115, time=2013-06-12 17:34:19.71]
Time [clock=116, time=2013-06-12 17:34:20.71]
Time [clock=117, time=2013-06-12 17:34:21.711]
Time [clock=118, time=2013-06-12 17:34:22.713]
Time [clock=119, time=2013-06-12 17:34:23.714]
Time [clock=120, time=2013-06-12 17:34:24.714]
Time [clock=121, time=2013-06-12 17:34:25.715]
Time [clock=122, time=2013-06-12 17:34:26.716]
Time [clock=123, time=2013-06-12 17:34:27.717]
Time [clock=124, time=2013-06-12 17:34:28.716]
Time [clock=125, time=2013-06-12 17:34:29.718]
Time [clock=126, time=2013-06-12 17:34:30.727]
Time [clock=127, time=2013-06-12 17:34:31.72]
Position [agent=a1, id=null, cell=Cell [x=4, y=5], time=2013-06-12 17:32:35.832, clock=10]
Position [agent=t1, id=null, cell=Cell [x=15, y=19], time=2013-06-12 17:32:36.401, clock=11]
Position [agent=a3, id=null, cell=Cell [x=11, y=6], time=2013-06-12 17:32:36.821, clock=11]
Time [clock=128, time=2013-06-12 17:34:32.719]
Time [clock=129, time=2013-06-12 17:34:33.721]
Time [clock=130, time=2013-06-12 17:34:34.725]
Time [clock=131, time=2013-06-12 17:34:35.724]
Time [clock=132, time=2013-06-12 17:34:36.725]
Time [clock=133, time=2013-06-12 17:34:37.725]
Time [clock=134, time=2013-06-12 17:34:38.725]
Time [clock=135, time=2013-06-12 17:34:39.727]
Time [clock=136, time=2013-06-12 17:34:40.768]
Time [clock=137, time=2013-06-12 17:34:41.729]
Position [agent=a2, id=null, cell=Cell [x=4, y=19], time=2013-06-12 17:32:37.047, clock=11]
Time [clock=138, time=2013-06-12 17:34:42.729]
Time [clock=139, time=2013-06-12 17:34:43.729]
Time [clock=140, time=2013-06-12 17:34:44.731]
Position [agent=t1, id=null, cell=Cell [x=14, y=19], time=2013-06-12 17:32:37.238, clock=12]
Time [clock=141, time=2013-06-12 17:34:45.731]
Time [clock=142, time=2013-06-12 17:34:46.735]
Time [clock=143, time=2013-06-12 17:34:47.735]
Time [clock=144, time=2013-06-12 17:34:48.735]
Time [clock=145, time=2013-06-12 17:34:49.736]
Time [clock=146, time=2013-06-12 17:34:50.737]
Time [clock=147, time=2013-06-12 17:34:51.737]
Time [clock=148, time=2013-06-12 17:34:52.738]
Time [clock=149, time=2013-06-12 17:34:53.739]
Time [clock=150, time=2013-06-12 17:34:54.741]
Time [clock=151, time=2013-06-12 17:34:55.74]
Time [clock=152, time=2013-06-12 17:34:56.744]
Time [clock=153, time=2013-06-12 17:34:57.785]
Time [clock=154, time=2013-06-12 17:34:58.744]
Time [clock=155, time=2013-06-12 17:34:59.744]
Position [agent=t1, id=null, cell=Cell [x=13, y=19], time=2013-06-12 17:32:38.292, clock=13]
Time [clock=156, time=2013-06-12 17:35:00.745]
Time [clock=157, time=2013-06-12 17:35:01.748]
Time [clock=158, time=2013-06-12 17:35:02.748]
Time [clock=159, time=2013-06-12 17:35:03.75]
Time [clock=160, time=2013-06-12 17:35:04.749]
Time [clock=161, time=2013-06-12 17:35:05.749]
Time [clock=162, time=2013-06-12 17:35:06.75]
Position [agent=a1, id=null, cell=Cell [x=4, y=6], time=2013-06-12 17:32:38.621, clock=12]
Time [clock=163, time=2013-06-12 17:35:07.751]
Time [clock=164, time=2013-06-12 17:35:08.753]
Time [clock=165, time=2013-06-12 17:35:09.754]
Time [clock=166, time=2013-06-12 17:35:10.754]
Time [clock=167, time=2013-06-12 17:35:11.756]
Time [clock=168, time=2013-06-12 17:35:12.757]
Time [clock=169, time=2013-06-12 17:35:13.758]
Time [clock=170, time=2013-06-12 17:35:14.801]
Time [clock=171, time=2013-06-12 17:35:15.761]
Position [agent=a2, id=null, cell=Cell [x=3, y=19], time=2013-06-12 17:32:38.66, clock=13]
Position [agent=a3, id=null, cell=Cell [x=11, y=7], time=2013-06-12 17:32:38.928, clock=13]
Time [clock=172, time=2013-06-12 17:35:16.763]
Time [clock=173, time=2013-06-12 17:35:17.763]
Time [clock=174, time=2013-06-12 17:35:18.763]
Position [agent=t1, id=null, cell=Cell [x=12, y=19], time=2013-06-12 17:32:39.417, clock=14]
Time [clock=175, time=2013-06-12 17:35:19.764]
Time [clock=176, time=2013-06-12 17:35:20.765]
Time [clock=177, time=2013-06-12 17:35:21.765]
Time [clock=178, time=2013-06-12 17:35:22.767]
Time [clock=179, time=2013-06-12 17:35:23.768]
Time [clock=180, time=2013-06-12 17:35:24.769]
Position [agent=a2, id=null, cell=Cell [x=3, y=18], time=2013-06-12 17:32:39.639, clock=14]
Time [clock=181, time=2013-06-12 17:35:25.771]
Time [clock=182, time=2013-06-12 17:35:26.773]
Time [clock=183, time=2013-06-12 17:35:27.772]
Time [clock=184, time=2013-06-12 17:35:28.773]
Time [clock=185, time=2013-06-12 17:35:29.775]
Time [clock=186, time=2013-06-12 17:35:30.776]
Time [clock=187, time=2013-06-12 17:35:31.819]
Time [clock=188, time=2013-06-12 17:35:32.779]
Time [clock=189, time=2013-06-12 17:35:33.778]
Time [clock=190, time=2013-06-12 17:35:34.78]
Time [clock=191, time=2013-06-12 17:35:35.78]
Time [clock=192, time=2013-06-12 17:35:36.783]
Time [clock=193, time=2013-06-12 17:35:37.783]
Time [clock=194, time=2013-06-12 17:35:38.782]
Time [clock=195, time=2013-06-12 17:35:39.784]
Time [clock=196, time=2013-06-12 17:35:40.785]
Time [clock=197, time=2013-06-12 17:35:41.787]
Time [clock=198, time=2013-06-12 17:35:42.786]
Time [clock=199, time=2013-06-12 17:35:43.786]
Time [clock=200, time=2013-06-12 17:35:44.786]
Time [clock=201, time=2013-06-12 17:35:45.788]
Position [agent=a3, id=null, cell=Cell [x=11, y=8], time=2013-06-12 17:32:39.824, clock=14]
Time [clock=202, time=2013-06-12 17:35:46.789]
Time [clock=203, time=2013-06-12 17:35:47.788]
Time [clock=204, time=2013-06-12 17:35:48.83]
Time [clock=205, time=2013-06-12 17:35:49.79]
Time [clock=206, time=2013-06-12 17:35:50.791]
Time [clock=207, time=2013-06-12 17:35:51.792]
Time [clock=208, time=2013-06-12 17:35:52.792]
Time [clock=209, time=2013-06-12 17:35:53.793]
Time [clock=210, time=2013-06-12 17:35:54.793]
Time [clock=211, time=2013-06-12 17:35:55.794]
Time [clock=212, time=2013-06-12 17:35:56.796]
Time [clock=213, time=2013-06-12 17:35:57.796]
Time [clock=214, time=2013-06-12 17:35:58.798]
Time [clock=215, time=2013-06-12 17:35:59.798]
Time [clock=216, time=2013-06-12 17:36:00.798]
Time [clock=217, time=2013-06-12 17:36:01.798]
Time [clock=218, time=2013-06-12 17:36:02.8]
Time [clock=219, time=2013-06-12 17:36:03.801]
Time [clock=220, time=2013-06-12 17:36:04.803]
Time [clock=221, time=2013-06-12 17:36:05.849]
Time [clock=222, time=2013-06-12 17:36:06.805]
Time [clock=223, time=2013-06-12 17:36:07.805]
Time [clock=224, time=2013-06-12 17:36:08.806]
Position [agent=a2, id=null, cell=Cell [x=3, y=17], time=2013-06-12 17:32:40.396, clock=15]
Position [agent=t1, id=null, cell=Cell [x=11, y=19], time=2013-06-12 17:32:40.678, clock=15]
Time [clock=225, time=2013-06-12 17:36:09.807]
Time [clock=226, time=2013-06-12 17:36:10.808]
Time [clock=227, time=2013-06-12 17:36:11.809]
Time [clock=228, time=2013-06-12 17:36:12.81]
Time [clock=229, time=2013-06-12 17:36:13.812]
Position [agent=t1, id=null, cell=Cell [x=10, y=19], time=2013-06-12 17:32:41.686, clock=16]
Time [clock=230, time=2013-06-12 17:36:14.811]
Time [clock=231, time=2013-06-12 17:36:15.813]
Time [clock=232, time=2013-06-12 17:36:16.814]
Time [clock=233, time=2013-06-12 17:36:17.821]
Time [clock=234, time=2013-06-12 17:36:18.817]
Time [clock=235, time=2013-06-12 17:36:19.818]
Time [clock=236, time=2013-06-12 17:36:20.818]
Time [clock=237, time=2013-06-12 17:36:21.825]
Time [clock=238, time=2013-06-12 17:36:22.862]
Time [clock=239, time=2013-06-12 17:36:23.822]
Time [clock=240, time=2013-06-12 17:36:24.819]
Time [clock=241, time=2013-06-12 17:36:25.82]
Time [clock=242, time=2013-06-12 17:36:26.823]
Position [agent=a2, id=null, cell=Cell [x=3, y=16], time=2013-06-12 17:32:41.825, clock=16]
Time [clock=243, time=2013-06-12 17:36:27.822]
Time [clock=244, time=2013-06-12 17:36:28.822]
Position [agent=a3, id=null, cell=Cell [x=11, y=9], time=2013-06-12 17:32:42.283, clock=17]
Time [clock=245, time=2013-06-12 17:36:29.823]
Time [clock=246, time=2013-06-12 17:36:30.825]
Position [agent=t1, id=null, cell=Cell [x=9, y=19], time=2013-06-12 17:32:42.472, clock=17]
Time [clock=247, time=2013-06-12 17:36:31.825]
Time [clock=248, time=2013-06-12 17:36:32.826]
Position [agent=a1, id=null, cell=Cell [x=5, y=7], time=2013-06-12 17:32:42.808, clock=17]
Time [clock=249, time=2013-06-12 17:36:33.826]
Position [agent=a1, id=null, cell=Cell [x=4, y=7], time=2013-06-12 17:32:43.14, clock=16]
Time [clock=250, time=2013-06-12 17:36:34.826]
Time [clock=251, time=2013-06-12 17:36:35.829]
Time [clock=252, time=2013-06-12 17:36:36.829]
Time [clock=253, time=2013-06-12 17:36:37.83]
Time [clock=254, time=2013-06-12 17:36:38.869]
Time [clock=255, time=2013-06-12 17:36:39.832]
Time [clock=256, time=2013-06-12 17:36:40.834]
Time [clock=257, time=2013-06-12 17:36:41.834]
Time [clock=258, time=2013-06-12 17:36:42.834]
Time [clock=259, time=2013-06-12 17:36:43.836]
Time [clock=260, time=2013-06-12 17:36:44.835]
Time [clock=261, time=2013-06-12 17:36:45.838]
Time [clock=262, time=2013-06-12 17:36:46.838]
Time [clock=263, time=2013-06-12 17:36:47.838]
Time [clock=264, time=2013-06-12 17:36:48.839]
Time [clock=265, time=2013-06-12 17:36:49.841]
Time [clock=266, time=2013-06-12 17:36:50.843]
Time [clock=267, time=2013-06-12 17:36:51.845]
Time [clock=268, time=2013-06-12 17:36:52.846]
Time [clock=269, time=2013-06-12 17:36:53.847]
Time [clock=270, time=2013-06-12 17:36:54.888]
Position [agent=a2, id=null, cell=Cell [x=3, y=15], time=2013-06-12 17:32:43.398, clock=18]
Position [agent=t1, id=null, cell=Cell [x=8, y=19], time=2013-06-12 17:32:43.963, clock=18]
Position [agent=a3, id=null, cell=Cell [x=11, y=10], time=2013-06-12 17:32:44.094, clock=18]
Time [clock=271, time=2013-06-12 17:36:55.851]
Time [clock=272, time=2013-06-12 17:36:56.85]
Time [clock=273, time=2013-06-12 17:36:57.85]
Time [clock=274, time=2013-06-12 17:36:58.849]
Time [clock=275, time=2013-06-12 17:36:59.85]
Time [clock=276, time=2013-06-12 17:37:00.85]
Time [clock=277, time=2013-06-12 17:37:01.851]
Position [agent=a2, id=null, cell=Cell [x=3, y=14], time=2013-06-12 17:32:44.364, clock=19]
Time [clock=278, time=2013-06-12 17:37:02.852]
Time [clock=279, time=2013-06-12 17:37:03.853]
Time [clock=280, time=2013-06-12 17:37:04.853]
Time [clock=281, time=2013-06-12 17:37:05.855]
Time [clock=282, time=2013-06-12 17:37:06.855]
Time [clock=283, time=2013-06-12 17:37:07.856]
Time [clock=284, time=2013-06-12 17:37:08.857]
Time [clock=285, time=2013-06-12 17:37:09.857]
Time [clock=286, time=2013-06-12 17:37:10.858]
Time [clock=287, time=2013-06-12 17:37:11.899]
Position [agent=a3, id=null, cell=Cell [x=11, y=11], time=2013-06-12 17:32:44.619, clock=19]
Time [clock=288, time=2013-06-12 17:37:12.859]
Time [clock=289, time=2013-06-12 17:37:13.861]
Position [agent=t1, id=null, cell=Cell [x=7, y=19], time=2013-06-12 17:32:44.97, clock=20]
Time [clock=290, time=2013-06-12 17:37:14.861]
Time [clock=291, time=2013-06-12 17:37:15.865]
Time [clock=292, time=2013-06-12 17:37:16.863]
Time [clock=293, time=2013-06-12 17:37:17.864]
Time [clock=294, time=2013-06-12 17:37:18.864]
Time [clock=295, time=2013-06-12 17:37:19.865]
Time [clock=296, time=2013-06-12 17:37:20.866]
Time [clock=297, time=2013-06-12 17:37:21.867]
Time [clock=298, time=2013-06-12 17:37:22.869]
Time [clock=299, time=2013-06-12 17:37:23.87]
Time [clock=300, time=2013-06-12 17:37:24.87]
Position [agent=t1, id=null, cell=Cell [x=6, y=19], time=2013-06-12 17:32:46.002, clock=20]
Time [clock=301, time=2013-06-12 17:37:25.872]
Time [clock=302, time=2013-06-12 17:37:26.872]
Position [agent=a3, id=null, cell=Cell [x=11, y=12], time=2013-06-12 17:32:46.386, clock=21]
Time [clock=303, time=2013-06-12 17:37:27.913]
Time [clock=304, time=2013-06-12 17:37:28.873]
Time [clock=305, time=2013-06-12 17:37:29.873]
Time [clock=306, time=2013-06-12 17:37:30.874]
Time [clock=307, time=2013-06-12 17:37:31.877]
Position [agent=a2, id=null, cell=Cell [x=3, y=13], time=2013-06-12 17:32:46.497, clock=21]
Time [clock=308, time=2013-06-12 17:37:32.876]
Time [clock=309, time=2013-06-12 17:37:33.876]
Position [agent=t1, id=null, cell=Cell [x=5, y=19], time=2013-06-12 17:32:46.963, clock=22]
Time [clock=310, time=2013-06-12 17:37:34.877]
Time [clock=311, time=2013-06-12 17:37:35.879]
Time [clock=312, time=2013-06-12 17:37:36.878]
Position [agent=a2, id=null, cell=Cell [x=3, y=12], time=2013-06-12 17:32:47.19, clock=22]
Time [clock=313, time=2013-06-12 17:37:37.88]
Time [clock=314, time=2013-06-12 17:37:38.881]
Time [clock=315, time=2013-06-12 17:37:39.882]
Time [clock=316, time=2013-06-12 17:37:40.882]
Position [agent=a3, id=null, cell=Cell [x=11, y=13], time=2013-06-12 17:32:47.639, clock=22]
Time [clock=317, time=2013-06-12 17:37:41.883]
Time [clock=318, time=2013-06-12 17:37:42.884]
Position [agent=a1, id=null, cell=Cell [x=5, y=7], time=2013-06-12 17:32:48.11, clock=23]
Position [agent=a1, id=null, cell=Cell [x=5, y=8], time=2013-06-12 17:32:48.324, clock=20]
Time [clock=319, time=2013-06-12 17:37:43.925]
Time [clock=320, time=2013-06-12 17:37:44.886]
Time [clock=321, time=2013-06-12 17:37:45.887]
Time [clock=322, time=2013-06-12 17:37:46.887]
Time [clock=323, time=2013-06-12 17:37:47.888]
Time [clock=324, time=2013-06-12 17:37:48.887]
Time [clock=325, time=2013-06-12 17:37:49.889]
Position [agent=a3, id=null, cell=Cell [x=11, y=14], time=2013-06-12 17:32:48.441, clock=23]
Time [clock=326, time=2013-06-12 17:37:50.889]
Time [clock=327, time=2013-06-12 17:37:51.891]
Time [clock=328, time=2013-06-12 17:37:52.892]
Time [clock=329, time=2013-06-12 17:37:53.893]
Time [clock=330, time=2013-06-12 17:37:54.893]
Time [clock=331, time=2013-06-12 17:37:55.895]
Time [clock=332, time=2013-06-12 17:37:56.895]
Time [clock=333, time=2013-06-12 17:37:57.895]
Position [agent=a2, id=null, cell=Cell [x=3, y=11], time=2013-06-12 17:32:48.983, clock=23]
Time [clock=334, time=2013-06-12 17:37:58.896]
Time [clock=335, time=2013-06-12 17:37:59.896]
Time [clock=336, time=2013-06-12 17:38:00.939]
Time [clock=337, time=2013-06-12 17:38:01.898]
Time [clock=338, time=2013-06-12 17:38:02.898]
Time [clock=339, time=2013-06-12 17:38:03.898]
Time [clock=340, time=2013-06-12 17:38:04.901]
Time [clock=341, time=2013-06-12 17:38:05.901]
Time [clock=342, time=2013-06-12 17:38:06.902]
Time [clock=343, time=2013-06-12 17:38:07.904]
Time [clock=344, time=2013-06-12 17:38:08.904]
Time [clock=345, time=2013-06-12 17:38:09.905]
Time [clock=346, time=2013-06-12 17:38:10.907]
Position [agent=t1, id=null, cell=Cell [x=4, y=19], time=2013-06-12 17:32:49.181, clock=24]
Time [clock=347, time=2013-06-12 17:38:11.906]
Time [clock=348, time=2013-06-12 17:38:12.908]
Position [agent=a3, id=null, cell=Cell [x=11, y=15], time=2013-06-12 17:32:49.32, clock=24]
Time [clock=349, time=2013-06-12 17:38:13.907]
Time [clock=350, time=2013-06-12 17:38:14.908]
Position [agent=a2, id=null, cell=Cell [x=3, y=10], time=2013-06-12 17:32:49.657, clock=24]
Time [clock=351, time=2013-06-12 17:38:15.911]
Time [clock=352, time=2013-06-12 17:38:16.911]
Position [agent=a2, id=null, cell=Cell [x=3, y=9], time=2013-06-12 17:32:50.62, clock=25]
Time [clock=353, time=2013-06-12 17:38:17.911]
Time [clock=354, time=2013-06-12 17:38:18.913]
Time [clock=355, time=2013-06-12 17:38:19.914]
Time [clock=356, time=2013-06-12 17:38:20.96]
Time [clock=357, time=2013-06-12 17:38:21.917]
Time [clock=358, time=2013-06-12 17:38:22.918]
Time [clock=359, time=2013-06-12 17:38:23.918]
Time [clock=360, time=2013-06-12 17:38:24.92]
Position [agent=a3, id=null, cell=Cell [x=11, y=16], time=2013-06-12 17:32:50.87, clock=25]
Time [clock=361, time=2013-06-12 17:38:25.922]
Time [clock=362, time=2013-06-12 17:38:26.923]
Time [clock=363, time=2013-06-12 17:38:27.922]
Time [clock=364, time=2013-06-12 17:38:28.923]
Time [clock=365, time=2013-06-12 17:38:29.923]
Time [clock=366, time=2013-06-12 17:38:30.924]
Time [clock=367, time=2013-06-12 17:38:31.926]
Position [agent=t1, id=null, cell=Cell [x=3, y=19], time=2013-06-12 17:32:51.15, clock=25]
Time [clock=368, time=2013-06-12 17:38:32.927]
Time [clock=369, time=2013-06-12 17:38:33.927]
Time [clock=370, time=2013-06-12 17:38:34.929]
Time [clock=371, time=2013-06-12 17:38:35.93]
Time [clock=372, time=2013-06-12 17:38:36.971]
Time [clock=373, time=2013-06-12 17:38:37.93]
Position [agent=a2, id=null, cell=Cell [x=3, y=8], time=2013-06-12 17:32:51.492, clock=26]
Position [agent=a3, id=null, cell=Cell [x=11, y=17], time=2013-06-12 17:32:51.645, clock=26]
Time [clock=374, time=2013-06-12 17:38:38.931]
Time [clock=375, time=2013-06-12 17:38:39.932]
Time [clock=376, time=2013-06-12 17:38:40.935]
Time [clock=377, time=2013-06-12 17:38:41.934]
Time [clock=378, time=2013-06-12 17:38:42.936]
Time [clock=379, time=2013-06-12 17:38:43.937]
Time [clock=380, time=2013-06-12 17:38:44.937]
Time [clock=381, time=2013-06-12 17:38:45.939]
Position [agent=a2, id=null, cell=Cell [x=3, y=7], time=2013-06-12 17:32:52.075, clock=27]
Time [clock=382, time=2013-06-12 17:38:46.939]
Position [agent=t1, id=null, cell=Cell [x=2, y=19], time=2013-06-12 17:32:52.279, clock=27]
Position [agent=a1, id=null, cell=Cell [x=5, y=7], time=2013-06-12 17:32:52.746, clock=27]
Position [agent=a1, id=null, cell=Cell [x=5, y=8], time=2013-06-12 17:32:53.09, clock=25]
Time [clock=383, time=2013-06-12 17:38:47.94]
Time [clock=384, time=2013-06-12 17:38:48.942]
Time [clock=385, time=2013-06-12 17:38:49.943]
Time [clock=386, time=2013-06-12 17:38:50.943]
Time [clock=387, time=2013-06-12 17:38:51.984]
Time [clock=388, time=2013-06-12 17:38:52.946]
Time [clock=389, time=2013-06-12 17:38:53.944]
Time [clock=390, time=2013-06-12 17:38:54.945]
Time [clock=391, time=2013-06-12 17:38:55.948]
Time [clock=392, time=2013-06-12 17:38:56.949]
Time [clock=393, time=2013-06-12 17:38:57.947]
Time [clock=394, time=2013-06-12 17:38:58.949]
Time [clock=395, time=2013-06-12 17:38:59.95]
Position [agent=t1, id=null, cell=Cell [x=2, y=18], time=2013-06-12 17:32:53.169, clock=27]
Time [clock=396, time=2013-06-12 17:39:00.951]
Time [clock=397, time=2013-06-12 17:39:01.951]
Time [clock=398, time=2013-06-12 17:39:02.953]
Time [clock=399, time=2013-06-12 17:39:03.953]
Time [clock=400, time=2013-06-12 17:39:04.954]
Time [clock=401, time=2013-06-12 17:39:05.957]
Time [clock=402, time=2013-06-12 17:39:06.956]
Time [clock=403, time=2013-06-12 17:39:07.998]
Time [clock=404, time=2013-06-12 17:39:08.957]
Time [clock=405, time=2013-06-12 17:39:09.957]
Time [clock=406, time=2013-06-12 17:39:10.958]
Position [agent=a2, id=null, cell=Cell [x=3, y=6], time=2013-06-12 17:32:53.546, clock=28]
Time [clock=407, time=2013-06-12 17:39:11.959]
Time [clock=408, time=2013-06-12 17:39:12.961]
Time [clock=409, time=2013-06-12 17:39:13.96]
Time [clock=410, time=2013-06-12 17:39:14.962]
Time [clock=411, time=2013-06-12 17:39:15.965]
Time [clock=412, time=2013-06-12 17:39:16.965]
Time [clock=413, time=2013-06-12 17:39:17.965]
Position [agent=a3, id=null, cell=Cell [x=11, y=18], time=2013-06-12 17:32:53.739, clock=28]
Time [clock=414, time=2013-06-12 17:39:18.966]
Time [clock=415, time=2013-06-12 17:39:19.965]
Time [clock=416, time=2013-06-12 17:39:20.967]
Time [clock=417, time=2013-06-12 17:39:21.969]
Time [clock=418, time=2013-06-12 17:39:22.97]
Time [clock=419, time=2013-06-12 17:39:24.011]
Time [clock=420, time=2013-06-12 17:39:24.972]
Time [clock=421, time=2013-06-12 17:39:25.973]
Position [agent=t1, id=null, cell=Cell [x=2, y=17], time=2013-06-12 17:32:54.278, clock=29]
Position [agent=a3, id=null, cell=Cell [x=11, y=19], time=2013-06-12 17:32:54.706, clock=29]
Time [clock=422, time=2013-06-12 17:39:26.973]
Time [clock=423, time=2013-06-12 17:39:27.974]
Position [agent=a3, id=null, cell=Cell [x=12, y=19], time=2013-06-12 17:32:55.488, clock=30]
Time [clock=424, time=2013-06-12 17:39:28.973]
Position [agent=t1, id=null, cell=Cell [x=2, y=16], time=2013-06-12 17:32:55.843, clock=30]
Time [clock=425, time=2013-06-12 17:39:29.974]
Time [clock=426, time=2013-06-12 17:39:30.976]
Time [clock=427, time=2013-06-12 17:39:31.976]
Time [clock=428, time=2013-06-12 17:39:32.981]
Time [clock=429, time=2013-06-12 17:39:34.016]
Time [clock=430, time=2013-06-12 17:39:34.98]
Time [clock=431, time=2013-06-12 17:39:35.98]
Time [clock=432, time=2013-06-12 17:39:36.979]
Position [agent=a3, id=null, cell=Cell [x=13, y=19], time=2013-06-12 17:32:56.193, clock=31]
Time [clock=433, time=2013-06-12 17:39:37.981]
Time [clock=434, time=2013-06-12 17:39:38.98]
Time [clock=435, time=2013-06-12 17:39:39.982]
Time [clock=436, time=2013-06-12 17:39:40.985]
Time [clock=437, time=2013-06-12 17:39:41.985]
Time [clock=438, time=2013-06-12 17:39:42.986]
Time [clock=439, time=2013-06-12 17:39:43.987]
Time [clock=440, time=2013-06-12 17:39:44.986]
Time [clock=441, time=2013-06-12 17:39:45.988]
Time [clock=442, time=2013-06-12 17:39:46.989]
Time [clock=443, time=2013-06-12 17:39:47.99]
Time [clock=444, time=2013-06-12 17:39:49.03]
Time [clock=445, time=2013-06-12 17:39:49.992]
Time [clock=446, time=2013-06-12 17:39:50.992]
Time [clock=447, time=2013-06-12 17:39:51.992]
Time [clock=448, time=2013-06-12 17:39:52.992]
Time [clock=449, time=2013-06-12 17:39:53.994]
Time [clock=450, time=2013-06-12 17:39:54.994]
Time [clock=451, time=2013-06-12 17:39:55.995]
Time [clock=452, time=2013-06-12 17:39:56.995]
Time [clock=453, time=2013-06-12 17:39:57.996]
Time [clock=454, time=2013-06-12 17:39:58.998]
Time [clock=455, time=2013-06-12 17:39:59.996]
Time [clock=456, time=2013-06-12 17:40:00.997]
Position [agent=t1, id=null, cell=Cell [x=2, y=15], time=2013-06-12 17:32:56.439, clock=31]
Time [clock=457, time=2013-06-12 17:40:01.998]
Time [clock=458, time=2013-06-12 17:40:03.0]
Time [clock=459, time=2013-06-12 17:40:04.042]
Time [clock=460, time=2013-06-12 17:40:05.001]
Time [clock=461, time=2013-06-12 17:40:06.003]
Time [clock=462, time=2013-06-12 17:40:07.002]
Time [clock=463, time=2013-06-12 17:40:08.004]
Time [clock=464, time=2013-06-12 17:40:09.004]
Time [clock=465, time=2013-06-12 17:40:10.005]
Time [clock=466, time=2013-06-12 17:40:11.006]
Time [clock=467, time=2013-06-12 17:40:12.007]
Time [clock=468, time=2013-06-12 17:40:13.008]
Time [clock=469, time=2013-06-12 17:40:14.007]
Position [agent=a1, id=null, cell=Cell [x=5, y=7], time=2013-06-12 17:32:56.793, clock=31]
Time [clock=470, time=2013-06-12 17:40:15.009]
Time [clock=471, time=2013-06-12 17:40:16.01]
Time [clock=472, time=2013-06-12 17:40:17.009]
Time [clock=473, time=2013-06-12 17:40:18.011]
Time [clock=474, time=2013-06-12 17:40:19.052]
Time [clock=475, time=2013-06-12 17:40:20.014]
Time [clock=476, time=2013-06-12 17:40:21.013]
Time [clock=477, time=2013-06-12 17:40:22.014]
Time [clock=478, time=2013-06-12 17:40:23.014]
Position [agent=a1, id=null, cell=Cell [x=5, y=8], time=2013-06-12 17:32:56.923, clock=30]
Time [clock=479, time=2013-06-12 17:40:24.015]
Time [clock=480, time=2013-06-12 17:40:25.016]
Time [clock=481, time=2013-06-12 17:40:26.019]
Time [clock=482, time=2013-06-12 17:40:27.018]
Time [clock=483, time=2013-06-12 17:40:28.018]
Position [agent=t1, id=null, cell=Cell [x=2, y=14], time=2013-06-12 17:32:57.426, clock=32]
Time [clock=484, time=2013-06-12 17:40:29.019]
Time [clock=485, time=2013-06-12 17:40:30.02]
Time [clock=486, time=2013-06-12 17:40:31.021]
Time [clock=487, time=2013-06-12 17:40:32.023]
Time [clock=488, time=2013-06-12 17:40:33.023]
Time [clock=489, time=2013-06-12 17:40:34.064]
Time [clock=490, time=2013-06-12 17:40:35.026]
Time [clock=491, time=2013-06-12 17:40:36.028]
Time [clock=492, time=2013-06-12 17:40:37.029]
Time [clock=493, time=2013-06-12 17:40:38.029]
Time [clock=494, time=2013-06-12 17:40:39.03]
Time [clock=495, time=2013-06-12 17:40:40.03]
Position [agent=a3, id=null, cell=Cell [x=14, y=19], time=2013-06-12 17:32:57.637, clock=32]
Time [clock=496, time=2013-06-12 17:40:41.032]
Time [clock=497, time=2013-06-12 17:40:42.032]
Time [clock=498, time=2013-06-12 17:40:43.033]
Time [clock=499, time=2013-06-12 17:40:44.034]
Position [agent=a3, id=null, cell=Cell [x=15, y=19], time=2013-06-12 17:32:58.22, clock=33]
Time [clock=500, time=2013-06-12 17:40:45.036]
Time [clock=501, time=2013-06-12 17:40:46.037]
Time [clock=502, time=2013-06-12 17:40:47.038]
Time [clock=503, time=2013-06-12 17:40:48.038]
Time [clock=504, time=2013-06-12 17:40:49.08]
Time [clock=505, time=2013-06-12 17:40:50.041]
Time [clock=506, time=2013-06-12 17:40:51.04]
Time [clock=507, time=2013-06-12 17:40:52.04]
Time [clock=508, time=2013-06-12 17:40:53.042]
Position [agent=t1, id=null, cell=Cell [x=2, y=13], time=2013-06-12 17:32:58.462, clock=33]
Time [clock=509, time=2013-06-12 17:40:54.041]
Time [clock=510, time=2013-06-12 17:40:55.043]
Time [clock=511, time=2013-06-12 17:40:56.044]
Time [clock=512, time=2013-06-12 17:40:57.089]
Time [clock=513, time=2013-06-12 17:40:58.046]
Time [clock=514, time=2013-06-12 17:40:59.048]
Time [clock=515, time=2013-06-12 17:41:00.048]
Time [clock=516, time=2013-06-12 17:41:01.05]
Time [clock=517, time=2013-06-12 17:41:02.05]
Time [clock=518, time=2013-06-12 17:41:03.051]
Position [agent=t1, id=null, cell=Cell [x=2, y=12], time=2013-06-12 17:32:59.347, clock=34]
Time [clock=519, time=2013-06-12 17:41:04.052]
Time [clock=520, time=2013-06-12 17:41:05.051]
Time [clock=521, time=2013-06-12 17:41:06.052]
Time [clock=522, time=2013-06-12 17:41:07.053]
Time [clock=523, time=2013-06-12 17:41:08.093]
Time [clock=524, time=2013-06-12 17:41:09.055]
Time [clock=525, time=2013-06-12 17:41:10.056]
Time [clock=526, time=2013-06-12 17:41:11.057]
Time [clock=527, time=2013-06-12 17:41:12.056]
Time [clock=528, time=2013-06-12 17:41:13.057]
Time [clock=529, time=2013-06-12 17:41:14.057]
Position [agent=a3, id=null, cell=Cell [x=16, y=19], time=2013-06-12 17:32:59.621, clock=34]
Time [clock=530, time=2013-06-12 17:41:15.06]
Time [clock=531, time=2013-06-12 17:41:16.06]
Time [clock=532, time=2013-06-12 17:41:17.06]
Time [clock=533, time=2013-06-12 17:41:18.06]
Time [clock=534, time=2013-06-12 17:41:19.061]
Time [clock=535, time=2013-06-12 17:41:20.063]
Time [clock=536, time=2013-06-12 17:41:21.063]
Time [clock=537, time=2013-06-12 17:41:22.063]
Time [clock=538, time=2013-06-12 17:41:23.104]
Time [clock=539, time=2013-06-12 17:41:24.066]
Time [clock=540, time=2013-06-12 17:41:25.066]
Time [clock=541, time=2013-06-12 17:41:26.067]
Time [clock=542, time=2013-06-12 17:41:27.068]
Position [agent=t1, id=null, cell=Cell [x=2, y=11], time=2013-06-12 17:33:00.125, clock=35]
Time [clock=543, time=2013-06-12 17:41:28.068]
Time [clock=544, time=2013-06-12 17:41:29.069]
Time [clock=545, time=2013-06-12 17:41:30.071]
Time [clock=546, time=2013-06-12 17:41:31.072]
Time [clock=547, time=2013-06-12 17:41:32.072]
Time [clock=548, time=2013-06-12 17:41:33.073]
Time [clock=549, time=2013-06-12 17:41:34.075]
Time [clock=550, time=2013-06-12 17:41:35.075]
Time [clock=551, time=2013-06-12 17:41:36.077]
Time [clock=552, time=2013-06-12 17:41:37.077]
Position [agent=a3, id=null, cell=Cell [x=17, y=19], time=2013-06-12 17:33:00.377, clock=35]
Time [clock=553, time=2013-06-12 17:41:38.119]
Position [agent=a1, id=null, cell=Cell [x=5, y=7], time=2013-06-12 17:33:00.762, clock=35]
Time [clock=554, time=2013-06-12 17:41:39.081]
Time [clock=555, time=2013-06-12 17:41:40.081]
Time [clock=556, time=2013-06-12 17:41:41.082]
Time [clock=557, time=2013-06-12 17:41:42.082]
Time [clock=558, time=2013-06-12 17:41:43.082]
Time [clock=559, time=2013-06-12 17:41:44.085]
Time [clock=560, time=2013-06-12 17:41:45.085]
Time [clock=561, time=2013-06-12 17:41:46.088]
Time [clock=562, time=2013-06-12 17:41:47.087]
Time [clock=563, time=2013-06-12 17:41:48.089]
Time [clock=564, time=2013-06-12 17:41:49.089]
Time [clock=565, time=2013-06-12 17:41:50.089]
Time [clock=566, time=2013-06-12 17:41:51.092]
Time [clock=567, time=2013-06-12 17:41:52.092]
Time [clock=568, time=2013-06-12 17:41:53.132]
Time [clock=569, time=2013-06-12 17:41:54.095]
Time [clock=570, time=2013-06-12 17:41:55.093]
Time [clock=571, time=2013-06-12 17:41:56.095]
Position [agent=a1, id=null, cell=Cell [x=5, y=8], time=2013-06-12 17:33:00.969, clock=33]
Time [clock=572, time=2013-06-12 17:41:57.094]
Time [clock=573, time=2013-06-12 17:41:58.095]
Time [clock=574, time=2013-06-12 17:41:59.096]
Time [clock=575, time=2013-06-12 17:42:00.097]
Time [clock=576, time=2013-06-12 17:42:01.099]
Position [agent=a3, id=null, cell=Cell [x=18, y=19], time=2013-06-12 17:33:01.43, clock=36]
Time [clock=577, time=2013-06-12 17:42:02.101]
Time [clock=578, time=2013-06-12 17:42:03.101]
Time [clock=579, time=2013-06-12 17:42:04.103]
Time [clock=580, time=2013-06-12 17:42:05.102]
Time [clock=581, time=2013-06-12 17:42:06.105]
Time [clock=582, time=2013-06-12 17:42:07.106]
Time [clock=583, time=2013-06-12 17:42:08.147]
Position [agent=t1, id=null, cell=Cell [x=2, y=10], time=2013-06-12 17:33:01.688, clock=36]
Time [clock=584, time=2013-06-12 17:42:09.109]
Time [clock=585, time=2013-06-12 17:42:10.109]
Time [clock=586, time=2013-06-12 17:42:11.109]
Time [clock=587, time=2013-06-12 17:42:12.11]
Time [clock=588, time=2013-06-12 17:42:13.112]
Time [clock=589, time=2013-06-12 17:42:14.113]
Time [clock=590, time=2013-06-12 17:42:15.113]
Time [clock=591, time=2013-06-12 17:42:16.115]
Time [clock=592, time=2013-06-12 17:42:17.114]
Time [clock=593, time=2013-06-12 17:42:18.114]
Time [clock=594, time=2013-06-12 17:42:19.117]
Time [clock=595, time=2013-06-12 17:42:20.117]
Time [clock=596, time=2013-06-12 17:42:21.119]
Time [clock=597, time=2013-06-12 17:42:22.16]
Time [clock=598, time=2013-06-12 17:42:23.121]
Time [clock=599, time=2013-06-12 17:42:24.122]
Time [clock=600, time=2013-06-12 17:42:25.121]
Time [clock=601, time=2013-06-12 17:42:26.125]
Time [clock=602, time=2013-06-12 17:42:27.124]
Time [clock=603, time=2013-06-12 17:42:28.124]
Time [clock=604, time=2013-06-12 17:42:29.127]
Time [clock=605, time=2013-06-12 17:42:30.128]
Time [clock=606, time=2013-06-12 17:42:31.128]
Position [agent=t1, id=null, cell=Cell [x=2, y=9], time=2013-06-12 17:33:02.158, clock=37]
Time [clock=607, time=2013-06-12 17:42:32.129]
Time [clock=608, time=2013-06-12 17:42:33.131]
Time [clock=609, time=2013-06-12 17:42:34.13]
Position [agent=a3, id=null, cell=Cell [x=19, y=19], time=2013-06-12 17:33:02.86, clock=37]
Time [clock=610, time=2013-06-12 17:42:35.131]
Time [clock=611, time=2013-06-12 17:42:36.135]
Time [clock=612, time=2013-06-12 17:42:37.174]
Time [clock=613, time=2013-06-12 17:42:38.134]
Time [clock=614, time=2013-06-12 17:42:39.134]
Time [clock=615, time=2013-06-12 17:42:40.134]
Time [clock=616, time=2013-06-12 17:42:41.135]
Time [clock=617, time=2013-06-12 17:42:42.136]
Position [agent=t1, id=null, cell=Cell [x=2, y=8], time=2013-06-12 17:33:03.311, clock=38]
Time [clock=618, time=2013-06-12 17:42:43.138]
Time [clock=619, time=2013-06-12 17:42:44.139]
Time [clock=620, time=2013-06-12 17:42:45.139]
Time [clock=621, time=2013-06-12 17:42:46.14]
Time [clock=622, time=2013-06-12 17:42:47.141]
Time [clock=623, time=2013-06-12 17:42:48.142]
Time [clock=624, time=2013-06-12 17:42:49.142]
Time [clock=625, time=2013-06-12 17:42:50.142]
Time [clock=626, time=2013-06-12 17:42:51.145]
Time [clock=627, time=2013-06-12 17:42:52.185]
Time [clock=628, time=2013-06-12 17:42:53.146]
Time [clock=629, time=2013-06-12 17:42:54.146]
Time [clock=630, time=2013-06-12 17:42:55.148]
Time [clock=631, time=2013-06-12 17:42:56.15]
Time [clock=632, time=2013-06-12 17:42:57.149]
Time [clock=633, time=2013-06-12 17:42:58.151]
Time [clock=634, time=2013-06-12 17:42:59.151]
Time [clock=635, time=2013-06-12 17:43:00.153]
Time [clock=636, time=2013-06-12 17:43:01.153]
Time [clock=637, time=2013-06-12 17:43:02.153]
Time [clock=638, time=2013-06-12 17:43:03.155]
Time [clock=639, time=2013-06-12 17:43:04.155]
Time [clock=640, time=2013-06-12 17:43:05.157]
Time [clock=641, time=2013-06-12 17:43:06.16]
Time [clock=642, time=2013-06-12 17:43:07.197]
Time [clock=643, time=2013-06-12 17:43:08.158]
Time [clock=644, time=2013-06-12 17:43:09.159]
Time [clock=645, time=2013-06-12 17:43:10.16]
Time [clock=646, time=2013-06-12 17:43:11.162]
Time [clock=647, time=2013-06-12 17:43:12.162]
Time [clock=648, time=2013-06-12 17:43:13.164]
Time [clock=649, time=2013-06-12 17:43:14.164]
Position [agent=t1, id=null, cell=Cell [x=2, y=7], time=2013-06-12 17:33:04.029, clock=39]
Time [clock=650, time=2013-06-12 17:43:15.164]
Time [clock=651, time=2013-06-12 17:43:16.166]
Time [clock=652, time=2013-06-12 17:43:17.167]
Time [clock=653, time=2013-06-12 17:43:18.167]
Time [clock=654, time=2013-06-12 17:43:19.169]
Time [clock=655, time=2013-06-12 17:43:20.17]
Time [clock=656, time=2013-06-12 17:43:21.21]
Time [clock=657, time=2013-06-12 17:43:22.174]
Position [agent=a1, id=null, cell=Cell [x=5, y=7], time=2013-06-12 17:33:04.38, clock=39]
Time [clock=658, time=2013-06-12 17:43:23.174]
Time [clock=659, time=2013-06-12 17:43:24.174]
Time [clock=660, time=2013-06-12 17:43:25.175]
Time [clock=661, time=2013-06-12 17:43:26.176]
Time [clock=662, time=2013-06-12 17:43:27.177]
Time [clock=663, time=2013-06-12 17:43:28.178]
Time [clock=664, time=2013-06-12 17:43:29.179]
Position [agent=a1, id=null, cell=Cell [x=5, y=8], time=2013-06-12 17:33:04.548, clock=37]
Time [clock=665, time=2013-06-12 17:43:30.18]
Time [clock=666, time=2013-06-12 17:43:31.181]
Position [agent=t1, id=null, cell=Cell [x=2, y=6], time=2013-06-12 17:33:04.773, clock=39]
Time [clock=667, time=2013-06-12 17:43:32.181]
Time [clock=668, time=2013-06-12 17:43:33.181]
Time [clock=669, time=2013-06-12 17:43:34.182]
Time [clock=670, time=2013-06-12 17:43:35.183]
Time [clock=671, time=2013-06-12 17:43:36.223]
Time [clock=672, time=2013-06-12 17:43:37.186]
Time [clock=673, time=2013-06-12 17:43:38.185]
Time [clock=674, time=2013-06-12 17:43:39.185]
Time [clock=675, time=2013-06-12 17:43:40.186]
Time [clock=676, time=2013-06-12 17:43:41.188]
Time [clock=677, time=2013-06-12 17:43:42.191]
Time [clock=678, time=2013-06-12 17:43:43.188]
Time [clock=679, time=2013-06-12 17:43:44.189]
Time [clock=680, time=2013-06-12 17:43:45.191]
Time [clock=681, time=2013-06-12 17:43:46.191]
ActionRequest [id=null, agent=a3, type=reading, cell=Cell [x=11, y=1], clock=0, time=2013-06-12 17:32:29.265]
Obligation [agent=a1, obligation=[makeReading(8, 6)], sanction=[reduce_400(a1)], deadline=51, time=2013-06-12 17:32:59.738, clock=0]
ActionRequest [id=null, agent=a2, type=reading, cell=Cell [x=8, y=19], clock=0, time=2013-06-12 17:32:29.27]
Prohibition [agent=t1, prohibition=[at(5, 5, t1)], sanction=[reduce_300(t1)], clock=0, time=2013-06-12 17:32:28.301]
Reading [id=null, agent=a3, cell=Cell [x=11, y=1], time=2013-06-12 17:32:29.611, value=0.0, clock=0]
Points [agent=a1, time=2013-06-12 17:32:25.833, clock=0, value=1000, id=null]
Obligation [agent=a1, obligation=[makeReading(16, 16)], sanction=[reduce_400(a1)], deadline=51, time=2013-06-12 17:33:00.683, clock=0]
Points [agent=a2, time=2013-06-12 17:32:25.846, clock=0, value=1000, id=null]
Cargo [id=null, cell=Cell [x=19, y=19], time=2013-06-12 17:32:31.516, clock=5]
Reading [id=null, agent=a2, cell=Cell [x=8, y=19], time=2013-06-12 17:32:29.662, value=0.0, clock=0]
Position [agent=t1, id=null, cell=Cell [x=2, y=5], time=2013-06-12 17:33:05.416, clock=40]
Obligation [agent=a1, obligation=[makeReading(2, 2)], sanction=[reduce_400(a1)], deadline=51, time=2013-06-12 17:33:01.379, clock=0]
Position [agent=t1, id=null, cell=Cell [x=2, y=4], time=2013-06-12 17:33:06.372, clock=41]
Position [agent=t1, id=null, cell=Cell [x=2, y=3], time=2013-06-12 17:33:07.006, clock=42]
Obligation [agent=a2, obligation=[makeReading(8, 6)], sanction=[reduce_400(a2)], deadline=51, time=2013-06-12 17:33:01.584, clock=0]
Position [agent=a1, id=null, cell=Cell [x=5, y=7], time=2013-06-12 17:33:07.385, clock=42]
Obligation [agent=a2, obligation=[makeReading(16, 16)], sanction=[reduce_400(a2)], deadline=51, time=2013-06-12 17:33:01.791, clock=0]
Position [agent=a1, id=null, cell=Cell [x=5, y=8], time=2013-06-12 17:33:07.572, clock=40]
Prohibition [agent=t1, prohibition=[at(5, 6, t1)], sanction=[reduce_300(t1)], clock=0, time=2013-06-12 17:32:28.304]
Position [agent=t1, id=null, cell=Cell [x=2, y=2], time=2013-06-12 17:33:07.733, clock=42]
Obligation [agent=a2, obligation=[makeReading(2, 2)], sanction=[reduce_400(a2)], deadline=51, time=2013-06-12 17:33:03.057, clock=0]
Obligation [agent=a3, obligation=[makeReading(8, 6)], sanction=[reduce_400(a3)], deadline=51, time=2013-06-12 17:33:03.264, clock=0]
Position [agent=a1, id=null, cell=Cell [x=5, y=7], time=2013-06-12 17:33:09.729, clock=44]
Obligation [agent=a3, obligation=[makeReading(16, 16)], sanction=[reduce_400(a3)], deadline=51, time=2013-06-12 17:33:03.47, clock=0]
Points [agent=a3, time=2013-06-12 17:32:25.849, clock=0, value=1000, id=null]
Prohibition [agent=t1, prohibition=[at(6, 5, t1)], sanction=[reduce_300(t1)], clock=0, time=2013-06-12 17:32:28.307]
Position [agent=a1, id=null, cell=Cell [x=5, y=8], time=2013-06-12 17:33:09.858, clock=43]
Prohibition [agent=t1, prohibition=[at(6, 6, t1)], sanction=[reduce_300(t1)], clock=0, time=2013-06-12 17:32:28.312]
Prohibition [agent=c1, prohibition=[coin(5, 5, a1)], sanction=[reduce_300(c1)], clock=0, time=2013-06-12 17:32:28.523]
Prohibition [agent=c1, prohibition=[coin(5, 6, a1)], sanction=[reduce_300(c1)], clock=0, time=2013-06-12 17:32:28.526]
Obligation [agent=a3, obligation=[makeReading(2, 2)], sanction=[reduce_400(a3)], deadline=51, time=2013-06-12 17:33:04.627, clock=0]
Position [agent=a1, id=null, cell=Cell [x=5, y=7], time=2013-06-12 17:33:12.155, clock=47]
Position [agent=a1, id=null, cell=Cell [x=5, y=8], time=2013-06-12 17:33:12.28, clock=46]
Prohibition [agent=c1, prohibition=[coin(6, 5, a1)], sanction=[reduce_300(c1)], clock=0, time=2013-06-12 17:32:28.528]
Prohibition [agent=c1, prohibition=[coin(6, 6, a1)], sanction=[reduce_300(c1)], clock=0, time=2013-06-12 17:32:28.533]
Prohibition [agent=c1, prohibition=[coin(5, 5, a2)], sanction=[reduce_300(c1)], clock=0, time=2013-06-12 17:32:28.535]
Obligation [agent=a1, obligation=[makeReading(8, 6)], sanction=[reduce_400(a1)], deadline=175, time=2013-06-12 17:34:30.863, clock=0]
Position [agent=a1, id=null, cell=Cell [x=5, y=7], time=2013-06-12 17:33:14.568, clock=49]
Position [agent=a1, id=null, cell=Cell [x=5, y=8], time=2013-06-12 17:33:14.709, clock=48]
Position [agent=a1, id=null, cell=Cell [x=5, y=7], time=2013-06-12 17:33:16.888, clock=51]
Points [agent=c1, time=2013-06-12 17:32:25.859, clock=0, value=1000, id=null]
Points [agent=t1, time=2013-06-12 17:32:25.862, clock=0, value=1000, id=null]
Position [agent=a1, id=null, cell=Cell [x=5, y=8], time=2013-06-12 17:33:17.013, clock=50]
Position [agent=a1, id=null, cell=Cell [x=5, y=7], time=2013-06-12 17:33:19.25, clock=54]
Position [agent=a1, id=null, cell=Cell [x=5, y=8], time=2013-06-12 17:33:19.393, clock=53]
Prohibition [agent=c1, prohibition=[coin(5, 6, a2)], sanction=[reduce_300(c1)], clock=0, time=2013-06-12 17:32:28.537]
Position [agent=a1, id=null, cell=Cell [x=5, y=7], time=2013-06-12 17:33:21.564, clock=56]
Obligation [agent=a1, obligation=[makeReading(16, 16)], sanction=[reduce_400(a1)], deadline=175, time=2013-06-12 17:34:31.072, clock=0]
Position [agent=a1, id=null, cell=Cell [x=5, y=8], time=2013-06-12 17:33:21.71, clock=55]
Prohibition [agent=c1, prohibition=[coin(6, 5, a2)], sanction=[reduce_300(c1)], clock=0, time=2013-06-12 17:32:28.539]
Prohibition [agent=c1, prohibition=[coin(6, 6, a2)], sanction=[reduce_300(c1)], clock=0, time=2013-06-12 17:32:28.542]
Prohibition [agent=c1, prohibition=[coin(5, 5, a3)], sanction=[reduce_300(c1)], clock=0, time=2013-06-12 17:32:28.546]
Position [agent=a1, id=null, cell=Cell [x=5, y=7], time=2013-06-12 17:33:23.71, clock=58]
Prohibition [agent=c1, prohibition=[coin(5, 6, a3)], sanction=[reduce_300(c1)], clock=0, time=2013-06-12 17:32:28.549]
Position [agent=a1, id=null, cell=Cell [x=5, y=8], time=2013-06-12 17:33:23.85, clock=57]
Obligation [agent=a1, obligation=[makeReading(2, 2)], sanction=[reduce_400(a1)], deadline=175, time=2013-06-12 17:34:31.278, clock=0]
Obligation [agent=a2, obligation=[makeReading(8, 6)], sanction=[reduce_400(a2)], deadline=175, time=2013-06-12 17:34:31.485, clock=0]
Prohibition [agent=c1, prohibition=[coin(6, 5, a3)], sanction=[reduce_300(c1)], clock=0, time=2013-06-12 17:32:28.551]
Obligation [agent=a2, obligation=[makeReading(16, 16)], sanction=[reduce_400(a2)], deadline=175, time=2013-06-12 17:34:32.128, clock=0]
Prohibition [agent=c1, prohibition=[coin(6, 6, a3)], sanction=[reduce_300(c1)], clock=0, time=2013-06-12 17:32:28.556]
Position [agent=a1, id=null, cell=Cell [x=5, y=7], time=2013-06-12 17:33:26.036, clock=60]
Position [agent=a1, id=null, cell=Cell [x=5, y=8], time=2013-06-12 17:33:26.13, clock=59]
Obligation [agent=a2, obligation=[makeReading(2, 2)], sanction=[reduce_400(a2)], deadline=175, time=2013-06-12 17:34:32.334, clock=0]
Position [agent=a1, id=null, cell=Cell [x=5, y=7], time=2013-06-12 17:33:27.693, clock=62]
Prohibition [agent=a1, prohibition=[at(5, 5, a1)], sanction=[reduce_300(a1)], clock=0, time=2013-06-12 17:32:29.214]
Obligation [agent=a3, obligation=[makeReading(8, 6)], sanction=[reduce_400(a3)], deadline=175, time=2013-06-12 17:34:32.542, clock=0]
Obligation [agent=a3, obligation=[makeReading(16, 16)], sanction=[reduce_400(a3)], deadline=175, time=2013-06-12 17:34:32.748, clock=0]
Obligation [agent=a3, obligation=[makeReading(2, 2)], sanction=[reduce_400(a3)], deadline=175, time=2013-06-12 17:34:33.248, clock=0]
Position [agent=a1, id=null, cell=Cell [x=5, y=8], time=2013-06-12 17:33:28.002, clock=61]
Prohibition [agent=a1, prohibition=[at(5, 6, a1)], sanction=[reduce_300(a1)], clock=0, time=2013-06-12 17:32:29.217]
Obligation [agent=a1, obligation=[makeReading(8, 6)], sanction=[reduce_400(a1)], deadline=295, time=2013-06-12 17:36:30.944, clock=0]
Obligation [agent=a1, obligation=[makeReading(16, 16)], sanction=[reduce_400(a1)], deadline=295, time=2013-06-12 17:36:31.148, clock=0]
Position [agent=a1, id=null, cell=Cell [x=5, y=7], time=2013-06-12 17:33:29.623, clock=64]
Position [agent=a1, id=null, cell=Cell [x=5, y=8], time=2013-06-12 17:33:29.701, clock=63]
Prohibition [agent=a1, prohibition=[at(6, 5, a1)], sanction=[reduce_300(a1)], clock=0, time=2013-06-12 17:32:29.219]
Prohibition [agent=a1, prohibition=[at(6, 6, a1)], sanction=[reduce_300(a1)], clock=0, time=2013-06-12 17:32:29.228]
Position [agent=a1, id=null, cell=Cell [x=5, y=7], time=2013-06-12 17:33:31.461, clock=66]
Position [agent=a1, id=null, cell=Cell [x=5, y=8], time=2013-06-12 17:33:31.538, clock=65]
Position [agent=a1, id=null, cell=Cell [x=5, y=7], time=2013-06-12 17:33:33.467, clock=68]
Position [agent=a1, id=null, cell=Cell [x=5, y=8], time=2013-06-12 17:33:33.632, clock=67]
Obligation [agent=a1, obligation=[makeReading(2, 2)], sanction=[reduce_400(a1)], deadline=295, time=2013-06-12 17:36:31.353, clock=0]
Obligation [agent=a2, obligation=[makeReading(8, 6)], sanction=[reduce_400(a2)], deadline=295, time=2013-06-12 17:36:31.951, clock=0]
Position [agent=a1, id=null, cell=Cell [x=5, y=7], time=2013-06-12 17:33:35.494, clock=70]
Obligation [agent=a2, obligation=[makeReading(16, 16)], sanction=[reduce_400(a2)], deadline=295, time=2013-06-12 17:36:32.157, clock=0]
Obligation [agent=a2, obligation=[makeReading(2, 2)], sanction=[reduce_400(a2)], deadline=295, time=2013-06-12 17:36:32.363, clock=0]
Prohibition [agent=a2, prohibition=[at(5, 5, a2)], sanction=[reduce_300(a2)], clock=0, time=2013-06-12 17:32:29.234]
Obligation [agent=a3, obligation=[makeReading(8, 6)], sanction=[reduce_400(a3)], deadline=295, time=2013-06-12 17:36:32.568, clock=0]
Position [agent=a1, id=null, cell=Cell [x=5, y=8], time=2013-06-12 17:33:35.569, clock=69]
Prohibition [agent=a2, prohibition=[at(5, 6, a2)], sanction=[reduce_300(a2)], clock=0, time=2013-06-12 17:32:29.236]
Prohibition [agent=a2, prohibition=[at(6, 5, a2)], sanction=[reduce_300(a2)], clock=0, time=2013-06-12 17:32:29.243]
Prohibition [agent=a2, prohibition=[at(6, 6, a2)], sanction=[reduce_300(a2)], clock=0, time=2013-06-12 17:32:29.245]
Obligation [agent=a3, obligation=[makeReading(16, 16)], sanction=[reduce_400(a3)], deadline=295, time=2013-06-12 17:36:33.236, clock=0]
Obligation [agent=a3, obligation=[makeReading(2, 2)], sanction=[reduce_400(a3)], deadline=295, time=2013-06-12 17:36:33.441, clock=0]
Position [agent=a1, id=null, cell=Cell [x=5, y=7], time=2013-06-12 17:33:37.558, clock=72]
Obligation [agent=a1, obligation=[makeReading(8, 6)], sanction=[reduce_400(a1)], deadline=395, time=2013-06-12 17:38:10.593, clock=0]
Obligation [agent=a1, obligation=[makeReading(16, 16)], sanction=[reduce_400(a1)], deadline=395, time=2013-06-12 17:38:10.798, clock=0]
Obligation [agent=a1, obligation=[makeReading(2, 2)], sanction=[reduce_400(a1)], deadline=395, time=2013-06-12 17:38:11.002, clock=0]
Position [agent=a1, id=null, cell=Cell [x=5, y=8], time=2013-06-12 17:33:37.684, clock=71]
Obligation [agent=a2, obligation=[makeReading(8, 6)], sanction=[reduce_400(a2)], deadline=395, time=2013-06-12 17:38:11.207, clock=0]
Prohibition [agent=a3, prohibition=[at(5, 5, a3)], sanction=[reduce_300(a3)], clock=0, time=2013-06-12 17:32:29.251]
Prohibition [agent=a3, prohibition=[at(5, 6, a3)], sanction=[reduce_300(a3)], clock=0, time=2013-06-12 17:32:29.255]
Obligation [agent=a2, obligation=[makeReading(16, 16)], sanction=[reduce_400(a2)], deadline=395, time=2013-06-12 17:38:11.413, clock=0]
Prohibition [agent=a3, prohibition=[at(6, 5, a3)], sanction=[reduce_300(a3)], clock=0, time=2013-06-12 17:32:29.258]
Position [agent=a1, id=null, cell=Cell [x=5, y=7], time=2013-06-12 17:33:39.819, clock=74]
Obligation [agent=a2, obligation=[makeReading(2, 2)], sanction=[reduce_400(a2)], deadline=395, time=2013-06-12 17:38:11.619, clock=0]
Prohibition [agent=a3, prohibition=[at(6, 6, a3)], sanction=[reduce_300(a3)], clock=0, time=2013-06-12 17:32:29.26]
Obligation [agent=a3, obligation=[makeReading(8, 6)], sanction=[reduce_400(a3)], deadline=395, time=2013-06-12 17:38:11.823, clock=0]
Obligation [agent=a3, obligation=[makeReading(16, 16)], sanction=[reduce_400(a3)], deadline=395, time=2013-06-12 17:38:12.028, clock=0]
Prohibition [agent=a2, prohibition=[reading(8, 19, a2)], sanction=[reduce_300(a2)], clock=0, time=2013-06-12 17:33:05.732]
Position [agent=a1, id=null, cell=Cell [x=5, y=8], time=2013-06-12 17:33:39.942, clock=73]
Obligation [agent=a3, obligation=[makeReading(2, 2)], sanction=[reduce_400(a3)], deadline=395, time=2013-06-12 17:38:12.233, clock=0]
Position [agent=a1, id=null, cell=Cell [x=5, y=7], time=2013-06-12 17:33:42.293, clock=77]
Obligation [agent=a1, obligation=[makeReading(8, 6)], sanction=[reduce_400(a1)], deadline=478, time=2013-06-12 17:39:33.596, clock=0]
Position [agent=a1, id=null, cell=Cell [x=5, y=8], time=2013-06-12 17:33:42.439, clock=76]
Prohibition [agent=a3, prohibition=[reading(11, 1, a3)], sanction=[reduce_300(a3)], clock=0, time=2013-06-12 17:33:06.199]
Position [agent=a1, id=null, cell=Cell [x=5, y=7], time=2013-06-12 17:33:44.508, clock=79]
Prohibition [agent=a2, prohibition=[reading(8, 19, a2)], sanction=[reduce_300(a2)], clock=0, time=2013-06-12 17:34:33.867]
Position [agent=a1, id=null, cell=Cell [x=5, y=8], time=2013-06-12 17:33:44.632, clock=78]
Prohibition [agent=a3, prohibition=[reading(11, 1, a3)], sanction=[reduce_300(a3)], clock=0, time=2013-06-12 17:34:34.076]
Position [agent=a1, id=null, cell=Cell [x=5, y=7], time=2013-06-12 17:33:46.712, clock=81]
Obligation [agent=a1, obligation=[makeReading(16, 16)], sanction=[reduce_400(a1)], deadline=478, time=2013-06-12 17:39:33.803, clock=0]
Prohibition [agent=a2, prohibition=[reading(8, 19, a2)], sanction=[reduce_300(a2)], clock=0, time=2013-06-12 17:36:34.405]
Position [agent=a1, id=null, cell=Cell [x=5, y=8], time=2013-06-12 17:33:46.828, clock=80]
Prohibition [agent=a3, prohibition=[reading(11, 1, a3)], sanction=[reduce_300(a3)], clock=0, time=2013-06-12 17:36:34.611]
Obligation [agent=a1, obligation=[makeReading(2, 2)], sanction=[reduce_400(a1)], deadline=478, time=2013-06-12 17:39:34.009, clock=0]
Obligation [agent=a2, obligation=[makeReading(8, 6)], sanction=[reduce_400(a2)], deadline=478, time=2013-06-12 17:39:34.217, clock=0]
Position [agent=a1, id=null, cell=Cell [x=5, y=7], time=2013-06-12 17:33:48.834, clock=83]
Position [agent=a1, id=null, cell=Cell [x=5, y=8], time=2013-06-12 17:33:48.975, clock=82]
Position [agent=a1, id=null, cell=Cell [x=5, y=7], time=2013-06-12 17:33:51.333, clock=86]
Position [agent=a1, id=null, cell=Cell [x=5, y=8], time=2013-06-12 17:33:51.473, clock=85]
Prohibition [agent=a2, prohibition=[reading(8, 19, a2)], sanction=[reduce_300(a2)], clock=0, time=2013-06-12 17:38:12.85]
Position [agent=a1, id=null, cell=Cell [x=5, y=7], time=2013-06-12 17:33:53.56, clock=88]
Obligation [agent=a2, obligation=[makeReading(16, 16)], sanction=[reduce_400(a2)], deadline=478, time=2013-06-12 17:39:34.425, clock=0]
Obligation [agent=a2, obligation=[makeReading(2, 2)], sanction=[reduce_400(a2)], deadline=478, time=2013-06-12 17:39:34.633, clock=0]
Prohibition [agent=a3, prohibition=[reading(11, 1, a3)], sanction=[reduce_300(a3)], clock=0, time=2013-06-12 17:38:13.055]
Position [agent=a1, id=null, cell=Cell [x=5, y=8], time=2013-06-12 17:33:53.692, clock=87]
Obligation [agent=a3, obligation=[makeReading(8, 6)], sanction=[reduce_400(a3)], deadline=478, time=2013-06-12 17:39:34.84, clock=0]
Prohibition [agent=a2, prohibition=[reading(8, 19, a2)], sanction=[reduce_300(a2)], clock=0, time=2013-06-12 17:39:35.875]
Prohibition [agent=a3, prohibition=[reading(11, 1, a3)], sanction=[reduce_300(a3)], clock=0, time=2013-06-12 17:39:36.08]
Obligation [agent=a3, obligation=[makeReading(16, 16)], sanction=[reduce_400(a3)], deadline=478, time=2013-06-12 17:39:35.048, clock=0]
Position [agent=a1, id=null, cell=Cell [x=5, y=7], time=2013-06-12 17:33:55.704, clock=90]
Obligation [agent=a3, obligation=[makeReading(2, 2)], sanction=[reduce_400(a3)], deadline=478, time=2013-06-12 17:39:35.256, clock=0]
Prohibition [agent=a2, prohibition=[reading(8, 19, a2)], sanction=[reduce_300(a2)], clock=0, time=2013-06-12 17:40:58.945]
Prohibition [agent=a3, prohibition=[reading(11, 1, a3)], sanction=[reduce_300(a3)], clock=0, time=2013-06-12 17:40:59.152]
Position [agent=a1, id=null, cell=Cell [x=5, y=8], time=2013-06-12 17:33:55.87, clock=89]
Position [agent=a1, id=null, cell=Cell [x=5, y=7], time=2013-06-12 17:33:57.953, clock=92]
Obligation [agent=a1, obligation=[makeReading(8, 6)], sanction=[reduce_400(a1)], deadline=561, time=2013-06-12 17:40:56.656, clock=0]
Position [agent=a1, id=null, cell=Cell [x=5, y=8], time=2013-06-12 17:33:58.083, clock=91]
Position [agent=a1, id=null, cell=Cell [x=5, y=7], time=2013-06-12 17:34:00.507, clock=95]
Position [agent=a1, id=null, cell=Cell [x=5, y=8], time=2013-06-12 17:34:00.631, clock=94]
Position [agent=a1, id=null, cell=Cell [x=5, y=7], time=2013-06-12 17:34:02.801, clock=97]
Obligation [agent=a1, obligation=[makeReading(16, 16)], sanction=[reduce_400(a1)], deadline=561, time=2013-06-12 17:40:56.888, clock=0]
Prohibition [agent=a2, prohibition=[reading(8, 19, a2)], sanction=[reduce_300(a2)], clock=0, time=2013-06-12 17:42:21.98]
Position [agent=a1, id=null, cell=Cell [x=5, y=8], time=2013-06-12 17:34:02.925, clock=96]
Position [agent=a1, id=null, cell=Cell [x=5, y=7], time=2013-06-12 17:34:05.153, clock=100]
Obligation [agent=a1, obligation=[makeReading(2, 2)], sanction=[reduce_400(a1)], deadline=561, time=2013-06-12 17:40:57.093, clock=0]
Prohibition [agent=a3, prohibition=[reading(11, 1, a3)], sanction=[reduce_300(a3)], clock=0, time=2013-06-12 17:42:22.184]
Obligation [agent=a2, obligation=[makeReading(8, 6)], sanction=[reduce_400(a2)], deadline=561, time=2013-06-12 17:40:57.297, clock=0]
Position [agent=a1, id=null, cell=Cell [x=5, y=8], time=2013-06-12 17:34:05.29, clock=98]
Obligation [agent=a2, obligation=[makeReading(16, 16)], sanction=[reduce_400(a2)], deadline=561, time=2013-06-12 17:40:57.502, clock=0]
Position [agent=a1, id=null, cell=Cell [x=5, y=7], time=2013-06-12 17:34:07.572, clock=102]
Position [agent=a1, id=null, cell=Cell [x=5, y=8], time=2013-06-12 17:34:07.697, clock=101]
Position [agent=a1, id=null, cell=Cell [x=5, y=7], time=2013-06-12 17:34:09.773, clock=104]
Position [agent=a1, id=null, cell=Cell [x=5, y=8], time=2013-06-12 17:34:09.899, clock=103]
Obligation [agent=a2, obligation=[makeReading(2, 2)], sanction=[reduce_400(a2)], deadline=561, time=2013-06-12 17:40:57.707, clock=0]
Obligation [agent=a3, obligation=[makeReading(8, 6)], sanction=[reduce_400(a3)], deadline=561, time=2013-06-12 17:40:57.912, clock=0]
Obligation [agent=a3, obligation=[makeReading(16, 16)], sanction=[reduce_400(a3)], deadline=561, time=2013-06-12 17:40:58.118, clock=0]
Obligation [agent=a3, obligation=[makeReading(2, 2)], sanction=[reduce_400(a3)], deadline=561, time=2013-06-12 17:40:58.329, clock=0]
Position [agent=a1, id=null, cell=Cell [x=5, y=7], time=2013-06-12 17:34:12.164, clock=107]
Position [agent=a1, id=null, cell=Cell [x=5, y=8], time=2013-06-12 17:34:12.287, clock=105]
Obligation [agent=a1, obligation=[makeReading(8, 6)], sanction=[reduce_400(a1)], deadline=644, time=2013-06-12 17:42:19.725, clock=0]
Position [agent=a1, id=null, cell=Cell [x=5, y=7], time=2013-06-12 17:34:14.362, clock=109]
Position [agent=a1, id=null, cell=Cell [x=5, y=8], time=2013-06-12 17:34:14.502, clock=108]
Position [agent=a1, id=null, cell=Cell [x=5, y=7], time=2013-06-12 17:34:16.573, clock=111]
Position [agent=a1, id=null, cell=Cell [x=5, y=8], time=2013-06-12 17:34:16.693, clock=110]
Position [agent=a1, id=null, cell=Cell [x=5, y=7], time=2013-06-12 17:34:18.912, clock=113]
Obligation [agent=a1, obligation=[makeReading(16, 16)], sanction=[reduce_400(a1)], deadline=644, time=2013-06-12 17:42:19.931, clock=0]
Position [agent=a1, id=null, cell=Cell [x=5, y=8], time=2013-06-12 17:34:19.041, clock=112]
Position [agent=a1, id=null, cell=Cell [x=5, y=7], time=2013-06-12 17:34:21.381, clock=116]
Obligation [agent=a1, obligation=[makeReading(2, 2)], sanction=[reduce_400(a1)], deadline=644, time=2013-06-12 17:42:20.135, clock=0]
Position [agent=a1, id=null, cell=Cell [x=5, y=8], time=2013-06-12 17:34:21.504, clock=115]
Obligation [agent=a2, obligation=[makeReading(8, 6)], sanction=[reduce_400(a2)], deadline=644, time=2013-06-12 17:42:20.34, clock=0]
Obligation [agent=a2, obligation=[makeReading(16, 16)], sanction=[reduce_400(a2)], deadline=644, time=2013-06-12 17:42:20.544, clock=0]
Obligation [agent=a2, obligation=[makeReading(2, 2)], sanction=[reduce_400(a2)], deadline=644, time=2013-06-12 17:42:20.748, clock=0]
Position [agent=a1, id=null, cell=Cell [x=5, y=7], time=2013-06-12 17:34:23.649, clock=118]
Position [agent=a1, id=null, cell=Cell [x=5, y=8], time=2013-06-12 17:34:23.814, clock=117]
Position [agent=a1, id=null, cell=Cell [x=5, y=7], time=2013-06-12 17:34:25.906, clock=120]
Position [agent=a1, id=null, cell=Cell [x=5, y=8], time=2013-06-12 17:34:26.028, clock=119]
Obligation [agent=a3, obligation=[makeReading(8, 6)], sanction=[reduce_400(a3)], deadline=644, time=2013-06-12 17:42:20.952, clock=0]
Position [agent=a1, id=null, cell=Cell [x=5, y=7], time=2013-06-12 17:34:28.311, clock=123]
Position [agent=a1, id=null, cell=Cell [x=5, y=8], time=2013-06-12 17:34:28.443, clock=122]
Obligation [agent=a3, obligation=[makeReading(16, 16)], sanction=[reduce_400(a3)], deadline=644, time=2013-06-12 17:42:21.157, clock=0]
Position [agent=a1, id=null, cell=Cell [x=5, y=7], time=2013-06-12 17:34:30.718, clock=125]
Position [agent=a1, id=null, cell=Cell [x=5, y=8], time=2013-06-12 17:34:30.868, clock=124]
Position [agent=a1, id=null, cell=Cell [x=5, y=7], time=2013-06-12 17:34:33.307, clock=128]
Position [agent=a1, id=null, cell=Cell [x=5, y=8], time=2013-06-12 17:34:33.437, clock=127]
Position [agent=a1, id=null, cell=Cell [x=5, y=7], time=2013-06-12 17:34:36.18, clock=131]
Obligation [agent=a3, obligation=[makeReading(2, 2)], sanction=[reduce_400(a3)], deadline=644, time=2013-06-12 17:42:21.362, clock=0]
Obligation [agent=a1, obligation=[makeReading(8, 6)], sanction=[reduce_400(a1)], deadline=726, time=2013-06-12 17:43:42.427, clock=0]
Position [agent=a1, id=null, cell=Cell [x=5, y=8], time=2013-06-12 17:34:36.323, clock=129]
Position [agent=a1, id=null, cell=Cell [x=5, y=7], time=2013-06-12 17:34:38.97, clock=133]
Obligation [agent=a1, obligation=[makeReading(16, 16)], sanction=[reduce_400(a1)], deadline=726, time=2013-06-12 17:43:42.633, clock=0]
Position [agent=a1, id=null, cell=Cell [x=5, y=8], time=2013-06-12 17:34:39.097, clock=132]
Obligation [agent=a1, obligation=[makeReading(2, 2)], sanction=[reduce_400(a1)], deadline=726, time=2013-06-12 17:43:42.838, clock=0]
Position [agent=a1, id=null, cell=Cell [x=5, y=7], time=2013-06-12 17:34:41.372, clock=136]
Position [agent=a1, id=null, cell=Cell [x=5, y=8], time=2013-06-12 17:34:41.512, clock=135]
Obligation [agent=a2, obligation=[makeReading(8, 6)], sanction=[reduce_400(a2)], deadline=726, time=2013-06-12 17:43:43.043, clock=0]
Obligation [agent=a2, obligation=[makeReading(16, 16)], sanction=[reduce_400(a2)], deadline=726, time=2013-06-12 17:43:43.25, clock=0]
Obligation [agent=a2, obligation=[makeReading(2, 2)], sanction=[reduce_400(a2)], deadline=726, time=2013-06-12 17:43:43.456, clock=0]
Obligation [agent=a3, obligation=[makeReading(8, 6)], sanction=[reduce_400(a3)], deadline=726, time=2013-06-12 17:43:43.662, clock=0]
Obligation [agent=a3, obligation=[makeReading(16, 16)], sanction=[reduce_400(a3)], deadline=726, time=2013-06-12 17:43:43.869, clock=0]
Position [agent=a1, id=null, cell=Cell [x=5, y=7], time=2013-06-12 17:34:43.798, clock=138]
Position [agent=a1, id=null, cell=Cell [x=5, y=8], time=2013-06-12 17:34:43.934, clock=137]
Obligation [agent=a3, obligation=[makeReading(2, 2)], sanction=[reduce_400(a3)], deadline=726, time=2013-06-12 17:43:44.075, clock=0]
Position [agent=a1, id=null, cell=Cell [x=5, y=7], time=2013-06-12 17:34:46.434, clock=141]
Position [agent=a1, id=null, cell=Cell [x=5, y=8], time=2013-06-12 17:34:46.55, clock=140]
Position [agent=a1, id=null, cell=Cell [x=5, y=7], time=2013-06-12 17:34:48.79, clock=143]
Position [agent=a1, id=null, cell=Cell [x=5, y=8], time=2013-06-12 17:34:48.908, clock=142]
Position [agent=a1, id=null, cell=Cell [x=5, y=7], time=2013-06-12 17:34:51.185, clock=146]
Position [agent=a1, id=null, cell=Cell [x=5, y=8], time=2013-06-12 17:34:51.315, clock=144]
Position [agent=a1, id=null, cell=Cell [x=5, y=7], time=2013-06-12 17:34:53.393, clock=148]
Position [agent=a1, id=null, cell=Cell [x=5, y=8], time=2013-06-12 17:34:53.551, clock=147]
Position [agent=a1, id=null, cell=Cell [x=5, y=7], time=2013-06-12 17:34:55.671, clock=150]
Position [agent=a1, id=null, cell=Cell [x=5, y=8], time=2013-06-12 17:34:55.819, clock=149]
Position [agent=a1, id=null, cell=Cell [x=5, y=7], time=2013-06-12 17:34:57.916, clock=152]
Position [agent=a1, id=null, cell=Cell [x=5, y=8], time=2013-06-12 17:34:58.034, clock=151]
Position [agent=a1, id=null, cell=Cell [x=5, y=7], time=2013-06-12 17:35:00.367, clock=155]
Position [agent=a1, id=null, cell=Cell [x=5, y=8], time=2013-06-12 17:35:00.489, clock=154]
Position [agent=a1, id=null, cell=Cell [x=5, y=7], time=2013-06-12 17:35:02.827, clock=157]
Position [agent=a1, id=null, cell=Cell [x=5, y=8], time=2013-06-12 17:35:02.958, clock=156]
Position [agent=a1, id=null, cell=Cell [x=5, y=7], time=2013-06-12 17:35:05.175, clock=160]
Position [agent=a1, id=null, cell=Cell [x=5, y=8], time=2013-06-12 17:35:05.291, clock=158]
Position [agent=a1, id=null, cell=Cell [x=5, y=7], time=2013-06-12 17:35:07.454, clock=162]
Position [agent=a1, id=null, cell=Cell [x=5, y=8], time=2013-06-12 17:35:07.571, clock=161]
Position [agent=a1, id=null, cell=Cell [x=5, y=7], time=2013-06-12 17:35:09.75, clock=164]
Position [agent=a1, id=null, cell=Cell [x=5, y=8], time=2013-06-12 17:35:09.863, clock=163]
Position [agent=a1, id=null, cell=Cell [x=5, y=7], time=2013-06-12 17:35:12.183, clock=167]
Position [agent=a1, id=null, cell=Cell [x=5, y=8], time=2013-06-12 17:35:12.298, clock=165]
Position [agent=a1, id=null, cell=Cell [x=5, y=7], time=2013-06-12 17:35:14.451, clock=169]
Position [agent=a1, id=null, cell=Cell [x=5, y=8], time=2013-06-12 17:35:14.566, clock=168]
Position [agent=a1, id=null, cell=Cell [x=5, y=7], time=2013-06-12 17:35:16.775, clock=171]
Position [agent=a1, id=null, cell=Cell [x=5, y=8], time=2013-06-12 17:35:16.909, clock=170]
Position [agent=a1, id=null, cell=Cell [x=5, y=7], time=2013-06-12 17:35:19.197, clock=174]
Position [agent=a1, id=null, cell=Cell [x=5, y=8], time=2013-06-12 17:35:19.326, clock=172]
Position [agent=a1, id=null, cell=Cell [x=5, y=7], time=2013-06-12 17:35:21.523, clock=176]
Position [agent=a1, id=null, cell=Cell [x=5, y=8], time=2013-06-12 17:35:21.645, clock=175]
Position [agent=a1, id=null, cell=Cell [x=5, y=7], time=2013-06-12 17:35:23.8, clock=178]
Position [agent=a1, id=null, cell=Cell [x=5, y=8], time=2013-06-12 17:35:23.924, clock=177]
Position [agent=a1, id=null, cell=Cell [x=5, y=7], time=2013-06-12 17:35:26.222, clock=181]
Position [agent=a1, id=null, cell=Cell [x=5, y=8], time=2013-06-12 17:35:26.336, clock=179]
Position [agent=a1, id=null, cell=Cell [x=5, y=7], time=2013-06-12 17:35:28.565, clock=183]
Position [agent=a1, id=null, cell=Cell [x=5, y=8], time=2013-06-12 17:35:28.69, clock=182]
Position [agent=a1, id=null, cell=Cell [x=5, y=7], time=2013-06-12 17:35:30.868, clock=185]
Position [agent=a1, id=null, cell=Cell [x=5, y=8], time=2013-06-12 17:35:30.989, clock=184]
Position [agent=a1, id=null, cell=Cell [x=5, y=7], time=2013-06-12 17:35:33.231, clock=188]
Position [agent=a1, id=null, cell=Cell [x=5, y=8], time=2013-06-12 17:35:33.347, clock=186]
Position [agent=a1, id=null, cell=Cell [x=5, y=7], time=2013-06-12 17:35:35.716, clock=190]
Position [agent=a1, id=null, cell=Cell [x=5, y=8], time=2013-06-12 17:35:35.847, clock=189]
Position [agent=a1, id=null, cell=Cell [x=5, y=7], time=2013-06-12 17:35:38.225, clock=193]
Position [agent=a1, id=null, cell=Cell [x=5, y=8], time=2013-06-12 17:35:38.341, clock=191]
Position [agent=a1, id=null, cell=Cell [x=5, y=7], time=2013-06-12 17:35:40.49, clock=195]
Position [agent=a1, id=null, cell=Cell [x=5, y=8], time=2013-06-12 17:35:40.618, clock=194]
Position [agent=a1, id=null, cell=Cell [x=5, y=7], time=2013-06-12 17:35:42.84, clock=197]
Position [agent=a1, id=null, cell=Cell [x=5, y=8], time=2013-06-12 17:35:42.971, clock=196]
Position [agent=a1, id=null, cell=Cell [x=5, y=7], time=2013-06-12 17:35:45.236, clock=200]
Position [agent=a1, id=null, cell=Cell [x=5, y=8], time=2013-06-12 17:35:45.369, clock=198]
Position [agent=a1, id=null, cell=Cell [x=5, y=7], time=2013-06-12 17:35:47.714, clock=202]
Position [agent=a1, id=null, cell=Cell [x=5, y=8], time=2013-06-12 17:35:47.831, clock=201]
Position [agent=a1, id=null, cell=Cell [x=5, y=7], time=2013-06-12 17:35:49.969, clock=204]
Position [agent=a1, id=null, cell=Cell [x=5, y=8], time=2013-06-12 17:35:50.1, clock=203]
Position [agent=a1, id=null, cell=Cell [x=5, y=7], time=2013-06-12 17:35:52.417, clock=207]
Position [agent=a1, id=null, cell=Cell [x=5, y=8], time=2013-06-12 17:35:52.536, clock=206]
Position [agent=a1, id=null, cell=Cell [x=5, y=7], time=2013-06-12 17:35:54.779, clock=209]
Position [agent=a1, id=null, cell=Cell [x=5, y=8], time=2013-06-12 17:35:54.906, clock=208]
Position [agent=a1, id=null, cell=Cell [x=5, y=7], time=2013-06-12 17:35:57.305, clock=212]
Position [agent=a1, id=null, cell=Cell [x=5, y=8], time=2013-06-12 17:35:57.431, clock=210]
Position [agent=a1, id=null, cell=Cell [x=5, y=7], time=2013-06-12 17:35:59.811, clock=214]
Position [agent=a1, id=null, cell=Cell [x=5, y=8], time=2013-06-12 17:35:59.953, clock=213]
Position [agent=a1, id=null, cell=Cell [x=5, y=7], time=2013-06-12 17:36:02.28, clock=217]
Position [agent=a1, id=null, cell=Cell [x=5, y=8], time=2013-06-12 17:36:02.408, clock=215]
Position [agent=a1, id=null, cell=Cell [x=5, y=7], time=2013-06-12 17:36:04.624, clock=219]
Position [agent=a1, id=null, cell=Cell [x=5, y=8], time=2013-06-12 17:36:04.759, clock=218]
Position [agent=a1, id=null, cell=Cell [x=5, y=7], time=2013-06-12 17:36:06.947, clock=221]
Position [agent=a1, id=null, cell=Cell [x=5, y=8], time=2013-06-12 17:36:07.063, clock=220]
Position [agent=a1, id=null, cell=Cell [x=5, y=7], time=2013-06-12 17:36:09.538, clock=224]
Position [agent=a1, id=null, cell=Cell [x=5, y=8], time=2013-06-12 17:36:09.652, clock=223]
Position [agent=a1, id=null, cell=Cell [x=5, y=7], time=2013-06-12 17:36:11.933, clock=226]
Position [agent=a1, id=null, cell=Cell [x=5, y=8], time=2013-06-12 17:36:12.066, clock=225]
Position [agent=a1, id=null, cell=Cell [x=5, y=7], time=2013-06-12 17:36:14.366, clock=229]
Position [agent=a1, id=null, cell=Cell [x=5, y=8], time=2013-06-12 17:36:14.447, clock=228]
Position [agent=a1, id=null, cell=Cell [x=5, y=7], time=2013-06-12 17:36:16.341, clock=231]
Position [agent=a1, id=null, cell=Cell [x=5, y=8], time=2013-06-12 17:36:16.42, clock=230]
Position [agent=a1, id=null, cell=Cell [x=5, y=7], time=2013-06-12 17:36:18.786, clock=233]
Position [agent=a1, id=null, cell=Cell [x=5, y=8], time=2013-06-12 17:36:18.936, clock=232]
Position [agent=a1, id=null, cell=Cell [x=5, y=7], time=2013-06-12 17:36:21.291, clock=236]
Position [agent=a1, id=null, cell=Cell [x=5, y=8], time=2013-06-12 17:36:21.435, clock=234]
Position [agent=a1, id=null, cell=Cell [x=5, y=7], time=2013-06-12 17:36:23.985, clock=238]
Position [agent=a1, id=null, cell=Cell [x=5, y=8], time=2013-06-12 17:36:24.114, clock=237]
Position [agent=a1, id=null, cell=Cell [x=5, y=7], time=2013-06-12 17:36:26.589, clock=241]
Position [agent=a1, id=null, cell=Cell [x=5, y=8], time=2013-06-12 17:36:26.719, clock=240]
Position [agent=a1, id=null, cell=Cell [x=5, y=7], time=2013-06-12 17:36:29.261, clock=244]
Position [agent=a1, id=null, cell=Cell [x=5, y=8], time=2013-06-12 17:36:29.381, clock=242]
Position [agent=a1, id=null, cell=Cell [x=5, y=7], time=2013-06-12 17:36:32.018, clock=246]
Position [agent=a1, id=null, cell=Cell [x=5, y=8], time=2013-06-12 17:36:32.151, clock=245]
Position [agent=a1, id=null, cell=Cell [x=5, y=7], time=2013-06-12 17:36:34.423, clock=249]
Position [agent=a1, id=null, cell=Cell [x=5, y=8], time=2013-06-12 17:36:34.538, clock=248]
Position [agent=a1, id=null, cell=Cell [x=5, y=7], time=2013-06-12 17:36:36.629, clock=251]
Position [agent=a1, id=null, cell=Cell [x=5, y=8], time=2013-06-12 17:36:36.732, clock=250]
Position [agent=a1, id=null, cell=Cell [x=5, y=7], time=2013-06-12 17:36:39.011, clock=253]
Position [agent=a1, id=null, cell=Cell [x=5, y=8], time=2013-06-12 17:36:39.143, clock=252]
Position [agent=a1, id=null, cell=Cell [x=5, y=7], time=2013-06-12 17:36:41.426, clock=256]
Position [agent=a1, id=null, cell=Cell [x=5, y=8], time=2013-06-12 17:36:41.54, clock=255]
Position [agent=a1, id=null, cell=Cell [x=5, y=7], time=2013-06-12 17:36:43.908, clock=258]
Position [agent=a1, id=null, cell=Cell [x=5, y=8], time=2013-06-12 17:36:44.065, clock=257]
Position [agent=a1, id=null, cell=Cell [x=5, y=7], time=2013-06-12 17:36:46.422, clock=261]
Position [agent=a1, id=null, cell=Cell [x=5, y=8], time=2013-06-12 17:36:46.535, clock=260]
Position [agent=a1, id=null, cell=Cell [x=5, y=7], time=2013-06-12 17:36:48.919, clock=263]
Position [agent=a1, id=null, cell=Cell [x=5, y=8], time=2013-06-12 17:36:49.03, clock=262]
Position [agent=a1, id=null, cell=Cell [x=5, y=7], time=2013-06-12 17:36:51.248, clock=266]
Position [agent=a1, id=null, cell=Cell [x=5, y=8], time=2013-06-12 17:36:51.366, clock=264]
Position [agent=a1, id=null, cell=Cell [x=5, y=7], time=2013-06-12 17:36:53.582, clock=268]
Position [agent=a1, id=null, cell=Cell [x=5, y=8], time=2013-06-12 17:36:53.691, clock=267]
Position [agent=a1, id=null, cell=Cell [x=5, y=7], time=2013-06-12 17:36:55.94, clock=270]
Position [agent=a1, id=null, cell=Cell [x=5, y=8], time=2013-06-12 17:36:56.046, clock=269]
Position [agent=a1, id=null, cell=Cell [x=5, y=7], time=2013-06-12 17:36:58.427, clock=273]
Position [agent=a1, id=null, cell=Cell [x=5, y=8], time=2013-06-12 17:36:58.543, clock=272]
Position [agent=a1, id=null, cell=Cell [x=5, y=7], time=2013-06-12 17:37:00.765, clock=275]
Position [agent=a1, id=null, cell=Cell [x=5, y=8], time=2013-06-12 17:37:00.865, clock=274]
Position [agent=a1, id=null, cell=Cell [x=5, y=7], time=2013-06-12 17:37:03.283, clock=278]
Position [agent=a1, id=null, cell=Cell [x=5, y=8], time=2013-06-12 17:37:03.385, clock=276]
Position [agent=a1, id=null, cell=Cell [x=5, y=7], time=2013-06-12 17:37:05.621, clock=280]
Position [agent=a1, id=null, cell=Cell [x=5, y=8], time=2013-06-12 17:37:05.73, clock=279]
Position [agent=a1, id=null, cell=Cell [x=5, y=7], time=2013-06-12 17:37:08.022, clock=282]
Position [agent=a1, id=null, cell=Cell [x=5, y=8], time=2013-06-12 17:37:08.155, clock=281]
Position [agent=a1, id=null, cell=Cell [x=5, y=7], time=2013-06-12 17:37:10.51, clock=285]
Position [agent=a1, id=null, cell=Cell [x=5, y=8], time=2013-06-12 17:37:10.618, clock=284]
Position [agent=a1, id=null, cell=Cell [x=5, y=7], time=2013-06-12 17:37:12.865, clock=287]
Position [agent=a1, id=null, cell=Cell [x=5, y=8], time=2013-06-12 17:37:12.986, clock=286]
Position [agent=a1, id=null, cell=Cell [x=5, y=7], time=2013-06-12 17:37:15.276, clock=290]
Position [agent=a1, id=null, cell=Cell [x=5, y=8], time=2013-06-12 17:37:15.377, clock=288]
Position [agent=a1, id=null, cell=Cell [x=5, y=7], time=2013-06-12 17:37:17.686, clock=292]
Position [agent=a1, id=null, cell=Cell [x=5, y=8], time=2013-06-12 17:37:17.813, clock=291]
Position [agent=a1, id=null, cell=Cell [x=5, y=7], time=2013-06-12 17:37:20.09, clock=294]
Position [agent=a1, id=null, cell=Cell [x=5, y=8], time=2013-06-12 17:37:20.22, clock=293]
Position [agent=a1, id=null, cell=Cell [x=5, y=7], time=2013-06-12 17:37:22.492, clock=297]
-------------------------last log tuples end----------------------------------
register a1
register a2
register a3
register c1
register t1
org points notification
agent points notification a1 number 1
agent points notification a2 number 1
org points notification
agent points notification a3 number 1
org points notification
agent points notification c1 number 1
agent points notification t1 number 1
org points notification
org points notification
Points [agent=a3, time=null, clock=null, value=null, id=null] 1970-01-01 01:00:00.0 - 2013-06-12 17:49:55.513
Event sent to agent      a3 points(a3, 1000, 0)
Points [agent=a1, time=null, clock=null, value=null, id=null] 1970-01-01 01:00:00.0 - 2013-06-12 17:49:55.495
Event sent to agent      a1 points(a1, 1000, 0)
Points [agent=t1, time=null, clock=null, value=null, id=null] 1970-01-01 01:00:00.0 - 2013-06-12 17:49:55.541
Event sent to agent      t1 points(t1, 1000, 0)
Points [agent=c1, time=null, clock=null, value=null, id=null] 1970-01-01 01:00:00.0 - 2013-06-12 17:49:55.538
Event sent to agent      c1 points(c1, 1000, 0)
Points [agent=a2, time=null, clock=null, value=null, id=null] 1970-01-01 01:00:00.0 - 2013-06-12 17:49:55.511
Event sent to agent      a2 points(a2, 1000, 0)
from/for agent a2  reading(position(8, 19))
Reading [id=null, agent=a2, cell=Cell [x=8, y=19], time=null, value=null, clock=null]
from/for agent a3  reading(position(11, 1))
Reading [id=null, agent=a3, cell=Cell [x=11, y=1], time=null, value=null, clock=null]
Organization notifies agent (write): Prohibition [agent=t1, prohibition=[at(5, 5, t1)], sanction=[reduce_300(t1)], clock=0, time=2013-06-12 17:49:57.932]
Organization notifies agent (write): Prohibition [agent=t1, prohibition=[at(5, 6, t1)], sanction=[reduce_300(t1)], clock=0, time=2013-06-12 17:49:57.938]
Organization notifies agent (write): Prohibition [agent=t1, prohibition=[at(6, 5, t1)], sanction=[reduce_300(t1)], clock=0, time=2013-06-12 17:49:57.94]
Organization notifies agent (write): Prohibition [agent=t1, prohibition=[at(6, 6, t1)], sanction=[reduce_300(t1)], clock=0, time=2013-06-12 17:49:57.942]
agent prohibition notification t1 number 2
Prohibition [agent=t1, prohibition=null, sanction=null, clock=null, time=null] 1970-01-01 01:00:00.0 - 2013-06-12 17:49:57.943
Event sent to agent      t1 prohibition(at(5, 5, t1), reduce_300(t1))
Event sent to agent      t1 prohibition(at(5, 6, t1), reduce_300(t1))
Event sent to agent      t1 prohibition(at(6, 5, t1), reduce_300(t1))
Event sent to agent      t1 prohibition(at(6, 6, t1), reduce_300(t1))
agent prohibition notification t1 number 4
got reading: Reading [id=null, agent=a2, cell=Cell [x=8, y=19], time=2013-06-12 17:49:58.206, value=0.0, clock=0]
org reading notification
got reading: Reading [id=null, agent=a3, cell=Cell [x=11, y=1], time=2013-06-12 17:49:58.243, value=0.0, clock=0]
org reading notification
Prohibition [agent=t1, prohibition=null, sanction=null, clock=null, time=null] 2013-06-12 17:49:57.943 - 2013-06-12 17:49:58.183
Event processed aprohibition(at(5, 5, t1), reduce_300(t1))
Event processed aprohibition(at(5, 6, t1), reduce_300(t1))
Event processed aprohibition(at(6, 5, t1), reduce_300(t1))
Event processed aprohibition(at(6, 6, t1), reduce_300(t1))
org coin notification
Organization notifies agent (write): Prohibition [agent=c1, prohibition=[coin(5, 5, a1)], sanction=[reduce_300(c1)], clock=0, time=2013-06-12 17:49:58.943]
Organization notifies agent (write): Prohibition [agent=c1, prohibition=[coin(5, 6, a1)], sanction=[reduce_300(c1)], clock=0, time=2013-06-12 17:49:58.944]
Organization notifies agent (write): Prohibition [agent=c1, prohibition=[coin(6, 5, a1)], sanction=[reduce_300(c1)], clock=0, time=2013-06-12 17:49:58.946]
Organization notifies agent (write): Prohibition [agent=c1, prohibition=[coin(6, 6, a1)], sanction=[reduce_300(c1)], clock=0, time=2013-06-12 17:49:58.948]
Organization notifies agent (write): Prohibition [agent=c1, prohibition=[coin(5, 5, a2)], sanction=[reduce_300(c1)], clock=0, time=2013-06-12 17:49:58.951]
Organization notifies agent (write): Prohibition [agent=c1, prohibition=[coin(5, 6, a2)], sanction=[reduce_300(c1)], clock=0, time=2013-06-12 17:49:58.954]
Organization notifies agent (write): Prohibition [agent=c1, prohibition=[coin(6, 5, a2)], sanction=[reduce_300(c1)], clock=0, time=2013-06-12 17:49:58.956]
Organization notifies agent (write): Prohibition [agent=c1, prohibition=[coin(6, 6, a2)], sanction=[reduce_300(c1)], clock=0, time=2013-06-12 17:49:58.958]
Organization notifies agent (write): Prohibition [agent=c1, prohibition=[coin(5, 5, a3)], sanction=[reduce_300(c1)], clock=0, time=2013-06-12 17:49:58.96]
Organization notifies agent (write): Prohibition [agent=c1, prohibition=[coin(5, 6, a3)], sanction=[reduce_300(c1)], clock=0, time=2013-06-12 17:49:58.976]
Organization notifies agent (write): Prohibition [agent=c1, prohibition=[coin(6, 5, a3)], sanction=[reduce_300(c1)], clock=0, time=2013-06-12 17:49:58.981]
agent prohibition notification c1 number 9
Organization notifies agent (write): Prohibition [agent=c1, prohibition=[coin(6, 6, a3)], sanction=[reduce_300(c1)], clock=0, time=2013-06-12 17:49:58.986]
Prohibition [agent=c1, prohibition=null, sanction=null, clock=null, time=null] 1970-01-01 01:00:00.0 - 2013-06-12 17:49:58.985
Event sent to agent      c1 prohibition(coin(5, 5, a1), reduce_300(c1))
Event sent to agent      c1 prohibition(coin(5, 6, a1), reduce_300(c1))
Event sent to agent      c1 prohibition(coin(6, 5, a1), reduce_300(c1))
Event sent to agent      c1 prohibition(coin(6, 6, a1), reduce_300(c1))
Event sent to agent      c1 prohibition(coin(5, 5, a2), reduce_300(c1))
Event sent to agent      c1 prohibition(coin(5, 6, a2), reduce_300(c1))
Event sent to agent      c1 prohibition(coin(6, 5, a2), reduce_300(c1))
Event sent to agent      c1 prohibition(coin(6, 6, a2), reduce_300(c1))
Event sent to agent      c1 prohibition(coin(5, 5, a3), reduce_300(c1))
Event sent to agent      c1 prohibition(coin(5, 6, a3), reduce_300(c1))
Event sent to agent      c1 prohibition(coin(6, 5, a3), reduce_300(c1))
agent prohibition notification c1 number 12
org cargo notification
Organization notifies agent (write): Prohibition [agent=a2, prohibition=[reading(8, 19, a2)], sanction=[reduce_300(a2)], clock=0, time=2013-06-12 17:49:59.416]
Prohibition [agent=c1, prohibition=null, sanction=null, clock=null, time=null] 2013-06-12 17:49:58.985 - 2013-06-12 17:49:59.269
Event sent to agent      c1 prohibition(coin(6, 6, a3), reduce_300(c1))
Organization notifies agent (write): Prohibition [agent=a3, prohibition=[reading(11, 1, a3)], sanction=[reduce_300(a3)], clock=0, time=2013-06-12 17:49:59.625]
Organization notifies agent (write): Prohibition [agent=a1, prohibition=[at(5, 5, a1)], sanction=[reduce_300(a1)], clock=0, time=2013-06-12 17:49:59.627]
Organization notifies agent (write): Prohibition [agent=a1, prohibition=[at(5, 6, a1)], sanction=[reduce_300(a1)], clock=0, time=2013-06-12 17:49:59.63]
Organization notifies agent (write): Prohibition [agent=a1, prohibition=[at(6, 5, a1)], sanction=[reduce_300(a1)], clock=0, time=2013-06-12 17:49:59.632]
Organization notifies agent (write): Prohibition [agent=a1, prohibition=[at(6, 6, a1)], sanction=[reduce_300(a1)], clock=0, time=2013-06-12 17:49:59.642]
Organization notifies agent (write): Prohibition [agent=a2, prohibition=[at(5, 5, a2)], sanction=[reduce_300(a2)], clock=0, time=2013-06-12 17:49:59.643]
Organization notifies agent (write): Prohibition [agent=a2, prohibition=[at(5, 6, a2)], sanction=[reduce_300(a2)], clock=0, time=2013-06-12 17:49:59.645]
Organization notifies agent (write): Prohibition [agent=a2, prohibition=[at(6, 5, a2)], sanction=[reduce_300(a2)], clock=0, time=2013-06-12 17:49:59.646]
Organization notifies agent (write): Prohibition [agent=a2, prohibition=[at(6, 6, a2)], sanction=[reduce_300(a2)], clock=0, time=2013-06-12 17:49:59.648]
Organization notifies agent (write): Prohibition [agent=a3, prohibition=[at(5, 5, a3)], sanction=[reduce_300(a3)], clock=0, time=2013-06-12 17:49:59.649]
Organization notifies agent (write): Prohibition [agent=a3, prohibition=[at(5, 6, a3)], sanction=[reduce_300(a3)], clock=0, time=2013-06-12 17:49:59.65]
Organization notifies agent (write): Prohibition [agent=a3, prohibition=[at(6, 5, a3)], sanction=[reduce_300(a3)], clock=0, time=2013-06-12 17:49:59.651]
Organization notifies agent (write): Prohibition [agent=a3, prohibition=[at(6, 6, a3)], sanction=[reduce_300(a3)], clock=0, time=2013-06-12 17:49:59.653]
agent prohibition notification a2 number 5
Prohibition [agent=a2, prohibition=null, sanction=null, clock=null, time=null] 1970-01-01 01:00:00.0 - 2013-06-12 17:49:59.807
Event sent to agent      a2 prohibition(reading(8, 19, a2), reduce_300(a2))
Event sent to agent      a2 prohibition(at(5, 5, a2), reduce_300(a2))
Event sent to agent      a2 prohibition(at(5, 6, a2), reduce_300(a2))
Event sent to agent      a2 prohibition(at(6, 5, a2), reduce_300(a2))
Event sent to agent      a2 prohibition(at(6, 6, a2), reduce_300(a2))
agent prohibition notification a3 number 5
Prohibition [agent=a3, prohibition=null, sanction=null, clock=null, time=null] 1970-01-01 01:00:00.0 - 2013-06-12 17:50:00.065
Event sent to agent      a3 prohibition(reading(11, 1, a3), reduce_300(a3))
Event sent to agent      a3 prohibition(at(5, 5, a3), reduce_300(a3))
Event sent to agent      a3 prohibition(at(5, 6, a3), reduce_300(a3))
Event sent to agent      a3 prohibition(at(6, 5, a3), reduce_300(a3))
Event sent to agent      a3 prohibition(at(6, 6, a3), reduce_300(a3))
agent prohibition notification a1 number 4
Event processed aprohibition(coin(5, 5, a1), reduce_300(c1))
Event processed aprohibition(coin(5, 6, a1), reduce_300(c1))
Event processed aprohibition(coin(6, 5, a1), reduce_300(c1))
Event processed aprohibition(coin(6, 6, a1), reduce_300(c1))
Event processed aprohibition(coin(5, 5, a2), reduce_300(c1))
Event processed aprohibition(coin(5, 6, a2), reduce_300(c1))
Event processed aprohibition(coin(6, 5, a2), reduce_300(c1))
Event processed aprohibition(coin(6, 6, a2), reduce_300(c1))
Event processed aprohibition(coin(5, 5, a3), reduce_300(c1))
Event processed aprohibition(coin(5, 6, a3), reduce_300(c1))
Event processed aprohibition(coin(6, 5, a3), reduce_300(c1))
Event processed aprohibition(coin(6, 6, a3), reduce_300(c1))
Prohibition [agent=a1, prohibition=null, sanction=null, clock=null, time=null] 1970-01-01 01:00:00.0 - 2013-06-12 17:50:00.314
Event sent to agent      a1 prohibition(at(5, 5, a1), reduce_300(a1))
Event sent to agent      a1 prohibition(at(5, 6, a1), reduce_300(a1))
Event sent to agent      a1 prohibition(at(6, 5, a1), reduce_300(a1))
Event sent to agent      a1 prohibition(at(6, 6, a1), reduce_300(a1))
Event processed aprohibition(at(5, 5, a1), reduce_300(a1))
Event processed aprohibition(at(5, 6, a1), reduce_300(a1))
Event processed aprohibition(at(6, 5, a1), reduce_300(a1))
Event processed aprohibition(at(6, 6, a1), reduce_300(a1))
org position notification
Event processed aprohibition(reading(11, 1, a3), reduce_300(a3))
Event processed aprohibition(at(5, 5, a3), reduce_300(a3))
Event processed aprohibition(at(5, 6, a3), reduce_300(a3))
Event processed aprohibition(at(6, 5, a3), reduce_300(a3))
Event processed aprohibition(at(6, 6, a3), reduce_300(a3))
Event processed aprohibition(reading(8, 19, a2), reduce_300(a2))
Event processed aprohibition(at(5, 5, a2), reduce_300(a2))
Event processed aprohibition(at(5, 6, a2), reduce_300(a2))
Event processed aprohibition(at(6, 5, a2), reduce_300(a2))
Event processed aprohibition(at(6, 6, a2), reduce_300(a2))
Organization notifies agent (write): Obligation [agent=a1, obligation=[makeReading(8, 6)], sanction=[reduce_400(a1)], deadline=51, time=2013-06-12 17:50:36.375, clock=0]
Organization notifies agent (write): Obligation [agent=a1, obligation=[makeReading(16, 16)], sanction=[reduce_400(a1)], deadline=51, time=2013-06-12 17:50:36.582, clock=0]
Organization notifies agent (write): Obligation [agent=a1, obligation=[makeReading(2, 2)], sanction=[reduce_400(a1)], deadline=51, time=2013-06-12 17:50:36.789, clock=0]
Organization notifies agent (write): Obligation [agent=a2, obligation=[makeReading(8, 6)], sanction=[reduce_400(a2)], deadline=51, time=2013-06-12 17:50:37.229, clock=0]
Organization notifies agent (write): Obligation [agent=a2, obligation=[makeReading(16, 16)], sanction=[reduce_400(a2)], deadline=51, time=2013-06-12 17:50:37.435, clock=0]
Organization notifies agent (write): Obligation [agent=a2, obligation=[makeReading(2, 2)], sanction=[reduce_400(a2)], deadline=51, time=2013-06-12 17:50:37.641, clock=0]
Organization notifies agent (write): Obligation [agent=a3, obligation=[makeReading(8, 6)], sanction=[reduce_400(a3)], deadline=51, time=2013-06-12 17:50:37.848, clock=0]
Organization notifies agent (write): Obligation [agent=a3, obligation=[makeReading(16, 16)], sanction=[reduce_400(a3)], deadline=51, time=2013-06-12 17:50:38.294, clock=0]
Organization notifies agent (write): Obligation [agent=a3, obligation=[makeReading(2, 2)], sanction=[reduce_400(a3)], deadline=51, time=2013-06-12 17:50:38.502, clock=0]
Organization notifies agent (write): Obligation [agent=a1, obligation=[makeReading(8, 6)], sanction=[reduce_400(a1)], deadline=176, time=2013-06-12 17:52:01.562, clock=0]
Organization notifies agent (write): Obligation [agent=a1, obligation=[makeReading(16, 16)], sanction=[reduce_400(a1)], deadline=176, time=2013-06-12 17:52:02.059, clock=0]
org coin notification
Organization notifies agent (write): Obligation [agent=a1, obligation=[makeReading(2, 2)], sanction=[reduce_400(a1)], deadline=176, time=2013-06-12 17:52:02.27, clock=0]
Organization notifies agent (write): Obligation [agent=a2, obligation=[makeReading(8, 6)], sanction=[reduce_400(a2)], deadline=176, time=2013-06-12 17:52:02.476, clock=0]
Organization notifies agent (write): Obligation [agent=a2, obligation=[makeReading(16, 16)], sanction=[reduce_400(a2)], deadline=176, time=2013-06-12 17:52:02.681, clock=0]
Organization notifies agent (write): Obligation [agent=a2, obligation=[makeReading(2, 2)], sanction=[reduce_400(a2)], deadline=176, time=2013-06-12 17:52:03.165, clock=0]
Organization notifies agent (write): Obligation [agent=a3, obligation=[makeReading(8, 6)], sanction=[reduce_400(a3)], deadline=176, time=2013-06-12 17:52:03.371, clock=0]
Organization notifies agent (write): Obligation [agent=a3, obligation=[makeReading(16, 16)], sanction=[reduce_400(a3)], deadline=176, time=2013-06-12 17:52:03.578, clock=0]
Organization notifies agent (write): Obligation [agent=a3, obligation=[makeReading(2, 2)], sanction=[reduce_400(a3)], deadline=176, time=2013-06-12 17:52:03.784, clock=0]
Organization notifies agent (write): Prohibition [agent=a2, prohibition=[reading(8, 19, a2)], sanction=[reduce_300(a2)], clock=0, time=2013-06-12 17:52:04.678]
Organization notifies agent (write): Prohibition [agent=a3, prohibition=[reading(11, 1, a3)], sanction=[reduce_300(a3)], clock=0, time=2013-06-12 17:52:04.888]
org position notification
Organization notifies agent (write): Obligation [agent=a1, obligation=[makeReading(8, 6)], sanction=[reduce_400(a1)], deadline=300, time=2013-06-12 17:54:06.04, clock=0]
Organization notifies agent (write): Obligation [agent=a1, obligation=[makeReading(16, 16)], sanction=[reduce_400(a1)], deadline=300, time=2013-06-12 17:54:06.248, clock=0]
Organization notifies agent (write): Obligation [agent=a1, obligation=[makeReading(2, 2)], sanction=[reduce_400(a1)], deadline=300, time=2013-06-12 17:54:06.453, clock=0]
Organization notifies agent (write): Obligation [agent=a2, obligation=[makeReading(8, 6)], sanction=[reduce_400(a2)], deadline=300, time=2013-06-12 17:54:06.995, clock=0]
Organization notifies agent (write): Obligation [agent=a2, obligation=[makeReading(16, 16)], sanction=[reduce_400(a2)], deadline=300, time=2013-06-12 17:54:07.2, clock=0]
Organization notifies agent (write): Obligation [agent=a2, obligation=[makeReading(2, 2)], sanction=[reduce_400(a2)], deadline=300, time=2013-06-12 17:54:07.405, clock=0]
Organization notifies agent (write): Obligation [agent=a3, obligation=[makeReading(8, 6)], sanction=[reduce_400(a3)], deadline=300, time=2013-06-12 17:54:07.611, clock=0]
Organization notifies agent (write): Obligation [agent=a3, obligation=[makeReading(16, 16)], sanction=[reduce_400(a3)], deadline=300, time=2013-06-12 17:54:08.187, clock=0]
Organization notifies agent (write): Obligation [agent=a3, obligation=[makeReading(2, 2)], sanction=[reduce_400(a3)], deadline=300, time=2013-06-12 17:54:08.392, clock=0]
Organization notifies agent (write): Prohibition [agent=a2, prohibition=[reading(8, 19, a2)], sanction=[reduce_300(a2)], clock=0, time=2013-06-12 17:54:09.359]
Organization notifies agent (write): Prohibition [agent=a3, prohibition=[reading(11, 1, a3)], sanction=[reduce_300(a3)], clock=0, time=2013-06-12 17:54:09.567]
