test2.
Service Registrar: 97502479-e0b5-4722-97d2-073f4f32200b
Java Space found.
TransactionManager found.
-------------------------last log tuples start--------------------------------
Position [agent=a1, id=null, cell=Cell [x=3, y=4], time=2013-06-12 18:17:01.129, clock=84]
Time [clock=1, time=2013-06-12 18:15:37.967]
Time [clock=2, time=2013-06-12 18:15:37.988]
Time [clock=3, time=2013-06-12 18:15:38.988]
Time [clock=4, time=2013-06-12 18:15:39.989]
Time [clock=5, time=2013-06-12 18:15:40.992]
Time [clock=6, time=2013-06-12 18:15:41.993]
Time [clock=7, time=2013-06-12 18:15:42.994]
Time [clock=8, time=2013-06-12 18:15:43.994]
Time [clock=9, time=2013-06-12 18:15:44.994]
Time [clock=10, time=2013-06-12 18:15:45.999]
Time [clock=11, time=2013-06-12 18:15:46.999]
Time [clock=12, time=2013-06-12 18:15:47.998]
Time [clock=13, time=2013-06-12 18:15:48.996]
Time [clock=14, time=2013-06-12 18:15:50.038]
Position [agent=a1, id=null, cell=Cell [x=3, y=5], time=2013-06-12 18:17:02.527, clock=85]
Position [agent=t1, id=null, cell=Cell [x=18, y=19], time=2013-06-12 18:17:03.014, clock=86]
Time [clock=15, time=2013-06-12 18:15:51.0]
Time [clock=16, time=2013-06-12 18:15:52.0]
Time [clock=17, time=2013-06-12 18:15:53.005]
Time [clock=18, time=2013-06-12 18:15:54.004]
Time [clock=19, time=2013-06-12 18:15:55.004]
Time [clock=20, time=2013-06-12 18:15:56.006]
Time [clock=21, time=2013-06-12 18:15:57.007]
Time [clock=22, time=2013-06-12 18:15:58.005]
Time [clock=23, time=2013-06-12 18:15:59.007]
Time [clock=24, time=2013-06-12 18:16:00.008]
Time [clock=25, time=2013-06-12 18:16:01.011]
Position [agent=a1, id=null, cell=Cell [x=4, y=5], time=2013-06-12 18:17:03.707, clock=87]
Time [clock=26, time=2013-06-12 18:16:02.011]
Time [clock=27, time=2013-06-12 18:16:03.012]
Time [clock=28, time=2013-06-12 18:16:04.013]
Time [clock=29, time=2013-06-12 18:16:05.013]
Time [clock=30, time=2013-06-12 18:16:06.016]
Time [clock=31, time=2013-06-12 18:16:07.017]
Time [clock=32, time=2013-06-12 18:16:08.019]
Time [clock=33, time=2013-06-12 18:16:09.058]
Time [clock=34, time=2013-06-12 18:16:10.02]
Time [clock=35, time=2013-06-12 18:16:11.018]
Position [agent=t1, id=null, cell=Cell [x=17, y=19], time=2013-06-12 18:17:04.112, clock=87]
Time [clock=36, time=2013-06-12 18:16:12.019]
Time [clock=37, time=2013-06-12 18:16:13.019]
Time [clock=38, time=2013-06-12 18:16:14.021]
Time [clock=39, time=2013-06-12 18:16:15.021]
Position [agent=a2, id=null, cell=Cell [x=7, y=19], time=2013-06-12 18:17:05.03, clock=88]
Time [clock=40, time=2013-06-12 18:16:16.024]
Time [clock=41, time=2013-06-12 18:16:17.024]
Time [clock=42, time=2013-06-12 18:16:18.025]
Time [clock=43, time=2013-06-12 18:16:19.025]
Time [clock=44, time=2013-06-12 18:16:20.025]
Time [clock=45, time=2013-06-12 18:16:21.027]
Time [clock=46, time=2013-06-12 18:16:22.029]
Time [clock=47, time=2013-06-12 18:16:23.028]
Time [clock=48, time=2013-06-12 18:16:24.029]
Time [clock=49, time=2013-06-12 18:16:25.031]
Position [agent=t1, id=null, cell=Cell [x=16, y=19], time=2013-06-12 18:17:05.436, clock=89]
Time [clock=50, time=2013-06-12 18:16:26.031]
Time [clock=51, time=2013-06-12 18:16:27.032]
Time [clock=52, time=2013-06-12 18:16:28.073]
Time [clock=53, time=2013-06-12 18:16:29.035]
Time [clock=54, time=2013-06-12 18:16:30.034]
Time [clock=55, time=2013-06-12 18:16:31.037]
Time [clock=56, time=2013-06-12 18:16:32.035]
Time [clock=57, time=2013-06-12 18:16:33.037]
Time [clock=58, time=2013-06-12 18:16:34.037]
Position [agent=a1, id=null, cell=Cell [x=4, y=6], time=2013-06-12 18:17:06.053, clock=89]
Time [clock=59, time=2013-06-12 18:16:35.039]
Time [clock=60, time=2013-06-12 18:16:36.04]
Time [clock=61, time=2013-06-12 18:16:37.04]
Time [clock=62, time=2013-06-12 18:16:38.042]
Time [clock=63, time=2013-06-12 18:16:39.043]
Position [agent=t1, id=null, cell=Cell [x=15, y=19], time=2013-06-12 18:17:06.38, clock=89]
Time [clock=64, time=2013-06-12 18:16:40.041]
Time [clock=65, time=2013-06-12 18:16:41.043]
Time [clock=66, time=2013-06-12 18:16:42.045]
Time [clock=67, time=2013-06-12 18:16:43.045]
Time [clock=68, time=2013-06-12 18:16:44.044]
Time [clock=69, time=2013-06-12 18:16:45.047]
Position [agent=a2, id=null, cell=Cell [x=6, y=19], time=2013-06-12 18:17:06.621, clock=90]
Time [clock=70, time=2013-06-12 18:16:46.088]
Time [clock=71, time=2013-06-12 18:16:47.048]
Position [agent=t1, id=null, cell=Cell [x=14, y=19], time=2013-06-12 18:17:07.127, clock=90]
Time [clock=72, time=2013-06-12 18:16:48.049]
Position [agent=a1, id=null, cell=Cell [x=4, y=7], time=2013-06-12 18:17:07.761, clock=91]
Time [clock=73, time=2013-06-12 18:16:49.05]
Time [clock=74, time=2013-06-12 18:16:50.052]
Time [clock=75, time=2013-06-12 18:16:51.052]
Time [clock=76, time=2013-06-12 18:16:52.052]
Position [agent=t1, id=null, cell=Cell [x=13, y=19], time=2013-06-12 18:17:08.125, clock=91]
Time [clock=77, time=2013-06-12 18:16:53.053]
Time [clock=78, time=2013-06-12 18:16:54.054]
Time [clock=79, time=2013-06-12 18:16:55.055]
Time [clock=80, time=2013-06-12 18:16:56.057]
Time [clock=81, time=2013-06-12 18:16:57.056]
Time [clock=82, time=2013-06-12 18:16:58.057]
Time [clock=83, time=2013-06-12 18:16:59.057]
Time [clock=84, time=2013-06-12 18:17:00.066]
Position [agent=a3, id=null, cell=Cell [x=11, y=2], time=2013-06-12 18:17:08.293, clock=91]
Time [clock=85, time=2013-06-12 18:17:01.06]
Time [clock=86, time=2013-06-12 18:17:02.1]
Time [clock=87, time=2013-06-12 18:17:03.063]
Position [agent=a2, id=null, cell=Cell [x=5, y=19], time=2013-06-12 18:17:08.508, clock=92]
Time [clock=88, time=2013-06-12 18:17:04.062]
Time [clock=89, time=2013-06-12 18:17:05.063]
Time [clock=90, time=2013-06-12 18:17:06.064]
Time [clock=91, time=2013-06-12 18:17:07.066]
Time [clock=92, time=2013-06-12 18:17:08.065]
Time [clock=93, time=2013-06-12 18:17:09.106]
Time [clock=94, time=2013-06-12 18:17:10.069]
Time [clock=95, time=2013-06-12 18:17:11.069]
Time [clock=96, time=2013-06-12 18:17:12.069]
Time [clock=97, time=2013-06-12 18:17:13.07]
Time [clock=98, time=2013-06-12 18:17:14.072]
Time [clock=99, time=2013-06-12 18:17:15.077]
Time [clock=100, time=2013-06-12 18:17:16.077]
Time [clock=101, time=2013-06-12 18:17:17.078]
Time [clock=102, time=2013-06-12 18:17:18.077]
Time [clock=103, time=2013-06-12 18:17:19.082]
Time [clock=104, time=2013-06-12 18:17:20.08]
Time [clock=105, time=2013-06-12 18:17:21.084]
Time [clock=106, time=2013-06-12 18:17:22.124]
Time [clock=107, time=2013-06-12 18:17:23.084]
Time [clock=108, time=2013-06-12 18:17:24.097]
Time [clock=109, time=2013-06-12 18:17:25.087]
Time [clock=110, time=2013-06-12 18:17:26.086]
Time [clock=111, time=2013-06-12 18:17:27.089]
Time [clock=112, time=2013-06-12 18:17:28.089]
Time [clock=113, time=2013-06-12 18:17:29.092]
Position [agent=a3, id=null, cell=Cell [x=11, y=3], time=2013-06-12 18:17:09.038, clock=92]
Time [clock=114, time=2013-06-12 18:17:30.109]
Position [agent=t1, id=null, cell=Cell [x=12, y=19], time=2013-06-12 18:17:09.474, clock=93]
Time [clock=115, time=2013-06-12 18:17:31.104]
Position [agent=a1, id=null, cell=Cell [x=4, y=8], time=2013-06-12 18:17:10.054, clock=93]
Time [clock=116, time=2013-06-12 18:17:32.101]
Time [clock=117, time=2013-06-12 18:17:33.105]
Time [clock=118, time=2013-06-12 18:17:34.105]
Time [clock=119, time=2013-06-12 18:17:35.106]
Time [clock=120, time=2013-06-12 18:17:36.113]
Time [clock=121, time=2013-06-12 18:17:37.112]
Time [clock=122, time=2013-06-12 18:17:38.112]
Time [clock=123, time=2013-06-12 18:17:39.111]
Time [clock=124, time=2013-06-12 18:17:40.113]
Time [clock=125, time=2013-06-12 18:17:41.115]
Time [clock=126, time=2013-06-12 18:17:42.152]
Time [clock=127, time=2013-06-12 18:17:43.125]
Time [clock=128, time=2013-06-12 18:17:44.116]
Time [clock=129, time=2013-06-12 18:17:45.118]
Time [clock=130, time=2013-06-12 18:17:46.12]
Time [clock=131, time=2013-06-12 18:17:47.121]
Time [clock=132, time=2013-06-12 18:17:48.121]
Time [clock=133, time=2013-06-12 18:17:49.122]
Time [clock=134, time=2013-06-12 18:17:50.121]
Position [agent=t1, id=null, cell=Cell [x=11, y=19], time=2013-06-12 18:17:10.454, clock=93]
Time [clock=135, time=2013-06-12 18:17:51.121]
Time [clock=136, time=2013-06-12 18:17:52.123]
Position [agent=a3, id=null, cell=Cell [x=11, y=4], time=2013-06-12 18:17:10.63, clock=94]
Time [clock=137, time=2013-06-12 18:17:53.124]
Time [clock=138, time=2013-06-12 18:17:54.127]
Time [clock=139, time=2013-06-12 18:17:55.166]
Time [clock=140, time=2013-06-12 18:17:56.128]
Time [clock=141, time=2013-06-12 18:17:57.127]
Time [clock=142, time=2013-06-12 18:17:58.128]
Time [clock=143, time=2013-06-12 18:17:59.128]
Time [clock=144, time=2013-06-12 18:18:00.129]
Time [clock=145, time=2013-06-12 18:18:01.13]
Position [agent=a2, id=null, cell=Cell [x=4, y=19], time=2013-06-12 18:17:10.901, clock=94]
Time [clock=146, time=2013-06-12 18:18:02.132]
Time [clock=147, time=2013-06-12 18:18:03.13]
Time [clock=148, time=2013-06-12 18:18:04.132]
Time [clock=149, time=2013-06-12 18:18:05.133]
Time [clock=150, time=2013-06-12 18:18:06.134]
Time [clock=151, time=2013-06-12 18:18:07.136]
Time [clock=152, time=2013-06-12 18:18:08.136]
Time [clock=153, time=2013-06-12 18:18:09.138]
Time [clock=154, time=2013-06-12 18:18:10.179]
Position [agent=a3, id=null, cell=Cell [x=11, y=5], time=2013-06-12 18:17:11.619, clock=95]
Time [clock=155, time=2013-06-12 18:18:11.14]
Time [clock=156, time=2013-06-12 18:18:12.142]
Time [clock=157, time=2013-06-12 18:18:13.143]
Time [clock=158, time=2013-06-12 18:18:14.143]
Time [clock=159, time=2013-06-12 18:18:15.143]
Time [clock=160, time=2013-06-12 18:18:16.145]
Time [clock=161, time=2013-06-12 18:18:17.144]
Time [clock=162, time=2013-06-12 18:18:18.146]
Position [agent=t1, id=null, cell=Cell [x=10, y=19], time=2013-06-12 18:17:11.949, clock=95]
Position [agent=a1, id=null, cell=Cell [x=4, y=9], time=2013-06-12 18:17:12.788, clock=96]
Time [clock=163, time=2013-06-12 18:18:19.147]
Time [clock=164, time=2013-06-12 18:18:20.147]
Position [agent=t1, id=null, cell=Cell [x=9, y=19], time=2013-06-12 18:17:13.171, clock=96]
Position [agent=a3, id=null, cell=Cell [x=11, y=6], time=2013-06-12 18:17:13.352, clock=96]
Time [clock=165, time=2013-06-12 18:18:21.148]
Time [clock=166, time=2013-06-12 18:18:22.15]
Time [clock=167, time=2013-06-12 18:18:23.152]
Time [clock=168, time=2013-06-12 18:18:24.152]
Time [clock=169, time=2013-06-12 18:18:25.193]
Time [clock=170, time=2013-06-12 18:18:26.157]
Time [clock=171, time=2013-06-12 18:18:27.156]
Time [clock=172, time=2013-06-12 18:18:28.157]
Time [clock=173, time=2013-06-12 18:18:29.157]
Time [clock=174, time=2013-06-12 18:18:30.159]
Time [clock=175, time=2013-06-12 18:18:31.159]
Time [clock=176, time=2013-06-12 18:18:32.159]
Time [clock=177, time=2013-06-12 18:18:33.161]
Time [clock=178, time=2013-06-12 18:18:34.162]
Time [clock=179, time=2013-06-12 18:18:35.162]
Position [agent=a2, id=null, cell=Cell [x=3, y=19], time=2013-06-12 18:17:13.75, clock=97]
Time [clock=180, time=2013-06-12 18:18:36.166]
Time [clock=181, time=2013-06-12 18:18:37.165]
Time [clock=182, time=2013-06-12 18:18:38.166]
Time [clock=183, time=2013-06-12 18:18:39.169]
Time [clock=184, time=2013-06-12 18:18:40.17]
Time [clock=185, time=2013-06-12 18:18:41.211]
Time [clock=186, time=2013-06-12 18:18:42.173]
Time [clock=187, time=2013-06-12 18:18:43.173]
Time [clock=188, time=2013-06-12 18:18:44.174]
Position [agent=a3, id=null, cell=Cell [x=11, y=7], time=2013-06-12 18:17:14.11, clock=97]
Time [clock=189, time=2013-06-12 18:18:45.173]
Time [clock=190, time=2013-06-12 18:18:46.174]
Time [clock=191, time=2013-06-12 18:18:47.175]
Time [clock=192, time=2013-06-12 18:18:48.174]
Time [clock=193, time=2013-06-12 18:18:49.177]
Time [clock=194, time=2013-06-12 18:18:50.178]
Time [clock=195, time=2013-06-12 18:18:51.178]
Time [clock=196, time=2013-06-12 18:18:52.18]
Time [clock=197, time=2013-06-12 18:18:53.181]
Time [clock=198, time=2013-06-12 18:18:54.181]
Position [agent=t1, id=null, cell=Cell [x=8, y=19], time=2013-06-12 18:17:14.448, clock=98]
Time [clock=199, time=2013-06-12 18:18:55.183]
Time [clock=200, time=2013-06-12 18:18:56.227]
Time [clock=201, time=2013-06-12 18:18:57.185]
Time [clock=202, time=2013-06-12 18:18:58.185]
Time [clock=203, time=2013-06-12 18:18:59.187]
Time [clock=204, time=2013-06-12 18:19:00.191]
Position [agent=a1, id=null, cell=Cell [x=4, y=10], time=2013-06-12 18:17:15.348, clock=98]
Time [clock=1, time=2013-06-12 15:33:07.083]
Time [clock=2, time=2013-06-12 15:33:07.68]
Time [clock=3, time=2013-06-12 15:33:08.68]
Time [clock=4, time=2013-06-12 15:33:09.682]
Time [clock=5, time=2013-06-12 15:33:10.698]
Time [clock=6, time=2013-06-12 15:33:11.691]
Time [clock=7, time=2013-06-12 15:33:12.695]
Time [clock=8, time=2013-06-12 15:33:13.694]
Time [clock=9, time=2013-06-12 15:33:14.695]
Time [clock=10, time=2013-06-12 15:33:15.696]
Time [clock=11, time=2013-06-12 15:33:16.699]
Position [agent=t1, id=null, cell=Cell [x=7, y=19], time=2013-06-12 18:17:15.73, clock=99]
Position [agent=a3, id=null, cell=Cell [x=11, y=8], time=2013-06-12 18:17:16.105, clock=99]
Time [clock=12, time=2013-06-12 15:33:17.697]
Time [clock=13, time=2013-06-12 15:33:18.698]
Position [agent=a2, id=null, cell=Cell [x=3, y=18], time=2013-06-12 18:17:16.508, clock=100]
Time [clock=14, time=2013-06-12 15:33:19.708]
Time [clock=15, time=2013-06-12 15:33:20.702]
Time [clock=16, time=2013-06-12 15:33:21.703]
Position [agent=a3, id=null, cell=Cell [x=11, y=9], time=2013-06-12 18:17:16.864, clock=100]
Position [agent=t1, id=null, cell=Cell [x=6, y=19], time=2013-06-12 18:17:17.2, clock=100]
Time [clock=17, time=2013-06-12 15:33:22.703]
Time [clock=18, time=2013-06-12 15:33:23.706]
Time [clock=19, time=2013-06-12 15:33:24.704]
Time [clock=20, time=2013-06-12 15:33:25.705]
Time [clock=21, time=2013-06-12 15:33:26.708]
Position [agent=a1, id=null, cell=Cell [x=5, y=10], time=2013-06-12 18:17:17.737, clock=101]
Time [clock=22, time=2013-06-12 15:33:27.747]
Time [clock=23, time=2013-06-12 15:33:28.706]
Time [clock=24, time=2013-06-12 15:33:29.708]
Time [clock=25, time=2013-06-12 15:33:30.708]
Time [clock=26, time=2013-06-12 15:33:31.711]
Time [clock=27, time=2013-06-12 15:33:32.709]
Time [clock=28, time=2013-06-12 15:33:33.71]
Time [clock=29, time=2013-06-12 15:33:34.711]
Time [clock=30, time=2013-06-12 15:33:35.712]
Time [clock=31, time=2013-06-12 15:33:36.722]
Time [clock=32, time=2013-06-12 15:33:37.719]
Time [clock=33, time=2013-06-12 15:33:38.722]
Time [clock=34, time=2013-06-12 15:33:39.722]
Time [clock=35, time=2013-06-12 15:33:40.722]
Time [clock=36, time=2013-06-12 15:33:41.725]
Time [clock=37, time=2013-06-12 15:33:42.723]
Time [clock=38, time=2013-06-12 15:33:43.764]
Time [clock=39, time=2013-06-12 15:33:44.726]
Time [clock=40, time=2013-06-12 15:33:45.727]
Time [clock=41, time=2013-06-12 15:33:46.728]
Time [clock=42, time=2013-06-12 15:33:47.727]
Time [clock=43, time=2013-06-12 15:33:48.727]
Time [clock=44, time=2013-06-12 15:33:49.728]
Time [clock=45, time=2013-06-12 15:33:50.728]
Time [clock=46, time=2013-06-12 15:33:51.731]
Time [clock=47, time=2013-06-12 15:33:52.739]
Time [clock=48, time=2013-06-12 15:33:53.738]
Time [clock=49, time=2013-06-12 15:33:54.739]
Time [clock=50, time=2013-06-12 15:33:55.74]
Time [clock=51, time=2013-06-12 15:33:56.742]
Time [clock=52, time=2013-06-12 15:33:57.743]
Time [clock=53, time=2013-06-12 15:33:58.744]
Time [clock=54, time=2013-06-12 15:33:59.784]
Time [clock=55, time=2013-06-12 15:34:00.746]
Time [clock=56, time=2013-06-12 15:34:01.745]
Time [clock=205, time=2013-06-12 18:19:01.19]
Time [clock=206, time=2013-06-12 18:19:02.19]
Time [clock=207, time=2013-06-12 18:19:03.19]
Position [agent=t1, id=null, cell=Cell [x=5, y=19], time=2013-06-12 18:17:18.12, clock=101]
Time [clock=208, time=2013-06-12 18:19:04.191]
Time [clock=209, time=2013-06-12 18:19:05.191]
Time [clock=210, time=2013-06-12 18:19:06.193]
Time [clock=211, time=2013-06-12 18:19:07.192]
Time [clock=212, time=2013-06-12 18:19:08.193]
Time [clock=213, time=2013-06-12 18:19:09.194]
Time [clock=214, time=2013-06-12 18:19:10.195]
Time [clock=215, time=2013-06-12 18:19:11.237]
Time [clock=216, time=2013-06-12 18:19:12.199]
Time [clock=217, time=2013-06-12 18:19:13.199]
Time [clock=218, time=2013-06-12 18:19:14.199]
Position [agent=a3, id=null, cell=Cell [x=11, y=10], time=2013-06-12 18:17:18.461, clock=102]
Time [clock=219, time=2013-06-12 18:19:15.202]
Time [clock=220, time=2013-06-12 18:19:16.203]
Time [clock=221, time=2013-06-12 18:19:17.202]
Time [clock=222, time=2013-06-12 18:19:18.204]
Time [clock=223, time=2013-06-12 18:19:19.204]
Time [clock=224, time=2013-06-12 18:19:20.205]
Position [agent=a2, id=null, cell=Cell [x=3, y=17], time=2013-06-12 18:17:18.795, clock=102]
Position [agent=a3, id=null, cell=Cell [x=11, y=11], time=2013-06-12 18:17:19.184, clock=102]
Time [clock=225, time=2013-06-12 18:19:21.207]
Time [clock=226, time=2013-06-12 18:19:22.209]
Time [clock=227, time=2013-06-12 18:19:23.21]
Time [clock=228, time=2013-06-12 18:19:24.213]
Time [clock=229, time=2013-06-12 18:19:25.214]
Time [clock=230, time=2013-06-12 18:19:26.254]
Time [clock=231, time=2013-06-12 18:19:27.216]
Position [agent=t1, id=null, cell=Cell [x=4, y=19], time=2013-06-12 18:17:19.626, clock=103]
Position [agent=a1, id=null, cell=Cell [x=6, y=10], time=2013-06-12 18:17:20.325, clock=103]
Time [clock=232, time=2013-06-12 18:19:28.216]
Time [clock=233, time=2013-06-12 18:19:29.216]
Time [clock=234, time=2013-06-12 18:19:30.216]
Time [clock=235, time=2013-06-12 18:19:31.217]
Time [clock=236, time=2013-06-12 18:19:32.219]
Time [clock=237, time=2013-06-12 18:19:33.22]
Time [clock=238, time=2013-06-12 18:19:34.221]
Position [agent=t1, id=null, cell=Cell [x=3, y=19], time=2013-06-12 18:17:21.107, clock=104]
Time [clock=239, time=2013-06-12 18:19:35.22]
Time [clock=240, time=2013-06-12 18:19:36.222]
Time [clock=241, time=2013-06-12 18:19:37.223]
Time [clock=242, time=2013-06-12 18:19:38.224]
Time [clock=243, time=2013-06-12 18:19:39.224]
Time [clock=244, time=2013-06-12 18:19:40.225]
Time [clock=245, time=2013-06-12 18:19:41.226]
Time [clock=246, time=2013-06-12 18:19:42.267]
Time [clock=247, time=2013-06-12 18:19:43.228]
Time [clock=248, time=2013-06-12 18:19:44.228]
Position [agent=a3, id=null, cell=Cell [x=11, y=12], time=2013-06-12 18:17:21.459, clock=105]
Time [clock=249, time=2013-06-12 18:19:45.231]
Time [clock=250, time=2013-06-12 18:19:46.229]
Time [clock=251, time=2013-06-12 18:19:47.231]
Time [clock=252, time=2013-06-12 18:19:48.233]
Time [clock=253, time=2013-06-12 18:19:49.233]
Time [clock=254, time=2013-06-12 18:19:50.235]
Time [clock=255, time=2013-06-12 18:19:51.233]
Time [clock=256, time=2013-06-12 18:19:52.235]
Time [clock=257, time=2013-06-12 18:19:53.234]
Time [clock=258, time=2013-06-12 18:19:54.235]
Time [clock=259, time=2013-06-12 18:19:55.234]
Time [clock=260, time=2013-06-12 18:19:56.238]
Time [clock=261, time=2013-06-12 18:19:57.277]
Position [agent=a2, id=null, cell=Cell [x=3, y=16], time=2013-06-12 18:17:21.8, clock=105]
Time [clock=262, time=2013-06-12 18:19:58.238]
Time [clock=263, time=2013-06-12 18:19:59.238]
Time [clock=264, time=2013-06-12 18:20:00.239]
Time [clock=265, time=2013-06-12 18:20:01.242]
Time [clock=266, time=2013-06-12 18:20:02.242]
Time [clock=267, time=2013-06-12 18:20:03.243]
Time [clock=268, time=2013-06-12 18:20:04.243]
Time [clock=269, time=2013-06-12 18:20:05.245]
Time [clock=270, time=2013-06-12 18:20:06.246]
Time [clock=271, time=2013-06-12 18:20:07.246]
Time [clock=272, time=2013-06-12 18:20:08.246]
Time [clock=273, time=2013-06-12 18:20:09.248]
Time [clock=274, time=2013-06-12 18:20:10.248]
Time [clock=275, time=2013-06-12 18:20:11.251]
Time [clock=276, time=2013-06-12 18:20:12.291]
Time [clock=277, time=2013-06-12 18:20:13.253]
Time [clock=278, time=2013-06-12 18:20:14.253]
Time [clock=279, time=2013-06-12 18:20:15.253]
Time [clock=280, time=2013-06-12 18:20:16.255]
Time [clock=281, time=2013-06-12 18:20:17.256]
Position [agent=a3, id=null, cell=Cell [x=11, y=13], time=2013-06-12 18:17:22.201, clock=105]
Time [clock=282, time=2013-06-12 18:20:18.256]
Time [clock=283, time=2013-06-12 18:20:19.257]
Time [clock=284, time=2013-06-12 18:20:20.259]
Time [clock=285, time=2013-06-12 18:20:21.259]
Position [agent=t1, id=null, cell=Cell [x=2, y=19], time=2013-06-12 18:17:22.59, clock=106]
Time [clock=286, time=2013-06-12 18:20:22.26]
Time [clock=287, time=2013-06-12 18:20:23.261]
Time [clock=288, time=2013-06-12 18:20:24.261]
Time [clock=289, time=2013-06-12 18:20:25.263]
Time [clock=290, time=2013-06-12 18:20:26.266]
Time [clock=291, time=2013-06-12 18:20:27.266]
Time [clock=292, time=2013-06-12 18:20:28.306]
Time [clock=293, time=2013-06-12 18:20:29.267]
Time [clock=294, time=2013-06-12 18:20:30.268]
Time [clock=295, time=2013-06-12 18:20:31.267]
Time [clock=296, time=2013-06-12 18:20:32.269]
Time [clock=297, time=2013-06-12 18:20:33.269]
Time [clock=298, time=2013-06-12 18:20:34.271]
Time [clock=299, time=2013-06-12 18:20:35.272]
Time [clock=300, time=2013-06-12 18:20:36.275]
Time [clock=301, time=2013-06-12 18:20:37.274]
Time [clock=302, time=2013-06-12 18:20:38.274]
Time [clock=303, time=2013-06-12 18:20:39.274]
Time [clock=304, time=2013-06-12 18:20:40.275]
Time [clock=305, time=2013-06-12 18:20:41.277]
Time [clock=306, time=2013-06-12 18:20:42.279]
Time [clock=307, time=2013-06-12 18:20:43.328]
Time [clock=308, time=2013-06-12 18:20:44.279]
Time [clock=309, time=2013-06-12 18:20:45.281]
Time [clock=310, time=2013-06-12 18:20:46.283]
Time [clock=311, time=2013-06-12 18:20:47.282]
Time [clock=312, time=2013-06-12 18:20:48.281]
Time [clock=313, time=2013-06-12 18:20:49.282]
Time [clock=314, time=2013-06-12 18:20:50.284]
Time [clock=315, time=2013-06-12 18:20:51.284]
Time [clock=316, time=2013-06-12 18:20:52.285]
Time [clock=317, time=2013-06-12 18:20:53.288]
Time [clock=318, time=2013-06-12 18:20:54.285]
Position [agent=a1, id=null, cell=Cell [x=7, y=10], time=2013-06-12 18:17:23.416, clock=106]
Time [clock=319, time=2013-06-12 18:20:55.287]
Time [clock=320, time=2013-06-12 18:20:56.289]
Time [clock=321, time=2013-06-12 18:20:57.289]
Time [clock=322, time=2013-06-12 18:20:58.33]
Position [agent=t1, id=null, cell=Cell [x=2, y=18], time=2013-06-12 18:17:23.815, clock=107]
Time [clock=323, time=2013-06-12 18:20:59.292]
Time [clock=324, time=2013-06-12 18:21:00.292]
Time [clock=325, time=2013-06-12 18:21:01.292]
Time [clock=326, time=2013-06-12 18:21:02.293]
Time [clock=327, time=2013-06-12 18:21:03.295]
Time [clock=328, time=2013-06-12 18:21:04.295]
Time [clock=329, time=2013-06-12 18:21:05.296]
Time [clock=330, time=2013-06-12 18:21:06.297]
Position [agent=a3, id=null, cell=Cell [x=11, y=14], time=2013-06-12 18:17:24.23, clock=107]
Time [clock=331, time=2013-06-12 18:21:07.298]
Position [agent=a2, id=null, cell=Cell [x=3, y=15], time=2013-06-12 18:17:24.633, clock=108]
Time [clock=332, time=2013-06-12 18:21:08.299]
Time [clock=333, time=2013-06-12 18:21:09.299]
Position [agent=a3, id=null, cell=Cell [x=11, y=15], time=2013-06-12 18:17:25.02, clock=108]
Time [clock=334, time=2013-06-12 18:21:10.301]
Time [clock=335, time=2013-06-12 18:21:11.301]
Time [clock=336, time=2013-06-12 18:21:12.303]
Time [clock=337, time=2013-06-12 18:21:13.303]
Time [clock=338, time=2013-06-12 18:21:14.343]
Time [clock=339, time=2013-06-12 18:21:15.304]
Time [clock=340, time=2013-06-12 18:21:16.304]
Time [clock=341, time=2013-06-12 18:21:17.305]
Time [clock=342, time=2013-06-12 18:21:18.305]
Time [clock=343, time=2013-06-12 18:21:19.305]
Time [clock=344, time=2013-06-12 18:21:20.306]
Time [clock=345, time=2013-06-12 18:21:21.306]
Time [clock=346, time=2013-06-12 18:21:22.308]
Time [clock=347, time=2013-06-12 18:21:23.309]
Time [clock=348, time=2013-06-12 18:21:24.31]
Time [clock=349, time=2013-06-12 18:21:25.312]
Position [agent=t1, id=null, cell=Cell [x=2, y=17], time=2013-06-12 18:17:25.469, clock=109]
Time [clock=350, time=2013-06-12 18:21:26.313]
Time [clock=351, time=2013-06-12 18:21:27.314]
Time [clock=352, time=2013-06-12 18:21:28.314]
Time [clock=353, time=2013-06-12 18:21:29.356]
Time [clock=354, time=2013-06-12 18:21:30.316]
Time [clock=355, time=2013-06-12 18:21:31.316]
Time [clock=356, time=2013-06-12 18:21:32.316]
Time [clock=357, time=2013-06-12 18:21:33.317]
Time [clock=358, time=2013-06-12 18:21:34.318]
Time [clock=359, time=2013-06-12 18:21:35.32]
Time [clock=360, time=2013-06-12 18:21:36.322]
Time [clock=361, time=2013-06-12 18:21:37.322]
Time [clock=362, time=2013-06-12 18:21:38.321]
Time [clock=363, time=2013-06-12 18:21:39.323]
Time [clock=364, time=2013-06-12 18:21:40.324]
Time [clock=365, time=2013-06-12 18:21:41.324]
Time [clock=366, time=2013-06-12 18:21:42.327]
Time [clock=367, time=2013-06-12 18:21:43.328]
Position [agent=a1, id=null, cell=Cell [x=8, y=10], time=2013-06-12 18:17:26.047, clock=109]
Time [clock=368, time=2013-06-12 18:21:44.37]
Time [clock=369, time=2013-06-12 18:21:45.331]
Time [clock=370, time=2013-06-12 18:21:46.333]
Time [clock=371, time=2013-06-12 18:21:47.33]
Time [clock=372, time=2013-06-12 18:21:48.332]
Time [clock=373, time=2013-06-12 18:21:49.332]
Position [agent=t1, id=null, cell=Cell [x=2, y=16], time=2013-06-12 18:17:26.478, clock=110]
Time [clock=374, time=2013-06-12 18:21:50.334]
Time [clock=375, time=2013-06-12 18:21:51.335]
Time [clock=376, time=2013-06-12 18:21:52.337]
Time [clock=377, time=2013-06-12 18:21:53.336]
Time [clock=378, time=2013-06-12 18:21:54.338]
Time [clock=379, time=2013-06-12 18:21:55.338]
Time [clock=380, time=2013-06-12 18:21:56.341]
Position [agent=a3, id=null, cell=Cell [x=11, y=16], time=2013-06-12 18:17:26.87, clock=110]
Time [clock=381, time=2013-06-12 18:21:57.34]
Time [clock=382, time=2013-06-12 18:21:58.342]
Time [clock=383, time=2013-06-12 18:21:59.382]
Time [clock=384, time=2013-06-12 18:22:00.345]
Time [clock=385, time=2013-06-12 18:22:01.346]
Time [clock=386, time=2013-06-12 18:22:02.346]
Position [agent=a2, id=null, cell=Cell [x=3, y=14], time=2013-06-12 18:17:27.217, clock=110]
Time [clock=387, time=2013-06-12 18:22:03.346]
Time [clock=388, time=2013-06-12 18:22:04.347]
Time [clock=389, time=2013-06-12 18:22:05.348]
Time [clock=390, time=2013-06-12 18:22:06.351]
Time [clock=391, time=2013-06-12 18:22:07.349]
Time [clock=392, time=2013-06-12 18:22:08.35]
Time [clock=393, time=2013-06-12 18:22:09.351]
Time [clock=394, time=2013-06-12 18:22:10.351]
Time [clock=395, time=2013-06-12 18:22:11.354]
Time [clock=396, time=2013-06-12 18:22:12.352]
Time [clock=397, time=2013-06-12 18:22:13.353]
Time [clock=398, time=2013-06-12 18:22:14.355]
Time [clock=399, time=2013-06-12 18:22:15.395]
Time [clock=400, time=2013-06-12 18:22:16.357]
Time [clock=401, time=2013-06-12 18:22:17.357]
Time [clock=402, time=2013-06-12 18:22:18.357]
Time [clock=403, time=2013-06-12 18:22:19.358]
Position [agent=a3, id=null, cell=Cell [x=11, y=17], time=2013-06-12 18:17:27.577, clock=111]
Time [clock=404, time=2013-06-12 18:22:20.359]
Time [clock=405, time=2013-06-12 18:22:21.359]
Time [clock=406, time=2013-06-12 18:22:22.361]
Time [clock=407, time=2013-06-12 18:22:23.36]
Time [clock=408, time=2013-06-12 18:22:24.362]
Time [clock=409, time=2013-06-12 18:22:25.361]
Position [agent=t1, id=null, cell=Cell [x=2, y=15], time=2013-06-12 18:17:27.937, clock=111]
Time [clock=410, time=2013-06-12 18:22:26.364]
Time [clock=411, time=2013-06-12 18:22:27.363]
Time [clock=412, time=2013-06-12 18:22:28.365]
Reading [id=null, agent=a3, cell=Cell [x=11, y=1], time=2013-06-12 18:16:31.004, value=0.0, clock=0]
Cargo [id=null, cell=Cell [x=19, y=19], time=2013-06-12 18:17:01.714, clock=85]
Points [agent=a1, time=2013-06-12 18:15:37.42, clock=0, value=1000, id=null]
ActionRequest [id=null, agent=a3, type=reading, cell=Cell [x=11, y=1], clock=0, time=2013-06-12 18:16:30.698]
Points [agent=a2, time=2013-06-12 18:15:37.49, clock=0, value=1000, id=null]
ActionRequest [id=null, agent=a2, type=reading, cell=Cell [x=8, y=19], clock=0, time=2013-06-12 18:17:03.941]
Points [agent=a3, time=2013-06-12 18:15:37.495, clock=0, value=1000, id=null]
Position [agent=a1, id=null, cell=Cell [x=9, y=10], time=2013-06-12 18:17:28.721, clock=112]
Points [agent=c1, time=2013-06-12 18:15:37.525, clock=0, value=1000, id=null]
Prohibition [agent=t1, prohibition=[at(5, 5, t1)], sanction=[reduce_300(t1)], clock=0, time=2013-06-12 18:15:39.839]
Position [agent=t1, id=null, cell=Cell [x=2, y=14], time=2013-06-12 18:17:29.145, clock=112]
Points [agent=t1, time=2013-06-12 18:15:37.527, clock=0, value=1000, id=null]
Position [agent=a3, id=null, cell=Cell [x=11, y=18], time=2013-06-12 18:17:29.481, clock=113]
Position [agent=a2, id=null, cell=Cell [x=3, y=13], time=2013-06-12 18:17:29.854, clock=113]
Prohibition [agent=t1, prohibition=[at(5, 6, t1)], sanction=[reduce_300(t1)], clock=0, time=2013-06-12 18:15:39.842]
Position [agent=a3, id=null, cell=Cell [x=11, y=19], time=2013-06-12 18:17:30.268, clock=113]
Position [agent=t1, id=null, cell=Cell [x=2, y=13], time=2013-06-12 18:17:30.616, clock=114]
Position [agent=a1, id=null, cell=Cell [x=10, y=10], time=2013-06-12 18:17:31.193, clock=114]
Position [agent=t1, id=null, cell=Cell [x=2, y=12], time=2013-06-12 18:17:31.958, clock=115]
Position [agent=a3, id=null, cell=Cell [x=12, y=19], time=2013-06-12 18:17:32.409, clock=115]
Prohibition [agent=t1, prohibition=[at(6, 5, t1)], sanction=[reduce_300(t1)], clock=0, time=2013-06-12 18:15:39.844]
Position [agent=a2, id=null, cell=Cell [x=3, y=12], time=2013-06-12 18:17:32.732, clock=115]
Position [agent=t1, id=null, cell=Cell [x=2, y=11], time=2013-06-12 18:17:33.424, clock=116]
Prohibition [agent=t1, prohibition=[at(6, 6, t1)], sanction=[reduce_300(t1)], clock=0, time=2013-06-12 18:15:39.846]
Prohibition [agent=c1, prohibition=[coin(5, 5, a1)], sanction=[reduce_300(c1)], clock=0, time=2013-06-12 18:15:40.052]
Position [agent=a3, id=null, cell=Cell [x=13, y=19], time=2013-06-12 18:17:33.95, clock=117]
Prohibition [agent=c1, prohibition=[coin(5, 6, a1)], sanction=[reduce_300(c1)], clock=0, time=2013-06-12 18:15:40.055]
Position [agent=a2, id=null, cell=Cell [x=3, y=11], time=2013-06-12 18:17:34.523, clock=117]
Prohibition [agent=c1, prohibition=[coin(6, 5, a1)], sanction=[reduce_300(c1)], clock=0, time=2013-06-12 18:15:40.057]
Position [agent=t1, id=null, cell=Cell [x=2, y=10], time=2013-06-12 18:17:34.913, clock=118]
Position [agent=a3, id=null, cell=Cell [x=14, y=19], time=2013-06-12 18:17:35.569, clock=118]
Prohibition [agent=c1, prohibition=[coin(6, 6, a1)], sanction=[reduce_300(c1)], clock=0, time=2013-06-12 18:15:40.104]
Position [agent=a2, id=null, cell=Cell [x=3, y=10], time=2013-06-12 18:17:35.999, clock=119]
Position [agent=t1, id=null, cell=Cell [x=2, y=9], time=2013-06-12 18:17:36.517, clock=119]
Prohibition [agent=c1, prohibition=[coin(5, 5, a2)], sanction=[reduce_300(c1)], clock=0, time=2013-06-12 18:15:40.108]
Prohibition [agent=c1, prohibition=[coin(5, 6, a2)], sanction=[reduce_300(c1)], clock=0, time=2013-06-12 18:15:40.113]
Position [agent=a3, id=null, cell=Cell [x=15, y=19], time=2013-06-12 18:17:37.066, clock=120]
Prohibition [agent=c1, prohibition=[coin(6, 5, a2)], sanction=[reduce_300(c1)], clock=0, time=2013-06-12 18:15:40.115]
Position [agent=a2, id=null, cell=Cell [x=3, y=9], time=2013-06-12 18:17:37.521, clock=120]
Position [agent=t1, id=null, cell=Cell [x=2, y=8], time=2013-06-12 18:17:38.019, clock=121]
Position [agent=a3, id=null, cell=Cell [x=16, y=19], time=2013-06-12 18:17:38.663, clock=121]
Position [agent=a2, id=null, cell=Cell [x=3, y=8], time=2013-06-12 18:17:39.047, clock=122]
Position [agent=t1, id=null, cell=Cell [x=2, y=7], time=2013-06-12 18:17:39.559, clock=122]
Prohibition [agent=c1, prohibition=[coin(6, 6, a2)], sanction=[reduce_300(c1)], clock=0, time=2013-06-12 18:15:40.12]
Prohibition [agent=c1, prohibition=[coin(5, 5, a3)], sanction=[reduce_300(c1)], clock=0, time=2013-06-12 18:15:40.123]
Position [agent=a3, id=null, cell=Cell [x=17, y=19], time=2013-06-12 18:17:40.191, clock=123]
Prohibition [agent=c1, prohibition=[coin(5, 6, a3)], sanction=[reduce_300(c1)], clock=0, time=2013-06-12 18:15:40.139]
Prohibition [agent=c1, prohibition=[coin(6, 5, a3)], sanction=[reduce_300(c1)], clock=0, time=2013-06-12 18:15:40.152]
Prohibition [agent=c1, prohibition=[coin(6, 6, a3)], sanction=[reduce_300(c1)], clock=0, time=2013-06-12 18:15:40.155]
Position [agent=a2, id=null, cell=Cell [x=3, y=7], time=2013-06-12 18:17:40.627, clock=123]
Position [agent=t1, id=null, cell=Cell [x=2, y=6], time=2013-06-12 18:17:41.271, clock=124]
Prohibition [agent=a1, prohibition=[at(5, 5, a1)], sanction=[reduce_300(a1)], clock=0, time=2013-06-12 18:15:40.777]
Prohibition [agent=a1, prohibition=[at(5, 6, a1)], sanction=[reduce_300(a1)], clock=0, time=2013-06-12 18:15:40.779]
Prohibition [agent=a1, prohibition=[at(6, 5, a1)], sanction=[reduce_300(a1)], clock=0, time=2013-06-12 18:15:40.78]
Prohibition [agent=a1, prohibition=[at(6, 6, a1)], sanction=[reduce_300(a1)], clock=0, time=2013-06-12 18:15:40.782]
Position [agent=a3, id=null, cell=Cell [x=18, y=19], time=2013-06-12 18:17:41.737, clock=124]
Position [agent=a2, id=null, cell=Cell [x=3, y=6], time=2013-06-12 18:17:42.257, clock=125]
Prohibition [agent=a2, prohibition=[at(5, 5, a2)], sanction=[reduce_300(a2)], clock=0, time=2013-06-12 18:15:40.784]
Prohibition [agent=a2, prohibition=[at(5, 6, a2)], sanction=[reduce_300(a2)], clock=0, time=2013-06-12 18:15:40.787]
Position [agent=t1, id=null, cell=Cell [x=2, y=5], time=2013-06-12 18:17:42.799, clock=125]
Position [agent=a3, id=null, cell=Cell [x=19, y=19], time=2013-06-12 18:17:43.345, clock=126]
Position [agent=t1, id=null, cell=Cell [x=2, y=4], time=2013-06-12 18:17:44.462, clock=127]
Prohibition [agent=a2, prohibition=[at(6, 5, a2)], sanction=[reduce_300(a2)], clock=0, time=2013-06-12 18:15:40.789]
Prohibition [agent=a2, prohibition=[at(6, 6, a2)], sanction=[reduce_300(a2)], clock=0, time=2013-06-12 18:15:40.792]
Prohibition [agent=a3, prohibition=[at(5, 5, a3)], sanction=[reduce_300(a3)], clock=0, time=2013-06-12 18:15:40.795]
Position [agent=t1, id=null, cell=Cell [x=2, y=3], time=2013-06-12 18:17:45.911, clock=129]
Prohibition [agent=a3, prohibition=[at(5, 6, a3)], sanction=[reduce_300(a3)], clock=0, time=2013-06-12 18:15:40.797]
Position [agent=t1, id=null, cell=Cell [x=2, y=2], time=2013-06-12 18:17:47.088, clock=130]
Prohibition [agent=a3, prohibition=[at(6, 5, a3)], sanction=[reduce_300(a3)], clock=0, time=2013-06-12 18:15:40.8]
Prohibition [agent=a3, prohibition=[at(6, 6, a3)], sanction=[reduce_300(a3)], clock=0, time=2013-06-12 18:15:40.802]
Prohibition [agent=a3, prohibition=[reading(11, 1, a3)], sanction=[reduce_300(a3)], clock=0, time=2013-06-12 18:16:50.404]
Prohibition [agent=a2, prohibition=[reading(8, 19, a2)], sanction=[reduce_300(a2)], clock=0, time=2013-06-12 18:18:05.649]
Prohibition [agent=a3, prohibition=[reading(11, 1, a3)], sanction=[reduce_300(a3)], clock=0, time=2013-06-12 18:18:05.855]
Prohibition [agent=a2, prohibition=[reading(8, 19, a2)], sanction=[reduce_300(a2)], clock=0, time=2013-06-12 18:18:47.264]
Prohibition [agent=a3, prohibition=[reading(11, 1, a3)], sanction=[reduce_300(a3)], clock=0, time=2013-06-12 18:18:47.472]
Prohibition [agent=a2, prohibition=[reading(8, 19, a2)], sanction=[reduce_300(a2)], clock=0, time=2013-06-12 18:19:29.202]
Prohibition [agent=a3, prohibition=[reading(11, 1, a3)], sanction=[reduce_300(a3)], clock=0, time=2013-06-12 18:19:29.411]
Prohibition [agent=a2, prohibition=[reading(8, 19, a2)], sanction=[reduce_300(a2)], clock=0, time=2013-06-12 18:20:11.097]
Prohibition [agent=a3, prohibition=[reading(11, 1, a3)], sanction=[reduce_300(a3)], clock=0, time=2013-06-12 18:20:11.303]
Prohibition [agent=a2, prohibition=[reading(8, 19, a2)], sanction=[reduce_300(a2)], clock=0, time=2013-06-12 18:20:52.847]
Prohibition [agent=a3, prohibition=[reading(11, 1, a3)], sanction=[reduce_300(a3)], clock=0, time=2013-06-12 18:20:53.056]
Prohibition [agent=a2, prohibition=[reading(8, 19, a2)], sanction=[reduce_300(a2)], clock=0, time=2013-06-12 18:21:34.664]
Prohibition [agent=a3, prohibition=[reading(11, 1, a3)], sanction=[reduce_300(a3)], clock=0, time=2013-06-12 18:21:34.872]
Prohibition [agent=a2, prohibition=[reading(8, 19, a2)], sanction=[reduce_300(a2)], clock=0, time=2013-06-12 18:22:16.461]
Prohibition [agent=a3, prohibition=[reading(11, 1, a3)], sanction=[reduce_300(a3)], clock=0, time=2013-06-12 18:22:16.666]
-------------------------last log tuples end----------------------------------
register a1
register a2
register a3
register c1
register t1
org points notification
agent points notification a1 number 1
org points notification
agent points notification a2 number 1
org points notification
agent points notification a3 number 1
org points notification
agent points notification c1 number 1
org points notification
Points [agent=a1, time=null, clock=null, value=null, id=null] 1970-01-01 01:00:00.0 - 2013-06-12 18:36:32.404
Points [agent=a2, time=null, clock=null, value=null, id=null] 1970-01-01 01:00:00.0 - 2013-06-12 18:36:32.41
Event sent to agent      a1 points(a1, 1000, 0)
Event sent to agent      a2 points(a2, 1000, 0)
agent points notification t1 number 1
Points [agent=c1, time=null, clock=null, value=null, id=null] 1970-01-01 01:00:00.0 - 2013-06-12 18:36:32.42
Points [agent=a3, time=null, clock=null, value=null, id=null] 1970-01-01 01:00:00.0 - 2013-06-12 18:36:32.415
Event sent to agent      c1 points(c1, 1000, 0)
Event sent to agent      a3 points(a3, 1000, 0)
Points [agent=t1, time=null, clock=null, value=null, id=null] 1970-01-01 01:00:00.0 - 2013-06-12 18:36:32.683
Event sent to agent      t1 points(t1, 1000, 0)
Organization notifies agent (write): Prohibition [agent=t1, prohibition=[at(5, 5, t1)], sanction=[reduce_300(t1)], clock=0, time=2013-06-12 18:36:34.834]
agent prohibition notification t1 number 1
Organization notifies agent (write): Prohibition [agent=t1, prohibition=[at(5, 6, t1)], sanction=[reduce_300(t1)], clock=0, time=2013-06-12 18:36:34.837]
Organization notifies agent (write): Prohibition [agent=t1, prohibition=[at(6, 5, t1)], sanction=[reduce_300(t1)], clock=0, time=2013-06-12 18:36:34.839]
Organization notifies agent (write): Prohibition [agent=t1, prohibition=[at(6, 6, t1)], sanction=[reduce_300(t1)], clock=0, time=2013-06-12 18:36:34.84]
Organization notifies agent (write): Prohibition [agent=c1, prohibition=[coin(5, 5, a1)], sanction=[reduce_300(c1)], clock=0, time=2013-06-12 18:36:35.046]
Organization notifies agent (write): Prohibition [agent=c1, prohibition=[coin(5, 6, a1)], sanction=[reduce_300(c1)], clock=0, time=2013-06-12 18:36:35.048]
Prohibition [agent=t1, prohibition=null, sanction=null, clock=null, time=null] 1970-01-01 01:00:00.0 - 2013-06-12 18:36:34.836
Organization notifies agent (write): Prohibition [agent=c1, prohibition=[coin(6, 5, a1)], sanction=[reduce_300(c1)], clock=0, time=2013-06-12 18:36:35.049]
Event sent to agent      t1 prohibition(at(5, 5, t1), reduce_300(t1))
Organization notifies agent (write): Prohibition [agent=c1, prohibition=[coin(6, 6, a1)], sanction=[reduce_300(c1)], clock=0, time=2013-06-12 18:36:35.051]
agent prohibition notification t1 number 4
Organization notifies agent (write): Prohibition [agent=c1, prohibition=[coin(5, 5, a2)], sanction=[reduce_300(c1)], clock=0, time=2013-06-12 18:36:35.052]
Organization notifies agent (write): Prohibition [agent=c1, prohibition=[coin(5, 6, a2)], sanction=[reduce_300(c1)], clock=0, time=2013-06-12 18:36:35.054]
Organization notifies agent (write): Prohibition [agent=c1, prohibition=[coin(6, 5, a2)], sanction=[reduce_300(c1)], clock=0, time=2013-06-12 18:36:35.056]
Organization notifies agent (write): Prohibition [agent=c1, prohibition=[coin(6, 6, a2)], sanction=[reduce_300(c1)], clock=0, time=2013-06-12 18:36:35.058]
Organization notifies agent (write): Prohibition [agent=c1, prohibition=[coin(5, 5, a3)], sanction=[reduce_300(c1)], clock=0, time=2013-06-12 18:36:35.059]
Organization notifies agent (write): Prohibition [agent=c1, prohibition=[coin(5, 6, a3)], sanction=[reduce_300(c1)], clock=0, time=2013-06-12 18:36:35.06]
Organization notifies agent (write): Prohibition [agent=c1, prohibition=[coin(6, 5, a3)], sanction=[reduce_300(c1)], clock=0, time=2013-06-12 18:36:35.061]
Organization notifies agent (write): Prohibition [agent=c1, prohibition=[coin(6, 6, a3)], sanction=[reduce_300(c1)], clock=0, time=2013-06-12 18:36:35.063]
Prohibition [agent=t1, prohibition=null, sanction=null, clock=null, time=null] 2013-06-12 18:36:34.836 - 2013-06-12 18:36:35.051
Event sent to agent      t1 prohibition(at(5, 6, t1), reduce_300(t1))
Event sent to agent      t1 prohibition(at(6, 5, t1), reduce_300(t1))
Event sent to agent      t1 prohibition(at(6, 6, t1), reduce_300(t1))
agent prohibition notification c1 number 12
Prohibition [agent=c1, prohibition=null, sanction=null, clock=null, time=null] 1970-01-01 01:00:00.0 - 2013-06-12 18:36:35.266
Event sent to agent      c1 prohibition(coin(5, 5, a1), reduce_300(c1))
Event sent to agent      c1 prohibition(coin(5, 6, a1), reduce_300(c1))
Event sent to agent      c1 prohibition(coin(6, 5, a1), reduce_300(c1))
Event sent to agent      c1 prohibition(coin(6, 6, a1), reduce_300(c1))
Event sent to agent      c1 prohibition(coin(5, 5, a2), reduce_300(c1))
Event sent to agent      c1 prohibition(coin(5, 6, a2), reduce_300(c1))
Event sent to agent      c1 prohibition(coin(6, 5, a2), reduce_300(c1))
Event sent to agent      c1 prohibition(coin(6, 6, a2), reduce_300(c1))
Event sent to agent      c1 prohibition(coin(5, 5, a3), reduce_300(c1))
Event sent to agent      c1 prohibition(coin(5, 6, a3), reduce_300(c1))
Event sent to agent      c1 prohibition(coin(6, 5, a3), reduce_300(c1))
Event sent to agent      c1 prohibition(coin(6, 6, a3), reduce_300(c1))
Organization notifies agent (write): Prohibition [agent=a1, prohibition=[at(5, 5, a1)], sanction=[reduce_300(a1)], clock=0, time=2013-06-12 18:36:35.675]
Organization notifies agent (write): Prohibition [agent=a1, prohibition=[at(5, 6, a1)], sanction=[reduce_300(a1)], clock=0, time=2013-06-12 18:36:35.676]
agent prohibition notification a1 number 1
Organization notifies agent (write): Prohibition [agent=a1, prohibition=[at(6, 5, a1)], sanction=[reduce_300(a1)], clock=0, time=2013-06-12 18:36:35.678]
Organization notifies agent (write): Prohibition [agent=a1, prohibition=[at(6, 6, a1)], sanction=[reduce_300(a1)], clock=0, time=2013-06-12 18:36:35.679]
Organization notifies agent (write): Prohibition [agent=a2, prohibition=[at(5, 5, a2)], sanction=[reduce_300(a2)], clock=0, time=2013-06-12 18:36:35.681]
Organization notifies agent (write): Prohibition [agent=a2, prohibition=[at(5, 6, a2)], sanction=[reduce_300(a2)], clock=0, time=2013-06-12 18:36:35.683]
Organization notifies agent (write): Prohibition [agent=a2, prohibition=[at(6, 5, a2)], sanction=[reduce_300(a2)], clock=0, time=2013-06-12 18:36:35.684]
Organization notifies agent (write): Prohibition [agent=a2, prohibition=[at(6, 6, a2)], sanction=[reduce_300(a2)], clock=0, time=2013-06-12 18:36:35.686]
Organization notifies agent (write): Prohibition [agent=a3, prohibition=[at(5, 5, a3)], sanction=[reduce_300(a3)], clock=0, time=2013-06-12 18:36:35.687]
Organization notifies agent (write): Prohibition [agent=a3, prohibition=[at(5, 6, a3)], sanction=[reduce_300(a3)], clock=0, time=2013-06-12 18:36:35.689]
Organization notifies agent (write): Prohibition [agent=a3, prohibition=[at(6, 5, a3)], sanction=[reduce_300(a3)], clock=0, time=2013-06-12 18:36:35.69]
Organization notifies agent (write): Prohibition [agent=a3, prohibition=[at(6, 6, a3)], sanction=[reduce_300(a3)], clock=0, time=2013-06-12 18:36:35.692]
agent prohibition notification a2 number 4
Prohibition [agent=a1, prohibition=null, sanction=null, clock=null, time=null] 1970-01-01 01:00:00.0 - 2013-06-12 18:36:35.677
Event sent to agent      a1 prohibition(at(5, 5, a1), reduce_300(a1))
Event sent to agent      a1 prohibition(at(5, 6, a1), reduce_300(a1))
agent prohibition notification a1 number 4
Prohibition [agent=a2, prohibition=null, sanction=null, clock=null, time=null] 1970-01-01 01:00:00.0 - 2013-06-12 18:36:35.84
Event sent to agent      a2 prohibition(at(5, 5, a2), reduce_300(a2))
Event sent to agent      a2 prohibition(at(5, 6, a2), reduce_300(a2))
Event sent to agent      a2 prohibition(at(6, 5, a2), reduce_300(a2))
Event sent to agent      a2 prohibition(at(6, 6, a2), reduce_300(a2))
agent prohibition notification a3 number 4
Prohibition [agent=a1, prohibition=null, sanction=null, clock=null, time=null] 2013-06-12 18:36:35.677 - 2013-06-12 18:36:35.89
Event sent to agent      a1 prohibition(at(6, 5, a1), reduce_300(a1))
Event sent to agent      a1 prohibition(at(6, 6, a1), reduce_300(a1))
Prohibition [agent=a3, prohibition=null, sanction=null, clock=null, time=null] 1970-01-01 01:00:00.0 - 2013-06-12 18:36:36.056
Event sent to agent      a3 prohibition(at(5, 5, a3), reduce_300(a3))
Event sent to agent      a3 prohibition(at(5, 6, a3), reduce_300(a3))
Event sent to agent      a3 prohibition(at(6, 5, a3), reduce_300(a3))
Event sent to agent      a3 prohibition(at(6, 6, a3), reduce_300(a3))
Event processed aprohibition(at(5, 5, a3), reduce_300(a3))
Event processed aprohibition(at(5, 6, a3), reduce_300(a3))
Event processed aprohibition(at(6, 5, a3), reduce_300(a3))
Event processed aprohibition(at(6, 6, a3), reduce_300(a3))
Event processed aprohibition(at(5, 5, a2), reduce_300(a2))
Event processed aprohibition(at(5, 5, t1), reduce_300(t1))
Event processed aprohibition(at(5, 6, a2), reduce_300(a2))
Event processed aprohibition(at(5, 6, t1), reduce_300(t1))
Event processed aprohibition(at(6, 5, a2), reduce_300(a2))
Event processed aprohibition(at(6, 6, a2), reduce_300(a2))
Event processed aprohibition(at(6, 5, t1), reduce_300(t1))
Event processed aprohibition(at(6, 6, t1), reduce_300(t1))
Event processed aprohibition(at(5, 5, a1), reduce_300(a1))
Event processed aprohibition(coin(5, 5, a1), reduce_300(c1))
Event processed aprohibition(coin(5, 6, a1), reduce_300(c1))
Event processed aprohibition(at(5, 6, a1), reduce_300(a1))
Event processed aprohibition(coin(6, 5, a1), reduce_300(c1))
Event processed aprohibition(at(6, 5, a1), reduce_300(a1))
Event processed aprohibition(coin(6, 6, a1), reduce_300(c1))
Event processed aprohibition(at(6, 6, a1), reduce_300(a1))
Event processed aprohibition(coin(5, 5, a2), reduce_300(c1))
Event processed aprohibition(coin(5, 6, a2), reduce_300(c1))
Event processed aprohibition(coin(6, 5, a2), reduce_300(c1))
Event processed aprohibition(coin(6, 6, a2), reduce_300(c1))
Event processed aprohibition(coin(5, 5, a3), reduce_300(c1))
Event processed aprohibition(coin(5, 6, a3), reduce_300(c1))
Event processed aprohibition(coin(6, 5, a3), reduce_300(c1))
Event processed aprohibition(coin(6, 6, a3), reduce_300(c1))
from/for agent a2  reading(position(8, 19))
Reading [id=null, agent=a2, cell=Cell [x=8, y=19], time=null, value=null, clock=null]
from/for agent a3  reading(position(11, 1))
Reading [id=null, agent=a3, cell=Cell [x=11, y=1], time=null, value=null, clock=null]
got reading: Reading [id=null, agent=a2, cell=Cell [x=8, y=19], time=2013-06-12 18:36:37.64, value=0.0, clock=0]
org reading notification
got reading: Reading [id=null, agent=a3, cell=Cell [x=11, y=1], time=2013-06-12 18:36:37.933, value=0.0, clock=0]
org reading notification
org position notification
org cargo notification
org coin notification
Organization notifies agent (write): Obligation [agent=a1, obligation=[makeReading(8, 6)], sanction=[reduce_400(a1)], deadline=51, time=2013-06-12 18:37:04.51, clock=0]
Organization notifies agent (write): Obligation [agent=a1, obligation=[makeReading(16, 16)], sanction=[reduce_400(a1)], deadline=51, time=2013-06-12 18:37:05.211, clock=0]
Organization notifies agent (write): Obligation [agent=a1, obligation=[makeReading(2, 2)], sanction=[reduce_400(a1)], deadline=51, time=2013-06-12 18:37:05.42, clock=0]
Organization notifies agent (write): Obligation [agent=a2, obligation=[makeReading(8, 6)], sanction=[reduce_400(a2)], deadline=51, time=2013-06-12 18:37:06.11, clock=0]
Organization notifies agent (write): Obligation [agent=a2, obligation=[makeReading(16, 16)], sanction=[reduce_400(a2)], deadline=51, time=2013-06-12 18:37:06.318, clock=0]
Organization notifies agent (write): Obligation [agent=a2, obligation=[makeReading(2, 2)], sanction=[reduce_400(a2)], deadline=51, time=2013-06-12 18:37:06.525, clock=0]
Organization notifies agent (write): Obligation [agent=a3, obligation=[makeReading(8, 6)], sanction=[reduce_400(a3)], deadline=51, time=2013-06-12 18:37:06.731, clock=0]
Organization notifies agent (write): Obligation [agent=a3, obligation=[makeReading(16, 16)], sanction=[reduce_400(a3)], deadline=51, time=2013-06-12 18:37:07.183, clock=0]
Organization notifies agent (write): Obligation [agent=a3, obligation=[makeReading(2, 2)], sanction=[reduce_400(a3)], deadline=51, time=2013-06-12 18:37:07.39, clock=0]
Organization notifies agent (write): Prohibition [agent=a2, prohibition=[reading(8, 19, a2)], sanction=[reduce_300(a2)], clock=0, time=2013-06-12 18:37:08.268]
Organization notifies agent (write): Prohibition [agent=a3, prohibition=[reading(11, 1, a3)], sanction=[reduce_300(a3)], clock=0, time=2013-06-12 18:37:08.722]
org position notification
Organization notifies agent (write): Obligation [agent=a1, obligation=[makeReading(8, 6)], sanction=[reduce_400(a1)], deadline=152, time=2013-06-12 18:38:14.012, clock=0]
Organization notifies agent (write): Obligation [agent=a1, obligation=[makeReading(16, 16)], sanction=[reduce_400(a1)], deadline=152, time=2013-06-12 18:38:14.216, clock=0]
Organization notifies agent (write): Obligation [agent=a1, obligation=[makeReading(2, 2)], sanction=[reduce_400(a1)], deadline=152, time=2013-06-12 18:38:14.422, clock=0]
Organization notifies agent (write): Obligation [agent=a2, obligation=[makeReading(8, 6)], sanction=[reduce_400(a2)], deadline=152, time=2013-06-12 18:38:14.628, clock=0]
Organization notifies agent (write): Obligation [agent=a2, obligation=[makeReading(16, 16)], sanction=[reduce_400(a2)], deadline=152, time=2013-06-12 18:38:14.833, clock=0]
Organization notifies agent (write): Obligation [agent=a2, obligation=[makeReading(2, 2)], sanction=[reduce_400(a2)], deadline=152, time=2013-06-12 18:38:15.04, clock=0]
Organization notifies agent (write): Obligation [agent=a3, obligation=[makeReading(8, 6)], sanction=[reduce_400(a3)], deadline=152, time=2013-06-12 18:38:15.246, clock=0]
Organization notifies agent (write): Obligation [agent=a3, obligation=[makeReading(16, 16)], sanction=[reduce_400(a3)], deadline=152, time=2013-06-12 18:38:15.453, clock=0]
Organization notifies agent (write): Obligation [agent=a3, obligation=[makeReading(2, 2)], sanction=[reduce_400(a3)], deadline=152, time=2013-06-12 18:38:15.659, clock=0]
Organization notifies agent (write): Prohibition [agent=a2, prohibition=[reading(8, 19, a2)], sanction=[reduce_300(a2)], clock=0, time=2013-06-12 18:38:16.279]
Organization notifies agent (write): Prohibition [agent=a3, prohibition=[reading(11, 1, a3)], sanction=[reduce_300(a3)], clock=0, time=2013-06-12 18:38:16.486]
org coin notification
Organization notifies agent (write): Obligation [agent=a1, obligation=[makeReading(8, 6)], sanction=[reduce_400(a1)], deadline=234, time=2013-06-12 18:39:35.89, clock=0]
Organization notifies agent (write): Obligation [agent=a1, obligation=[makeReading(16, 16)], sanction=[reduce_400(a1)], deadline=234, time=2013-06-12 18:39:36.093, clock=0]
Organization notifies agent (write): Obligation [agent=a1, obligation=[makeReading(2, 2)], sanction=[reduce_400(a1)], deadline=234, time=2013-06-12 18:39:36.298, clock=0]
Organization notifies agent (write): Obligation [agent=a2, obligation=[makeReading(8, 6)], sanction=[reduce_400(a2)], deadline=234, time=2013-06-12 18:39:36.503, clock=0]
Organization notifies agent (write): Obligation [agent=a2, obligation=[makeReading(16, 16)], sanction=[reduce_400(a2)], deadline=234, time=2013-06-12 18:39:36.709, clock=0]
Organization notifies agent (write): Obligation [agent=a2, obligation=[makeReading(2, 2)], sanction=[reduce_400(a2)], deadline=234, time=2013-06-12 18:39:36.915, clock=0]
Organization notifies agent (write): Obligation [agent=a3, obligation=[makeReading(8, 6)], sanction=[reduce_400(a3)], deadline=234, time=2013-06-12 18:39:37.121, clock=0]
Organization notifies agent (write): Obligation [agent=a3, obligation=[makeReading(16, 16)], sanction=[reduce_400(a3)], deadline=234, time=2013-06-12 18:39:37.326, clock=0]
Organization notifies agent (write): Obligation [agent=a3, obligation=[makeReading(2, 2)], sanction=[reduce_400(a3)], deadline=234, time=2013-06-12 18:39:37.532, clock=0]
Organization notifies agent (write): Prohibition [agent=a2, prohibition=[reading(8, 19, a2)], sanction=[reduce_300(a2)], clock=0, time=2013-06-12 18:39:38.15]
Organization notifies agent (write): Prohibition [agent=a3, prohibition=[reading(11, 1, a3)], sanction=[reduce_300(a3)], clock=0, time=2013-06-12 18:39:38.355]
org position notification
Organization notifies agent (write): Obligation [agent=a1, obligation=[makeReading(8, 6)], sanction=[reduce_400(a1)], deadline=315, time=2013-06-12 18:40:57.429, clock=0]
Organization notifies agent (write): Obligation [agent=a1, obligation=[makeReading(16, 16)], sanction=[reduce_400(a1)], deadline=315, time=2013-06-12 18:40:57.636, clock=0]
Organization notifies agent (write): Obligation [agent=a1, obligation=[makeReading(2, 2)], sanction=[reduce_400(a1)], deadline=315, time=2013-06-12 18:40:57.843, clock=0]
Organization notifies agent (write): Obligation [agent=a2, obligation=[makeReading(8, 6)], sanction=[reduce_400(a2)], deadline=315, time=2013-06-12 18:40:58.049, clock=0]
Organization notifies agent (write): Obligation [agent=a2, obligation=[makeReading(16, 16)], sanction=[reduce_400(a2)], deadline=315, time=2013-06-12 18:40:58.254, clock=0]
Organization notifies agent (write): Obligation [agent=a2, obligation=[makeReading(2, 2)], sanction=[reduce_400(a2)], deadline=315, time=2013-06-12 18:40:58.461, clock=0]
Organization notifies agent (write): Obligation [agent=a3, obligation=[makeReading(8, 6)], sanction=[reduce_400(a3)], deadline=315, time=2013-06-12 18:40:58.666, clock=0]
Organization notifies agent (write): Obligation [agent=a3, obligation=[makeReading(16, 16)], sanction=[reduce_400(a3)], deadline=315, time=2013-06-12 18:40:58.87, clock=0]
Organization notifies agent (write): Obligation [agent=a3, obligation=[makeReading(2, 2)], sanction=[reduce_400(a3)], deadline=315, time=2013-06-12 18:40:59.076, clock=0]
Organization notifies agent (write): Prohibition [agent=a2, prohibition=[reading(8, 19, a2)], sanction=[reduce_300(a2)], clock=0, time=2013-06-12 18:40:59.693]
Organization notifies agent (write): Prohibition [agent=a3, prohibition=[reading(11, 1, a3)], sanction=[reduce_300(a3)], clock=0, time=2013-06-12 18:40:59.899]
org position notification
Organization notifies agent (write): Obligation [agent=a1, obligation=[makeReading(8, 6)], sanction=[reduce_400(a1)], deadline=397, time=2013-06-12 18:42:19.139, clock=0]
Organization notifies agent (write): Obligation [agent=a1, obligation=[makeReading(16, 16)], sanction=[reduce_400(a1)], deadline=397, time=2013-06-12 18:42:19.345, clock=0]
Organization notifies agent (write): Obligation [agent=a1, obligation=[makeReading(2, 2)], sanction=[reduce_400(a1)], deadline=397, time=2013-06-12 18:42:19.552, clock=0]
Organization notifies agent (write): Obligation [agent=a2, obligation=[makeReading(8, 6)], sanction=[reduce_400(a2)], deadline=397, time=2013-06-12 18:42:19.757, clock=0]
Organization notifies agent (write): Obligation [agent=a2, obligation=[makeReading(16, 16)], sanction=[reduce_400(a2)], deadline=397, time=2013-06-12 18:42:19.966, clock=0]
Organization notifies agent (write): Obligation [agent=a2, obligation=[makeReading(2, 2)], sanction=[reduce_400(a2)], deadline=397, time=2013-06-12 18:42:20.171, clock=0]
Organization notifies agent (write): Obligation [agent=a3, obligation=[makeReading(8, 6)], sanction=[reduce_400(a3)], deadline=397, time=2013-06-12 18:42:20.378, clock=0]
Organization notifies agent (write): Obligation [agent=a3, obligation=[makeReading(16, 16)], sanction=[reduce_400(a3)], deadline=397, time=2013-06-12 18:42:20.591, clock=0]
Organization notifies agent (write): Obligation [agent=a3, obligation=[makeReading(2, 2)], sanction=[reduce_400(a3)], deadline=397, time=2013-06-12 18:42:20.8, clock=0]
Organization notifies agent (write): Prohibition [agent=a2, prohibition=[reading(8, 19, a2)], sanction=[reduce_300(a2)], clock=0, time=2013-06-12 18:42:21.417]
Organization notifies agent (write): Prohibition [agent=a3, prohibition=[reading(11, 1, a3)], sanction=[reduce_300(a3)], clock=0, time=2013-06-12 18:42:21.635]
org position notification
Organization notifies agent (write): Obligation [agent=a1, obligation=[makeReading(8, 6)], sanction=[reduce_400(a1)], deadline=479, time=2013-06-12 18:43:41.183, clock=0]
Organization notifies agent (write): Obligation [agent=a1, obligation=[makeReading(16, 16)], sanction=[reduce_400(a1)], deadline=479, time=2013-06-12 18:43:41.389, clock=0]
Organization notifies agent (write): Obligation [agent=a1, obligation=[makeReading(2, 2)], sanction=[reduce_400(a1)], deadline=479, time=2013-06-12 18:43:41.593, clock=0]
Organization notifies agent (write): Obligation [agent=a2, obligation=[makeReading(8, 6)], sanction=[reduce_400(a2)], deadline=479, time=2013-06-12 18:43:41.8, clock=0]
Organization notifies agent (write): Obligation [agent=a2, obligation=[makeReading(16, 16)], sanction=[reduce_400(a2)], deadline=479, time=2013-06-12 18:43:42.005, clock=0]
Organization notifies agent (write): Obligation [agent=a2, obligation=[makeReading(2, 2)], sanction=[reduce_400(a2)], deadline=479, time=2013-06-12 18:43:42.212, clock=0]
Organization notifies agent (write): Obligation [agent=a3, obligation=[makeReading(8, 6)], sanction=[reduce_400(a3)], deadline=479, time=2013-06-12 18:43:42.418, clock=0]
Organization notifies agent (write): Obligation [agent=a3, obligation=[makeReading(16, 16)], sanction=[reduce_400(a3)], deadline=479, time=2013-06-12 18:43:42.623, clock=0]
Organization notifies agent (write): Obligation [agent=a3, obligation=[makeReading(2, 2)], sanction=[reduce_400(a3)], deadline=479, time=2013-06-12 18:43:42.829, clock=0]
Organization notifies agent (write): Prohibition [agent=a2, prohibition=[reading(8, 19, a2)], sanction=[reduce_300(a2)], clock=0, time=2013-06-12 18:43:43.445]
Organization notifies agent (write): Prohibition [agent=a3, prohibition=[reading(11, 1, a3)], sanction=[reduce_300(a3)], clock=0, time=2013-06-12 18:43:43.652]
