test2.
Service Registrar: 97502479-e0b5-4722-97d2-073f4f32200b
Java Space found.
TransactionManager found.
-------------------------last log tuples start--------------------------------
-------------------------last log tuples end----------------------------------
register a1
register a2
register a3
register c1
register t1
agent points notification a1 number 1
org points notification
org points notification
agent points notification a2 number 1
agent points notification a3 number 1
org points notification
agent points notification c1 number 1
org points notification
org points notification
Points [agent=a2, time=null, clock=null, value=null, id=null] 1970-01-01 01:00:00.0 - 2013-06-12 15:13:56.575
Event sent to agent      a2 points(a2, 1000, 0)
Points [agent=a3, time=null, clock=null, value=null, id=null] 1970-01-01 01:00:00.0 - 2013-06-12 15:13:56.578
Event sent to agent      a3 points(a3, 1000, 0)
agent points notification t1 number 1
Points [agent=a1, time=null, clock=null, value=null, id=null] 1970-01-01 01:00:00.0 - 2013-06-12 15:13:56.564
Event sent to agent      a1 points(a1, 1000, 0)
Points [agent=c1, time=null, clock=null, value=null, id=null] 1970-01-01 01:00:00.0 - 2013-06-12 15:13:56.582
Event sent to agent      c1 points(c1, 1000, 0)
Points [agent=t1, time=null, clock=null, value=null, id=null] 1970-01-01 01:00:00.0 - 2013-06-12 15:13:56.876
Event sent to agent      t1 points(t1, 1000, 0)
Organization notifies agent (write): Prohibition [agent=t1, prohibition=[at(5, 5, t1)], sanction=[reduce_300(t1)], clock=0, time=2013-06-12 15:13:59.022]
Organization notifies agent (write): Prohibition [agent=t1, prohibition=[at(5, 6, t1)], sanction=[reduce_300(t1)], clock=0, time=2013-06-12 15:13:59.025]
agent prohibition notification t1 number 1
Organization notifies agent (write): Prohibition [agent=t1, prohibition=[at(6, 5, t1)], sanction=[reduce_300(t1)], clock=0, time=2013-06-12 15:13:59.027]
Organization notifies agent (write): Prohibition [agent=t1, prohibition=[at(6, 6, t1)], sanction=[reduce_300(t1)], clock=0, time=2013-06-12 15:13:59.029]
Organization notifies agent (write): Prohibition [agent=c1, prohibition=[coin(5, 5, a1)], sanction=[reduce_300(c1)], clock=0, time=2013-06-12 15:13:59.237]
Organization notifies agent (write): Prohibition [agent=c1, prohibition=[coin(5, 6, a1)], sanction=[reduce_300(c1)], clock=0, time=2013-06-12 15:13:59.238]
agent prohibition notification c1 number 1
Organization notifies agent (write): Prohibition [agent=c1, prohibition=[coin(6, 5, a1)], sanction=[reduce_300(c1)], clock=0, time=2013-06-12 15:13:59.24]
Organization notifies agent (write): Prohibition [agent=c1, prohibition=[coin(6, 6, a1)], sanction=[reduce_300(c1)], clock=0, time=2013-06-12 15:13:59.242]
Organization notifies agent (write): Prohibition [agent=c1, prohibition=[coin(5, 5, a2)], sanction=[reduce_300(c1)], clock=0, time=2013-06-12 15:13:59.244]
Organization notifies agent (write): Prohibition [agent=c1, prohibition=[coin(5, 6, a2)], sanction=[reduce_300(c1)], clock=0, time=2013-06-12 15:13:59.246]
Prohibition [agent=t1, prohibition=null, sanction=null, clock=null, time=null] 1970-01-01 01:00:00.0 - 2013-06-12 15:13:59.026
Event sent to agent      t1 prohibition(at(5, 5, t1), reduce_300(t1))
Event sent to agent      t1 prohibition(at(5, 6, t1), reduce_300(t1))
Organization notifies agent (write): Prohibition [agent=c1, prohibition=[coin(6, 5, a2)], sanction=[reduce_300(c1)], clock=0, time=2013-06-12 15:13:59.249]
agent prohibition notification t1 number 4
Organization notifies agent (write): Prohibition [agent=c1, prohibition=[coin(6, 6, a2)], sanction=[reduce_300(c1)], clock=0, time=2013-06-12 15:13:59.252]
Organization notifies agent (write): Prohibition [agent=c1, prohibition=[coin(5, 5, a3)], sanction=[reduce_300(c1)], clock=0, time=2013-06-12 15:13:59.254]
Organization notifies agent (write): Prohibition [agent=c1, prohibition=[coin(5, 6, a3)], sanction=[reduce_300(c1)], clock=0, time=2013-06-12 15:13:59.26]
Organization notifies agent (write): Prohibition [agent=c1, prohibition=[coin(6, 5, a3)], sanction=[reduce_300(c1)], clock=0, time=2013-06-12 15:13:59.263]
Organization notifies agent (write): Prohibition [agent=c1, prohibition=[coin(6, 6, a3)], sanction=[reduce_300(c1)], clock=0, time=2013-06-12 15:13:59.266]
Prohibition [agent=t1, prohibition=null, sanction=null, clock=null, time=null] 2013-06-12 15:13:59.026 - 2013-06-12 15:13:59.25
Event sent to agent      t1 prohibition(at(6, 5, t1), reduce_300(t1))
Event sent to agent      t1 prohibition(at(6, 6, t1), reduce_300(t1))
Prohibition [agent=c1, prohibition=null, sanction=null, clock=null, time=null] 1970-01-01 01:00:00.0 - 2013-06-12 15:13:59.24
Event sent to agent      c1 prohibition(coin(5, 5, a1), reduce_300(c1))
Event sent to agent      c1 prohibition(coin(5, 6, a1), reduce_300(c1))
agent prohibition notification c1 number 12
Prohibition [agent=c1, prohibition=null, sanction=null, clock=null, time=null] 2013-06-12 15:13:59.24 - 2013-06-12 15:13:59.499
Event sent to agent      c1 prohibition(coin(6, 6, a1), reduce_300(c1))
Event sent to agent      c1 prohibition(coin(5, 5, a2), reduce_300(c1))
Event sent to agent      c1 prohibition(coin(5, 6, a2), reduce_300(c1))
Event sent to agent      c1 prohibition(coin(6, 5, a2), reduce_300(c1))
Event sent to agent      c1 prohibition(coin(6, 6, a2), reduce_300(c1))
Event sent to agent      c1 prohibition(coin(5, 5, a3), reduce_300(c1))
Event sent to agent      c1 prohibition(coin(5, 6, a3), reduce_300(c1))
Event sent to agent      c1 prohibition(coin(6, 5, a3), reduce_300(c1))
Event sent to agent      c1 prohibition(coin(6, 6, a3), reduce_300(c1))
Organization notifies agent (write): Prohibition [agent=a1, prohibition=[at(5, 5, a1)], sanction=[reduce_300(a1)], clock=0, time=2013-06-12 15:13:59.885]
Organization notifies agent (write): Prohibition [agent=a1, prohibition=[at(5, 6, a1)], sanction=[reduce_300(a1)], clock=0, time=2013-06-12 15:13:59.887]
agent prohibition notification a1 number 1
Organization notifies agent (write): Prohibition [agent=a1, prohibition=[at(6, 5, a1)], sanction=[reduce_300(a1)], clock=0, time=2013-06-12 15:13:59.889]
Organization notifies agent (write): Prohibition [agent=a1, prohibition=[at(6, 6, a1)], sanction=[reduce_300(a1)], clock=0, time=2013-06-12 15:13:59.891]
Organization notifies agent (write): Prohibition [agent=a2, prohibition=[at(5, 5, a2)], sanction=[reduce_300(a2)], clock=0, time=2013-06-12 15:13:59.894]
Organization notifies agent (write): Prohibition [agent=a2, prohibition=[at(5, 6, a2)], sanction=[reduce_300(a2)], clock=0, time=2013-06-12 15:13:59.896]
Organization notifies agent (write): Prohibition [agent=a2, prohibition=[at(6, 5, a2)], sanction=[reduce_300(a2)], clock=0, time=2013-06-12 15:13:59.9]
agent prohibition notification a2 number 1
Organization notifies agent (write): Prohibition [agent=a2, prohibition=[at(6, 6, a2)], sanction=[reduce_300(a2)], clock=0, time=2013-06-12 15:13:59.902]
Organization notifies agent (write): Prohibition [agent=a3, prohibition=[at(5, 5, a3)], sanction=[reduce_300(a3)], clock=0, time=2013-06-12 15:13:59.904]
Organization notifies agent (write): Prohibition [agent=a3, prohibition=[at(5, 6, a3)], sanction=[reduce_300(a3)], clock=0, time=2013-06-12 15:13:59.906]
Organization notifies agent (write): Prohibition [agent=a3, prohibition=[at(6, 5, a3)], sanction=[reduce_300(a3)], clock=0, time=2013-06-12 15:13:59.91]
agent prohibition notification a3 number 2
Organization notifies agent (write): Prohibition [agent=a3, prohibition=[at(6, 6, a3)], sanction=[reduce_300(a3)], clock=0, time=2013-06-12 15:13:59.913]
Prohibition [agent=a1, prohibition=null, sanction=null, clock=null, time=null] 1970-01-01 01:00:00.0 - 2013-06-12 15:13:59.889
Event sent to agent      a1 prohibition(at(5, 5, a1), reduce_300(a1))
Event sent to agent      a1 prohibition(at(5, 6, a1), reduce_300(a1))
agent prohibition notification a1 number 4
Prohibition [agent=a2, prohibition=null, sanction=null, clock=null, time=null] 1970-01-01 01:00:00.0 - 2013-06-12 15:13:59.901
Event sent to agent      a2 prohibition(at(5, 5, a2), reduce_300(a2))
Event sent to agent      a2 prohibition(at(5, 6, a2), reduce_300(a2))
Event sent to agent      a2 prohibition(at(6, 5, a2), reduce_300(a2))
agent prohibition notification a2 number 4
Prohibition [agent=a3, prohibition=null, sanction=null, clock=null, time=null] 1970-01-01 01:00:00.0 - 2013-06-12 15:13:59.911
Event sent to agent      a3 prohibition(at(5, 5, a3), reduce_300(a3))
Event sent to agent      a3 prohibition(at(5, 6, a3), reduce_300(a3))
Event sent to agent      a3 prohibition(at(6, 5, a3), reduce_300(a3))
agent prohibition notification a3 number 4
Prohibition [agent=a1, prohibition=null, sanction=null, clock=null, time=null] 2013-06-12 15:13:59.889 - 2013-06-12 15:14:00.111
Event sent to agent      a1 prohibition(at(6, 6, a1), reduce_300(a1))
Prohibition [agent=a2, prohibition=null, sanction=null, clock=null, time=null] 2013-06-12 15:13:59.901 - 2013-06-12 15:14:00.125
Event sent to agent      a2 prohibition(at(6, 6, a2), reduce_300(a2))
Prohibition [agent=a3, prohibition=null, sanction=null, clock=null, time=null] 2013-06-12 15:13:59.911 - 2013-06-12 15:14:00.135
Event sent to agent      a3 prohibition(at(6, 6, a3), reduce_300(a3))
Event processed aprohibition(at(5, 5, t1), reduce_300(t1))
Event processed aprohibition(coin(5, 5, a1), reduce_300(c1))
Event processed aprohibition(at(5, 6, t1), reduce_300(t1))
Event processed aprohibition(coin(5, 6, a1), reduce_300(c1))
Event processed aprohibition(coin(6, 6, a1), reduce_300(c1))
Event processed aprohibition(at(6, 5, t1), reduce_300(t1))
Event processed aprohibition(coin(5, 5, a2), reduce_300(c1))
Event processed aprohibition(coin(5, 6, a2), reduce_300(c1))
Event processed aprohibition(coin(6, 5, a2), reduce_300(c1))
Event processed aprohibition(coin(6, 6, a2), reduce_300(c1))
Event processed aprohibition(coin(5, 5, a3), reduce_300(c1))
Event processed aprohibition(coin(5, 6, a3), reduce_300(c1))
Event processed aprohibition(coin(6, 5, a3), reduce_300(c1))
Event processed aprohibition(at(6, 6, t1), reduce_300(t1))
Event processed aprohibition(coin(6, 6, a3), reduce_300(c1))
Event processed aprohibition(at(5, 5, a1), reduce_300(a1))
Event processed aprohibition(at(5, 6, a1), reduce_300(a1))
Event processed aprohibition(at(6, 6, a1), reduce_300(a1))
Event processed aprohibition(at(5, 5, a3), reduce_300(a3))
Event processed aprohibition(at(5, 6, a3), reduce_300(a3))
Event processed aprohibition(at(6, 5, a3), reduce_300(a3))
Event processed aprohibition(at(6, 6, a3), reduce_300(a3))
Event processed aprohibition(at(5, 5, a2), reduce_300(a2))
Event processed aprohibition(at(5, 6, a2), reduce_300(a2))
Event processed aprohibition(at(6, 5, a2), reduce_300(a2))
Event processed aprohibition(at(6, 6, a2), reduce_300(a2))
from/for agent a3  reading(position(11, 1))
Reading [id=null, agent=a3, cell=Cell [x=11, y=1], time=null, value=null, clock=null]
from/for agent a2  reading(position(8, 19))
Reading [id=null, agent=a2, cell=Cell [x=8, y=19], time=null, value=null, clock=null]
got reading: Reading [id=null, agent=a2, cell=Cell [x=8, y=19], time=2013-06-12 15:14:04.0, value=0.0, clock=0]
org reading notification
org reading notification
got reading: Reading [id=null, agent=a3, cell=Cell [x=11, y=1], time=2013-06-12 15:14:04.008, value=0.0, clock=0]
org cargo notification
org position notification
org coin notification
from/for agent a1  reading(position(5, 5))
Reading [id=null, agent=a1, cell=Cell [x=5, y=5], time=null, value=null, clock=null]
Organization notifies agent (write): Obligation [agent=a1, obligation=[makeReading(8, 6)], sanction=[reduce_400(a1)], deadline=51, time=2013-06-12 15:14:10.569, clock=0]
Organization notifies agent (write): Obligation [agent=a2, obligation=[makeReading(8, 6)], sanction=[reduce_400(a2)], deadline=51, time=2013-06-12 15:14:11.186, clock=0]
Organization notifies agent (write): Obligation [agent=a3, obligation=[makeReading(8, 6)], sanction=[reduce_400(a3)], deadline=51, time=2013-06-12 15:14:11.802, clock=0]
Organization notifies agent (write): Prohibition [agent=a2, prohibition=[reading(8, 19, a2)], sanction=[reduce_300(a2)], clock=0, time=2013-06-12 15:14:12.835]
Organization notifies agent (write): Prohibition [agent=a3, prohibition=[reading(11, 1, a3)], sanction=[reduce_300(a3)], clock=0, time=2013-06-12 15:14:13.044]
Organization notifies agent (write): Obligation [agent=a1, obligation=[makeReading(8, 6)], sanction=[reduce_400(a1)], deadline=112, time=2013-06-12 15:14:58.716, clock=0]
got reading: Reading [id=null, agent=a1, cell=Cell [x=5, y=5], time=2013-06-12 15:14:58.769, value=0.0, clock=0]
agent obligation notification a1 number 2
Obligation [agent=a1, obligation=null, sanction=null, deadline=null, time=null, clock=null] 1970-01-01 01:00:00.0 - 2013-06-12 15:14:58.776
Event sent to agent      a1 obligation(makeReading(8, 6), 51, reduce_400(a1))
Event sent to agent      a1 obligation(makeReading(8, 6), 112, reduce_400(a1))
agent obligation notification a2 number 1
Event processed adoptObligation(makeReading(8, 6), 51, reduce_400(a1))
Event processed adoptObligation(makeReading(8, 6), 112, reduce_400(a1))
Obligation [agent=a2, obligation=null, sanction=null, deadline=null, time=null, clock=null] 1970-01-01 01:00:00.0 - 2013-06-12 15:14:58.993
Event sent to agent      a2 obligation(makeReading(8, 6), 51, reduce_400(a2))
agent obligation notification a3 number 1
Event processed adoptObligation(makeReading(8, 6), 51, reduce_400(a2))
Organization notifies agent (write): Obligation [agent=a2, obligation=[makeReading(8, 6)], sanction=[reduce_400(a2)], deadline=112, time=2013-06-12 15:14:59.417, clock=0]
Obligation [agent=a3, obligation=null, sanction=null, deadline=null, time=null, clock=null] 1970-01-01 01:00:00.0 - 2013-06-12 15:14:59.229
Event sent to agent      a3 obligation(makeReading(8, 6), 51, reduce_400(a3))
agent prohibition notification a2 number 5
Event processed adoptObligation(makeReading(8, 6), 51, reduce_400(a3))
Prohibition [agent=a2, prohibition=null, sanction=null, clock=null, time=null] 2013-06-12 15:14:00.125 - 2013-06-12 15:14:59.517
Event sent to agent      a2 prohibition(reading(8, 19, a2), reduce_300(a2))
agent prohibition notification a3 number 5
Prohibition [agent=a3, prohibition=null, sanction=null, clock=null, time=null] 2013-06-12 15:14:00.135 - 2013-06-12 15:14:59.75
Event sent to agent      a3 prohibition(reading(11, 1, a3), reduce_300(a3))
org reading notification
Event processed aprohibition(reading(11, 1, a3), reduce_300(a3))
Event processed aprohibition(reading(8, 19, a2), reduce_300(a2))
Organization notifies agent (write): Obligation [agent=a3, obligation=[makeReading(8, 6)], sanction=[reduce_400(a3)], deadline=112, time=2013-06-12 15:15:02.274, clock=0]
from/for agent a1  reading(position(8, 6))
Reading [id=null, agent=a1, cell=Cell [x=8, y=6], time=null, value=null, clock=null]
Organization notifies agent (write): Prohibition [agent=a1, prohibition=[reading(5, 5, a1)], sanction=[reduce_300(a1)], clock=0, time=2013-06-12 15:15:05.553]
Organization notifies agent (write): Prohibition [agent=a2, prohibition=[reading(8, 19, a2)], sanction=[reduce_300(a2)], clock=0, time=2013-06-12 15:15:06.771]
Organization notifies agent (write): Prohibition [agent=a3, prohibition=[reading(11, 1, a3)], sanction=[reduce_300(a3)], clock=0, time=2013-06-12 15:15:07.541]
Organization notifies agent (write): Prohibition [agent=a1, prohibition=[at(5, 5, a1)], sanction=[reduce_300(a1)], clock=0, time=2013-06-12 15:15:07.542]
from/for agent a3  reading(position(8, 6))
Reading [id=null, agent=a3, cell=Cell [x=8, y=6], time=null, value=null, clock=null]
from/for agent a2  reading(position(8, 6))
Reading [id=null, agent=a2, cell=Cell [x=8, y=6], time=null, value=null, clock=null]
agent obligation notification a2 number 2
Obligation [agent=a2, obligation=null, sanction=null, deadline=null, time=null, clock=null] 2013-06-12 15:14:58.993 - 2013-06-12 15:16:01.293
Event sent to agent      a2 obligation(makeReading(8, 6), 112, reduce_400(a2))
org position notification
Organization notifies agent (write): Obligation [agent=a1, obligation=[makeReading(8, 6)], sanction=[reduce_400(a1)], deadline=176, time=2013-06-12 15:16:02.019, clock=0]
Organization notifies agent (write): Obligation [agent=a2, obligation=[makeReading(8, 6)], sanction=[reduce_400(a2)], deadline=176, time=2013-06-12 15:16:02.631, clock=0]
Organization notifies agent (write): Obligation [agent=a3, obligation=[makeReading(8, 6)], sanction=[reduce_400(a3)], deadline=176, time=2013-06-12 15:16:03.242, clock=0]
Organization notifies agent (write): Prohibition [agent=a1, prohibition=[reading(5, 5, a1)], sanction=[reduce_300(a1)], clock=0, time=2013-06-12 15:16:04.062]
Organization notifies agent (write): Prohibition [agent=a2, prohibition=[reading(8, 19, a2)], sanction=[reduce_300(a2)], clock=0, time=2013-06-12 15:16:04.267]
Organization notifies agent (write): Prohibition [agent=a3, prohibition=[reading(11, 1, a3)], sanction=[reduce_300(a3)], clock=0, time=2013-06-12 15:16:04.473]
org position notification
Organization notifies agent (write): Obligation [agent=a1, obligation=[makeReading(8, 6)], sanction=[reduce_400(a1)], deadline=231, time=2013-06-12 15:16:57.102, clock=0]
Organization notifies agent (write): Obligation [agent=a2, obligation=[makeReading(8, 6)], sanction=[reduce_400(a2)], deadline=231, time=2013-06-12 15:16:57.714, clock=0]
Organization notifies agent (write): Obligation [agent=a3, obligation=[makeReading(8, 6)], sanction=[reduce_400(a3)], deadline=231, time=2013-06-12 15:16:58.324, clock=0]
Organization notifies agent (write): Prohibition [agent=a1, prohibition=[reading(5, 5, a1)], sanction=[reduce_300(a1)], clock=0, time=2013-06-12 15:16:59.141]
Organization notifies agent (write): Prohibition [agent=a2, prohibition=[reading(8, 19, a2)], sanction=[reduce_300(a2)], clock=0, time=2013-06-12 15:16:59.346]
Organization notifies agent (write): Prohibition [agent=a3, prohibition=[reading(11, 1, a3)], sanction=[reduce_300(a3)], clock=0, time=2013-06-12 15:16:59.551]
org position notification
Organization notifies agent (write): Obligation [agent=a1, obligation=[makeReading(8, 6)], sanction=[reduce_400(a1)], deadline=286, time=2013-06-12 15:17:52.176, clock=0]
Organization notifies agent (write): Obligation [agent=a2, obligation=[makeReading(8, 6)], sanction=[reduce_400(a2)], deadline=286, time=2013-06-12 15:17:52.787, clock=0]
Organization notifies agent (write): Obligation [agent=a3, obligation=[makeReading(8, 6)], sanction=[reduce_400(a3)], deadline=286, time=2013-06-12 15:17:53.398, clock=0]
Organization notifies agent (write): Prohibition [agent=a1, prohibition=[reading(5, 5, a1)], sanction=[reduce_300(a1)], clock=0, time=2013-06-12 15:17:54.216]
Organization notifies agent (write): Prohibition [agent=a2, prohibition=[reading(8, 19, a2)], sanction=[reduce_300(a2)], clock=0, time=2013-06-12 15:17:54.421]
Organization notifies agent (write): Prohibition [agent=a3, prohibition=[reading(11, 1, a3)], sanction=[reduce_300(a3)], clock=0, time=2013-06-12 15:17:54.628]
agent obligation notification a3 number 5
Obligation [agent=a3, obligation=null, sanction=null, deadline=null, time=null, clock=null] 2013-06-12 15:14:59.229 - 2013-06-12 15:18:46.914
Event sent to agent      a3 obligation(makeReading(8, 6), 112, reduce_400(a3))
Event sent to agent      a3 obligation(makeReading(8, 6), 176, reduce_400(a3))
Event sent to agent      a3 obligation(makeReading(8, 6), 231, reduce_400(a3))
Event sent to agent      a3 obligation(makeReading(8, 6), 286, reduce_400(a3))
Organization notifies agent (write): Obligation [agent=a1, obligation=[makeReading(8, 6)], sanction=[reduce_400(a1)], deadline=341, time=2013-06-12 15:18:47.304, clock=0]
got reading: Reading [id=null, agent=a1, cell=Cell [x=8, y=6], time=2013-06-12 15:18:47.365, value=0.0, clock=0]
agent prohibition notification a1 number 9
Prohibition [agent=a1, prohibition=null, sanction=null, clock=null, time=null] 2013-06-12 15:14:00.111 - 2013-06-12 15:18:47.37
Event sent to agent      a1 prohibition(reading(5, 5, a1), reduce_300(a1))
Event sent to agent      a1 prohibition(at(5, 5, a1), reduce_300(a1))
Event sent to agent      a1 prohibition(reading(5, 5, a1), reduce_300(a1))
Event sent to agent      a1 prohibition(reading(5, 5, a1), reduce_300(a1))
Event sent to agent      a1 prohibition(reading(5, 5, a1), reduce_300(a1))
agent prohibition notification a2 number 9
Prohibition [agent=a2, prohibition=null, sanction=null, clock=null, time=null] 2013-06-12 15:14:59.517 - 2013-06-12 15:18:47.589
Event sent to agent      a2 prohibition(reading(8, 19, a2), reduce_300(a2))
Event sent to agent      a2 prohibition(reading(8, 19, a2), reduce_300(a2))
Event sent to agent      a2 prohibition(reading(8, 19, a2), reduce_300(a2))
Event sent to agent      a2 prohibition(reading(8, 19, a2), reduce_300(a2))
agent prohibition notification a3 number 9
Organization notifies agent (write): Obligation [agent=a2, obligation=[makeReading(8, 6)], sanction=[reduce_400(a2)], deadline=341, time=2013-06-12 15:18:47.914, clock=0]
Prohibition [agent=a3, prohibition=null, sanction=null, clock=null, time=null] 2013-06-12 15:14:59.75 - 2013-06-12 15:18:47.803
Event sent to agent      a3 prohibition(reading(11, 1, a3), reduce_300(a3))
Event sent to agent      a3 prohibition(reading(11, 1, a3), reduce_300(a3))
Event sent to agent      a3 prohibition(reading(11, 1, a3), reduce_300(a3))
Event sent to agent      a3 prohibition(reading(11, 1, a3), reduce_300(a3))
got reading: Reading [id=null, agent=a3, cell=Cell [x=8, y=6], time=2013-06-12 15:18:48.248, value=0.0, clock=0]
got reading: Reading [id=null, agent=a2, cell=Cell [x=8, y=6], time=2013-06-12 15:18:48.511, value=0.0, clock=0]
agent obligation notification a1 number 6
Organization notifies agent (write): Obligation [agent=a3, obligation=[makeReading(8, 6)], sanction=[reduce_400(a3)], deadline=341, time=2013-06-12 15:18:48.525, clock=0]
Event processed aprohibition(reading(5, 5, a1), reduce_300(a1))
Event processed aprohibition(at(5, 5, a1), reduce_300(a1))
Event processed aprohibition(reading(5, 5, a1), reduce_300(a1))
Event processed aprohibition(reading(5, 5, a1), reduce_300(a1))
Event processed aprohibition(reading(5, 5, a1), reduce_300(a1))
Event processed adoptObligation(makeReading(8, 6), 112, reduce_400(a3))
Event processed adoptObligation(makeReading(8, 6), 176, reduce_400(a3))
Event processed adoptObligation(makeReading(8, 6), 231, reduce_400(a3))
Event processed adoptObligation(makeReading(8, 6), 286, reduce_400(a3))
Event processed aprohibition(reading(11, 1, a3), reduce_300(a3))
Event processed aprohibition(reading(11, 1, a3), reduce_300(a3))
Event processed aprohibition(reading(11, 1, a3), reduce_300(a3))
Event processed aprohibition(reading(11, 1, a3), reduce_300(a3))
Event processed adoptObligation(makeReading(8, 6), 112, reduce_400(a2))
Event processed aprohibition(reading(8, 19, a2), reduce_300(a2))
Event processed aprohibition(reading(8, 19, a2), reduce_300(a2))
Event processed aprohibition(reading(8, 19, a2), reduce_300(a2))
Event processed aprohibition(reading(8, 19, a2), reduce_300(a2))
Obligation [agent=a1, obligation=null, sanction=null, deadline=null, time=null, clock=null] 2013-06-12 15:14:58.776 - 2013-06-12 15:18:48.524
Event sent to agent      a1 obligation(makeReading(8, 6), 176, reduce_400(a1))
Event sent to agent      a1 obligation(makeReading(8, 6), 231, reduce_400(a1))
Event sent to agent      a1 obligation(makeReading(8, 6), 286, reduce_400(a1))
Event sent to agent      a1 obligation(makeReading(8, 6), 341, reduce_400(a1))
agent obligation notification a2 number 6
Event processed adoptObligation(makeReading(8, 6), 176, reduce_400(a1))
Event processed adoptObligation(makeReading(8, 6), 231, reduce_400(a1))
Event processed adoptObligation(makeReading(8, 6), 286, reduce_400(a1))
Event processed adoptObligation(makeReading(8, 6), 341, reduce_400(a1))
Obligation [agent=a2, obligation=null, sanction=null, deadline=null, time=null, clock=null] 2013-06-12 15:16:01.293 - 2013-06-12 15:18:48.752
Event sent to agent      a2 obligation(makeReading(8, 6), 176, reduce_400(a2))
Event sent to agent      a2 obligation(makeReading(8, 6), 231, reduce_400(a2))
Event sent to agent      a2 obligation(makeReading(8, 6), 286, reduce_400(a2))
Event sent to agent      a2 obligation(makeReading(8, 6), 341, reduce_400(a2))
agent obligation notification a3 number 6
Event processed adoptObligation(makeReading(8, 6), 176, reduce_400(a2))
Event processed adoptObligation(makeReading(8, 6), 231, reduce_400(a2))
Event processed adoptObligation(makeReading(8, 6), 286, reduce_400(a2))
Event processed adoptObligation(makeReading(8, 6), 341, reduce_400(a2))
Obligation [agent=a3, obligation=null, sanction=null, deadline=null, time=null, clock=null] 2013-06-12 15:18:46.914 - 2013-06-12 15:18:48.969
Event sent to agent      a3 obligation(makeReading(8, 6), 341, reduce_400(a3))
org reading notification
Event processed adoptObligation(makeReading(8, 6), 341, reduce_400(a3))
Organization notifies agent (write): Prohibition [agent=a1, prohibition=[reading(8, 6, a1)], sanction=[reduce_300(a1)], clock=0, time=2013-06-12 15:18:49.344]
from/for agent a1  reading(position(8, 6))
Reading [id=null, agent=a1, cell=Cell [x=8, y=6], time=null, value=null, clock=null]
got reading: Reading [id=null, agent=a1, cell=Cell [x=8, y=6], time=2013-06-12 15:18:47.365, value=0.0, clock=0]
from/for agent a2  reading(position(8, 6))
Reading [id=null, agent=a2, cell=Cell [x=8, y=6], time=null, value=null, clock=null]
Organization notifies agent (write): Prohibition [agent=a2, prohibition=[reading(8, 6, a2)], sanction=[reduce_300(a2)], clock=0, time=2013-06-12 15:18:49.551]
got reading: Reading [id=null, agent=a2, cell=Cell [x=8, y=6], time=2013-06-12 15:18:48.511, value=0.0, clock=0]
Organization notifies agent (write): Prohibition [agent=a3, prohibition=[reading(8, 6, a3)], sanction=[reduce_300(a3)], clock=0, time=2013-06-12 15:18:49.758]
from/for agent a3  reading(position(8, 6))
Reading [id=null, agent=a3, cell=Cell [x=8, y=6], time=null, value=null, clock=null]
got reading: Reading [id=null, agent=a3, cell=Cell [x=8, y=6], time=2013-06-12 15:18:48.248, value=0.0, clock=0]
org reading notification
Organization notifies agent (write): Obligation [agent=a1, obligation=[makeReading(8, 6)], sanction=[reduce_400(a1)], deadline=389, time=2013-06-12 15:19:35.731, clock=0]
Organization notifies agent (write): Obligation [agent=a2, obligation=[makeReading(8, 6)], sanction=[reduce_400(a2)], deadline=389, time=2013-06-12 15:19:36.342, clock=0]
Organization notifies agent (write): Obligation [agent=a3, obligation=[makeReading(8, 6)], sanction=[reduce_400(a3)], deadline=389, time=2013-06-12 15:19:36.955, clock=0]
Organization notifies agent (write): Prohibition [agent=a1, prohibition=[reading(8, 6, a1)], sanction=[reduce_300(a1)], clock=0, time=2013-06-12 15:19:37.772]
Organization notifies agent (write): Prohibition [agent=a2, prohibition=[reading(8, 6, a2)], sanction=[reduce_300(a2)], clock=0, time=2013-06-12 15:19:37.978]
Organization notifies agent (write): Prohibition [agent=a3, prohibition=[reading(8, 6, a3)], sanction=[reduce_300(a3)], clock=0, time=2013-06-12 15:19:38.184]
agent obligation notification a3 number 7
Obligation [agent=a3, obligation=null, sanction=null, deadline=null, time=null, clock=null] 2013-06-12 15:18:48.969 - 2013-06-12 15:20:20.17
Event sent to agent      a3 obligation(makeReading(8, 6), 389, reduce_400(a3))
agent prohibition notification a1 number 11
Event processed adoptObligation(makeReading(8, 6), 389, reduce_400(a3))
Prohibition [agent=a1, prohibition=null, sanction=null, clock=null, time=null] 2013-06-12 15:18:47.37 - 2013-06-12 15:20:20.423
Event sent to agent      a1 prohibition(reading(8, 6, a1), reduce_300(a1))
Event sent to agent      a1 prohibition(reading(8, 6, a1), reduce_300(a1))
Event processed aprohibition(reading(8, 6, a1), reduce_300(a1))
Event processed aprohibition(reading(8, 6, a1), reduce_300(a1))
from/for agent a3  reading(position(8, 6))
Reading [id=null, agent=a3, cell=Cell [x=8, y=6], time=null, value=null, clock=null]
got reading: Reading [id=null, agent=a3, cell=Cell [x=8, y=6], time=2013-06-12 15:18:48.248, value=0.0, clock=0]
agent prohibition notification a2 number 11
Organization notifies agent (write): Obligation [agent=a1, obligation=[makeReading(8, 6)], sanction=[reduce_400(a1)], deadline=435, time=2013-06-12 15:20:21.232, clock=0]
Prohibition [agent=a2, prohibition=null, sanction=null, clock=null, time=null] 2013-06-12 15:18:47.589 - 2013-06-12 15:20:21.145
Event sent to agent      a2 prohibition(reading(8, 6, a2), reduce_300(a2))
Event sent to agent      a2 prohibition(reading(8, 6, a2), reduce_300(a2))
agent prohibition notification a3 number 11
Event processed aprohibition(reading(8, 6, a2), reduce_300(a2))
Event processed aprohibition(reading(8, 6, a2), reduce_300(a2))
Prohibition [agent=a3, prohibition=null, sanction=null, clock=null, time=null] 2013-06-12 15:18:47.803 - 2013-06-12 15:20:21.363
Event sent to agent      a3 prohibition(reading(8, 6, a3), reduce_300(a3))
Event sent to agent      a3 prohibition(reading(8, 6, a3), reduce_300(a3))
Event processed aprohibition(reading(8, 6, a3), reduce_300(a3))
Event processed aprohibition(reading(8, 6, a3), reduce_300(a3))
Organization notifies agent (write): Obligation [agent=a2, obligation=[makeReading(8, 6)], sanction=[reduce_400(a2)], deadline=435, time=2013-06-12 15:20:21.845, clock=0]
agent obligation notification a1 number 8
Obligation [agent=a1, obligation=null, sanction=null, deadline=null, time=null, clock=null] 2013-06-12 15:18:48.524 - 2013-06-12 15:20:21.931
Event sent to agent      a1 obligation(makeReading(8, 6), 389, reduce_400(a1))
Event sent to agent      a1 obligation(makeReading(8, 6), 435, reduce_400(a1))
agent obligation notification a2 number 8
Event processed adoptObligation(makeReading(8, 6), 389, reduce_400(a1))
Event processed adoptObligation(makeReading(8, 6), 435, reduce_400(a1))
Obligation [agent=a2, obligation=null, sanction=null, deadline=null, time=null, clock=null] 2013-06-12 15:18:48.752 - 2013-06-12 15:20:22.147
Event sent to agent      a2 obligation(makeReading(8, 6), 389, reduce_400(a2))
Event sent to agent      a2 obligation(makeReading(8, 6), 435, reduce_400(a2))
from/for agent a1  reading(position(8, 6))
Reading [id=null, agent=a1, cell=Cell [x=8, y=6], time=null, value=null, clock=null]
got reading: Reading [id=null, agent=a1, cell=Cell [x=8, y=6], time=2013-06-12 15:18:47.365, value=0.0, clock=0]
Event processed adoptObligation(makeReading(8, 6), 389, reduce_400(a2))
Event processed adoptObligation(makeReading(8, 6), 435, reduce_400(a2))
Organization notifies agent (write): Obligation [agent=a3, obligation=[makeReading(8, 6)], sanction=[reduce_400(a3)], deadline=435, time=2013-06-12 15:20:22.467, clock=0]
from/for agent a2  reading(position(8, 6))
Reading [id=null, agent=a2, cell=Cell [x=8, y=6], time=null, value=null, clock=null]
got reading: Reading [id=null, agent=a2, cell=Cell [x=8, y=6], time=2013-06-12 15:18:48.511, value=0.0, clock=0]
agent obligation notification a3 number 8
Obligation [agent=a3, obligation=null, sanction=null, deadline=null, time=null, clock=null] 2013-06-12 15:20:20.17 - 2013-06-12 15:20:23.021
Event sent to agent      a3 obligation(makeReading(8, 6), 435, reduce_400(a3))
Event processed adoptObligation(makeReading(8, 6), 435, reduce_400(a3))
Organization notifies agent (write): Prohibition [agent=a1, prohibition=[reading(8, 6, a1)], sanction=[reduce_300(a1)], clock=0, time=2013-06-12 15:20:23.3]
agent prohibition notification a1 number 12
from/for agent a3  reading(position(8, 6))
Reading [id=null, agent=a3, cell=Cell [x=8, y=6], time=null, value=null, clock=null]
got reading: Reading [id=null, agent=a3, cell=Cell [x=8, y=6], time=2013-06-12 15:18:48.248, value=0.0, clock=0]
Organization notifies agent (write): Prohibition [agent=a2, prohibition=[reading(8, 6, a2)], sanction=[reduce_300(a2)], clock=0, time=2013-06-12 15:20:23.677]
Prohibition [agent=a1, prohibition=null, sanction=null, clock=null, time=null] 2013-06-12 15:20:20.423 - 2013-06-12 15:20:23.48
Event sent to agent      a1 prohibition(reading(8, 6, a1), reduce_300(a1))
Event processed aprohibition(reading(8, 6, a1), reduce_300(a1))
Organization notifies agent (write): Prohibition [agent=a3, prohibition=[reading(8, 6, a3)], sanction=[reduce_300(a3)], clock=0, time=2013-06-12 15:20:23.889]
agent prohibition notification a2 number 12
Prohibition [agent=a2, prohibition=null, sanction=null, clock=null, time=null] 2013-06-12 15:20:21.145 - 2013-06-12 15:20:23.981
Event sent to agent      a2 prohibition(reading(8, 6, a2), reduce_300(a2))
Event processed aprohibition(reading(8, 6, a2), reduce_300(a2))
agent prohibition notification a3 number 12
Prohibition [agent=a3, prohibition=null, sanction=null, clock=null, time=null] 2013-06-12 15:20:21.363 - 2013-06-12 15:20:24.261
Event sent to agent      a3 prohibition(reading(8, 6, a3), reduce_300(a3))
Event processed aprohibition(reading(8, 6, a3), reduce_300(a3))
Organization notifies agent (write): Obligation [agent=a1, obligation=[makeReading(8, 6)], sanction=[reduce_400(a1)], deadline=480, time=2013-06-12 15:21:06.801, clock=0]
agent obligation notification a1 number 9
Obligation [agent=a1, obligation=null, sanction=null, deadline=null, time=null, clock=null] 2013-06-12 15:20:21.931 - 2013-06-12 15:21:06.804
Event sent to agent      a1 obligation(makeReading(8, 6), 480, reduce_400(a1))
Event processed adoptObligation(makeReading(8, 6), 480, reduce_400(a1))
from/for agent a1  reading(position(8, 6))
Reading [id=null, agent=a1, cell=Cell [x=8, y=6], time=null, value=null, clock=null]
got reading: Reading [id=null, agent=a1, cell=Cell [x=8, y=6], time=2013-06-12 15:18:47.365, value=0.0, clock=0]
Organization notifies agent (write): Obligation [agent=a2, obligation=[makeReading(8, 6)], sanction=[reduce_400(a2)], deadline=480, time=2013-06-12 15:21:07.415, clock=0]
agent obligation notification a2 number 9
Obligation [agent=a2, obligation=null, sanction=null, deadline=null, time=null, clock=null] 2013-06-12 15:20:22.147 - 2013-06-12 15:21:07.489
Event sent to agent      a2 obligation(makeReading(8, 6), 480, reduce_400(a2))
Event processed adoptObligation(makeReading(8, 6), 480, reduce_400(a2))
from/for agent a2  reading(position(8, 6))
Reading [id=null, agent=a2, cell=Cell [x=8, y=6], time=null, value=null, clock=null]
got reading: Reading [id=null, agent=a2, cell=Cell [x=8, y=6], time=2013-06-12 15:18:48.511, value=0.0, clock=0]
Organization notifies agent (write): Obligation [agent=a3, obligation=[makeReading(8, 6)], sanction=[reduce_400(a3)], deadline=480, time=2013-06-12 15:21:08.031, clock=0]
agent obligation notification a3 number 9
Obligation [agent=a3, obligation=null, sanction=null, deadline=null, time=null, clock=null] 2013-06-12 15:20:23.021 - 2013-06-12 15:21:08.175
Event sent to agent      a3 obligation(makeReading(8, 6), 480, reduce_400(a3))
Event processed adoptObligation(makeReading(8, 6), 480, reduce_400(a3))
from/for agent a3  reading(position(8, 6))
Reading [id=null, agent=a3, cell=Cell [x=8, y=6], time=null, value=null, clock=null]
got reading: Reading [id=null, agent=a3, cell=Cell [x=8, y=6], time=2013-06-12 15:18:48.248, value=0.0, clock=0]
Organization notifies agent (write): Prohibition [agent=a1, prohibition=[reading(8, 6, a1)], sanction=[reduce_300(a1)], clock=0, time=2013-06-12 15:21:08.852]
agent prohibition notification a1 number 13
Organization notifies agent (write): Prohibition [agent=a2, prohibition=[reading(8, 6, a2)], sanction=[reduce_300(a2)], clock=0, time=2013-06-12 15:21:09.065]
Prohibition [agent=a1, prohibition=null, sanction=null, clock=null, time=null] 2013-06-12 15:20:23.48 - 2013-06-12 15:21:08.966
Event sent to agent      a1 prohibition(reading(8, 6, a1), reduce_300(a1))
agent prohibition notification a2 number 13
Event processed aprohibition(reading(8, 6, a1), reduce_300(a1))
Organization notifies agent (write): Prohibition [agent=a3, prohibition=[reading(8, 6, a3)], sanction=[reduce_300(a3)], clock=0, time=2013-06-12 15:21:09.274]
Prohibition [agent=a2, prohibition=null, sanction=null, clock=null, time=null] 2013-06-12 15:20:23.981 - 2013-06-12 15:21:09.185
Event sent to agent      a2 prohibition(reading(8, 6, a2), reduce_300(a2))
agent prohibition notification a3 number 13
Event processed aprohibition(reading(8, 6, a2), reduce_300(a2))
Prohibition [agent=a3, prohibition=null, sanction=null, clock=null, time=null] 2013-06-12 15:20:24.261 - 2013-06-12 15:21:09.403
Event sent to agent      a3 prohibition(reading(8, 6, a3), reduce_300(a3))
Event processed aprohibition(reading(8, 6, a3), reduce_300(a3))
Organization notifies agent (write): Obligation [agent=a1, obligation=[makeReading(8, 6)], sanction=[reduce_400(a1)], deadline=526, time=2013-06-12 15:21:52.304, clock=0]
agent obligation notification a1 number 10
Obligation [agent=a1, obligation=null, sanction=null, deadline=null, time=null, clock=null] 2013-06-12 15:21:06.804 - 2013-06-12 15:21:52.306
Event sent to agent      a1 obligation(makeReading(8, 6), 526, reduce_400(a1))
Event processed adoptObligation(makeReading(8, 6), 526, reduce_400(a1))
from/for agent a1  reading(position(8, 6))
Reading [id=null, agent=a1, cell=Cell [x=8, y=6], time=null, value=null, clock=null]
got reading: Reading [id=null, agent=a1, cell=Cell [x=8, y=6], time=2013-06-12 15:18:47.365, value=0.0, clock=0]
Organization notifies agent (write): Obligation [agent=a2, obligation=[makeReading(8, 6)], sanction=[reduce_400(a2)], deadline=526, time=2013-06-12 15:21:52.917, clock=0]
agent obligation notification a2 number 10
Obligation [agent=a2, obligation=null, sanction=null, deadline=null, time=null, clock=null] 2013-06-12 15:21:07.489 - 2013-06-12 15:21:52.919
Event sent to agent      a2 obligation(makeReading(8, 6), 526, reduce_400(a2))
Event processed adoptObligation(makeReading(8, 6), 526, reduce_400(a2))
from/for agent a2  reading(position(8, 6))
Reading [id=null, agent=a2, cell=Cell [x=8, y=6], time=null, value=null, clock=null]
got reading: Reading [id=null, agent=a2, cell=Cell [x=8, y=6], time=2013-06-12 15:18:48.511, value=0.0, clock=0]
Organization notifies agent (write): Obligation [agent=a3, obligation=[makeReading(8, 6)], sanction=[reduce_400(a3)], deadline=526, time=2013-06-12 15:21:53.528, clock=0]
agent obligation notification a3 number 10
Obligation [agent=a3, obligation=null, sanction=null, deadline=null, time=null, clock=null] 2013-06-12 15:21:08.175 - 2013-06-12 15:21:53.53
Event sent to agent      a3 obligation(makeReading(8, 6), 526, reduce_400(a3))
Event processed adoptObligation(makeReading(8, 6), 526, reduce_400(a3))
from/for agent a3  reading(position(8, 6))
Reading [id=null, agent=a3, cell=Cell [x=8, y=6], time=null, value=null, clock=null]
got reading: Reading [id=null, agent=a3, cell=Cell [x=8, y=6], time=2013-06-12 15:18:48.248, value=0.0, clock=0]
Organization notifies agent (write): Prohibition [agent=a1, prohibition=[reading(8, 6, a1)], sanction=[reduce_300(a1)], clock=0, time=2013-06-12 15:21:54.351]
agent prohibition notification a1 number 14
Organization notifies agent (write): Prohibition [agent=a2, prohibition=[reading(8, 6, a2)], sanction=[reduce_300(a2)], clock=0, time=2013-06-12 15:21:54.56]
agent prohibition notification a2 number 14
Prohibition [agent=a1, prohibition=null, sanction=null, clock=null, time=null] 2013-06-12 15:21:08.966 - 2013-06-12 15:21:54.353
Event sent to agent      a1 prohibition(reading(8, 6, a1), reduce_300(a1))
Event processed aprohibition(reading(8, 6, a1), reduce_300(a1))
Organization notifies agent (write): Prohibition [agent=a3, prohibition=[reading(8, 6, a3)], sanction=[reduce_300(a3)], clock=0, time=2013-06-12 15:21:54.775]
agent prohibition notification a3 number 14
Prohibition [agent=a2, prohibition=null, sanction=null, clock=null, time=null] 2013-06-12 15:21:09.185 - 2013-06-12 15:21:54.563
Event sent to agent      a2 prohibition(reading(8, 6, a2), reduce_300(a2))
Event processed aprohibition(reading(8, 6, a2), reduce_300(a2))
Prohibition [agent=a3, prohibition=null, sanction=null, clock=null, time=null] 2013-06-12 15:21:09.403 - 2013-06-12 15:21:54.777
Event sent to agent      a3 prohibition(reading(8, 6, a3), reduce_300(a3))
Event processed aprohibition(reading(8, 6, a3), reduce_300(a3))
Organization notifies agent (write): Obligation [agent=a1, obligation=[makeReading(8, 6)], sanction=[reduce_400(a1)], deadline=571, time=2013-06-12 15:22:37.692, clock=0]
agent obligation notification a1 number 11
Obligation [agent=a1, obligation=null, sanction=null, deadline=null, time=null, clock=null] 2013-06-12 15:21:52.306 - 2013-06-12 15:22:37.693
Event sent to agent      a1 obligation(makeReading(8, 6), 571, reduce_400(a1))
Event processed adoptObligation(makeReading(8, 6), 571, reduce_400(a1))
from/for agent a1  reading(position(8, 6))
Reading [id=null, agent=a1, cell=Cell [x=8, y=6], time=null, value=null, clock=null]
got reading: Reading [id=null, agent=a1, cell=Cell [x=8, y=6], time=2013-06-12 15:18:47.365, value=0.0, clock=0]
Organization notifies agent (write): Obligation [agent=a2, obligation=[makeReading(8, 6)], sanction=[reduce_400(a2)], deadline=571, time=2013-06-12 15:22:38.303, clock=0]
agent obligation notification a2 number 11
Obligation [agent=a2, obligation=null, sanction=null, deadline=null, time=null, clock=null] 2013-06-12 15:21:52.919 - 2013-06-12 15:22:38.305
Event sent to agent      a2 obligation(makeReading(8, 6), 571, reduce_400(a2))
Event processed adoptObligation(makeReading(8, 6), 571, reduce_400(a2))
from/for agent a2  reading(position(8, 6))
Reading [id=null, agent=a2, cell=Cell [x=8, y=6], time=null, value=null, clock=null]
got reading: Reading [id=null, agent=a2, cell=Cell [x=8, y=6], time=2013-06-12 15:18:48.511, value=0.0, clock=0]
Organization notifies agent (write): Obligation [agent=a3, obligation=[makeReading(8, 6)], sanction=[reduce_400(a3)], deadline=571, time=2013-06-12 15:22:38.915, clock=0]
agent obligation notification a3 number 11
Obligation [agent=a3, obligation=null, sanction=null, deadline=null, time=null, clock=null] 2013-06-12 15:21:53.53 - 2013-06-12 15:22:38.918
Event sent to agent      a3 obligation(makeReading(8, 6), 571, reduce_400(a3))
Event processed adoptObligation(makeReading(8, 6), 571, reduce_400(a3))
from/for agent a3  reading(position(8, 6))
Reading [id=null, agent=a3, cell=Cell [x=8, y=6], time=null, value=null, clock=null]
got reading: Reading [id=null, agent=a3, cell=Cell [x=8, y=6], time=2013-06-12 15:18:48.248, value=0.0, clock=0]
Organization notifies agent (write): Prohibition [agent=a1, prohibition=[reading(8, 6, a1)], sanction=[reduce_300(a1)], clock=0, time=2013-06-12 15:22:39.737]
agent prohibition notification a1 number 15
Organization notifies agent (write): Prohibition [agent=a2, prohibition=[reading(8, 6, a2)], sanction=[reduce_300(a2)], clock=0, time=2013-06-12 15:22:39.947]
agent prohibition notification a2 number 15
Prohibition [agent=a1, prohibition=null, sanction=null, clock=null, time=null] 2013-06-12 15:21:54.353 - 2013-06-12 15:22:39.739
Event sent to agent      a1 prohibition(reading(8, 6, a1), reduce_300(a1))
Event processed aprohibition(reading(8, 6, a1), reduce_300(a1))
Organization notifies agent (write): Prohibition [agent=a3, prohibition=[reading(8, 6, a3)], sanction=[reduce_300(a3)], clock=0, time=2013-06-12 15:22:40.166]
agent prohibition notification a3 number 15
Prohibition [agent=a2, prohibition=null, sanction=null, clock=null, time=null] 2013-06-12 15:21:54.563 - 2013-06-12 15:22:39.951
Event sent to agent      a2 prohibition(reading(8, 6, a2), reduce_300(a2))
Event processed aprohibition(reading(8, 6, a2), reduce_300(a2))
Prohibition [agent=a3, prohibition=null, sanction=null, clock=null, time=null] 2013-06-12 15:21:54.777 - 2013-06-12 15:22:40.169
Event sent to agent      a3 prohibition(reading(8, 6, a3), reduce_300(a3))
Event processed aprohibition(reading(8, 6, a3), reduce_300(a3))
org reading notification
Organization notifies agent (write): Obligation [agent=a1, obligation=[makeReading(8, 6)], sanction=[reduce_400(a1)], deadline=616, time=2013-06-12 15:23:23.138, clock=0]
agent obligation notification a1 number 12
Obligation [agent=a1, obligation=null, sanction=null, deadline=null, time=null, clock=null] 2013-06-12 15:22:37.693 - 2013-06-12 15:23:23.142
Event sent to agent      a1 obligation(makeReading(8, 6), 616, reduce_400(a1))
Event processed adoptObligation(makeReading(8, 6), 616, reduce_400(a1))
from/for agent a1  reading(position(8, 6))
Reading [id=null, agent=a1, cell=Cell [x=8, y=6], time=null, value=null, clock=null]
got reading: Reading [id=null, agent=a1, cell=Cell [x=8, y=6], time=2013-06-12 15:18:47.365, value=0.0, clock=0]
Organization notifies agent (write): Obligation [agent=a2, obligation=[makeReading(8, 6)], sanction=[reduce_400(a2)], deadline=616, time=2013-06-12 15:23:23.752, clock=0]
agent obligation notification a2 number 12
Obligation [agent=a2, obligation=null, sanction=null, deadline=null, time=null, clock=null] 2013-06-12 15:22:38.305 - 2013-06-12 15:23:23.758
Event sent to agent      a2 obligation(makeReading(8, 6), 616, reduce_400(a2))
Event processed adoptObligation(makeReading(8, 6), 616, reduce_400(a2))
from/for agent a2  reading(position(8, 6))
Reading [id=null, agent=a2, cell=Cell [x=8, y=6], time=null, value=null, clock=null]
got reading: Reading [id=null, agent=a2, cell=Cell [x=8, y=6], time=2013-06-12 15:18:48.511, value=0.0, clock=0]
Organization notifies agent (write): Obligation [agent=a3, obligation=[makeReading(8, 6)], sanction=[reduce_400(a3)], deadline=616, time=2013-06-12 15:23:24.37, clock=0]
agent obligation notification a3 number 12
Obligation [agent=a3, obligation=null, sanction=null, deadline=null, time=null, clock=null] 2013-06-12 15:22:38.918 - 2013-06-12 15:23:24.372
Event sent to agent      a3 obligation(makeReading(8, 6), 616, reduce_400(a3))
Event processed adoptObligation(makeReading(8, 6), 616, reduce_400(a3))
from/for agent a3  reading(position(8, 6))
Reading [id=null, agent=a3, cell=Cell [x=8, y=6], time=null, value=null, clock=null]
got reading: Reading [id=null, agent=a3, cell=Cell [x=8, y=6], time=2013-06-12 15:18:48.248, value=0.0, clock=0]
Organization notifies agent (write): Prohibition [agent=a1, prohibition=[reading(8, 6, a1)], sanction=[reduce_300(a1)], clock=0, time=2013-06-12 15:23:25.191]
agent prohibition notification a1 number 16
Organization notifies agent (write): Prohibition [agent=a2, prohibition=[reading(8, 6, a2)], sanction=[reduce_300(a2)], clock=0, time=2013-06-12 15:23:25.404]
agent prohibition notification a2 number 16
Prohibition [agent=a1, prohibition=null, sanction=null, clock=null, time=null] 2013-06-12 15:22:39.739 - 2013-06-12 15:23:25.193
Event sent to agent      a1 prohibition(reading(8, 6, a1), reduce_300(a1))
Event processed aprohibition(reading(8, 6, a1), reduce_300(a1))
Organization notifies agent (write): Prohibition [agent=a3, prohibition=[reading(8, 6, a3)], sanction=[reduce_300(a3)], clock=0, time=2013-06-12 15:23:25.618]
agent prohibition notification a3 number 16
Prohibition [agent=a2, prohibition=null, sanction=null, clock=null, time=null] 2013-06-12 15:22:39.951 - 2013-06-12 15:23:25.407
Event sent to agent      a2 prohibition(reading(8, 6, a2), reduce_300(a2))
Event processed aprohibition(reading(8, 6, a2), reduce_300(a2))
Prohibition [agent=a3, prohibition=null, sanction=null, clock=null, time=null] 2013-06-12 15:22:40.169 - 2013-06-12 15:23:25.62
Event sent to agent      a3 prohibition(reading(8, 6, a3), reduce_300(a3))
Event processed aprohibition(reading(8, 6, a3), reduce_300(a3))
org reading notification
Organization notifies agent (write): Obligation [agent=a1, obligation=[makeReading(8, 6)], sanction=[reduce_400(a1)], deadline=662, time=2013-06-12 15:24:08.705, clock=0]
agent obligation notification a1 number 13
Obligation [agent=a1, obligation=null, sanction=null, deadline=null, time=null, clock=null] 2013-06-12 15:23:23.142 - 2013-06-12 15:24:08.707
Event sent to agent      a1 obligation(makeReading(8, 6), 662, reduce_400(a1))
Event processed adoptObligation(makeReading(8, 6), 662, reduce_400(a1))
from/for agent a1  reading(position(8, 6))
Reading [id=null, agent=a1, cell=Cell [x=8, y=6], time=null, value=null, clock=null]
got reading: Reading [id=null, agent=a1, cell=Cell [x=8, y=6], time=2013-06-12 15:18:47.365, value=0.0, clock=0]
Organization notifies agent (write): Obligation [agent=a2, obligation=[makeReading(8, 6)], sanction=[reduce_400(a2)], deadline=662, time=2013-06-12 15:24:09.315, clock=0]
agent obligation notification a2 number 13
Obligation [agent=a2, obligation=null, sanction=null, deadline=null, time=null, clock=null] 2013-06-12 15:23:23.758 - 2013-06-12 15:24:09.44
Event sent to agent      a2 obligation(makeReading(8, 6), 662, reduce_400(a2))
Event processed adoptObligation(makeReading(8, 6), 662, reduce_400(a2))
from/for agent a2  reading(position(8, 6))
Reading [id=null, agent=a2, cell=Cell [x=8, y=6], time=null, value=null, clock=null]
got reading: Reading [id=null, agent=a2, cell=Cell [x=8, y=6], time=2013-06-12 15:18:48.511, value=0.0, clock=0]
Organization notifies agent (write): Obligation [agent=a3, obligation=[makeReading(8, 6)], sanction=[reduce_400(a3)], deadline=662, time=2013-06-12 15:24:09.929, clock=0]
agent obligation notification a3 number 13
Obligation [agent=a3, obligation=null, sanction=null, deadline=null, time=null, clock=null] 2013-06-12 15:23:24.372 - 2013-06-12 15:24:10.175
Event sent to agent      a3 obligation(makeReading(8, 6), 662, reduce_400(a3))
Event processed adoptObligation(makeReading(8, 6), 662, reduce_400(a3))
from/for agent a3  reading(position(8, 6))
Reading [id=null, agent=a3, cell=Cell [x=8, y=6], time=null, value=null, clock=null]
got reading: Reading [id=null, agent=a3, cell=Cell [x=8, y=6], time=2013-06-12 15:18:48.248, value=0.0, clock=0]
Organization notifies agent (write): Prohibition [agent=a1, prohibition=[reading(8, 6, a1)], sanction=[reduce_300(a1)], clock=0, time=2013-06-12 15:24:10.754]
agent prohibition notification a1 number 17
Organization notifies agent (write): Prohibition [agent=a2, prohibition=[reading(8, 6, a2)], sanction=[reduce_300(a2)], clock=0, time=2013-06-12 15:24:10.968]
Prohibition [agent=a1, prohibition=null, sanction=null, clock=null, time=null] 2013-06-12 15:23:25.193 - 2013-06-12 15:24:10.953
Event sent to agent      a1 prohibition(reading(8, 6, a1), reduce_300(a1))
agent prohibition notification a2 number 17
Organization notifies agent (write): Prohibition [agent=a3, prohibition=[reading(8, 6, a3)], sanction=[reduce_300(a3)], clock=0, time=2013-06-12 15:24:11.176]
Event processed aprohibition(reading(8, 6, a1), reduce_300(a1))
Prohibition [agent=a2, prohibition=null, sanction=null, clock=null, time=null] 2013-06-12 15:23:25.407 - 2013-06-12 15:24:11.171
Event sent to agent      a2 prohibition(reading(8, 6, a2), reduce_300(a2))
agent prohibition notification a3 number 17
Event processed aprohibition(reading(8, 6, a2), reduce_300(a2))
Prohibition [agent=a3, prohibition=null, sanction=null, clock=null, time=null] 2013-06-12 15:23:25.62 - 2013-06-12 15:24:11.393
Event sent to agent      a3 prohibition(reading(8, 6, a3), reduce_300(a3))
Event processed aprohibition(reading(8, 6, a3), reduce_300(a3))
Organization notifies agent (write): Obligation [agent=a1, obligation=[makeReading(8, 6)], sanction=[reduce_400(a1)], deadline=707, time=2013-06-12 15:24:54.229, clock=0]
agent obligation notification a1 number 14
Obligation [agent=a1, obligation=null, sanction=null, deadline=null, time=null, clock=null] 2013-06-12 15:24:08.707 - 2013-06-12 15:24:54.231
Event sent to agent      a1 obligation(makeReading(8, 6), 707, reduce_400(a1))
Event processed adoptObligation(makeReading(8, 6), 707, reduce_400(a1))
from/for agent a1  reading(position(8, 6))
Reading [id=null, agent=a1, cell=Cell [x=8, y=6], time=null, value=null, clock=null]
got reading: Reading [id=null, agent=a1, cell=Cell [x=8, y=6], time=2013-06-12 15:18:47.365, value=0.0, clock=0]
Organization notifies agent (write): Obligation [agent=a2, obligation=[makeReading(8, 6)], sanction=[reduce_400(a2)], deadline=707, time=2013-06-12 15:24:54.841, clock=0]
agent obligation notification a2 number 14
Obligation [agent=a2, obligation=null, sanction=null, deadline=null, time=null, clock=null] 2013-06-12 15:24:09.44 - 2013-06-12 15:24:54.848
Event sent to agent      a2 obligation(makeReading(8, 6), 707, reduce_400(a2))
Event processed adoptObligation(makeReading(8, 6), 707, reduce_400(a2))
from/for agent a2  reading(position(8, 6))
Reading [id=null, agent=a2, cell=Cell [x=8, y=6], time=null, value=null, clock=null]
got reading: Reading [id=null, agent=a2, cell=Cell [x=8, y=6], time=2013-06-12 15:18:48.511, value=0.0, clock=0]
Organization notifies agent (write): Obligation [agent=a3, obligation=[makeReading(8, 6)], sanction=[reduce_400(a3)], deadline=707, time=2013-06-12 15:24:55.459, clock=0]
agent obligation notification a3 number 14
Obligation [agent=a3, obligation=null, sanction=null, deadline=null, time=null, clock=null] 2013-06-12 15:24:10.175 - 2013-06-12 15:24:55.461
Event sent to agent      a3 obligation(makeReading(8, 6), 707, reduce_400(a3))
Event processed adoptObligation(makeReading(8, 6), 707, reduce_400(a3))
from/for agent a3  reading(position(8, 6))
Reading [id=null, agent=a3, cell=Cell [x=8, y=6], time=null, value=null, clock=null]
got reading: Reading [id=null, agent=a3, cell=Cell [x=8, y=6], time=2013-06-12 15:18:48.248, value=0.0, clock=0]
Organization notifies agent (write): Prohibition [agent=a1, prohibition=[reading(8, 6, a1)], sanction=[reduce_300(a1)], clock=0, time=2013-06-12 15:24:56.281]
agent prohibition notification a1 number 18
Organization notifies agent (write): Prohibition [agent=a2, prohibition=[reading(8, 6, a2)], sanction=[reduce_300(a2)], clock=0, time=2013-06-12 15:24:56.499]
Prohibition [agent=a1, prohibition=null, sanction=null, clock=null, time=null] 2013-06-12 15:24:10.953 - 2013-06-12 15:24:56.283
Event sent to agent      a1 prohibition(reading(8, 6, a1), reduce_300(a1))
agent prohibition notification a2 number 18
Event processed aprohibition(reading(8, 6, a1), reduce_300(a1))
Organization notifies agent (write): Prohibition [agent=a3, prohibition=[reading(8, 6, a3)], sanction=[reduce_300(a3)], clock=0, time=2013-06-12 15:24:56.713]
Prohibition [agent=a2, prohibition=null, sanction=null, clock=null, time=null] 2013-06-12 15:24:11.171 - 2013-06-12 15:24:56.51
Event sent to agent      a2 prohibition(reading(8, 6, a2), reduce_300(a2))
agent prohibition notification a3 number 18
Event processed aprohibition(reading(8, 6, a2), reduce_300(a2))
Prohibition [agent=a3, prohibition=null, sanction=null, clock=null, time=null] 2013-06-12 15:24:11.393 - 2013-06-12 15:24:56.732
Event sent to agent      a3 prohibition(reading(8, 6, a3), reduce_300(a3))
Event processed aprohibition(reading(8, 6, a3), reduce_300(a3))
Organization notifies agent (write): Obligation [agent=a1, obligation=[makeReading(8, 6)], sanction=[reduce_400(a1)], deadline=753, time=2013-06-12 15:25:39.818, clock=0]
agent obligation notification a1 number 15
Obligation [agent=a1, obligation=null, sanction=null, deadline=null, time=null, clock=null] 2013-06-12 15:24:54.231 - 2013-06-12 15:25:39.821
Event sent to agent      a1 obligation(makeReading(8, 6), 753, reduce_400(a1))
Event processed adoptObligation(makeReading(8, 6), 753, reduce_400(a1))
from/for agent a1  reading(position(8, 6))
Reading [id=null, agent=a1, cell=Cell [x=8, y=6], time=null, value=null, clock=null]
got reading: Reading [id=null, agent=a1, cell=Cell [x=8, y=6], time=2013-06-12 15:18:47.365, value=0.0, clock=0]
Organization notifies agent (write): Obligation [agent=a2, obligation=[makeReading(8, 6)], sanction=[reduce_400(a2)], deadline=753, time=2013-06-12 15:25:40.431, clock=0]
agent obligation notification a2 number 15
Obligation [agent=a2, obligation=null, sanction=null, deadline=null, time=null, clock=null] 2013-06-12 15:24:54.848 - 2013-06-12 15:25:40.434
Event sent to agent      a2 obligation(makeReading(8, 6), 753, reduce_400(a2))
Event processed adoptObligation(makeReading(8, 6), 753, reduce_400(a2))
from/for agent a2  reading(position(8, 6))
Reading [id=null, agent=a2, cell=Cell [x=8, y=6], time=null, value=null, clock=null]
got reading: Reading [id=null, agent=a2, cell=Cell [x=8, y=6], time=2013-06-12 15:18:48.511, value=0.0, clock=0]
Organization notifies agent (write): Obligation [agent=a3, obligation=[makeReading(8, 6)], sanction=[reduce_400(a3)], deadline=753, time=2013-06-12 15:25:41.041, clock=0]
agent obligation notification a3 number 15
Obligation [agent=a3, obligation=null, sanction=null, deadline=null, time=null, clock=null] 2013-06-12 15:24:55.461 - 2013-06-12 15:25:41.139
Event sent to agent      a3 obligation(makeReading(8, 6), 753, reduce_400(a3))
Event processed adoptObligation(makeReading(8, 6), 753, reduce_400(a3))
from/for agent a3  reading(position(8, 6))
Reading [id=null, agent=a3, cell=Cell [x=8, y=6], time=null, value=null, clock=null]
got reading: Reading [id=null, agent=a3, cell=Cell [x=8, y=6], time=2013-06-12 15:18:48.248, value=0.0, clock=0]
Organization notifies agent (write): Prohibition [agent=a1, prohibition=[reading(8, 6, a1)], sanction=[reduce_300(a1)], clock=0, time=2013-06-12 15:25:41.866]
agent prohibition notification a1 number 19
Organization notifies agent (write): Prohibition [agent=a2, prohibition=[reading(8, 6, a2)], sanction=[reduce_300(a2)], clock=0, time=2013-06-12 15:25:42.092]
Prohibition [agent=a1, prohibition=null, sanction=null, clock=null, time=null] 2013-06-12 15:24:56.283 - 2013-06-12 15:25:41.974
Event sent to agent      a1 prohibition(reading(8, 6, a1), reduce_300(a1))
agent prohibition notification a2 number 19
Event processed aprohibition(reading(8, 6, a1), reduce_300(a1))
Organization notifies agent (write): Prohibition [agent=a3, prohibition=[reading(8, 6, a3)], sanction=[reduce_300(a3)], clock=0, time=2013-06-12 15:25:42.306]
Prohibition [agent=a2, prohibition=null, sanction=null, clock=null, time=null] 2013-06-12 15:24:56.51 - 2013-06-12 15:25:42.196
Event sent to agent      a2 prohibition(reading(8, 6, a2), reduce_300(a2))
agent prohibition notification a3 number 19
Event processed aprohibition(reading(8, 6, a2), reduce_300(a2))
Prohibition [agent=a3, prohibition=null, sanction=null, clock=null, time=null] 2013-06-12 15:24:56.732 - 2013-06-12 15:25:42.427
Event sent to agent      a3 prohibition(reading(8, 6, a3), reduce_300(a3))
Event processed aprohibition(reading(8, 6, a3), reduce_300(a3))
Organization notifies agent (write): Obligation [agent=a1, obligation=[makeReading(8, 6)], sanction=[reduce_400(a1)], deadline=799, time=2013-06-12 15:26:25.532, clock=0]
agent obligation notification a1 number 16
Obligation [agent=a1, obligation=null, sanction=null, deadline=null, time=null, clock=null] 2013-06-12 15:25:39.821 - 2013-06-12 15:26:25.582
Event sent to agent      a1 obligation(makeReading(8, 6), 799, reduce_400(a1))
Event processed adoptObligation(makeReading(8, 6), 799, reduce_400(a1))
from/for agent a1  reading(position(8, 6))
Reading [id=null, agent=a1, cell=Cell [x=8, y=6], time=null, value=null, clock=null]
got reading: Reading [id=null, agent=a1, cell=Cell [x=8, y=6], time=2013-06-12 15:18:47.365, value=0.0, clock=0]
Organization notifies agent (write): Obligation [agent=a2, obligation=[makeReading(8, 6)], sanction=[reduce_400(a2)], deadline=799, time=2013-06-12 15:26:26.195, clock=0]
agent obligation notification a2 number 16
Obligation [agent=a2, obligation=null, sanction=null, deadline=null, time=null, clock=null] 2013-06-12 15:25:40.434 - 2013-06-12 15:26:26.198
Event sent to agent      a2 obligation(makeReading(8, 6), 799, reduce_400(a2))
Event processed adoptObligation(makeReading(8, 6), 799, reduce_400(a2))
from/for agent a2  reading(position(8, 6))
Reading [id=null, agent=a2, cell=Cell [x=8, y=6], time=null, value=null, clock=null]
got reading: Reading [id=null, agent=a2, cell=Cell [x=8, y=6], time=2013-06-12 15:18:48.511, value=0.0, clock=0]
Organization notifies agent (write): Obligation [agent=a3, obligation=[makeReading(8, 6)], sanction=[reduce_400(a3)], deadline=799, time=2013-06-12 15:26:26.806, clock=0]
agent obligation notification a3 number 16
Obligation [agent=a3, obligation=null, sanction=null, deadline=null, time=null, clock=null] 2013-06-12 15:25:41.139 - 2013-06-12 15:26:26.809
Event sent to agent      a3 obligation(makeReading(8, 6), 799, reduce_400(a3))
Event processed adoptObligation(makeReading(8, 6), 799, reduce_400(a3))
from/for agent a3  reading(position(8, 6))
Reading [id=null, agent=a3, cell=Cell [x=8, y=6], time=null, value=null, clock=null]
got reading: Reading [id=null, agent=a3, cell=Cell [x=8, y=6], time=2013-06-12 15:18:48.248, value=0.0, clock=0]
Organization notifies agent (write): Prohibition [agent=a1, prohibition=[reading(8, 6, a1)], sanction=[reduce_300(a1)], clock=0, time=2013-06-12 15:26:27.642]
agent prohibition notification a1 number 20
Organization notifies agent (write): Prohibition [agent=a2, prohibition=[reading(8, 6, a2)], sanction=[reduce_300(a2)], clock=0, time=2013-06-12 15:26:27.867]
agent prohibition notification a2 number 20
Prohibition [agent=a1, prohibition=null, sanction=null, clock=null, time=null] 2013-06-12 15:25:41.974 - 2013-06-12 15:26:27.65
Event sent to agent      a1 prohibition(reading(8, 6, a1), reduce_300(a1))
Event processed aprohibition(reading(8, 6, a1), reduce_300(a1))
Organization notifies agent (write): Prohibition [agent=a3, prohibition=[reading(8, 6, a3)], sanction=[reduce_300(a3)], clock=0, time=2013-06-12 15:26:28.086]
agent prohibition notification a3 number 20
Prohibition [agent=a2, prohibition=null, sanction=null, clock=null, time=null] 2013-06-12 15:25:42.196 - 2013-06-12 15:26:27.87
Event sent to agent      a2 prohibition(reading(8, 6, a2), reduce_300(a2))
Event processed aprohibition(reading(8, 6, a2), reduce_300(a2))
Prohibition [agent=a3, prohibition=null, sanction=null, clock=null, time=null] 2013-06-12 15:25:42.427 - 2013-06-12 15:26:28.088
Event sent to agent      a3 prohibition(reading(8, 6, a3), reduce_300(a3))
Event processed aprohibition(reading(8, 6, a3), reduce_300(a3))
org reading notification
Organization notifies agent (write): Obligation [agent=a1, obligation=[makeReading(8, 6)], sanction=[reduce_400(a1)], deadline=844, time=2013-06-12 15:27:11.308, clock=0]
agent obligation notification a1 number 17
Obligation [agent=a1, obligation=null, sanction=null, deadline=null, time=null, clock=null] 2013-06-12 15:26:25.582 - 2013-06-12 15:27:11.31
Event sent to agent      a1 obligation(makeReading(8, 6), 844, reduce_400(a1))
Event processed adoptObligation(makeReading(8, 6), 844, reduce_400(a1))
from/for agent a1  reading(position(8, 6))
Reading [id=null, agent=a1, cell=Cell [x=8, y=6], time=null, value=null, clock=null]
got reading: Reading [id=null, agent=a1, cell=Cell [x=8, y=6], time=2013-06-12 15:18:47.365, value=0.0, clock=0]
Organization notifies agent (write): Obligation [agent=a2, obligation=[makeReading(8, 6)], sanction=[reduce_400(a2)], deadline=844, time=2013-06-12 15:27:11.921, clock=0]
agent obligation notification a2 number 17
Obligation [agent=a2, obligation=null, sanction=null, deadline=null, time=null, clock=null] 2013-06-12 15:26:26.198 - 2013-06-12 15:27:11.924
Event sent to agent      a2 obligation(makeReading(8, 6), 844, reduce_400(a2))
Event processed adoptObligation(makeReading(8, 6), 844, reduce_400(a2))
from/for agent a2  reading(position(8, 6))
Reading [id=null, agent=a2, cell=Cell [x=8, y=6], time=null, value=null, clock=null]
got reading: Reading [id=null, agent=a2, cell=Cell [x=8, y=6], time=2013-06-12 15:18:48.511, value=0.0, clock=0]
Organization notifies agent (write): Obligation [agent=a3, obligation=[makeReading(8, 6)], sanction=[reduce_400(a3)], deadline=844, time=2013-06-12 15:27:12.531, clock=0]
agent obligation notification a3 number 17
Obligation [agent=a3, obligation=null, sanction=null, deadline=null, time=null, clock=null] 2013-06-12 15:26:26.809 - 2013-06-12 15:27:12.534
Event sent to agent      a3 obligation(makeReading(8, 6), 844, reduce_400(a3))
Event processed adoptObligation(makeReading(8, 6), 844, reduce_400(a3))
from/for agent a3  reading(position(8, 6))
Reading [id=null, agent=a3, cell=Cell [x=8, y=6], time=null, value=null, clock=null]
got reading: Reading [id=null, agent=a3, cell=Cell [x=8, y=6], time=2013-06-12 15:18:48.248, value=0.0, clock=0]
Organization notifies agent (write): Prohibition [agent=a1, prohibition=[reading(8, 6, a1)], sanction=[reduce_300(a1)], clock=0, time=2013-06-12 15:27:13.363]
agent prohibition notification a1 number 21
Organization notifies agent (write): Prohibition [agent=a2, prohibition=[reading(8, 6, a2)], sanction=[reduce_300(a2)], clock=0, time=2013-06-12 15:27:13.581]
agent prohibition notification a2 number 21
Prohibition [agent=a1, prohibition=null, sanction=null, clock=null, time=null] 2013-06-12 15:26:27.65 - 2013-06-12 15:27:13.365
Event sent to agent      a1 prohibition(reading(8, 6, a1), reduce_300(a1))
Event processed aprohibition(reading(8, 6, a1), reduce_300(a1))
Organization notifies agent (write): Prohibition [agent=a3, prohibition=[reading(8, 6, a3)], sanction=[reduce_300(a3)], clock=0, time=2013-06-12 15:27:13.802]
agent prohibition notification a3 number 21
Prohibition [agent=a2, prohibition=null, sanction=null, clock=null, time=null] 2013-06-12 15:26:27.87 - 2013-06-12 15:27:13.585
Event sent to agent      a2 prohibition(reading(8, 6, a2), reduce_300(a2))
Event processed aprohibition(reading(8, 6, a2), reduce_300(a2))
Prohibition [agent=a3, prohibition=null, sanction=null, clock=null, time=null] 2013-06-12 15:26:28.088 - 2013-06-12 15:27:13.804
Event sent to agent      a3 prohibition(reading(8, 6, a3), reduce_300(a3))
Event processed aprohibition(reading(8, 6, a3), reduce_300(a3))
org reading notification
Organization notifies agent (write): Obligation [agent=a1, obligation=[makeReading(8, 6)], sanction=[reduce_400(a1)], deadline=879, time=2013-06-12 15:27:57.045, clock=0]
agent obligation notification a1 number 18
Obligation [agent=a1, obligation=null, sanction=null, deadline=null, time=null, clock=null] 2013-06-12 15:27:11.31 - 2013-06-12 15:27:57.048
Event sent to agent      a1 obligation(makeReading(8, 6), 879, reduce_400(a1))
Event processed adoptObligation(makeReading(8, 6), 879, reduce_400(a1))
from/for agent a1  reading(position(8, 6))
Reading [id=null, agent=a1, cell=Cell [x=8, y=6], time=null, value=null, clock=null]
got reading: Reading [id=null, agent=a1, cell=Cell [x=8, y=6], time=2013-06-12 15:18:47.365, value=0.0, clock=0]
Organization notifies agent (write): Obligation [agent=a2, obligation=[makeReading(8, 6)], sanction=[reduce_400(a2)], deadline=879, time=2013-06-12 15:27:57.659, clock=0]
agent obligation notification a2 number 18
Obligation [agent=a2, obligation=null, sanction=null, deadline=null, time=null, clock=null] 2013-06-12 15:27:11.924 - 2013-06-12 15:27:57.661
Event sent to agent      a2 obligation(makeReading(8, 6), 879, reduce_400(a2))
Event processed adoptObligation(makeReading(8, 6), 879, reduce_400(a2))
from/for agent a2  reading(position(8, 6))
Reading [id=null, agent=a2, cell=Cell [x=8, y=6], time=null, value=null, clock=null]
got reading: Reading [id=null, agent=a2, cell=Cell [x=8, y=6], time=2013-06-12 15:18:48.511, value=0.0, clock=0]
Organization notifies agent (write): Obligation [agent=a3, obligation=[makeReading(8, 6)], sanction=[reduce_400(a3)], deadline=879, time=2013-06-12 15:27:58.27, clock=0]
agent obligation notification a3 number 18
Obligation [agent=a3, obligation=null, sanction=null, deadline=null, time=null, clock=null] 2013-06-12 15:27:12.534 - 2013-06-12 15:27:58.275
Event sent to agent      a3 obligation(makeReading(8, 6), 879, reduce_400(a3))
Event processed adoptObligation(makeReading(8, 6), 879, reduce_400(a3))
from/for agent a3  reading(position(8, 6))
Reading [id=null, agent=a3, cell=Cell [x=8, y=6], time=null, value=null, clock=null]
got reading: Reading [id=null, agent=a3, cell=Cell [x=8, y=6], time=2013-06-12 15:18:48.248, value=0.0, clock=0]
Organization notifies agent (write): Prohibition [agent=a1, prohibition=[reading(8, 6, a1)], sanction=[reduce_300(a1)], clock=0, time=2013-06-12 15:27:59.099]
agent prohibition notification a1 number 22
Organization notifies agent (write): Prohibition [agent=a2, prohibition=[reading(8, 6, a2)], sanction=[reduce_300(a2)], clock=0, time=2013-06-12 15:27:59.316]
Prohibition [agent=a1, prohibition=null, sanction=null, clock=null, time=null] 2013-06-12 15:27:13.365 - 2013-06-12 15:27:59.101
Event sent to agent      a1 prohibition(reading(8, 6, a1), reduce_300(a1))
agent prohibition notification a2 number 22
Event processed aprohibition(reading(8, 6, a1), reduce_300(a1))
Organization notifies agent (write): Prohibition [agent=a3, prohibition=[reading(8, 6, a3)], sanction=[reduce_300(a3)], clock=0, time=2013-06-12 15:27:59.533]
Prohibition [agent=a2, prohibition=null, sanction=null, clock=null, time=null] 2013-06-12 15:27:13.585 - 2013-06-12 15:27:59.326
Event sent to agent      a2 prohibition(reading(8, 6, a2), reduce_300(a2))
agent prohibition notification a3 number 22
Event processed aprohibition(reading(8, 6, a2), reduce_300(a2))
Prohibition [agent=a3, prohibition=null, sanction=null, clock=null, time=null] 2013-06-12 15:27:13.804 - 2013-06-12 15:27:59.548
Event sent to agent      a3 prohibition(reading(8, 6, a3), reduce_300(a3))
Event processed aprohibition(reading(8, 6, a3), reduce_300(a3))
org reading notification
Organization notifies agent (write): Obligation [agent=a1, obligation=[makeReading(8, 6)], sanction=[reduce_400(a1)], deadline=879, time=2013-06-12 15:28:42.855, clock=0]
agent obligation notification a1 number 19
Obligation [agent=a1, obligation=null, sanction=null, deadline=null, time=null, clock=null] 2013-06-12 15:27:57.048 - 2013-06-12 15:28:42.858
Event sent to agent      a1 obligation(makeReading(8, 6), 879, reduce_400(a1))
Event processed adoptObligation(makeReading(8, 6), 879, reduce_400(a1))
from/for agent a1  reading(position(8, 6))
Reading [id=null, agent=a1, cell=Cell [x=8, y=6], time=null, value=null, clock=null]
got reading: Reading [id=null, agent=a1, cell=Cell [x=8, y=6], time=2013-06-12 15:18:47.365, value=0.0, clock=0]
Organization notifies agent (write): Obligation [agent=a2, obligation=[makeReading(8, 6)], sanction=[reduce_400(a2)], deadline=879, time=2013-06-12 15:28:43.466, clock=0]
agent obligation notification a2 number 19
Obligation [agent=a2, obligation=null, sanction=null, deadline=null, time=null, clock=null] 2013-06-12 15:27:57.661 - 2013-06-12 15:28:43.469
Event sent to agent      a2 obligation(makeReading(8, 6), 879, reduce_400(a2))
Event processed adoptObligation(makeReading(8, 6), 879, reduce_400(a2))
from/for agent a2  reading(position(8, 6))
Reading [id=null, agent=a2, cell=Cell [x=8, y=6], time=null, value=null, clock=null]
got reading: Reading [id=null, agent=a2, cell=Cell [x=8, y=6], time=2013-06-12 15:18:48.511, value=0.0, clock=0]
Organization notifies agent (write): Obligation [agent=a3, obligation=[makeReading(8, 6)], sanction=[reduce_400(a3)], deadline=879, time=2013-06-12 15:28:44.079, clock=0]
agent obligation notification a3 number 19
Obligation [agent=a3, obligation=null, sanction=null, deadline=null, time=null, clock=null] 2013-06-12 15:27:58.275 - 2013-06-12 15:28:44.083
Event sent to agent      a3 obligation(makeReading(8, 6), 879, reduce_400(a3))
Event processed adoptObligation(makeReading(8, 6), 879, reduce_400(a3))
from/for agent a3  reading(position(8, 6))
Reading [id=null, agent=a3, cell=Cell [x=8, y=6], time=null, value=null, clock=null]
got reading: Reading [id=null, agent=a3, cell=Cell [x=8, y=6], time=2013-06-12 15:18:48.248, value=0.0, clock=0]
Organization notifies agent (write): Prohibition [agent=a1, prohibition=[reading(8, 6, a1)], sanction=[reduce_300(a1)], clock=0, time=2013-06-12 15:28:44.909]
agent prohibition notification a1 number 23
Organization notifies agent (write): Prohibition [agent=a2, prohibition=[reading(8, 6, a2)], sanction=[reduce_300(a2)], clock=0, time=2013-06-12 15:28:45.123]
Prohibition [agent=a1, prohibition=null, sanction=null, clock=null, time=null] 2013-06-12 15:27:59.101 - 2013-06-12 15:28:44.911
Event sent to agent      a1 prohibition(reading(8, 6, a1), reduce_300(a1))
agent prohibition notification a2 number 23
Event processed aprohibition(reading(8, 6, a1), reduce_300(a1))
Organization notifies agent (write): Prohibition [agent=a3, prohibition=[reading(8, 6, a3)], sanction=[reduce_300(a3)], clock=0, time=2013-06-12 15:28:45.337]
Prohibition [agent=a2, prohibition=null, sanction=null, clock=null, time=null] 2013-06-12 15:27:59.326 - 2013-06-12 15:28:45.135
Event sent to agent      a2 prohibition(reading(8, 6, a2), reduce_300(a2))
agent prohibition notification a3 number 23
Event processed aprohibition(reading(8, 6, a2), reduce_300(a2))
Prohibition [agent=a3, prohibition=null, sanction=null, clock=null, time=null] 2013-06-12 15:27:59.548 - 2013-06-12 15:28:45.357
Event sent to agent      a3 prohibition(reading(8, 6, a3), reduce_300(a3))
Event processed aprohibition(reading(8, 6, a3), reduce_300(a3))
Organization notifies agent (write): Obligation [agent=a1, obligation=[makeReading(8, 6)], sanction=[reduce_400(a1)], deadline=879, time=2013-06-12 15:29:28.802, clock=0]
agent obligation notification a1 number 20
Obligation [agent=a1, obligation=null, sanction=null, deadline=null, time=null, clock=null] 2013-06-12 15:28:42.858 - 2013-06-12 15:29:28.805
Event sent to agent      a1 obligation(makeReading(8, 6), 879, reduce_400(a1))
Event processed adoptObligation(makeReading(8, 6), 879, reduce_400(a1))
from/for agent a1  reading(position(8, 6))
Reading [id=null, agent=a1, cell=Cell [x=8, y=6], time=null, value=null, clock=null]
got reading: Reading [id=null, agent=a1, cell=Cell [x=8, y=6], time=2013-06-12 15:18:47.365, value=0.0, clock=0]
Organization notifies agent (write): Obligation [agent=a2, obligation=[makeReading(8, 6)], sanction=[reduce_400(a2)], deadline=879, time=2013-06-12 15:29:29.415, clock=0]
agent obligation notification a2 number 20
Obligation [agent=a2, obligation=null, sanction=null, deadline=null, time=null, clock=null] 2013-06-12 15:28:43.469 - 2013-06-12 15:29:29.417
Event sent to agent      a2 obligation(makeReading(8, 6), 879, reduce_400(a2))
Event processed adoptObligation(makeReading(8, 6), 879, reduce_400(a2))
from/for agent a2  reading(position(8, 6))
Reading [id=null, agent=a2, cell=Cell [x=8, y=6], time=null, value=null, clock=null]
got reading: Reading [id=null, agent=a2, cell=Cell [x=8, y=6], time=2013-06-12 15:18:48.511, value=0.0, clock=0]
Organization notifies agent (write): Obligation [agent=a3, obligation=[makeReading(8, 6)], sanction=[reduce_400(a3)], deadline=879, time=2013-06-12 15:29:30.027, clock=0]
agent obligation notification a3 number 20
Obligation [agent=a3, obligation=null, sanction=null, deadline=null, time=null, clock=null] 2013-06-12 15:28:44.083 - 2013-06-12 15:29:30.029
Event sent to agent      a3 obligation(makeReading(8, 6), 879, reduce_400(a3))
Event processed adoptObligation(makeReading(8, 6), 879, reduce_400(a3))
from/for agent a3  reading(position(8, 6))
Reading [id=null, agent=a3, cell=Cell [x=8, y=6], time=null, value=null, clock=null]
got reading: Reading [id=null, agent=a3, cell=Cell [x=8, y=6], time=2013-06-12 15:18:48.248, value=0.0, clock=0]
Organization notifies agent (write): Prohibition [agent=a1, prohibition=[reading(8, 6, a1)], sanction=[reduce_300(a1)], clock=0, time=2013-06-12 15:29:30.851]
agent prohibition notification a1 number 24
Organization notifies agent (write): Prohibition [agent=a2, prohibition=[reading(8, 6, a2)], sanction=[reduce_300(a2)], clock=0, time=2013-06-12 15:29:31.066]
Prohibition [agent=a1, prohibition=null, sanction=null, clock=null, time=null] 2013-06-12 15:28:44.911 - 2013-06-12 15:29:30.853
agent prohibition notification a2 number 24
Event sent to agent      a1 prohibition(reading(8, 6, a1), reduce_300(a1))
Event processed aprohibition(reading(8, 6, a1), reduce_300(a1))
Organization notifies agent (write): Prohibition [agent=a3, prohibition=[reading(8, 6, a3)], sanction=[reduce_300(a3)], clock=0, time=2013-06-12 15:29:31.289]
agent prohibition notification a3 number 24
Prohibition [agent=a2, prohibition=null, sanction=null, clock=null, time=null] 2013-06-12 15:28:45.135 - 2013-06-12 15:29:31.071
Event sent to agent      a2 prohibition(reading(8, 6, a2), reduce_300(a2))
Event processed aprohibition(reading(8, 6, a2), reduce_300(a2))
Prohibition [agent=a3, prohibition=null, sanction=null, clock=null, time=null] 2013-06-12 15:28:45.357 - 2013-06-12 15:29:31.292
Event sent to agent      a3 prohibition(reading(8, 6, a3), reduce_300(a3))
Event processed aprohibition(reading(8, 6, a3), reduce_300(a3))
org reading notification
Organization notifies agent (write): Obligation [agent=a1, obligation=[makeReading(8, 6)], sanction=[reduce_400(a1)], deadline=879, time=2013-06-12 15:30:14.775, clock=0]
agent obligation notification a1 number 21
Obligation [agent=a1, obligation=null, sanction=null, deadline=null, time=null, clock=null] 2013-06-12 15:29:28.805 - 2013-06-12 15:30:14.777
Event sent to agent      a1 obligation(makeReading(8, 6), 879, reduce_400(a1))
Event processed adoptObligation(makeReading(8, 6), 879, reduce_400(a1))
from/for agent a1  reading(position(8, 6))
Reading [id=null, agent=a1, cell=Cell [x=8, y=6], time=null, value=null, clock=null]
got reading: Reading [id=null, agent=a1, cell=Cell [x=8, y=6], time=2013-06-12 15:18:47.365, value=0.0, clock=0]
Organization notifies agent (write): Obligation [agent=a2, obligation=[makeReading(8, 6)], sanction=[reduce_400(a2)], deadline=879, time=2013-06-12 15:30:15.391, clock=0]
agent obligation notification a2 number 21
Obligation [agent=a2, obligation=null, sanction=null, deadline=null, time=null, clock=null] 2013-06-12 15:29:29.417 - 2013-06-12 15:30:15.394
Event sent to agent      a2 obligation(makeReading(8, 6), 879, reduce_400(a2))
Event processed adoptObligation(makeReading(8, 6), 879, reduce_400(a2))
from/for agent a2  reading(position(8, 6))
Reading [id=null, agent=a2, cell=Cell [x=8, y=6], time=null, value=null, clock=null]
got reading: Reading [id=null, agent=a2, cell=Cell [x=8, y=6], time=2013-06-12 15:18:48.511, value=0.0, clock=0]
Organization notifies agent (write): Obligation [agent=a3, obligation=[makeReading(8, 6)], sanction=[reduce_400(a3)], deadline=879, time=2013-06-12 15:30:16.002, clock=0]
agent obligation notification a3 number 21
Obligation [agent=a3, obligation=null, sanction=null, deadline=null, time=null, clock=null] 2013-06-12 15:29:30.029 - 2013-06-12 15:30:16.005
Event sent to agent      a3 obligation(makeReading(8, 6), 879, reduce_400(a3))
Event processed adoptObligation(makeReading(8, 6), 879, reduce_400(a3))
from/for agent a3  reading(position(8, 6))
Reading [id=null, agent=a3, cell=Cell [x=8, y=6], time=null, value=null, clock=null]
got reading: Reading [id=null, agent=a3, cell=Cell [x=8, y=6], time=2013-06-12 15:18:48.248, value=0.0, clock=0]
Organization notifies agent (write): Prohibition [agent=a1, prohibition=[reading(8, 6, a1)], sanction=[reduce_300(a1)], clock=0, time=2013-06-12 15:30:16.84]
agent prohibition notification a1 number 25
Organization notifies agent (write): Prohibition [agent=a2, prohibition=[reading(8, 6, a2)], sanction=[reduce_300(a2)], clock=0, time=2013-06-12 15:30:17.054]
agent prohibition notification a2 number 25
Prohibition [agent=a1, prohibition=null, sanction=null, clock=null, time=null] 2013-06-12 15:29:30.853 - 2013-06-12 15:30:16.842
Event sent to agent      a1 prohibition(reading(8, 6, a1), reduce_300(a1))
Event processed aprohibition(reading(8, 6, a1), reduce_300(a1))
Organization notifies agent (write): Prohibition [agent=a3, prohibition=[reading(8, 6, a3)], sanction=[reduce_300(a3)], clock=0, time=2013-06-12 15:30:17.274]
agent prohibition notification a3 number 25
Prohibition [agent=a2, prohibition=null, sanction=null, clock=null, time=null] 2013-06-12 15:29:31.071 - 2013-06-12 15:30:17.056
Event sent to agent      a2 prohibition(reading(8, 6, a2), reduce_300(a2))
Event processed aprohibition(reading(8, 6, a2), reduce_300(a2))
Prohibition [agent=a3, prohibition=null, sanction=null, clock=null, time=null] 2013-06-12 15:29:31.292 - 2013-06-12 15:30:17.276
Event sent to agent      a3 prohibition(reading(8, 6, a3), reduce_300(a3))
Event processed aprohibition(reading(8, 6, a3), reduce_300(a3))
Organization notifies agent (write): Obligation [agent=a1, obligation=[makeReading(8, 6)], sanction=[reduce_400(a1)], deadline=879, time=2013-06-12 15:31:00.618, clock=0]
agent obligation notification a1 number 22
Obligation [agent=a1, obligation=null, sanction=null, deadline=null, time=null, clock=null] 2013-06-12 15:30:14.777 - 2013-06-12 15:31:00.621
Event sent to agent      a1 obligation(makeReading(8, 6), 879, reduce_400(a1))
Event processed adoptObligation(makeReading(8, 6), 879, reduce_400(a1))
from/for agent a1  reading(position(8, 6))
Reading [id=null, agent=a1, cell=Cell [x=8, y=6], time=null, value=null, clock=null]
got reading: Reading [id=null, agent=a1, cell=Cell [x=8, y=6], time=2013-06-12 15:18:47.365, value=0.0, clock=0]
Organization notifies agent (write): Obligation [agent=a2, obligation=[makeReading(8, 6)], sanction=[reduce_400(a2)], deadline=879, time=2013-06-12 15:31:01.238, clock=0]
agent obligation notification a2 number 22
Obligation [agent=a2, obligation=null, sanction=null, deadline=null, time=null, clock=null] 2013-06-12 15:30:15.394 - 2013-06-12 15:31:01.245
Event sent to agent      a2 obligation(makeReading(8, 6), 879, reduce_400(a2))
Event processed adoptObligation(makeReading(8, 6), 879, reduce_400(a2))
from/for agent a2  reading(position(8, 6))
Reading [id=null, agent=a2, cell=Cell [x=8, y=6], time=null, value=null, clock=null]
got reading: Reading [id=null, agent=a2, cell=Cell [x=8, y=6], time=2013-06-12 15:18:48.511, value=0.0, clock=0]
Organization notifies agent (write): Obligation [agent=a3, obligation=[makeReading(8, 6)], sanction=[reduce_400(a3)], deadline=879, time=2013-06-12 15:31:01.862, clock=0]
agent obligation notification a3 number 22
Obligation [agent=a3, obligation=null, sanction=null, deadline=null, time=null, clock=null] 2013-06-12 15:30:16.005 - 2013-06-12 15:31:01.865
Event sent to agent      a3 obligation(makeReading(8, 6), 879, reduce_400(a3))
Event processed adoptObligation(makeReading(8, 6), 879, reduce_400(a3))
from/for agent a3  reading(position(8, 6))
Reading [id=null, agent=a3, cell=Cell [x=8, y=6], time=null, value=null, clock=null]
got reading: Reading [id=null, agent=a3, cell=Cell [x=8, y=6], time=2013-06-12 15:18:48.248, value=0.0, clock=0]
Organization notifies agent (write): Prohibition [agent=a1, prohibition=[reading(8, 6, a1)], sanction=[reduce_300(a1)], clock=0, time=2013-06-12 15:31:02.69]
agent prohibition notification a1 number 26
Organization notifies agent (write): Prohibition [agent=a2, prohibition=[reading(8, 6, a2)], sanction=[reduce_300(a2)], clock=0, time=2013-06-12 15:31:02.905]
Prohibition [agent=a1, prohibition=null, sanction=null, clock=null, time=null] 2013-06-12 15:30:16.842 - 2013-06-12 15:31:02.692
agent prohibition notification a2 number 26
Event sent to agent      a1 prohibition(reading(8, 6, a1), reduce_300(a1))
Event processed aprohibition(reading(8, 6, a1), reduce_300(a1))
Organization notifies agent (write): Prohibition [agent=a3, prohibition=[reading(8, 6, a3)], sanction=[reduce_300(a3)], clock=0, time=2013-06-12 15:31:03.125]
agent prohibition notification a3 number 26
Prohibition [agent=a2, prohibition=null, sanction=null, clock=null, time=null] 2013-06-12 15:30:17.056 - 2013-06-12 15:31:02.91
Event sent to agent      a2 prohibition(reading(8, 6, a2), reduce_300(a2))
Event processed aprohibition(reading(8, 6, a2), reduce_300(a2))
Prohibition [agent=a3, prohibition=null, sanction=null, clock=null, time=null] 2013-06-12 15:30:17.276 - 2013-06-12 15:31:03.127
Event sent to agent      a3 prohibition(reading(8, 6, a3), reduce_300(a3))
Event processed aprohibition(reading(8, 6, a3), reduce_300(a3))
