test2.
Service Registrar: 97502479-e0b5-4722-97d2-073f4f32200b
Java Space found.
TransactionManager found.
-------------------------last log tuples start--------------------------------
Time [clock=1, time=2013-06-12 15:48:11.969]
Time [clock=2, time=2013-06-12 15:48:12.522]
Time [clock=3, time=2013-06-12 15:48:13.529]
Time [clock=4, time=2013-06-12 15:48:14.524]
Time [clock=5, time=2013-06-12 15:48:15.545]
Time [clock=6, time=2013-06-12 15:48:16.528]
Time [clock=7, time=2013-06-12 15:48:17.53]
Time [clock=8, time=2013-06-12 15:48:18.53]
Position [agent=a1, id=null, cell=Cell [x=3, y=4], time=2013-06-12 15:48:16.85, clock=5]
Time [clock=9, time=2013-06-12 15:48:19.532]
Time [clock=10, time=2013-06-12 15:48:20.531]
Time [clock=11, time=2013-06-12 15:48:21.536]
Time [clock=12, time=2013-06-12 15:48:22.531]
Time [clock=13, time=2013-06-12 15:48:23.532]
Position [agent=a2, id=null, cell=Cell [x=7, y=19], time=2013-06-12 15:48:17.476, clock=6]
Time [clock=14, time=2013-06-12 15:48:24.533]
Time [clock=15, time=2013-06-12 15:48:25.532]
Time [clock=16, time=2013-06-12 15:48:26.538]
Time [clock=17, time=2013-06-12 15:48:27.536]
Time [clock=18, time=2013-06-12 15:48:28.577]
Time [clock=19, time=2013-06-12 15:48:29.54]
Time [clock=20, time=2013-06-12 15:48:30.537]
Position [agent=a1, id=null, cell=Cell [x=3, y=5], time=2013-06-12 15:48:18.011, clock=6]
Time [clock=21, time=2013-06-12 15:48:31.538]
Time [clock=22, time=2013-06-12 15:48:32.541]
Time [clock=23, time=2013-06-12 15:48:33.541]
Time [clock=24, time=2013-06-12 15:48:34.541]
Time [clock=25, time=2013-06-12 15:48:35.542]
Time [clock=26, time=2013-06-12 15:48:36.546]
Time [clock=27, time=2013-06-12 15:48:37.543]
Time [clock=28, time=2013-06-12 15:48:38.544]
Time [clock=29, time=2013-06-12 15:48:39.545]
Time [clock=30, time=2013-06-12 15:48:40.545]
Position [agent=a3, id=null, cell=Cell [x=11, y=2], time=2013-06-12 15:48:18.343, clock=7]
Time [clock=31, time=2013-06-12 15:48:41.545]
Time [clock=32, time=2013-06-12 15:48:42.546]
Position [agent=a2, id=null, cell=Cell [x=6, y=19], time=2013-06-12 15:48:18.506, clock=7]
Time [clock=33, time=2013-06-12 15:48:43.546]
Time [clock=34, time=2013-06-12 15:48:44.551]
Time [clock=35, time=2013-06-12 15:48:45.548]
Time [clock=36, time=2013-06-12 15:48:46.591]
Time [clock=37, time=2013-06-12 15:48:47.551]
Position [agent=a1, id=null, cell=Cell [x=4, y=5], time=2013-06-12 15:48:19.238, clock=8]
Time [clock=38, time=2013-06-12 15:48:48.551]
Time [clock=39, time=2013-06-12 15:48:49.552]
Time [clock=40, time=2013-06-12 15:48:50.553]
Time [clock=41, time=2013-06-12 15:48:51.554]
Time [clock=42, time=2013-06-12 15:48:52.558]
Time [clock=43, time=2013-06-12 15:48:53.56]
Time [clock=44, time=2013-06-12 15:48:54.557]
Time [clock=45, time=2013-06-12 15:48:55.56]
Time [clock=46, time=2013-06-12 15:48:56.56]
Time [clock=47, time=2013-06-12 15:48:57.561]
Time [clock=48, time=2013-06-12 15:48:58.561]
Time [clock=49, time=2013-06-12 15:48:59.563]
Time [clock=50, time=2013-06-12 15:49:00.564]
Time [clock=51, time=2013-06-12 15:49:01.564]
Time [clock=52, time=2013-06-12 15:49:02.563]
Time [clock=53, time=2013-06-12 15:49:03.607]
Time [clock=54, time=2013-06-12 15:49:04.565]
Time [clock=55, time=2013-06-12 15:49:05.566]
Time [clock=56, time=2013-06-12 15:49:06.567]
Time [clock=57, time=2013-06-12 15:49:07.568]
Time [clock=58, time=2013-06-12 15:49:08.569]
Time [clock=59, time=2013-06-12 15:49:09.569]
Time [clock=60, time=2013-06-12 15:49:10.57]
Time [clock=61, time=2013-06-12 15:49:11.571]
Position [agent=a2, id=null, cell=Cell [x=5, y=19], time=2013-06-12 15:48:19.573, clock=8]
Time [clock=62, time=2013-06-12 15:49:12.571]
Time [clock=63, time=2013-06-12 15:49:13.572]
Time [clock=64, time=2013-06-12 15:49:14.574]
Time [clock=65, time=2013-06-12 15:49:15.573]
Time [clock=66, time=2013-06-12 15:49:16.575]
Time [clock=67, time=2013-06-12 15:49:17.575]
Time [clock=68, time=2013-06-12 15:49:18.575]
Time [clock=69, time=2013-06-12 15:49:19.577]
Time [clock=70, time=2013-06-12 15:49:20.618]
Time [clock=71, time=2013-06-12 15:49:21.578]
Position [agent=a3, id=null, cell=Cell [x=11, y=3], time=2013-06-12 15:48:19.738, clock=8]
Time [clock=72, time=2013-06-12 15:49:22.579]
Time [clock=73, time=2013-06-12 15:49:23.581]
Position [agent=a1, id=null, cell=Cell [x=5, y=5], time=2013-06-12 15:48:20.289, clock=9]
Time [clock=74, time=2013-06-12 15:49:24.581]
Time [clock=75, time=2013-06-12 15:49:25.583]
Time [clock=76, time=2013-06-12 15:49:26.584]
Time [clock=77, time=2013-06-12 15:49:27.584]
Time [clock=78, time=2013-06-12 15:49:28.584]
Time [clock=79, time=2013-06-12 15:49:29.584]
Time [clock=80, time=2013-06-12 15:49:30.584]
Time [clock=81, time=2013-06-12 15:49:31.587]
Time [clock=82, time=2013-06-12 15:49:32.587]
Time [clock=83, time=2013-06-12 15:49:33.587]
Time [clock=84, time=2013-06-12 15:49:34.59]
Time [clock=85, time=2013-06-12 15:49:35.591]
Time [clock=86, time=2013-06-12 15:49:36.591]
Time [clock=87, time=2013-06-12 15:49:37.635]
Time [clock=88, time=2013-06-12 15:49:38.592]
Time [clock=89, time=2013-06-12 15:49:39.592]
Position [agent=a2, id=null, cell=Cell [x=4, y=19], time=2013-06-12 15:48:20.562, clock=9]
Time [clock=90, time=2013-06-12 15:49:40.596]
Position [agent=a3, id=null, cell=Cell [x=11, y=4], time=2013-06-12 15:48:21.073, clock=9]
Time [clock=91, time=2013-06-12 15:49:41.596]
Time [clock=92, time=2013-06-12 15:49:42.595]
Time [clock=93, time=2013-06-12 15:49:43.597]
Time [clock=94, time=2013-06-12 15:49:44.598]
Position [agent=a2, id=null, cell=Cell [x=3, y=19], time=2013-06-12 15:48:21.669, clock=10]
Time [clock=95, time=2013-06-12 15:49:45.598]
Time [clock=96, time=2013-06-12 15:49:46.598]
Time [clock=97, time=2013-06-12 15:49:47.598]
Time [clock=98, time=2013-06-12 15:49:48.6]
Time [clock=99, time=2013-06-12 15:49:49.602]
Time [clock=100, time=2013-06-12 15:49:50.603]
Time [clock=101, time=2013-06-12 15:49:51.603]
Time [clock=102, time=2013-06-12 15:49:52.604]
Time [clock=103, time=2013-06-12 15:49:53.644]
Time [clock=104, time=2013-06-12 15:49:54.61]
Position [agent=a3, id=null, cell=Cell [x=11, y=5], time=2013-06-12 15:48:21.99, clock=11]
Time [clock=105, time=2013-06-12 15:49:55.606]
Time [clock=106, time=2013-06-12 15:49:56.608]
Time [clock=107, time=2013-06-12 15:49:57.61]
Time [clock=108, time=2013-06-12 15:49:58.609]
Time [clock=109, time=2013-06-12 15:49:59.61]
Position [agent=a2, id=null, cell=Cell [x=3, y=18], time=2013-06-12 15:48:22.431, clock=11]
Time [clock=110, time=2013-06-12 15:50:00.612]
Time [clock=111, time=2013-06-12 15:50:01.613]
Time [clock=112, time=2013-06-12 15:50:02.613]
Time [clock=113, time=2013-06-12 15:50:03.613]
Time [clock=114, time=2013-06-12 15:50:04.614]
Time [clock=115, time=2013-06-12 15:50:05.614]
Time [clock=116, time=2013-06-12 15:50:06.617]
Position [agent=a3, id=null, cell=Cell [x=11, y=6], time=2013-06-12 15:48:22.711, clock=11]
Position [agent=a2, id=null, cell=Cell [x=3, y=17], time=2013-06-12 15:48:23.142, clock=12]
Time [clock=117, time=2013-06-12 15:50:07.624]
Time [clock=118, time=2013-06-12 15:50:08.617]
Time [clock=119, time=2013-06-12 15:50:09.617]
Time [clock=120, time=2013-06-12 15:50:10.659]
Position [agent=a3, id=null, cell=Cell [x=11, y=7], time=2013-06-12 15:48:23.418, clock=12]
Time [clock=121, time=2013-06-12 15:50:11.619]
Time [clock=122, time=2013-06-12 15:50:12.62]
Time [clock=123, time=2013-06-12 15:50:13.62]
Position [agent=a2, id=null, cell=Cell [x=3, y=16], time=2013-06-12 15:48:23.982, clock=13]
Position [agent=a3, id=null, cell=Cell [x=11, y=8], time=2013-06-12 15:48:24.282, clock=13]
Time [clock=124, time=2013-06-12 15:50:14.621]
Time [clock=125, time=2013-06-12 15:50:15.622]
Time [clock=126, time=2013-06-12 15:50:16.625]
Time [clock=127, time=2013-06-12 15:50:17.623]
Position [agent=a2, id=null, cell=Cell [x=3, y=15], time=2013-06-12 15:48:24.664, clock=13]
Time [clock=128, time=2013-06-12 15:50:18.627]
Time [clock=129, time=2013-06-12 15:50:19.626]
Time [clock=130, time=2013-06-12 15:50:20.626]
Time [clock=131, time=2013-06-12 15:50:21.627]
Time [clock=132, time=2013-06-12 15:50:22.629]
Time [clock=133, time=2013-06-12 15:50:23.63]
Time [clock=134, time=2013-06-12 15:50:24.631]
Position [agent=a3, id=null, cell=Cell [x=11, y=9], time=2013-06-12 15:48:25.024, clock=14]
Time [clock=135, time=2013-06-12 15:50:25.632]
Time [clock=136, time=2013-06-12 15:50:26.634]
Time [clock=137, time=2013-06-12 15:50:27.674]
Time [clock=138, time=2013-06-12 15:50:28.635]
Position [agent=a2, id=null, cell=Cell [x=3, y=14], time=2013-06-12 15:48:25.423, clock=14]
Time [clock=139, time=2013-06-12 15:50:29.635]
Time [clock=140, time=2013-06-12 15:50:30.634]
Time [clock=141, time=2013-06-12 15:50:31.635]
Time [clock=142, time=2013-06-12 15:50:32.635]
Time [clock=143, time=2013-06-12 15:50:33.637]
Time [clock=144, time=2013-06-12 15:50:34.638]
Time [clock=145, time=2013-06-12 15:50:35.639]
Time [clock=146, time=2013-06-12 15:50:36.64]
Time [clock=147, time=2013-06-12 15:50:37.64]
Time [clock=148, time=2013-06-12 15:50:38.641]
Time [clock=149, time=2013-06-12 15:50:39.641]
Time [clock=150, time=2013-06-12 15:50:40.643]
Time [clock=151, time=2013-06-12 15:50:41.644]
Time [clock=152, time=2013-06-12 15:50:42.644]
Time [clock=153, time=2013-06-12 15:50:43.646]
Time [clock=154, time=2013-06-12 15:50:44.688]
Time [clock=155, time=2013-06-12 15:50:45.649]
Time [clock=156, time=2013-06-12 15:50:46.65]
Time [clock=157, time=2013-06-12 15:50:47.65]
Time [clock=158, time=2013-06-12 15:50:48.652]
Time [clock=159, time=2013-06-12 15:50:49.652]
Time [clock=160, time=2013-06-12 15:50:50.653]
Time [clock=161, time=2013-06-12 15:50:51.655]
Position [agent=a3, id=null, cell=Cell [x=11, y=10], time=2013-06-12 15:48:25.772, clock=14]
Time [clock=162, time=2013-06-12 15:50:52.654]
Time [clock=163, time=2013-06-12 15:50:53.703]
Time [clock=164, time=2013-06-12 15:50:54.656]
Time [clock=165, time=2013-06-12 15:50:55.656]
Time [clock=166, time=2013-06-12 15:50:56.659]
Position [agent=a2, id=null, cell=Cell [x=3, y=13], time=2013-06-12 15:48:26.192, clock=15]
Time [clock=167, time=2013-06-12 15:50:57.66]
Time [clock=168, time=2013-06-12 15:50:58.66]
Time [clock=169, time=2013-06-12 15:50:59.661]
Time [clock=170, time=2013-06-12 15:51:00.661]
Time [clock=171, time=2013-06-12 15:51:01.663]
Time [clock=172, time=2013-06-12 15:51:02.71]
Time [clock=173, time=2013-06-12 15:51:03.896]
Time [clock=174, time=2013-06-12 15:51:04.692]
Time [clock=175, time=2013-06-12 15:51:05.693]
Time [clock=176, time=2013-06-12 15:51:06.692]
Time [clock=177, time=2013-06-12 15:51:07.694]
Time [clock=178, time=2013-06-12 15:51:09.08]
Time [clock=179, time=2013-06-12 15:51:09.694]
Position [agent=a3, id=null, cell=Cell [x=11, y=11], time=2013-06-12 15:48:26.643, clock=15]
Position [agent=a2, id=null, cell=Cell [x=3, y=12], time=2013-06-12 15:48:26.987, clock=16]
Time [clock=180, time=2013-06-12 15:51:10.695]
Time [clock=181, time=2013-06-12 15:51:11.697]
Time [clock=182, time=2013-06-12 15:51:12.698]
Time [clock=183, time=2013-06-12 15:51:13.698]
Time [clock=184, time=2013-06-12 15:51:14.698]
Time [clock=185, time=2013-06-12 15:51:15.7]
Time [clock=186, time=2013-06-12 15:51:16.701]
Time [clock=187, time=2013-06-12 15:51:17.701]
Time [clock=188, time=2013-06-12 15:51:18.834]
Time [clock=189, time=2013-06-12 15:51:19.702]
Time [clock=190, time=2013-06-12 15:51:20.744]
Time [clock=191, time=2013-06-12 15:51:21.704]
Time [clock=192, time=2013-06-12 15:51:22.704]
Time [clock=193, time=2013-06-12 15:51:23.706]
Time [clock=194, time=2013-06-12 15:51:24.706]
Time [clock=195, time=2013-06-12 15:51:25.707]
Time [clock=196, time=2013-06-12 15:51:26.724]
Time [clock=197, time=2013-06-12 15:51:27.709]
Time [clock=198, time=2013-06-12 15:51:28.71]
Time [clock=199, time=2013-06-12 15:51:29.71]
Position [agent=a3, id=null, cell=Cell [x=11, y=12], time=2013-06-12 15:48:27.484, clock=16]
Position [agent=a2, id=null, cell=Cell [x=3, y=11], time=2013-06-12 15:48:27.757, clock=16]
Time [clock=200, time=2013-06-12 15:51:30.71]
Time [clock=201, time=2013-06-12 15:51:31.711]
Time [clock=202, time=2013-06-12 15:51:32.712]
Time [clock=203, time=2013-06-12 15:51:33.713]
Position [agent=a3, id=null, cell=Cell [x=11, y=13], time=2013-06-12 15:48:28.381, clock=17]
Time [clock=204, time=2013-06-12 15:51:34.715]
Time [clock=205, time=2013-06-12 15:51:35.988]
Time [clock=206, time=2013-06-12 15:51:36.757]
Time [clock=207, time=2013-06-12 15:51:37.717]
Position [agent=a2, id=null, cell=Cell [x=3, y=10], time=2013-06-12 15:48:28.687, clock=17]
Time [clock=208, time=2013-06-12 15:51:38.717]
Time [clock=209, time=2013-06-12 15:51:39.718]
Time [clock=210, time=2013-06-12 15:51:40.719]
Position [agent=a3, id=null, cell=Cell [x=11, y=14], time=2013-06-12 15:48:29.307, clock=18]
Time [clock=211, time=2013-06-12 15:51:41.719]
Time [clock=212, time=2013-06-12 15:51:42.719]
Position [agent=a2, id=null, cell=Cell [x=3, y=9], time=2013-06-12 15:48:29.644, clock=18]
Time [clock=213, time=2013-06-12 15:51:43.721]
Time [clock=214, time=2013-06-12 15:51:44.721]
Time [clock=215, time=2013-06-12 15:51:45.723]
Time [clock=216, time=2013-06-12 15:51:46.726]
Time [clock=217, time=2013-06-12 15:51:47.726]
Time [clock=218, time=2013-06-12 15:51:48.727]
Time [clock=219, time=2013-06-12 15:51:49.727]
Time [clock=220, time=2013-06-12 15:51:50.729]
Time [clock=221, time=2013-06-12 15:51:51.73]
Time [clock=222, time=2013-06-12 15:51:52.771]
Time [clock=223, time=2013-06-12 15:51:53.732]
Time [clock=224, time=2013-06-12 15:51:54.732]
Time [clock=225, time=2013-06-12 15:51:55.734]
Time [clock=226, time=2013-06-12 15:51:56.735]
Time [clock=227, time=2013-06-12 15:51:57.736]
Time [clock=228, time=2013-06-12 15:51:58.737]
Position [agent=a3, id=null, cell=Cell [x=11, y=15], time=2013-06-12 15:48:30.162, clock=19]
Time [clock=229, time=2013-06-12 15:51:59.738]
Time [clock=230, time=2013-06-12 15:52:00.737]
Time [clock=231, time=2013-06-12 15:52:01.738]
Time [clock=232, time=2013-06-12 15:52:02.739]
Time [clock=233, time=2013-06-12 15:52:03.74]
Time [clock=234, time=2013-06-12 15:52:04.742]
Time [clock=235, time=2013-06-12 15:52:05.743]
Time [clock=236, time=2013-06-12 15:52:06.745]
Time [clock=237, time=2013-06-12 15:52:07.744]
Time [clock=238, time=2013-06-12 15:52:08.788]
Time [clock=239, time=2013-06-12 15:52:09.749]
Time [clock=240, time=2013-06-12 15:52:10.748]
Time [clock=241, time=2013-06-12 15:52:11.75]
Time [clock=242, time=2013-06-12 15:52:12.816]
Position [agent=a2, id=null, cell=Cell [x=3, y=8], time=2013-06-12 15:48:30.449, clock=19]
Time [clock=243, time=2013-06-12 15:52:13.749]
Time [clock=244, time=2013-06-12 15:52:14.751]
Position [agent=a3, id=null, cell=Cell [x=11, y=16], time=2013-06-12 15:48:31.009, clock=20]
Time [clock=245, time=2013-06-12 15:52:15.752]
Position [agent=a2, id=null, cell=Cell [x=3, y=7], time=2013-06-12 15:48:31.482, clock=20]
Time [clock=246, time=2013-06-12 15:52:16.758]
Time [clock=247, time=2013-06-12 15:52:17.755]
Time [clock=248, time=2013-06-12 15:52:18.757]
Time [clock=249, time=2013-06-12 15:52:19.757]
Time [clock=250, time=2013-06-12 15:52:20.759]
Time [clock=251, time=2013-06-12 15:52:21.759]
Time [clock=252, time=2013-06-12 15:52:22.76]
Time [clock=253, time=2013-06-12 15:52:23.763]
Time [clock=254, time=2013-06-12 15:52:24.761]
Time [clock=255, time=2013-06-12 15:52:25.803]
Time [clock=256, time=2013-06-12 15:52:26.764]
Position [agent=a3, id=null, cell=Cell [x=11, y=17], time=2013-06-12 15:48:31.791, clock=20]
Position [agent=a2, id=null, cell=Cell [x=3, y=6], time=2013-06-12 15:48:32.168, clock=21]
Position [agent=a3, id=null, cell=Cell [x=11, y=18], time=2013-06-12 15:48:32.503, clock=21]
Time [clock=257, time=2013-06-12 15:52:27.764]
Time [clock=258, time=2013-06-12 15:52:28.765]
Time [clock=259, time=2013-06-12 15:52:29.766]
Time [clock=260, time=2013-06-12 15:52:30.767]
Position [agent=a3, id=null, cell=Cell [x=11, y=19], time=2013-06-12 15:48:33.254, clock=22]
Time [clock=261, time=2013-06-12 15:52:31.768]
Time [clock=262, time=2013-06-12 15:52:32.768]
Time [clock=263, time=2013-06-12 15:52:33.769]
Time [clock=264, time=2013-06-12 15:52:34.769]
Time [clock=265, time=2013-06-12 15:52:35.769]
Position [agent=a3, id=null, cell=Cell [x=12, y=19], time=2013-06-12 15:48:33.963, clock=23]
Time [clock=266, time=2013-06-12 15:52:36.77]
Position [agent=a3, id=null, cell=Cell [x=13, y=19], time=2013-06-12 15:48:34.663, clock=23]
Time [clock=267, time=2013-06-12 15:52:37.77]
Time [clock=268, time=2013-06-12 15:52:38.772]
Time [clock=269, time=2013-06-12 15:52:39.773]
Time [clock=270, time=2013-06-12 15:52:40.774]
Time [clock=271, time=2013-06-12 15:52:41.816]
Time [clock=272, time=2013-06-12 15:52:42.776]
ActionRequest [id=null, agent=a3, type=reading, cell=Cell [x=11, y=1], clock=0, time=2013-06-12 15:48:14.944]
ActionRequest [id=null, agent=a2, type=reading, cell=Cell [x=8, y=19], clock=0, time=2013-06-12 15:48:14.97]
Obligation [agent=a1, obligation=[makeReading(8, 6)], sanction=[reduce_400(a1)], deadline=51, time=2013-06-12 15:48:36.959, clock=0]
ActionRequest [id=null, agent=a1, type=reading, cell=Cell [x=5, y=5], clock=0, time=2013-06-12 15:48:20.775]
Position [agent=a3, id=null, cell=Cell [x=14, y=19], time=2013-06-12 15:48:35.447, clock=24]
Points [agent=a1, time=2013-06-12 15:48:11.754, clock=0, value=1000, id=null]
Position [agent=a3, id=null, cell=Cell [x=15, y=19], time=2013-06-12 15:48:36.147, clock=25]
Points [agent=a2, time=2013-06-12 15:48:11.767, clock=0, value=1000, id=null]
Obligation [agent=a1, obligation=[makeReading(16, 16)], sanction=[reduce_400(a1)], deadline=51, time=2013-06-12 15:48:37.212, clock=0]
Obligation [agent=a1, obligation=[makeReading(2, 2)], sanction=[reduce_400(a1)], deadline=51, time=2013-06-12 15:48:37.653, clock=0]
Points [agent=a3, time=2013-06-12 15:48:11.775, clock=0, value=1000, id=null]
Position [agent=a3, id=null, cell=Cell [x=16, y=19], time=2013-06-12 15:48:36.956, clock=26]
Coin [id=null, cell=Cell [x=8, y=6], agent=a1, time=2013-06-12 15:48:16.048, clock=4]
Obligation [agent=a2, obligation=[makeReading(8, 6)], sanction=[reduce_400(a2)], deadline=51, time=2013-06-12 15:48:37.863, clock=0]
Obligation [agent=a2, obligation=[makeReading(16, 16)], sanction=[reduce_400(a2)], deadline=51, time=2013-06-12 15:48:38.307, clock=0]
Position [agent=a3, id=null, cell=Cell [x=17, y=19], time=2013-06-12 15:48:37.669, clock=26]
Obligation [agent=a2, obligation=[makeReading(2, 2)], sanction=[reduce_400(a2)], deadline=51, time=2013-06-12 15:48:38.514, clock=0]
Position [agent=a3, id=null, cell=Cell [x=18, y=19], time=2013-06-12 15:48:38.304, clock=27]
Prohibition [agent=t1, prohibition=[at(5, 5, t1)], sanction=[reduce_300(t1)], clock=0, time=2013-06-12 15:48:14.21]
Reading [id=null, agent=a2, cell=Cell [x=8, y=19], time=2013-06-12 15:48:15.327, value=0.0, clock=0]
Coin [id=null, cell=Cell [x=16, y=16], agent=a2, time=2013-06-12 15:48:17.258, clock=6]
Prohibition [agent=t1, prohibition=[at(5, 6, t1)], sanction=[reduce_300(t1)], clock=0, time=2013-06-12 15:48:14.214]
Position [agent=a3, id=null, cell=Cell [x=19, y=19], time=2013-06-12 15:48:38.951, clock=28]
Obligation [agent=a3, obligation=[makeReading(8, 6)], sanction=[reduce_400(a3)], deadline=51, time=2013-06-12 15:48:38.961, clock=0]
Reading [id=null, agent=a3, cell=Cell [x=11, y=1], time=2013-06-12 15:48:15.389, value=0.0, clock=0]
Obligation [agent=a3, obligation=[makeReading(16, 16)], sanction=[reduce_400(a3)], deadline=51, time=2013-06-12 15:48:39.168, clock=0]
Coin [id=null, cell=Cell [x=2, y=2], agent=a3, time=2013-06-12 15:48:18.553, clock=7]
Obligation [agent=a3, obligation=[makeReading(2, 2)], sanction=[reduce_400(a3)], deadline=51, time=2013-06-12 15:48:39.374, clock=0]
Points [agent=c1, time=2013-06-12 15:48:11.782, clock=0, value=1000, id=null]
Points [agent=t1, time=2013-06-12 15:48:11.784, clock=0, value=1000, id=null]
Prohibition [agent=t1, prohibition=[at(6, 5, t1)], sanction=[reduce_300(t1)], clock=0, time=2013-06-12 15:48:14.215]
Obligation [agent=a1, obligation=[makeReading(8, 6)], sanction=[reduce_400(a1)], deadline=139, time=2013-06-12 15:49:40.786, clock=0]
Prohibition [agent=t1, prohibition=[at(6, 6, t1)], sanction=[reduce_300(t1)], clock=0, time=2013-06-12 15:48:14.217]
Obligation [agent=a1, obligation=[makeReading(16, 16)], sanction=[reduce_400(a1)], deadline=139, time=2013-06-12 15:49:40.992, clock=0]
Obligation [agent=a1, obligation=[makeReading(2, 2)], sanction=[reduce_400(a1)], deadline=139, time=2013-06-12 15:49:41.199, clock=0]
Obligation [agent=a2, obligation=[makeReading(8, 6)], sanction=[reduce_400(a2)], deadline=139, time=2013-06-12 15:49:41.404, clock=0]
Prohibition [agent=c1, prohibition=[coin(5, 5, a1)], sanction=[reduce_300(c1)], clock=0, time=2013-06-12 15:48:14.423]
Prohibition [agent=c1, prohibition=[coin(5, 6, a1)], sanction=[reduce_300(c1)], clock=0, time=2013-06-12 15:48:14.424]
Prohibition [agent=c1, prohibition=[coin(6, 5, a1)], sanction=[reduce_300(c1)], clock=0, time=2013-06-12 15:48:14.425]
Obligation [agent=a2, obligation=[makeReading(16, 16)], sanction=[reduce_400(a2)], deadline=139, time=2013-06-12 15:49:41.609, clock=0]
Obligation [agent=a2, obligation=[makeReading(2, 2)], sanction=[reduce_400(a2)], deadline=139, time=2013-06-12 15:49:41.815, clock=0]
Prohibition [agent=c1, prohibition=[coin(6, 6, a1)], sanction=[reduce_300(c1)], clock=0, time=2013-06-12 15:48:14.426]
Obligation [agent=a3, obligation=[makeReading(8, 6)], sanction=[reduce_400(a3)], deadline=139, time=2013-06-12 15:49:42.019, clock=0]
Obligation [agent=a3, obligation=[makeReading(16, 16)], sanction=[reduce_400(a3)], deadline=139, time=2013-06-12 15:49:42.225, clock=0]
Prohibition [agent=c1, prohibition=[coin(5, 5, a2)], sanction=[reduce_300(c1)], clock=0, time=2013-06-12 15:48:14.428]
Obligation [agent=a3, obligation=[makeReading(2, 2)], sanction=[reduce_400(a3)], deadline=139, time=2013-06-12 15:49:42.43, clock=0]
Prohibition [agent=c1, prohibition=[coin(5, 6, a2)], sanction=[reduce_300(c1)], clock=0, time=2013-06-12 15:48:14.429]
Obligation [agent=a1, obligation=[makeReading(8, 6)], sanction=[reduce_400(a1)], deadline=220, time=2013-06-12 15:51:01.277, clock=0]
Prohibition [agent=c1, prohibition=[coin(6, 5, a2)], sanction=[reduce_300(c1)], clock=0, time=2013-06-12 15:48:14.431]
Obligation [agent=a1, obligation=[makeReading(16, 16)], sanction=[reduce_400(a1)], deadline=220, time=2013-06-12 15:51:01.484, clock=0]
Obligation [agent=a1, obligation=[makeReading(2, 2)], sanction=[reduce_400(a1)], deadline=220, time=2013-06-12 15:51:01.69, clock=0]
Obligation [agent=a2, obligation=[makeReading(8, 6)], sanction=[reduce_400(a2)], deadline=220, time=2013-06-12 15:51:01.895, clock=0]
Prohibition [agent=c1, prohibition=[coin(6, 6, a2)], sanction=[reduce_300(c1)], clock=0, time=2013-06-12 15:48:14.433]
Obligation [agent=a2, obligation=[makeReading(16, 16)], sanction=[reduce_400(a2)], deadline=220, time=2013-06-12 15:51:02.101, clock=0]
Obligation [agent=a2, obligation=[makeReading(2, 2)], sanction=[reduce_400(a2)], deadline=220, time=2013-06-12 15:51:02.308, clock=0]
Obligation [agent=a3, obligation=[makeReading(8, 6)], sanction=[reduce_400(a3)], deadline=220, time=2013-06-12 15:51:02.518, clock=0]
Prohibition [agent=c1, prohibition=[coin(5, 5, a3)], sanction=[reduce_300(c1)], clock=0, time=2013-06-12 15:48:14.435]
Prohibition [agent=c1, prohibition=[coin(5, 6, a3)], sanction=[reduce_300(c1)], clock=0, time=2013-06-12 15:48:14.437]
Obligation [agent=a3, obligation=[makeReading(16, 16)], sanction=[reduce_400(a3)], deadline=220, time=2013-06-12 15:51:02.76, clock=0]
Prohibition [agent=c1, prohibition=[coin(6, 5, a3)], sanction=[reduce_300(c1)], clock=0, time=2013-06-12 15:48:14.439]
Obligation [agent=a3, obligation=[makeReading(2, 2)], sanction=[reduce_400(a3)], deadline=220, time=2013-06-12 15:51:02.999, clock=0]
Prohibition [agent=c1, prohibition=[coin(6, 6, a3)], sanction=[reduce_300(c1)], clock=0, time=2013-06-12 15:48:14.444]
Obligation [agent=a1, obligation=[makeReading(8, 6)], sanction=[reduce_400(a1)], deadline=300, time=2013-06-12 15:52:21.888, clock=0]
Obligation [agent=a1, obligation=[makeReading(16, 16)], sanction=[reduce_400(a1)], deadline=300, time=2013-06-12 15:52:22.095, clock=0]
Obligation [agent=a1, obligation=[makeReading(2, 2)], sanction=[reduce_400(a1)], deadline=300, time=2013-06-12 15:52:22.299, clock=0]
Obligation [agent=a2, obligation=[makeReading(8, 6)], sanction=[reduce_400(a2)], deadline=300, time=2013-06-12 15:52:22.504, clock=0]
Obligation [agent=a2, obligation=[makeReading(16, 16)], sanction=[reduce_400(a2)], deadline=300, time=2013-06-12 15:52:22.71, clock=0]
Obligation [agent=a2, obligation=[makeReading(2, 2)], sanction=[reduce_400(a2)], deadline=300, time=2013-06-12 15:52:22.915, clock=0]
Obligation [agent=a3, obligation=[makeReading(8, 6)], sanction=[reduce_400(a3)], deadline=300, time=2013-06-12 15:52:23.18, clock=0]
Obligation [agent=a3, obligation=[makeReading(16, 16)], sanction=[reduce_400(a3)], deadline=300, time=2013-06-12 15:52:23.386, clock=0]
Prohibition [agent=a1, prohibition=[at(5, 5, a1)], sanction=[reduce_300(a1)], clock=0, time=2013-06-12 15:48:15.086]
Obligation [agent=a3, obligation=[makeReading(2, 2)], sanction=[reduce_400(a3)], deadline=300, time=2013-06-12 15:52:23.592, clock=0]
Prohibition [agent=a1, prohibition=[at(5, 6, a1)], sanction=[reduce_300(a1)], clock=0, time=2013-06-12 15:48:15.091]
Prohibition [agent=a1, prohibition=[at(6, 5, a1)], sanction=[reduce_300(a1)], clock=0, time=2013-06-12 15:48:15.093]
Prohibition [agent=a1, prohibition=[at(6, 6, a1)], sanction=[reduce_300(a1)], clock=0, time=2013-06-12 15:48:15.095]
Prohibition [agent=a2, prohibition=[at(5, 5, a2)], sanction=[reduce_300(a2)], clock=0, time=2013-06-12 15:48:15.102]
Prohibition [agent=a2, prohibition=[at(5, 6, a2)], sanction=[reduce_300(a2)], clock=0, time=2013-06-12 15:48:15.109]
Prohibition [agent=a2, prohibition=[at(6, 5, a2)], sanction=[reduce_300(a2)], clock=0, time=2013-06-12 15:48:15.111]
Prohibition [agent=a2, prohibition=[at(6, 6, a2)], sanction=[reduce_300(a2)], clock=0, time=2013-06-12 15:48:15.114]
Prohibition [agent=a3, prohibition=[at(5, 5, a3)], sanction=[reduce_300(a3)], clock=0, time=2013-06-12 15:48:15.115]
Prohibition [agent=a3, prohibition=[at(5, 6, a3)], sanction=[reduce_300(a3)], clock=0, time=2013-06-12 15:48:15.118]
Prohibition [agent=a3, prohibition=[at(6, 5, a3)], sanction=[reduce_300(a3)], clock=0, time=2013-06-12 15:48:15.125]
Prohibition [agent=a3, prohibition=[at(6, 6, a3)], sanction=[reduce_300(a3)], clock=0, time=2013-06-12 15:48:15.127]
Prohibition [agent=a2, prohibition=[reading(8, 19, a2)], sanction=[reduce_300(a2)], clock=0, time=2013-06-12 15:48:40.017]
Prohibition [agent=a3, prohibition=[reading(11, 1, a3)], sanction=[reduce_300(a3)], clock=0, time=2013-06-12 15:48:40.224]
Prohibition [agent=a2, prohibition=[reading(8, 19, a2)], sanction=[reduce_300(a2)], clock=0, time=2013-06-12 15:49:43.045]
Prohibition [agent=a3, prohibition=[reading(11, 1, a3)], sanction=[reduce_300(a3)], clock=0, time=2013-06-12 15:49:43.25]
Prohibition [agent=a1, prohibition=[at(5, 5, a1)], sanction=[reduce_300(a1)], clock=0, time=2013-06-12 15:49:43.251]
Prohibition [agent=a2, prohibition=[reading(8, 19, a2)], sanction=[reduce_300(a2)], clock=0, time=2013-06-12 15:51:03.619]
Prohibition [agent=a3, prohibition=[reading(11, 1, a3)], sanction=[reduce_300(a3)], clock=0, time=2013-06-12 15:51:03.824]
Prohibition [agent=a1, prohibition=[at(5, 5, a1)], sanction=[reduce_300(a1)], clock=0, time=2013-06-12 15:51:03.825]
Prohibition [agent=a2, prohibition=[reading(8, 19, a2)], sanction=[reduce_300(a2)], clock=0, time=2013-06-12 15:52:24.207]
Prohibition [agent=a3, prohibition=[reading(11, 1, a3)], sanction=[reduce_300(a3)], clock=0, time=2013-06-12 15:52:24.413]
Prohibition [agent=a1, prohibition=[at(5, 5, a1)], sanction=[reduce_300(a1)], clock=0, time=2013-06-12 15:52:24.414]
-------------------------last log tuples end----------------------------------
register a1
register a2
register a3
register c1
register t1
from/for agent a2  reading(position(8, 19))
Reading [id=null, agent=a2, cell=Cell [x=8, y=19], time=null, value=null, clock=null]
from/for agent a3  reading(position(11, 1))
Reading [id=null, agent=a3, cell=Cell [x=11, y=1], time=null, value=null, clock=null]
org coin notification
org position notification
Organization notifies agent (write): Obligation [agent=a1, obligation=[makeReading(8, 6)], sanction=[reduce_400(a1)], deadline=50, time=2013-06-12 15:57:07.486, clock=0]
agent obligation notification a1 number 1
Obligation [agent=a1, obligation=null, sanction=null, deadline=null, time=null, clock=null] 1970-01-01 01:00:00.0 - 2013-06-12 15:57:07.492
Event sent to agent      a1 obligation(makeReading(8, 6), 50, reduce_400(a1))
org coin notification
Event processed adoptObligation(makeReading(8, 6), 50, reduce_400(a1))
Organization notifies agent (write): Obligation [agent=a2, obligation=[makeReading(8, 6)], sanction=[reduce_400(a2)], deadline=50, time=2013-06-12 15:57:08.557, clock=0]
agent obligation notification a2 number 1
Obligation [agent=a2, obligation=null, sanction=null, deadline=null, time=null, clock=null] 1970-01-01 01:00:00.0 - 2013-06-12 15:57:08.561
Event sent to agent      a2 obligation(makeReading(8, 6), 50, reduce_400(a2))
Organization notifies agent (write): Obligation [agent=a2, obligation=[makeReading(16, 16)], sanction=[reduce_400(a2)], deadline=50, time=2013-06-12 15:57:08.972, clock=0]
agent obligation notification a2 number 2
org coin notification
Obligation [agent=a2, obligation=null, sanction=null, deadline=null, time=null, clock=null] 2013-06-12 15:57:08.561 - 2013-06-12 15:57:08.982
Event sent to agent      a2 obligation(makeReading(16, 16), 50, reduce_400(a2))
Organization notifies agent (write): Obligation [agent=a2, obligation=[makeReading(2, 2)], sanction=[reduce_400(a2)], deadline=50, time=2013-06-12 15:57:09.386, clock=0]
agent obligation notification a2 number 3
Organization notifies agent (write): Obligation [agent=a3, obligation=[makeReading(8, 6)], sanction=[reduce_400(a3)], deadline=50, time=2013-06-12 15:57:09.609, clock=0]
Obligation [agent=a2, obligation=null, sanction=null, deadline=null, time=null, clock=null] 2013-06-12 15:57:08.982 - 2013-06-12 15:57:09.399
Event sent to agent      a2 obligation(makeReading(2, 2), 50, reduce_400(a2))
agent obligation notification a3 number 1
Organization notifies agent (write): Obligation [agent=a3, obligation=[makeReading(16, 16)], sanction=[reduce_400(a3)], deadline=50, time=2013-06-12 15:57:09.825, clock=0]
Obligation [agent=a3, obligation=null, sanction=null, deadline=null, time=null, clock=null] 1970-01-01 01:00:00.0 - 2013-06-12 15:57:09.618
Event sent to agent      a3 obligation(makeReading(8, 6), 50, reduce_400(a3))
agent obligation notification a3 number 2
Obligation [agent=a3, obligation=null, sanction=null, deadline=null, time=null, clock=null] 2013-06-12 15:57:09.618 - 2013-06-12 15:57:09.83
Event sent to agent      a3 obligation(makeReading(16, 16), 50, reduce_400(a3))
Organization notifies agent (write): Obligation [agent=a3, obligation=[makeReading(2, 2)], sanction=[reduce_400(a3)], deadline=50, time=2013-06-12 15:57:10.236, clock=0]
Organization notifies agent (write): Prohibition [agent=t1, prohibition=[at(5, 5, t1)], sanction=[reduce_300(t1)], clock=0, time=2013-06-12 15:57:10.24]
agent obligation notification a3 number 3
Organization notifies agent (write): Prohibition [agent=t1, prohibition=[at(5, 6, t1)], sanction=[reduce_300(t1)], clock=0, time=2013-06-12 15:57:10.244]
agent prohibition notification t1 number 1
Organization notifies agent (write): Prohibition [agent=t1, prohibition=[at(6, 5, t1)], sanction=[reduce_300(t1)], clock=0, time=2013-06-12 15:57:10.248]
Organization notifies agent (write): Prohibition [agent=t1, prohibition=[at(6, 6, t1)], sanction=[reduce_300(t1)], clock=0, time=2013-06-12 15:57:10.251]
Obligation [agent=a3, obligation=null, sanction=null, deadline=null, time=null, clock=null] 2013-06-12 15:57:09.83 - 2013-06-12 15:57:10.243
Event sent to agent      a3 obligation(makeReading(2, 2), 50, reduce_400(a3))
Prohibition [agent=t1, prohibition=null, sanction=null, clock=null, time=null] 1970-01-01 01:00:00.0 - 2013-06-12 15:57:10.246
Event sent to agent      t1 prohibition(at(5, 5, t1), reduce_300(t1))
Event sent to agent      t1 prohibition(at(5, 6, t1), reduce_300(t1))
agent prohibition notification t1 number 4
Event processed aprohibition(at(5, 5, t1), reduce_300(t1))
Event processed aprohibition(at(5, 6, t1), reduce_300(t1))
Organization notifies agent (write): Prohibition [agent=c1, prohibition=[coin(5, 5, a1)], sanction=[reduce_300(c1)], clock=0, time=2013-06-12 15:57:10.54]
Organization notifies agent (write): Prohibition [agent=c1, prohibition=[coin(5, 6, a1)], sanction=[reduce_300(c1)], clock=0, time=2013-06-12 15:57:10.542]
agent prohibition notification c1 number 1
Organization notifies agent (write): Prohibition [agent=c1, prohibition=[coin(6, 5, a1)], sanction=[reduce_300(c1)], clock=0, time=2013-06-12 15:57:10.544]
Organization notifies agent (write): Prohibition [agent=c1, prohibition=[coin(6, 6, a1)], sanction=[reduce_300(c1)], clock=0, time=2013-06-12 15:57:10.546]
Organization notifies agent (write): Prohibition [agent=c1, prohibition=[coin(5, 5, a2)], sanction=[reduce_300(c1)], clock=0, time=2013-06-12 15:57:10.548]
Organization notifies agent (write): Prohibition [agent=c1, prohibition=[coin(5, 6, a2)], sanction=[reduce_300(c1)], clock=0, time=2013-06-12 15:57:10.55]
Organization notifies agent (write): Prohibition [agent=c1, prohibition=[coin(6, 5, a2)], sanction=[reduce_300(c1)], clock=0, time=2013-06-12 15:57:10.555]
Organization notifies agent (write): Prohibition [agent=c1, prohibition=[coin(6, 6, a2)], sanction=[reduce_300(c1)], clock=0, time=2013-06-12 15:57:10.557]
Organization notifies agent (write): Prohibition [agent=c1, prohibition=[coin(5, 5, a3)], sanction=[reduce_300(c1)], clock=0, time=2013-06-12 15:57:10.559]
Organization notifies agent (write): Prohibition [agent=c1, prohibition=[coin(5, 6, a3)], sanction=[reduce_300(c1)], clock=0, time=2013-06-12 15:57:10.563]
Organization notifies agent (write): Prohibition [agent=c1, prohibition=[coin(6, 5, a3)], sanction=[reduce_300(c1)], clock=0, time=2013-06-12 15:57:10.567]
Organization notifies agent (write): Prohibition [agent=c1, prohibition=[coin(6, 6, a3)], sanction=[reduce_300(c1)], clock=0, time=2013-06-12 15:57:10.569]
Prohibition [agent=t1, prohibition=null, sanction=null, clock=null, time=null] 2013-06-12 15:57:10.246 - 2013-06-12 15:57:10.471
Event sent to agent      t1 prohibition(at(6, 5, t1), reduce_300(t1))
Event sent to agent      t1 prohibition(at(6, 6, t1), reduce_300(t1))
Event processed aprohibition(at(6, 5, t1), reduce_300(t1))
Event processed aprohibition(at(6, 6, t1), reduce_300(t1))
from/for agent a1  reading(position(5, 5))
Reading [id=null, agent=a1, cell=Cell [x=5, y=5], time=null, value=null, clock=null]
Prohibition [agent=c1, prohibition=null, sanction=null, clock=null, time=null] 1970-01-01 01:00:00.0 - 2013-06-12 15:57:10.544
Event sent to agent      c1 prohibition(coin(5, 5, a1), reduce_300(c1))
Event sent to agent      c1 prohibition(coin(5, 6, a1), reduce_300(c1))
agent prohibition notification c1 number 12
Event processed aprohibition(coin(5, 5, a1), reduce_300(c1))
Event processed aprohibition(coin(5, 6, a1), reduce_300(c1))
Prohibition [agent=c1, prohibition=null, sanction=null, clock=null, time=null] 2013-06-12 15:57:10.544 - 2013-06-12 15:57:10.805
Event sent to agent      c1 prohibition(coin(6, 6, a1), reduce_300(c1))
Event sent to agent      c1 prohibition(coin(5, 5, a2), reduce_300(c1))
Event sent to agent      c1 prohibition(coin(5, 6, a2), reduce_300(c1))
Event sent to agent      c1 prohibition(coin(6, 5, a2), reduce_300(c1))
Event sent to agent      c1 prohibition(coin(6, 6, a2), reduce_300(c1))
Event sent to agent      c1 prohibition(coin(5, 5, a3), reduce_300(c1))
Event sent to agent      c1 prohibition(coin(5, 6, a3), reduce_300(c1))
Event sent to agent      c1 prohibition(coin(6, 5, a3), reduce_300(c1))
Event sent to agent      c1 prohibition(coin(6, 6, a3), reduce_300(c1))
Event processed aprohibition(coin(6, 6, a1), reduce_300(c1))
Event processed aprohibition(coin(5, 5, a2), reduce_300(c1))
Event processed aprohibition(coin(5, 6, a2), reduce_300(c1))
Event processed aprohibition(coin(6, 5, a2), reduce_300(c1))
Event processed aprohibition(coin(6, 6, a2), reduce_300(c1))
Event processed aprohibition(coin(5, 5, a3), reduce_300(c1))
Event processed aprohibition(coin(5, 6, a3), reduce_300(c1))
Event processed aprohibition(coin(6, 5, a3), reduce_300(c1))
Event processed aprohibition(coin(6, 6, a3), reduce_300(c1))
Organization notifies agent (write): Prohibition [agent=a1, prohibition=[at(5, 5, a1)], sanction=[reduce_300(a1)], clock=0, time=2013-06-12 15:57:11.194]
Organization notifies agent (write): Prohibition [agent=a1, prohibition=[at(5, 6, a1)], sanction=[reduce_300(a1)], clock=0, time=2013-06-12 15:57:11.196]
agent prohibition notification a1 number 1
Organization notifies agent (write): Prohibition [agent=a1, prohibition=[at(6, 5, a1)], sanction=[reduce_300(a1)], clock=0, time=2013-06-12 15:57:11.198]
Organization notifies agent (write): Prohibition [agent=a1, prohibition=[at(6, 6, a1)], sanction=[reduce_300(a1)], clock=0, time=2013-06-12 15:57:11.2]
Organization notifies agent (write): Prohibition [agent=a2, prohibition=[at(5, 5, a2)], sanction=[reduce_300(a2)], clock=0, time=2013-06-12 15:57:11.202]
Organization notifies agent (write): Prohibition [agent=a2, prohibition=[at(5, 6, a2)], sanction=[reduce_300(a2)], clock=0, time=2013-06-12 15:57:11.204]
Organization notifies agent (write): Prohibition [agent=a2, prohibition=[at(6, 5, a2)], sanction=[reduce_300(a2)], clock=0, time=2013-06-12 15:57:11.21]
Organization notifies agent (write): Prohibition [agent=a2, prohibition=[at(6, 6, a2)], sanction=[reduce_300(a2)], clock=0, time=2013-06-12 15:57:11.212]
agent prohibition notification a2 number 3
Organization notifies agent (write): Prohibition [agent=a3, prohibition=[at(5, 5, a3)], sanction=[reduce_300(a3)], clock=0, time=2013-06-12 15:57:11.214]
Organization notifies agent (write): Prohibition [agent=a3, prohibition=[at(5, 6, a3)], sanction=[reduce_300(a3)], clock=0, time=2013-06-12 15:57:11.218]
Organization notifies agent (write): Prohibition [agent=a3, prohibition=[at(6, 5, a3)], sanction=[reduce_300(a3)], clock=0, time=2013-06-12 15:57:11.22]
Organization notifies agent (write): Prohibition [agent=a3, prohibition=[at(6, 6, a3)], sanction=[reduce_300(a3)], clock=0, time=2013-06-12 15:57:11.228]
agent prohibition notification a3 number 2
Prohibition [agent=a1, prohibition=null, sanction=null, clock=null, time=null] 1970-01-01 01:00:00.0 - 2013-06-12 15:57:11.198
Event sent to agent      a1 prohibition(at(5, 5, a1), reduce_300(a1))
Event sent to agent      a1 prohibition(at(5, 6, a1), reduce_300(a1))
agent prohibition notification a1 number 4
Prohibition [agent=a2, prohibition=null, sanction=null, clock=null, time=null] 1970-01-01 01:00:00.0 - 2013-06-12 15:57:11.214
Event sent to agent      a2 prohibition(at(5, 5, a2), reduce_300(a2))
Event sent to agent      a2 prohibition(at(5, 6, a2), reduce_300(a2))
Event sent to agent      a2 prohibition(at(6, 5, a2), reduce_300(a2))
Event sent to agent      a2 prohibition(at(6, 6, a2), reduce_300(a2))
agent prohibition notification a2 number 4
Prohibition [agent=a3, prohibition=null, sanction=null, clock=null, time=null] 1970-01-01 01:00:00.0 - 2013-06-12 15:57:11.229
Event sent to agent      a3 prohibition(at(5, 5, a3), reduce_300(a3))
Event sent to agent      a3 prohibition(at(5, 6, a3), reduce_300(a3))
Event sent to agent      a3 prohibition(at(6, 5, a3), reduce_300(a3))
Event sent to agent      a3 prohibition(at(6, 6, a3), reduce_300(a3))
agent prohibition notification a3 number 4
Prohibition [agent=a1, prohibition=null, sanction=null, clock=null, time=null] 2013-06-12 15:57:11.198 - 2013-06-12 15:57:11.42
Event sent to agent      a1 prohibition(at(6, 6, a1), reduce_300(a1))
Prohibition [agent=a2, prohibition=null, sanction=null, clock=null, time=null] 2013-06-12 15:57:11.214 - 2013-06-12 15:57:11.452
Prohibition [agent=a3, prohibition=null, sanction=null, clock=null, time=null] 2013-06-12 15:57:11.229 - 2013-06-12 15:57:11.468
